<!DOCTYPE HTML PUBLIC "-//W3C//DTD HTML 4.01 Transitional//EN">
<HTML>
 <HEAD>
   <TITLE> [ImageJ-builds] Build failed in Jenkins: ImageJ1-unit-tests #154
   </TITLE>
   <LINK REL="Index" HREF="index.html" >
   <LINK REL="made" HREF="mailto:imagej-builds%40imagej.net?Subject=Re%3A%20%5BImageJ-builds%5D%20Build%20failed%20in%20Jenkins%3A%20ImageJ1-unit-tests%20%23154&In-Reply-To=%3C1576865332.237.1382389146713.JavaMail.jenkins%40dev%3E">
   <META NAME="robots" CONTENT="index,nofollow">
   <style type="text/css">
       pre {
           white-space: pre-wrap;       /* css-2.1, curent FF, Opera, Safari */
           }
   </style>
   <META http-equiv="Content-Type" content="text/html; charset=us-ascii">
   <LINK REL="Previous"  HREF="002481.html">
   <LINK REL="Next"  HREF="002532.html">
 </HEAD>
 <BODY BGCOLOR="#ffffff">
   <H1>[ImageJ-builds] Build failed in Jenkins: ImageJ1-unit-tests #154</H1>
    <B>jenkins at imagej.net</B> 
    <A HREF="mailto:imagej-builds%40imagej.net?Subject=Re%3A%20%5BImageJ-builds%5D%20Build%20failed%20in%20Jenkins%3A%20ImageJ1-unit-tests%20%23154&In-Reply-To=%3C1576865332.237.1382389146713.JavaMail.jenkins%40dev%3E"
       TITLE="[ImageJ-builds] Build failed in Jenkins: ImageJ1-unit-tests #154">jenkins at imagej.net
       </A><BR>
    <I>Mon Oct 21 15:59:06 CDT 2013</I>
    <P><UL>
        <LI>Previous message: <A HREF="002481.html">[ImageJ-builds] mail-watcher-plugin: Computer Windows marked online
</A></li>
        <LI>Next message: <A HREF="002532.html">[ImageJ-builds] Build failed in Jenkins: ImageJ1-unit-tests #155
</A></li>
         <LI> <B>Messages sorted by:</B> 
              <a href="date.html#2488">[ date ]</a>
              <a href="thread.html#2488">[ thread ]</a>
              <a href="subject.html#2488">[ subject ]</a>
              <a href="author.html#2488">[ author ]</a>
         </LI>
       </UL>
    <HR>  
<!--beginarticle-->
<PRE>See &lt;<A HREF="http://jenkins.imagej.net/job/ImageJ1-unit-tests/154/">http://jenkins.imagej.net/job/ImageJ1-unit-tests/154/</A>&gt;

------------------------------------------
Started by upstream project &quot;Synchronize-and-deploy-IJ1&quot; build number 1556
Building on master
Checkout:workspace / &lt;<A HREF="http://jenkins.imagej.net/job/ImageJ1-unit-tests/ws/">http://jenkins.imagej.net/job/ImageJ1-unit-tests/ws/</A>&gt; - <A HREF="http://imagej.net/mailman/listinfo/imagej-builds">hudson.remoting.LocalChannel at 1bcb781e</A>
Using strategy: Default
Last Built Revision: Revision 839ccaf92eae642b4da2bccff21a44b89c15876d (origin/HEAD, origin/master)
Fetching changes from 1 remote Git repository
Fetching upstream changes from <A HREF="git://github.com/imagej/ij1-tests">git://github.com/imagej/ij1-tests</A>
Seen branch in repository origin/HEAD
Seen branch in repository origin/master
Commencing build of Revision 839ccaf92eae642b4da2bccff21a44b89c15876d (origin/HEAD, origin/master)
Checking out Revision 839ccaf92eae642b4da2bccff21a44b89c15876d (origin/HEAD, origin/master)
Warning : There are multiple branch changesets here
[workspace] $ mvn clean test
[INFO] Scanning for projects...
[INFO] ------------------------------------------------------------------------
[INFO] Building ImageJ1 unit tests
[INFO]    task-segment: [clean, test]
[INFO] ------------------------------------------------------------------------
[INFO] [clean:clean {execution: default-clean}]
[INFO] Deleting /data/devel/jenkins/jobs/ImageJ1-unit-tests/workspace/target
[debug] execute contextualize
[INFO] [resources:resources {execution: default-resources}]
[INFO] Using 'UTF-8' encoding to copy filtered resources.
[INFO] skip non existing resourceDirectory /data/devel/jenkins/jobs/ImageJ1-unit-tests/workspace/src/main/resources
[INFO] artifact net.imagej:ij: checking for updates from loci.releases
[INFO] artifact net.imagej:ij: checking for updates from loci.snapshots
[INFO] snapshot loci:bio-formats:4.4-SNAPSHOT: checking for updates from imagej.releases
[INFO] snapshot loci:bio-formats:4.4-SNAPSHOT: checking for updates from imagej.snapshots
[INFO] snapshot loci:bio-formats:4.4-SNAPSHOT: checking for updates from loci.releases
[INFO] snapshot loci:bio-formats:4.4-SNAPSHOT: checking for updates from loci.snapshots
[INFO] snapshot loci:bio-formats:4.4-SNAPSHOT: checking for updates from imagej.thirdparty
[INFO] snapshot loci:bio-formats:4.4-SNAPSHOT: checking for updates from java.net
[INFO] snapshot loci:pom-scifio:4.4-SNAPSHOT: checking for updates from imagej.releases
[INFO] snapshot loci:pom-scifio:4.4-SNAPSHOT: checking for updates from imagej.snapshots
[INFO] snapshot loci:pom-scifio:4.4-SNAPSHOT: checking for updates from loci.releases
[INFO] snapshot loci:pom-scifio:4.4-SNAPSHOT: checking for updates from loci.snapshots
[INFO] snapshot loci:pom-scifio:4.4-SNAPSHOT: checking for updates from imagej.thirdparty
[INFO] snapshot loci:pom-scifio:4.4-SNAPSHOT: checking for updates from java.net
[INFO] snapshot loci:loci-common:4.4-SNAPSHOT: checking for updates from imagej.releases
[INFO] snapshot loci:loci-common:4.4-SNAPSHOT: checking for updates from imagej.snapshots
[INFO] snapshot loci:loci-common:4.4-SNAPSHOT: checking for updates from loci.releases
[INFO] snapshot loci:loci-common:4.4-SNAPSHOT: checking for updates from loci.snapshots
[INFO] snapshot loci:loci-common:4.4-SNAPSHOT: checking for updates from imagej.thirdparty
[INFO] snapshot loci:loci-common:4.4-SNAPSHOT: checking for updates from java.net
[INFO] snapshot loci:mdbtools-java:4.4-SNAPSHOT: checking for updates from imagej.releases
[INFO] snapshot loci:mdbtools-java:4.4-SNAPSHOT: checking for updates from imagej.snapshots
[INFO] snapshot loci:mdbtools-java:4.4-SNAPSHOT: checking for updates from loci.releases
[INFO] snapshot loci:mdbtools-java:4.4-SNAPSHOT: checking for updates from loci.snapshots
[INFO] snapshot loci:mdbtools-java:4.4-SNAPSHOT: checking for updates from imagej.thirdparty
[INFO] snapshot loci:mdbtools-java:4.4-SNAPSHOT: checking for updates from java.net
[INFO] snapshot loci:metakit:4.4-SNAPSHOT: checking for updates from imagej.releases
[INFO] snapshot loci:metakit:4.4-SNAPSHOT: checking for updates from imagej.snapshots
[INFO] snapshot loci:metakit:4.4-SNAPSHOT: checking for updates from loci.releases
[INFO] snapshot loci:metakit:4.4-SNAPSHOT: checking for updates from loci.snapshots
[INFO] snapshot loci:metakit:4.4-SNAPSHOT: checking for updates from imagej.thirdparty
[INFO] snapshot loci:metakit:4.4-SNAPSHOT: checking for updates from java.net
[INFO] snapshot loci:ome-xml:4.4-SNAPSHOT: checking for updates from imagej.releases
[INFO] snapshot loci:ome-xml:4.4-SNAPSHOT: checking for updates from imagej.snapshots
[INFO] snapshot loci:ome-xml:4.4-SNAPSHOT: checking for updates from loci.releases
[INFO] snapshot loci:ome-xml:4.4-SNAPSHOT: checking for updates from loci.snapshots
[INFO] snapshot loci:ome-xml:4.4-SNAPSHOT: checking for updates from imagej.thirdparty
[INFO] snapshot loci:ome-xml:4.4-SNAPSHOT: checking for updates from java.net
[INFO] snapshot loci:poi-loci:4.4-SNAPSHOT: checking for updates from imagej.releases
[INFO] snapshot loci:poi-loci:4.4-SNAPSHOT: checking for updates from imagej.snapshots
[INFO] snapshot loci:poi-loci:4.4-SNAPSHOT: checking for updates from loci.releases
[INFO] snapshot loci:poi-loci:4.4-SNAPSHOT: checking for updates from loci.snapshots
[INFO] snapshot loci:poi-loci:4.4-SNAPSHOT: checking for updates from imagej.thirdparty
[INFO] snapshot loci:poi-loci:4.4-SNAPSHOT: checking for updates from java.net
[INFO] snapshot loci:scifio:4.4-SNAPSHOT: checking for updates from imagej.releases
[INFO] snapshot loci:scifio:4.4-SNAPSHOT: checking for updates from imagej.snapshots
[INFO] snapshot loci:scifio:4.4-SNAPSHOT: checking for updates from loci.releases
[INFO] snapshot loci:scifio:4.4-SNAPSHOT: checking for updates from loci.snapshots
[INFO] snapshot loci:scifio:4.4-SNAPSHOT: checking for updates from imagej.thirdparty
[INFO] snapshot loci:scifio:4.4-SNAPSHOT: checking for updates from java.net
[INFO] snapshot loci:jai_imageio:4.4-SNAPSHOT: checking for updates from imagej.releases
[INFO] snapshot loci:jai_imageio:4.4-SNAPSHOT: checking for updates from imagej.snapshots
[INFO] snapshot loci:jai_imageio:4.4-SNAPSHOT: checking for updates from loci.releases
[INFO] snapshot loci:jai_imageio:4.4-SNAPSHOT: checking for updates from loci.snapshots
[INFO] snapshot loci:jai_imageio:4.4-SNAPSHOT: checking for updates from imagej.thirdparty
[INFO] snapshot loci:jai_imageio:4.4-SNAPSHOT: checking for updates from java.net
[INFO] snapshot loci:lwf-stubs:4.4-SNAPSHOT: checking for updates from imagej.releases
[INFO] snapshot loci:lwf-stubs:4.4-SNAPSHOT: checking for updates from imagej.snapshots
[INFO] snapshot loci:lwf-stubs:4.4-SNAPSHOT: checking for updates from loci.releases
[INFO] snapshot loci:lwf-stubs:4.4-SNAPSHOT: checking for updates from loci.snapshots
[INFO] snapshot loci:lwf-stubs:4.4-SNAPSHOT: checking for updates from imagej.thirdparty
[INFO] snapshot loci:lwf-stubs:4.4-SNAPSHOT: checking for updates from java.net
[INFO] [compiler:compile {execution: default-compile}]
[INFO] No sources to compile
[debug] execute contextualize
[INFO] [resources:testResources {execution: default-testResources}]
[INFO] Using 'UTF-8' encoding to copy filtered resources.
[INFO] Copying 28 resources
[INFO] [compiler:testCompile {execution: default-testCompile}]
[INFO] Compiling 85 source files to /data/devel/jenkins/jobs/ImageJ1-unit-tests/workspace/target/test-classes
[INFO] [surefire:test {execution: default-test}]
[INFO] Surefire report directory: /data/devel/jenkins/jobs/ImageJ1-unit-tests/workspace/target/surefire-reports

-------------------------------------------------------
 T E S T S
-------------------------------------------------------
Running ij.IJEventListenerTest
Tests run: 2, Failures: 0, Errors: 0, Skipped: 0, Time elapsed: 0.031 sec
Running ij.process.FloatProcessorTest
Tests run: 81, Failures: 0, Errors: 0, Skipped: 0, Time elapsed: 1.312 sec
Running ij.process.LUTTest
Tests run: 7, Failures: 0, Errors: 0, Skipped: 0, Time elapsed: 0.006 sec
Running ij.process.ByteProcessorTest
Tests run: 71, Failures: 0, Errors: 0, Skipped: 0, Time elapsed: 0.625 sec
Running ij.process.ShortProcessorTest
Tests run: 86, Failures: 0, Errors: 0, Skipped: 0, Time elapsed: 7.217 sec
Running ij.process.ColorProcessorTest
Tests run: 86, Failures: 0, Errors: 0, Skipped: 0, Time elapsed: 1.392 sec
Running ij.process.ImageProcessorTest
Tests run: 184, Failures: 0, Errors: 0, Skipped: 0, Time elapsed: 1.366 sec
Running ij.process.BinaryProcessorTest
Tests run: 5, Failures: 0, Errors: 0, Skipped: 0, Time elapsed: 0.124 sec
Running ij.io.DirectoryChooserTest
Tests run: 3, Failures: 0, Errors: 0, Skipped: 0, Time elapsed: 0.001 sec
Running ij.io.RandomAccessStreamTest
Tests run: 16, Failures: 0, Errors: 0, Skipped: 0, Time elapsed: 0.007 sec
Running ij.io.FileOpenerTest
Tests run: 8, Failures: 0, Errors: 0, Skipped: 0, Time elapsed: 0.56 sec
Running ij.io.BitBufferTest
Tests run: 2, Failures: 0, Errors: 0, Skipped: 0, Time elapsed: 0 sec
Running ij.io.ImageWriterTest
Tests run: 1, Failures: 0, Errors: 0, Skipped: 0, Time elapsed: 0.03 sec
Running ij.io.FileInfoTest
Tests run: 6, Failures: 0, Errors: 0, Skipped: 0, Time elapsed: 0.002 sec
Running ij.io.ImageReaderTest
java.net.MalformedURLException: no protocol: ashdjjfj
java.net.UnknownHostException: fred.joe.john.edu
java.io.FileNotFoundException: <A HREF="http://www.google.com/ooglywooglygugglychoogly.tiff">http://www.google.com/ooglywooglygugglychoogly.tiff</A>
Tests run: 16, Failures: 0, Errors: 0, Skipped: 0, Time elapsed: 1.51 sec
Running ij.CommandListenerTest
Tests run: 1, Failures: 0, Errors: 0, Skipped: 0, Time elapsed: 0 sec
Running ij.ImagePlusTest
Unsupported format or not found
This command requires an area selection
This command requires an area selection
Tests run: 125, Failures: 0, Errors: 0, Skipped: 0, Time elapsed: 0.106 sec
Running ij.VirtualStackTest
Tests run: 22, Failures: 0, Errors: 0, Skipped: 0, Time elapsed: 0.03 sec
Running ij.macro.SymbolTest
Tests run: 4, Failures: 0, Errors: 0, Skipped: 0, Time elapsed: 0.001 sec
Running ij.macro.ReturnExceptionTest
Tests run: 1, Failures: 0, Errors: 0, Skipped: 0, Time elapsed: 0 sec
Running ij.ImageListenerTest
Tests run: 1, Failures: 0, Errors: 0, Skipped: 0, Time elapsed: 0 sec
Running ij.CompositeImageTest
Tests run: 29, Failures: 0, Errors: 0, Skipped: 0, Time elapsed: 0.049 sec
Running ij.util.ToolsTest
Tests run: 13, Failures: 0, Errors: 0, Skipped: 0, Time elapsed: 0.003 sec
Running ij.util.StringSorterTest
Tests run: 1, Failures: 0, Errors: 0, Skipped: 0, Time elapsed: 0.001 sec
Running ij.UndoTest
Tests run: 1, Failures: 0, Errors: 0, Skipped: 0, Time elapsed: 0.001 sec
Running ij.ExecuterTest
Tests run: 6, Failures: 0, Errors: 0, Skipped: 0, Time elapsed: 1.005 sec
Running ij.LookUpTableTest
Tests run: 8, Failures: 0, Errors: 0, Skipped: 0, Time elapsed: 0.013 sec
Running ij.ImageStackTest
Tests run: 27, Failures: 0, Errors: 0, Skipped: 0, Time elapsed: 1.141 sec
Running ij.measure.MeasurementsTest
Tests run: 1, Failures: 0, Errors: 0, Skipped: 0, Time elapsed: 0 sec
Running ij.measure.CalibrationTest
Tests run: 35, Failures: 0, Errors: 0, Skipped: 0, Time elapsed: 0.073 sec
Running ij.measure.ResultsTableTest
Tests run: 37, Failures: 0, Errors: 0, Skipped: 0, Time elapsed: 0.682 sec
Running ij.measure.CurveFitterTest
Tests run: 24, Failures: 0, Errors: 0, Skipped: 0, Time elapsed: 0.31 sec
Running ij.measure.SplineFitterTest
Tests run: 2, Failures: 0, Errors: 0, Skipped: 0, Time elapsed: 0 sec
Running ij.gui.ArrowTest
Tests run: 13, Failures: 0, Errors: 0, Skipped: 0, Time elapsed: 0.003 sec
Running ij.gui.ProgressBarTest
Tests run: 8, Failures: 0, Errors: 0, Skipped: 0, Time elapsed: 0.002 sec
Running ij.gui.OverlayTest
Tests run: 12, Failures: 0, Errors: 0, Skipped: 0, Time elapsed: 0.003 sec
Running ij.gui.LineTest
Tests run: 16, Failures: 0, Errors: 0, Skipped: 0, Time elapsed: 0.009 sec
Running ij.gui.TrimmedButtonTest
Tests run: 1, Failures: 0, Errors: 0, Skipped: 0, Time elapsed: 0 sec
Running ij.gui.RoiTest
Tests run: 52, Failures: 0, Errors: 0, Skipped: 0, Time elapsed: 0.021 sec
Running ij.gui.WandTest
Tests run: 8, Failures: 0, Errors: 0, Skipped: 0, Time elapsed: 0.002 sec
Running ij.gui.ToolbarTest
Tests run: 1, Failures: 0, Errors: 0, Skipped: 0, Time elapsed: 0.001 sec
Running ij.gui.TextRoiTest
Tests run: 14, Failures: 0, Errors: 0, Skipped: 0, Time elapsed: 0.033 sec
Running ij.gui.PolygonRoiTest
Tests run: 24, Failures: 3, Errors: 1, Skipped: 0, Time elapsed: 0.018 sec &lt;&lt;&lt; FAILURE!
Running ij.gui.ImageRoiTest
Tests run: 5, Failures: 0, Errors: 0, Skipped: 0, Time elapsed: 0.001 sec
Running ij.gui.ProfilePlotTest
Tests run: 6, Failures: 0, Errors: 0, Skipped: 0, Time elapsed: 0.002 sec
Running ij.gui.FreehandRoiTest
Tests run: 1, Failures: 0, Errors: 0, Skipped: 0, Time elapsed: 0.001 sec
Running ij.gui.ShapeRoiTest
Tests run: 22, Failures: 0, Errors: 0, Skipped: 0, Time elapsed: 0.131 sec
Running ij.gui.OvalRoiTest
Tests run: 9, Failures: 0, Errors: 0, Skipped: 0, Time elapsed: 0.003 sec
Running ij.gui.PlotTest
Tests run: 20, Failures: 0, Errors: 0, Skipped: 0, Time elapsed: 1.151 sec
Running ij.gui.PointRoiTest
Tests run: 10, Failures: 0, Errors: 1, Skipped: 0, Time elapsed: 0.021 sec &lt;&lt;&lt; FAILURE!

Results :

Failed tests:   testGetLength(ij.gui.PolygonRoiTest): expected:&lt;1398.21248&gt; but was:&lt;1385.8022362270767&gt;
  testGetPolygon(ij.gui.PolygonRoiTest): expected:&lt;17&gt; but was:&lt;16&gt;
  testGetXandYCoordinates(ij.gui.PolygonRoiTest): arrays first differed at element [3]; expected:&lt;2&gt; but was:&lt;1&gt;

Tests in error: 
  testFitSplineInt(ij.gui.PolygonRoiTest): 0
  testSubtractPointsRoi(ij.gui.PointRoiTest): 0

Tests run: 1134, Failures: 3, Errors: 2, Skipped: 0

[INFO] ------------------------------------------------------------------------
[ERROR] BUILD FAILURE
[INFO] ------------------------------------------------------------------------
[INFO] There are test failures.

Please refer to /data/devel/jenkins/jobs/ImageJ1-unit-tests/workspace/target/surefire-reports for the individual test results.
[INFO] ------------------------------------------------------------------------
[INFO] For more information, run Maven with the -e switch
[INFO] ------------------------------------------------------------------------
[INFO] Total time: 30 seconds
[INFO] Finished at: Mon Oct 21 15:59:06 CDT 2013
[INFO] Final Memory: 31M/371M
[INFO] ------------------------------------------------------------------------
Build step 'Invoke top-level Maven targets' marked build as failure
Recording test results

</PRE>



<!--endarticle-->
    <HR>
    <P><UL>
        <!--threads-->
	<LI>Previous message: <A HREF="002481.html">[ImageJ-builds] mail-watcher-plugin: Computer Windows marked online
</A></li>
	<LI>Next message: <A HREF="002532.html">[ImageJ-builds] Build failed in Jenkins: ImageJ1-unit-tests #155
</A></li>
         <LI> <B>Messages sorted by:</B> 
              <a href="date.html#2488">[ date ]</a>
              <a href="thread.html#2488">[ thread ]</a>
              <a href="subject.html#2488">[ subject ]</a>
              <a href="author.html#2488">[ author ]</a>
         </LI>
       </UL>

<hr>
<a href="http://imagej.net/mailman/listinfo/imagej-builds">More information about the ImageJ-builds
mailing list</a><br>
</body></html>
