<!DOCTYPE HTML PUBLIC "-//W3C//DTD HTML 4.01 Transitional//EN">
<HTML>
 <HEAD>
   <TITLE> [ImageJ-builds] Build failed in Jenkins: ImageJ #5222
   </TITLE>
   <LINK REL="Index" HREF="index.html" >
   <LINK REL="made" HREF="mailto:imagej-builds%40imagej.net?Subject=Re%3A%20%5BImageJ-builds%5D%20Build%20failed%20in%20Jenkins%3A%20ImageJ%20%235222&In-Reply-To=%3C2011589033.271.1382678794663.JavaMail.jenkins%40dev%3E">
   <META NAME="robots" CONTENT="index,nofollow">
   <style type="text/css">
       pre {
           white-space: pre-wrap;       /* css-2.1, curent FF, Opera, Safari */
           }
   </style>
   <META http-equiv="Content-Type" content="text/html; charset=us-ascii">
   <LINK REL="Previous"  HREF="002521.html">
   <LINK REL="Next"  HREF="002523.html">
 </HEAD>
 <BODY BGCOLOR="#ffffff">
   <H1>[ImageJ-builds] Build failed in Jenkins: ImageJ #5222</H1>
    <B>jenkins at imagej.net</B> 
    <A HREF="mailto:imagej-builds%40imagej.net?Subject=Re%3A%20%5BImageJ-builds%5D%20Build%20failed%20in%20Jenkins%3A%20ImageJ%20%235222&In-Reply-To=%3C2011589033.271.1382678794663.JavaMail.jenkins%40dev%3E"
       TITLE="[ImageJ-builds] Build failed in Jenkins: ImageJ #5222">jenkins at imagej.net
       </A><BR>
    <I>Fri Oct 25 00:26:34 CDT 2013</I>
    <P><UL>
        <LI>Previous message: <A HREF="002521.html">[ImageJ-builds] Jenkins build is back to normal : SciJava-common	#425
</A></li>
        <LI>Next message: <A HREF="002523.html">[ImageJ-builds] Jenkins build is back to normal : ImageJ #5223
</A></li>
         <LI> <B>Messages sorted by:</B> 
              <a href="date.html#2522">[ date ]</a>
              <a href="thread.html#2522">[ thread ]</a>
              <a href="subject.html#2522">[ subject ]</a>
              <a href="author.html#2522">[ author ]</a>
         </LI>
       </UL>
    <HR>  
<!--beginarticle-->
<PRE>See &lt;<A HREF="http://jenkins.imagej.net/job/ImageJ/5222/changes">http://jenkins.imagej.net/job/ImageJ/5222/changes</A>&gt;

Changes:

[Jenkins] Bump to pom-scijava 1.94

------------------------------------------
[...truncated 470 lines...]
Note: imagej.data.threshold.IntermodesThresholdMethod indexed under org.scijava.plugin.Plugin
Note: imagej.data.threshold.RenyiEntropyThresholdMethod indexed under org.scijava.plugin.Plugin
Note: imagej.data.options.OptionsOverlay indexed under org.scijava.plugin.Plugin
Note: imagej.data.options.OptionsChannels indexed under org.scijava.plugin.Plugin
Note: imagej.data.measure.DefaultMeasurementService indexed under org.scijava.plugin.Plugin
Note: imagej.data.measure.DefaultStatisticsService indexed under org.scijava.plugin.Plugin
Note: imagej.data.sampler.DefaultSamplerService indexed under org.scijava.plugin.Plugin
Note: imagej.data.table.DefaultTableDisplay indexed under org.scijava.plugin.Plugin
SezPoz generated annotations.
[INFO] Created service: imagej.data.DefaultImgPlusService
Tests run: 2, Failures: 0, Errors: 0, Skipped: 0, Time elapsed: 1.666 sec
Running imagej.data.types.BigComplexTest
Tests run: 6, Failures: 0, Errors: 0, Skipped: 0, Time elapsed: 0.055 sec
Running imagej.data.types.PreciseFixedFloatTypeTest
Tests run: 9, Failures: 0, Errors: 0, Skipped: 0, Time elapsed: 0.06 sec
Running imagej.data.types.PreciseFixedComplexFloatTypeTest
Tests run: 2, Failures: 0, Errors: 0, Skipped: 0, Time elapsed: 0.029 sec
Running imagej.data.autoscale.ConfidenceIntervalAutoscaleMethodTest
[INFO] Created service: org.scijava.log.StderrLogService
[INFO] Created service: org.scijava.thread.DefaultThreadService
[INFO] Created service: org.scijava.event.DefaultEventService
[INFO] Found 197 plugins.
[INFO] Created service: org.scijava.plugin.DefaultPluginService
[INFO] Created service: org.scijava.object.DefaultObjectService
[INFO] Created service: imagej.data.autoscale.DefaultAutoscaleService
[INFO] Found 2 AutoscaleMethod plugins.
Tests run: 1, Failures: 0, Errors: 0, Skipped: 0, Time elapsed: 0.103 sec
Running imagej.data.ExtentsTest
Tests run: 6, Failures: 0, Errors: 0, Skipped: 0, Time elapsed: 0.004 sec
Running imagej.data.overlay.TestBinaryMaskOverlay
Tests run: 2, Failures: 0, Errors: 0, Skipped: 0, Time elapsed: 0.13 sec
Running imagej.data.display.ImageCanvasTest
[INFO] Created service: org.scijava.log.StderrLogService
[INFO] Created service: org.scijava.thread.DefaultThreadService
[INFO] Created service: org.scijava.event.DefaultEventService
[INFO] Created service: org.scijava.log.StderrLogService
[INFO] Created service: org.scijava.thread.DefaultThreadService
[INFO] Created service: org.scijava.event.DefaultEventService
[INFO] Created service: org.scijava.log.StderrLogService
[INFO] Created service: org.scijava.thread.DefaultThreadService
[INFO] Created service: org.scijava.event.DefaultEventService
[INFO] Created service: org.scijava.log.StderrLogService
[INFO] Created service: org.scijava.thread.DefaultThreadService
[INFO] Created service: org.scijava.event.DefaultEventService
[INFO] Created service: org.scijava.log.StderrLogService
[INFO] Created service: org.scijava.thread.DefaultThreadService
[INFO] Created service: org.scijava.event.DefaultEventService
Tests run: 5, Failures: 0, Errors: 0, Skipped: 0, Time elapsed: 0.203 sec
Running imagej.data.lut.LUTFinderTest
Tests run: 1, Failures: 0, Errors: 0, Skipped: 0, Time elapsed: 0.007 sec
Running imagej.data.PositionTest
Tests run: 35, Failures: 0, Errors: 0, Skipped: 0, Time elapsed: 0.023 sec
Running imagej.data.TestCursorSpeeds
[INFO] Created service: org.scijava.log.StderrLogService
[INFO] Created service: org.scijava.thread.DefaultThreadService
[INFO] Created service: org.scijava.event.DefaultEventService
[INFO] Created service: org.scijava.object.DefaultObjectService
[INFO] Found 197 plugins.
[INFO] Created service: org.scijava.plugin.DefaultPluginService
[INFO] Created service: io.scif.services.DefaultFormatService
[INFO] Found 11 DataType plugins.
[INFO] Created service: imagej.data.types.DefaultDataTypeService
[INFO] Created service: imagej.data.DefaultDatasetService
ignore - localizing cursor : elapsed time = 255
ignore - localizing cursor : elapsed time = 255
ignore - localizing cursor : elapsed time = 250
ignore - localizing cursor : elapsed time = 236
ignore - localizing cursor : elapsed time = 236
localizing cursor : elapsed time = 236
ignore - regular cursor : elapsed time = 333
ignore - regular cursor : elapsed time = 292
ignore - regular cursor : elapsed time = 289
ignore - regular cursor : elapsed time = 289
ignore - regular cursor : elapsed time = 290
regular cursor : elapsed time = 289
Tests run: 1, Failures: 0, Errors: 0, Skipped: 0, Time elapsed: 3.389 sec
Running imagej.data.table.DefaultResultsTableTest
Tests run: 1, Failures: 0, Errors: 0, Skipped: 0, Time elapsed: 0.004 sec
Running imagej.data.DatasetTest
[INFO] Created service: org.scijava.log.StderrLogService
[INFO] Created service: org.scijava.thread.DefaultThreadService
[INFO] Created service: org.scijava.event.DefaultEventService
[INFO] Created service: org.scijava.object.DefaultObjectService
[INFO] Found 197 plugins.
[INFO] Created service: org.scijava.plugin.DefaultPluginService
[INFO] Created service: io.scif.services.DefaultFormatService
[INFO] Found 11 DataType plugins.
[INFO] Created service: imagej.data.types.DefaultDataTypeService
[INFO] Created service: imagej.data.DefaultDatasetService
[INFO] Created service: org.scijava.log.StderrLogService
[INFO] Created service: org.scijava.thread.DefaultThreadService
[INFO] Created service: org.scijava.event.DefaultEventService
[INFO] Created service: org.scijava.object.DefaultObjectService
[INFO] Found 197 plugins.
[INFO] Created service: org.scijava.plugin.DefaultPluginService
[INFO] Created service: io.scif.services.DefaultFormatService
[INFO] Found 11 DataType plugins.
[INFO] Created service: imagej.data.types.DefaultDataTypeService
[INFO] Created service: imagej.data.DefaultDatasetService
Tests run: 1, Failures: 0, Errors: 0, Skipped: 0, Time elapsed: 0.068 sec

Results :

Tests run: 72, Failures: 0, Errors: 0, Skipped: 0

[INFO] [jar:jar {execution: default-jar}]
[INFO] Building jar: /data/devel/jenkins/jobs/ImageJ/workspace/core/data/target/ij-data-2.0.0-SNAPSHOT.jar
[INFO] Preparing source:jar
[WARNING] Removing: jar from forked lifecycle, to prevent recursive invocation.
[INFO] [imagej:set-rootdir {execution: set-rootdir}]
[INFO] [buildnumber:create {execution: default}]
[INFO] [source:jar {execution: default}]
[INFO] Building jar: /data/devel/jenkins/jobs/ImageJ/workspace/core/data/target/ij-data-2.0.0-SNAPSHOT-sources.jar
[INFO] [jar:test-jar {execution: default}]
[INFO] Building jar: /data/devel/jenkins/jobs/ImageJ/workspace/core/data/target/ij-data-2.0.0-SNAPSHOT-tests.jar
[INFO] [install:install {execution: default-install}]
[INFO] Installing /data/devel/jenkins/jobs/ImageJ/workspace/core/data/target/ij-data-2.0.0-SNAPSHOT.jar to /var/lib/jenkins/.m2/repository/net/imagej/ij-data/2.0.0-SNAPSHOT/ij-data-2.0.0-SNAPSHOT.jar
[INFO] Installing /data/devel/jenkins/jobs/ImageJ/workspace/core/data/target/ij-data-2.0.0-SNAPSHOT-sources.jar to /var/lib/jenkins/.m2/repository/net/imagej/ij-data/2.0.0-SNAPSHOT/ij-data-2.0.0-SNAPSHOT-sources.jar
[INFO] Installing /data/devel/jenkins/jobs/ImageJ/workspace/core/data/target/ij-data-2.0.0-SNAPSHOT-tests.jar to /var/lib/jenkins/.m2/repository/net/imagej/ij-data/2.0.0-SNAPSHOT/ij-data-2.0.0-SNAPSHOT-tests.jar
[INFO] [imagej:copy-jars {execution: copy-jars}]
[INFO] ------------------------------------------------------------------------
[INFO] Building ImageJ Core Options
[INFO]    task-segment: [clean, install]
[INFO] ------------------------------------------------------------------------
[INFO] [clean:clean {execution: default-clean}]
[INFO] [imagej:set-rootdir {execution: set-rootdir}]
[INFO] [buildnumber:create {execution: default}]
[debug] execute contextualize
[INFO] [resources:resources {execution: default-resources}]
[INFO] Using 'UTF-8' encoding to copy filtered resources.
[INFO] skip non existing resourceDirectory /data/devel/jenkins/jobs/ImageJ/workspace/core/options/src/main/resources
[INFO] [compiler:compile {execution: default-compile}]
[INFO] Compiling 17 source files to /data/devel/jenkins/jobs/ImageJ/workspace/core/options/target/classes
[debug] execute contextualize
[INFO] [resources:testResources {execution: default-testResources}]
[INFO] Using 'UTF-8' encoding to copy filtered resources.
[INFO] skip non existing resourceDirectory /data/devel/jenkins/jobs/ImageJ/workspace/core/options/src/test/resources
[INFO] [compiler:testCompile {execution: default-testCompile}]
[INFO] No sources to compile
[INFO] [surefire:test {execution: default-test}]
[INFO] No tests to run.
[INFO] Surefire report directory: /data/devel/jenkins/jobs/ImageJ/workspace/core/options/target/surefire-reports

-------------------------------------------------------
 T E S T S
-------------------------------------------------------

Results :

Tests run: 0, Failures: 0, Errors: 0, Skipped: 0

[INFO] [jar:jar {execution: default-jar}]
[INFO] Building jar: /data/devel/jenkins/jobs/ImageJ/workspace/core/options/target/ij-options-2.0.0-SNAPSHOT.jar
[INFO] Preparing source:jar
[WARNING] Removing: jar from forked lifecycle, to prevent recursive invocation.
[INFO] [imagej:set-rootdir {execution: set-rootdir}]
[INFO] [buildnumber:create {execution: default}]
[INFO] [source:jar {execution: default}]
[INFO] Building jar: /data/devel/jenkins/jobs/ImageJ/workspace/core/options/target/ij-options-2.0.0-SNAPSHOT-sources.jar
[INFO] [jar:test-jar {execution: default}]
[WARNING] JAR will be empty - no content was marked for inclusion!
[INFO] Building jar: /data/devel/jenkins/jobs/ImageJ/workspace/core/options/target/ij-options-2.0.0-SNAPSHOT-tests.jar
[INFO] [install:install {execution: default-install}]
[INFO] Installing /data/devel/jenkins/jobs/ImageJ/workspace/core/options/target/ij-options-2.0.0-SNAPSHOT.jar to /var/lib/jenkins/.m2/repository/net/imagej/ij-options/2.0.0-SNAPSHOT/ij-options-2.0.0-SNAPSHOT.jar
[INFO] Installing /data/devel/jenkins/jobs/ImageJ/workspace/core/options/target/ij-options-2.0.0-SNAPSHOT-sources.jar to /var/lib/jenkins/.m2/repository/net/imagej/ij-options/2.0.0-SNAPSHOT/ij-options-2.0.0-SNAPSHOT-sources.jar
[INFO] Installing /data/devel/jenkins/jobs/ImageJ/workspace/core/options/target/ij-options-2.0.0-SNAPSHOT-tests.jar to /var/lib/jenkins/.m2/repository/net/imagej/ij-options/2.0.0-SNAPSHOT/ij-options-2.0.0-SNAPSHOT-tests.jar
[INFO] [imagej:copy-jars {execution: copy-jars}]
[INFO] ------------------------------------------------------------------------
[INFO] Building ImageJ Updater
[INFO]    task-segment: [clean, install]
[INFO] ------------------------------------------------------------------------
[INFO] [clean:clean {execution: default-clean}]
[INFO] [imagej:set-rootdir {execution: set-rootdir}]
[INFO] [buildnumber:create {execution: default}]
[debug] execute contextualize
[INFO] [resources:resources {execution: default-resources}]
[INFO] Using 'UTF-8' encoding to copy filtered resources.
[INFO] skip non existing resourceDirectory /data/devel/jenkins/jobs/ImageJ/workspace/core/updater/src/main/resources
[INFO] [compiler:compile {execution: default-compile}]
[INFO] Compiling 51 source files to /data/devel/jenkins/jobs/ImageJ/workspace/core/updater/target/classes
[INFO] -------------------------------------------------------------
[ERROR] COMPILATION ERROR : 
[INFO] -------------------------------------------------------------
[ERROR] /data/devel/jenkins/jobs/ImageJ/workspace/core/updater/src/main/java/imagej/updater/util/StderrLogService.java:[53,7] imagej.updater.util.StderrLogService is not abstract and does not override abstract method setInfo(org.scijava.plugin.PluginInfo&lt;?&gt;) in org.scijava.plugin.HasPluginInfo
[INFO] 1 error
[INFO] -------------------------------------------------------------
[INFO] ------------------------------------------------------------------------
[ERROR] BUILD FAILURE
[INFO] ------------------------------------------------------------------------
[INFO] Compilation failure
/data/devel/jenkins/jobs/ImageJ/workspace/core/updater/src/main/java/imagej/updater/util/StderrLogService.java:[53,7] imagej.updater.util.StderrLogService is not abstract and does not override abstract method setInfo(org.scijava.plugin.PluginInfo&lt;?&gt;) in org.scijava.plugin.HasPluginInfo

[INFO] ------------------------------------------------------------------------
[INFO] For more information, run Maven with the -e switch
[INFO] ------------------------------------------------------------------------
[INFO] Total time: 23 seconds
[INFO] Finished at: Fri Oct 25 00:26:34 CDT 2013
[INFO] Final Memory: 99M/2192M
[INFO] ------------------------------------------------------------------------
Build step 'Invoke top-level Maven targets' marked build as failure
Archiving artifacts
Build step 'Groovy Postbuild' marked build as failure
Recording test results
Performance: No threshold configured for making the test unstable
Performance: No threshold configured for making the test failure
Performance: Recording JUnit reports '**/TEST-*.xml'
Performance: Parsing JUnit report file TEST-imagej.command.CommandServiceTest.xml
Performance: Parsing JUnit report file TEST-imagej.display.DisplayTest.xml
Performance: Parsing JUnit report file TEST-imagej.menu.ShadowMenuTest.xml
Performance: Parsing JUnit report file TEST-imagej.options.OptionsTest.xml
Performance: Parsing JUnit report file TEST-imagej.script.JavascriptTest.xml
Performance: Parsing JUnit report file TEST-imagej.util.ColorRGBTest.xml
Performance: Parsing JUnit report file TEST-imagej.util.PrefsTest.xml
Performance: Parsing JUnit report file TEST-imagej.util.UnitUtilsTest.xml
Performance: Parsing JUnit report file TEST-imagej.data.DatasetTest.xml
Performance: Parsing JUnit report file TEST-imagej.data.ExtentsTest.xml
Performance: Parsing JUnit report file TEST-imagej.data.PositionTest.xml
Performance: Parsing JUnit report file TEST-imagej.data.TestCursorSpeeds.xml
Performance: Parsing JUnit report file TEST-imagej.data.TestImgPlusService.xml
Performance: Parsing JUnit report file TEST-imagej.data.autoscale.ConfidenceIntervalAutoscaleMethodTest.xml
Performance: Parsing JUnit report file TEST-imagej.data.display.ImageCanvasTest.xml
Performance: Parsing JUnit report file TEST-imagej.data.lut.LUTFinderTest.xml
Performance: Parsing JUnit report file TEST-imagej.data.overlay.TestBinaryMaskOverlay.xml
Performance: Parsing JUnit report file TEST-imagej.data.table.DefaultResultsTableTest.xml
Performance: Parsing JUnit report file TEST-imagej.data.types.BigComplexTest.xml
Performance: Parsing JUnit report file TEST-imagej.data.types.PreciseFixedComplexFloatTypeTest.xml
Performance: Parsing JUnit report file TEST-imagej.data.types.PreciseFixedFloatTypeTest.xml
Performance: File TEST-imagej.command.CommandServiceTest.xml reported 0.0% of errors [SUCCESS]. Build status is: FAILURE
Performance: File TEST-imagej.display.DisplayTest.xml reported 0.0% of errors [SUCCESS]. Build status is: FAILURE
Performance: File TEST-imagej.menu.ShadowMenuTest.xml reported 0.0% of errors [SUCCESS]. Build status is: FAILURE
Performance: File TEST-imagej.options.OptionsTest.xml reported 0.0% of errors [SUCCESS]. Build status is: FAILURE
Performance: File TEST-imagej.script.JavascriptTest.xml reported 0.0% of errors [SUCCESS]. Build status is: FAILURE
Performance: File TEST-imagej.util.ColorRGBTest.xml reported 0.0% of errors [SUCCESS]. Build status is: FAILURE
Performance: File TEST-imagej.util.PrefsTest.xml reported 0.0% of errors [SUCCESS]. Build status is: FAILURE
Performance: File TEST-imagej.util.UnitUtilsTest.xml reported 0.0% of errors [SUCCESS]. Build status is: FAILURE
Performance: File TEST-imagej.data.DatasetTest.xml reported 0.0% of errors [SUCCESS]. Build status is: FAILURE
Performance: File TEST-imagej.data.ExtentsTest.xml reported 0.0% of errors [SUCCESS]. Build status is: FAILURE
Performance: File TEST-imagej.data.PositionTest.xml reported 0.0% of errors [SUCCESS]. Build status is: FAILURE
Performance: File TEST-imagej.data.TestCursorSpeeds.xml reported 0.0% of errors [SUCCESS]. Build status is: FAILURE
Performance: File TEST-imagej.data.TestImgPlusService.xml reported 0.0% of errors [SUCCESS]. Build status is: FAILURE
Performance: File TEST-imagej.data.autoscale.ConfidenceIntervalAutoscaleMethodTest.xml reported 0.0% of errors [SUCCESS]. Build status is: FAILURE
Performance: File TEST-imagej.data.display.ImageCanvasTest.xml reported 0.0% of errors [SUCCESS]. Build status is: FAILURE
Performance: File TEST-imagej.data.lut.LUTFinderTest.xml reported 0.0% of errors [SUCCESS]. Build status is: FAILURE
Performance: File TEST-imagej.data.overlay.TestBinaryMaskOverlay.xml reported 0.0% of errors [SUCCESS]. Build status is: FAILURE
Performance: File TEST-imagej.data.table.DefaultResultsTableTest.xml reported 0.0% of errors [SUCCESS]. Build status is: FAILURE
Performance: File TEST-imagej.data.types.BigComplexTest.xml reported 0.0% of errors [SUCCESS]. Build status is: FAILURE
Performance: File TEST-imagej.data.types.PreciseFixedComplexFloatTypeTest.xml reported 0.0% of errors [SUCCESS]. Build status is: FAILURE
Performance: File TEST-imagej.data.types.PreciseFixedFloatTypeTest.xml reported 0.0% of errors [SUCCESS]. Build status is: FAILURE
Failed to send e-mail to Jenkins because no e-mail address is known, and no default e-mail domain is configured

</PRE>



<!--endarticle-->
    <HR>
    <P><UL>
        <!--threads-->
	<LI>Previous message: <A HREF="002521.html">[ImageJ-builds] Jenkins build is back to normal : SciJava-common	#425
</A></li>
	<LI>Next message: <A HREF="002523.html">[ImageJ-builds] Jenkins build is back to normal : ImageJ #5223
</A></li>
         <LI> <B>Messages sorted by:</B> 
              <a href="date.html#2522">[ date ]</a>
              <a href="thread.html#2522">[ thread ]</a>
              <a href="subject.html#2522">[ subject ]</a>
              <a href="author.html#2522">[ author ]</a>
         </LI>
       </UL>

<hr>
<a href="http://imagej.net/mailman/listinfo/imagej-builds">More information about the ImageJ-builds
mailing list</a><br>
</body></html>
