<!DOCTYPE HTML PUBLIC "-//W3C//DTD HTML 4.01 Transitional//EN">
<HTML>
 <HEAD>
   <TITLE> [ImageJ-builds] Build failed in Jenkins: ImageJ #5230
   </TITLE>
   <LINK REL="Index" HREF="index.html" >
   <LINK REL="made" HREF="mailto:imagej-builds%40imagej.net?Subject=Re%3A%20%5BImageJ-builds%5D%20Build%20failed%20in%20Jenkins%3A%20ImageJ%20%235230&In-Reply-To=%3C1200523219.283.1383073008495.JavaMail.jenkins%40dev%3E">
   <META NAME="robots" CONTENT="index,nofollow">
   <style type="text/css">
       pre {
           white-space: pre-wrap;       /* css-2.1, curent FF, Opera, Safari */
           }
   </style>
   <META http-equiv="Content-Type" content="text/html; charset=us-ascii">
   <LINK REL="Previous"  HREF="002527.html">
   <LINK REL="Next"  HREF="002530.html">
 </HEAD>
 <BODY BGCOLOR="#ffffff">
   <H1>[ImageJ-builds] Build failed in Jenkins: ImageJ #5230</H1>
    <B>jenkins at imagej.net</B> 
    <A HREF="mailto:imagej-builds%40imagej.net?Subject=Re%3A%20%5BImageJ-builds%5D%20Build%20failed%20in%20Jenkins%3A%20ImageJ%20%235230&In-Reply-To=%3C1200523219.283.1383073008495.JavaMail.jenkins%40dev%3E"
       TITLE="[ImageJ-builds] Build failed in Jenkins: ImageJ #5230">jenkins at imagej.net
       </A><BR>
    <I>Tue Oct 29 13:56:48 CDT 2013</I>
    <P><UL>
        <LI>Previous message: <A HREF="002527.html">[ImageJ-builds] Jenkins build is back to normal : Windows-Fiji-launcher-with-icons &#187; Windows #746
</A></li>
        <LI>Next message: <A HREF="002530.html">[ImageJ-builds] Jenkins build is back to normal : ImageJ #5231
</A></li>
         <LI> <B>Messages sorted by:</B> 
              <a href="date.html#2528">[ date ]</a>
              <a href="thread.html#2528">[ thread ]</a>
              <a href="subject.html#2528">[ subject ]</a>
              <a href="author.html#2528">[ author ]</a>
         </LI>
       </UL>
    <HR>  
<!--beginarticle-->
<PRE>See &lt;<A HREF="http://jenkins.imagej.net/job/ImageJ/5230/changes">http://jenkins.imagej.net/job/ImageJ/5230/changes</A>&gt;

Changes:

[Barry DeZonia] Eliminate unnecessary getImgPlus() call

[Barry DeZonia] Initial implementation of Make Binary

------------------------------------------
[...truncated 1786 lines...]
[INFO] Created service: imagej.updater.core.DefaultUploaderService
[INFO] Found 2 upload mechanisms.
[INFO] Uploading 0 (removing 1) to ImageJ (file:localhost:/data/devel/jenkins/jobs/ImageJ/workspace/core/updater/target/testUpdaterWebRoot1960453712088484853/)
[INFO] Created service: org.scijava.log.StderrLogService
[INFO] Created service: org.scijava.thread.DefaultThreadService
[INFO] Created service: org.scijava.event.DefaultEventService
[INFO] Found 44 plugins.
[INFO] Created service: org.scijava.plugin.DefaultPluginService
[INFO] Created service: imagej.updater.core.DefaultUploaderService
[INFO] Found 2 upload mechanisms.
Tests run: 5, Failures: 0, Errors: 0, Skipped: 0, Time elapsed: 0.311 sec
Running imagej.updater.util.DependencyAnalyzerTest
Tests run: 1, Failures: 0, Errors: 0, Skipped: 0, Time elapsed: 0 sec

Results :

Tests run: 39, Failures: 0, Errors: 0, Skipped: 0

[INFO] [jar:jar {execution: default-jar}]
[INFO] Building jar: /data/devel/jenkins/jobs/ImageJ/workspace/core/updater/target/ij-updater-core-2.0.0-SNAPSHOT.jar
[INFO] Preparing source:jar
[WARNING] Removing: jar from forked lifecycle, to prevent recursive invocation.
[INFO] [imagej:set-rootdir {execution: set-rootdir}]
[INFO] [buildnumber:create {execution: default}]
[INFO] [source:jar {execution: default}]
[INFO] Building jar: /data/devel/jenkins/jobs/ImageJ/workspace/core/updater/target/ij-updater-core-2.0.0-SNAPSHOT-sources.jar
[INFO] [jar:test-jar {execution: default}]
[INFO] Building jar: /data/devel/jenkins/jobs/ImageJ/workspace/core/updater/target/ij-updater-core-2.0.0-SNAPSHOT-tests.jar
[INFO] [install:install {execution: default-install}]
[INFO] Installing /data/devel/jenkins/jobs/ImageJ/workspace/core/updater/target/ij-updater-core-2.0.0-SNAPSHOT.jar to /var/lib/jenkins/.m2/repository/net/imagej/ij-updater-core/2.0.0-SNAPSHOT/ij-updater-core-2.0.0-SNAPSHOT.jar
[INFO] Installing /data/devel/jenkins/jobs/ImageJ/workspace/core/updater/target/ij-updater-core-2.0.0-SNAPSHOT-sources.jar to /var/lib/jenkins/.m2/repository/net/imagej/ij-updater-core/2.0.0-SNAPSHOT/ij-updater-core-2.0.0-SNAPSHOT-sources.jar
[INFO] Installing /data/devel/jenkins/jobs/ImageJ/workspace/core/updater/target/ij-updater-core-2.0.0-SNAPSHOT-tests.jar to /var/lib/jenkins/.m2/repository/net/imagej/ij-updater-core/2.0.0-SNAPSHOT/ij-updater-core-2.0.0-SNAPSHOT-tests.jar
[INFO] [imagej:copy-jars {execution: copy-jars}]
[INFO] ------------------------------------------------------------------------
[INFO] Building ImageJ User Interface Framework
[INFO]    task-segment: [clean, install]
[INFO] ------------------------------------------------------------------------
[INFO] [clean:clean {execution: default-clean}]
[INFO] [imagej:set-rootdir {execution: set-rootdir}]
[INFO] [buildnumber:create {execution: default}]
[debug] execute contextualize
[INFO] [resources:resources {execution: default-resources}]
[INFO] Using 'UTF-8' encoding to copy filtered resources.
[INFO] skip non existing resourceDirectory /data/devel/jenkins/jobs/ImageJ/workspace/core/ui/src/main/resources
[INFO] [compiler:compile {execution: default-compile}]
[INFO] Compiling 48 source files to /data/devel/jenkins/jobs/ImageJ/workspace/core/ui/target/classes
[debug] execute contextualize
[INFO] [resources:testResources {execution: default-testResources}]
[INFO] Using 'UTF-8' encoding to copy filtered resources.
[INFO] skip non existing resourceDirectory /data/devel/jenkins/jobs/ImageJ/workspace/core/ui/src/test/resources
[INFO] [compiler:testCompile {execution: default-testCompile}]
[INFO] No sources to compile
[INFO] [surefire:test {execution: default-test}]
[INFO] No tests to run.
[INFO] Surefire report directory: /data/devel/jenkins/jobs/ImageJ/workspace/core/ui/target/surefire-reports

-------------------------------------------------------
 T E S T S
-------------------------------------------------------

Results :

Tests run: 0, Failures: 0, Errors: 0, Skipped: 0

[INFO] [jar:jar {execution: default-jar}]
[INFO] Building jar: /data/devel/jenkins/jobs/ImageJ/workspace/core/ui/target/ij-ui-2.0.0-SNAPSHOT.jar
[INFO] Preparing source:jar
[WARNING] Removing: jar from forked lifecycle, to prevent recursive invocation.
[INFO] [imagej:set-rootdir {execution: set-rootdir}]
[INFO] [buildnumber:create {execution: default}]
[INFO] [source:jar {execution: default}]
[INFO] Building jar: /data/devel/jenkins/jobs/ImageJ/workspace/core/ui/target/ij-ui-2.0.0-SNAPSHOT-sources.jar
[INFO] [jar:test-jar {execution: default}]
[WARNING] JAR will be empty - no content was marked for inclusion!
[INFO] Building jar: /data/devel/jenkins/jobs/ImageJ/workspace/core/ui/target/ij-ui-2.0.0-SNAPSHOT-tests.jar
[INFO] [install:install {execution: default-install}]
[INFO] Installing /data/devel/jenkins/jobs/ImageJ/workspace/core/ui/target/ij-ui-2.0.0-SNAPSHOT.jar to /var/lib/jenkins/.m2/repository/net/imagej/ij-ui/2.0.0-SNAPSHOT/ij-ui-2.0.0-SNAPSHOT.jar
[INFO] Installing /data/devel/jenkins/jobs/ImageJ/workspace/core/ui/target/ij-ui-2.0.0-SNAPSHOT-sources.jar to /var/lib/jenkins/.m2/repository/net/imagej/ij-ui/2.0.0-SNAPSHOT/ij-ui-2.0.0-SNAPSHOT-sources.jar
[INFO] Installing /data/devel/jenkins/jobs/ImageJ/workspace/core/ui/target/ij-ui-2.0.0-SNAPSHOT-tests.jar to /var/lib/jenkins/.m2/repository/net/imagej/ij-ui/2.0.0-SNAPSHOT/ij-ui-2.0.0-SNAPSHOT-tests.jar
[INFO] [imagej:copy-jars {execution: copy-jars}]
[INFO] ------------------------------------------------------------------------
[INFO] Building ImageJ POM: Plugins
[INFO]    task-segment: [clean, install]
[INFO] ------------------------------------------------------------------------
[INFO] [clean:clean {execution: default-clean}]
[INFO] [imagej:set-rootdir {execution: set-rootdir}]
[INFO] [buildnumber:create {execution: default}]
[INFO] [site:attach-descriptor {execution: default-attach-descriptor}]
[INFO] Preparing source:jar
[WARNING] Removing: jar from forked lifecycle, to prevent recursive invocation.
[INFO] [imagej:set-rootdir {execution: set-rootdir}]
[INFO] [buildnumber:create {execution: default}]
[INFO] [source:jar {execution: default}]
[INFO] [jar:test-jar {execution: default}]
[WARNING] JAR will be empty - no content was marked for inclusion!
[INFO] Building jar: /data/devel/jenkins/jobs/ImageJ/workspace/plugins/target/pom-ij-plugins-2.0.0-SNAPSHOT-tests.jar
[INFO] [install:install {execution: default-install}]
[INFO] Installing /data/devel/jenkins/jobs/ImageJ/workspace/plugins/pom.xml to /var/lib/jenkins/.m2/repository/net/imagej/pom-ij-plugins/2.0.0-SNAPSHOT/pom-ij-plugins-2.0.0-SNAPSHOT.pom
[INFO] Installing /data/devel/jenkins/jobs/ImageJ/workspace/plugins/target/pom-ij-plugins-2.0.0-SNAPSHOT-tests.jar to /var/lib/jenkins/.m2/repository/net/imagej/pom-ij-plugins/2.0.0-SNAPSHOT/pom-ij-plugins-2.0.0-SNAPSHOT-tests.jar
[INFO] [imagej:copy-jars {execution: copy-jars}]
[INFO] ------------------------------------------------------------------------
[INFO] Building ImageJ Plugins: Tools
[INFO]    task-segment: [clean, install]
[INFO] ------------------------------------------------------------------------
[INFO] [clean:clean {execution: default-clean}]
[INFO] [imagej:set-rootdir {execution: set-rootdir}]
[INFO] [buildnumber:create {execution: default}]
[debug] execute contextualize
[INFO] [resources:resources {execution: default-resources}]
[INFO] Using 'UTF-8' encoding to copy filtered resources.
[INFO] Copying 12 resources
[INFO] [compiler:compile {execution: default-compile}]
[INFO] Compiling 26 source files to /data/devel/jenkins/jobs/ImageJ/workspace/plugins/tools/target/classes
[debug] execute contextualize
[INFO] [resources:testResources {execution: default-testResources}]
[INFO] Using 'UTF-8' encoding to copy filtered resources.
[INFO] skip non existing resourceDirectory /data/devel/jenkins/jobs/ImageJ/workspace/plugins/tools/src/test/resources
[INFO] [compiler:testCompile {execution: default-testCompile}]
[INFO] No sources to compile
[INFO] [surefire:test {execution: default-test}]
[INFO] No tests to run.
[INFO] Surefire report directory: /data/devel/jenkins/jobs/ImageJ/workspace/plugins/tools/target/surefire-reports

-------------------------------------------------------
 T E S T S
-------------------------------------------------------

Results :

Tests run: 0, Failures: 0, Errors: 0, Skipped: 0

[INFO] [jar:jar {execution: default-jar}]
[INFO] Building jar: /data/devel/jenkins/jobs/ImageJ/workspace/plugins/tools/target/ij-tools-2.0.0-SNAPSHOT.jar
[INFO] Preparing source:jar
[WARNING] Removing: jar from forked lifecycle, to prevent recursive invocation.
[INFO] [imagej:set-rootdir {execution: set-rootdir}]
[INFO] [buildnumber:create {execution: default}]
[INFO] [source:jar {execution: default}]
[INFO] Building jar: /data/devel/jenkins/jobs/ImageJ/workspace/plugins/tools/target/ij-tools-2.0.0-SNAPSHOT-sources.jar
[INFO] [jar:test-jar {execution: default}]
[WARNING] JAR will be empty - no content was marked for inclusion!
[INFO] Building jar: /data/devel/jenkins/jobs/ImageJ/workspace/plugins/tools/target/ij-tools-2.0.0-SNAPSHOT-tests.jar
[INFO] [install:install {execution: default-install}]
[INFO] Installing /data/devel/jenkins/jobs/ImageJ/workspace/plugins/tools/target/ij-tools-2.0.0-SNAPSHOT.jar to /var/lib/jenkins/.m2/repository/net/imagej/ij-tools/2.0.0-SNAPSHOT/ij-tools-2.0.0-SNAPSHOT.jar
[INFO] Installing /data/devel/jenkins/jobs/ImageJ/workspace/plugins/tools/target/ij-tools-2.0.0-SNAPSHOT-sources.jar to /var/lib/jenkins/.m2/repository/net/imagej/ij-tools/2.0.0-SNAPSHOT/ij-tools-2.0.0-SNAPSHOT-sources.jar
[INFO] Installing /data/devel/jenkins/jobs/ImageJ/workspace/plugins/tools/target/ij-tools-2.0.0-SNAPSHOT-tests.jar to /var/lib/jenkins/.m2/repository/net/imagej/ij-tools/2.0.0-SNAPSHOT/ij-tools-2.0.0-SNAPSHOT-tests.jar
[INFO] [imagej:copy-jars {execution: copy-jars}]
[INFO] ------------------------------------------------------------------------
[INFO] Building ImageJ Plugins: Commands
[INFO]    task-segment: [clean, install]
[INFO] ------------------------------------------------------------------------
[INFO] [clean:clean {execution: default-clean}]
[INFO] [imagej:set-rootdir {execution: set-rootdir}]
[INFO] [buildnumber:create {execution: default}]
[debug] execute contextualize
[INFO] [resources:resources {execution: default-resources}]
[INFO] Using 'UTF-8' encoding to copy filtered resources.
[INFO] Copying 11 resources
[INFO] [compiler:compile {execution: default-compile}]
[INFO] Compiling 164 source files to /data/devel/jenkins/jobs/ImageJ/workspace/plugins/commands/target/classes
[INFO] -------------------------------------------------------------
[ERROR] COMPILATION ERROR : 
[INFO] -------------------------------------------------------------
[ERROR] /data/devel/jenkins/jobs/ImageJ/workspace/plugins/commands/src/main/java/imagej/core/commands/binary/MakeBinary.java:[369,52] inconvertible types
found   : net.imglib2.type.numeric.real.DoubleType
required: T
[ERROR] /data/devel/jenkins/jobs/ImageJ/workspace/plugins/commands/src/main/java/imagej/core/commands/binary/MakeBinary.java:[370,43] inconvertible types
found   : net.imglib2.type.numeric.real.DoubleType
required: T
[INFO] 2 errors 
[INFO] -------------------------------------------------------------
[INFO] ------------------------------------------------------------------------
[ERROR] BUILD FAILURE
[INFO] ------------------------------------------------------------------------
[INFO] Compilation failure

/data/devel/jenkins/jobs/ImageJ/workspace/plugins/commands/src/main/java/imagej/core/commands/binary/MakeBinary.java:[369,52] inconvertible types
found   : net.imglib2.type.numeric.real.DoubleType
required: T
/data/devel/jenkins/jobs/ImageJ/workspace/plugins/commands/src/main/java/imagej/core/commands/binary/MakeBinary.java:[370,43] inconvertible types
found   : net.imglib2.type.numeric.real.DoubleType
required: T

[INFO] ------------------------------------------------------------------------
[INFO] For more information, run Maven with the -e switch
[INFO] ------------------------------------------------------------------------
[INFO] Total time: 31 seconds
[INFO] Finished at: Tue Oct 29 13:56:47 CDT 2013
[INFO] Final Memory: 92M/2191M
[INFO] ------------------------------------------------------------------------
Build step 'Invoke top-level Maven targets' marked build as failure
Archiving artifacts
Build step 'Groovy Postbuild' marked build as failure
Recording test results
Performance: No threshold configured for making the test unstable
Performance: No threshold configured for making the test failure
Performance: Recording JUnit reports '**/TEST-*.xml'
Performance: Parsing JUnit report file TEST-imagej.command.CommandServiceTest.xml
Performance: Parsing JUnit report file TEST-imagej.display.DisplayTest.xml
Performance: Parsing JUnit report file TEST-imagej.menu.ShadowMenuTest.xml
Performance: Parsing JUnit report file TEST-imagej.options.OptionsTest.xml
Performance: Parsing JUnit report file TEST-imagej.script.JavascriptTest.xml
Performance: Parsing JUnit report file TEST-imagej.util.ColorRGBTest.xml
Performance: Parsing JUnit report file TEST-imagej.util.PrefsTest.xml
Performance: Parsing JUnit report file TEST-imagej.util.UnitUtilsTest.xml
Performance: Parsing JUnit report file TEST-imagej.data.DatasetTest.xml
Performance: Parsing JUnit report file TEST-imagej.data.ExtentsTest.xml
Performance: Parsing JUnit report file TEST-imagej.data.PositionTest.xml
Performance: Parsing JUnit report file TEST-imagej.data.TestCursorSpeeds.xml
Performance: Parsing JUnit report file TEST-imagej.data.TestImgPlusService.xml
Performance: Parsing JUnit report file TEST-imagej.data.autoscale.ConfidenceIntervalAutoscaleMethodTest.xml
Performance: Parsing JUnit report file TEST-imagej.data.display.ImageCanvasTest.xml
Performance: Parsing JUnit report file TEST-imagej.data.lut.LUTFinderTest.xml
Performance: Parsing JUnit report file TEST-imagej.data.overlay.TestBinaryMaskOverlay.xml
Performance: Parsing JUnit report file TEST-imagej.data.table.DefaultResultsTableTest.xml
Performance: Parsing JUnit report file TEST-imagej.data.types.BigComplexTest.xml
Performance: Parsing JUnit report file TEST-imagej.data.types.PreciseFixedComplexFloatTypeTest.xml
Performance: Parsing JUnit report file TEST-imagej.data.types.PreciseFixedFloatTypeTest.xml
Performance: Parsing JUnit report file TEST-imagej.updater.core.CommandLineUpdaterTest.xml
Performance: Parsing JUnit report file TEST-imagej.updater.core.CustomUploaderTest.xml
Performance: Parsing JUnit report file TEST-imagej.updater.core.LocalhostUploaderTest.xml
Performance: Parsing JUnit report file TEST-imagej.updater.core.UpdaterTest.xml
Performance: Parsing JUnit report file TEST-imagej.updater.util.DependencyAnalyzerTest.xml
Performance: File TEST-imagej.command.CommandServiceTest.xml reported 0.0% of errors [SUCCESS]. Build status is: FAILURE
Performance: File TEST-imagej.display.DisplayTest.xml reported 0.0% of errors [SUCCESS]. Build status is: FAILURE
Performance: File TEST-imagej.menu.ShadowMenuTest.xml reported 0.0% of errors [SUCCESS]. Build status is: FAILURE
Performance: File TEST-imagej.options.OptionsTest.xml reported 0.0% of errors [SUCCESS]. Build status is: FAILURE
Performance: File TEST-imagej.script.JavascriptTest.xml reported 0.0% of errors [SUCCESS]. Build status is: FAILURE
Performance: File TEST-imagej.util.ColorRGBTest.xml reported 0.0% of errors [SUCCESS]. Build status is: FAILURE
Performance: File TEST-imagej.util.PrefsTest.xml reported 0.0% of errors [SUCCESS]. Build status is: FAILURE
Performance: File TEST-imagej.util.UnitUtilsTest.xml reported 0.0% of errors [SUCCESS]. Build status is: FAILURE
Performance: File TEST-imagej.data.DatasetTest.xml reported 0.0% of errors [SUCCESS]. Build status is: FAILURE
Performance: File TEST-imagej.data.ExtentsTest.xml reported 0.0% of errors [SUCCESS]. Build status is: FAILURE
Performance: File TEST-imagej.data.PositionTest.xml reported 0.0% of errors [SUCCESS]. Build status is: FAILURE
Performance: File TEST-imagej.data.TestCursorSpeeds.xml reported 0.0% of errors [SUCCESS]. Build status is: FAILURE
Performance: File TEST-imagej.data.TestImgPlusService.xml reported 0.0% of errors [SUCCESS]. Build status is: FAILURE
Performance: File TEST-imagej.data.autoscale.ConfidenceIntervalAutoscaleMethodTest.xml reported 0.0% of errors [SUCCESS]. Build status is: FAILURE
Performance: File TEST-imagej.data.display.ImageCanvasTest.xml reported 0.0% of errors [SUCCESS]. Build status is: FAILURE
Performance: File TEST-imagej.data.lut.LUTFinderTest.xml reported 0.0% of errors [SUCCESS]. Build status is: FAILURE
Performance: File TEST-imagej.data.overlay.TestBinaryMaskOverlay.xml reported 0.0% of errors [SUCCESS]. Build status is: FAILURE
Performance: File TEST-imagej.data.table.DefaultResultsTableTest.xml reported 0.0% of errors [SUCCESS]. Build status is: FAILURE
Performance: File TEST-imagej.data.types.BigComplexTest.xml reported 0.0% of errors [SUCCESS]. Build status is: FAILURE
Performance: File TEST-imagej.data.types.PreciseFixedComplexFloatTypeTest.xml reported 0.0% of errors [SUCCESS]. Build status is: FAILURE
Performance: File TEST-imagej.data.types.PreciseFixedFloatTypeTest.xml reported 0.0% of errors [SUCCESS]. Build status is: FAILURE
Performance: File TEST-imagej.updater.core.CommandLineUpdaterTest.xml reported 0.0% of errors [SUCCESS]. Build status is: FAILURE
Performance: File TEST-imagej.updater.core.CustomUploaderTest.xml reported 0.0% of errors [SUCCESS]. Build status is: FAILURE
Performance: File TEST-imagej.updater.core.LocalhostUploaderTest.xml reported 0.0% of errors [SUCCESS]. Build status is: FAILURE
Performance: File TEST-imagej.updater.core.UpdaterTest.xml reported 0.0% of errors [SUCCESS]. Build status is: FAILURE
Performance: File TEST-imagej.updater.util.DependencyAnalyzerTest.xml reported 0.0% of errors [SUCCESS]. Build status is: FAILURE

</PRE>




<!--endarticle-->
    <HR>
    <P><UL>
        <!--threads-->
	<LI>Previous message: <A HREF="002527.html">[ImageJ-builds] Jenkins build is back to normal : Windows-Fiji-launcher-with-icons &#187; Windows #746
</A></li>
	<LI>Next message: <A HREF="002530.html">[ImageJ-builds] Jenkins build is back to normal : ImageJ #5231
</A></li>
         <LI> <B>Messages sorted by:</B> 
              <a href="date.html#2528">[ date ]</a>
              <a href="thread.html#2528">[ thread ]</a>
              <a href="subject.html#2528">[ subject ]</a>
              <a href="author.html#2528">[ author ]</a>
         </LI>
       </UL>

<hr>
<a href="http://imagej.net/mailman/listinfo/imagej-builds">More information about the ImageJ-builds
mailing list</a><br>
</body></html>
