<!DOCTYPE HTML PUBLIC "-//W3C//DTD HTML 4.01 Transitional//EN">
<HTML>
 <HEAD>
   <TITLE> [ImageJ-builds] Build failed in Jenkins: jitk-tps #11
   </TITLE>
   <LINK REL="Index" HREF="index.html" >
   <LINK REL="made" HREF="mailto:imagej-builds%40imagej.net?Subject=Re%3A%20%5BImageJ-builds%5D%20Build%20failed%20in%20Jenkins%3A%20jitk-tps%20%2311&In-Reply-To=%3C1968453199.87.1449178527135.JavaMail.jenkins%40dev%3E">
   <META NAME="robots" CONTENT="index,nofollow">
   <style type="text/css">
       pre {
           white-space: pre-wrap;       /* css-2.1, curent FF, Opera, Safari */
           }
   </style>
   <META http-equiv="Content-Type" content="text/html; charset=us-ascii">
   <LINK REL="Previous"  HREF="011693.html">
   <LINK REL="Next"  HREF="011695.html">
 </HEAD>
 <BODY BGCOLOR="#ffffff">
   <H1>[ImageJ-builds] Build failed in Jenkins: jitk-tps #11</H1>
    <B>jenkins at imagej.net</B> 
    <A HREF="mailto:imagej-builds%40imagej.net?Subject=Re%3A%20%5BImageJ-builds%5D%20Build%20failed%20in%20Jenkins%3A%20jitk-tps%20%2311&In-Reply-To=%3C1968453199.87.1449178527135.JavaMail.jenkins%40dev%3E"
       TITLE="[ImageJ-builds] Build failed in Jenkins: jitk-tps #11">jenkins at imagej.net
       </A><BR>
    <I>Thu Dec  3 15:35:27 CST 2015</I>
    <P><UL>
        <LI>Previous message: <A HREF="011693.html">[ImageJ-builds] mail-watcher-plugin: Computer Windows marked online
</A></li>
        <LI>Next message: <A HREF="011695.html">[ImageJ-builds] Jenkins build is back to normal : jitk-tps #12
</A></li>
         <LI> <B>Messages sorted by:</B> 
              <a href="date.html#11694">[ date ]</a>
              <a href="thread.html#11694">[ thread ]</a>
              <a href="subject.html#11694">[ subject ]</a>
              <a href="author.html#11694">[ author ]</a>
         </LI>
       </UL>
    <HR>  
<!--beginarticle-->
<PRE>See &lt;<A HREF="http://jenkins.imagej.net/job/jitk-tps/11/changes">http://jenkins.imagej.net/job/jitk-tps/11/changes</A>&gt;

Changes:

[bogovicj] Correct and improve the inverse estimation

------------------------------------------
Started by an SCM change
Building remotely on maven in workspace &lt;<A HREF="http://jenkins.imagej.net/job/jitk-tps/ws/">http://jenkins.imagej.net/job/jitk-tps/ws/</A>&gt;
 &gt; git rev-parse --is-inside-work-tree # timeout=10
Fetching changes from the remote Git repository
 &gt; git config remote.origin.url <A HREF="git://github.com/saalfeldlab/jitk-tps">git://github.com/saalfeldlab/jitk-tps</A> # timeout=10
Fetching upstream changes from <A HREF="git://github.com/saalfeldlab/jitk-tps">git://github.com/saalfeldlab/jitk-tps</A>
 &gt; git --version # timeout=10
 &gt; git -c core.askpass=true fetch --tags --progress <A HREF="git://github.com/saalfeldlab/jitk-tps">git://github.com/saalfeldlab/jitk-tps</A> +refs/heads/*:refs/remotes/origin/*
 &gt; git rev-parse origin/master^{commit} # timeout=10
Checking out Revision d6042ce18bd30819f95ebd23660ff0d5e3e62f72 (origin/master)
 &gt; git config core.sparsecheckout # timeout=10
 &gt; git checkout -f d6042ce18bd30819f95ebd23660ff0d5e3e62f72
 &gt; git rev-list 25d77befdfb3d53fb8c0eda60fb9e1d26fc4b396 # timeout=10
 &gt; git tag -a -f -m Jenkins Build #11 jenkins-jitk-tps-11 # timeout=10
[jitk-tps] $ /bin/sh -xe /tmp/hudson4757967140280686914.sh
+ git clean -dfx
Removing target/
[jitk-tps] $ /bin/sh -xe /tmp/hudson4900874967925342293.sh
+ mvn -U -Pdeploy-to-imagej deploy
[INFO] Scanning for projects...
[INFO]                                                                         
[INFO] ------------------------------------------------------------------------
[INFO] Building JavaITK thin plate spline 1.2.2-SNAPSHOT
[INFO] ------------------------------------------------------------------------
[INFO] 
[INFO] --- maven-enforcer-plugin:1.3.1:enforce (enforce-rules) @ jitk-tps ---
Downloading: <A HREF="http://maven.imagej.net/content/groups/public/com/sun/tools/1.4.2/tools-1.4.2.pom">http://maven.imagej.net/content/groups/public/com/sun/tools/1.4.2/tools-1.4.2.pom</A>

Downloading: <A HREF="http://repo.maven.apache.org/maven2/com/sun/tools/1.4.2/tools-1.4.2.pom">http://repo.maven.apache.org/maven2/com/sun/tools/1.4.2/tools-1.4.2.pom</A>

[INFO] Adding ignorable dependency: null:jcodings:null
[INFO]   Adding ignore: org/jcodings/*
[INFO] Adding ignorable dependency: null:jnr-constants:null
[INFO]   Adding ignore: com/kenai/constantine/*
[INFO]   Adding ignore: jnr/constants/*
[INFO] Adding ignorable dependency: null:jnr-ffi:null
[INFO]   Adding ignore: jnr/ffi/*
[INFO] Adding ignorable dependency: null:VIB-lib:null
[INFO]   Adding ignore: javax/media/j3d/
[INFO] Adding ignorable dependency: null:j3d-core:null
[INFO]   Adding ignore: javax/media/j3d/
[INFO] Adding ignorable dependency: null:joda-time:null
[INFO]   Adding ignore: *
[INFO] Adding ignorable dependency: null:slf4j-log4j12:null
[INFO]   Adding ignore: org/slf4j/impl/*
[INFO] Adding ignorable dependency: batik:batik:null
[INFO]   Adding ignore: *
[INFO] Adding ignorable dependency: jama:jama:null
[INFO]   Adding ignore: Jama/*
[INFO] Adding ignorable dependency: com.sun:tools:null
[INFO]   Adding ignore: *
[INFO] 
[INFO] --- build-helper-maven-plugin:1.9.1:regex-property (sanitize-version) @ jitk-tps ---
[INFO] 
[INFO] --- buildnumber-maven-plugin:1.3:create (default) @ jitk-tps ---
[INFO] Executing: /bin/sh -c cd /data/devel/jenkins-maven/workspace/jitk-tps &amp;&amp; git rev-parse --verify HEAD
[INFO] Working directory: /data/devel/jenkins-maven/workspace/jitk-tps
[INFO] Storing buildNumber: d6042ce18bd30819f95ebd23660ff0d5e3e62f72 at timestamp: 1449178526035
[WARNING] Cannot get the branch information from the git repository: 
Detecting the current branch failed: fatal: ref HEAD is not a symbolic ref

[INFO] Executing: /bin/sh -c cd /data/devel/jenkins-maven/workspace/jitk-tps &amp;&amp; git rev-parse --verify HEAD
[INFO] Working directory: /data/devel/jenkins-maven/workspace/jitk-tps
[INFO] Storing buildScmBranch: UNKNOWN
[INFO] 
[INFO] --- scijava-maven-plugin:0.5.0:set-rootdir (set-rootdir) @ jitk-tps ---
[INFO] Setting rootdir: /data/devel/jenkins-maven/workspace/jitk-tps
[INFO] 
[INFO] --- maven-resources-plugin:2.6:resources (default-resources) @ jitk-tps ---
[INFO] Using 'UTF-8' encoding to copy filtered resources.
[INFO] skip non existing resourceDirectory /data/devel/jenkins-maven/workspace/jitk-tps/src/main/resources
[INFO] 
[INFO] --- maven-compiler-plugin:3.1:compile (default-compile) @ jitk-tps ---
[INFO] Changes detected - recompiling the module!
[INFO] Compiling 3 source files to /data/devel/jenkins-maven/workspace/jitk-tps/target/classes
[INFO] -------------------------------------------------------------
[ERROR] COMPILATION ERROR : 
[INFO] -------------------------------------------------------------
[ERROR] /data/devel/jenkins-maven/workspace/jitk-tps/src/main/java/jitk/spline/ThinPlateR2LogRSplineKernelTransform.java:[1016,9] illegal start of expression
[ERROR] /data/devel/jenkins-maven/workspace/jitk-tps/src/main/java/jitk/spline/ThinPlateR2LogRSplineKernelTransform.java:[1016,72] ';' expected
[ERROR] /data/devel/jenkins-maven/workspace/jitk-tps/src/main/java/jitk/spline/ThinPlateR2LogRSplineKernelTransform.java:[1016,95] ';' expected
[ERROR] /data/devel/jenkins-maven/workspace/jitk-tps/src/main/java/jitk/spline/ThinPlateR2LogRSplineKernelTransform.java:[1039,9] illegal start of expression
[ERROR] /data/devel/jenkins-maven/workspace/jitk-tps/src/main/java/jitk/spline/ThinPlateR2LogRSplineKernelTransform.java:[1039,46] ';' expected
[ERROR] /data/devel/jenkins-maven/workspace/jitk-tps/src/main/java/jitk/spline/ThinPlateR2LogRSplineKernelTransform.java:[1039,70] &lt;identifier&gt; expected
[ERROR] /data/devel/jenkins-maven/workspace/jitk-tps/src/main/java/jitk/spline/ThinPlateR2LogRSplineKernelTransform.java:[1039,78] not a statement
[ERROR] /data/devel/jenkins-maven/workspace/jitk-tps/src/main/java/jitk/spline/ThinPlateR2LogRSplineKernelTransform.java:[1039,87] ';' expected
[ERROR] /data/devel/jenkins-maven/workspace/jitk-tps/src/main/java/jitk/spline/ThinPlateR2LogRSplineKernelTransform.java:[1083,9] illegal start of expression
[ERROR] /data/devel/jenkins-maven/workspace/jitk-tps/src/main/java/jitk/spline/ThinPlateR2LogRSplineKernelTransform.java:[1083,46] ';' expected
[ERROR] /data/devel/jenkins-maven/workspace/jitk-tps/src/main/java/jitk/spline/ThinPlateR2LogRSplineKernelTransform.java:[1083,63] ';' expected
[ERROR] /data/devel/jenkins-maven/workspace/jitk-tps/src/main/java/jitk/spline/ThinPlateR2LogRSplineKernelTransform.java:[1118,9] illegal start of expression
[ERROR] /data/devel/jenkins-maven/workspace/jitk-tps/src/main/java/jitk/spline/ThinPlateR2LogRSplineKernelTransform.java:[1118,30] ';' expected
[ERROR] /data/devel/jenkins-maven/workspace/jitk-tps/src/main/java/jitk/spline/ThinPlateR2LogRSplineKernelTransform.java:[1118,50] &lt;identifier&gt; expected
[ERROR] /data/devel/jenkins-maven/workspace/jitk-tps/src/main/java/jitk/spline/ThinPlateR2LogRSplineKernelTransform.java:[1118,72] &lt;identifier&gt; expected
[ERROR] /data/devel/jenkins-maven/workspace/jitk-tps/src/main/java/jitk/spline/ThinPlateR2LogRSplineKernelTransform.java:[1118,80] not a statement
[ERROR] /data/devel/jenkins-maven/workspace/jitk-tps/src/main/java/jitk/spline/ThinPlateR2LogRSplineKernelTransform.java:[1118,89] ';' expected
[ERROR] /data/devel/jenkins-maven/workspace/jitk-tps/src/main/java/jitk/spline/ThinPlateR2LogRSplineKernelTransform.java:[1118,103] ';' expected
[ERROR] /data/devel/jenkins-maven/workspace/jitk-tps/src/main/java/jitk/spline/ThinPlateR2LogRSplineKernelTransform.java:[1188,9] illegal start of expression
[ERROR] /data/devel/jenkins-maven/workspace/jitk-tps/src/main/java/jitk/spline/ThinPlateR2LogRSplineKernelTransform.java:[1188,16] illegal start of expression
[ERROR] /data/devel/jenkins-maven/workspace/jitk-tps/src/main/java/jitk/spline/ThinPlateR2LogRSplineKernelTransform.java:[1188,40] ';' expected
[ERROR] /data/devel/jenkins-maven/workspace/jitk-tps/src/main/java/jitk/spline/ThinPlateR2LogRSplineKernelTransform.java:[1188,55] &lt;identifier&gt; expected
[ERROR] /data/devel/jenkins-maven/workspace/jitk-tps/src/main/java/jitk/spline/ThinPlateR2LogRSplineKernelTransform.java:[1188,62] illegal start of expression
[ERROR] /data/devel/jenkins-maven/workspace/jitk-tps/src/main/java/jitk/spline/ThinPlateR2LogRSplineKernelTransform.java:[1188,63] ';' expected
[ERROR] /data/devel/jenkins-maven/workspace/jitk-tps/src/main/java/jitk/spline/ThinPlateR2LogRSplineKernelTransform.java:[1188,65] not a statement
[ERROR] /data/devel/jenkins-maven/workspace/jitk-tps/src/main/java/jitk/spline/ThinPlateR2LogRSplineKernelTransform.java:[1188,68] ';' expected
[ERROR] /data/devel/jenkins-maven/workspace/jitk-tps/src/main/java/jitk/spline/ThinPlateR2LogRSplineKernelTransform.java:[1196,9] illegal start of expression
[ERROR] /data/devel/jenkins-maven/workspace/jitk-tps/src/main/java/jitk/spline/ThinPlateR2LogRSplineKernelTransform.java:[1196,34] ';' expected
[ERROR] /data/devel/jenkins-maven/workspace/jitk-tps/src/main/java/jitk/spline/ThinPlateR2LogRSplineKernelTransform.java:[1201,9] illegal start of expression
[ERROR] /data/devel/jenkins-maven/workspace/jitk-tps/src/main/java/jitk/spline/ThinPlateR2LogRSplineKernelTransform.java:[1201,34] ';' expected
[ERROR] /data/devel/jenkins-maven/workspace/jitk-tps/src/main/java/jitk/spline/ThinPlateR2LogRSplineKernelTransform.java:[1211,9] illegal start of expression
[ERROR] /data/devel/jenkins-maven/workspace/jitk-tps/src/main/java/jitk/spline/ThinPlateR2LogRSplineKernelTransform.java:[1211,19] illegal start of expression
[ERROR] /data/devel/jenkins-maven/workspace/jitk-tps/src/main/java/jitk/spline/ThinPlateR2LogRSplineKernelTransform.java:[1211,41] ';' expected
[ERROR] /data/devel/jenkins-maven/workspace/jitk-tps/src/main/java/jitk/spline/ThinPlateR2LogRSplineKernelTransform.java:[1211,54] &lt;identifier&gt; expected
[ERROR] /data/devel/jenkins-maven/workspace/jitk-tps/src/main/java/jitk/spline/ThinPlateR2LogRSplineKernelTransform.java:[1211,67] &lt;identifier&gt; expected
[ERROR] /data/devel/jenkins-maven/workspace/jitk-tps/src/main/java/jitk/spline/ThinPlateR2LogRSplineKernelTransform.java:[1212,43] ';' expected
[ERROR] /data/devel/jenkins-maven/workspace/jitk-tps/src/main/java/jitk/spline/ThinPlateR2LogRSplineKernelTransform.java:[1225,9] illegal start of expression
[ERROR] /data/devel/jenkins-maven/workspace/jitk-tps/src/main/java/jitk/spline/ThinPlateR2LogRSplineKernelTransform.java:[1225,19] illegal start of expression
[ERROR] /data/devel/jenkins-maven/workspace/jitk-tps/src/main/java/jitk/spline/ThinPlateR2LogRSplineKernelTransform.java:[1225,41] ';' expected
[ERROR] /data/devel/jenkins-maven/workspace/jitk-tps/src/main/java/jitk/spline/ThinPlateR2LogRSplineKernelTransform.java:[1225,54] &lt;identifier&gt; expected
[ERROR] /data/devel/jenkins-maven/workspace/jitk-tps/src/main/java/jitk/spline/ThinPlateR2LogRSplineKernelTransform.java:[1225,73] &lt;identifier&gt; expected
[ERROR] /data/devel/jenkins-maven/workspace/jitk-tps/src/main/java/jitk/spline/ThinPlateR2LogRSplineKernelTransform.java:[1226,43] ';' expected
[ERROR] /data/devel/jenkins-maven/workspace/jitk-tps/src/main/java/jitk/spline/ThinPlateR2LogRSplineKernelTransform.java:[1232,9] illegal start of expression
[ERROR] /data/devel/jenkins-maven/workspace/jitk-tps/src/main/java/jitk/spline/ThinPlateR2LogRSplineKernelTransform.java:[1232,17] illegal start of expression
[ERROR] /data/devel/jenkins-maven/workspace/jitk-tps/src/main/java/jitk/spline/ThinPlateR2LogRSplineKernelTransform.java:[1232,23] ';' expected
[ERROR] /data/devel/jenkins-maven/workspace/jitk-tps/src/main/java/jitk/spline/ThinPlateR2LogRSplineKernelTransform.java:[1232,38] illegal start of expression
[ERROR] /data/devel/jenkins-maven/workspace/jitk-tps/src/main/java/jitk/spline/ThinPlateR2LogRSplineKernelTransform.java:[1232,43] ';' expected
[ERROR] /data/devel/jenkins-maven/workspace/jitk-tps/src/main/java/jitk/spline/ThinPlateR2LogRSplineKernelTransform.java:[1232,51] not a statement
[ERROR] /data/devel/jenkins-maven/workspace/jitk-tps/src/main/java/jitk/spline/ThinPlateR2LogRSplineKernelTransform.java:[1232,52] ';' expected
[ERROR] /data/devel/jenkins-maven/workspace/jitk-tps/src/main/java/jitk/spline/ThinPlateR2LogRSplineKernelTransform.java:[1241,2] reached end of file while parsing
[INFO] 50 errors 
[INFO] -------------------------------------------------------------
[INFO] ------------------------------------------------------------------------
[INFO] BUILD FAILURE
[INFO] ------------------------------------------------------------------------
[INFO] Total time: 5.393s
[INFO] Finished at: Thu Dec 03 15:35:26 CST 2015
[INFO] Final Memory: 15M/360M
[INFO] ------------------------------------------------------------------------
[ERROR] Failed to execute goal org.apache.maven.plugins:maven-compiler-plugin:3.1:compile (default-compile) on project jitk-tps: Compilation failure: Compilation failure:
[ERROR] /data/devel/jenkins-maven/workspace/jitk-tps/src/main/java/jitk/spline/ThinPlateR2LogRSplineKernelTransform.java:[1016,9] illegal start of expression
[ERROR] /data/devel/jenkins-maven/workspace/jitk-tps/src/main/java/jitk/spline/ThinPlateR2LogRSplineKernelTransform.java:[1016,72] ';' expected
[ERROR] /data/devel/jenkins-maven/workspace/jitk-tps/src/main/java/jitk/spline/ThinPlateR2LogRSplineKernelTransform.java:[1016,95] ';' expected
[ERROR] /data/devel/jenkins-maven/workspace/jitk-tps/src/main/java/jitk/spline/ThinPlateR2LogRSplineKernelTransform.java:[1039,9] illegal start of expression
[ERROR] /data/devel/jenkins-maven/workspace/jitk-tps/src/main/java/jitk/spline/ThinPlateR2LogRSplineKernelTransform.java:[1039,46] ';' expected
[ERROR] /data/devel/jenkins-maven/workspace/jitk-tps/src/main/java/jitk/spline/ThinPlateR2LogRSplineKernelTransform.java:[1039,70] &lt;identifier&gt; expected
[ERROR] /data/devel/jenkins-maven/workspace/jitk-tps/src/main/java/jitk/spline/ThinPlateR2LogRSplineKernelTransform.java:[1039,78] not a statement
[ERROR] /data/devel/jenkins-maven/workspace/jitk-tps/src/main/java/jitk/spline/ThinPlateR2LogRSplineKernelTransform.java:[1039,87] ';' expected
[ERROR] /data/devel/jenkins-maven/workspace/jitk-tps/src/main/java/jitk/spline/ThinPlateR2LogRSplineKernelTransform.java:[1083,9] illegal start of expression
[ERROR] /data/devel/jenkins-maven/workspace/jitk-tps/src/main/java/jitk/spline/ThinPlateR2LogRSplineKernelTransform.java:[1083,46] ';' expected
[ERROR] /data/devel/jenkins-maven/workspace/jitk-tps/src/main/java/jitk/spline/ThinPlateR2LogRSplineKernelTransform.java:[1083,63] ';' expected
[ERROR] /data/devel/jenkins-maven/workspace/jitk-tps/src/main/java/jitk/spline/ThinPlateR2LogRSplineKernelTransform.java:[1118,9] illegal start of expression
[ERROR] /data/devel/jenkins-maven/workspace/jitk-tps/src/main/java/jitk/spline/ThinPlateR2LogRSplineKernelTransform.java:[1118,30] ';' expected
[ERROR] /data/devel/jenkins-maven/workspace/jitk-tps/src/main/java/jitk/spline/ThinPlateR2LogRSplineKernelTransform.java:[1118,50] &lt;identifier&gt; expected
[ERROR] /data/devel/jenkins-maven/workspace/jitk-tps/src/main/java/jitk/spline/ThinPlateR2LogRSplineKernelTransform.java:[1118,72] &lt;identifier&gt; expected
[ERROR] /data/devel/jenkins-maven/workspace/jitk-tps/src/main/java/jitk/spline/ThinPlateR2LogRSplineKernelTransform.java:[1118,80] not a statement
[ERROR] /data/devel/jenkins-maven/workspace/jitk-tps/src/main/java/jitk/spline/ThinPlateR2LogRSplineKernelTransform.java:[1118,89] ';' expected
[ERROR] /data/devel/jenkins-maven/workspace/jitk-tps/src/main/java/jitk/spline/ThinPlateR2LogRSplineKernelTransform.java:[1118,103] ';' expected
[ERROR] /data/devel/jenkins-maven/workspace/jitk-tps/src/main/java/jitk/spline/ThinPlateR2LogRSplineKernelTransform.java:[1188,9] illegal start of expression
[ERROR] /data/devel/jenkins-maven/workspace/jitk-tps/src/main/java/jitk/spline/ThinPlateR2LogRSplineKernelTransform.java:[1188,16] illegal start of expression
[ERROR] /data/devel/jenkins-maven/workspace/jitk-tps/src/main/java/jitk/spline/ThinPlateR2LogRSplineKernelTransform.java:[1188,40] ';' expected
[ERROR] /data/devel/jenkins-maven/workspace/jitk-tps/src/main/java/jitk/spline/ThinPlateR2LogRSplineKernelTransform.java:[1188,55] &lt;identifier&gt; expected
[ERROR] /data/devel/jenkins-maven/workspace/jitk-tps/src/main/java/jitk/spline/ThinPlateR2LogRSplineKernelTransform.java:[1188,62] illegal start of expression
[ERROR] /data/devel/jenkins-maven/workspace/jitk-tps/src/main/java/jitk/spline/ThinPlateR2LogRSplineKernelTransform.java:[1188,63] ';' expected
[ERROR] /data/devel/jenkins-maven/workspace/jitk-tps/src/main/java/jitk/spline/ThinPlateR2LogRSplineKernelTransform.java:[1188,65] not a statement
[ERROR] /data/devel/jenkins-maven/workspace/jitk-tps/src/main/java/jitk/spline/ThinPlateR2LogRSplineKernelTransform.java:[1188,68] ';' expected
[ERROR] /data/devel/jenkins-maven/workspace/jitk-tps/src/main/java/jitk/spline/ThinPlateR2LogRSplineKernelTransform.java:[1196,9] illegal start of expression
[ERROR] /data/devel/jenkins-maven/workspace/jitk-tps/src/main/java/jitk/spline/ThinPlateR2LogRSplineKernelTransform.java:[1196,34] ';' expected
[ERROR] /data/devel/jenkins-maven/workspace/jitk-tps/src/main/java/jitk/spline/ThinPlateR2LogRSplineKernelTransform.java:[1201,9] illegal start of expression
[ERROR] /data/devel/jenkins-maven/workspace/jitk-tps/src/main/java/jitk/spline/ThinPlateR2LogRSplineKernelTransform.java:[1201,34] ';' expected
[ERROR] /data/devel/jenkins-maven/workspace/jitk-tps/src/main/java/jitk/spline/ThinPlateR2LogRSplineKernelTransform.java:[1211,9] illegal start of expression
[ERROR] /data/devel/jenkins-maven/workspace/jitk-tps/src/main/java/jitk/spline/ThinPlateR2LogRSplineKernelTransform.java:[1211,19] illegal start of expression
[ERROR] /data/devel/jenkins-maven/workspace/jitk-tps/src/main/java/jitk/spline/ThinPlateR2LogRSplineKernelTransform.java:[1211,41] ';' expected
[ERROR] /data/devel/jenkins-maven/workspace/jitk-tps/src/main/java/jitk/spline/ThinPlateR2LogRSplineKernelTransform.java:[1211,54] &lt;identifier&gt; expected
[ERROR] /data/devel/jenkins-maven/workspace/jitk-tps/src/main/java/jitk/spline/ThinPlateR2LogRSplineKernelTransform.java:[1211,67] &lt;identifier&gt; expected
[ERROR] /data/devel/jenkins-maven/workspace/jitk-tps/src/main/java/jitk/spline/ThinPlateR2LogRSplineKernelTransform.java:[1212,43] ';' expected
[ERROR] /data/devel/jenkins-maven/workspace/jitk-tps/src/main/java/jitk/spline/ThinPlateR2LogRSplineKernelTransform.java:[1225,9] illegal start of expression
[ERROR] /data/devel/jenkins-maven/workspace/jitk-tps/src/main/java/jitk/spline/ThinPlateR2LogRSplineKernelTransform.java:[1225,19] illegal start of expression
[ERROR] /data/devel/jenkins-maven/workspace/jitk-tps/src/main/java/jitk/spline/ThinPlateR2LogRSplineKernelTransform.java:[1225,41] ';' expected
[ERROR] /data/devel/jenkins-maven/workspace/jitk-tps/src/main/java/jitk/spline/ThinPlateR2LogRSplineKernelTransform.java:[1225,54] &lt;identifier&gt; expected
[ERROR] /data/devel/jenkins-maven/workspace/jitk-tps/src/main/java/jitk/spline/ThinPlateR2LogRSplineKernelTransform.java:[1225,73] &lt;identifier&gt; expected
[ERROR] /data/devel/jenkins-maven/workspace/jitk-tps/src/main/java/jitk/spline/ThinPlateR2LogRSplineKernelTransform.java:[1226,43] ';' expected
[ERROR] /data/devel/jenkins-maven/workspace/jitk-tps/src/main/java/jitk/spline/ThinPlateR2LogRSplineKernelTransform.java:[1232,9] illegal start of expression
[ERROR] /data/devel/jenkins-maven/workspace/jitk-tps/src/main/java/jitk/spline/ThinPlateR2LogRSplineKernelTransform.java:[1232,17] illegal start of expression
[ERROR] /data/devel/jenkins-maven/workspace/jitk-tps/src/main/java/jitk/spline/ThinPlateR2LogRSplineKernelTransform.java:[1232,23] ';' expected
[ERROR] /data/devel/jenkins-maven/workspace/jitk-tps/src/main/java/jitk/spline/ThinPlateR2LogRSplineKernelTransform.java:[1232,38] illegal start of expression
[ERROR] /data/devel/jenkins-maven/workspace/jitk-tps/src/main/java/jitk/spline/ThinPlateR2LogRSplineKernelTransform.java:[1232,43] ';' expected
[ERROR] /data/devel/jenkins-maven/workspace/jitk-tps/src/main/java/jitk/spline/ThinPlateR2LogRSplineKernelTransform.java:[1232,51] not a statement
[ERROR] /data/devel/jenkins-maven/workspace/jitk-tps/src/main/java/jitk/spline/ThinPlateR2LogRSplineKernelTransform.java:[1232,52] ';' expected
[ERROR] /data/devel/jenkins-maven/workspace/jitk-tps/src/main/java/jitk/spline/ThinPlateR2LogRSplineKernelTransform.java:[1241,2] reached end of file while parsing
[ERROR] -&gt; [Help 1]
[ERROR] 
[ERROR] To see the full stack trace of the errors, re-run Maven with the -e switch.
[ERROR] Re-run Maven using the -X switch to enable full debug logging.
[ERROR] 
[ERROR] For more information about the errors and possible solutions, please read the following articles:
[ERROR] [Help 1] <A HREF="http://cwiki.apache.org/confluence/display/MAVEN/MojoFailureException">http://cwiki.apache.org/confluence/display/MAVEN/MojoFailureException</A>
Build step 'Execute shell' marked build as failure
Archiving artifacts

</PRE>


<!--endarticle-->
    <HR>
    <P><UL>
        <!--threads-->
	<LI>Previous message: <A HREF="011693.html">[ImageJ-builds] mail-watcher-plugin: Computer Windows marked online
</A></li>
	<LI>Next message: <A HREF="011695.html">[ImageJ-builds] Jenkins build is back to normal : jitk-tps #12
</A></li>
         <LI> <B>Messages sorted by:</B> 
              <a href="date.html#11694">[ date ]</a>
              <a href="thread.html#11694">[ thread ]</a>
              <a href="subject.html#11694">[ subject ]</a>
              <a href="author.html#11694">[ author ]</a>
         </LI>
       </UL>

<hr>
<a href="http://imagej.net/mailman/listinfo/imagej-builds">More information about the ImageJ-builds
mailing list</a><br>
</body></html>
