<!DOCTYPE HTML PUBLIC "-//W3C//DTD HTML 4.01 Transitional//EN">
<HTML>
 <HEAD>
   <TITLE> [ImageJ-builds] Build failed in Jenkins: LocalThickness #12
   </TITLE>
   <LINK REL="Index" HREF="index.html" >
   <LINK REL="made" HREF="mailto:imagej-builds%40imagej.net?Subject=Re%3A%20%5BImageJ-builds%5D%20Build%20failed%20in%20Jenkins%3A%20LocalThickness%20%2312&In-Reply-To=%3C547955971.80.1449165086165.JavaMail.jenkins%40dev%3E">
   <META NAME="robots" CONTENT="index,nofollow">
   <style type="text/css">
       pre {
           white-space: pre-wrap;       /* css-2.1, curent FF, Opera, Safari */
           }
   </style>
   <META http-equiv="Content-Type" content="text/html; charset=us-ascii">
   <LINK REL="Previous"  HREF="011685.html">
   <LINK REL="Next"  HREF="011688.html">
 </HEAD>
 <BODY BGCOLOR="#ffffff">
   <H1>[ImageJ-builds] Build failed in Jenkins: LocalThickness #12</H1>
    <B>jenkins at imagej.net</B> 
    <A HREF="mailto:imagej-builds%40imagej.net?Subject=Re%3A%20%5BImageJ-builds%5D%20Build%20failed%20in%20Jenkins%3A%20LocalThickness%20%2312&In-Reply-To=%3C547955971.80.1449165086165.JavaMail.jenkins%40dev%3E"
       TITLE="[ImageJ-builds] Build failed in Jenkins: LocalThickness #12">jenkins at imagej.net
       </A><BR>
    <I>Thu Dec  3 11:51:26 CST 2015</I>
    <P><UL>
        <LI>Previous message: <A HREF="011685.html">[ImageJ-builds] mail-watcher-plugin: Computer Windows marked online
</A></li>
        <LI>Next message: <A HREF="011688.html">[ImageJ-builds] Jenkins build is back to normal : LocalThickness #13
</A></li>
         <LI> <B>Messages sorted by:</B> 
              <a href="date.html#11687">[ date ]</a>
              <a href="thread.html#11687">[ thread ]</a>
              <a href="subject.html#11687">[ subject ]</a>
              <a href="author.html#11687">[ author ]</a>
         </LI>
       </UL>
    <HR>  
<!--beginarticle-->
<PRE>See &lt;<A HREF="http://jenkins.imagej.net/job/LocalThickness/12/">http://jenkins.imagej.net/job/LocalThickness/12/</A>&gt;

------------------------------------------
Started by an SCM change
Building remotely on maven in workspace &lt;<A HREF="http://jenkins.imagej.net/job/LocalThickness/ws/">http://jenkins.imagej.net/job/LocalThickness/ws/</A>&gt;
Cloning the remote Git repository
Cloning repository <A HREF="git://github.com/fiji/LocalThickness">git://github.com/fiji/LocalThickness</A>
 &gt; git init &lt;<A HREF="http://jenkins.imagej.net/job/LocalThickness/ws/">http://jenkins.imagej.net/job/LocalThickness/ws/</A>&gt; # timeout=10
Fetching upstream changes from <A HREF="git://github.com/fiji/LocalThickness">git://github.com/fiji/LocalThickness</A>
 &gt; git --version # timeout=10
 &gt; git -c core.askpass=true fetch --tags --progress <A HREF="git://github.com/fiji/LocalThickness">git://github.com/fiji/LocalThickness</A> +refs/heads/*:refs/remotes/origin/*
 &gt; git config remote.origin.url <A HREF="git://github.com/fiji/LocalThickness">git://github.com/fiji/LocalThickness</A> # timeout=10
 &gt; git config --add remote.origin.fetch +refs/heads/*:refs/remotes/origin/* # timeout=10
 &gt; git config remote.origin.url <A HREF="git://github.com/fiji/LocalThickness">git://github.com/fiji/LocalThickness</A> # timeout=10
Fetching upstream changes from <A HREF="git://github.com/fiji/LocalThickness">git://github.com/fiji/LocalThickness</A>
 &gt; git -c core.askpass=true fetch --tags --progress <A HREF="git://github.com/fiji/LocalThickness">git://github.com/fiji/LocalThickness</A> +refs/heads/*:refs/remotes/origin/*
 &gt; git rev-parse origin/master^{commit} # timeout=10
Checking out Revision f9ac3e150c0b372c2ed6bc452ab37c756dd462aa (origin/master)
 &gt; git config core.sparsecheckout # timeout=10
 &gt; git checkout -f f9ac3e150c0b372c2ed6bc452ab37c756dd462aa
First time build. Skipping changelog.
 &gt; git tag -a -f -m Jenkins Build #12 jenkins-LocalThickness-12 # timeout=10
[LocalThickness] $ /bin/sh -xe /tmp/hudson4025473739700812345.sh
+ git clean -dfx
[LocalThickness] $ /bin/sh -xe /tmp/hudson7161195850904893031.sh
+ mvn -U -Pdeploy-to-imagej deploy
[INFO] Scanning for projects...
[INFO]                                                                         
[INFO] ------------------------------------------------------------------------
[INFO] Building plugins/LocalThickness_.jar 3.1.2-SNAPSHOT
[INFO] ------------------------------------------------------------------------
[INFO] 
[INFO] --- maven-enforcer-plugin:1.3.1:enforce (enforce-rules) @ LocalThickness_ ---
Downloading: <A HREF="http://maven.imagej.net/content/groups/public/com/sun/tools/1.4.2/tools-1.4.2.pom">http://maven.imagej.net/content/groups/public/com/sun/tools/1.4.2/tools-1.4.2.pom</A>

Downloading: <A HREF="http://repo.maven.apache.org/maven2/com/sun/tools/1.4.2/tools-1.4.2.pom">http://repo.maven.apache.org/maven2/com/sun/tools/1.4.2/tools-1.4.2.pom</A>

[INFO] Adding ignorable dependency: null:jcodings:null
[INFO]   Adding ignore: org/jcodings/*
[INFO] Adding ignorable dependency: null:jnr-constants:null
[INFO]   Adding ignore: com/kenai/constantine/*
[INFO]   Adding ignore: jnr/constants/*
[INFO] Adding ignorable dependency: null:jnr-ffi:null
[INFO]   Adding ignore: jnr/ffi/*
[INFO] Adding ignorable dependency: null:VIB-lib:null
[INFO]   Adding ignore: javax/media/j3d/
[INFO] Adding ignorable dependency: null:j3d-core:null
[INFO]   Adding ignore: javax/media/j3d/
[INFO] Adding ignorable dependency: null:joda-time:null
[INFO]   Adding ignore: *
[INFO] Adding ignorable dependency: null:slf4j-log4j12:null
[INFO]   Adding ignore: org/slf4j/impl/*
[INFO] Adding ignorable dependency: batik:batik:null
[INFO]   Adding ignore: *
[INFO] Adding ignorable dependency: jama:jama:null
[INFO]   Adding ignore: Jama/*
[INFO] Adding ignorable dependency: com.sun:tools:null
[INFO]   Adding ignore: *
[INFO] 
[INFO] --- buildnumber-maven-plugin:1.3:create (default) @ LocalThickness_ ---
[INFO] Executing: /bin/sh -c cd /data/devel/jenkins-maven/workspace/LocalThickness &amp;&amp; git rev-parse --verify HEAD
[INFO] Working directory: /data/devel/jenkins-maven/workspace/LocalThickness
[INFO] Storing buildNumber: f9ac3e150c0b372c2ed6bc452ab37c756dd462aa at timestamp: 1449165084701
[WARNING] Cannot get the branch information from the git repository: 
Detecting the current branch failed: fatal: ref HEAD is not a symbolic ref

[INFO] Executing: /bin/sh -c cd /data/devel/jenkins-maven/workspace/LocalThickness &amp;&amp; git rev-parse --verify HEAD
[INFO] Working directory: /data/devel/jenkins-maven/workspace/LocalThickness
[INFO] Storing buildScmBranch: UNKNOWN
[INFO] 
[INFO] --- scijava-maven-plugin:0.4.3:set-rootdir (set-rootdir) @ LocalThickness_ ---
[INFO] Setting rootdir: /data/devel/jenkins-maven/workspace/LocalThickness
[INFO] 
[INFO] --- maven-resources-plugin:2.6:resources (default-resources) @ LocalThickness_ ---
[INFO] Using 'UTF-8' encoding to copy filtered resources.
[INFO] Copying 1 resource
[INFO] 
[INFO] --- maven-compiler-plugin:3.1:compile (default-compile) @ LocalThickness_ ---
[INFO] Changes detected - recompiling the module!
[INFO] Compiling 8 source files to /data/devel/jenkins-maven/workspace/LocalThickness/target/classes
[INFO] -------------------------------------------------------------
[ERROR] COMPILATION ERROR : 
[INFO] -------------------------------------------------------------
[ERROR] /data/devel/jenkins-maven/workspace/LocalThickness/src/main/java/sc/fiji/localThickness/test/MaskThicknessMapWithOriginalTest.java:[9,17] package org.junit does not exist
[ERROR] /data/devel/jenkins-maven/workspace/LocalThickness/src/main/java/sc/fiji/localThickness/test/MaskThicknessMapWithOriginalTest.java:[10,17] package org.junit does not exist
[ERROR] /data/devel/jenkins-maven/workspace/LocalThickness/src/main/java/sc/fiji/localThickness/test/MaskThicknessMapWithOriginalTest.java:[15,24] package org.junit does not exist
[ERROR] /data/devel/jenkins-maven/workspace/LocalThickness/src/main/java/sc/fiji/localThickness/test/MaskThicknessMapWithOriginalTest.java:[15,1] static import only from classes and interfaces
[ERROR] /data/devel/jenkins-maven/workspace/LocalThickness/src/main/java/sc/fiji/localThickness/test/MaskThicknessMapWithOriginalTest.java:[16,24] package org.junit does not exist
[ERROR] /data/devel/jenkins-maven/workspace/LocalThickness/src/main/java/sc/fiji/localThickness/test/MaskThicknessMapWithOriginalTest.java:[16,1] static import only from classes and interfaces
[ERROR] /data/devel/jenkins-maven/workspace/LocalThickness/src/main/java/sc/fiji/localThickness/test/MaskThicknessMapWithOriginalTest.java:[32,6] cannot find symbol
symbol  : class Before
location: class sc.fiji.localThickness.test.MaskThicknessMapWithOriginalTest
[ERROR] /data/devel/jenkins-maven/workspace/LocalThickness/src/main/java/sc/fiji/localThickness/test/MaskThicknessMapWithOriginalTest.java:[39,6] cannot find symbol
symbol  : class Test
location: class sc.fiji.localThickness.test.MaskThicknessMapWithOriginalTest
[ERROR] /data/devel/jenkins-maven/workspace/LocalThickness/src/main/java/sc/fiji/localThickness/test/MaskThicknessMapWithOriginalTest.java:[45,6] cannot find symbol
symbol  : class Test
location: class sc.fiji.localThickness.test.MaskThicknessMapWithOriginalTest
[ERROR] /data/devel/jenkins-maven/workspace/LocalThickness/src/main/java/sc/fiji/localThickness/test/MaskThicknessMapWithOriginalTest.java:[51,6] cannot find symbol
symbol  : class Test
location: class sc.fiji.localThickness.test.MaskThicknessMapWithOriginalTest
[ERROR] /data/devel/jenkins-maven/workspace/LocalThickness/src/main/java/sc/fiji/localThickness/test/MaskThicknessMapWithOriginalTest.java:[58,6] cannot find symbol
symbol  : class Test
location: class sc.fiji.localThickness.test.MaskThicknessMapWithOriginalTest
[ERROR] /data/devel/jenkins-maven/workspace/LocalThickness/src/main/java/sc/fiji/localThickness/test/MaskThicknessMapWithOriginalTest.java:[65,6] cannot find symbol
symbol  : class Test
location: class sc.fiji.localThickness.test.MaskThicknessMapWithOriginalTest
[ERROR] /data/devel/jenkins-maven/workspace/LocalThickness/src/main/java/sc/fiji/localThickness/test/MaskThicknessMapWithOriginalTest.java:[72,6] cannot find symbol
symbol  : class Test
location: class sc.fiji.localThickness.test.MaskThicknessMapWithOriginalTest
[ERROR] /data/devel/jenkins-maven/workspace/LocalThickness/src/main/java/sc/fiji/localThickness/test/MaskThicknessMapWithOriginalTest.java:[79,6] cannot find symbol
symbol  : class Test
location: class sc.fiji.localThickness.test.MaskThicknessMapWithOriginalTest
[ERROR] /data/devel/jenkins-maven/workspace/LocalThickness/src/main/java/sc/fiji/localThickness/test/MaskThicknessMapWithOriginalTest.java:[86,6] cannot find symbol
symbol  : class Test
location: class sc.fiji.localThickness.test.MaskThicknessMapWithOriginalTest
[ERROR] /data/devel/jenkins-maven/workspace/LocalThickness/src/main/java/sc/fiji/localThickness/test/MaskThicknessMapWithOriginalTest.java:[107,9] cannot find symbol
symbol  : method assertNotEquals(&lt;nulltype&gt;,ij.ImagePlus)
location: class sc.fiji.localThickness.test.MaskThicknessMapWithOriginalTest
[ERROR] /data/devel/jenkins-maven/workspace/LocalThickness/src/main/java/sc/fiji/localThickness/test/MaskThicknessMapWithOriginalTest.java:[108,9] cannot find symbol
symbol  : method assertNotEquals(&lt;nulltype&gt;,ij.ImagePlus)
location: class sc.fiji.localThickness.test.MaskThicknessMapWithOriginalTest
[ERROR] /data/devel/jenkins-maven/workspace/LocalThickness/src/main/java/sc/fiji/localThickness/test/MaskThicknessMapWithOriginalTest.java:[109,9] cannot find symbol
symbol  : method assertEquals(java.lang.String,boolean,boolean)
location: class sc.fiji.localThickness.test.MaskThicknessMapWithOriginalTest
[ERROR] /data/devel/jenkins-maven/workspace/LocalThickness/src/main/java/sc/fiji/localThickness/test/MaskThicknessMapWithOriginalTest.java:[110,9] cannot find symbol
symbol  : method assertEquals(java.lang.String,boolean,boolean)
location: class sc.fiji.localThickness.test.MaskThicknessMapWithOriginalTest
[ERROR] /data/devel/jenkins-maven/workspace/LocalThickness/src/main/java/sc/fiji/localThickness/test/MaskThicknessMapWithOriginalTest.java:[111,9] cannot find symbol
symbol  : method assertEquals(java.lang.String,boolean,boolean)
location: class sc.fiji.localThickness.test.MaskThicknessMapWithOriginalTest
[ERROR] /data/devel/jenkins-maven/workspace/LocalThickness/src/main/java/sc/fiji/localThickness/test/MaskThicknessMapWithOriginalTest.java:[113,9] cannot find symbol
symbol  : method assertEquals(boolean,boolean)
location: class sc.fiji.localThickness.test.MaskThicknessMapWithOriginalTest
[ERROR] /data/devel/jenkins-maven/workspace/LocalThickness/src/main/java/sc/fiji/localThickness/test/MaskThicknessMapWithOriginalTest.java:[114,9] cannot find symbol
symbol  : method assertEquals(boolean,boolean)
location: class sc.fiji.localThickness.test.MaskThicknessMapWithOriginalTest
[ERROR] /data/devel/jenkins-maven/workspace/LocalThickness/src/main/java/sc/fiji/localThickness/test/MaskThicknessMapWithOriginalTest.java:[119,9] cannot find symbol
symbol  : method assertEquals(boolean,boolean)
location: class sc.fiji.localThickness.test.MaskThicknessMapWithOriginalTest
[ERROR] /data/devel/jenkins-maven/workspace/LocalThickness/src/main/java/sc/fiji/localThickness/test/MaskThicknessMapWithOriginalTest.java:[120,9] cannot find symbol
symbol  : method assertEquals(boolean,boolean)
location: class sc.fiji.localThickness.test.MaskThicknessMapWithOriginalTest
[INFO] 24 errors 
[INFO] -------------------------------------------------------------
[INFO] ------------------------------------------------------------------------
[INFO] BUILD FAILURE
[INFO] ------------------------------------------------------------------------
[INFO] Total time: 4.798s
[INFO] Finished at: Thu Dec 03 11:51:25 CST 2015
[INFO] Final Memory: 16M/360M
[INFO] ------------------------------------------------------------------------
[ERROR] Failed to execute goal org.apache.maven.plugins:maven-compiler-plugin:3.1:compile (default-compile) on project LocalThickness_: Compilation failure: Compilation failure:
[ERROR] /data/devel/jenkins-maven/workspace/LocalThickness/src/main/java/sc/fiji/localThickness/test/MaskThicknessMapWithOriginalTest.java:[9,17] package org.junit does not exist
[ERROR] /data/devel/jenkins-maven/workspace/LocalThickness/src/main/java/sc/fiji/localThickness/test/MaskThicknessMapWithOriginalTest.java:[10,17] package org.junit does not exist
[ERROR] /data/devel/jenkins-maven/workspace/LocalThickness/src/main/java/sc/fiji/localThickness/test/MaskThicknessMapWithOriginalTest.java:[15,24] package org.junit does not exist
[ERROR] /data/devel/jenkins-maven/workspace/LocalThickness/src/main/java/sc/fiji/localThickness/test/MaskThicknessMapWithOriginalTest.java:[15,1] static import only from classes and interfaces
[ERROR] /data/devel/jenkins-maven/workspace/LocalThickness/src/main/java/sc/fiji/localThickness/test/MaskThicknessMapWithOriginalTest.java:[16,24] package org.junit does not exist
[ERROR] /data/devel/jenkins-maven/workspace/LocalThickness/src/main/java/sc/fiji/localThickness/test/MaskThicknessMapWithOriginalTest.java:[16,1] static import only from classes and interfaces
[ERROR] /data/devel/jenkins-maven/workspace/LocalThickness/src/main/java/sc/fiji/localThickness/test/MaskThicknessMapWithOriginalTest.java:[32,6] cannot find symbol
[ERROR] symbol  : class Before
[ERROR] location: class sc.fiji.localThickness.test.MaskThicknessMapWithOriginalTest
[ERROR] /data/devel/jenkins-maven/workspace/LocalThickness/src/main/java/sc/fiji/localThickness/test/MaskThicknessMapWithOriginalTest.java:[39,6] cannot find symbol
[ERROR] symbol  : class Test
[ERROR] location: class sc.fiji.localThickness.test.MaskThicknessMapWithOriginalTest
[ERROR] /data/devel/jenkins-maven/workspace/LocalThickness/src/main/java/sc/fiji/localThickness/test/MaskThicknessMapWithOriginalTest.java:[45,6] cannot find symbol
[ERROR] symbol  : class Test
[ERROR] location: class sc.fiji.localThickness.test.MaskThicknessMapWithOriginalTest
[ERROR] /data/devel/jenkins-maven/workspace/LocalThickness/src/main/java/sc/fiji/localThickness/test/MaskThicknessMapWithOriginalTest.java:[51,6] cannot find symbol
[ERROR] symbol  : class Test
[ERROR] location: class sc.fiji.localThickness.test.MaskThicknessMapWithOriginalTest
[ERROR] /data/devel/jenkins-maven/workspace/LocalThickness/src/main/java/sc/fiji/localThickness/test/MaskThicknessMapWithOriginalTest.java:[58,6] cannot find symbol
[ERROR] symbol  : class Test
[ERROR] location: class sc.fiji.localThickness.test.MaskThicknessMapWithOriginalTest
[ERROR] /data/devel/jenkins-maven/workspace/LocalThickness/src/main/java/sc/fiji/localThickness/test/MaskThicknessMapWithOriginalTest.java:[65,6] cannot find symbol
[ERROR] symbol  : class Test
[ERROR] location: class sc.fiji.localThickness.test.MaskThicknessMapWithOriginalTest
[ERROR] /data/devel/jenkins-maven/workspace/LocalThickness/src/main/java/sc/fiji/localThickness/test/MaskThicknessMapWithOriginalTest.java:[72,6] cannot find symbol
[ERROR] symbol  : class Test
[ERROR] location: class sc.fiji.localThickness.test.MaskThicknessMapWithOriginalTest
[ERROR] /data/devel/jenkins-maven/workspace/LocalThickness/src/main/java/sc/fiji/localThickness/test/MaskThicknessMapWithOriginalTest.java:[79,6] cannot find symbol
[ERROR] symbol  : class Test
[ERROR] location: class sc.fiji.localThickness.test.MaskThicknessMapWithOriginalTest
[ERROR] /data/devel/jenkins-maven/workspace/LocalThickness/src/main/java/sc/fiji/localThickness/test/MaskThicknessMapWithOriginalTest.java:[86,6] cannot find symbol
[ERROR] symbol  : class Test
[ERROR] location: class sc.fiji.localThickness.test.MaskThicknessMapWithOriginalTest
[ERROR] /data/devel/jenkins-maven/workspace/LocalThickness/src/main/java/sc/fiji/localThickness/test/MaskThicknessMapWithOriginalTest.java:[107,9] cannot find symbol
[ERROR] symbol  : method assertNotEquals(&lt;nulltype&gt;,ij.ImagePlus)
[ERROR] location: class sc.fiji.localThickness.test.MaskThicknessMapWithOriginalTest
[ERROR] /data/devel/jenkins-maven/workspace/LocalThickness/src/main/java/sc/fiji/localThickness/test/MaskThicknessMapWithOriginalTest.java:[108,9] cannot find symbol
[ERROR] symbol  : method assertNotEquals(&lt;nulltype&gt;,ij.ImagePlus)
[ERROR] location: class sc.fiji.localThickness.test.MaskThicknessMapWithOriginalTest
[ERROR] /data/devel/jenkins-maven/workspace/LocalThickness/src/main/java/sc/fiji/localThickness/test/MaskThicknessMapWithOriginalTest.java:[109,9] cannot find symbol
[ERROR] symbol  : method assertEquals(java.lang.String,boolean,boolean)
[ERROR] location: class sc.fiji.localThickness.test.MaskThicknessMapWithOriginalTest
[ERROR] /data/devel/jenkins-maven/workspace/LocalThickness/src/main/java/sc/fiji/localThickness/test/MaskThicknessMapWithOriginalTest.java:[110,9] cannot find symbol
[ERROR] symbol  : method assertEquals(java.lang.String,boolean,boolean)
[ERROR] location: class sc.fiji.localThickness.test.MaskThicknessMapWithOriginalTest
[ERROR] /data/devel/jenkins-maven/workspace/LocalThickness/src/main/java/sc/fiji/localThickness/test/MaskThicknessMapWithOriginalTest.java:[111,9] cannot find symbol
[ERROR] symbol  : method assertEquals(java.lang.String,boolean,boolean)
[ERROR] location: class sc.fiji.localThickness.test.MaskThicknessMapWithOriginalTest
[ERROR] /data/devel/jenkins-maven/workspace/LocalThickness/src/main/java/sc/fiji/localThickness/test/MaskThicknessMapWithOriginalTest.java:[113,9] cannot find symbol
[ERROR] symbol  : method assertEquals(boolean,boolean)
[ERROR] location: class sc.fiji.localThickness.test.MaskThicknessMapWithOriginalTest
[ERROR] /data/devel/jenkins-maven/workspace/LocalThickness/src/main/java/sc/fiji/localThickness/test/MaskThicknessMapWithOriginalTest.java:[114,9] cannot find symbol
[ERROR] symbol  : method assertEquals(boolean,boolean)
[ERROR] location: class sc.fiji.localThickness.test.MaskThicknessMapWithOriginalTest
[ERROR] /data/devel/jenkins-maven/workspace/LocalThickness/src/main/java/sc/fiji/localThickness/test/MaskThicknessMapWithOriginalTest.java:[119,9] cannot find symbol
[ERROR] symbol  : method assertEquals(boolean,boolean)
[ERROR] location: class sc.fiji.localThickness.test.MaskThicknessMapWithOriginalTest
[ERROR] /data/devel/jenkins-maven/workspace/LocalThickness/src/main/java/sc/fiji/localThickness/test/MaskThicknessMapWithOriginalTest.java:[120,9] cannot find symbol
[ERROR] symbol  : method assertEquals(boolean,boolean)
[ERROR] location: class sc.fiji.localThickness.test.MaskThicknessMapWithOriginalTest
[ERROR] -&gt; [Help 1]
[ERROR] 
[ERROR] To see the full stack trace of the errors, re-run Maven with the -e switch.
[ERROR] Re-run Maven using the -X switch to enable full debug logging.
[ERROR] 
[ERROR] For more information about the errors and possible solutions, please read the following articles:
[ERROR] [Help 1] <A HREF="http://cwiki.apache.org/confluence/display/MAVEN/MojoFailureException">http://cwiki.apache.org/confluence/display/MAVEN/MojoFailureException</A>
Build step 'Execute shell' marked build as failure
Archiving artifacts

</PRE>


<!--endarticle-->
    <HR>
    <P><UL>
        <!--threads-->
	<LI>Previous message: <A HREF="011685.html">[ImageJ-builds] mail-watcher-plugin: Computer Windows marked online
</A></li>
	<LI>Next message: <A HREF="011688.html">[ImageJ-builds] Jenkins build is back to normal : LocalThickness #13
</A></li>
         <LI> <B>Messages sorted by:</B> 
              <a href="date.html#11687">[ date ]</a>
              <a href="thread.html#11687">[ thread ]</a>
              <a href="subject.html#11687">[ subject ]</a>
              <a href="author.html#11687">[ author ]</a>
         </LI>
       </UL>

<hr>
<a href="http://imagej.net/mailman/listinfo/imagej-builds">More information about the ImageJ-builds
mailing list</a><br>
</body></html>
