<!DOCTYPE HTML PUBLIC "-//W3C//DTD HTML 4.01 Transitional//EN">
<HTML>
 <HEAD>
   <TITLE> [ImageJ-builds] Build failed in Jenkins: ImageJ #3460
   </TITLE>
   <LINK REL="Index" HREF="index.html" >
   <LINK REL="made" HREF="mailto:imagej-builds%40imagej.net?Subject=Re%3A%20%5BImageJ-builds%5D%20Build%20failed%20in%20Jenkins%3A%20ImageJ%20%233460&In-Reply-To=%3C655395894.85.1344005529407.JavaMail.jenkins%40dev%3E">
   <META NAME="robots" CONTENT="index,nofollow">
   <style type="text/css">
       pre {
           white-space: pre-wrap;       /* css-2.1, curent FF, Opera, Safari */
           }
   </style>
   <META http-equiv="Content-Type" content="text/html; charset=us-ascii">
   <LINK REL="Previous"  HREF="000345.html">
   <LINK REL="Next"  HREF="000348.html">
 </HEAD>
 <BODY BGCOLOR="#ffffff">
   <H1>[ImageJ-builds] Build failed in Jenkins: ImageJ #3460</H1>
    <B>jenkins at imagej.net</B> 
    <A HREF="mailto:imagej-builds%40imagej.net?Subject=Re%3A%20%5BImageJ-builds%5D%20Build%20failed%20in%20Jenkins%3A%20ImageJ%20%233460&In-Reply-To=%3C655395894.85.1344005529407.JavaMail.jenkins%40dev%3E"
       TITLE="[ImageJ-builds] Build failed in Jenkins: ImageJ #3460">jenkins at imagej.net
       </A><BR>
    <I>Fri Aug  3 09:52:09 CDT 2012</I>
    <P><UL>
        <LI>Previous message: <A HREF="000345.html">[ImageJ-builds] Build failed in Jenkins: ImageJ #3459
</A></li>
        <LI>Next message: <A HREF="000348.html">[ImageJ-builds] Jenkins build is back to normal : ImageJ #3461
</A></li>
         <LI> <B>Messages sorted by:</B> 
              <a href="date.html#347">[ date ]</a>
              <a href="thread.html#347">[ thread ]</a>
              <a href="subject.html#347">[ subject ]</a>
              <a href="author.html#347">[ author ]</a>
         </LI>
       </UL>
    <HR>  
<!--beginarticle-->
<PRE>See &lt;<A HREF="http://jenkins.imagej.net/job/ImageJ/3460/changes">http://jenkins.imagej.net/job/ImageJ/3460/changes</A>&gt;

Changes:

[Curtis Rueden] Remove obsolete ij-platform from core POM

------------------------------------------
[...truncated 9 lines...]
[workspace] $ git fetch -t <A HREF="git://github.com/imagej/imagej.git">git://github.com/imagej/imagej.git</A> +refs/heads/*:refs/remotes/origin/*
&gt;<i>From <A HREF="git://github.com/imagej/imagej">git://github.com/imagej/imagej</A>
</I>   3e7f835..813d68b  master     -&gt; origin/master
[workspace] $ git ls-tree HEAD
[workspace] $ git tag -l master
[workspace] $ git rev-parse origin/master
Commencing build of Revision 813d68b4f2dd68d99dfb8793adf5631f335fb995 (origin/master)
GitAPI created
Checking out Revision 813d68b4f2dd68d99dfb8793adf5631f335fb995 (origin/master)
[workspace] $ git checkout -f 813d68b4f2dd68d99dfb8793adf5631f335fb995
[workspace] $ git tag -a -f -m &quot;Hudson Build #3460&quot; hudson-ImageJ-3460
Recording changes in branch origin/master
[workspace] $ git whatchanged --no-abbrev -M --pretty=raw 3e7f835ab2d4722c23c02218fc82a8e6e3d70bf5..813d68b4f2dd68d99dfb8793adf5631f335fb995
Deleting old artifacts from #3458
[workspace] $ mvn -Dbranch=master -U clean deploy
[INFO] Scanning for projects...
[INFO] Reactor build order: 
[INFO]   ImageJ Projects
[INFO]   ImageJ POM: Core
[INFO]   ImageJ Core Classes
[INFO]   ImageJ Data Model
[INFO]   ImageJ Core: Options
[INFO]   ImageJ Updater
[INFO]   ImageJ Updater Core
[INFO]   ImageJ User Interface Framework
[INFO]   ImageJ Core: I/O
[INFO]   ImageJ POM: User Interface
[INFO]   ImageJ POM: AWT and Swing UIs
[INFO]   ImageJ Utility Classes: AWT
[INFO]   ImageJ Legacy Bridge
[INFO]   ImageJ Core Platforms
[INFO]   ImageJ POM: Core Plugins
[INFO]   ImageJ Core Plugins: Application
[INFO]   ImageJ Core Plugins: Data
[INFO]   ImageJ Core Plugins: Debug
[INFO]   ImageJ Core Plugins: Display
[INFO]   ImageJ Core Plugins: Miscellaneous
[INFO]   ImageJ Core Tools
[INFO]   ImageJ Updater support for uploading via SSH/SFTP
[INFO]   ImageJ POM: Swing UI
[INFO]   ImageJ Extensibility Framework: Swing
[INFO]   ImageJ UI: Common AWT Classes
[INFO]   ImageJ UI: Swing (base classes)
[INFO]   ImageJ Utility Classes: Swing
[INFO]   ImageJ UI: Swing Plugins
[INFO]   ImageJ UI: Swing (SDI)
[INFO]   ImageJ UI: Swing Tools
[INFO]   ImageJ Updater (Swing)
[INFO]   ImageJ Application
[INFO] ------------------------------------------------------------------------
[INFO] Building ImageJ Projects
[INFO]    task-segment: [clean, deploy]
[INFO] ------------------------------------------------------------------------
[INFO] [clean:clean {execution: default-clean}]
[INFO] [buildnumber:create {execution: default}]
[INFO] Checking for local modifications: skipped.
[INFO] Updating project files from SCM: skipped.
[INFO] Executing: /bin/sh -c cd /data/devel/jenkins/jobs/ImageJ/workspace &amp;&amp; git rev-parse --verify HEAD
[INFO] Working directory: /data/devel/jenkins/jobs/ImageJ/workspace
[INFO] Storing buildNumber: 813d68b4f2dd68d99dfb8793adf5631f335fb995 at timestamp: 1344005521060
[INFO] Executing: /bin/sh -c cd /data/devel/jenkins/jobs/ImageJ/workspace &amp;&amp; git rev-parse --verify HEAD
[INFO] Working directory: /data/devel/jenkins/jobs/ImageJ/workspace
[INFO] Storing buildScmBranch: UNKNOWN
[INFO] [site:attach-descriptor {execution: default-attach-descriptor}]
[INFO] Preparing source:jar
[WARNING] Removing: jar from forked lifecycle, to prevent recursive invocation.
[INFO] [buildnumber:create {execution: default}]
[INFO] [source:jar {execution: default}]
[INFO] [install:install {execution: default-install}]
[INFO] Installing /data/devel/jenkins/jobs/ImageJ/workspace/pom.xml to /var/lib/jenkins/.m2/repository/net/imagej/pom-ij-base/2.0.0-SNAPSHOT/pom-ij-base-2.0.0-SNAPSHOT.pom
[INFO] [deploy:deploy {execution: default-deploy}]
[INFO] Retrieving previous build number from imagej.snapshots
Uploading: <A HREF="http://maven.imagej.net/content/repositories/snapshots/net/imagej/pom-ij-base/2.0.0-SNAPSHOT/pom-ij-base-2.0.0-20120803.145202-624.pom">http://maven.imagej.net/content/repositories/snapshots/net/imagej/pom-ij-base/2.0.0-SNAPSHOT/pom-ij-base-2.0.0-20120803.145202-624.pom</A>
Aug 3, 2012 9:52:02 AM org.apache.commons.httpclient.auth.AuthChallengeProcessor selectAuthScheme
INFO: basic authentication scheme selected
4/8K
8/8K
8/8K
8K uploaded  (pom-ij-base-2.0.0-20120803.145202-624.pom)
[INFO] Retrieving previous metadata from imagej.snapshots
[INFO] Uploading repository metadata for: 'artifact net.imagej:pom-ij-base'
Aug 3, 2012 9:52:03 AM org.apache.commons.httpclient.auth.AuthChallengeProcessor selectAuthScheme
INFO: basic authentication scheme selected
[INFO] Retrieving previous metadata from imagej.snapshots
[INFO] Uploading repository metadata for: 'snapshot net.imagej:pom-ij-base:2.0.0-SNAPSHOT'
Aug 3, 2012 9:52:03 AM org.apache.commons.httpclient.auth.AuthChallengeProcessor selectAuthScheme
INFO: basic authentication scheme selected
[INFO] ------------------------------------------------------------------------
[INFO] Building ImageJ POM: Core
[INFO]    task-segment: [clean, deploy]
[INFO] ------------------------------------------------------------------------
[INFO] [clean:clean {execution: default-clean}]
[INFO] [buildnumber:create {execution: default}]
[INFO] [site:attach-descriptor {execution: default-attach-descriptor}]
[INFO] Preparing source:jar
[WARNING] Removing: jar from forked lifecycle, to prevent recursive invocation.
[INFO] [buildnumber:create {execution: default}]
[INFO] [source:jar {execution: default}]
[INFO] [install:install {execution: default-install}]
[INFO] Installing /data/devel/jenkins/jobs/ImageJ/workspace/core/pom.xml to /var/lib/jenkins/.m2/repository/net/imagej/pom-ij-core/2.0.0-SNAPSHOT/pom-ij-core-2.0.0-SNAPSHOT.pom
[INFO] [deploy:deploy {execution: default-deploy}]
[INFO] Retrieving previous build number from imagej.snapshots
Uploading: <A HREF="http://maven.imagej.net/content/repositories/snapshots/net/imagej/pom-ij-core/2.0.0-SNAPSHOT/pom-ij-core-2.0.0-20120803.145202-620.pom">http://maven.imagej.net/content/repositories/snapshots/net/imagej/pom-ij-core/2.0.0-SNAPSHOT/pom-ij-core-2.0.0-20120803.145202-620.pom</A>
Aug 3, 2012 9:52:03 AM org.apache.commons.httpclient.auth.AuthChallengeProcessor selectAuthScheme
INFO: basic authentication scheme selected
1/1K
1K uploaded  (pom-ij-core-2.0.0-20120803.145202-620.pom)
[INFO] Retrieving previous metadata from imagej.snapshots
[INFO] Uploading repository metadata for: 'snapshot net.imagej:pom-ij-core:2.0.0-SNAPSHOT'
Aug 3, 2012 9:52:03 AM org.apache.commons.httpclient.auth.AuthChallengeProcessor selectAuthScheme
INFO: basic authentication scheme selected
[INFO] Retrieving previous metadata from imagej.snapshots
[INFO] Uploading repository metadata for: 'artifact net.imagej:pom-ij-core'
Aug 3, 2012 9:52:04 AM org.apache.commons.httpclient.auth.AuthChallengeProcessor selectAuthScheme
INFO: basic authentication scheme selected
[INFO] ------------------------------------------------------------------------
[INFO] Building ImageJ Core Classes
[INFO]    task-segment: [clean, deploy]
[INFO] ------------------------------------------------------------------------
[INFO] [clean:clean {execution: default-clean}]
[INFO] Deleting /data/devel/jenkins/jobs/ImageJ/workspace/core/core/target
[INFO] [buildnumber:create {execution: default}]
[debug] execute contextualize
[INFO] [resources:resources {execution: default-resources}]
[INFO] Using 'UTF-8' encoding to copy filtered resources.
[INFO] Copying 3 resources
[INFO] [compiler:compile {execution: default-compile}]
[INFO] Compiling 239 source files to /data/devel/jenkins/jobs/ImageJ/workspace/core/core/target/classes
[debug] execute contextualize
[INFO] [resources:testResources {execution: default-testResources}]
[INFO] Using 'UTF-8' encoding to copy filtered resources.
[INFO] skip non existing resourceDirectory /data/devel/jenkins/jobs/ImageJ/workspace/core/core/src/test/resources
[INFO] [compiler:testCompile {execution: default-testCompile}]
[INFO] Compiling 9 source files to /data/devel/jenkins/jobs/ImageJ/workspace/core/core/target/test-classes
[INFO] [surefire:test {execution: default-test}]
[INFO] Surefire report directory: /data/devel/jenkins/jobs/ImageJ/workspace/core/core/target/surefire-reports

-------------------------------------------------------
 T E S T S
-------------------------------------------------------
Running imagej.object.ObjectIndexTest
Tests run: 10, Failures: 0, Errors: 0, Skipped: 0, Time elapsed: 0.046 sec
Running imagej.ext.display.DisplayTest
[INFO ] Created service: imagej.log.DefaultLogService
[INFO ] Created service: imagej.thread.DefaultThreadService
[INFO ] Created service: imagej.event.DefaultEventService
[INFO ] Created service: imagej.object.DefaultObjectService
[INFO ] Created service: imagej.ext.module.DefaultModuleService
[INFO ] Found 12 plugins.
[INFO ] Created service: imagej.ext.plugin.DefaultPluginService
[INFO ] Created service: imagej.ext.display.DefaultDisplayService
[INFO ] Created service: imagej.log.DefaultLogService
[INFO ] Created service: imagej.thread.DefaultThreadService
[INFO ] Created service: imagej.event.DefaultEventService
[INFO ] Created service: imagej.object.DefaultObjectService
[INFO ] Created service: imagej.ext.module.DefaultModuleService
[INFO ] Found 12 plugins.
[INFO ] Created service: imagej.ext.plugin.DefaultPluginService
[INFO ] Created service: imagej.ext.display.DefaultDisplayService
[INFO ] Created service: imagej.log.DefaultLogService
[INFO ] Created service: imagej.thread.DefaultThreadService
[INFO ] Created service: imagej.event.DefaultEventService
[INFO ] Created service: imagej.object.DefaultObjectService
[INFO ] Created service: imagej.ext.module.DefaultModuleService
[INFO ] Found 12 plugins.
[INFO ] Created service: imagej.ext.plugin.DefaultPluginService
[INFO ] Created service: imagej.ext.display.DefaultDisplayService
Tests run: 3, Failures: 0, Errors: 0, Skipped: 0, Time elapsed: 0.17 sec
Running imagej.ext.menu.ShadowMenuTest
Tests run: 5, Failures: 0, Errors: 0, Skipped: 0, Time elapsed: 0.014 sec
Running imagej.util.CheckSezpozTest
Tests run: 2, Failures: 1, Errors: 0, Skipped: 0, Time elapsed: 0.659 sec &lt;&lt;&lt; FAILURE!
Running imagej.util.UnitUtilsTest
Tests run: 1, Failures: 0, Errors: 0, Skipped: 0, Time elapsed: 0.002 sec
Running imagej.util.ColorRGBTest
Tests run: 12, Failures: 0, Errors: 0, Skipped: 0, Time elapsed: 0.01 sec
Running imagej.util.FileUtilsTest
Tests run: 3, Failures: 0, Errors: 0, Skipped: 0, Time elapsed: 0.002 sec
Running imagej.util.PrefsTest
Tests run: 2, Failures: 0, Errors: 0, Skipped: 0, Time elapsed: 0.033 sec

Results :

Failed tests:   testBasic(imagej.util.CheckSezpozTest): expected:&lt;1&gt; but was:&lt;0&gt;

Tests run: 38, Failures: 1, Errors: 0, Skipped: 0

[INFO] ------------------------------------------------------------------------
[ERROR] BUILD FAILURE
[INFO] ------------------------------------------------------------------------
[INFO] There are test failures.

Please refer to /data/devel/jenkins/jobs/ImageJ/workspace/core/core/target/surefire-reports for the individual test results.
[INFO] ------------------------------------------------------------------------
[INFO] For more information, run Maven with the -e switch
[INFO] ------------------------------------------------------------------------
[INFO] Total time: 12 seconds
[INFO] Finished at: Fri Aug 03 09:52:08 CDT 2012
[INFO] Final Memory: 72M/1469M
[INFO] ------------------------------------------------------------------------
Build step 'Invoke top-level Maven targets' marked build as failure
Archiving artifacts
Performance: No threshold configured for making the test unstable
Performance: No threshold configured for making the test failure
Performance: Recording JUnit reports '**/TEST-*.xml'
Performance: Parsing JUnit report file TEST-imagej.ext.display.DisplayTest.xml
Performance: Parsing JUnit report file TEST-imagej.ext.menu.ShadowMenuTest.xml
Performance: Parsing JUnit report file TEST-imagej.object.ObjectIndexTest.xml
Performance: Parsing JUnit report file TEST-imagej.util.CheckSezpozTest.xml
Performance: Parsing JUnit report file TEST-imagej.util.ColorRGBTest.xml
Performance: Parsing JUnit report file TEST-imagej.util.FileUtilsTest.xml
Performance: Parsing JUnit report file TEST-imagej.util.PrefsTest.xml
Performance: Parsing JUnit report file TEST-imagej.util.UnitUtilsTest.xml
Performance: Parsing JUnit report file TEST-imagej.data.DatasetTest.xml
Performance: Parsing JUnit report file TEST-imagej.data.ExtentsTest.xml
Performance: Parsing JUnit report file TEST-imagej.data.PositionTest.xml
Performance: Parsing JUnit report file TEST-imagej.data.TestCursorSpeeds.xml
Performance: Parsing JUnit report file TEST-imagej.data.display.ImageCanvasTest.xml
Performance: Parsing JUnit report file TEST-imagej.data.overlay.TestBinaryMaskOverlay.xml
Performance: Parsing JUnit report file TEST-imagej.ext.display.DisplayTest.xml
Performance: Parsing JUnit report file TEST-imagej.ext.menu.ShadowMenuTest.xml
Performance: Parsing JUnit report file TEST-imagej.legacy.LegacyImageMapTest.xml
Performance: Parsing JUnit report file TEST-imagej.legacy.OverlayHarmonizerTest.xml
Performance: Parsing JUnit report file TEST-imagej.legacy.translate.LegacyUtilsTest.xml
Performance: Parsing JUnit report file TEST-imagej.updater.core.UpdaterTest.xml
Performance: Parsing JUnit report file TEST-imagej.updater.UpdaterGUITest.xml
Performance: Parsing JUnit report file TEST-imagej.updater.core.UpdaterGUITest.xml
Performance: File TEST-imagej.ext.display.DisplayTest.xml reported 0.0% of errors [SUCCESS]. Build status is: FAILURE
Performance: File TEST-imagej.ext.menu.ShadowMenuTest.xml reported 0.0% of errors [SUCCESS]. Build status is: FAILURE
Performance: File TEST-imagej.object.ObjectIndexTest.xml reported 0.0% of errors [SUCCESS]. Build status is: FAILURE
Performance: File TEST-imagej.util.CheckSezpozTest.xml reported 50.0% of errors [SUCCESS]. Build status is: FAILURE
Performance: File TEST-imagej.util.ColorRGBTest.xml reported 0.0% of errors [SUCCESS]. Build status is: FAILURE
Performance: File TEST-imagej.util.FileUtilsTest.xml reported 0.0% of errors [SUCCESS]. Build status is: FAILURE
Performance: File TEST-imagej.util.PrefsTest.xml reported 0.0% of errors [SUCCESS]. Build status is: FAILURE
Performance: File TEST-imagej.util.UnitUtilsTest.xml reported 0.0% of errors [SUCCESS]. Build status is: FAILURE
Performance: File TEST-imagej.data.DatasetTest.xml reported 0.0% of errors [SUCCESS]. Build status is: FAILURE
Performance: File TEST-imagej.data.ExtentsTest.xml reported 0.0% of errors [SUCCESS]. Build status is: FAILURE
Performance: File TEST-imagej.data.PositionTest.xml reported 0.0% of errors [SUCCESS]. Build status is: FAILURE
Performance: File TEST-imagej.data.TestCursorSpeeds.xml reported 0.0% of errors [SUCCESS]. Build status is: FAILURE
Performance: File TEST-imagej.data.display.ImageCanvasTest.xml reported 0.0% of errors [SUCCESS]. Build status is: FAILURE
Performance: File TEST-imagej.data.overlay.TestBinaryMaskOverlay.xml reported 0.0% of errors [SUCCESS]. Build status is: FAILURE
Performance: File TEST-imagej.ext.display.DisplayTest.xml reported 0.0% of errors [SUCCESS]. Build status is: FAILURE
Performance: File TEST-imagej.ext.menu.ShadowMenuTest.xml reported 0.0% of errors [SUCCESS]. Build status is: FAILURE
Performance: File TEST-imagej.legacy.LegacyImageMapTest.xml reported 0.0% of errors [SUCCESS]. Build status is: FAILURE
Performance: File TEST-imagej.legacy.OverlayHarmonizerTest.xml reported 0.0% of errors [SUCCESS]. Build status is: FAILURE
Performance: File TEST-imagej.legacy.translate.LegacyUtilsTest.xml reported 0.0% of errors [SUCCESS]. Build status is: FAILURE
Performance: File TEST-imagej.updater.core.UpdaterTest.xml reported 0.0% of errors [SUCCESS]. Build status is: FAILURE
Performance: File TEST-imagej.updater.UpdaterGUITest.xml reported 0.0% of errors [SUCCESS]. Build status is: FAILURE
Performance: File TEST-imagej.updater.core.UpdaterGUITest.xml reported 0.0% of errors [SUCCESS]. Build status is: FAILURE

</PRE>


<!--endarticle-->
    <HR>
    <P><UL>
        <!--threads-->
	<LI>Previous message: <A HREF="000345.html">[ImageJ-builds] Build failed in Jenkins: ImageJ #3459
</A></li>
	<LI>Next message: <A HREF="000348.html">[ImageJ-builds] Jenkins build is back to normal : ImageJ #3461
</A></li>
         <LI> <B>Messages sorted by:</B> 
              <a href="date.html#347">[ date ]</a>
              <a href="thread.html#347">[ thread ]</a>
              <a href="subject.html#347">[ subject ]</a>
              <a href="author.html#347">[ author ]</a>
         </LI>
       </UL>

<hr>
<a href="http://imagej.net/mailman/listinfo/imagej-builds">More information about the ImageJ-builds
mailing list</a><br>
</body></html>
