<!DOCTYPE HTML PUBLIC "-//W3C//DTD HTML 4.01 Transitional//EN">
<HTML>
 <HEAD>
   <TITLE> [ImageJ-builds] Build failed in Jenkins: ImageJ #3458
   </TITLE>
   <LINK REL="Index" HREF="index.html" >
   <LINK REL="made" HREF="mailto:imagej-builds%40imagej.net?Subject=Re%3A%20%5BImageJ-builds%5D%20Build%20failed%20in%20Jenkins%3A%20ImageJ%20%233458&In-Reply-To=%3C1391501713.82.1343968346554.JavaMail.jenkins%40dev%3E">
   <META NAME="robots" CONTENT="index,nofollow">
   <style type="text/css">
       pre {
           white-space: pre-wrap;       /* css-2.1, curent FF, Opera, Safari */
           }
   </style>
   <META http-equiv="Content-Type" content="text/html; charset=us-ascii">
   <LINK REL="Previous"  HREF="000341.html">
   <LINK REL="Next"  HREF="000345.html">
 </HEAD>
 <BODY BGCOLOR="#ffffff">
   <H1>[ImageJ-builds] Build failed in Jenkins: ImageJ #3458</H1>
    <B>jenkins at imagej.net</B> 
    <A HREF="mailto:imagej-builds%40imagej.net?Subject=Re%3A%20%5BImageJ-builds%5D%20Build%20failed%20in%20Jenkins%3A%20ImageJ%20%233458&In-Reply-To=%3C1391501713.82.1343968346554.JavaMail.jenkins%40dev%3E"
       TITLE="[ImageJ-builds] Build failed in Jenkins: ImageJ #3458">jenkins at imagej.net
       </A><BR>
    <I>Thu Aug  2 23:32:26 CDT 2012</I>
    <P><UL>
        <LI>Previous message: <A HREF="000341.html">[ImageJ-builds] Build failed in Jenkins: ImageJ #3457
</A></li>
        <LI>Next message: <A HREF="000345.html">[ImageJ-builds] Build failed in Jenkins: ImageJ #3459
</A></li>
         <LI> <B>Messages sorted by:</B> 
              <a href="date.html#344">[ date ]</a>
              <a href="thread.html#344">[ thread ]</a>
              <a href="subject.html#344">[ subject ]</a>
              <a href="author.html#344">[ author ]</a>
         </LI>
       </UL>
    <HR>  
<!--beginarticle-->
<PRE>See &lt;<A HREF="http://jenkins.imagej.net/job/ImageJ/3458/changes">http://jenkins.imagej.net/job/ImageJ/3458/changes</A>&gt;

Changes:

[Curtis Rueden] Rename IContext to Contextual

------------------------------------------
Started by remote host 127.0.0.1
Building on master
Checkout:workspace / &lt;<A HREF="http://jenkins.imagej.net/job/ImageJ/ws/">http://jenkins.imagej.net/job/ImageJ/ws/</A>&gt; - <A HREF="http://imagej.net/mailman/listinfo/imagej-builds">hudson.remoting.LocalChannel at 6c6b32ef</A>
Using strategy: Default
Last Built Revision: Revision f3b511b26fb96d03723fdf772f8f5526a914e9ce (origin/master)
Checkout:workspace / &lt;<A HREF="http://jenkins.imagej.net/job/ImageJ/ws/">http://jenkins.imagej.net/job/ImageJ/ws/</A>&gt; - <A HREF="http://imagej.net/mailman/listinfo/imagej-builds">hudson.remoting.LocalChannel at 6c6b32ef</A>
GitAPI created
Fetching changes from the remote Git repository
Fetching upstream changes from <A HREF="git://github.com/imagej/imagej.git">git://github.com/imagej/imagej.git</A>
[workspace] $ git fetch -t <A HREF="git://github.com/imagej/imagej.git">git://github.com/imagej/imagej.git</A> +refs/heads/*:refs/remotes/origin/*
&gt;<i>From <A HREF="git://github.com/imagej/imagej">git://github.com/imagej/imagej</A>
</I>   f3b511b..76ce48a  master     -&gt; origin/master
[workspace] $ git ls-tree HEAD
[workspace] $ git tag -l master
[workspace] $ git rev-parse origin/master
Commencing build of Revision 76ce48aa6e8b275b89f962989065fc5a0c6e2207 (origin/master)
GitAPI created
Checking out Revision 76ce48aa6e8b275b89f962989065fc5a0c6e2207 (origin/master)
[workspace] $ git checkout -f 76ce48aa6e8b275b89f962989065fc5a0c6e2207
[workspace] $ git tag -a -f -m &quot;Hudson Build #3458&quot; hudson-ImageJ-3458
Recording changes in branch origin/master
[workspace] $ git whatchanged --no-abbrev -M --pretty=raw f3b511b26fb96d03723fdf772f8f5526a914e9ce..76ce48aa6e8b275b89f962989065fc5a0c6e2207
[workspace] $ mvn -Dbranch=master -U clean deploy
[INFO] Scanning for projects...
[INFO] ------------------------------------------------------------------------
[ERROR] FATAL ERROR
[INFO] ------------------------------------------------------------------------
[INFO] Error building POM (may not be this project's POM).


Project ID: unknown

Reason: Could not find the model file '/data/devel/jenkins/jobs/ImageJ/workspace/core/platform/pom.xml'. for project unknown


[INFO] ------------------------------------------------------------------------
[INFO] Trace
org.apache.maven.reactor.MavenExecutionException: Could not find the model file '/data/devel/jenkins/jobs/ImageJ/workspace/core/platform/pom.xml'. for project unknown
	at org.apache.maven.DefaultMaven.getProjects(DefaultMaven.java:404)
	at org.apache.maven.DefaultMaven.doExecute(DefaultMaven.java:272)
	at org.apache.maven.DefaultMaven.execute(DefaultMaven.java:138)
	at org.apache.maven.cli.MavenCli.main(MavenCli.java:362)
	at org.apache.maven.cli.compat.CompatibleMain.main(CompatibleMain.java:60)
	at sun.reflect.NativeMethodAccessorImpl.invoke0(Native Method)
	at sun.reflect.NativeMethodAccessorImpl.invoke(NativeMethodAccessorImpl.java:39)
	at sun.reflect.DelegatingMethodAccessorImpl.invoke(DelegatingMethodAccessorImpl.java:25)
	at java.lang.reflect.Method.invoke(Method.java:597)
	at org.codehaus.classworlds.Launcher.launchEnhanced(Launcher.java:315)
	at org.codehaus.classworlds.Launcher.launch(Launcher.java:255)
	at org.codehaus.classworlds.Launcher.mainWithExitCode(Launcher.java:430)
	at org.codehaus.classworlds.Launcher.main(Launcher.java:375)
Caused by: org.apache.maven.project.ProjectBuildingException: Could not find the model file '/data/devel/jenkins/jobs/ImageJ/workspace/core/platform/pom.xml'. for project unknown
	at org.apache.maven.project.DefaultMavenProjectBuilder.readModel(DefaultMavenProjectBuilder.java:1575)
	at org.apache.maven.project.DefaultMavenProjectBuilder.buildFromSourceFileInternal(DefaultMavenProjectBuilder.java:506)
	at org.apache.maven.project.DefaultMavenProjectBuilder.build(DefaultMavenProjectBuilder.java:200)
	at org.apache.maven.DefaultMaven.getProject(DefaultMaven.java:604)
	at org.apache.maven.DefaultMaven.collectProjects(DefaultMaven.java:487)
	at org.apache.maven.DefaultMaven.collectProjects(DefaultMaven.java:560)
	at org.apache.maven.DefaultMaven.collectProjects(DefaultMaven.java:560)
	at org.apache.maven.DefaultMaven.getProjects(DefaultMaven.java:391)
	... 12 more
Caused by: java.io.FileNotFoundException: /data/devel/jenkins/jobs/ImageJ/workspace/core/platform/pom.xml (No such file or directory)
	at java.io.FileInputStream.open(Native Method)
	at java.io.FileInputStream.&lt;init&gt;(FileInputStream.java:120)
	at hidden.org.codehaus.plexus.util.xml.XmlReader.&lt;init&gt;(XmlReader.java:124)
	at hidden.org.codehaus.plexus.util.xml.XmlStreamReader.&lt;init&gt;(XmlStreamReader.java:67)
	at hidden.org.codehaus.plexus.util.ReaderFactory.newXmlReader(ReaderFactory.java:118)
	at org.apache.maven.project.DefaultMavenProjectBuilder.readModel(DefaultMavenProjectBuilder.java:1570)
	... 19 more
[INFO] ------------------------------------------------------------------------
[INFO] Total time: &lt; 1 second
[INFO] Finished at: Thu Aug 02 23:32:26 CDT 2012
[INFO] Final Memory: 4M/360M
[INFO] ------------------------------------------------------------------------
Build step 'Invoke top-level Maven targets' marked build as failure
Archiving artifacts
Performance: No threshold configured for making the test unstable
Performance: No threshold configured for making the test failure
Performance: Recording JUnit reports '**/TEST-*.xml'
Performance: Parsing JUnit report file TEST-imagej.ext.display.DisplayTest.xml
Performance: Parsing JUnit report file TEST-imagej.ext.menu.ShadowMenuTest.xml
Performance: Parsing JUnit report file TEST-imagej.object.ObjectIndexTest.xml
Performance: Parsing JUnit report file TEST-imagej.util.CheckSezpozTest.xml
Performance: Parsing JUnit report file TEST-imagej.util.ColorRGBTest.xml
Performance: Parsing JUnit report file TEST-imagej.util.FileUtilsTest.xml
Performance: Parsing JUnit report file TEST-imagej.util.PrefsTest.xml
Performance: Parsing JUnit report file TEST-imagej.util.UnitUtilsTest.xml
Performance: Parsing JUnit report file TEST-imagej.data.DatasetTest.xml
Performance: Parsing JUnit report file TEST-imagej.data.ExtentsTest.xml
Performance: Parsing JUnit report file TEST-imagej.data.PositionTest.xml
Performance: Parsing JUnit report file TEST-imagej.data.TestCursorSpeeds.xml
Performance: Parsing JUnit report file TEST-imagej.data.display.ImageCanvasTest.xml
Performance: Parsing JUnit report file TEST-imagej.data.overlay.TestBinaryMaskOverlay.xml
Performance: Parsing JUnit report file TEST-imagej.ext.display.DisplayTest.xml
Performance: Parsing JUnit report file TEST-imagej.ext.menu.ShadowMenuTest.xml
Performance: Parsing JUnit report file TEST-imagej.legacy.LegacyImageMapTest.xml
Performance: Parsing JUnit report file TEST-imagej.legacy.OverlayHarmonizerTest.xml
Performance: Parsing JUnit report file TEST-imagej.legacy.translate.LegacyUtilsTest.xml
Performance: Parsing JUnit report file TEST-imagej.updater.core.UpdaterTest.xml
Performance: Parsing JUnit report file TEST-imagej.updater.UpdaterGUITest.xml
Performance: Parsing JUnit report file TEST-imagej.updater.core.UpdaterGUITest.xml
Performance: File TEST-imagej.ext.display.DisplayTest.xml reported 0.0% of errors [SUCCESS]. Build status is: FAILURE
Performance: File TEST-imagej.ext.menu.ShadowMenuTest.xml reported 0.0% of errors [SUCCESS]. Build status is: FAILURE
Performance: File TEST-imagej.object.ObjectIndexTest.xml reported 0.0% of errors [SUCCESS]. Build status is: FAILURE
Performance: File TEST-imagej.util.CheckSezpozTest.xml reported 0.0% of errors [SUCCESS]. Build status is: FAILURE
Performance: File TEST-imagej.util.ColorRGBTest.xml reported 0.0% of errors [SUCCESS]. Build status is: FAILURE
Performance: File TEST-imagej.util.FileUtilsTest.xml reported 0.0% of errors [SUCCESS]. Build status is: FAILURE
Performance: File TEST-imagej.util.PrefsTest.xml reported 0.0% of errors [SUCCESS]. Build status is: FAILURE
Performance: File TEST-imagej.util.UnitUtilsTest.xml reported 0.0% of errors [SUCCESS]. Build status is: FAILURE
Performance: File TEST-imagej.data.DatasetTest.xml reported 0.0% of errors [SUCCESS]. Build status is: FAILURE
Performance: File TEST-imagej.data.ExtentsTest.xml reported 0.0% of errors [SUCCESS]. Build status is: FAILURE
Performance: File TEST-imagej.data.PositionTest.xml reported 0.0% of errors [SUCCESS]. Build status is: FAILURE
Performance: File TEST-imagej.data.TestCursorSpeeds.xml reported 0.0% of errors [SUCCESS]. Build status is: FAILURE
Performance: File TEST-imagej.data.display.ImageCanvasTest.xml reported 0.0% of errors [SUCCESS]. Build status is: FAILURE
Performance: File TEST-imagej.data.overlay.TestBinaryMaskOverlay.xml reported 0.0% of errors [SUCCESS]. Build status is: FAILURE
Performance: File TEST-imagej.ext.display.DisplayTest.xml reported 0.0% of errors [SUCCESS]. Build status is: FAILURE
Performance: File TEST-imagej.ext.menu.ShadowMenuTest.xml reported 0.0% of errors [SUCCESS]. Build status is: FAILURE
Performance: File TEST-imagej.legacy.LegacyImageMapTest.xml reported 0.0% of errors [SUCCESS]. Build status is: FAILURE
Performance: File TEST-imagej.legacy.OverlayHarmonizerTest.xml reported 0.0% of errors [SUCCESS]. Build status is: FAILURE
Performance: File TEST-imagej.legacy.translate.LegacyUtilsTest.xml reported 0.0% of errors [SUCCESS]. Build status is: FAILURE
Performance: File TEST-imagej.updater.core.UpdaterTest.xml reported 0.0% of errors [SUCCESS]. Build status is: FAILURE
Performance: File TEST-imagej.updater.UpdaterGUITest.xml reported 0.0% of errors [SUCCESS]. Build status is: FAILURE
Performance: File TEST-imagej.updater.core.UpdaterGUITest.xml reported 0.0% of errors [SUCCESS]. Build status is: FAILURE

</PRE>


<!--endarticle-->
    <HR>
    <P><UL>
        <!--threads-->
	<LI>Previous message: <A HREF="000341.html">[ImageJ-builds] Build failed in Jenkins: ImageJ #3457
</A></li>
	<LI>Next message: <A HREF="000345.html">[ImageJ-builds] Build failed in Jenkins: ImageJ #3459
</A></li>
         <LI> <B>Messages sorted by:</B> 
              <a href="date.html#344">[ date ]</a>
              <a href="thread.html#344">[ thread ]</a>
              <a href="subject.html#344">[ subject ]</a>
              <a href="author.html#344">[ author ]</a>
         </LI>
       </UL>

<hr>
<a href="http://imagej.net/mailman/listinfo/imagej-builds">More information about the ImageJ-builds
mailing list</a><br>
</body></html>
