<!DOCTYPE HTML PUBLIC "-//W3C//DTD HTML 4.01 Transitional//EN">
<HTML>
 <HEAD>
   <TITLE> [ImageJ-builds] Build failed in Jenkins: ImageJ-launcher &#187; master #483
   </TITLE>
   <LINK REL="Index" HREF="index.html" >
   <LINK REL="made" HREF="mailto:imagej-builds%40imagej.net?Subject=Re%3A%20%5BImageJ-builds%5D%20%3D%3Futf-8%3Fq%3FBuild_failed_in_Jenkins%3D3A_ImageJ-launc%3F%3D%0A%09%3D%3Futf-8%3Fq%3Fher_%3DC2%3DBB_master_%3D23483%3F%3D&In-Reply-To=%3C697503630.10.1344967788383.JavaMail.jenkins%40dev%3E">
   <META NAME="robots" CONTENT="index,nofollow">
   <style type="text/css">
       pre {
           white-space: pre-wrap;       /* css-2.1, curent FF, Opera, Safari */
           }
   </style>
   <META http-equiv="Content-Type" content="text/html; charset=us-ascii">
   <LINK REL="Previous"  HREF="000387.html">
   <LINK REL="Next"  HREF="000391.html">
 </HEAD>
 <BODY BGCOLOR="#ffffff">
   <H1>[ImageJ-builds] Build failed in Jenkins: ImageJ-launcher &#187; master #483</H1>
    <B>jenkins at imagej.net</B> 
    <A HREF="mailto:imagej-builds%40imagej.net?Subject=Re%3A%20%5BImageJ-builds%5D%20%3D%3Futf-8%3Fq%3FBuild_failed_in_Jenkins%3D3A_ImageJ-launc%3F%3D%0A%09%3D%3Futf-8%3Fq%3Fher_%3DC2%3DBB_master_%3D23483%3F%3D&In-Reply-To=%3C697503630.10.1344967788383.JavaMail.jenkins%40dev%3E"
       TITLE="[ImageJ-builds] Build failed in Jenkins: ImageJ-launcher &#187; master #483">jenkins at imagej.net
       </A><BR>
    <I>Tue Aug 14 13:09:48 CDT 2012</I>
    <P><UL>
        <LI>Previous message: <A HREF="000387.html">[ImageJ-builds] Build failed in Jenkins: ImageJ-launcher &#187; master #482
</A></li>
        <LI>Next message: <A HREF="000391.html">[ImageJ-builds] Build failed in Jenkins: ImageJ-launcher &#187; master #484
</A></li>
         <LI> <B>Messages sorted by:</B> 
              <a href="date.html#388">[ date ]</a>
              <a href="thread.html#388">[ thread ]</a>
              <a href="subject.html#388">[ subject ]</a>
              <a href="author.html#388">[ author ]</a>
         </LI>
       </UL>
    <HR>  
<!--beginarticle-->
<PRE>See &lt;<A HREF="http://jenkins.imagej.net/job/ImageJ-launcher/./label=master/483/changes">http://jenkins.imagej.net/job/ImageJ-launcher/./label=master/483/changes</A>&gt;

Changes:

[Johannes Schindelin] Updater (upload): do not try to verify timestamp on initial upload

[Johannes Schindelin] Updater (upload): handle upload of empty db.xml gracefully

[Johannes Schindelin] Updater (upload): ensure obsolete records are written

------------------------------------------
[...truncated 1394 lines...]
[DEBUG]       org.slf4j:slf4j-api:jar:1.5.6:runtime (selected for runtime)
[DEBUG]     org.slf4j:jcl-over-slf4j:jar:1.5.6:runtime (selected for runtime)
[DEBUG]     org.apache.maven.reporting:maven-reporting-api:jar:2.2.1:runtime (selected for runtime)
[DEBUG]       org.apache.maven.doxia:doxia-sink-api:jar:1.1:runtime (selected for runtime)
[DEBUG]         org.apache.maven.doxia:doxia-logging-api:jar:1.1:runtime (selected for runtime)
[DEBUG]           org.codehaus.plexus:plexus-container-default:jar:1.0-alpha-30:runtime (removed - nearer found: 1.0-alpha-9-stable-1)
[DEBUG]       org.apache.maven.doxia:doxia-logging-api:jar:1.1:runtime (selected for runtime)
[DEBUG]         org.codehaus.plexus:plexus-container-default:jar:1.0-alpha-30:runtime (removed - nearer found: 1.0-alpha-9-stable-1)
[DEBUG]     org.apache.maven:maven-profile:jar:2.2.1:runtime (removed - nearer found: 2.0.9)
[DEBUG]     org.apache.maven:maven-model:jar:2.2.1:runtime (removed - nearer found: 2.0.9)
[DEBUG]     org.apache.maven:maven-artifact:jar:2.2.1:runtime (removed - nearer found: 2.0.9)
[DEBUG]     org.apache.maven.wagon:wagon-provider-api:jar:1.0-beta-2:runtime (removed - nearer found: 1.0-beta-6)
[DEBUG]     org.apache.maven.wagon:wagon-provider-api:jar:1.0-beta-6:runtime (selected for runtime)
[DEBUG]       org.codehaus.plexus:plexus-utils:jar:1.4.2:runtime (removed - nearer found: 1.5.1)
[DEBUG]     org.apache.maven:maven-repository-metadata:jar:2.0.9:runtime (removed - nearer found: 2.2.1)
[DEBUG]     org.apache.maven:maven-repository-metadata:jar:2.2.1:runtime (selected for runtime)
[DEBUG]       org.codehaus.plexus:plexus-utils:jar:1.5.15:runtime (removed - nearer found: 1.5.1)
[DEBUG]     org.apache.maven:maven-error-diagnostics:jar:2.2.1:runtime (selected for runtime)
[DEBUG]     org.apache.maven:maven-project:jar:2.2.1:runtime (removed - nearer found: 2.0.9)
[DEBUG]     commons-cli:commons-cli:jar:1.2:runtime (selected for runtime)
[DEBUG]     org.apache.maven:maven-plugin-api:jar:2.2.1:runtime (removed - nearer found: 2.0.9)
[DEBUG]     org.apache.maven.wagon:wagon-ssh-external:jar:1.0-beta-6:runtime (selected for runtime)
[DEBUG]       org.codehaus.plexus:plexus-utils:jar:1.4.2:runtime (removed - nearer found: 1.5.1)
[DEBUG]       org.apache.maven.wagon:wagon-ssh-common:jar:1.0-beta-6:runtime (selected for runtime)
[DEBUG]         org.codehaus.plexus:plexus-utils:jar:1.4.2:runtime (removed - nearer found: 1.5.1)
[DEBUG]         org.codehaus.plexus:plexus-interactivity-api:jar:1.0-alpha-6:runtime (selected for runtime)
[DEBUG]           org.codehaus.plexus:plexus-utils:jar:1.4:runtime (removed - nearer found: 1.5.1)
[DEBUG]     org.apache.maven:maven-plugin-descriptor:jar:2.2.1:runtime (selected for runtime)
[DEBUG]       org.apache.maven:maven-plugin-api:jar:2.2.1:runtime (removed - nearer found: 2.0.9)
[DEBUG]       org.apache.maven:maven-artifact:jar:2.2.1:runtime (removed - nearer found: 2.0.9)
[DEBUG]     org.codehaus.plexus:plexus-interactivity-api:jar:1.0-alpha-6:runtime (removed - nearer found: 1.0-alpha-4)
[DEBUG]     org.codehaus.plexus:plexus-interactivity-api:jar:1.0-alpha-4:runtime (selected for runtime)
[DEBUG]     org.apache.maven:maven-artifact-manager:jar:2.2.1:runtime (removed - nearer found: 2.0.9)
[DEBUG]     org.apache.maven:maven-monitor:jar:2.2.1:runtime (selected for runtime)
[DEBUG]     org.apache.maven.wagon:wagon-ssh:jar:1.0-beta-6:runtime (selected for runtime)
[DEBUG]       com.jcraft:jsch:jar:0.1.38:runtime (selected for runtime)
[DEBUG]       org.codehaus.plexus:plexus-utils:jar:1.4.2:runtime (removed - nearer found: 1.5.1)
[DEBUG]     org.codehaus.plexus:plexus-utils:jar:1.5.15:runtime (removed - nearer found: 1.5.1)
[DEBUG]     classworlds:classworlds:jar:1.1-alpha-2:runtime (removed - nearer found: 1.1)
[DEBUG]     classworlds:classworlds:jar:1.1:runtime (selected for runtime)
[DEBUG]     org.sonatype.plexus:plexus-sec-dispatcher:jar:1.3:runtime (selected for runtime)
[DEBUG]       org.codehaus.plexus:plexus-utils:jar:1.5.5:runtime (removed - nearer found: 1.5.1)
[DEBUG]       org.sonatype.plexus:plexus-cipher:jar:1.4:runtime (selected for runtime)
[DEBUG] Retrieving parent-POM: org.codehaus.plexus:plexus-containers:pom:1.5.4 for project: null:plexus-container-default:jar:null from the repository.
[DEBUG] Retrieving parent-POM: org.codehaus.plexus:plexus:pom:2.0.5 for project: null:plexus-containers:pom:1.5.4 from the repository.
[DEBUG] Adding managed dependencies for unknown:plexus-container-default
[DEBUG]   org.codehaus.plexus:plexus-container-default:jar:1.5.4
[DEBUG]   org.codehaus.plexus:plexus-component-annotations:jar:1.5.4
[DEBUG]   org.codehaus.plexus:plexus-component-metadata:jar:1.5.4
[DEBUG]   org.codehaus.plexus:plexus-classworlds:jar:2.2.2
[DEBUG]   org.codehaus.plexus:plexus-utils:jar:1.4.5
[DEBUG]   org.apache.xbean:xbean-reflect:jar:3.4
[DEBUG]   com.thoughtworks.qdox:qdox:jar:1.9.2
[DEBUG]   jdom:jdom:jar:1.0
[DEBUG]   org.apache.maven:maven-plugin-api:jar:2.0.9
[DEBUG]   org.apache.maven:maven-model:jar:2.0.9
[DEBUG]   org.apache.maven:maven-project:jar:2.0.9
[DEBUG]   com.google.collections:google-collections:jar:1.0
[DEBUG]   junit:junit:jar:3.8.2
[DEBUG]   org.codehaus.plexus:plexus-container-default:jar:1.0-alpha-9-stable-1:runtime (removed - nearer found: 1.5.4)
[DEBUG]   org.codehaus.plexus:plexus-container-default:jar:1.5.4:runtime (selected for runtime)
[DEBUG]     org.codehaus.plexus:plexus-utils:jar:1.4.5:runtime (removed - nearer found: 1.5.1)
[DEBUG] Retrieving parent-POM: org.codehaus.plexus:plexus:pom:2.0.3 for project: org.codehaus.plexus:plexus-classworlds:jar:2.2.2 from the repository.
[DEBUG]     org.codehaus.plexus:plexus-classworlds:jar:2.2.2:runtime (selected for runtime)
[DEBUG] Retrieving parent-POM: org.apache.xbean:xbean:pom:3.4 for project: null:xbean-reflect:bundle:null from the repository.
[DEBUG] Adding managed dependencies for unknown:xbean-reflect
[DEBUG]   ant:ant:jar:1.6.2
[DEBUG]   cglib:cglib-nodep:jar:2.1_2
[DEBUG]   commons-beanutils:commons-beanutils:jar:1.7.0
[DEBUG]   commons-logging:commons-logging:jar:1.0.3
[DEBUG]   groovy:groovy:jar:1.0-jsr-03
[DEBUG]   mx4j:mx4j:jar:3.0.1
[DEBUG]   org.springframework:spring-beans:jar:2.0.5
[DEBUG]   org.springframework:spring-context:jar:2.0.5
[DEBUG]   org.springframework:spring-web:jar:2.0.5
[DEBUG]   org.springframework:spring-jmx:jar:2.0.5
[DEBUG]   com.thoughtworks.qdox:qdox:jar:1.6.3
[DEBUG]     org.apache.xbean:xbean-reflect:jar:3.4:runtime (selected for runtime)
[DEBUG]       log4j:log4j:jar:1.2.12:runtime (selected for runtime)
[DEBUG]       commons-logging:commons-logging-api:jar:1.1:runtime (selected for runtime)
[DEBUG] Retrieving parent-POM: com.google:google:pom:1 for project: com.google.collections:google-collections:jar:1.0 from the repository.
[DEBUG]     com.google.collections:google-collections:jar:1.0:runtime (selected for runtime)
[DEBUG]     junit:junit:jar:3.8.2:runtime (selected for runtime)
[DEBUG] Retrieving parent-POM: org.codehaus.plexus:plexus-compiler:pom:1.8 for project: null:plexus-compiler-api:jar:null from the repository.
[DEBUG] Retrieving parent-POM: org.codehaus.plexus:plexus-components:pom:1.1.17 for project: null:plexus-compiler:pom:1.8 from the repository.
[DEBUG] Adding managed dependencies for unknown:plexus-compiler-api
[DEBUG]   org.codehaus.plexus:plexus-compiler-api:jar:1.8
[DEBUG]   org.codehaus.plexus:plexus-compiler-test:jar:1.8
[DEBUG]   org.codehaus.plexus:plexus-container-default:jar:1.0-alpha-9-stable-1
[DEBUG]   org.codehaus.plexus:plexus-utils:jar:1.5.5
[DEBUG]   junit:junit:jar:3.8.2:test
[DEBUG]   org.codehaus.plexus:plexus-compiler-api:jar:1.8:runtime (selected for runtime)
[DEBUG]     org.codehaus.plexus:plexus-utils:jar:1.5.5:runtime (removed - nearer found: 1.5.1)
[DEBUG] Retrieving parent-POM: org.codehaus.plexus:plexus:pom:2.0.6 for project: null:plexus-utils:jar:2.0.5 from the repository.
[DEBUG]   org.codehaus.plexus:plexus-utils:jar:1.5.1:runtime (removed - nearer found: 2.0.5)
[DEBUG]   org.codehaus.plexus:plexus-utils:jar:2.0.5:runtime (selected for runtime)
[DEBUG] Adding managed dependencies for unknown:plexus-archiver
[DEBUG]   org.codehaus.plexus:plexus-container-default:jar:1.0-alpha-9-stable-1
[DEBUG]   org.codehaus.plexus:plexus-utils:jar:1.5.5
[DEBUG]   junit:junit:jar:3.8.2:test
[DEBUG]   org.codehaus.plexus:plexus-archiver:jar:1.0:runtime (selected for runtime)
[DEBUG]     org.codehaus.plexus:plexus-container-default:jar:1.0-alpha-9-stable-1:runtime (removed - nearer found: 1.5.4)
[DEBUG] Adding managed dependencies for unknown:plexus-io
[DEBUG]   org.codehaus.plexus:plexus-container-default:jar:1.0-alpha-9-stable-1
[DEBUG]   org.codehaus.plexus:plexus-utils:jar:1.5.5
[DEBUG]   junit:junit:jar:3.8.2:test
[DEBUG]     org.codehaus.plexus:plexus-io:jar:1.0:runtime (selected for runtime)
[DEBUG] Skipping disabled repository central
[DEBUG] Skipping disabled repository central
[INFO] ------------------------------------------------------------------------
[ERROR] BUILD ERROR
[INFO] ------------------------------------------------------------------------
[INFO] Error building POM (may not be this project's POM).


Project ID: net.sf.antcontrib:cpptasks-parallel

Reason: Error getting POM for 'net.sf.antcontrib:cpptasks-parallel' from the repository: Unable to read local copy of metadata: Cannot read metadata from '/var/lib/jenkins/.m2/repository/net/sf/antcontrib/cpptasks-parallel/1.0-beta-5-parallel-1-SNAPSHOT/maven-metadata-apache.snapshots.xml': end tag name &lt;/body&gt; must match start tag name &lt;hr&gt; from line 7 (position: TEXT seen ...&lt;/address&gt;\n&lt;/body&gt;... @9:8) 
  net.sf.antcontrib:cpptasks-parallel:pom:1.0-beta-5-parallel-1-SNAPSHOT


 for project net.sf.antcontrib:cpptasks-parallel


[INFO] ------------------------------------------------------------------------
[DEBUG] Trace
org.apache.maven.lifecycle.LifecycleExecutionException: Unable to get dependency information: Unable to read the metadata file for artifact 'net.sf.antcontrib:cpptasks-parallel:jar': Error getting POM for 'net.sf.antcontrib:cpptasks-parallel' from the repository: Unable to read local copy of metadata: Cannot read metadata from '/var/lib/jenkins/.m2/repository/net/sf/antcontrib/cpptasks-parallel/1.0-beta-5-parallel-1-SNAPSHOT/maven-metadata-apache.snapshots.xml': end tag name &lt;/body&gt; must match start tag name &lt;hr&gt; from line 7 (position: TEXT seen ...&lt;/address&gt;\n&lt;/body&gt;... @9:8) 
  net.sf.antcontrib:cpptasks-parallel:pom:1.0-beta-5-parallel-1-SNAPSHOT


 for project net.sf.antcontrib:cpptasks-parallel
  net.sf.antcontrib:cpptasks-parallel:jar:1.0-beta-5-parallel-1-SNAPSHOT

from the specified remote repositories:
  imagej.releases (<A HREF="http://maven.imagej.net/content/repositories/releases">http://maven.imagej.net/content/repositories/releases</A>),
  loci.releases (<A HREF="http://dev.loci.wisc.edu/maven2/releases">http://dev.loci.wisc.edu/maven2/releases</A>),
  java.net (<A HREF="http://download.java.net/maven/2">http://download.java.net/maven/2</A>),
  loci.snapshots (<A HREF="http://dev.loci.wisc.edu/maven2/snapshots">http://dev.loci.wisc.edu/maven2/snapshots</A>),
  mvnplugins.fusesource.org (<A HREF="http://mvnplugins.fusesource.org/repo/release">http://mvnplugins.fusesource.org/repo/release</A>),
  apache.snapshots (<A HREF="http://repository.apache.org/snapshots">http://repository.apache.org/snapshots</A>),
  central (<A HREF="http://repo1.maven.org/maven2">http://repo1.maven.org/maven2</A>),
  imagej.snapshots (<A HREF="http://maven.imagej.net/content/repositories/snapshots">http://maven.imagej.net/content/repositories/snapshots</A>),
  imagej.thirdparty (<A HREF="http://maven.imagej.net/content/repositories/thirdparty">http://maven.imagej.net/content/repositories/thirdparty</A>)

Path to dependency: 
	1) org.apache.maven.plugins:maven-nar-plugin:maven-plugin:2.1-SNAPSHOT


	at org.apache.maven.lifecycle.DefaultLifecycleExecutor.loadPluginFully(DefaultLifecycleExecutor.java:1607)
	at org.apache.maven.lifecycle.DefaultLifecycleExecutor.findArtifactTypeHandlersInPlugins(DefaultLifecycleExecutor.java:1468)
	at org.apache.maven.lifecycle.DefaultLifecycleExecutor.findExtensions(DefaultLifecycleExecutor.java:222)
	at org.apache.maven.lifecycle.DefaultLifecycleExecutor.execute(DefaultLifecycleExecutor.java:178)
	at org.apache.maven.DefaultMaven.doExecute(DefaultMaven.java:328)
	at org.apache.maven.DefaultMaven.execute(DefaultMaven.java:138)
	at org.apache.maven.cli.MavenCli.main(MavenCli.java:362)
	at org.apache.maven.cli.compat.CompatibleMain.main(CompatibleMain.java:60)
	at sun.reflect.NativeMethodAccessorImpl.invoke0(Native Method)
	at sun.reflect.NativeMethodAccessorImpl.invoke(NativeMethodAccessorImpl.java:39)
	at sun.reflect.DelegatingMethodAccessorImpl.invoke(DelegatingMethodAccessorImpl.java:25)
	at java.lang.reflect.Method.invoke(Method.java:597)
	at org.codehaus.classworlds.Launcher.launchEnhanced(Launcher.java:315)
	at org.codehaus.classworlds.Launcher.launch(Launcher.java:255)
	at org.codehaus.classworlds.Launcher.mainWithExitCode(Launcher.java:430)
	at org.codehaus.classworlds.Launcher.main(Launcher.java:375)
Caused by: org.apache.maven.artifact.resolver.ArtifactResolutionException: Unable to get dependency information: Unable to read the metadata file for artifact 'net.sf.antcontrib:cpptasks-parallel:jar': Error getting POM for 'net.sf.antcontrib:cpptasks-parallel' from the repository: Unable to read local copy of metadata: Cannot read metadata from '/var/lib/jenkins/.m2/repository/net/sf/antcontrib/cpptasks-parallel/1.0-beta-5-parallel-1-SNAPSHOT/maven-metadata-apache.snapshots.xml': end tag name &lt;/body&gt; must match start tag name &lt;hr&gt; from line 7 (position: TEXT seen ...&lt;/address&gt;\n&lt;/body&gt;... @9:8) 
  net.sf.antcontrib:cpptasks-parallel:pom:1.0-beta-5-parallel-1-SNAPSHOT


 for project net.sf.antcontrib:cpptasks-parallel
  net.sf.antcontrib:cpptasks-parallel:jar:1.0-beta-5-parallel-1-SNAPSHOT

from the specified remote repositories:
  imagej.releases (<A HREF="http://maven.imagej.net/content/repositories/releases">http://maven.imagej.net/content/repositories/releases</A>),
  loci.releases (<A HREF="http://dev.loci.wisc.edu/maven2/releases">http://dev.loci.wisc.edu/maven2/releases</A>),
  java.net (<A HREF="http://download.java.net/maven/2">http://download.java.net/maven/2</A>),
  loci.snapshots (<A HREF="http://dev.loci.wisc.edu/maven2/snapshots">http://dev.loci.wisc.edu/maven2/snapshots</A>),
  mvnplugins.fusesource.org (<A HREF="http://mvnplugins.fusesource.org/repo/release">http://mvnplugins.fusesource.org/repo/release</A>),
  apache.snapshots (<A HREF="http://repository.apache.org/snapshots">http://repository.apache.org/snapshots</A>),
  central (<A HREF="http://repo1.maven.org/maven2">http://repo1.maven.org/maven2</A>),
  imagej.snapshots (<A HREF="http://maven.imagej.net/content/repositories/snapshots">http://maven.imagej.net/content/repositories/snapshots</A>),
  imagej.thirdparty (<A HREF="http://maven.imagej.net/content/repositories/thirdparty">http://maven.imagej.net/content/repositories/thirdparty</A>)

Path to dependency: 
	1) org.apache.maven.plugins:maven-nar-plugin:maven-plugin:2.1-SNAPSHOT


	at org.apache.maven.artifact.resolver.DefaultArtifactCollector.recurse(DefaultArtifactCollector.java:430)
	at org.apache.maven.artifact.resolver.DefaultArtifactCollector.collect(DefaultArtifactCollector.java:74)
	at org.apache.maven.artifact.resolver.DefaultArtifactResolver.resolveTransitively(DefaultArtifactResolver.java:316)
	at org.apache.maven.artifact.resolver.DefaultArtifactResolver.resolveTransitively(DefaultArtifactResolver.java:304)
	at org.apache.maven.plugin.DefaultPluginManager.ensurePluginContainerIsComplete(DefaultPluginManager.java:835)
	at org.apache.maven.plugin.DefaultPluginManager.loadPluginFully(DefaultPluginManager.java:1629)
	at org.apache.maven.lifecycle.DefaultLifecycleExecutor.loadPluginFully(DefaultLifecycleExecutor.java:1582)
	... 15 more
Caused by: org.apache.maven.artifact.metadata.ArtifactMetadataRetrievalException: Unable to read the metadata file for artifact 'net.sf.antcontrib:cpptasks-parallel:jar': Error getting POM for 'net.sf.antcontrib:cpptasks-parallel' from the repository: Unable to read local copy of metadata: Cannot read metadata from '/var/lib/jenkins/.m2/repository/net/sf/antcontrib/cpptasks-parallel/1.0-beta-5-parallel-1-SNAPSHOT/maven-metadata-apache.snapshots.xml': end tag name &lt;/body&gt; must match start tag name &lt;hr&gt; from line 7 (position: TEXT seen ...&lt;/address&gt;\n&lt;/body&gt;... @9:8) 
  net.sf.antcontrib:cpptasks-parallel:pom:1.0-beta-5-parallel-1-SNAPSHOT


 for project net.sf.antcontrib:cpptasks-parallel
	at org.apache.maven.project.artifact.MavenMetadataSource.retrieveRelocatedProject(MavenMetadataSource.java:200)
	at org.apache.maven.project.artifact.MavenMetadataSource.retrieveRelocatedArtifact(MavenMetadataSource.java:94)
	at org.apache.maven.artifact.resolver.DefaultArtifactCollector.recurse(DefaultArtifactCollector.java:387)
	... 21 more
Caused by: org.apache.maven.project.ProjectBuildingException: Error getting POM for 'net.sf.antcontrib:cpptasks-parallel' from the repository: Unable to read local copy of metadata: Cannot read metadata from '/var/lib/jenkins/.m2/repository/net/sf/antcontrib/cpptasks-parallel/1.0-beta-5-parallel-1-SNAPSHOT/maven-metadata-apache.snapshots.xml': end tag name &lt;/body&gt; must match start tag name &lt;hr&gt; from line 7 (position: TEXT seen ...&lt;/address&gt;\n&lt;/body&gt;... @9:8) 
  net.sf.antcontrib:cpptasks-parallel:pom:1.0-beta-5-parallel-1-SNAPSHOT


 for project net.sf.antcontrib:cpptasks-parallel
	at org.apache.maven.project.DefaultMavenProjectBuilder.findModelFromRepository(DefaultMavenProjectBuilder.java:592)
	at org.apache.maven.project.DefaultMavenProjectBuilder.buildFromRepository(DefaultMavenProjectBuilder.java:251)
	at org.apache.maven.project.artifact.MavenMetadataSource.retrieveRelocatedProject(MavenMetadataSource.java:163)
	... 23 more
Caused by: org.apache.maven.artifact.resolver.ArtifactResolutionException: Unable to read local copy of metadata: Cannot read metadata from '/var/lib/jenkins/.m2/repository/net/sf/antcontrib/cpptasks-parallel/1.0-beta-5-parallel-1-SNAPSHOT/maven-metadata-apache.snapshots.xml': end tag name &lt;/body&gt; must match start tag name &lt;hr&gt; from line 7 (position: TEXT seen ...&lt;/address&gt;\n&lt;/body&gt;... @9:8) 
  net.sf.antcontrib:cpptasks-parallel:pom:1.0-beta-5-parallel-1-SNAPSHOT



	at org.apache.maven.artifact.transform.SnapshotTransformation.transformForResolve(SnapshotTransformation.java:68)
	at org.apache.maven.artifact.transform.DefaultArtifactTransformationManager.transformForResolve(DefaultArtifactTransformationManager.java:55)
	at org.apache.maven.artifact.resolver.DefaultArtifactResolver.resolve(DefaultArtifactResolver.java:145)
	at org.apache.maven.artifact.resolver.DefaultArtifactResolver.resolve(DefaultArtifactResolver.java:90)
	at org.apache.maven.project.DefaultMavenProjectBuilder.findModelFromRepository(DefaultMavenProjectBuilder.java:558)
	... 25 more
Caused by: org.apache.maven.artifact.repository.metadata.RepositoryMetadataResolutionException: Unable to read local copy of metadata: Cannot read metadata from '/var/lib/jenkins/.m2/repository/net/sf/antcontrib/cpptasks-parallel/1.0-beta-5-parallel-1-SNAPSHOT/maven-metadata-apache.snapshots.xml': end tag name &lt;/body&gt; must match start tag name &lt;hr&gt; from line 7 (position: TEXT seen ...&lt;/address&gt;\n&lt;/body&gt;... @9:8) 
	at org.apache.maven.artifact.repository.metadata.DefaultRepositoryMetadataManager.resolve(DefaultRepositoryMetadataManager.java:175)
	at org.apache.maven.artifact.transform.AbstractVersionTransformation.resolveVersion(AbstractVersionTransformation.java:65)
	at org.apache.maven.artifact.transform.SnapshotTransformation.transformForResolve(SnapshotTransformation.java:63)
	... 29 more
Caused by: org.apache.maven.artifact.repository.metadata.RepositoryMetadataReadException: Cannot read metadata from '/var/lib/jenkins/.m2/repository/net/sf/antcontrib/cpptasks-parallel/1.0-beta-5-parallel-1-SNAPSHOT/maven-metadata-apache.snapshots.xml': end tag name &lt;/body&gt; must match start tag name &lt;hr&gt; from line 7 (position: TEXT seen ...&lt;/address&gt;\n&lt;/body&gt;... @9:8) 
	at org.apache.maven.artifact.repository.metadata.DefaultRepositoryMetadataManager.readMetadata(DefaultRepositoryMetadataManager.java:323)
	at org.apache.maven.artifact.repository.metadata.DefaultRepositoryMetadataManager.loadMetadata(DefaultRepositoryMetadataManager.java:275)
	at org.apache.maven.artifact.repository.metadata.DefaultRepositoryMetadataManager.mergeMetadata(DefaultRepositoryMetadataManager.java:198)
	at org.apache.maven.artifact.repository.metadata.DefaultRepositoryMetadataManager.resolve(DefaultRepositoryMetadataManager.java:166)
	... 31 more
Caused by: org.codehaus.plexus.util.xml.pull.XmlPullParserException: end tag name &lt;/body&gt; must match start tag name &lt;hr&gt; from line 7 (position: TEXT seen ...&lt;/address&gt;\n&lt;/body&gt;... @9:8) 
	at hidden.org.codehaus.plexus.util.xml.pull.MXParser.parseEndTag(MXParser.java:1698)
	at hidden.org.codehaus.plexus.util.xml.pull.MXParser.nextImpl(MXParser.java:1143)
	at hidden.org.codehaus.plexus.util.xml.pull.MXParser.next(MXParser.java:1105)
	at org.apache.maven.artifact.repository.metadata.io.xpp3.MetadataXpp3Reader.parseMetadata(MetadataXpp3Reader.java:502)
	at org.apache.maven.artifact.repository.metadata.io.xpp3.MetadataXpp3Reader.read(MetadataXpp3Reader.java:951)
	at org.apache.maven.artifact.repository.metadata.DefaultRepositoryMetadataManager.readMetadata(DefaultRepositoryMetadataManager.java:310)
	... 34 more
[INFO] ------------------------------------------------------------------------
[INFO] Total time: 2 seconds
[INFO] Finished at: Tue Aug 14 13:09:48 CDT 2012
[INFO] Final Memory: 18M/178M
[INFO] ------------------------------------------------------------------------
Build step 'Execute shell' marked build as failure
Archiving artifacts

</PRE>



<!--endarticle-->
    <HR>
    <P><UL>
        <!--threads-->
	<LI>Previous message: <A HREF="000387.html">[ImageJ-builds] Build failed in Jenkins: ImageJ-launcher &#187; master #482
</A></li>
	<LI>Next message: <A HREF="000391.html">[ImageJ-builds] Build failed in Jenkins: ImageJ-launcher &#187; master #484
</A></li>
         <LI> <B>Messages sorted by:</B> 
              <a href="date.html#388">[ date ]</a>
              <a href="thread.html#388">[ thread ]</a>
              <a href="subject.html#388">[ subject ]</a>
              <a href="author.html#388">[ author ]</a>
         </LI>
       </UL>

<hr>
<a href="http://imagej.net/mailman/listinfo/imagej-builds">More information about the ImageJ-builds
mailing list</a><br>
</body></html>
