<!DOCTYPE HTML PUBLIC "-//W3C//DTD HTML 4.01 Transitional//EN">
<HTML>
 <HEAD>
   <TITLE> [ImageJ-builds] Build failed in Jenkins: ImageJ-OMERO #136
   </TITLE>
   <LINK REL="Index" HREF="index.html" >
   <LINK REL="made" HREF="mailto:imagej-builds%40imagej.net?Subject=Re%3A%20%5BImageJ-builds%5D%20Build%20failed%20in%20Jenkins%3A%20ImageJ-OMERO%20%23136&In-Reply-To=%3C920011742.76.1448082213309.JavaMail.jenkins%40dev%3E">
   <META NAME="robots" CONTENT="index,nofollow">
   <style type="text/css">
       pre {
           white-space: pre-wrap;       /* css-2.1, curent FF, Opera, Safari */
           }
   </style>
   <META http-equiv="Content-Type" content="text/html; charset=us-ascii">
   <LINK REL="Previous"  HREF="011600.html">
   <LINK REL="Next"  HREF="011642.html">
 </HEAD>
 <BODY BGCOLOR="#ffffff">
   <H1>[ImageJ-builds] Build failed in Jenkins: ImageJ-OMERO #136</H1>
    <B>jenkins at imagej.net</B> 
    <A HREF="mailto:imagej-builds%40imagej.net?Subject=Re%3A%20%5BImageJ-builds%5D%20Build%20failed%20in%20Jenkins%3A%20ImageJ-OMERO%20%23136&In-Reply-To=%3C920011742.76.1448082213309.JavaMail.jenkins%40dev%3E"
       TITLE="[ImageJ-builds] Build failed in Jenkins: ImageJ-OMERO #136">jenkins at imagej.net
       </A><BR>
    <I>Fri Nov 20 23:03:33 CST 2015</I>
    <P><UL>
        <LI>Previous message: <A HREF="011600.html">[ImageJ-builds] Build failed in Jenkins: ImageJ-OMERO #135
</A></li>
        <LI>Next message: <A HREF="011642.html">[ImageJ-builds] Jenkins build is back to normal : ImageJ-OMERO #137
</A></li>
         <LI> <B>Messages sorted by:</B> 
              <a href="date.html#11622">[ date ]</a>
              <a href="thread.html#11622">[ thread ]</a>
              <a href="subject.html#11622">[ subject ]</a>
              <a href="author.html#11622">[ author ]</a>
         </LI>
       </UL>
    <HR>  
<!--beginarticle-->
<PRE>See &lt;<A HREF="http://jenkins.imagej.net/job/ImageJ-OMERO/136/changes">http://jenkins.imagej.net/job/ImageJ-OMERO/136/changes</A>&gt;

Changes:

[Curtis Rueden] POM: bump parent to pom-imagej 14.0.0

------------------------------------------
[...truncated 256 lines...]
org.scijava.log.StderrLogService [priority = -100.0]
org.scijava.platform.DefaultAppEventService [priority = -100.0]
org.scijava.cache.DefaultCacheService [priority = -10000.0]

-- Classpath of ClassLoader --
/data/devel/jenkins-maven/workspace/ImageJ-OMERO/target/surefire/surefirebooter860282725055205625.jar

	at org.scijava.Context.inject(Context.java:440)
	at org.scijava.Context.inject(Context.java:372)
	at org.scijava.plugin.DefaultPluginService.createInstance(DefaultPluginService.java:237)
	at org.scijava.plugin.DefaultPluginService.createInstances(DefaultPluginService.java:225)
	at org.scijava.plugin.DefaultPluginService.createInstancesOfType(DefaultPluginService.java:216)
	at org.scijava.plugin.AbstractSingletonService.initInstances(AbstractSingletonService.java:123)
	at org.scijava.plugin.AbstractSingletonService.getInstances(AbstractSingletonService.java:72)
	at org.scijava.plugin.AbstractHandlerService.getHandler(AbstractHandlerService.java:49)
	at org.scijava.util.ConversionUtils.handler(ConversionUtils.java:281)
	at org.scijava.util.ConversionUtils.convert(ConversionUtils.java:205)
	at org.scijava.util.ClassUtils.setValue(ClassUtils.java:568)
	at io.scif.DefaultMetadataService.populate(DefaultMetadataService.java:114)
	at net.imagej.omero.OMEROFormat.parseArguments(OMEROFormat.java:622)
	at net.imagej.omero.OMEROFormatTest.testParseArguments(OMEROFormatTest.java:99)
	at sun.reflect.NativeMethodAccessorImpl.invoke0(Native Method)
	at sun.reflect.NativeMethodAccessorImpl.invoke(NativeMethodAccessorImpl.java:57)
	at sun.reflect.DelegatingMethodAccessorImpl.invoke(DelegatingMethodAccessorImpl.java:43)
	at java.lang.reflect.Method.invoke(Method.java:606)
	at org.junit.runners.model.FrameworkMethod$1.runReflectiveCall(FrameworkMethod.java:47)
	at org.junit.internal.runners.model.ReflectiveCallable.run(ReflectiveCallable.java:12)
	at org.junit.runners.model.FrameworkMethod.invokeExplosively(FrameworkMethod.java:44)
	at org.junit.internal.runners.statements.InvokeMethod.evaluate(InvokeMethod.java:17)
	at org.junit.runners.ParentRunner.runLeaf(ParentRunner.java:271)
	at org.junit.runners.BlockJUnit4ClassRunner.runChild(BlockJUnit4ClassRunner.java:70)
	at org.junit.runners.BlockJUnit4ClassRunner.runChild(BlockJUnit4ClassRunner.java:50)
	at org.junit.runners.ParentRunner$3.run(ParentRunner.java:238)
	at org.junit.runners.ParentRunner$1.schedule(ParentRunner.java:63)
	at org.junit.runners.ParentRunner.runChildren(ParentRunner.java:236)
	at org.junit.runners.ParentRunner.access$000(ParentRunner.java:53)
	at org.junit.runners.ParentRunner$2.evaluate(ParentRunner.java:229)
	at org.junit.runners.ParentRunner.run(ParentRunner.java:309)
	at org.apache.maven.surefire.junit4.JUnit4Provider.execute(JUnit4Provider.java:264)
	at org.apache.maven.surefire.junit4.JUnit4Provider.executeTestSet(JUnit4Provider.java:153)
	at org.apache.maven.surefire.junit4.JUnit4Provider.invoke(JUnit4Provider.java:124)
	at org.apache.maven.surefire.booter.ForkedBooter.invokeProviderInSameClassLoader(ForkedBooter.java:200)
	at org.apache.maven.surefire.booter.ForkedBooter.runSuitesInProcess(ForkedBooter.java:153)
	at org.apache.maven.surefire.booter.ForkedBooter.main(ForkedBooter.java:103)
Tests run: 3, Failures: 0, Errors: 0, Skipped: 0, Time elapsed: 2.291 sec - in net.imagej.omero.OMEROFormatTest
Running net.imagej.omero.OMEROServiceTest
[WARNING] Invalid service: net.imagej.omero.DefaultOMEROService
[WARNING] Invalid service: net.imagej.omero.DefaultOMEROService
Tests run: 2, Failures: 0, Errors: 2, Skipped: 0, Time elapsed: 0.244 sec &lt;&lt;&lt; FAILURE! - in net.imagej.omero.OMEROServiceTest
testGetJobParam(net.imagej.omero.OMEROServiceTest)  Time elapsed: 0.146 sec  &lt;&lt;&lt; ERROR!
java.lang.IllegalArgumentException: Invalid service: net.imagej.omero.DefaultOMEROService
	at net.imagej.legacy.LegacyService.checkInstance(LegacyService.java:661)
	at net.imagej.legacy.LegacyService.initialize(LegacyService.java:461)
	at org.scijava.service.ServiceHelper.createServiceRecursively(ServiceHelper.java:353)
	at org.scijava.service.ServiceHelper.createExactService(ServiceHelper.java:269)
	at org.scijava.service.ServiceHelper.loadService(ServiceHelper.java:231)
	at org.scijava.service.ServiceHelper.createServiceRecursively(ServiceHelper.java:340)
	at org.scijava.service.ServiceHelper.createExactService(ServiceHelper.java:269)
	at org.scijava.service.ServiceHelper.loadService(ServiceHelper.java:231)
	at org.scijava.service.ServiceHelper.loadService(ServiceHelper.java:194)
	at org.scijava.service.ServiceHelper.loadServices(ServiceHelper.java:170)
	at org.scijava.Context.&lt;init&gt;(Context.java:267)
	at org.scijava.Context.&lt;init&gt;(Context.java:224)
	at org.scijava.Context.&lt;init&gt;(Context.java:163)
	at org.scijava.Context.&lt;init&gt;(Context.java:149)
	at net.imagej.omero.OMEROServiceTest.createService(OMEROServiceTest.java:208)
	at net.imagej.omero.OMEROServiceTest.testGetJobParam(OMEROServiceTest.java:74)
Caused by: java.lang.Throwable: Initialized here:
	at net.imagej.legacy.LegacyService.initialize(LegacyService.java:479)
	at org.scijava.service.ServiceHelper.createServiceRecursively(ServiceHelper.java:353)
	at org.scijava.service.ServiceHelper.createExactService(ServiceHelper.java:269)
	at org.scijava.service.ServiceHelper.loadService(ServiceHelper.java:231)
	at org.scijava.service.ServiceHelper.createServiceRecursively(ServiceHelper.java:340)
	at org.scijava.service.ServiceHelper.createExactService(ServiceHelper.java:269)
	at org.scijava.service.ServiceHelper.loadService(ServiceHelper.java:231)
	at org.scijava.service.ServiceHelper.loadService(ServiceHelper.java:194)
	at org.scijava.service.ServiceHelper.loadServices(ServiceHelper.java:166)
	at org.scijava.Context.&lt;init&gt;(Context.java:267)
	at org.scijava.Context.&lt;init&gt;(Context.java:224)
	at org.scijava.Context.&lt;init&gt;(Context.java:163)
	at org.scijava.Context.&lt;init&gt;(Context.java:149)
	at io.scif.SCIFIO.&lt;init&gt;(SCIFIO.java:85)
	at net.imagej.omero.OMEROFormatTest.&lt;clinit&gt;(OMEROFormatTest.java:48)
	at sun.reflect.NativeConstructorAccessorImpl.newInstance0(Native Method)
	at sun.reflect.NativeConstructorAccessorImpl.newInstance(NativeConstructorAccessorImpl.java:57)
	at sun.reflect.DelegatingConstructorAccessorImpl.newInstance(DelegatingConstructorAccessorImpl.java:45)
	at java.lang.reflect.Constructor.newInstance(Constructor.java:526)
	at org.junit.runners.BlockJUnit4ClassRunner.createTest(BlockJUnit4ClassRunner.java:195)
	at org.junit.runners.BlockJUnit4ClassRunner$1.runReflectiveCall(BlockJUnit4ClassRunner.java:244)
	at org.junit.internal.runners.model.ReflectiveCallable.run(ReflectiveCallable.java:12)
	at org.junit.runners.BlockJUnit4ClassRunner.methodBlock(BlockJUnit4ClassRunner.java:241)
	at org.junit.runners.BlockJUnit4ClassRunner.runChild(BlockJUnit4ClassRunner.java:70)
	at org.junit.runners.BlockJUnit4ClassRunner.runChild(BlockJUnit4ClassRunner.java:50)
	at org.junit.runners.ParentRunner$3.run(ParentRunner.java:238)
	at org.junit.runners.ParentRunner$1.schedule(ParentRunner.java:63)
	at org.junit.runners.ParentRunner.runChildren(ParentRunner.java:236)
	at org.junit.runners.ParentRunner.access$000(ParentRunner.java:53)
	at org.junit.runners.ParentRunner$2.evaluate(ParentRunner.java:229)
	at org.junit.runners.ParentRunner.run(ParentRunner.java:309)
	at org.apache.maven.surefire.junit4.JUnit4Provider.execute(JUnit4Provider.java:264)
	at org.apache.maven.surefire.junit4.JUnit4Provider.executeTestSet(JUnit4Provider.java:153)
	at org.apache.maven.surefire.junit4.JUnit4Provider.invoke(JUnit4Provider.java:124)
	at org.apache.maven.surefire.booter.ForkedBooter.invokeProviderInSameClassLoader(ForkedBooter.java:200)
	at org.apache.maven.surefire.booter.ForkedBooter.runSuitesInProcess(ForkedBooter.java:153)
	at org.apache.maven.surefire.booter.ForkedBooter.main(ForkedBooter.java:103)

testPrototype(net.imagej.omero.OMEROServiceTest)  Time elapsed: 0.098 sec  &lt;&lt;&lt; ERROR!
java.lang.IllegalArgumentException: Invalid service: net.imagej.omero.DefaultOMEROService
	at net.imagej.legacy.LegacyService.checkInstance(LegacyService.java:661)
	at net.imagej.legacy.LegacyService.initialize(LegacyService.java:461)
	at org.scijava.service.ServiceHelper.createServiceRecursively(ServiceHelper.java:353)
	at org.scijava.service.ServiceHelper.createExactService(ServiceHelper.java:269)
	at org.scijava.service.ServiceHelper.loadService(ServiceHelper.java:231)
	at org.scijava.service.ServiceHelper.createServiceRecursively(ServiceHelper.java:340)
	at org.scijava.service.ServiceHelper.createExactService(ServiceHelper.java:269)
	at org.scijava.service.ServiceHelper.loadService(ServiceHelper.java:231)
	at org.scijava.service.ServiceHelper.loadService(ServiceHelper.java:194)
	at org.scijava.service.ServiceHelper.loadServices(ServiceHelper.java:170)
	at org.scijava.Context.&lt;init&gt;(Context.java:267)
	at org.scijava.Context.&lt;init&gt;(Context.java:224)
	at org.scijava.Context.&lt;init&gt;(Context.java:163)
	at org.scijava.Context.&lt;init&gt;(Context.java:149)
	at net.imagej.omero.OMEROServiceTest.createService(OMEROServiceTest.java:208)
	at net.imagej.omero.OMEROServiceTest.testPrototype(OMEROServiceTest.java:141)
Caused by: java.lang.Throwable: Initialized here:
	at net.imagej.legacy.LegacyService.initialize(LegacyService.java:479)
	at org.scijava.service.ServiceHelper.createServiceRecursively(ServiceHelper.java:353)
	at org.scijava.service.ServiceHelper.createExactService(ServiceHelper.java:269)
	at org.scijava.service.ServiceHelper.loadService(ServiceHelper.java:231)
	at org.scijava.service.ServiceHelper.createServiceRecursively(ServiceHelper.java:340)
	at org.scijava.service.ServiceHelper.createExactService(ServiceHelper.java:269)
	at org.scijava.service.ServiceHelper.loadService(ServiceHelper.java:231)
	at org.scijava.service.ServiceHelper.loadService(ServiceHelper.java:194)
	at org.scijava.service.ServiceHelper.loadServices(ServiceHelper.java:166)
	at org.scijava.Context.&lt;init&gt;(Context.java:267)
	at org.scijava.Context.&lt;init&gt;(Context.java:224)
	at org.scijava.Context.&lt;init&gt;(Context.java:163)
	at org.scijava.Context.&lt;init&gt;(Context.java:149)
	at io.scif.SCIFIO.&lt;init&gt;(SCIFIO.java:85)
	at net.imagej.omero.OMEROFormatTest.&lt;clinit&gt;(OMEROFormatTest.java:48)
	at sun.reflect.NativeConstructorAccessorImpl.newInstance0(Native Method)
	at sun.reflect.NativeConstructorAccessorImpl.newInstance(NativeConstructorAccessorImpl.java:57)
	at sun.reflect.DelegatingConstructorAccessorImpl.newInstance(DelegatingConstructorAccessorImpl.java:45)
	at java.lang.reflect.Constructor.newInstance(Constructor.java:526)
	at org.junit.runners.BlockJUnit4ClassRunner.createTest(BlockJUnit4ClassRunner.java:195)
	at org.junit.runners.BlockJUnit4ClassRunner$1.runReflectiveCall(BlockJUnit4ClassRunner.java:244)
	at org.junit.internal.runners.model.ReflectiveCallable.run(ReflectiveCallable.java:12)
	at org.junit.runners.BlockJUnit4ClassRunner.methodBlock(BlockJUnit4ClassRunner.java:241)
	at org.junit.runners.BlockJUnit4ClassRunner.runChild(BlockJUnit4ClassRunner.java:70)
	at org.junit.runners.BlockJUnit4ClassRunner.runChild(BlockJUnit4ClassRunner.java:50)
	at org.junit.runners.ParentRunner$3.run(ParentRunner.java:238)
	at org.junit.runners.ParentRunner$1.schedule(ParentRunner.java:63)
	at org.junit.runners.ParentRunner.runChildren(ParentRunner.java:236)
	at org.junit.runners.ParentRunner.access$000(ParentRunner.java:53)
	at org.junit.runners.ParentRunner$2.evaluate(ParentRunner.java:229)
	at org.junit.runners.ParentRunner.run(ParentRunner.java:309)
	at org.apache.maven.surefire.junit4.JUnit4Provider.execute(JUnit4Provider.java:264)
	at org.apache.maven.surefire.junit4.JUnit4Provider.executeTestSet(JUnit4Provider.java:153)
	at org.apache.maven.surefire.junit4.JUnit4Provider.invoke(JUnit4Provider.java:124)
	at org.apache.maven.surefire.booter.ForkedBooter.invokeProviderInSameClassLoader(ForkedBooter.java:200)
	at org.apache.maven.surefire.booter.ForkedBooter.runSuitesInProcess(ForkedBooter.java:153)
	at org.apache.maven.surefire.booter.ForkedBooter.main(ForkedBooter.java:103)

Running net.imagej.omero.ScriptGeneratorTest
[ERROR] Cannot create plugin: class='net.imagej.legacy.LegacyImageJApp', name='ImageJ1', priority=0.0, enabled=true, pluginType=App
java.lang.IllegalArgumentException: Required service is missing: net.imagej.legacy.LegacyService
Context: <A HREF="http://imagej.net/mailman/listinfo/imagej-builds">org.scijava.Context at 540fd7eb</A>
ClassLoader: sun.misc.Launcher$<A HREF="http://imagej.net/mailman/listinfo/imagej-builds">AppClassLoader at 402c3549</A>

-- Services known to context --
org.scijava.event.DefaultEventService [priority = 100000.0]
org.scijava.app.DefaultAppService [priority = 0.0]
org.scijava.command.DefaultCommandService [priority = 0.0]
org.scijava.convert.DefaultConvertService [priority = 0.0]
org.scijava.menu.DefaultMenuService [priority = 0.0]
org.scijava.module.DefaultModuleService [priority = 0.0]
org.scijava.object.DefaultObjectService [priority = 0.0]
org.scijava.plugin.DefaultPluginService [priority = 0.0]
org.scijava.prefs.DefaultPrefService [priority = 0.0]
org.scijava.thread.DefaultThreadService [priority = 0.0]
org.scijava.log.StderrLogService [priority = -100.0]

-- Classpath of ClassLoader --
/data/devel/jenkins-maven/workspace/ImageJ-OMERO/target/surefire/surefirebooter860282725055205625.jar

	at org.scijava.Context.inject(Context.java:440)
	at org.scijava.Context.inject(Context.java:372)
	at org.scijava.plugin.DefaultPluginService.createInstance(DefaultPluginService.java:237)
	at org.scijava.plugin.DefaultPluginService.createInstances(DefaultPluginService.java:225)
	at org.scijava.plugin.DefaultPluginService.createInstancesOfType(DefaultPluginService.java:216)
	at org.scijava.plugin.AbstractSingletonService.initInstances(AbstractSingletonService.java:123)
	at org.scijava.plugin.AbstractSingletonService.getInstances(AbstractSingletonService.java:72)
	at org.scijava.app.DefaultAppService.getApp(DefaultAppService.java:71)
	at net.imagej.omero.ScriptGenerator.generateAll(ScriptGenerator.java:117)
	at net.imagej.omero.ScriptGeneratorTest.testGenerateAll(ScriptGeneratorTest.java:85)
	at sun.reflect.NativeMethodAccessorImpl.invoke0(Native Method)
	at sun.reflect.NativeMethodAccessorImpl.invoke(NativeMethodAccessorImpl.java:57)
	at sun.reflect.DelegatingMethodAccessorImpl.invoke(DelegatingMethodAccessorImpl.java:43)
	at java.lang.reflect.Method.invoke(Method.java:606)
	at org.junit.runners.model.FrameworkMethod$1.runReflectiveCall(FrameworkMethod.java:47)
	at org.junit.internal.runners.model.ReflectiveCallable.run(ReflectiveCallable.java:12)
	at org.junit.runners.model.FrameworkMethod.invokeExplosively(FrameworkMethod.java:44)
	at org.junit.internal.runners.statements.InvokeMethod.evaluate(InvokeMethod.java:17)
	at org.junit.runners.ParentRunner.runLeaf(ParentRunner.java:271)
	at org.junit.runners.BlockJUnit4ClassRunner.runChild(BlockJUnit4ClassRunner.java:70)
	at org.junit.runners.BlockJUnit4ClassRunner.runChild(BlockJUnit4ClassRunner.java:50)
	at org.junit.runners.ParentRunner$3.run(ParentRunner.java:238)
	at org.junit.runners.ParentRunner$1.schedule(ParentRunner.java:63)
	at org.junit.runners.ParentRunner.runChildren(ParentRunner.java:236)
	at org.junit.runners.ParentRunner.access$000(ParentRunner.java:53)
	at org.junit.runners.ParentRunner$2.evaluate(ParentRunner.java:229)
	at org.junit.runners.ParentRunner.run(ParentRunner.java:309)
	at org.apache.maven.surefire.junit4.JUnit4Provider.execute(JUnit4Provider.java:264)
	at org.apache.maven.surefire.junit4.JUnit4Provider.executeTestSet(JUnit4Provider.java:153)
	at org.apache.maven.surefire.junit4.JUnit4Provider.invoke(JUnit4Provider.java:124)
	at org.apache.maven.surefire.booter.ForkedBooter.invokeProviderInSameClassLoader(ForkedBooter.java:200)
	at org.apache.maven.surefire.booter.ForkedBooter.runSuitesInProcess(ForkedBooter.java:153)
	at org.apache.maven.surefire.booter.ForkedBooter.main(ForkedBooter.java:103)
Tests run: 1, Failures: 0, Errors: 0, Skipped: 0, Time elapsed: 0.104 sec - in net.imagej.omero.ScriptGeneratorTest

Results :

Tests in error: 
  OMEROServiceTest.testGetJobParam:74-&gt;createService:208 &#187; IllegalArgument Inval...
  OMEROServiceTest.testPrototype:141-&gt;createService:208 &#187; IllegalArgument Invali...

Tests run: 6, Failures: 0, Errors: 2, Skipped: 0

[INFO] ------------------------------------------------------------------------
[INFO] BUILD FAILURE
[INFO] ------------------------------------------------------------------------
[INFO] Total time: 12.629s
[INFO] Finished at: Fri Nov 20 23:03:33 CST 2015
[INFO] Final Memory: 30M/541M
[INFO] ------------------------------------------------------------------------
[ERROR] Failed to execute goal org.apache.maven.plugins:maven-surefire-plugin:2.17:test (default-test) on project imagej-omero: There are test failures.
[ERROR] 
[ERROR] Please refer to /data/devel/jenkins-maven/workspace/ImageJ-OMERO/target/surefire-reports for the individual test results.
[ERROR] -&gt; [Help 1]
[ERROR] 
[ERROR] To see the full stack trace of the errors, re-run Maven with the -e switch.
[ERROR] Re-run Maven using the -X switch to enable full debug logging.
[ERROR] 
[ERROR] For more information about the errors and possible solutions, please read the following articles:
[ERROR] [Help 1] <A HREF="http://cwiki.apache.org/confluence/display/MAVEN/MojoFailureException">http://cwiki.apache.org/confluence/display/MAVEN/MojoFailureException</A>
Build step 'Invoke top-level Maven targets' marked build as failure
Archiving artifacts
Build step 'Groovy Postbuild' marked build as failure
Recording test results

</PRE>




<!--endarticle-->
    <HR>
    <P><UL>
        <!--threads-->
	<LI>Previous message: <A HREF="011600.html">[ImageJ-builds] Build failed in Jenkins: ImageJ-OMERO #135
</A></li>
	<LI>Next message: <A HREF="011642.html">[ImageJ-builds] Jenkins build is back to normal : ImageJ-OMERO #137
</A></li>
         <LI> <B>Messages sorted by:</B> 
              <a href="date.html#11622">[ date ]</a>
              <a href="thread.html#11622">[ thread ]</a>
              <a href="subject.html#11622">[ subject ]</a>
              <a href="author.html#11622">[ author ]</a>
         </LI>
       </UL>

<hr>
<a href="http://imagej.net/mailman/listinfo/imagej-builds">More information about the ImageJ-builds
mailing list</a><br>
</body></html>
