<!DOCTYPE HTML PUBLIC "-//W3C//DTD HTML 4.01 Transitional//EN">
<HTML>
 <HEAD>
   <TITLE> [ImageJ-builds] Build failed in Jenkins: ImageJ1-unit-tests #290
   </TITLE>
   <LINK REL="Index" HREF="index.html" >
   <LINK REL="made" HREF="mailto:imagej-builds%40imagej.net?Subject=Re%3A%20%5BImageJ-builds%5D%20Build%20failed%20in%20Jenkins%3A%20ImageJ1-unit-tests%20%23290&In-Reply-To=%3C520049348.75.1448074053183.JavaMail.jenkins%40dev%3E">
   <META NAME="robots" CONTENT="index,nofollow">
   <style type="text/css">
       pre {
           white-space: pre-wrap;       /* css-2.1, curent FF, Opera, Safari */
           }
   </style>
   <META http-equiv="Content-Type" content="text/html; charset=us-ascii">
   <LINK REL="Previous"  HREF="011620.html">
   <LINK REL="Next"  HREF="011623.html">
 </HEAD>
 <BODY BGCOLOR="#ffffff">
   <H1>[ImageJ-builds] Build failed in Jenkins: ImageJ1-unit-tests #290</H1>
    <B>jenkins at imagej.net</B> 
    <A HREF="mailto:imagej-builds%40imagej.net?Subject=Re%3A%20%5BImageJ-builds%5D%20Build%20failed%20in%20Jenkins%3A%20ImageJ1-unit-tests%20%23290&In-Reply-To=%3C520049348.75.1448074053183.JavaMail.jenkins%40dev%3E"
       TITLE="[ImageJ-builds] Build failed in Jenkins: ImageJ1-unit-tests #290">jenkins at imagej.net
       </A><BR>
    <I>Fri Nov 20 20:47:33 CST 2015</I>
    <P><UL>
        <LI>Previous message: <A HREF="011620.html">[ImageJ-builds] Build failed in Jenkins: ImageJ1-unit-tests #289
</A></li>
        <LI>Next message: <A HREF="011623.html">[ImageJ-builds] mail-watcher-plugin: Computer Windows marked offline
</A></li>
         <LI> <B>Messages sorted by:</B> 
              <a href="date.html#11621">[ date ]</a>
              <a href="thread.html#11621">[ thread ]</a>
              <a href="subject.html#11621">[ subject ]</a>
              <a href="author.html#11621">[ author ]</a>
         </LI>
       </UL>
    <HR>  
<!--beginarticle-->
<PRE>See &lt;<A HREF="http://jenkins.imagej.net/job/ImageJ1-unit-tests/290/changes">http://jenkins.imagej.net/job/ImageJ1-unit-tests/290/changes</A>&gt;

Changes:

[Wayne Rasband] Update unit tests for ImageJ v1.50f

------------------------------------------
[...truncated 49 lines...]
[INFO] Deleting /data/devel/jenkins-maven/workspace/ImageJ1-unit-tests/target
[INFO] 
[INFO] --- maven-enforcer-plugin:1.3.1:enforce (enforce-rules) @ ij1-tests ---
Downloading: <A HREF="http://maven.imagej.net/content/groups/public/com/sun/tools/1.4.2/tools-1.4.2.pom">http://maven.imagej.net/content/groups/public/com/sun/tools/1.4.2/tools-1.4.2.pom</A>
         
Downloading: <A HREF="http://repo.maven.apache.org/maven2/com/sun/tools/1.4.2/tools-1.4.2.pom">http://repo.maven.apache.org/maven2/com/sun/tools/1.4.2/tools-1.4.2.pom</A>
         
[INFO] Adding ignorable dependency: null:jcodings:null
[INFO]   Adding ignore: org/jcodings/*
[INFO] Adding ignorable dependency: null:jnr-constants:null
[INFO]   Adding ignore: com/kenai/constantine/*
[INFO]   Adding ignore: jnr/constants/*
[INFO] Adding ignorable dependency: null:jnr-ffi:null
[INFO]   Adding ignore: jnr/ffi/*
[INFO] Adding ignorable dependency: null:VIB-lib:null
[INFO]   Adding ignore: javax/media/j3d/
[INFO] Adding ignorable dependency: null:j3d-core:null
[INFO]   Adding ignore: javax/media/j3d/
[INFO] Adding ignorable dependency: null:joda-time:null
[INFO]   Adding ignore: *
[INFO] Adding ignorable dependency: null:slf4j-log4j12:null
[INFO]   Adding ignore: org/slf4j/impl/*
[INFO] Adding ignorable dependency: batik:batik:null
[INFO]   Adding ignore: *
[INFO] Adding ignorable dependency: jama:jama:null
[INFO]   Adding ignore: Jama/*
[INFO] Adding ignorable dependency: com.sun:tools:null
[INFO]   Adding ignore: *
[INFO] 
[INFO] --- build-helper-maven-plugin:1.9.1:regex-property (sanitize-version) @ ij1-tests ---
[INFO] No match to regex '^([0-9]+)\.([0-9]+)\.([0-9]+).*$' found in '1.0-SNAPSHOT'. The initial value '1.0-SNAPSHOT' is left as-is...
[INFO] 
[INFO] --- buildnumber-maven-plugin:1.3:create (default) @ ij1-tests ---
[INFO] Executing: /bin/sh -c cd /data/devel/jenkins-maven/workspace/ImageJ1-unit-tests &amp;&amp; git rev-parse --verify HEAD
[INFO] Working directory: /data/devel/jenkins-maven/workspace/ImageJ1-unit-tests
[INFO] Storing buildNumber: b1a25a8fe574d4dd127be43009f0abb063b2d589 at timestamp: 1448074031583
[WARNING] Cannot get the branch information from the git repository: 
Detecting the current branch failed: fatal: ref HEAD is not a symbolic ref

[INFO] Executing: /bin/sh -c cd /data/devel/jenkins-maven/workspace/ImageJ1-unit-tests &amp;&amp; git rev-parse --verify HEAD
[INFO] Working directory: /data/devel/jenkins-maven/workspace/ImageJ1-unit-tests
[INFO] Storing buildScmBranch: UNKNOWN
[INFO] 
[INFO] --- maven-resources-plugin:2.6:resources (default-resources) @ ij1-tests ---
[INFO] Using 'UTF-8' encoding to copy filtered resources.
[INFO] skip non existing resourceDirectory /data/devel/jenkins-maven/workspace/ImageJ1-unit-tests/src/main/resources
[INFO] 
[INFO] --- maven-compiler-plugin:3.1:compile (default-compile) @ ij1-tests ---
[INFO] No sources to compile
[INFO] 
[INFO] --- maven-resources-plugin:2.6:testResources (default-testResources) @ ij1-tests ---
[INFO] Using 'UTF-8' encoding to copy filtered resources.
[INFO] Copying 28 resources
[INFO] 
[INFO] --- maven-compiler-plugin:3.1:testCompile (default-testCompile) @ ij1-tests ---
[INFO] Changes detected - recompiling the module!
[INFO] Compiling 85 source files to /data/devel/jenkins-maven/workspace/ImageJ1-unit-tests/target/test-classes
[WARNING] /data/devel/jenkins-maven/workspace/ImageJ1-unit-tests/src/test/java/ij/measure/ResultsTableTest.java: Some input files use or override a deprecated API.
[WARNING] /data/devel/jenkins-maven/workspace/ImageJ1-unit-tests/src/test/java/ij/measure/ResultsTableTest.java: Recompile with -Xlint:deprecation for details.
[INFO] 
[INFO] --- maven-surefire-plugin:2.17:test (default-test) @ ij1-tests ---
[INFO] Surefire report directory: /data/devel/jenkins-maven/workspace/ImageJ1-unit-tests/target/surefire-reports

-------------------------------------------------------
 T E S T S
-------------------------------------------------------
Running ij.IJEventListenerTest
Tests run: 2, Failures: 0, Errors: 0, Skipped: 0, Time elapsed: 0.026 sec - in ij.IJEventListenerTest
Running ij.process.FloatProcessorTest
Tests run: 81, Failures: 0, Errors: 0, Skipped: 0, Time elapsed: 1.463 sec - in ij.process.FloatProcessorTest
Running ij.process.LUTTest
Tests run: 7, Failures: 0, Errors: 0, Skipped: 0, Time elapsed: 0.004 sec - in ij.process.LUTTest
Running ij.process.ByteProcessorTest
Tests run: 71, Failures: 0, Errors: 0, Skipped: 0, Time elapsed: 0.598 sec - in ij.process.ByteProcessorTest
Running ij.process.ShortProcessorTest
Tests run: 86, Failures: 0, Errors: 0, Skipped: 0, Time elapsed: 6.539 sec - in ij.process.ShortProcessorTest
Running ij.process.ColorProcessorTest
Tests run: 86, Failures: 0, Errors: 0, Skipped: 0, Time elapsed: 1.449 sec - in ij.process.ColorProcessorTest
Running ij.process.ImageProcessorTest
Tests run: 181, Failures: 0, Errors: 0, Skipped: 0, Time elapsed: 1.45 sec - in ij.process.ImageProcessorTest
Running ij.process.BinaryProcessorTest
Tests run: 5, Failures: 0, Errors: 0, Skipped: 0, Time elapsed: 0.105 sec - in ij.process.BinaryProcessorTest
Running ij.io.DirectoryChooserTest
Tests run: 3, Failures: 0, Errors: 0, Skipped: 0, Time elapsed: 0 sec - in ij.io.DirectoryChooserTest
Running ij.io.RandomAccessStreamTest
Tests run: 16, Failures: 0, Errors: 0, Skipped: 0, Time elapsed: 0.005 sec - in ij.io.RandomAccessStreamTest
Running ij.io.FileOpenerTest
Tests run: 8, Failures: 0, Errors: 0, Skipped: 0, Time elapsed: 0.513 sec - in ij.io.FileOpenerTest
Running ij.io.BitBufferTest
Tests run: 2, Failures: 0, Errors: 0, Skipped: 0, Time elapsed: 0 sec - in ij.io.BitBufferTest
Running ij.io.ImageWriterTest
Tests run: 1, Failures: 0, Errors: 0, Skipped: 0, Time elapsed: 0.034 sec - in ij.io.ImageWriterTest
Running ij.io.FileInfoTest
Tests run: 5, Failures: 0, Errors: 0, Skipped: 0, Time elapsed: 0.003 sec - in ij.io.FileInfoTest
Running ij.io.ImageReaderTest
java.net.MalformedURLException: no protocol: ashdjjfj
java.net.UnknownHostException: fred.joe.john.edu
java.io.FileNotFoundException: <A HREF="http://www.google.com/ooglywooglygugglychoogly.tiff">http://www.google.com/ooglywooglygugglychoogly.tiff</A>
Tests run: 16, Failures: 0, Errors: 0, Skipped: 0, Time elapsed: 1.166 sec - in ij.io.ImageReaderTest
Running ij.CommandListenerTest
Tests run: 1, Failures: 0, Errors: 0, Skipped: 0, Time elapsed: 0 sec - in ij.CommandListenerTest
Running ij.ImagePlusTest
This command requires an area selection
This command requires an area selection
Unsupported format or not found
Tests run: 124, Failures: 4, Errors: 0, Skipped: 0, Time elapsed: 0.113 sec &lt;&lt;&lt; FAILURE! - in ij.ImagePlusTest
testCopyScale(ij.ImagePlusTest)  Time elapsed: 0.006 sec  &lt;&lt;&lt; FAILURE!
java.lang.AssertionError: expected:&lt;8&gt; but was:&lt;0&gt;
	at org.junit.Assert.fail(Assert.java:88)
	at org.junit.Assert.failNotEquals(Assert.java:743)
	at org.junit.Assert.assertEquals(Assert.java:118)
	at org.junit.Assert.assertEquals(Assert.java:144)
	at ij.measure.CalibrationTools.assertFieldsEqual(CalibrationTools.java:86)
	at ij.measure.CalibrationTools.assertCalibrationsEqual(CalibrationTools.java:78)
	at ij.ImagePlusTest.testCopyScale(ImagePlusTest.java:2689)

testGetCalibration(ij.ImagePlusTest)  Time elapsed: 0.001 sec  &lt;&lt;&lt; FAILURE!
java.lang.AssertionError: expected:&lt;0&gt; but was:&lt;8&gt;
	at org.junit.Assert.fail(Assert.java:88)
	at org.junit.Assert.failNotEquals(Assert.java:743)
	at org.junit.Assert.assertEquals(Assert.java:118)
	at org.junit.Assert.assertEquals(Assert.java:144)
	at ij.measure.CalibrationTools.assertFieldsEqual(CalibrationTools.java:86)
	at ij.measure.CalibrationTools.assertCalibrationsEqual(CalibrationTools.java:78)
	at ij.ImagePlusTest.testGetCalibration(ImagePlusTest.java:2749)

testGetLocalCalibration(ij.ImagePlusTest)  Time elapsed: 0 sec  &lt;&lt;&lt; FAILURE!
java.lang.AssertionError: expected:&lt;0&gt; but was:&lt;8&gt;
	at org.junit.Assert.fail(Assert.java:88)
	at org.junit.Assert.failNotEquals(Assert.java:743)
	at org.junit.Assert.assertEquals(Assert.java:118)
	at org.junit.Assert.assertEquals(Assert.java:144)
	at ij.measure.CalibrationTools.assertFieldsEqual(CalibrationTools.java:86)
	at ij.measure.CalibrationTools.assertCalibrationsEqual(CalibrationTools.java:78)
	at ij.ImagePlusTest.testGetLocalCalibration(ImagePlusTest.java:2824)

testSetCalibration(ij.ImagePlusTest)  Time elapsed: 0.001 sec  &lt;&lt;&lt; FAILURE!
java.lang.AssertionError: expected:&lt;0&gt; but was:&lt;8&gt;
	at org.junit.Assert.fail(Assert.java:88)
	at org.junit.Assert.failNotEquals(Assert.java:743)
	at org.junit.Assert.assertEquals(Assert.java:118)
	at org.junit.Assert.assertEquals(Assert.java:144)
	at ij.measure.CalibrationTools.assertFieldsEqual(CalibrationTools.java:86)
	at ij.measure.CalibrationTools.assertCalibrationsEqual(CalibrationTools.java:78)
	at ij.ImagePlusTest.testSetCalibration(ImagePlusTest.java:2779)

Running ij.VirtualStackTest
Tests run: 22, Failures: 0, Errors: 0, Skipped: 0, Time elapsed: 0.032 sec - in ij.VirtualStackTest
Running ij.macro.SymbolTest
Tests run: 4, Failures: 0, Errors: 0, Skipped: 0, Time elapsed: 0.001 sec - in ij.macro.SymbolTest
Running ij.macro.ReturnExceptionTest
Tests run: 1, Failures: 0, Errors: 0, Skipped: 0, Time elapsed: 0 sec - in ij.macro.ReturnExceptionTest
Running ij.ImageListenerTest
Tests run: 1, Failures: 0, Errors: 0, Skipped: 0, Time elapsed: 0 sec - in ij.ImageListenerTest
Running ij.CompositeImageTest
Tests run: 29, Failures: 0, Errors: 0, Skipped: 0, Time elapsed: 0.047 sec - in ij.CompositeImageTest
Running ij.util.ToolsTest
Tests run: 13, Failures: 0, Errors: 0, Skipped: 0, Time elapsed: 0.005 sec - in ij.util.ToolsTest
Running ij.util.StringSorterTest
Tests run: 1, Failures: 0, Errors: 0, Skipped: 0, Time elapsed: 0 sec - in ij.util.StringSorterTest
Running ij.UndoTest
Tests run: 1, Failures: 0, Errors: 0, Skipped: 0, Time elapsed: 0 sec - in ij.UndoTest
Running ij.ExecuterTest
Tests run: 5, Failures: 0, Errors: 0, Skipped: 0, Time elapsed: 1.005 sec - in ij.ExecuterTest
Running ij.LookUpTableTest
Tests run: 8, Failures: 0, Errors: 0, Skipped: 0, Time elapsed: 0.012 sec - in ij.LookUpTableTest
Running ij.ImageStackTest
Tests run: 27, Failures: 0, Errors: 0, Skipped: 0, Time elapsed: 0.66 sec - in ij.ImageStackTest
Running ij.measure.MeasurementsTest
Tests run: 1, Failures: 0, Errors: 0, Skipped: 0, Time elapsed: 0 sec - in ij.measure.MeasurementsTest
Running ij.measure.CalibrationTest
Tests run: 35, Failures: 0, Errors: 0, Skipped: 0, Time elapsed: 0.054 sec - in ij.measure.CalibrationTest
Running ij.measure.ResultsTableTest
Tests run: 37, Failures: 1, Errors: 0, Skipped: 0, Time elapsed: 0.627 sec &lt;&lt;&lt; FAILURE! - in ij.measure.ResultsTableTest
testSetPrecision(ij.measure.ResultsTableTest)  Time elapsed: 0.001 sec  &lt;&lt;&lt; FAILURE!
org.junit.ComparisonFailure: expected:&lt;1	10.000[000000]&gt; but was:&lt;1	10.000[]&gt;
	at org.junit.Assert.assertEquals(Assert.java:115)
	at org.junit.Assert.assertEquals(Assert.java:144)
	at ij.measure.ResultsTableTest.testSetPrecision(ResultsTableTest.java:1131)

Running ij.measure.CurveFitterTest
Tests run: 24, Failures: 0, Errors: 0, Skipped: 0, Time elapsed: 0.215 sec - in ij.measure.CurveFitterTest
Running ij.measure.SplineFitterTest
Tests run: 2, Failures: 0, Errors: 0, Skipped: 0, Time elapsed: 0 sec - in ij.measure.SplineFitterTest
Running ij.gui.ArrowTest
Tests run: 13, Failures: 0, Errors: 0, Skipped: 0, Time elapsed: 0.004 sec - in ij.gui.ArrowTest
Running ij.gui.ProgressBarTest
Tests run: 8, Failures: 0, Errors: 0, Skipped: 0, Time elapsed: 0.001 sec - in ij.gui.ProgressBarTest
Running ij.gui.OverlayTest
Tests run: 12, Failures: 0, Errors: 0, Skipped: 0, Time elapsed: 0.003 sec - in ij.gui.OverlayTest
Running ij.gui.LineTest
Tests run: 16, Failures: 0, Errors: 0, Skipped: 0, Time elapsed: 0.009 sec - in ij.gui.LineTest
Running ij.gui.TrimmedButtonTest
Tests run: 1, Failures: 0, Errors: 0, Skipped: 0, Time elapsed: 0 sec - in ij.gui.TrimmedButtonTest
Running ij.gui.RoiTest
Tests run: 52, Failures: 0, Errors: 0, Skipped: 0, Time elapsed: 0.097 sec - in ij.gui.RoiTest
Running ij.gui.WandTest
Tests run: 8, Failures: 0, Errors: 0, Skipped: 0, Time elapsed: 0.002 sec - in ij.gui.WandTest
Running ij.gui.ToolbarTest
Tests run: 1, Failures: 0, Errors: 0, Skipped: 0, Time elapsed: 0 sec - in ij.gui.ToolbarTest
Running ij.gui.TextRoiTest
Tests run: 12, Failures: 0, Errors: 0, Skipped: 0, Time elapsed: 0.005 sec - in ij.gui.TextRoiTest
Running ij.gui.PolygonRoiTest
Tests run: 24, Failures: 0, Errors: 0, Skipped: 0, Time elapsed: 0.019 sec - in ij.gui.PolygonRoiTest
Running ij.gui.ImageRoiTest
Tests run: 5, Failures: 0, Errors: 0, Skipped: 0, Time elapsed: 0.001 sec - in ij.gui.ImageRoiTest
Running ij.gui.ProfilePlotTest
Tests run: 6, Failures: 0, Errors: 0, Skipped: 0, Time elapsed: 0.002 sec - in ij.gui.ProfilePlotTest
Running ij.gui.FreehandRoiTest
Tests run: 1, Failures: 0, Errors: 0, Skipped: 0, Time elapsed: 0 sec - in ij.gui.FreehandRoiTest
Running ij.gui.ShapeRoiTest
Tests run: 22, Failures: 0, Errors: 0, Skipped: 0, Time elapsed: 0.133 sec - in ij.gui.ShapeRoiTest
Running ij.gui.OvalRoiTest
Tests run: 9, Failures: 0, Errors: 0, Skipped: 0, Time elapsed: 0.003 sec - in ij.gui.OvalRoiTest
Running ij.gui.PlotTest
Tests run: 20, Failures: 0, Errors: 0, Skipped: 0, Time elapsed: 0.039 sec - in ij.gui.PlotTest
Running ij.gui.PointRoiTest
Tests run: 10, Failures: 0, Errors: 0, Skipped: 0, Time elapsed: 0.02 sec - in ij.gui.PointRoiTest

Results :

Failed tests: 
  ImagePlusTest.testCopyScale:2689 expected:&lt;8&gt; but was:&lt;0&gt;
  ImagePlusTest.testGetCalibration:2749 expected:&lt;0&gt; but was:&lt;8&gt;
  ImagePlusTest.testGetLocalCalibration:2824 expected:&lt;0&gt; but was:&lt;8&gt;
  ImagePlusTest.testSetCalibration:2779 expected:&lt;0&gt; but was:&lt;8&gt;
  ResultsTableTest.testSetPrecision:1131 expected:&lt;1	10.000[000000]&gt; but was:&lt;1	10.000[]&gt;

Tests run: 1126, Failures: 5, Errors: 0, Skipped: 0

[INFO] ------------------------------------------------------------------------
[INFO] BUILD FAILURE
[INFO] ------------------------------------------------------------------------
[INFO] Total time: 30.201s
[INFO] Finished at: Fri Nov 20 20:47:32 CST 2015
[INFO] Final Memory: 19M/359M
[INFO] ------------------------------------------------------------------------
[ERROR] Failed to execute goal org.apache.maven.plugins:maven-surefire-plugin:2.17:test (default-test) on project ij1-tests: There are test failures.
[ERROR] 
[ERROR] Please refer to /data/devel/jenkins-maven/workspace/ImageJ1-unit-tests/target/surefire-reports for the individual test results.
[ERROR] -&gt; [Help 1]
[ERROR] 
[ERROR] To see the full stack trace of the errors, re-run Maven with the -e switch.
[ERROR] Re-run Maven using the -X switch to enable full debug logging.
[ERROR] 
[ERROR] For more information about the errors and possible solutions, please read the following articles:
[ERROR] [Help 1] <A HREF="http://cwiki.apache.org/confluence/display/MAVEN/MojoFailureException">http://cwiki.apache.org/confluence/display/MAVEN/MojoFailureException</A>
Build step 'Invoke top-level Maven targets' marked build as failure
Recording test results

</PRE>






<!--endarticle-->
    <HR>
    <P><UL>
        <!--threads-->
	<LI>Previous message: <A HREF="011620.html">[ImageJ-builds] Build failed in Jenkins: ImageJ1-unit-tests #289
</A></li>
	<LI>Next message: <A HREF="011623.html">[ImageJ-builds] mail-watcher-plugin: Computer Windows marked offline
</A></li>
         <LI> <B>Messages sorted by:</B> 
              <a href="date.html#11621">[ date ]</a>
              <a href="thread.html#11621">[ thread ]</a>
              <a href="subject.html#11621">[ subject ]</a>
              <a href="author.html#11621">[ author ]</a>
         </LI>
       </UL>

<hr>
<a href="http://imagej.net/mailman/listinfo/imagej-builds">More information about the ImageJ-builds
mailing list</a><br>
</body></html>
