<!DOCTYPE HTML PUBLIC "-//W3C//DTD HTML 4.01 Transitional//EN">
<HTML>
 <HEAD>
   <TITLE> [ImageJ-builds] Build failed in Jenkins: ImageJ-launcher » Windows #1265
   </TITLE>
   <LINK REL="Index" HREF="index.html" >
   <LINK REL="made" HREF="mailto:imagej-builds%40imagej.net?Subject=Re%3A%20%5BImageJ-builds%5D%20%3D%3Futf-8%3Fq%3FBuild_failed_in_Jenkins%3D3A_ImageJ-launc%3F%3D%0A%09%3D%3Futf-8%3Fq%3Fher_%3DC2%3DBB_Windows_%3D231265%3F%3D&In-Reply-To=%3C552720302.435.1480623861557.JavaMail.jenkins%40dev%3E">
   <META NAME="robots" CONTENT="index,nofollow">
   <style type="text/css">
       pre {
           white-space: pre-wrap;       /* css-2.1, curent FF, Opera, Safari */
           }
   </style>
   <META http-equiv="Content-Type" content="text/html; charset=utf-8">
   <LINK REL="Previous"  HREF="012568.html">
   <LINK REL="Next"  HREF="012548.html">
 </HEAD>
 <BODY BGCOLOR="#ffffff">
   <H1>[ImageJ-builds] Build failed in Jenkins: ImageJ-launcher » Windows #1265</H1>
    <B>jenkins at imagej.net</B> 
    <A HREF="mailto:imagej-builds%40imagej.net?Subject=Re%3A%20%5BImageJ-builds%5D%20%3D%3Futf-8%3Fq%3FBuild_failed_in_Jenkins%3D3A_ImageJ-launc%3F%3D%0A%09%3D%3Futf-8%3Fq%3Fher_%3DC2%3DBB_Windows_%3D231265%3F%3D&In-Reply-To=%3C552720302.435.1480623861557.JavaMail.jenkins%40dev%3E"
       TITLE="[ImageJ-builds] Build failed in Jenkins: ImageJ-launcher » Windows #1265">jenkins at imagej.net
       </A><BR>
    <I>Thu Dec  1 14:24:21 CST 2016</I>
    <P><UL>
        <LI>Previous message (by thread): <A HREF="012568.html">[ImageJ-builds] Build failed in Jenkins: ImageJ-launcher » maven #1267
</A></li>
        <LI>Next message (by thread): <A HREF="012548.html">[ImageJ-builds] Build failed in Jenkins: ImageJ-launcher » Windows #1266
</A></li>
         <LI> <B>Messages sorted by:</B> 
              <a href="date.html#12537">[ date ]</a>
              <a href="thread.html#12537">[ thread ]</a>
              <a href="subject.html#12537">[ subject ]</a>
              <a href="author.html#12537">[ author ]</a>
         </LI>
       </UL>
    <HR>  
<!--beginarticle-->
<PRE>See &lt;<A HREF="http://jenkins.imagej.net/job/ImageJ-launcher/label=Windows/1265/changes">http://jenkins.imagej.net/job/ImageJ-launcher/label=Windows/1265/changes</A>&gt;

Changes:

[Curtis Rueden] POM: remove redundant license-maven-plugin config

------------------------------------------
[...truncated 3184 lines...]
'-mwindows'
'-c'
'-mwindows'
'-I&lt;<A HREF="http://jenkins.imagej.net/job/ImageJ-launcher/label=Windows/ws/src\main\include">http://jenkins.imagej.net/job/ImageJ-launcher/label=Windows/ws/src\main\include</A>'&gt;
'-o'
'&lt;<A HREF="http://jenkins.imagej.net/job/ImageJ-launcher/label=Windows/ws/target\nar\obj\x86-Windows-gcc\common.3e4e1caf.o">http://jenkins.imagej.net/job/ImageJ-launcher/label=Windows/ws/target\nar\obj\x86-Windows-gcc\common.3e4e1caf.o</A>'&gt;
'c/common.c'

The ' characters around the executable and arguments are
not part of the command.
[DEBUG] gcc '&quot;-DLAUNCHER_VERSION=\&quot;4.0.6-SNAPSHOT\&quot;&quot;' '&quot;-DBUILD_NUMBER=\&quot;81c2f4fc614ec659dd50a38957f9418ac0559674\&quot;&quot;' -IC:/msysgit/src/fiji/java/win64/jdk1.8.0_101/include -IC:/msysgit/src/fiji/java/win64/jdk1.8.0_101/include/win32 -m32 -mwindows -c -mwindows -I&lt;<A HREF="http://jenkins.imagej.net/job/ImageJ-launcher/label=Windows/ws/src\main\include">http://jenkins.imagej.net/job/ImageJ-launcher/label=Windows/ws/src\main\include</A>&gt; -o &lt;<A HREF="http://jenkins.imagej.net/job/ImageJ-launcher/label=Windows/ws/target\nar\obj\x86-Windows-gcc\config.3f9d7c46.o">http://jenkins.imagej.net/job/ImageJ-launcher/label=Windows/ws/target\nar\obj\x86-Windows-gcc\config.3f9d7c46.o</A>&gt; c/config.c
[DEBUG] Execute:Java13CommandLauncher: Executing 'gcc' with arguments:
'&quot;-DLAUNCHER_VERSION=\&quot;4.0.6-SNAPSHOT\&quot;&quot;'
'&quot;-DBUILD_NUMBER=\&quot;81c2f4fc614ec659dd50a38957f9418ac0559674\&quot;&quot;'
'-IC:/msysgit/src/fiji/java/win64/jdk1.8.0_101/include'
'-IC:/msysgit/src/fiji/java/win64/jdk1.8.0_101/include/win32'
'-m32'
'-mwindows'
'-c'
'-mwindows'
'-I&lt;<A HREF="http://jenkins.imagej.net/job/ImageJ-launcher/label=Windows/ws/src\main\include">http://jenkins.imagej.net/job/ImageJ-launcher/label=Windows/ws/src\main\include</A>'&gt;
'-o'
'&lt;<A HREF="http://jenkins.imagej.net/job/ImageJ-launcher/label=Windows/ws/target\nar\obj\x86-Windows-gcc\config.3f9d7c46.o">http://jenkins.imagej.net/job/ImageJ-launcher/label=Windows/ws/target\nar\obj\x86-Windows-gcc\config.3f9d7c46.o</A>'&gt;
'c/config.c'

The ' characters around the executable and arguments are
not part of the command.

3 / 10 files compiled...
[DEBUG] gcc '&quot;-DLAUNCHER_VERSION=\&quot;4.0.6-SNAPSHOT\&quot;&quot;' '&quot;-DBUILD_NUMBER=\&quot;81c2f4fc614ec659dd50a38957f9418ac0559674\&quot;&quot;' -IC:/msysgit/src/fiji/java/win64/jdk1.8.0_101/include -IC:/msysgit/src/fiji/java/win64/jdk1.8.0_101/include/win32 -m32 -mwindows -c -mwindows -I&lt;<A HREF="http://jenkins.imagej.net/job/ImageJ-launcher/label=Windows/ws/src\main\include">http://jenkins.imagej.net/job/ImageJ-launcher/label=Windows/ws/src\main\include</A>&gt; -o &lt;<A HREF="http://jenkins.imagej.net/job/ImageJ-launcher/label=Windows/ws/target\nar\obj\x86-Windows-gcc\exe-ico.46284a20.o">http://jenkins.imagej.net/job/ImageJ-launcher/label=Windows/ws/target\nar\obj\x86-Windows-gcc\exe-ico.46284a20.o</A>&gt; c/exe-ico.c
[DEBUG] Execute:Java13CommandLauncher: Executing 'gcc' with arguments:
'&quot;-DLAUNCHER_VERSION=\&quot;4.0.6-SNAPSHOT\&quot;&quot;'
'&quot;-DBUILD_NUMBER=\&quot;81c2f4fc614ec659dd50a38957f9418ac0559674\&quot;&quot;'
'-IC:/msysgit/src/fiji/java/win64/jdk1.8.0_101/include'
'-IC:/msysgit/src/fiji/java/win64/jdk1.8.0_101/include/win32'
'-m32'
'-mwindows'
'-c'
'-mwindows'
'-I&lt;<A HREF="http://jenkins.imagej.net/job/ImageJ-launcher/label=Windows/ws/src\main\include">http://jenkins.imagej.net/job/ImageJ-launcher/label=Windows/ws/src\main\include</A>'&gt;
'-o'
'&lt;<A HREF="http://jenkins.imagej.net/job/ImageJ-launcher/label=Windows/ws/target\nar\obj\x86-Windows-gcc\exe-ico.46284a20.o">http://jenkins.imagej.net/job/ImageJ-launcher/label=Windows/ws/target\nar\obj\x86-Windows-gcc\exe-ico.46284a20.o</A>'&gt;
'c/exe-ico.c'

The ' characters around the executable and arguments are
not part of the command.
[DEBUG] gcc '&quot;-DLAUNCHER_VERSION=\&quot;4.0.6-SNAPSHOT\&quot;&quot;' '&quot;-DBUILD_NUMBER=\&quot;81c2f4fc614ec659dd50a38957f9418ac0559674\&quot;&quot;' -IC:/msysgit/src/fiji/java/win64/jdk1.8.0_101/include -IC:/msysgit/src/fiji/java/win64/jdk1.8.0_101/include/win32 -m32 -mwindows -c -mwindows -I&lt;<A HREF="http://jenkins.imagej.net/job/ImageJ-launcher/label=Windows/ws/src\main\include">http://jenkins.imagej.net/job/ImageJ-launcher/label=Windows/ws/src\main\include</A>&gt; -o &lt;<A HREF="http://jenkins.imagej.net/job/ImageJ-launcher/label=Windows/ws/target\nar\obj\x86-Windows-gcc\file-funcs.9806522.o">http://jenkins.imagej.net/job/ImageJ-launcher/label=Windows/ws/target\nar\obj\x86-Windows-gcc\file-funcs.9806522.o</A>&gt; c/file-funcs.c
[DEBUG] Execute:Java13CommandLauncher: Executing 'gcc' with arguments:
'&quot;-DLAUNCHER_VERSION=\&quot;4.0.6-SNAPSHOT\&quot;&quot;'
'&quot;-DBUILD_NUMBER=\&quot;81c2f4fc614ec659dd50a38957f9418ac0559674\&quot;&quot;'
'-IC:/msysgit/src/fiji/java/win64/jdk1.8.0_101/include'
'-IC:/msysgit/src/fiji/java/win64/jdk1.8.0_101/include/win32'
'-m32'
'-mwindows'
'-c'
'-mwindows'
'-I&lt;<A HREF="http://jenkins.imagej.net/job/ImageJ-launcher/label=Windows/ws/src\main\include">http://jenkins.imagej.net/job/ImageJ-launcher/label=Windows/ws/src\main\include</A>'&gt;
'-o'
'&lt;<A HREF="http://jenkins.imagej.net/job/ImageJ-launcher/label=Windows/ws/target\nar\obj\x86-Windows-gcc\file-funcs.9806522.o">http://jenkins.imagej.net/job/ImageJ-launcher/label=Windows/ws/target\nar\obj\x86-Windows-gcc\file-funcs.9806522.o</A>'&gt;
'c/file-funcs.c'

The ' characters around the executable and arguments are
not part of the command.
[DEBUG] gcc '&quot;-DLAUNCHER_VERSION=\&quot;4.0.6-SNAPSHOT\&quot;&quot;' '&quot;-DBUILD_NUMBER=\&quot;81c2f4fc614ec659dd50a38957f9418ac0559674\&quot;&quot;' -IC:/msysgit/src/fiji/java/win64/jdk1.8.0_101/include -IC:/msysgit/src/fiji/java/win64/jdk1.8.0_101/include/win32 -m32 -mwindows -c -mwindows -I&lt;<A HREF="http://jenkins.imagej.net/job/ImageJ-launcher/label=Windows/ws/src\main\include">http://jenkins.imagej.net/job/ImageJ-launcher/label=Windows/ws/src\main\include</A>&gt; -o &lt;<A HREF="http://jenkins.imagej.net/job/ImageJ-launcher/label=Windows/ws/target\nar\obj\x86-Windows-gcc\java.5a902e6.o">http://jenkins.imagej.net/job/ImageJ-launcher/label=Windows/ws/target\nar\obj\x86-Windows-gcc\java.5a902e6.o</A>&gt; c/java.c
[DEBUG] Execute:Java13CommandLauncher: Executing 'gcc' with arguments:
'&quot;-DLAUNCHER_VERSION=\&quot;4.0.6-SNAPSHOT\&quot;&quot;'
'&quot;-DBUILD_NUMBER=\&quot;81c2f4fc614ec659dd50a38957f9418ac0559674\&quot;&quot;'
'-IC:/msysgit/src/fiji/java/win64/jdk1.8.0_101/include'
'-IC:/msysgit/src/fiji/java/win64/jdk1.8.0_101/include/win32'
'-m32'
'-mwindows'
'-c'
'-mwindows'
'-I&lt;<A HREF="http://jenkins.imagej.net/job/ImageJ-launcher/label=Windows/ws/src\main\include">http://jenkins.imagej.net/job/ImageJ-launcher/label=Windows/ws/src\main\include</A>'&gt;
'-o'
'&lt;<A HREF="http://jenkins.imagej.net/job/ImageJ-launcher/label=Windows/ws/target\nar\obj\x86-Windows-gcc\java.5a902e6.o">http://jenkins.imagej.net/job/ImageJ-launcher/label=Windows/ws/target\nar\obj\x86-Windows-gcc\java.5a902e6.o</A>'&gt;
'c/java.c'

The ' characters around the executable and arguments are
not part of the command.

5 / 10 files compiled...
[DEBUG] gcc '&quot;-DLAUNCHER_VERSION=\&quot;4.0.6-SNAPSHOT\&quot;&quot;' '&quot;-DBUILD_NUMBER=\&quot;81c2f4fc614ec659dd50a38957f9418ac0559674\&quot;&quot;' -IC:/msysgit/src/fiji/java/win64/jdk1.8.0_101/include -IC:/msysgit/src/fiji/java/win64/jdk1.8.0_101/include/win32 -m32 -mwindows -c -mwindows -I&lt;<A HREF="http://jenkins.imagej.net/job/ImageJ-launcher/label=Windows/ws/src\main\include">http://jenkins.imagej.net/job/ImageJ-launcher/label=Windows/ws/src\main\include</A>&gt; -o &lt;<A HREF="http://jenkins.imagej.net/job/ImageJ-launcher/label=Windows/ws/target\nar\obj\x86-Windows-gcc\platform.12b63177.o">http://jenkins.imagej.net/job/ImageJ-launcher/label=Windows/ws/target\nar\obj\x86-Windows-gcc\platform.12b63177.o</A>&gt; c/platform.c
[DEBUG] Execute:Java13CommandLauncher: Executing 'gcc' with arguments:
'&quot;-DLAUNCHER_VERSION=\&quot;4.0.6-SNAPSHOT\&quot;&quot;'
'&quot;-DBUILD_NUMBER=\&quot;81c2f4fc614ec659dd50a38957f9418ac0559674\&quot;&quot;'
'-IC:/msysgit/src/fiji/java/win64/jdk1.8.0_101/include'
'-IC:/msysgit/src/fiji/java/win64/jdk1.8.0_101/include/win32'
'-m32'
'-mwindows'
'-c'
'-mwindows'
'-I&lt;<A HREF="http://jenkins.imagej.net/job/ImageJ-launcher/label=Windows/ws/src\main\include">http://jenkins.imagej.net/job/ImageJ-launcher/label=Windows/ws/src\main\include</A>'&gt;
'-o'
'&lt;<A HREF="http://jenkins.imagej.net/job/ImageJ-launcher/label=Windows/ws/target\nar\obj\x86-Windows-gcc\platform.12b63177.o">http://jenkins.imagej.net/job/ImageJ-launcher/label=Windows/ws/target\nar\obj\x86-Windows-gcc\platform.12b63177.o</A>'&gt;
'c/platform.c'

The ' characters around the executable and arguments are
not part of the command.
[DEBUG] gcc '&quot;-DLAUNCHER_VERSION=\&quot;4.0.6-SNAPSHOT\&quot;&quot;' '&quot;-DBUILD_NUMBER=\&quot;81c2f4fc614ec659dd50a38957f9418ac0559674\&quot;&quot;' -IC:/msysgit/src/fiji/java/win64/jdk1.8.0_101/include -IC:/msysgit/src/fiji/java/win64/jdk1.8.0_101/include/win32 -m32 -mwindows -c -mwindows -I&lt;<A HREF="http://jenkins.imagej.net/job/ImageJ-launcher/label=Windows/ws/src\main\include">http://jenkins.imagej.net/job/ImageJ-launcher/label=Windows/ws/src\main\include</A>&gt; -o &lt;<A HREF="http://jenkins.imagej.net/job/ImageJ-launcher/label=Windows/ws/target\nar\obj\x86-Windows-gcc\splash.eeeaee2b.o">http://jenkins.imagej.net/job/ImageJ-launcher/label=Windows/ws/target\nar\obj\x86-Windows-gcc\splash.eeeaee2b.o</A>&gt; c/splash.c
[DEBUG] Execute:Java13CommandLauncher: Executing 'gcc' with arguments:
'&quot;-DLAUNCHER_VERSION=\&quot;4.0.6-SNAPSHOT\&quot;&quot;'
'&quot;-DBUILD_NUMBER=\&quot;81c2f4fc614ec659dd50a38957f9418ac0559674\&quot;&quot;'
'-IC:/msysgit/src/fiji/java/win64/jdk1.8.0_101/include'
'-IC:/msysgit/src/fiji/java/win64/jdk1.8.0_101/include/win32'
'-m32'
'-mwindows'
'-c'
'-mwindows'
'-I&lt;<A HREF="http://jenkins.imagej.net/job/ImageJ-launcher/label=Windows/ws/src\main\include">http://jenkins.imagej.net/job/ImageJ-launcher/label=Windows/ws/src\main\include</A>'&gt;
'-o'
'&lt;<A HREF="http://jenkins.imagej.net/job/ImageJ-launcher/label=Windows/ws/target\nar\obj\x86-Windows-gcc\splash.eeeaee2b.o">http://jenkins.imagej.net/job/ImageJ-launcher/label=Windows/ws/target\nar\obj\x86-Windows-gcc\splash.eeeaee2b.o</A>'&gt;
'c/splash.c'

The ' characters around the executable and arguments are
not part of the command.

8 / 10 files compiled...
[DEBUG] gcc '&quot;-DLAUNCHER_VERSION=\&quot;4.0.6-SNAPSHOT\&quot;&quot;' '&quot;-DBUILD_NUMBER=\&quot;81c2f4fc614ec659dd50a38957f9418ac0559674\&quot;&quot;' -IC:/msysgit/src/fiji/java/win64/jdk1.8.0_101/include -IC:/msysgit/src/fiji/java/win64/jdk1.8.0_101/include/win32 -m32 -mwindows -c -mwindows -I&lt;<A HREF="http://jenkins.imagej.net/job/ImageJ-launcher/label=Windows/ws/src\main\include">http://jenkins.imagej.net/job/ImageJ-launcher/label=Windows/ws/src\main\include</A>&gt; -o &lt;<A HREF="http://jenkins.imagej.net/job/ImageJ-launcher/label=Windows/ws/target\nar\obj\x86-Windows-gcc\string-funcs.bf89a2f7.o">http://jenkins.imagej.net/job/ImageJ-launcher/label=Windows/ws/target\nar\obj\x86-Windows-gcc\string-funcs.bf89a2f7.o</A>&gt; c/string-funcs.c
[DEBUG] Execute:Java13CommandLauncher: Executing 'gcc' with arguments:
'&quot;-DLAUNCHER_VERSION=\&quot;4.0.6-SNAPSHOT\&quot;&quot;'
'&quot;-DBUILD_NUMBER=\&quot;81c2f4fc614ec659dd50a38957f9418ac0559674\&quot;&quot;'
'-IC:/msysgit/src/fiji/java/win64/jdk1.8.0_101/include'
'-IC:/msysgit/src/fiji/java/win64/jdk1.8.0_101/include/win32'
'-m32'
'-mwindows'
'-c'
'-mwindows'
'-I&lt;<A HREF="http://jenkins.imagej.net/job/ImageJ-launcher/label=Windows/ws/src\main\include">http://jenkins.imagej.net/job/ImageJ-launcher/label=Windows/ws/src\main\include</A>'&gt;
'-o'
'&lt;<A HREF="http://jenkins.imagej.net/job/ImageJ-launcher/label=Windows/ws/target\nar\obj\x86-Windows-gcc\string-funcs.bf89a2f7.o">http://jenkins.imagej.net/job/ImageJ-launcher/label=Windows/ws/target\nar\obj\x86-Windows-gcc\string-funcs.bf89a2f7.o</A>'&gt;
'c/string-funcs.c'

The ' characters around the executable and arguments are
not part of the command.
[DEBUG] gcc '&quot;-DLAUNCHER_VERSION=\&quot;4.0.6-SNAPSHOT\&quot;&quot;' '&quot;-DBUILD_NUMBER=\&quot;81c2f4fc614ec659dd50a38957f9418ac0559674\&quot;&quot;' -IC:/msysgit/src/fiji/java/win64/jdk1.8.0_101/include -IC:/msysgit/src/fiji/java/win64/jdk1.8.0_101/include/win32 -m32 -mwindows -c -mwindows -I&lt;<A HREF="http://jenkins.imagej.net/job/ImageJ-launcher/label=Windows/ws/src\main\include">http://jenkins.imagej.net/job/ImageJ-launcher/label=Windows/ws/src\main\include</A>&gt; -o &lt;<A HREF="http://jenkins.imagej.net/job/ImageJ-launcher/label=Windows/ws/target\nar\obj\x86-Windows-gcc\xalloc.dd6c7401.o">http://jenkins.imagej.net/job/ImageJ-launcher/label=Windows/ws/target\nar\obj\x86-Windows-gcc\xalloc.dd6c7401.o</A>&gt; c/xalloc.c
[DEBUG] Execute:Java13CommandLauncher: Executing 'gcc' with arguments:
'&quot;-DLAUNCHER_VERSION=\&quot;4.0.6-SNAPSHOT\&quot;&quot;'
'&quot;-DBUILD_NUMBER=\&quot;81c2f4fc614ec659dd50a38957f9418ac0559674\&quot;&quot;'
'-IC:/msysgit/src/fiji/java/win64/jdk1.8.0_101/include'
'-IC:/msysgit/src/fiji/java/win64/jdk1.8.0_101/include/win32'
'-m32'
'-mwindows'
'-c'
'-mwindows'
'-I&lt;<A HREF="http://jenkins.imagej.net/job/ImageJ-launcher/label=Windows/ws/src\main\include">http://jenkins.imagej.net/job/ImageJ-launcher/label=Windows/ws/src\main\include</A>'&gt;
'-o'
'&lt;<A HREF="http://jenkins.imagej.net/job/ImageJ-launcher/label=Windows/ws/target\nar\obj\x86-Windows-gcc\xalloc.dd6c7401.o">http://jenkins.imagej.net/job/ImageJ-launcher/label=Windows/ws/target\nar\obj\x86-Windows-gcc\xalloc.dd6c7401.o</A>'&gt;
'c/xalloc.c'

The ' characters around the executable and arguments are
not part of the command.

                                                                    
[INFO] 10 files were compiled.
[INFO] Linking...
[INFO] Starting link {4.7.0 -m32 -mwindows -Bdynamic -lkernel32}
[DEBUG] gcc -m32 -mwindows -o imagej-launcher &lt;<A HREF="http://jenkins.imagej.net/job/ImageJ-launcher/label=Windows/ws/target\nar\obj\x86-Windows-gcc\ImageJ.32cf5033.o">http://jenkins.imagej.net/job/ImageJ-launcher/label=Windows/ws/target\nar\obj\x86-Windows-gcc\ImageJ.32cf5033.o</A>&gt; &lt;<A HREF="http://jenkins.imagej.net/job/ImageJ-launcher/label=Windows/ws/target\nar\obj\x86-Windows-gcc\common.3e4e1caf.o">http://jenkins.imagej.net/job/ImageJ-launcher/label=Windows/ws/target\nar\obj\x86-Windows-gcc\common.3e4e1caf.o</A>&gt; &lt;<A HREF="http://jenkins.imagej.net/job/ImageJ-launcher/label=Windows/ws/target\nar\obj\x86-Windows-gcc\config.3f9d7c46.o">http://jenkins.imagej.net/job/ImageJ-launcher/label=Windows/ws/target\nar\obj\x86-Windows-gcc\config.3f9d7c46.o</A>&gt; &lt;<A HREF="http://jenkins.imagej.net/job/ImageJ-launcher/label=Windows/ws/target\nar\obj\x86-Windows-gcc\exe-ico.46284a20.o">http://jenkins.imagej.net/job/ImageJ-launcher/label=Windows/ws/target\nar\obj\x86-Windows-gcc\exe-ico.46284a20.o</A>&gt; &lt;<A HREF="http://jenkins.imagej.net/job/ImageJ-launcher/label=Windows/ws/target\nar\obj\x86-Windows-gcc\file-funcs.9806522.o">http://jenkins.imagej.net/job/ImageJ-launcher/label=Windows/ws/target\nar\obj\x86-Windows-gcc\file-funcs.9806522.o</A>&gt; &lt;<A HREF="http://jenkins.imagej.net/job/ImageJ-launcher/label=Windows/ws/target\nar\obj\x86-Windows-gcc\java.5a902e6.o">http://jenkins.imagej.net/job/ImageJ-launcher/label=Windows/ws/target\nar\obj\x86-Windows-gcc\java.5a902e6.o</A>&gt; &lt;<A HREF="http://jenkins.imagej.net/job/ImageJ-launcher/label=Windows/ws/target\nar\obj\x86-Windows-gcc\platform.12b63177.o">http://jenkins.imagej.net/job/ImageJ-launcher/label=Windows/ws/target\nar\obj\x86-Windows-gcc\platform.12b63177.o</A>&gt; &lt;<A HREF="http://jenkins.imagej.net/job/ImageJ-launcher/label=Windows/ws/target\nar\obj\x86-Windows-gcc\splash.eeeaee2b.o">http://jenkins.imagej.net/job/ImageJ-launcher/label=Windows/ws/target\nar\obj\x86-Windows-gcc\splash.eeeaee2b.o</A>&gt; &lt;<A HREF="http://jenkins.imagej.net/job/ImageJ-launcher/label=Windows/ws/target\nar\obj\x86-Windows-gcc\string-funcs.bf89a2f7.o">http://jenkins.imagej.net/job/ImageJ-launcher/label=Windows/ws/target\nar\obj\x86-Windows-gcc\string-funcs.bf89a2f7.o</A>&gt; &lt;<A HREF="http://jenkins.imagej.net/job/ImageJ-launcher/label=Windows/ws/target\nar\obj\x86-Windows-gcc\xalloc.dd6c7401.o">http://jenkins.imagej.net/job/ImageJ-launcher/label=Windows/ws/target\nar\obj\x86-Windows-gcc\xalloc.dd6c7401.o</A>&gt; -Bdynamic -lkernel32
[DEBUG] Execute:Java13CommandLauncher: Executing 'gcc' with arguments:
'-m32'
'-mwindows'
'-o'
'imagej-launcher'
'&lt;<A HREF="http://jenkins.imagej.net/job/ImageJ-launcher/label=Windows/ws/target\nar\obj\x86-Windows-gcc\ImageJ.32cf5033.o">http://jenkins.imagej.net/job/ImageJ-launcher/label=Windows/ws/target\nar\obj\x86-Windows-gcc\ImageJ.32cf5033.o</A>'&gt;
'&lt;<A HREF="http://jenkins.imagej.net/job/ImageJ-launcher/label=Windows/ws/target\nar\obj\x86-Windows-gcc\common.3e4e1caf.o">http://jenkins.imagej.net/job/ImageJ-launcher/label=Windows/ws/target\nar\obj\x86-Windows-gcc\common.3e4e1caf.o</A>'&gt;
'&lt;<A HREF="http://jenkins.imagej.net/job/ImageJ-launcher/label=Windows/ws/target\nar\obj\x86-Windows-gcc\config.3f9d7c46.o">http://jenkins.imagej.net/job/ImageJ-launcher/label=Windows/ws/target\nar\obj\x86-Windows-gcc\config.3f9d7c46.o</A>'&gt;
'&lt;<A HREF="http://jenkins.imagej.net/job/ImageJ-launcher/label=Windows/ws/target\nar\obj\x86-Windows-gcc\exe-ico.46284a20.o">http://jenkins.imagej.net/job/ImageJ-launcher/label=Windows/ws/target\nar\obj\x86-Windows-gcc\exe-ico.46284a20.o</A>'&gt;
'&lt;<A HREF="http://jenkins.imagej.net/job/ImageJ-launcher/label=Windows/ws/target\nar\obj\x86-Windows-gcc\file-funcs.9806522.o">http://jenkins.imagej.net/job/ImageJ-launcher/label=Windows/ws/target\nar\obj\x86-Windows-gcc\file-funcs.9806522.o</A>'&gt;
'&lt;<A HREF="http://jenkins.imagej.net/job/ImageJ-launcher/label=Windows/ws/target\nar\obj\x86-Windows-gcc\java.5a902e6.o">http://jenkins.imagej.net/job/ImageJ-launcher/label=Windows/ws/target\nar\obj\x86-Windows-gcc\java.5a902e6.o</A>'&gt;
'&lt;<A HREF="http://jenkins.imagej.net/job/ImageJ-launcher/label=Windows/ws/target\nar\obj\x86-Windows-gcc\platform.12b63177.o">http://jenkins.imagej.net/job/ImageJ-launcher/label=Windows/ws/target\nar\obj\x86-Windows-gcc\platform.12b63177.o</A>'&gt;
'&lt;<A HREF="http://jenkins.imagej.net/job/ImageJ-launcher/label=Windows/ws/target\nar\obj\x86-Windows-gcc\splash.eeeaee2b.o">http://jenkins.imagej.net/job/ImageJ-launcher/label=Windows/ws/target\nar\obj\x86-Windows-gcc\splash.eeeaee2b.o</A>'&gt;
'&lt;<A HREF="http://jenkins.imagej.net/job/ImageJ-launcher/label=Windows/ws/target\nar\obj\x86-Windows-gcc\string-funcs.bf89a2f7.o">http://jenkins.imagej.net/job/ImageJ-launcher/label=Windows/ws/target\nar\obj\x86-Windows-gcc\string-funcs.bf89a2f7.o</A>'&gt;
'&lt;<A HREF="http://jenkins.imagej.net/job/ImageJ-launcher/label=Windows/ws/target\nar\obj\x86-Windows-gcc\xalloc.dd6c7401.o">http://jenkins.imagej.net/job/ImageJ-launcher/label=Windows/ws/target\nar\obj\x86-Windows-gcc\xalloc.dd6c7401.o</A>'&gt;
'-Bdynamic'
'-lkernel32'

The ' characters around the executable and arguments are
not part of the command.
[ERROR] c:/msysgit/src/mingw-w64/sysroot/bin/../lib/gcc/x86_64-w64-mingw32/4.7.0/../../../../x86_64-w64-mingw32/bin/ld.exe: skipping incompatible c:/msysgit/src/mingw-w64/sysroot/bin/../lib/gcc/x86_64-w64-mingw32/4.7.0/libgcc_eh.a when searching for -lgcc_eh
[ERROR] c:/msysgit/src/mingw-w64/sysroot/bin/../lib/gcc/x86_64-w64-mingw32/4.7.0/../../../../x86_64-w64-mingw32/bin/ld.exe: skipping incompatible c:/msysgit/src/mingw-w64/sysroot/bin/../lib/gcc/x86_64-w64-mingw32/4.7.0\libgcc_eh.a when searching for -lgcc_eh
[ERROR] c:/msysgit/src/mingw-w64/sysroot/bin/../lib/gcc/x86_64-w64-mingw32/4.7.0/../../../../x86_64-w64-mingw32/bin/ld.exe: skipping incompatible c:/msysgit/src/mingw-w64/sysroot/bin/../lib/gcc/x86_64-w64-mingw32/4.7.0/libgcc_eh.a when searching for -lgcc_eh
[ERROR] c:/msysgit/src/mingw-w64/sysroot/bin/../lib/gcc/x86_64-w64-mingw32/4.7.0/../../../../x86_64-w64-mingw32/bin/ld.exe: cannot find -lgcc_eh
[ERROR] c:/msysgit/src/mingw-w64/sysroot/bin/../lib/gcc/x86_64-w64-mingw32/4.7.0/../../../../x86_64-w64-mingw32/bin/ld.exe: skipping incompatible c:/msysgit/src/mingw-w64/sysroot/bin/../lib/gcc/x86_64-w64-mingw32/4.7.0/libgcc.a when searching for -lgcc
[ERROR] c:/msysgit/src/mingw-w64/sysroot/bin/../lib/gcc/x86_64-w64-mingw32/4.7.0/../../../../x86_64-w64-mingw32/bin/ld.exe: skipping incompatible c:/msysgit/src/mingw-w64/sysroot/bin/../lib/gcc/x86_64-w64-mingw32/4.7.0\libgcc.a when searching for -lgcc
[ERROR] c:/msysgit/src/mingw-w64/sysroot/bin/../lib/gcc/x86_64-w64-mingw32/4.7.0/../../../../x86_64-w64-mingw32/bin/ld.exe: skipping incompatible c:/msysgit/src/mingw-w64/sysroot/bin/../lib/gcc/x86_64-w64-mingw32/4.7.0/libgcc.a when searching for -lgcc
[ERROR] c:/msysgit/src/mingw-w64/sysroot/bin/../lib/gcc/x86_64-w64-mingw32/4.7.0/../../../../x86_64-w64-mingw32/bin/ld.exe: cannot find -lgcc
[ERROR] c:/msysgit/src/mingw-w64/sysroot/bin/../lib/gcc/x86_64-w64-mingw32/4.7.0/../../../../x86_64-w64-mingw32/bin/ld.exe: skipping incompatible c:/msysgit/src/mingw-w64/sysroot/bin/../lib/gcc/x86_64-w64-mingw32/4.7.0/libgcc_eh.a when searching for -lgcc_eh
[ERROR] c:/msysgit/src/mingw-w64/sysroot/bin/../lib/gcc/x86_64-w64-mingw32/4.7.0/../../../../x86_64-w64-mingw32/bin/ld.exe: skipping incompatible c:/msysgit/src/mingw-w64/sysroot/bin/../lib/gcc/x86_64-w64-mingw32/4.7.0\libgcc_eh.a when searching for -lgcc_eh
[ERROR] c:/msysgit/src/mingw-w64/sysroot/bin/../lib/gcc/x86_64-w64-mingw32/4.7.0/../../../../x86_64-w64-mingw32/bin/ld.exe: skipping incompatible c:/msysgit/src/mingw-w64/sysroot/bin/../lib/gcc/x86_64-w64-mingw32/4.7.0/libgcc_eh.a when searching for -lgcc_eh
[ERROR] c:/msysgit/src/mingw-w64/sysroot/bin/../lib/gcc/x86_64-w64-mingw32/4.7.0/../../../../x86_64-w64-mingw32/bin/ld.exe: cannot find -lgcc_eh
[ERROR] c:/msysgit/src/mingw-w64/sysroot/bin/../lib/gcc/x86_64-w64-mingw32/4.7.0/../../../../x86_64-w64-mingw32/bin/ld.exe: skipping incompatible c:/msysgit/src/mingw-w64/sysroot/bin/../lib/gcc/x86_64-w64-mingw32/4.7.0/libgcc.a when searching for -lgcc
[ERROR] c:/msysgit/src/mingw-w64/sysroot/bin/../lib/gcc/x86_64-w64-mingw32/4.7.0/../../../../x86_64-w64-mingw32/bin/ld.exe: skipping incompatible c:/msysgit/src/mingw-w64/sysroot/bin/../lib/gcc/x86_64-w64-mingw32/4.7.0\libgcc.a when searching for -lgcc
[ERROR] c:/msysgit/src/mingw-w64/sysroot/bin/../lib/gcc/x86_64-w64-mingw32/4.7.0/../../../../x86_64-w64-mingw32/bin/ld.exe: skipping incompatible c:/msysgit/src/mingw-w64/sysroot/bin/../lib/gcc/x86_64-w64-mingw32/4.7.0/libgcc.a when searching for -lgcc
[ERROR] c:/msysgit/src/mingw-w64/sysroot/bin/../lib/gcc/x86_64-w64-mingw32/4.7.0/../../../../x86_64-w64-mingw32/bin/ld.exe: cannot find -lgcc
[ERROR] collect2.exe: error: ld returned 1 exit status
[INFO]                                                                         
[INFO] ------------------------------------------------------------------------
[INFO] Skipping ImageJ Launcher
[INFO] This project has been banned from the build due to previous failures.
[INFO] ------------------------------------------------------------------------
[INFO] ------------------------------------------------------------------------
[INFO] BUILD FAILURE
[INFO] ------------------------------------------------------------------------
[INFO] Total time: 34.944s
[INFO] Finished at: Thu Dec 01 14:24:17 CST 2016
[INFO] Final Memory: 23M/54M
[INFO] ------------------------------------------------------------------------
[ERROR] Failed to execute goal com.github.maven-nar:nar-maven-plugin:3.5.0:nar-compile (default-nar-compile) on project imagej-launcher: NAR: Compile failed: gcc failed with return code 1 -&gt; [Help 1]
org.apache.maven.lifecycle.LifecycleExecutionException: Failed to execute goal com.github.maven-nar:nar-maven-plugin:3.5.0:nar-compile (default-nar-compile) on project imagej-launcher: NAR: Compile failed
	at org.apache.maven.lifecycle.internal.MojoExecutor.execute(MojoExecutor.java:217)
	at org.apache.maven.lifecycle.internal.MojoExecutor.execute(MojoExecutor.java:153)
	at org.apache.maven.lifecycle.internal.MojoExecutor.execute(MojoExecutor.java:145)
	at org.apache.maven.lifecycle.internal.LifecycleModuleBuilder.buildProject(LifecycleModuleBuilder.java:84)
	at org.apache.maven.lifecycle.internal.LifecycleModuleBuilder.buildProject(LifecycleModuleBuilder.java:59)
	at org.apache.maven.lifecycle.internal.LifecycleStarter.singleThreadedBuild(LifecycleStarter.java:183)
	at org.apache.maven.lifecycle.internal.LifecycleStarter.execute(LifecycleStarter.java:161)
	at org.apache.maven.DefaultMaven.doExecute(DefaultMaven.java:320)
	at org.apache.maven.DefaultMaven.execute(DefaultMaven.java:156)
	at org.apache.maven.cli.MavenCli.execute(MavenCli.java:537)
	at org.apache.maven.cli.MavenCli.doMain(MavenCli.java:196)
	at org.apache.maven.cli.MavenCli.main(MavenCli.java:141)
	at sun.reflect.NativeMethodAccessorImpl.invoke0(Native Method)
	at sun.reflect.NativeMethodAccessorImpl.invoke(NativeMethodAccessorImpl.java:62)
	at sun.reflect.DelegatingMethodAccessorImpl.invoke(DelegatingMethodAccessorImpl.java:43)
	at java.lang.reflect.Method.invoke(Method.java:498)
	at org.codehaus.plexus.classworlds.launcher.Launcher.launchEnhanced(Launcher.java:290)
	at org.codehaus.plexus.classworlds.launcher.Launcher.launch(Launcher.java:230)
	at org.codehaus.plexus.classworlds.launcher.Launcher.mainWithExitCode(Launcher.java:409)
	at org.codehaus.plexus.classworlds.launcher.Launcher.main(Launcher.java:352)
Caused by: org.apache.maven.plugin.MojoExecutionException: NAR: Compile failed
	at com.github.maven_nar.NarCompileMojo.createLibrary(NarCompileMojo.java:346)
	at com.github.maven_nar.NarCompileMojo.narExecute(NarCompileMojo.java:453)
	at com.github.maven_nar.AbstractNarMojo.execute(AbstractNarMojo.java:195)
	at org.apache.maven.plugin.DefaultBuildPluginManager.executeMojo(DefaultBuildPluginManager.java:101)
	at org.apache.maven.lifecycle.internal.MojoExecutor.execute(MojoExecutor.java:209)
	... 19 more
Caused by: gcc failed with return code 1
	at com.github.maven_nar.cpptasks.compiler.CommandLineLinker.link(CommandLineLinker.java:369)
	at com.github.maven_nar.cpptasks.compiler.CommandLineLinkerConfiguration.link(CommandLineLinkerConfiguration.java:162)
	at com.github.maven_nar.cpptasks.CCTask.execute(CCTask.java:885)
	at com.github.maven_nar.NarCompileMojo.createLibrary(NarCompileMojo.java:344)
	... 23 more
[ERROR] 
[ERROR] 
[ERROR] For more information about the errors and possible solutions, please read the following articles:
[ERROR] [Help 1] <A HREF="http://cwiki.apache.org/confluence/display/MAVEN/MojoExecutionException">http://cwiki.apache.org/confluence/display/MAVEN/MojoExecutionException</A>
Java HotSpot(TM) Client VM warning: ignoring option MaxPermSize=256m; support was removed in 8.0
Build step 'Execute shell' marked build as failure
Archiving artifacts

</PRE>





<!--endarticle-->
    <HR>
    <P><UL>
        <!--threads-->
	<LI>Previous message (by thread): <A HREF="012568.html">[ImageJ-builds] Build failed in Jenkins: ImageJ-launcher » maven #1267
</A></li>
	<LI>Next message (by thread): <A HREF="012548.html">[ImageJ-builds] Build failed in Jenkins: ImageJ-launcher » Windows #1266
</A></li>
         <LI> <B>Messages sorted by:</B> 
              <a href="date.html#12537">[ date ]</a>
              <a href="thread.html#12537">[ thread ]</a>
              <a href="subject.html#12537">[ subject ]</a>
              <a href="author.html#12537">[ author ]</a>
         </LI>
       </UL>

<hr>
<a href="http://imagej.net/mailman/listinfo/imagej-builds">More information about the ImageJ-builds
mailing list</a><br>
</body></html>
