<!DOCTYPE HTML PUBLIC "-//W3C//DTD HTML 4.01 Transitional//EN">
<HTML>
 <HEAD>
   <TITLE> [ImageJ-builds] Build failed in Jenkins: ImageJ-1.x-patcher-windows	#43
   </TITLE>
   <LINK REL="Index" HREF="index.html" >
   <LINK REL="made" HREF="mailto:imagej-builds%40imagej.net?Subject=Re%3A%20%5BImageJ-builds%5D%20Build%20failed%20in%20Jenkins%3A%20ImageJ-1.x-patcher-windows%0A%09%2343&In-Reply-To=%3C2081143682.86.1401121449328.JavaMail.jenkins%40dev%3E">
   <META NAME="robots" CONTENT="index,nofollow">
   <style type="text/css">
       pre {
           white-space: pre-wrap;       /* css-2.1, curent FF, Opera, Safari */
           }
   </style>
   <META http-equiv="Content-Type" content="text/html; charset=us-ascii">
   <LINK REL="Previous"  HREF="004235.html">
   <LINK REL="Next"  HREF="004236.html">
 </HEAD>
 <BODY BGCOLOR="#ffffff">
   <H1>[ImageJ-builds] Build failed in Jenkins: ImageJ-1.x-patcher-windows	#43</H1>
    <B>jenkins at imagej.net</B> 
    <A HREF="mailto:imagej-builds%40imagej.net?Subject=Re%3A%20%5BImageJ-builds%5D%20Build%20failed%20in%20Jenkins%3A%20ImageJ-1.x-patcher-windows%0A%09%2343&In-Reply-To=%3C2081143682.86.1401121449328.JavaMail.jenkins%40dev%3E"
       TITLE="[ImageJ-builds] Build failed in Jenkins: ImageJ-1.x-patcher-windows	#43">jenkins at imagej.net
       </A><BR>
    <I>Mon May 26 11:24:09 CDT 2014</I>
    <P><UL>
        <LI>Previous message: <A HREF="004235.html">[ImageJ-builds] Jenkins build is back to normal : ImageJ-launcher &#187; MacOSX #1157
</A></li>
        <LI>Next message: <A HREF="004236.html">[ImageJ-builds] Jenkins build is back to normal :	ImageJ-1.x-patcher-windows #44
</A></li>
         <LI> <B>Messages sorted by:</B> 
              <a href="date.html#4233">[ date ]</a>
              <a href="thread.html#4233">[ thread ]</a>
              <a href="subject.html#4233">[ subject ]</a>
              <a href="author.html#4233">[ author ]</a>
         </LI>
       </UL>
    <HR>  
<!--beginarticle-->
<PRE>See &lt;<A HREF="http://jenkins.imagej.net/job/ImageJ-1.x-patcher-windows/43/changes">http://jenkins.imagej.net/job/ImageJ-1.x-patcher-windows/43/changes</A>&gt;

Changes:

[Johannes Schindelin] Bump parent version to use scijava-common's TestUtils for testing

[Johannes Schindelin] Use SciJava common's deleteRecursively() and createTemporaryDirectory()

[Johannes Schindelin] Prepare LegacyInjector.preinit() for the upcoming imagej-legacy

------------------------------------------
[...truncated 443 lines...]
1688/1845 KB   
1692/1845 KB   
1696/1845 KB   
1700/1845 KB   
1704/1845 KB   
1708/1845 KB   
1712/1845 KB   
1716/1845 KB   
1720/1845 KB   
1724/1845 KB   
1728/1845 KB   
1732/1845 KB   
1736/1845 KB   
1740/1845 KB   
1744/1845 KB   
1748/1845 KB   
1752/1845 KB   
1756/1845 KB   
1760/1845 KB   
1764/1845 KB   
1768/1845 KB   
1772/1845 KB   
1776/1845 KB   
1780/1845 KB   
1784/1845 KB   
1788/1845 KB   
1792/1845 KB   
1796/1845 KB   
1800/1845 KB   
1804/1845 KB   
1808/1845 KB   
1812/1845 KB   
1816/1845 KB   
1820/1845 KB   
1824/1845 KB   
1828/1845 KB   
1832/1845 KB   
1836/1845 KB   
1840/1845 KB   
1844/1845 KB   
1845/1845 KB   
               
Downloaded: <A HREF="http://maven.imagej.net/content/groups/public/net/imagej/ij/1.49a/ij-1.49a.jar">http://maven.imagej.net/content/groups/public/net/imagej/ij/1.49a/ij-1.49a.jar</A> (1845 KB at 5624.4 KB/sec)
[INFO] 
[INFO] --- maven-clean-plugin:2.5:clean (default-clean) @ ij1-patcher ---
[INFO] 
[INFO] --- buildnumber-maven-plugin:1.2:create (default) @ ij1-patcher ---
[INFO] Checking for local modifications: skipped.
[INFO] Updating project files from SCM: skipped.
[INFO] Executing: cmd.exe /X /C &quot;git rev-parse --verify HEAD&quot;
[INFO] Working directory: &lt;<A HREF="http://jenkins.imagej.net/job/ImageJ-1.x-patcher-windows/ws/">http://jenkins.imagej.net/job/ImageJ-1.x-patcher-windows/ws/</A>&gt;
[INFO] Storing buildNumber: aa8f68abf787737a9577403876ce58583ab3732c at timestamp: 1401121399891
[INFO] Executing: cmd.exe /X /C &quot;git rev-parse --verify HEAD&quot;
[INFO] Working directory: &lt;<A HREF="http://jenkins.imagej.net/job/ImageJ-1.x-patcher-windows/ws/">http://jenkins.imagej.net/job/ImageJ-1.x-patcher-windows/ws/</A>&gt;
[INFO] Storing buildScmBranch: UNKNOWN
[INFO] 
[INFO] --- maven-resources-plugin:2.6:resources (default-resources) @ ij1-patcher ---
[INFO] Using 'UTF-8' encoding to copy filtered resources.
[INFO] skip non existing resourceDirectory &lt;<A HREF="http://jenkins.imagej.net/job/ImageJ-1.x-patcher-windows/ws/src\main\resources">http://jenkins.imagej.net/job/ImageJ-1.x-patcher-windows/ws/src\main\resources</A>&gt;
[INFO] 
[INFO] --- maven-compiler-plugin:3.1:compile (default-compile) @ ij1-patcher ---
[INFO] Changes detected - recompiling the module!
[INFO] Compiling 21 source files to &lt;<A HREF="http://jenkins.imagej.net/job/ImageJ-1.x-patcher-windows/ws/target\classes">http://jenkins.imagej.net/job/ImageJ-1.x-patcher-windows/ws/target\classes</A>&gt;
[WARNING] Note: Some input files use or override a deprecated API.
[WARNING] Note: Recompile with -Xlint:deprecation for details.
[INFO] 
[INFO] --- maven-resources-plugin:2.6:testResources (default-testResources) @ ij1-patcher ---
[INFO] Using 'UTF-8' encoding to copy filtered resources.
[INFO] skip non existing resourceDirectory &lt;<A HREF="http://jenkins.imagej.net/job/ImageJ-1.x-patcher-windows/ws/src\test\resources">http://jenkins.imagej.net/job/ImageJ-1.x-patcher-windows/ws/src\test\resources</A>&gt;
[INFO] 
[INFO] --- maven-compiler-plugin:3.1:testCompile (default-testCompile) @ ij1-patcher ---
[INFO] Changes detected - recompiling the module!
[INFO] Compiling 14 source files to &lt;<A HREF="http://jenkins.imagej.net/job/ImageJ-1.x-patcher-windows/ws/target\test-classes">http://jenkins.imagej.net/job/ImageJ-1.x-patcher-windows/ws/target\test-classes</A>&gt;
[INFO] 
[INFO] --- maven-surefire-plugin:2.17:test (default-test) @ ij1-patcher ---
[INFO] Surefire report directory: &lt;<A HREF="http://jenkins.imagej.net/job/ImageJ-1.x-patcher-windows/ws/target\surefire-reports">http://jenkins.imagej.net/job/ImageJ-1.x-patcher-windows/ws/target\surefire-reports</A>&gt;

-------------------------------------------------------
 T E S T S
-------------------------------------------------------
Running net.imagej.patcher.ExtraPluginDirsTest
Tests run: 4, Failures: 0, Errors: 2, Skipped: 0, Time elapsed: 3.5 sec &lt;&lt;&lt; FAILURE! - in net.imagej.patcher.ExtraPluginDirsTest
correctSubmenu(net.imagej.patcher.ExtraPluginDirsTest)  Time elapsed: 0.078 sec  &lt;&lt;&lt; ERROR!
java.io.IOException: Could not make directory &lt;<A HREF="http://jenkins.imagej.net/job/ImageJ-1.x-patcher-windows/ws/target\legacy-before-L87">http://jenkins.imagej.net/job/ImageJ-1.x-patcher-windows/ws/target\legacy-before-L87</A>&gt;
	at org.scijava.test.TestUtils.createTemporaryDirectory(TestUtils.java:126)
	at org.scijava.test.TestUtils.createTemporaryDirectory(TestUtils.java:64)
	at net.imagej.patcher.ExtraPluginDirsTest.before(ExtraPluginDirsTest.java:87)
	at sun.reflect.NativeMethodAccessorImpl.invoke0(Native Method)
	at sun.reflect.NativeMethodAccessorImpl.invoke(NativeMethodAccessorImpl.java:39)
	at sun.reflect.DelegatingMethodAccessorImpl.invoke(DelegatingMethodAccessorImpl.java:25)
	at java.lang.reflect.Method.invoke(Method.java:597)
	at org.junit.runners.model.FrameworkMethod$1.runReflectiveCall(FrameworkMethod.java:47)
	at org.junit.internal.runners.model.ReflectiveCallable.run(ReflectiveCallable.java:12)
	at org.junit.runners.model.FrameworkMethod.invokeExplosively(FrameworkMethod.java:44)
	at org.junit.internal.runners.statements.RunBefores.evaluate(RunBefores.java:24)
	at org.junit.internal.runners.statements.RunAfters.evaluate(RunAfters.java:27)
	at org.junit.runners.ParentRunner.runLeaf(ParentRunner.java:271)
	at org.junit.runners.BlockJUnit4ClassRunner.runChild(BlockJUnit4ClassRunner.java:70)
	at org.junit.runners.BlockJUnit4ClassRunner.runChild(BlockJUnit4ClassRunner.java:50)
	at org.junit.runners.ParentRunner$3.run(ParentRunner.java:238)
	at org.junit.runners.ParentRunner$1.schedule(ParentRunner.java:63)
	at org.junit.runners.ParentRunner.runChildren(ParentRunner.java:236)
	at org.junit.runners.ParentRunner.access$000(ParentRunner.java:53)
	at org.junit.runners.ParentRunner$2.evaluate(ParentRunner.java:229)
	at org.junit.runners.ParentRunner.run(ParentRunner.java:309)
	at org.apache.maven.surefire.junit4.JUnit4Provider.execute(JUnit4Provider.java:264)
	at org.apache.maven.surefire.junit4.JUnit4Provider.executeTestSet(JUnit4Provider.java:153)
	at org.apache.maven.surefire.junit4.JUnit4Provider.invoke(JUnit4Provider.java:124)
	at org.apache.maven.surefire.booter.ForkedBooter.invokeProviderInSameClassLoader(ForkedBooter.java:200)
	at org.apache.maven.surefire.booter.ForkedBooter.runSuitesInProcess(ForkedBooter.java:153)
	at org.apache.maven.surefire.booter.ForkedBooter.main(ForkedBooter.java:103)

knowsAboutJarsDirectory(net.imagej.patcher.ExtraPluginDirsTest)  Time elapsed: 0 sec  &lt;&lt;&lt; ERROR!
java.io.IOException: Could not make directory &lt;<A HREF="http://jenkins.imagej.net/job/ImageJ-1.x-patcher-windows/ws/target\legacy-before-L87">http://jenkins.imagej.net/job/ImageJ-1.x-patcher-windows/ws/target\legacy-before-L87</A>&gt;
	at org.scijava.test.TestUtils.createTemporaryDirectory(TestUtils.java:126)
	at org.scijava.test.TestUtils.createTemporaryDirectory(TestUtils.java:64)
	at net.imagej.patcher.ExtraPluginDirsTest.before(ExtraPluginDirsTest.java:87)
	at sun.reflect.NativeMethodAccessorImpl.invoke0(Native Method)
	at sun.reflect.NativeMethodAccessorImpl.invoke(NativeMethodAccessorImpl.java:39)
	at sun.reflect.DelegatingMethodAccessorImpl.invoke(DelegatingMethodAccessorImpl.java:25)
	at java.lang.reflect.Method.invoke(Method.java:597)
	at org.junit.runners.model.FrameworkMethod$1.runReflectiveCall(FrameworkMethod.java:47)
	at org.junit.internal.runners.model.ReflectiveCallable.run(ReflectiveCallable.java:12)
	at org.junit.runners.model.FrameworkMethod.invokeExplosively(FrameworkMethod.java:44)
	at org.junit.internal.runners.statements.RunBefores.evaluate(RunBefores.java:24)
	at org.junit.internal.runners.statements.RunAfters.evaluate(RunAfters.java:27)
	at org.junit.runners.ParentRunner.runLeaf(ParentRunner.java:271)
	at org.junit.runners.BlockJUnit4ClassRunner.runChild(BlockJUnit4ClassRunner.java:70)
	at org.junit.runners.BlockJUnit4ClassRunner.runChild(BlockJUnit4ClassRunner.java:50)
	at org.junit.runners.ParentRunner$3.run(ParentRunner.java:238)
	at org.junit.runners.ParentRunner$1.schedule(ParentRunner.java:63)
	at org.junit.runners.ParentRunner.runChildren(ParentRunner.java:236)
	at org.junit.runners.ParentRunner.access$000(ParentRunner.java:53)
	at org.junit.runners.ParentRunner$2.evaluate(ParentRunner.java:229)
	at org.junit.runners.ParentRunner.run(ParentRunner.java:309)
	at org.apache.maven.surefire.junit4.JUnit4Provider.execute(JUnit4Provider.java:264)
	at org.apache.maven.surefire.junit4.JUnit4Provider.executeTestSet(JUnit4Provider.java:153)
	at org.apache.maven.surefire.junit4.JUnit4Provider.invoke(JUnit4Provider.java:124)
	at org.apache.maven.surefire.booter.ForkedBooter.invokeProviderInSameClassLoader(ForkedBooter.java:200)
	at org.apache.maven.surefire.booter.ForkedBooter.runSuitesInProcess(ForkedBooter.java:153)
	at org.apache.maven.surefire.booter.ForkedBooter.main(ForkedBooter.java:103)

Running net.imagej.patcher.FatJarTest
Tests run: 1, Failures: 0, Errors: 0, Skipped: 0, Time elapsed: 1.109 sec - in net.imagej.patcher.FatJarTest
Running net.imagej.patcher.HeadlessCompletenessTest
Tests run: 3, Failures: 0, Errors: 1, Skipped: 0, Time elapsed: 1.156 sec &lt;&lt;&lt; FAILURE! - in net.imagej.patcher.HeadlessCompletenessTest
autogenerateDummyMethods(net.imagej.patcher.HeadlessCompletenessTest)  Time elapsed: 0 sec  &lt;&lt;&lt; ERROR!
java.io.IOException: Could not make directory &lt;<A HREF="http://jenkins.imagej.net/job/ImageJ-1.x-patcher-windows/ws/target\legacy-before-L90">http://jenkins.imagej.net/job/ImageJ-1.x-patcher-windows/ws/target\legacy-before-L90</A>&gt;
	at org.scijava.test.TestUtils.createTemporaryDirectory(TestUtils.java:126)
	at org.scijava.test.TestUtils.createTemporaryDirectory(TestUtils.java:64)
	at net.imagej.patcher.HeadlessCompletenessTest.before(HeadlessCompletenessTest.java:90)
	at sun.reflect.NativeMethodAccessorImpl.invoke0(Native Method)
	at sun.reflect.NativeMethodAccessorImpl.invoke(NativeMethodAccessorImpl.java:39)
	at sun.reflect.DelegatingMethodAccessorImpl.invoke(DelegatingMethodAccessorImpl.java:25)
	at java.lang.reflect.Method.invoke(Method.java:597)
	at org.junit.runners.model.FrameworkMethod$1.runReflectiveCall(FrameworkMethod.java:47)
	at org.junit.internal.runners.model.ReflectiveCallable.run(ReflectiveCallable.java:12)
	at org.junit.runners.model.FrameworkMethod.invokeExplosively(FrameworkMethod.java:44)
	at org.junit.internal.runners.statements.RunBefores.evaluate(RunBefores.java:24)
	at org.junit.internal.runners.statements.RunAfters.evaluate(RunAfters.java:27)
	at org.junit.runners.ParentRunner.runLeaf(ParentRunner.java:271)
	at org.junit.runners.BlockJUnit4ClassRunner.runChild(BlockJUnit4ClassRunner.java:70)
	at org.junit.runners.BlockJUnit4ClassRunner.runChild(BlockJUnit4ClassRunner.java:50)
	at org.junit.runners.ParentRunner$3.run(ParentRunner.java:238)
	at org.junit.runners.ParentRunner$1.schedule(ParentRunner.java:63)
	at org.junit.runners.ParentRunner.runChildren(ParentRunner.java:236)
	at org.junit.runners.ParentRunner.access$000(ParentRunner.java:53)
	at org.junit.runners.ParentRunner$2.evaluate(ParentRunner.java:229)
	at org.junit.runners.ParentRunner.run(ParentRunner.java:309)
	at org.apache.maven.surefire.junit4.JUnit4Provider.execute(JUnit4Provider.java:264)
	at org.apache.maven.surefire.junit4.JUnit4Provider.executeTestSet(JUnit4Provider.java:153)
	at org.apache.maven.surefire.junit4.JUnit4Provider.invoke(JUnit4Provider.java:124)
	at org.apache.maven.surefire.booter.ForkedBooter.invokeProviderInSameClassLoader(ForkedBooter.java:200)
	at org.apache.maven.surefire.booter.ForkedBooter.runSuitesInProcess(ForkedBooter.java:153)
	at org.apache.maven.surefire.booter.ForkedBooter.main(ForkedBooter.java:103)

Running net.imagej.patcher.HeadlessEnvironmentTest
(unset)
Tests run: 8, Failures: 0, Errors: 0, Skipped: 1, Time elapsed: 5.203 sec - in net.imagej.patcher.HeadlessEnvironmentTest
Running net.imagej.patcher.HelpfulExceptionTracesTest
Tests run: 2, Failures: 0, Errors: 0, Skipped: 0, Time elapsed: 0.422 sec - in net.imagej.patcher.HelpfulExceptionTracesTest
Running net.imagej.patcher.ImageJ1EncapsulationTest
Tests run: 1, Failures: 0, Errors: 0, Skipped: 0, Time elapsed: 0.109 sec - in net.imagej.patcher.ImageJ1EncapsulationTest

Results :

Tests in error: 
  ExtraPluginDirsTest.before:87 &#187; IO Could not make directory c:\msysgit\workspa...
  ExtraPluginDirsTest.before:87 &#187; IO Could not make directory c:\msysgit\workspa...
  HeadlessCompletenessTest.before:90 &#187; IO Could not make directory c:\msysgit\wo...

Tests run: 19, Failures: 0, Errors: 3, Skipped: 1

[INFO] ------------------------------------------------------------------------
[INFO] BUILD FAILURE
[INFO] ------------------------------------------------------------------------
[INFO] Total time: 25.422s
[INFO] Finished at: Mon May 26 11:23:40 CDT 2014
[INFO] Final Memory: 13M/38M
[INFO] ------------------------------------------------------------------------
[ERROR] Failed to execute goal org.apache.maven.plugins:maven-surefire-plugin:2.17:test (default-test) on project ij1-patcher: There are test failures.
[ERROR] 
[ERROR] Please refer to &lt;<A HREF="http://jenkins.imagej.net/job/ImageJ-1.x-patcher-windows/ws/target\surefire-reports">http://jenkins.imagej.net/job/ImageJ-1.x-patcher-windows/ws/target\surefire-reports</A>&gt; for the individual test results.
[ERROR] -&gt; [Help 1]
[ERROR] 
[ERROR] To see the full stack trace of the errors, re-run Maven with the -e switch.
[ERROR] Re-run Maven using the -X switch to enable full debug logging.
[ERROR] 
[ERROR] For more information about the errors and possible solutions, please read the following articles:
[ERROR] [Help 1] <A HREF="http://cwiki.apache.org/confluence/display/MAVEN/MojoFailureException">http://cwiki.apache.org/confluence/display/MAVEN/MojoFailureException</A>
Build step 'Invoke top-level Maven targets' marked build as failure
Archiving artifacts
Recording test results
Performance: Percentage of errors greater or equal than 0% sets the build as unstable
Performance: Percentage of errors greater or equal than 0% sets the build as failure



Performance: Recording JUnit reports '**/TEST-*.xml'
TEST-net.imagej.patcher.ExtraPluginDirsTest.xml has an average of: 394
Performance: File TEST-net.imagej.patcher.ExtraPluginDirsTest.xml reported 0.0% of errors [SUCCESS]. Build status is: FAILURE



TEST-net.imagej.patcher.FatJarTest.xml has an average of: 1109
Performance: File TEST-net.imagej.patcher.FatJarTest.xml reported 0.0% of errors [SUCCESS]. Build status is: FAILURE



TEST-net.imagej.patcher.HeadlessCompletenessTest.xml has an average of: 385
Performance: File TEST-net.imagej.patcher.HeadlessCompletenessTest.xml reported 0.0% of errors [SUCCESS]. Build status is: FAILURE



TEST-net.imagej.patcher.HeadlessEnvironmentTest.xml has an average of: 650
Performance: File TEST-net.imagej.patcher.HeadlessEnvironmentTest.xml reported 0.0% of errors [SUCCESS]. Build status is: FAILURE



TEST-net.imagej.patcher.HelpfulExceptionTracesTest.xml has an average of: 211
Performance: File TEST-net.imagej.patcher.HelpfulExceptionTracesTest.xml reported 0.0% of errors [SUCCESS]. Build status is: FAILURE



TEST-net.imagej.patcher.ImageJ1EncapsulationTest.xml has an average of: 109
Performance: File TEST-net.imagej.patcher.ImageJ1EncapsulationTest.xml reported 0.0% of errors [SUCCESS]. Build status is: FAILURE




</PRE>





<!--endarticle-->
    <HR>
    <P><UL>
        <!--threads-->
	<LI>Previous message: <A HREF="004235.html">[ImageJ-builds] Jenkins build is back to normal : ImageJ-launcher &#187; MacOSX #1157
</A></li>
	<LI>Next message: <A HREF="004236.html">[ImageJ-builds] Jenkins build is back to normal :	ImageJ-1.x-patcher-windows #44
</A></li>
         <LI> <B>Messages sorted by:</B> 
              <a href="date.html#4233">[ date ]</a>
              <a href="thread.html#4233">[ thread ]</a>
              <a href="subject.html#4233">[ subject ]</a>
              <a href="author.html#4233">[ author ]</a>
         </LI>
       </UL>

<hr>
<a href="http://imagej.net/mailman/listinfo/imagej-builds">More information about the ImageJ-builds
mailing list</a><br>
</body></html>
