<!DOCTYPE HTML PUBLIC "-//W3C//DTD HTML 4.01 Transitional//EN">
<HTML>
 <HEAD>
   <TITLE> [ImageJ-builds] Build failed in Jenkins: SciJava-common-windows #573
   </TITLE>
   <LINK REL="Index" HREF="index.html" >
   <LINK REL="made" HREF="mailto:imagej-builds%40imagej.net?Subject=Re%3A%20%5BImageJ-builds%5D%20Build%20failed%20in%20Jenkins%3A%20SciJava-common-windows%20%23573&In-Reply-To=%3C1666930961.82.1401048087387.JavaMail.jenkins%40dev%3E">
   <META NAME="robots" CONTENT="index,nofollow">
   <style type="text/css">
       pre {
           white-space: pre-wrap;       /* css-2.1, curent FF, Opera, Safari */
           }
   </style>
   <META http-equiv="Content-Type" content="text/html; charset=us-ascii">
   <LINK REL="Previous"  HREF="004228.html">
   <LINK REL="Next"  HREF="004230.html">
 </HEAD>
 <BODY BGCOLOR="#ffffff">
   <H1>[ImageJ-builds] Build failed in Jenkins: SciJava-common-windows #573</H1>
    <B>jenkins at imagej.net</B> 
    <A HREF="mailto:imagej-builds%40imagej.net?Subject=Re%3A%20%5BImageJ-builds%5D%20Build%20failed%20in%20Jenkins%3A%20SciJava-common-windows%20%23573&In-Reply-To=%3C1666930961.82.1401048087387.JavaMail.jenkins%40dev%3E"
       TITLE="[ImageJ-builds] Build failed in Jenkins: SciJava-common-windows #573">jenkins at imagej.net
       </A><BR>
    <I>Sun May 25 15:01:27 CDT 2014</I>
    <P><UL>
        <LI>Previous message: <A HREF="004228.html">[ImageJ-builds] mail-watcher-plugin: Computer Windows marked online
</A></li>
        <LI>Next message: <A HREF="004230.html">[ImageJ-builds] Build failed in Jenkins: SciJava-common-windows #574
</A></li>
         <LI> <B>Messages sorted by:</B> 
              <a href="date.html#4229">[ date ]</a>
              <a href="thread.html#4229">[ thread ]</a>
              <a href="subject.html#4229">[ subject ]</a>
              <a href="author.html#4229">[ author ]</a>
         </LI>
       </UL>
    <HR>  
<!--beginarticle-->
<PRE>See &lt;<A HREF="http://jenkins.imagej.net/job/SciJava-common-windows/573/changes">http://jenkins.imagej.net/job/SciJava-common-windows/573/changes</A>&gt;

Changes:

[Johannes Schindelin] Bug fix: randomize createTemporaryDirectory(String, Class) again

[Johannes Schindelin] Make sure that TestUtils' createTemporaryDirectory works correctly

[Johannes Schindelin] Help certain callers of the TestUtils class

------------------------------------------
Started by upstream project &quot;SciJava-common&quot; build number 702
originally caused by:
 Started by an SCM change
Building remotely on Windows (windows) in workspace &lt;<A HREF="http://jenkins.imagej.net/job/SciJava-common-windows/ws/">http://jenkins.imagej.net/job/SciJava-common-windows/ws/</A>&gt;
Fetching changes from the remote Git repository
Fetching upstream changes from <A HREF="git://github.com/scijava/scijava-common">git://github.com/scijava/scijava-common</A>
Checking out Revision d78ab05b1bb917d1665acded0af11bac7243777e (origin/master)
[SciJava-common-windows] $ sh -xe C:\Users\VIRTUA~1\AppData\Local\Temp\hudson75944469861305090.sh
+ git clean -dfx
Removing target/
+ PATH='/usr/src/fiji/java/win64/jdk1.6.0_24/bin:/usr/src/fiji/bin/apache-maven-3.0.4/bin:/usr/src/mingw-w64/sysroot/bin:/usr/bin:/usr/mingw/bin:/c/Windows/system32:/c/Windows:/c/Windows/System32/Wbem:/c/Windows/System32/WindowsPowerShell/v1.0/:/c/Program Files (x86)/CMake 2.8/bin:/c/Program Files/Microsoft Windows Performance Toolkit/:/c/Program Files (x86)/Git/cmd:/c/Program Files/Java/jdk1.6.0_31/bin'
+ /src/fiji/bin/maven.sh -U clean test
[INFO] Scanning for projects...
[INFO]                                                                         
[INFO] ------------------------------------------------------------------------
[INFO] Building SciJava Common 2.20.1-SNAPSHOT
[INFO] ------------------------------------------------------------------------
[INFO] 
[INFO] --- maven-clean-plugin:2.5:clean (default-clean) @ scijava-common ---
[INFO] 
[INFO] --- buildnumber-maven-plugin:1.2:create (default) @ scijava-common ---
[INFO] Checking for local modifications: skipped.
[INFO] Updating project files from SCM: skipped.
[INFO] Executing: cmd.exe /X /C &quot;git rev-parse --verify HEAD&quot;
[INFO] Working directory: &lt;<A HREF="http://jenkins.imagej.net/job/SciJava-common-windows/ws/">http://jenkins.imagej.net/job/SciJava-common-windows/ws/</A>&gt;
[INFO] Storing buildNumber: d78ab05b1bb917d1665acded0af11bac7243777e at timestamp: 1401048052053
[INFO] Executing: cmd.exe /X /C &quot;git rev-parse --verify HEAD&quot;
[INFO] Working directory: &lt;<A HREF="http://jenkins.imagej.net/job/SciJava-common-windows/ws/">http://jenkins.imagej.net/job/SciJava-common-windows/ws/</A>&gt;
[INFO] Storing buildScmBranch: UNKNOWN
[INFO] 
[INFO] --- maven-resources-plugin:2.6:resources (default-resources) @ scijava-common ---
[INFO] Using 'UTF-8' encoding to copy filtered resources.
[INFO] Copying 3 resources
[INFO] 
[INFO] --- maven-compiler-plugin:3.1:compile (default-compile) @ scijava-common ---
[INFO] Changes detected - recompiling the module!
[INFO] Compiling 422 source files to &lt;<A HREF="http://jenkins.imagej.net/job/SciJava-common-windows/ws/target\classes">http://jenkins.imagej.net/job/SciJava-common-windows/ws/target\classes</A>&gt;
[WARNING] Note: Some input files use unchecked or unsafe operations.
[WARNING] Note: Recompile with -Xlint:unchecked for details.
[INFO] 
[INFO] &gt;&gt;&gt; exec-maven-plugin:1.2.1:java (default) @ scijava-common &gt;&gt;&gt;
[INFO] 
[INFO] --- buildnumber-maven-plugin:1.2:create (default) @ scijava-common ---
[INFO] 
[INFO] &lt;&lt;&lt; exec-maven-plugin:1.2.1:java (default) @ scijava-common &lt;&lt;&lt;
[INFO] 
[INFO] --- exec-maven-plugin:1.2.1:java (default) @ scijava-common ---
[ECLIPSE HELPER] Indexing annotations...
[INFO] 
[INFO] --- maven-resources-plugin:2.6:testResources (default-testResources) @ scijava-common ---
[INFO] Using 'UTF-8' encoding to copy filtered resources.
[INFO] Copying 2 resources
[INFO] 
[INFO] --- maven-compiler-plugin:3.1:testCompile (default-testCompile) @ scijava-common ---
[INFO] Changes detected - recompiling the module!
[INFO] Compiling 44 source files to &lt;<A HREF="http://jenkins.imagej.net/job/SciJava-common-windows/ws/target\test-classes">http://jenkins.imagej.net/job/SciJava-common-windows/ws/target\test-classes</A>&gt;
[INFO] 
[INFO] --- maven-surefire-plugin:2.17:test (default-test) @ scijava-common ---
[INFO] Surefire report directory: &lt;<A HREF="http://jenkins.imagej.net/job/SciJava-common-windows/ws/target\surefire-reports">http://jenkins.imagej.net/job/SciJava-common-windows/ws/target\surefire-reports</A>&gt;

-------------------------------------------------------
 T E S T S
-------------------------------------------------------
Running org.scijava.annotations.DirectoryIndexerTest
[ECLIPSE HELPER] Indexing annotations...
Tests run: 2, Failures: 0, Errors: 0, Skipped: 1, Time elapsed: 0.283 sec - in org.scijava.annotations.DirectoryIndexerTest
Running org.scijava.annotations.EclipseHelperTest
[ECLIPSE HELPER] Indexing annotations...
[ECLIPSE HELPER] Indexing annotations...
Tests run: 2, Failures: 0, Errors: 0, Skipped: 0, Time elapsed: 0.047 sec - in org.scijava.annotations.EclipseHelperTest
Running org.scijava.annotations.LegacyTest
Tests run: 1, Failures: 0, Errors: 0, Skipped: 0, Time elapsed: 0.074 sec - in org.scijava.annotations.LegacyTest
Running org.scijava.app.DefaultStatusServiceTest
[INFO] Found 53 plugins.
[INFO] Found 1 Platform plugins.
[INFO] Configuring platform: org.scijava.platform.DefaultPlatform
[INFO] Found 0 InputWidget plugins.
[INFO] Found 1 App plugins.
[INFO] Found 53 plugins.
[INFO] Found 1 Platform plugins.
[INFO] Configuring platform: org.scijava.platform.DefaultPlatform
[INFO] Found 0 InputWidget plugins.
[INFO] Found 1 App plugins.
[INFO] Found 53 plugins.
[INFO] Found 1 Platform plugins.
[INFO] Configuring platform: org.scijava.platform.DefaultPlatform
[INFO] Found 0 InputWidget plugins.
[INFO] Found 1 App plugins.
[INFO] Found 53 plugins.
[INFO] Found 1 Platform plugins.
[INFO] Configuring platform: org.scijava.platform.DefaultPlatform
[INFO] Found 0 InputWidget plugins.
[INFO] Found 1 App plugins.
[INFO] Found 53 plugins.
[INFO] Found 1 Platform plugins.
[INFO] Configuring platform: org.scijava.platform.DefaultPlatform
[INFO] Found 0 InputWidget plugins.
[INFO] Found 1 App plugins.
[INFO] Found 53 plugins.
[INFO] Found 1 Platform plugins.
[INFO] Configuring platform: org.scijava.platform.DefaultPlatform
[INFO] Found 0 InputWidget plugins.
[INFO] Found 1 App plugins.
Tests run: 6, Failures: 0, Errors: 0, Skipped: 0, Time elapsed: 1.122 sec - in org.scijava.app.DefaultStatusServiceTest
Running org.scijava.command.CommandServiceTest
[INFO] Found 53 plugins.
Tests run: 1, Failures: 0, Errors: 0, Skipped: 0, Time elapsed: 0.042 sec - in org.scijava.command.CommandServiceTest
Running org.scijava.ContextCreationTest
[WARNING] Invalid service: org.scijava.ContextCreationTest$OptionalMissingService
[INFO] Found 53 plugins.
[INFO] Found 1 Platform plugins.
[INFO] Configuring platform: org.scijava.platform.DefaultPlatform
[INFO] Found 0 InputWidget plugins.
[WARNING] Invalid service: org.scijava.ContextCreationTest$MissingService
Tests run: 11, Failures: 0, Errors: 0, Skipped: 0, Time elapsed: 0.316 sec - in org.scijava.ContextCreationTest
Running org.scijava.ContextInjectionTest
Tests run: 7, Failures: 0, Errors: 0, Skipped: 0, Time elapsed: 0.364 sec - in org.scijava.ContextInjectionTest
Running org.scijava.display.DisplayTest
[INFO] Found 53 plugins.
[INFO] Found 53 plugins.
[INFO] Found 53 plugins.
Tests run: 3, Failures: 0, Errors: 0, Skipped: 0, Time elapsed: 0.076 sec - in org.scijava.display.DisplayTest
Running org.scijava.event.EventServiceTest
Tests run: 1, Failures: 0, Errors: 0, Skipped: 0, Time elapsed: 0.247 sec - in org.scijava.event.EventServiceTest
Running org.scijava.log.LogServiceTest
Tests run: 1, Failures: 0, Errors: 0, Skipped: 0, Time elapsed: 0.002 sec - in org.scijava.log.LogServiceTest
Running org.scijava.menu.ShadowMenuTest
Tests run: 5, Failures: 0, Errors: 0, Skipped: 0, Time elapsed: 0.079 sec - in org.scijava.menu.ShadowMenuTest
Running org.scijava.object.ObjectIndexTest
Tests run: 11, Failures: 0, Errors: 0, Skipped: 0, Time elapsed: 0.021 sec - in org.scijava.object.ObjectIndexTest
Running org.scijava.object.SortedObjectIndexTest
Tests run: 2, Failures: 0, Errors: 0, Skipped: 0, Time elapsed: 0.002 sec - in org.scijava.object.SortedObjectIndexTest
Running org.scijava.options.OptionsTest
[INFO] Found 53 plugins.
[INFO] Found 1 OptionsPlugin plugins.
[INFO] Found 53 plugins.
[INFO] Found 1 OptionsPlugin plugins.
[INFO] Found 53 plugins.
[INFO] Found 1 OptionsPlugin plugins.
Tests run: 2, Failures: 0, Errors: 0, Skipped: 0, Time elapsed: 0.882 sec - in org.scijava.options.OptionsTest
Running org.scijava.plugin.PluginIndexTest
[INFO] Found 53 plugins.
[INFO] Found 53 plugins.
Tests run: 2, Failures: 0, Errors: 0, Skipped: 0, Time elapsed: 0.048 sec - in org.scijava.plugin.PluginIndexTest
Running org.scijava.script.ScriptEngineTest
[INFO] Found 53 plugins.
[INFO] Found 1 ScriptLanguage plugins.
[INFO] Found 53 plugins.
[INFO] Found 1 ScriptLanguage plugins.
Tests run: 2, Failures: 0, Errors: 0, Skipped: 0, Time elapsed: 0.132 sec - in org.scijava.script.ScriptEngineTest
Running org.scijava.service.ServiceIndexTest
[INFO] Found 53 plugins.
Tests run: 1, Failures: 0, Errors: 0, Skipped: 0, Time elapsed: 0.008 sec - in org.scijava.service.ServiceIndexTest
Running org.scijava.util.AppUtilsTest
Tests run: 1, Failures: 0, Errors: 0, Skipped: 0, Time elapsed: 0.002 sec - in org.scijava.util.AppUtilsTest
Running org.scijava.util.BoolArrayTest
Tests run: 22, Failures: 0, Errors: 0, Skipped: 0, Time elapsed: 0.02 sec - in org.scijava.util.BoolArrayTest
Running org.scijava.util.ByteArrayTest
Tests run: 22, Failures: 0, Errors: 0, Skipped: 0, Time elapsed: 0.019 sec - in org.scijava.util.ByteArrayTest
Running org.scijava.util.CharArrayTest
Tests run: 22, Failures: 0, Errors: 0, Skipped: 0, Time elapsed: 0.023 sec - in org.scijava.util.CharArrayTest
Running org.scijava.util.ClassUtilsTest
Tests run: 6, Failures: 0, Errors: 0, Skipped: 0, Time elapsed: 0.039 sec - in org.scijava.util.ClassUtilsTest
Running org.scijava.util.ColorRGBTest
Tests run: 12, Failures: 0, Errors: 0, Skipped: 0, Time elapsed: 0.014 sec - in org.scijava.util.ColorRGBTest
Running org.scijava.util.ConversionUtilsTest
Tests run: 22, Failures: 0, Errors: 0, Skipped: 0, Time elapsed: 0.062 sec - in org.scijava.util.ConversionUtilsTest
Running org.scijava.util.DoubleArrayTest
Tests run: 22, Failures: 0, Errors: 0, Skipped: 0, Time elapsed: 0.046 sec - in org.scijava.util.DoubleArrayTest
Running org.scijava.util.FileUtilsTest
Tests run: 8, Failures: 0, Errors: 0, Skipped: 0, Time elapsed: 0.038 sec - in org.scijava.util.FileUtilsTest
Running org.scijava.util.FloatArrayTest
Tests run: 22, Failures: 0, Errors: 0, Skipped: 0, Time elapsed: 0.028 sec - in org.scijava.util.FloatArrayTest
Running org.scijava.util.IntArrayTest
Tests run: 22, Failures: 0, Errors: 0, Skipped: 0, Time elapsed: 0.032 sec - in org.scijava.util.IntArrayTest
Running org.scijava.util.LongArrayTest
Tests run: 22, Failures: 0, Errors: 0, Skipped: 0, Time elapsed: 0.016 sec - in org.scijava.util.LongArrayTest
Running org.scijava.util.ObjectArrayTest
Tests run: 22, Failures: 0, Errors: 0, Skipped: 0, Time elapsed: 0.016 sec - in org.scijava.util.ObjectArrayTest
Running org.scijava.util.POMTest
Tests run: 1, Failures: 0, Errors: 0, Skipped: 0, Time elapsed: 0.003 sec - in org.scijava.util.POMTest
Running org.scijava.util.PrefsTest
Tests run: 2, Failures: 0, Errors: 0, Skipped: 0, Time elapsed: 0.009 sec - in org.scijava.util.PrefsTest
Running org.scijava.util.ProcessUtilsTest
Tests run: 2, Failures: 0, Errors: 0, Skipped: 2, Time elapsed: 0.002 sec - in org.scijava.util.ProcessUtilsTest
Running org.scijava.util.ShortArrayTest
Tests run: 22, Failures: 0, Errors: 0, Skipped: 0, Time elapsed: 0.017 sec - in org.scijava.util.ShortArrayTest
Running org.scijava.util.TestUtilsTest
Tests run: 1, Failures: 1, Errors: 0, Skipped: 0, Time elapsed: 0.008 sec &lt;&lt;&lt; FAILURE! - in org.scijava.util.TestUtilsTest
testCreateTemporaryDirectory(org.scijava.util.TestUtilsTest)  Time elapsed: 0.007 sec  &lt;&lt;&lt; FAILURE!
java.lang.AssertionError: Not in target/: &lt;<A HREF="http://jenkins.imagej.net/job/SciJava-common-windows/ws/target\test-utils-test-testCreateTemporaryDirectory-L51">http://jenkins.imagej.net/job/SciJava-common-windows/ws/target\test-utils-test-testCreateTemporaryDirectory-L51</A>&gt;
	at org.junit.Assert.fail(Assert.java:88)
	at org.junit.Assert.assertTrue(Assert.java:41)
	at org.scijava.util.TestUtilsTest.testCreateTemporaryDirectory(TestUtilsTest.java:52)

Running org.scijava.util.UnitUtilsTest
Tests run: 1, Failures: 0, Errors: 0, Skipped: 0, Time elapsed: 0.009 sec - in org.scijava.util.UnitUtilsTest

Results :

Failed tests: 
  TestUtilsTest.testCreateTemporaryDirectory:52 Not in target/: &lt;<A HREF="http://jenkins.imagej.net/job/SciJava-common-windows/ws/target\test-utils-test-testCreateTemporaryDirectory-L51">http://jenkins.imagej.net/job/SciJava-common-windows/ws/target\test-utils-test-testCreateTemporaryDirectory-L51</A>&gt;

Tests run: 314, Failures: 1, Errors: 0, Skipped: 3

[INFO] ------------------------------------------------------------------------
[INFO] BUILD FAILURE
[INFO] ------------------------------------------------------------------------
[INFO] Total time: 28.054s
[INFO] Finished at: Sun May 25 15:01:16 CDT 2014
[INFO] Final Memory: 12M/53M
[INFO] ------------------------------------------------------------------------
[ERROR] Failed to execute goal org.apache.maven.plugins:maven-surefire-plugin:2.17:test (default-test) on project scijava-common: There are test failures.
[ERROR] 
[ERROR] Please refer to &lt;<A HREF="http://jenkins.imagej.net/job/SciJava-common-windows/ws/target\surefire-reports">http://jenkins.imagej.net/job/SciJava-common-windows/ws/target\surefire-reports</A>&gt; for the individual test results.
[ERROR] -&gt; [Help 1]
[ERROR] 
[ERROR] To see the full stack trace of the errors, re-run Maven with the -e switch.
[ERROR] Re-run Maven using the -X switch to enable full debug logging.
[ERROR] 
[ERROR] For more information about the errors and possible solutions, please read the following articles:
[ERROR] [Help 1] <A HREF="http://cwiki.apache.org/confluence/display/MAVEN/MojoFailureException">http://cwiki.apache.org/confluence/display/MAVEN/MojoFailureException</A>
Build step 'Execute shell' marked build as failure
Archiving artifacts
Recording test results

</PRE>



<!--endarticle-->
    <HR>
    <P><UL>
        <!--threads-->
	<LI>Previous message: <A HREF="004228.html">[ImageJ-builds] mail-watcher-plugin: Computer Windows marked online
</A></li>
	<LI>Next message: <A HREF="004230.html">[ImageJ-builds] Build failed in Jenkins: SciJava-common-windows #574
</A></li>
         <LI> <B>Messages sorted by:</B> 
              <a href="date.html#4229">[ date ]</a>
              <a href="thread.html#4229">[ thread ]</a>
              <a href="subject.html#4229">[ subject ]</a>
              <a href="author.html#4229">[ author ]</a>
         </LI>
       </UL>

<hr>
<a href="http://imagej.net/mailman/listinfo/imagej-builds">More information about the ImageJ-builds
mailing list</a><br>
</body></html>
