<!DOCTYPE HTML PUBLIC "-//W3C//DTD HTML 4.01 Transitional//EN">
<HTML>
 <HEAD>
   <TITLE> [ImageJ-builds] Build failed in Jenkins: SciJava-common #696
   </TITLE>
   <LINK REL="Index" HREF="index.html" >
   <LINK REL="made" HREF="mailto:imagej-builds%40imagej.net?Subject=Re%3A%20%5BImageJ-builds%5D%20Build%20failed%20in%20Jenkins%3A%20SciJava-common%20%23696&In-Reply-To=%3C1521017918.77.1400867193590.JavaMail.jenkins%40dev%3E">
   <META NAME="robots" CONTENT="index,nofollow">
   <style type="text/css">
       pre {
           white-space: pre-wrap;       /* css-2.1, curent FF, Opera, Safari */
           }
   </style>
   <META http-equiv="Content-Type" content="text/html; charset=us-ascii">
   <LINK REL="Previous"  HREF="004223.html">
   <LINK REL="Next"  HREF="004225.html">
 </HEAD>
 <BODY BGCOLOR="#ffffff">
   <H1>[ImageJ-builds] Build failed in Jenkins: SciJava-common #696</H1>
    <B>jenkins at imagej.net</B> 
    <A HREF="mailto:imagej-builds%40imagej.net?Subject=Re%3A%20%5BImageJ-builds%5D%20Build%20failed%20in%20Jenkins%3A%20SciJava-common%20%23696&In-Reply-To=%3C1521017918.77.1400867193590.JavaMail.jenkins%40dev%3E"
       TITLE="[ImageJ-builds] Build failed in Jenkins: SciJava-common #696">jenkins at imagej.net
       </A><BR>
    <I>Fri May 23 12:46:33 CDT 2014</I>
    <P><UL>
        <LI>Previous message: <A HREF="004223.html">[ImageJ-builds] mail-watcher-plugin: Computer Windows marked online
</A></li>
        <LI>Next message: <A HREF="004225.html">[ImageJ-builds] Jenkins build is back to normal : SciJava-common	#697
</A></li>
         <LI> <B>Messages sorted by:</B> 
              <a href="date.html#4224">[ date ]</a>
              <a href="thread.html#4224">[ thread ]</a>
              <a href="subject.html#4224">[ subject ]</a>
              <a href="author.html#4224">[ author ]</a>
         </LI>
       </UL>
    <HR>  
<!--beginarticle-->
<PRE>See &lt;<A HREF="http://jenkins.imagej.net/job/SciJava-common/696/changes">http://jenkins.imagej.net/job/SciJava-common/696/changes</A>&gt;

Changes:

[Mark Hiner] ByteCodeAnalyzer: update license

[Mark Hiner] Create WelcomeService

------------------------------------------
[...truncated 156 lines...]
[INFO] Found 53 plugins.
Tests run: 1, Failures: 0, Errors: 0, Skipped: 0, Time elapsed: 0.022 sec - in org.scijava.command.CommandServiceTest
Running org.scijava.util.POMTest
Tests run: 1, Failures: 0, Errors: 0, Skipped: 0, Time elapsed: 0.001 sec - in org.scijava.util.POMTest
Running org.scijava.util.ClassUtilsTest
Tests run: 6, Failures: 0, Errors: 0, Skipped: 0, Time elapsed: 0.017 sec - in org.scijava.util.ClassUtilsTest
Running org.scijava.util.ObjectArrayTest
Tests run: 22, Failures: 0, Errors: 0, Skipped: 0, Time elapsed: 0.01 sec - in org.scijava.util.ObjectArrayTest
Running org.scijava.util.FloatArrayTest
Tests run: 22, Failures: 0, Errors: 0, Skipped: 0, Time elapsed: 0.008 sec - in org.scijava.util.FloatArrayTest
Running org.scijava.util.ConversionUtilsTest
Tests run: 22, Failures: 0, Errors: 0, Skipped: 0, Time elapsed: 0.018 sec - in org.scijava.util.ConversionUtilsTest
Running org.scijava.util.UnitUtilsTest
Tests run: 1, Failures: 0, Errors: 0, Skipped: 0, Time elapsed: 0.004 sec - in org.scijava.util.UnitUtilsTest
Running org.scijava.util.AppUtilsTest
Tests run: 1, Failures: 0, Errors: 0, Skipped: 0, Time elapsed: 0 sec - in org.scijava.util.AppUtilsTest
Running org.scijava.util.BoolArrayTest
Tests run: 22, Failures: 0, Errors: 0, Skipped: 0, Time elapsed: 0.008 sec - in org.scijava.util.BoolArrayTest
Running org.scijava.util.ColorRGBTest
Tests run: 12, Failures: 0, Errors: 0, Skipped: 0, Time elapsed: 0.007 sec - in org.scijava.util.ColorRGBTest
Running org.scijava.util.IntArrayTest
Tests run: 22, Failures: 0, Errors: 0, Skipped: 0, Time elapsed: 0.007 sec - in org.scijava.util.IntArrayTest
Running org.scijava.util.ShortArrayTest
Tests run: 22, Failures: 0, Errors: 0, Skipped: 0, Time elapsed: 0.007 sec - in org.scijava.util.ShortArrayTest
Running org.scijava.util.FileUtilsTest
Tests run: 8, Failures: 0, Errors: 0, Skipped: 0, Time elapsed: 0.011 sec - in org.scijava.util.FileUtilsTest
Running org.scijava.util.PrefsTest
Tests run: 2, Failures: 0, Errors: 0, Skipped: 0, Time elapsed: 0.019 sec - in org.scijava.util.PrefsTest
Running org.scijava.util.CharArrayTest
Tests run: 22, Failures: 0, Errors: 0, Skipped: 0, Time elapsed: 0.008 sec - in org.scijava.util.CharArrayTest
Running org.scijava.util.DoubleArrayTest
Tests run: 22, Failures: 0, Errors: 0, Skipped: 0, Time elapsed: 0.007 sec - in org.scijava.util.DoubleArrayTest
Running org.scijava.util.ProcessUtilsTest
Tests run: 2, Failures: 0, Errors: 0, Skipped: 0, Time elapsed: 0.103 sec - in org.scijava.util.ProcessUtilsTest
Running org.scijava.util.ByteArrayTest
Tests run: 22, Failures: 0, Errors: 0, Skipped: 0, Time elapsed: 0.008 sec - in org.scijava.util.ByteArrayTest
Running org.scijava.util.LongArrayTest
Tests run: 22, Failures: 0, Errors: 0, Skipped: 0, Time elapsed: 0.006 sec - in org.scijava.util.LongArrayTest
Running org.scijava.ContextInjectionTest
Tests run: 7, Failures: 0, Errors: 0, Skipped: 0, Time elapsed: 0.047 sec - in org.scijava.ContextInjectionTest

Results :

Failed tests: 
  ContextCreationTest.testFull:100-&gt;verifyServiceOrder:316 expected:&lt;25&gt; but was:&lt;26&gt;

Tests run: 313, Failures: 1, Errors: 0, Skipped: 0

[INFO] ------------------------------------------------------------------------
[INFO] BUILD FAILURE
[INFO] ------------------------------------------------------------------------
[INFO] Total time: 8.337s
[INFO] Finished at: Fri May 23 12:46:33 CDT 2014
[INFO] Final Memory: 18M/360M
[INFO] ------------------------------------------------------------------------
[ERROR] Failed to execute goal org.apache.maven.plugins:maven-surefire-plugin:2.17:test (default-test) on project scijava-common: There are test failures.
[ERROR] 
[ERROR] Please refer to /data/devel/jenkins/jobs/SciJava-common/workspace/target/surefire-reports for the individual test results.
[ERROR] -&gt; [Help 1]
[ERROR] 
[ERROR] To see the full stack trace of the errors, re-run Maven with the -e switch.
[ERROR] Re-run Maven using the -X switch to enable full debug logging.
[ERROR] 
[ERROR] For more information about the errors and possible solutions, please read the following articles:
[ERROR] [Help 1] <A HREF="http://cwiki.apache.org/confluence/display/MAVEN/MojoFailureException">http://cwiki.apache.org/confluence/display/MAVEN/MojoFailureException</A>
Build step 'Invoke top-level Maven targets' marked build as failure
Archiving artifacts
Recording test results
Performance: Percentage of errors greater or equal than 0% sets the build as unstable
Performance: Percentage of errors greater or equal than 0% sets the build as failure



Performance: Recording JUnit reports '**/TEST-*.xml'
TEST-org.scijava.ContextCreationTest.xml has an average of: 39
Performance: File TEST-org.scijava.ContextCreationTest.xml reported 9.090909090909092% of errors [FAILURE]. Build status is: FAILURE



TEST-org.scijava.ContextInjectionTest.xml has an average of: 6
Performance: File TEST-org.scijava.ContextInjectionTest.xml reported 0.0% of errors [FAILURE]. Build status is: FAILURE



TEST-org.scijava.annotations.DirectoryIndexerTest.xml has an average of: 14
Performance: File TEST-org.scijava.annotations.DirectoryIndexerTest.xml reported 0.0% of errors [FAILURE]. Build status is: FAILURE



TEST-org.scijava.annotations.EclipseHelperTest.xml has an average of: 7
Performance: File TEST-org.scijava.annotations.EclipseHelperTest.xml reported 0.0% of errors [FAILURE]. Build status is: FAILURE



TEST-org.scijava.annotations.LegacyTest.xml has an average of: 28
Performance: File TEST-org.scijava.annotations.LegacyTest.xml reported 0.0% of errors [FAILURE]. Build status is: FAILURE



TEST-org.scijava.app.DefaultStatusServiceTest.xml has an average of: 42
Performance: File TEST-org.scijava.app.DefaultStatusServiceTest.xml reported 0.0% of errors [FAILURE]. Build status is: FAILURE



TEST-org.scijava.command.CommandServiceTest.xml has an average of: 22
Performance: File TEST-org.scijava.command.CommandServiceTest.xml reported 0.0% of errors [FAILURE]. Build status is: FAILURE



TEST-org.scijava.display.DisplayTest.xml has an average of: 19
Performance: File TEST-org.scijava.display.DisplayTest.xml reported 0.0% of errors [FAILURE]. Build status is: FAILURE



TEST-org.scijava.event.EventServiceTest.xml has an average of: 182
Performance: File TEST-org.scijava.event.EventServiceTest.xml reported 0.0% of errors [FAILURE]. Build status is: FAILURE



TEST-org.scijava.log.LogServiceTest.xml has an average of: 0
Performance: File TEST-org.scijava.log.LogServiceTest.xml reported 0.0% of errors [FAILURE]. Build status is: FAILURE



TEST-org.scijava.menu.ShadowMenuTest.xml has an average of: 22
Performance: File TEST-org.scijava.menu.ShadowMenuTest.xml reported 0.0% of errors [FAILURE]. Build status is: FAILURE



TEST-org.scijava.object.ObjectIndexTest.xml has an average of: 0
Performance: File TEST-org.scijava.object.ObjectIndexTest.xml reported 0.0% of errors [FAILURE]. Build status is: FAILURE



TEST-org.scijava.object.SortedObjectIndexTest.xml has an average of: 0
Performance: File TEST-org.scijava.object.SortedObjectIndexTest.xml reported 0.0% of errors [FAILURE]. Build status is: FAILURE



TEST-org.scijava.options.OptionsTest.xml has an average of: 26
Performance: File TEST-org.scijava.options.OptionsTest.xml reported 0.0% of errors [FAILURE]. Build status is: FAILURE



TEST-org.scijava.plugin.PluginIndexTest.xml has an average of: 10
Performance: File TEST-org.scijava.plugin.PluginIndexTest.xml reported 0.0% of errors [FAILURE]. Build status is: FAILURE



TEST-org.scijava.script.ScriptEngineTest.xml has an average of: 18
Performance: File TEST-org.scijava.script.ScriptEngineTest.xml reported 0.0% of errors [FAILURE]. Build status is: FAILURE



TEST-org.scijava.service.ServiceIndexTest.xml has an average of: 7
Performance: File TEST-org.scijava.service.ServiceIndexTest.xml reported 0.0% of errors [FAILURE]. Build status is: FAILURE



TEST-org.scijava.util.AppUtilsTest.xml has an average of: 0
Performance: File TEST-org.scijava.util.AppUtilsTest.xml reported 0.0% of errors [FAILURE]. Build status is: FAILURE



TEST-org.scijava.util.BoolArrayTest.xml has an average of: 0
Performance: File TEST-org.scijava.util.BoolArrayTest.xml reported 0.0% of errors [FAILURE]. Build status is: FAILURE



TEST-org.scijava.util.ByteArrayTest.xml has an average of: 0
Performance: File TEST-org.scijava.util.ByteArrayTest.xml reported 0.0% of errors [FAILURE]. Build status is: FAILURE



TEST-org.scijava.util.CharArrayTest.xml has an average of: 0
Performance: File TEST-org.scijava.util.CharArrayTest.xml reported 0.0% of errors [FAILURE]. Build status is: FAILURE



TEST-org.scijava.util.ClassUtilsTest.xml has an average of: 2
Performance: File TEST-org.scijava.util.ClassUtilsTest.xml reported 0.0% of errors [FAILURE]. Build status is: FAILURE



TEST-org.scijava.util.ColorRGBTest.xml has an average of: 0
Performance: File TEST-org.scijava.util.ColorRGBTest.xml reported 0.0% of errors [FAILURE]. Build status is: FAILURE



TEST-org.scijava.util.ConversionUtilsTest.xml has an average of: 0
Performance: File TEST-org.scijava.util.ConversionUtilsTest.xml reported 0.0% of errors [FAILURE]. Build status is: FAILURE



TEST-org.scijava.util.DoubleArrayTest.xml has an average of: 0
Performance: File TEST-org.scijava.util.DoubleArrayTest.xml reported 0.0% of errors [FAILURE]. Build status is: FAILURE



TEST-org.scijava.util.FileUtilsTest.xml has an average of: 1
Performance: File TEST-org.scijava.util.FileUtilsTest.xml reported 0.0% of errors [FAILURE]. Build status is: FAILURE



TEST-org.scijava.util.FloatArrayTest.xml has an average of: 0
Performance: File TEST-org.scijava.util.FloatArrayTest.xml reported 0.0% of errors [FAILURE]. Build status is: FAILURE



TEST-org.scijava.util.IntArrayTest.xml has an average of: 0
Performance: File TEST-org.scijava.util.IntArrayTest.xml reported 0.0% of errors [FAILURE]. Build status is: FAILURE



TEST-org.scijava.util.LongArrayTest.xml has an average of: 0
Performance: File TEST-org.scijava.util.LongArrayTest.xml reported 0.0% of errors [FAILURE]. Build status is: FAILURE



TEST-org.scijava.util.ObjectArrayTest.xml has an average of: 0
Performance: File TEST-org.scijava.util.ObjectArrayTest.xml reported 0.0% of errors [FAILURE]. Build status is: FAILURE



TEST-org.scijava.util.POMTest.xml has an average of: 0
Performance: File TEST-org.scijava.util.POMTest.xml reported 0.0% of errors [FAILURE]. Build status is: FAILURE



TEST-org.scijava.util.PrefsTest.xml has an average of: 9
Performance: File TEST-org.scijava.util.PrefsTest.xml reported 0.0% of errors [FAILURE]. Build status is: FAILURE



TEST-org.scijava.util.ProcessUtilsTest.xml has an average of: 51
Performance: File TEST-org.scijava.util.ProcessUtilsTest.xml reported 0.0% of errors [FAILURE]. Build status is: FAILURE



TEST-org.scijava.util.ShortArrayTest.xml has an average of: 0
Performance: File TEST-org.scijava.util.ShortArrayTest.xml reported 0.0% of errors [FAILURE]. Build status is: FAILURE



TEST-org.scijava.util.UnitUtilsTest.xml has an average of: 4
Performance: File TEST-org.scijava.util.UnitUtilsTest.xml reported 0.0% of errors [FAILURE]. Build status is: FAILURE




</PRE>




<!--endarticle-->
    <HR>
    <P><UL>
        <!--threads-->
	<LI>Previous message: <A HREF="004223.html">[ImageJ-builds] mail-watcher-plugin: Computer Windows marked online
</A></li>
	<LI>Next message: <A HREF="004225.html">[ImageJ-builds] Jenkins build is back to normal : SciJava-common	#697
</A></li>
         <LI> <B>Messages sorted by:</B> 
              <a href="date.html#4224">[ date ]</a>
              <a href="thread.html#4224">[ thread ]</a>
              <a href="subject.html#4224">[ subject ]</a>
              <a href="author.html#4224">[ author ]</a>
         </LI>
       </UL>

<hr>
<a href="http://imagej.net/mailman/listinfo/imagej-builds">More information about the ImageJ-builds
mailing list</a><br>
</body></html>
