From jenkins at imagej.net  Fri Sep  2 10:59:08 2016
From: jenkins at imagej.net (jenkins at imagej.net)
Date: Fri, 02 Sep 2016 10:59:08 -0500 (CDT)
Subject: [ImageJ-builds] Build failed in Jenkins: scripting-Jython #50
Message-ID: <1676373688.175.1472831948808.JavaMail.jenkins@dev>

See <http://jenkins.imagej.net/job/scripting-Jython/50/changes>

Changes:

[Curtis Rueden] Happy New Year 2016

[Curtis Rueden] POM: bump pom-scijava parent to 11.2.1

------------------------------------------
Started by an SCM change
Building remotely on maven in workspace <http://jenkins.imagej.net/job/scripting-Jython/ws/>
 > git rev-parse --is-inside-work-tree # timeout=10
Fetching changes from the remote Git repository
 > git config remote.origin.url git://github.com/scijava/scripting-jython # timeout=10
Fetching upstream changes from git://github.com/scijava/scripting-jython
 > git --version # timeout=10
 > git -c core.askpass=true fetch --tags --progress git://github.com/scijava/scripting-jython +refs/heads/master:refs/remotes/origin/master
 > git rev-parse origin/master^{commit} # timeout=10
Checking out Revision a2a5716a487bd2e09c21c6df26b1c00b82c4423d (origin/master)
 > git config core.sparsecheckout # timeout=10
 > git checkout -f a2a5716a487bd2e09c21c6df26b1c00b82c4423d
 > git rev-list e1caf30d1e8bc653be6a13a98dfddc99f2a5b2c5 # timeout=10
[scripting-Jython] $ /bin/sh -xe /tmp/hudson4038156429784167333.sh
+ git clean -dfx
Removing target/
[scripting-Jython] $ mvn -U -Pdeploy-to-imagej deploy javadoc:javadoc
[INFO] Scanning for projects...
[INFO]                                                                         
[INFO] ------------------------------------------------------------------------
[INFO] Building SciJava Scripting: Jython 0.3.1-SNAPSHOT
[INFO] ------------------------------------------------------------------------
Downloading: http://repo.maven.apache.org/maven2/org/scijava/scijava-common/2.59.0/scijava-common-2.59.0.pom

[WARNING] The POM for org.scijava:scijava-common:jar:2.59.0 is missing, no dependency information available
Downloading: http://repo.maven.apache.org/maven2/org/scijava/scijava-common/2.59.0/scijava-common-2.59.0.jar

[INFO] ------------------------------------------------------------------------
[INFO] BUILD FAILURE
[INFO] ------------------------------------------------------------------------
[INFO] Total time: 1.641s
[INFO] Finished at: Fri Sep 02 10:59:08 CDT 2016
[INFO] Final Memory: 11M/360M
[INFO] ------------------------------------------------------------------------
[ERROR] Failed to execute goal on project scripting-jython: Could not resolve dependencies for project org.scijava:scripting-jython:jar:0.3.1-SNAPSHOT: Could not find artifact org.scijava:scijava-common:jar:2.59.0 in central (http://repo.maven.apache.org/maven2) -> [Help 1]
[ERROR] 
[ERROR] To see the full stack trace of the errors, re-run Maven with the -e switch.
[ERROR] Re-run Maven using the -X switch to enable full debug logging.
[ERROR] 
[ERROR] For more information about the errors and possible solutions, please read the following articles:
[ERROR] [Help 1] http://cwiki.apache.org/confluence/display/MAVEN/DependencyResolutionException
Build step 'Invoke top-level Maven targets' marked build as failure
Archiving artifacts
Publishing Javadoc
Recording test results
ERROR: Step ‘Publish JUnit test result report’ failed: No test report files were found. Configuration error?
Performance: Percentage of errors greater or equal than 0% sets the build as unstable
Performance: Percentage of errors greater or equal than 0% sets the build as failure



Performance: Recording JUnit reports '**/TEST-*.xml'


From jenkins at imagej.net  Fri Sep  2 11:09:14 2016
From: jenkins at imagej.net (jenkins at imagej.net)
Date: Fri, 02 Sep 2016 11:09:14 -0500 (CDT)
Subject: [ImageJ-builds] Build failed in Jenkins: scripting-Jython #51
In-Reply-To: <1676373688.175.1472831948808.JavaMail.jenkins@dev>
References: <1676373688.175.1472831948808.JavaMail.jenkins@dev>
Message-ID: <1474983055.176.1472832554911.JavaMail.jenkins@dev>

See <http://jenkins.imagej.net/job/scripting-Jython/51/>

------------------------------------------
Started by user Curtis Rueden
Building remotely on maven in workspace <http://jenkins.imagej.net/job/scripting-Jython/ws/>
 > git rev-parse --is-inside-work-tree # timeout=10
Fetching changes from the remote Git repository
 > git config remote.origin.url git://github.com/scijava/scripting-jython # timeout=10
Fetching upstream changes from git://github.com/scijava/scripting-jython
 > git --version # timeout=10
 > git -c core.askpass=true fetch --tags --progress git://github.com/scijava/scripting-jython +refs/heads/master:refs/remotes/origin/master
 > git rev-parse origin/master^{commit} # timeout=10
Checking out Revision a2a5716a487bd2e09c21c6df26b1c00b82c4423d (origin/master)
 > git config core.sparsecheckout # timeout=10
 > git checkout -f a2a5716a487bd2e09c21c6df26b1c00b82c4423d
 > git rev-list a2a5716a487bd2e09c21c6df26b1c00b82c4423d # timeout=10
[scripting-Jython] $ /bin/sh -xe /tmp/hudson6012385925366783625.sh
+ git clean -dfx
[scripting-Jython] $ mvn -U -Pdeploy-to-imagej deploy javadoc:javadoc
[INFO] Scanning for projects...
[INFO]                                                                         
[INFO] ------------------------------------------------------------------------
[INFO] Building SciJava Scripting: Jython 0.3.1-SNAPSHOT
[INFO] ------------------------------------------------------------------------
[INFO] 
[INFO] --- maven-enforcer-plugin:1.4.1:enforce (enforce-rules) @ scripting-jython ---
[INFO] 
[INFO] --- build-helper-maven-plugin:1.12:regex-property (sanitize-version) @ scripting-jython ---
[INFO] 
[INFO] --- buildnumber-maven-plugin:1.4:create (default) @ scripting-jython ---
[INFO] Executing: /bin/sh -c cd '/data/devel/jenkins-maven/workspace/scripting-Jython' && 'git' 'rev-parse' '--verify' 'HEAD'
[INFO] Working directory: /data/devel/jenkins-maven/workspace/scripting-Jython
[INFO] Storing buildNumber: a2a5716a487bd2e09c21c6df26b1c00b82c4423d at timestamp: 1472832553970
[WARNING] Cannot get the branch information from the git repository: 
Detecting the current branch failed: fatal: ref HEAD is not a symbolic ref

[INFO] Executing: /bin/sh -c cd '/data/devel/jenkins-maven/workspace/scripting-Jython' && 'git' 'rev-parse' '--verify' 'HEAD'
[INFO] Working directory: /data/devel/jenkins-maven/workspace/scripting-Jython
[INFO] Storing buildScmBranch: UNKNOWN
[INFO] 
[INFO] --- maven-resources-plugin:3.0.1:resources (default-resources) @ scripting-jython ---
[INFO] Using 'UTF-8' encoding to copy filtered resources.
[INFO] Copying 2 resources
[INFO] 
[INFO] --- maven-compiler-plugin:3.5.1:compile (default-compile) @ scripting-jython ---
[INFO] Changes detected - recompiling the module!
[INFO] Compiling 6 source files to /data/devel/jenkins-maven/workspace/scripting-Jython/target/classes
[INFO] ------------------------------------------------------------------------
[INFO] BUILD FAILURE
[INFO] ------------------------------------------------------------------------
[INFO] Total time: 3.886s
[INFO] Finished at: Fri Sep 02 11:09:14 CDT 2016
[INFO] Final Memory: 17M/360M
[INFO] ------------------------------------------------------------------------
[ERROR] Failed to execute goal org.apache.maven.plugins:maven-compiler-plugin:3.5.1:compile (default-compile) on project scripting-jython: Fatal error compiling: invalid target release: 1.8 -> [Help 1]
[ERROR] 
[ERROR] To see the full stack trace of the errors, re-run Maven with the -e switch.
[ERROR] Re-run Maven using the -X switch to enable full debug logging.
[ERROR] 
[ERROR] For more information about the errors and possible solutions, please read the following articles:
[ERROR] [Help 1] http://cwiki.apache.org/confluence/display/MAVEN/MojoExecutionException
Build step 'Invoke top-level Maven targets' marked build as failure
Archiving artifacts
Publishing Javadoc
Recording test results
ERROR: Step ‘Publish JUnit test result report’ failed: No test report files were found. Configuration error?
Performance: Percentage of errors greater or equal than 0% sets the build as unstable
Performance: Percentage of errors greater or equal than 0% sets the build as failure



Performance: Recording JUnit reports '**/TEST-*.xml'


From jenkins at imagej.net  Fri Sep  2 11:15:17 2016
From: jenkins at imagej.net (jenkins at imagej.net)
Date: Fri, 02 Sep 2016 11:15:17 -0500 (CDT)
Subject: [ImageJ-builds] Build failed in Jenkins: scripting-Jython #52
In-Reply-To: <1474983055.176.1472832554911.JavaMail.jenkins@dev>
References: <1474983055.176.1472832554911.JavaMail.jenkins@dev>
Message-ID: <1929679530.177.1472832917234.JavaMail.jenkins@dev>

See <http://jenkins.imagej.net/job/scripting-Jython/52/>

------------------------------------------
Started by user Curtis Rueden
Building remotely on maven in workspace <http://jenkins.imagej.net/job/scripting-Jython/ws/>
 > git rev-parse --is-inside-work-tree # timeout=10
Fetching changes from the remote Git repository
 > git config remote.origin.url git://github.com/scijava/scripting-jython # timeout=10
Fetching upstream changes from git://github.com/scijava/scripting-jython
 > git --version # timeout=10
 > git -c core.askpass=true fetch --tags --progress git://github.com/scijava/scripting-jython +refs/heads/master:refs/remotes/origin/master
 > git rev-parse origin/master^{commit} # timeout=10
Checking out Revision a2a5716a487bd2e09c21c6df26b1c00b82c4423d (origin/master)
 > git config core.sparsecheckout # timeout=10
 > git checkout -f a2a5716a487bd2e09c21c6df26b1c00b82c4423d
 > git rev-list a2a5716a487bd2e09c21c6df26b1c00b82c4423d # timeout=10
[scripting-Jython] $ /bin/sh -xe /tmp/hudson5577078373007706802.sh
+ git clean -dfx
Removing target/
[scripting-Jython] $ mvn -U -Pdeploy-to-imagej deploy javadoc:javadoc
OpenJDK 64-Bit Server VM warning: ignoring option MaxPermSize=256m; support was removed in 8.0
[INFO] Scanning for projects...
[INFO]                                                                         
[INFO] ------------------------------------------------------------------------
[INFO] Building SciJava Scripting: Jython 0.3.1-SNAPSHOT
[INFO] ------------------------------------------------------------------------
[INFO] 
[INFO] --- maven-enforcer-plugin:1.4.1:enforce (enforce-rules) @ scripting-jython ---
[INFO] 
[INFO] --- build-helper-maven-plugin:1.12:regex-property (sanitize-version) @ scripting-jython ---
[INFO] 
[INFO] --- buildnumber-maven-plugin:1.4:create (default) @ scripting-jython ---
[INFO] Executing: /bin/sh -c cd '/data/devel/jenkins-maven/workspace/scripting-Jython' && 'git' 'rev-parse' '--verify' 'HEAD'
[INFO] Working directory: /data/devel/jenkins-maven/workspace/scripting-Jython
[INFO] Storing buildNumber: a2a5716a487bd2e09c21c6df26b1c00b82c4423d at timestamp: 1472832912753
[WARNING] Cannot get the branch information from the git repository: 
Detecting the current branch failed: fatal: ref HEAD is not a symbolic ref

[INFO] Executing: /bin/sh -c cd '/data/devel/jenkins-maven/workspace/scripting-Jython' && 'git' 'rev-parse' '--verify' 'HEAD'
[INFO] Working directory: /data/devel/jenkins-maven/workspace/scripting-Jython
[INFO] Storing buildScmBranch: UNKNOWN
[INFO] 
[INFO] --- maven-resources-plugin:3.0.1:resources (default-resources) @ scripting-jython ---
[INFO] Using 'UTF-8' encoding to copy filtered resources.
[INFO] Copying 2 resources
[INFO] 
[INFO] --- maven-compiler-plugin:3.5.1:compile (default-compile) @ scripting-jython ---
[INFO] Changes detected - recompiling the module!
[INFO] Compiling 6 source files to /data/devel/jenkins-maven/workspace/scripting-Jython/target/classes
[INFO] 
[INFO] --- maven-resources-plugin:3.0.1:testResources (default-testResources) @ scripting-jython ---
[INFO] Using 'UTF-8' encoding to copy filtered resources.
[INFO] skip non existing resourceDirectory /data/devel/jenkins-maven/workspace/scripting-Jython/src/test/resources
[INFO] 
[INFO] --- maven-compiler-plugin:3.5.1:testCompile (default-testCompile) @ scripting-jython ---
[INFO] Changes detected - recompiling the module!
[INFO] Compiling 1 source file to /data/devel/jenkins-maven/workspace/scripting-Jython/target/test-classes
[INFO] 
[INFO] --- maven-surefire-plugin:2.19.1:test (default-test) @ scripting-jython ---

-------------------------------------------------------
 T E S T S
-------------------------------------------------------
Running org.scijava.plugins.scripting.jython.JythonTest
[ECLIPSE HELPER] Indexing annotations...
Tests run: 4, Failures: 1, Errors: 0, Skipped: 0, Time elapsed: 2.081 sec <<< FAILURE! - in org.scijava.plugins.scripting.jython.JythonTest
testBasic(org.scijava.plugins.scripting.jython.JythonTest)  Time elapsed: 0.058 sec  <<< FAILURE!
java.lang.AssertionError: expected same:<class java.lang.Integer> was not:<class org.python.core.PyInteger>
	at org.scijava.plugins.scripting.jython.JythonTest.testBasic(JythonTest.java:68)


Results :

Failed tests: 
  JythonTest.testBasic:68 expected same:<class java.lang.Integer> was not:<class org.python.core.PyInteger>

Tests run: 4, Failures: 1, Errors: 0, Skipped: 0

[INFO] ------------------------------------------------------------------------
[INFO] BUILD FAILURE
[INFO] ------------------------------------------------------------------------
[INFO] Total time: 6.545s
[INFO] Finished at: Fri Sep 02 11:15:16 CDT 2016
[INFO] Final Memory: 29M/534M
[INFO] ------------------------------------------------------------------------
[ERROR] Failed to execute goal org.apache.maven.plugins:maven-surefire-plugin:2.19.1:test (default-test) on project scripting-jython: There are test failures.
[ERROR] 
[ERROR] Please refer to /data/devel/jenkins-maven/workspace/scripting-Jython/target/surefire-reports for the individual test results.
[ERROR] -> [Help 1]
[ERROR] 
[ERROR] To see the full stack trace of the errors, re-run Maven with the -e switch.
[ERROR] Re-run Maven using the -X switch to enable full debug logging.
[ERROR] 
[ERROR] For more information about the errors and possible solutions, please read the following articles:
[ERROR] [Help 1] http://cwiki.apache.org/confluence/display/MAVEN/MojoFailureException
Build step 'Invoke top-level Maven targets' marked build as failure
Archiving artifacts
Publishing Javadoc
Recording test results
Performance: Percentage of errors greater or equal than 0% sets the build as unstable
Performance: Percentage of errors greater or equal than 0% sets the build as failure



Performance: Recording JUnit reports '**/TEST-*.xml'
Performance: Parsing JMeter report file '/var/lib/jenkins/jobs/scripting-Jython/builds/52/performance-reports/JUnit/TEST-org.scijava.plugins.scripting.jython.JythonTest.xml'.
TEST-org.scijava.plugins.scripting.jython.JythonTest.xml has an average of: 511
Performance: File TEST-org.scijava.plugins.scripting.jython.JythonTest.xml reported 25.0% of errors [FAILURE]. Build status is: FAILURE





From jenkins at imagej.net  Fri Sep  2 11:23:48 2016
From: jenkins at imagej.net (jenkins at imagej.net)
Date: Fri, 02 Sep 2016 11:23:48 -0500 (CDT)
Subject: [ImageJ-builds] Jenkins build is back to normal : scripting-Jython
	#53
In-Reply-To: <1929679530.177.1472832917234.JavaMail.jenkins@dev>
References: <1929679530.177.1472832917234.JavaMail.jenkins@dev>
Message-ID: <1044176999.178.1472833428359.JavaMail.jenkins@dev>

See <http://jenkins.imagej.net/job/scripting-Jython/53/changes>



From jenkins at imagej.net  Thu Sep  8 06:57:38 2016
From: jenkins at imagej.net (jenkins at imagej.net)
Date: Thu, 08 Sep 2016 06:57:38 -0500 (CDT)
Subject: [ImageJ-builds] Build failed in Jenkins:
	Descriptor_based_registration #58
Message-ID: <2008889044.181.1473335858549.JavaMail.jenkins@dev>

See <http://jenkins.imagej.net/job/Descriptor_based_registration/58/changes>

Changes:

[Stephan Preibisch] small change in url

[Stephan Preibisch] update to SPIM_Registration-5.0.7 remove Java3d dependency

------------------------------------------
Started by an SCM change
Building remotely on maven in workspace <http://jenkins.imagej.net/job/Descriptor_based_registration/ws/>
 > git rev-parse --is-inside-work-tree # timeout=10
Fetching changes from the remote Git repository
 > git config remote.origin.url git://github.com/fiji/Descriptor_based_registration # timeout=10
Fetching upstream changes from git://github.com/fiji/Descriptor_based_registration
 > git --version # timeout=10
 > git -c core.askpass=true fetch --tags --progress git://github.com/fiji/Descriptor_based_registration +refs/heads/*:refs/remotes/origin/*
 > git rev-parse origin/master^{commit} # timeout=10
Checking out Revision ebf5628096698f4049982d99163c327c40ff20d7 (origin/master)
 > git config core.sparsecheckout # timeout=10
 > git checkout -f ebf5628096698f4049982d99163c327c40ff20d7
 > git rev-list 0716c454d00dca0ecc21fbbb05b2bb7656243780 # timeout=10
 > git tag -a -f -m Jenkins Build #58 jenkins-Descriptor_based_registration-58 # timeout=10
[Descriptor_based_registration] $ /bin/sh -xe /tmp/hudson6138246357806401905.sh
+ git clean -dfx
Removing target/
[Descriptor_based_registration] $ /bin/sh -xe /tmp/hudson8257916788948970903.sh
+ mvn -U -Pdeploy-to-imagej clean deploy
[INFO] Scanning for projects...
[INFO]                                                                         
[INFO] ------------------------------------------------------------------------
[INFO] Building plugins/Descriptor_based_registration.jar 2.0.13-SNAPSHOT
[INFO] ------------------------------------------------------------------------
[INFO] 
[INFO] --- maven-clean-plugin:2.5:clean (default-clean) @ Descriptor_based_registration ---
[INFO] 
[INFO] --- maven-enforcer-plugin:1.3.1:enforce (enforce-rules) @ Descriptor_based_registration ---
Downloading: http://maven.imagej.net/content/groups/public/com/sun/tools/1.4.2/tools-1.4.2.pom

Downloading: http://repo.maven.apache.org/maven2/com/sun/tools/1.4.2/tools-1.4.2.pom

[INFO] Adding ignorable dependency: null:jcodings:null
[INFO]   Adding ignore: org/jcodings/*
[INFO] Adding ignorable dependency: null:jnr-constants:null
[INFO]   Adding ignore: com/kenai/constantine/*
[INFO]   Adding ignore: jnr/constants/*
[INFO] Adding ignorable dependency: null:jnr-ffi:null
[INFO]   Adding ignore: jnr/ffi/*
[INFO] Adding ignorable dependency: null:joda-time:null
[INFO]   Adding ignore: *
[INFO] Adding ignorable dependency: null:slf4j-log4j12:null
[INFO]   Adding ignore: org/slf4j/impl/*
[INFO] Adding ignorable dependency: batik:batik:null
[INFO]   Adding ignore: *
[INFO] Adding ignorable dependency: jama:jama:null
[INFO]   Adding ignore: Jama/*
[INFO] Adding ignorable dependency: com.sun:tools:null
[INFO]   Adding ignore: *
[INFO] 
[INFO] --- build-helper-maven-plugin:1.9.1:regex-property (sanitize-version) @ Descriptor_based_registration ---
[INFO] 
[INFO] --- buildnumber-maven-plugin:1.3:create (default) @ Descriptor_based_registration ---
[INFO] Executing: /bin/sh -c cd /data/devel/jenkins-maven/workspace/Descriptor_based_registration && git rev-parse --verify HEAD
[INFO] Working directory: /data/devel/jenkins-maven/workspace/Descriptor_based_registration
[INFO] Storing buildNumber: ebf5628096698f4049982d99163c327c40ff20d7 at timestamp: 1473335856856
[WARNING] Cannot get the branch information from the git repository: 
Detecting the current branch failed: fatal: ref HEAD is not a symbolic ref

[INFO] Executing: /bin/sh -c cd /data/devel/jenkins-maven/workspace/Descriptor_based_registration && git rev-parse --verify HEAD
[INFO] Working directory: /data/devel/jenkins-maven/workspace/Descriptor_based_registration
[INFO] Storing buildScmBranch: UNKNOWN
[INFO] 
[INFO] --- scijava-maven-plugin:0.5.1:set-rootdir (set-rootdir) @ Descriptor_based_registration ---
[INFO] Setting rootdir: /data/devel/jenkins-maven/workspace/Descriptor_based_registration
[INFO] 
[INFO] --- maven-resources-plugin:2.6:resources (default-resources) @ Descriptor_based_registration ---
[INFO] Using 'UTF-8' encoding to copy filtered resources.
[INFO] Copying 1 resource
[INFO] 
[INFO] --- maven-compiler-plugin:3.1:compile (default-compile) @ Descriptor_based_registration ---
[INFO] Changes detected - recompiling the module!
[INFO] Compiling 18 source files to /data/devel/jenkins-maven/workspace/Descriptor_based_registration/target/classes
[INFO] ------------------------------------------------------------------------
[INFO] BUILD FAILURE
[INFO] ------------------------------------------------------------------------
[INFO] Total time: 12.564s
[INFO] Finished at: Thu Sep 08 06:57:37 CDT 2016
[INFO] Final Memory: 25M/513M
[INFO] ------------------------------------------------------------------------
[ERROR] Failed to execute goal org.apache.maven.plugins:maven-compiler-plugin:3.1:compile (default-compile) on project Descriptor_based_registration: Fatal error compiling: invalid target release: 1.8 -> [Help 1]
[ERROR] 
[ERROR] To see the full stack trace of the errors, re-run Maven with the -e switch.
[ERROR] Re-run Maven using the -X switch to enable full debug logging.
[ERROR] 
[ERROR] For more information about the errors and possible solutions, please read the following articles:
[ERROR] [Help 1] http://cwiki.apache.org/confluence/display/MAVEN/MojoExecutionException
Build step 'Execute shell' marked build as failure
Archiving artifacts


From jenkins at imagej.net  Thu Sep  8 07:05:20 2016
From: jenkins at imagej.net (jenkins at imagej.net)
Date: Thu, 08 Sep 2016 07:05:20 -0500 (CDT)
Subject: [ImageJ-builds] Build failed in Jenkins:
	Descriptor_based_registration #59
In-Reply-To: <2008889044.181.1473335858549.JavaMail.jenkins@dev>
References: <2008889044.181.1473335858549.JavaMail.jenkins@dev>
Message-ID: <881670074.182.1473336320970.JavaMail.jenkins@dev>

See <http://jenkins.imagej.net/job/Descriptor_based_registration/59/changes>

Changes:

[Stephan Preibisch] fix javadoc

------------------------------------------
Started by an SCM change
Building remotely on maven in workspace <http://jenkins.imagej.net/job/Descriptor_based_registration/ws/>
 > git rev-parse --is-inside-work-tree # timeout=10
Fetching changes from the remote Git repository
 > git config remote.origin.url git://github.com/fiji/Descriptor_based_registration # timeout=10
Fetching upstream changes from git://github.com/fiji/Descriptor_based_registration
 > git --version # timeout=10
 > git -c core.askpass=true fetch --tags --progress git://github.com/fiji/Descriptor_based_registration +refs/heads/*:refs/remotes/origin/*
 > git rev-parse origin/master^{commit} # timeout=10
Checking out Revision 832674e580a1711cbb1d308662ef1c3a65fe92bd (origin/master)
 > git config core.sparsecheckout # timeout=10
 > git checkout -f 832674e580a1711cbb1d308662ef1c3a65fe92bd
 > git rev-list ebf5628096698f4049982d99163c327c40ff20d7 # timeout=10
 > git tag -a -f -m Jenkins Build #59 jenkins-Descriptor_based_registration-59 # timeout=10
[Descriptor_based_registration] $ /bin/sh -xe /tmp/hudson243875816643541373.sh
+ git clean -dfx
Removing target/
[Descriptor_based_registration] $ /bin/sh -xe /tmp/hudson6011598010246708663.sh
+ mvn -U -Pdeploy-to-imagej clean deploy
[INFO] Scanning for projects...
[INFO]                                                                         
[INFO] ------------------------------------------------------------------------
[INFO] Building plugins/Descriptor_based_registration.jar 2.0.13-SNAPSHOT
[INFO] ------------------------------------------------------------------------
[INFO] 
[INFO] --- maven-clean-plugin:2.5:clean (default-clean) @ Descriptor_based_registration ---
[INFO] 
[INFO] --- maven-enforcer-plugin:1.3.1:enforce (enforce-rules) @ Descriptor_based_registration ---
Downloading: http://maven.imagej.net/content/groups/public/com/sun/tools/1.4.2/tools-1.4.2.pom

Downloading: http://repo.maven.apache.org/maven2/com/sun/tools/1.4.2/tools-1.4.2.pom

[INFO] Adding ignorable dependency: null:jcodings:null
[INFO]   Adding ignore: org/jcodings/*
[INFO] Adding ignorable dependency: null:jnr-constants:null
[INFO]   Adding ignore: com/kenai/constantine/*
[INFO]   Adding ignore: jnr/constants/*
[INFO] Adding ignorable dependency: null:jnr-ffi:null
[INFO]   Adding ignore: jnr/ffi/*
[INFO] Adding ignorable dependency: null:joda-time:null
[INFO]   Adding ignore: *
[INFO] Adding ignorable dependency: null:slf4j-log4j12:null
[INFO]   Adding ignore: org/slf4j/impl/*
[INFO] Adding ignorable dependency: batik:batik:null
[INFO]   Adding ignore: *
[INFO] Adding ignorable dependency: jama:jama:null
[INFO]   Adding ignore: Jama/*
[INFO] Adding ignorable dependency: com.sun:tools:null
[INFO]   Adding ignore: *
[INFO] 
[INFO] --- build-helper-maven-plugin:1.9.1:regex-property (sanitize-version) @ Descriptor_based_registration ---
[INFO] 
[INFO] --- buildnumber-maven-plugin:1.3:create (default) @ Descriptor_based_registration ---
[INFO] Executing: /bin/sh -c cd /data/devel/jenkins-maven/workspace/Descriptor_based_registration && git rev-parse --verify HEAD
[INFO] Working directory: /data/devel/jenkins-maven/workspace/Descriptor_based_registration
[INFO] Storing buildNumber: 832674e580a1711cbb1d308662ef1c3a65fe92bd at timestamp: 1473336320118
[WARNING] Cannot get the branch information from the git repository: 
Detecting the current branch failed: fatal: ref HEAD is not a symbolic ref

[INFO] Executing: /bin/sh -c cd /data/devel/jenkins-maven/workspace/Descriptor_based_registration && git rev-parse --verify HEAD
[INFO] Working directory: /data/devel/jenkins-maven/workspace/Descriptor_based_registration
[INFO] Storing buildScmBranch: UNKNOWN
[INFO] 
[INFO] --- scijava-maven-plugin:0.5.1:set-rootdir (set-rootdir) @ Descriptor_based_registration ---
[INFO] Setting rootdir: /data/devel/jenkins-maven/workspace/Descriptor_based_registration
[INFO] 
[INFO] --- maven-resources-plugin:2.6:resources (default-resources) @ Descriptor_based_registration ---
[INFO] Using 'UTF-8' encoding to copy filtered resources.
[INFO] Copying 1 resource
[INFO] 
[INFO] --- maven-compiler-plugin:3.1:compile (default-compile) @ Descriptor_based_registration ---
[INFO] Changes detected - recompiling the module!
[INFO] Compiling 18 source files to /data/devel/jenkins-maven/workspace/Descriptor_based_registration/target/classes
[INFO] ------------------------------------------------------------------------
[INFO] BUILD FAILURE
[INFO] ------------------------------------------------------------------------
[INFO] Total time: 7.190s
[INFO] Finished at: Thu Sep 08 07:05:20 CDT 2016
[INFO] Final Memory: 94M/515M
[INFO] ------------------------------------------------------------------------
[ERROR] Failed to execute goal org.apache.maven.plugins:maven-compiler-plugin:3.1:compile (default-compile) on project Descriptor_based_registration: Fatal error compiling: invalid target release: 1.8 -> [Help 1]
[ERROR] 
[ERROR] To see the full stack trace of the errors, re-run Maven with the -e switch.
[ERROR] Re-run Maven using the -X switch to enable full debug logging.
[ERROR] 
[ERROR] For more information about the errors and possible solutions, please read the following articles:
[ERROR] [Help 1] http://cwiki.apache.org/confluence/display/MAVEN/MojoExecutionException
Build step 'Execute shell' marked build as failure
Archiving artifacts


From jenkins at imagej.net  Thu Sep  8 07:05:40 2016
From: jenkins at imagej.net (jenkins at imagej.net)
Date: Thu, 08 Sep 2016 07:05:40 -0500 (CDT)
Subject: [ImageJ-builds] Build failed in Jenkins:
	Descriptor_based_registration #60
In-Reply-To: <881670074.182.1473336320970.JavaMail.jenkins@dev>
References: <881670074.182.1473336320970.JavaMail.jenkins@dev>
Message-ID: <721788056.183.1473336340434.JavaMail.jenkins@dev>

See <http://jenkins.imagej.net/job/Descriptor_based_registration/60/changes>

Changes:

[Stephan Preibisch] release version 2.1.0

------------------------------------------
Started by an SCM change
Building remotely on maven in workspace <http://jenkins.imagej.net/job/Descriptor_based_registration/ws/>
 > git rev-parse --is-inside-work-tree # timeout=10
Fetching changes from the remote Git repository
 > git config remote.origin.url git://github.com/fiji/Descriptor_based_registration # timeout=10
Fetching upstream changes from git://github.com/fiji/Descriptor_based_registration
 > git --version # timeout=10
 > git -c core.askpass=true fetch --tags --progress git://github.com/fiji/Descriptor_based_registration +refs/heads/*:refs/remotes/origin/*
 > git rev-parse origin/master^{commit} # timeout=10
Checking out Revision ba9fea09329bd1bda70cda45a935421cfa1c47c0 (origin/master)
 > git config core.sparsecheckout # timeout=10
 > git checkout -f ba9fea09329bd1bda70cda45a935421cfa1c47c0
 > git rev-list 832674e580a1711cbb1d308662ef1c3a65fe92bd # timeout=10
 > git tag -a -f -m Jenkins Build #60 jenkins-Descriptor_based_registration-60 # timeout=10
[Descriptor_based_registration] $ /bin/sh -xe /tmp/hudson7136985263266053724.sh
+ git clean -dfx
Removing target/
[Descriptor_based_registration] $ /bin/sh -xe /tmp/hudson7222583264438088227.sh
+ mvn -U -Pdeploy-to-imagej clean deploy
[INFO] Scanning for projects...
[INFO]                                                                         
[INFO] ------------------------------------------------------------------------
[INFO] Building plugins/Descriptor_based_registration.jar 2.1.0
[INFO] ------------------------------------------------------------------------
[INFO] 
[INFO] --- maven-clean-plugin:2.5:clean (default-clean) @ Descriptor_based_registration ---
[INFO] 
[INFO] --- maven-enforcer-plugin:1.3.1:enforce (enforce-rules) @ Descriptor_based_registration ---
Downloading: http://maven.imagej.net/content/groups/public/com/sun/tools/1.4.2/tools-1.4.2.pom

Downloading: http://repo.maven.apache.org/maven2/com/sun/tools/1.4.2/tools-1.4.2.pom

[INFO] Adding ignorable dependency: null:jcodings:null
[INFO]   Adding ignore: org/jcodings/*
[INFO] Adding ignorable dependency: null:jnr-constants:null
[INFO]   Adding ignore: com/kenai/constantine/*
[INFO]   Adding ignore: jnr/constants/*
[INFO] Adding ignorable dependency: null:jnr-ffi:null
[INFO]   Adding ignore: jnr/ffi/*
[INFO] Adding ignorable dependency: null:joda-time:null
[INFO]   Adding ignore: *
[INFO] Adding ignorable dependency: null:slf4j-log4j12:null
[INFO]   Adding ignore: org/slf4j/impl/*
[INFO] Adding ignorable dependency: batik:batik:null
[INFO]   Adding ignore: *
[INFO] Adding ignorable dependency: jama:jama:null
[INFO]   Adding ignore: Jama/*
[INFO] Adding ignorable dependency: com.sun:tools:null
[INFO]   Adding ignore: *
[INFO] 
[INFO] --- build-helper-maven-plugin:1.9.1:regex-property (sanitize-version) @ Descriptor_based_registration ---
[INFO] 
[INFO] --- buildnumber-maven-plugin:1.3:create (default) @ Descriptor_based_registration ---
[INFO] Executing: /bin/sh -c cd /data/devel/jenkins-maven/workspace/Descriptor_based_registration && git rev-parse --verify HEAD
[INFO] Working directory: /data/devel/jenkins-maven/workspace/Descriptor_based_registration
[INFO] Storing buildNumber: ba9fea09329bd1bda70cda45a935421cfa1c47c0 at timestamp: 1473336339726
[WARNING] Cannot get the branch information from the git repository: 
Detecting the current branch failed: fatal: ref HEAD is not a symbolic ref

[INFO] Executing: /bin/sh -c cd /data/devel/jenkins-maven/workspace/Descriptor_based_registration && git rev-parse --verify HEAD
[INFO] Working directory: /data/devel/jenkins-maven/workspace/Descriptor_based_registration
[INFO] Storing buildScmBranch: UNKNOWN
[INFO] 
[INFO] --- scijava-maven-plugin:0.5.1:set-rootdir (set-rootdir) @ Descriptor_based_registration ---
[INFO] Setting rootdir: /data/devel/jenkins-maven/workspace/Descriptor_based_registration
[INFO] 
[INFO] --- maven-resources-plugin:2.6:resources (default-resources) @ Descriptor_based_registration ---
[INFO] Using 'UTF-8' encoding to copy filtered resources.
[INFO] Copying 1 resource
[INFO] 
[INFO] --- maven-compiler-plugin:3.1:compile (default-compile) @ Descriptor_based_registration ---
[INFO] Changes detected - recompiling the module!
[INFO] Compiling 18 source files to /data/devel/jenkins-maven/workspace/Descriptor_based_registration/target/classes
[INFO] ------------------------------------------------------------------------
[INFO] BUILD FAILURE
[INFO] ------------------------------------------------------------------------
[INFO] Total time: 6.936s
[INFO] Finished at: Thu Sep 08 07:05:40 CDT 2016
[INFO] Final Memory: 41M/526M
[INFO] ------------------------------------------------------------------------
[ERROR] Failed to execute goal org.apache.maven.plugins:maven-compiler-plugin:3.1:compile (default-compile) on project Descriptor_based_registration: Fatal error compiling: invalid target release: 1.8 -> [Help 1]
[ERROR] 
[ERROR] To see the full stack trace of the errors, re-run Maven with the -e switch.
[ERROR] Re-run Maven using the -X switch to enable full debug logging.
[ERROR] 
[ERROR] For more information about the errors and possible solutions, please read the following articles:
[ERROR] [Help 1] http://cwiki.apache.org/confluence/display/MAVEN/MojoExecutionException
Build step 'Execute shell' marked build as failure
Archiving artifacts


From jenkins at imagej.net  Thu Sep  8 08:45:38 2016
From: jenkins at imagej.net (jenkins at imagej.net)
Date: Thu, 08 Sep 2016 08:45:38 -0500 (CDT)
Subject: [ImageJ-builds] Build failed in Jenkins:
	Descriptor_based_registration #61
In-Reply-To: <721788056.183.1473336340434.JavaMail.jenkins@dev>
References: <721788056.183.1473336340434.JavaMail.jenkins@dev>
Message-ID: <828669470.184.1473342338009.JavaMail.jenkins@dev>

See <http://jenkins.imagej.net/job/Descriptor_based_registration/61/changes>

Changes:

[Stephan Preibisch] bump to next release cycle 2.1.1-SNAPSHOT

------------------------------------------
Started by an SCM change
Building remotely on maven in workspace <http://jenkins.imagej.net/job/Descriptor_based_registration/ws/>
 > git rev-parse --is-inside-work-tree # timeout=10
Fetching changes from the remote Git repository
 > git config remote.origin.url git://github.com/fiji/Descriptor_based_registration # timeout=10
Fetching upstream changes from git://github.com/fiji/Descriptor_based_registration
 > git --version # timeout=10
 > git -c core.askpass=true fetch --tags --progress git://github.com/fiji/Descriptor_based_registration +refs/heads/*:refs/remotes/origin/*
 > git rev-parse origin/master^{commit} # timeout=10
Checking out Revision 987822ce6cbec127409a9fc32de748df2f8b8d62 (origin/master)
 > git config core.sparsecheckout # timeout=10
 > git checkout -f 987822ce6cbec127409a9fc32de748df2f8b8d62
 > git rev-list ba9fea09329bd1bda70cda45a935421cfa1c47c0 # timeout=10
 > git tag -a -f -m Jenkins Build #61 jenkins-Descriptor_based_registration-61 # timeout=10
[Descriptor_based_registration] $ /bin/sh -xe /tmp/hudson1468818758154513085.sh
+ git clean -dfx
Removing target/
[Descriptor_based_registration] $ /bin/sh -xe /tmp/hudson5998013685004713588.sh
+ mvn -U -Pdeploy-to-imagej clean deploy
[INFO] Scanning for projects...
[INFO]                                                                         
[INFO] ------------------------------------------------------------------------
[INFO] Building plugins/Descriptor_based_registration.jar 2.1.1-SNAPSHOT
[INFO] ------------------------------------------------------------------------
[INFO] 
[INFO] --- maven-clean-plugin:2.5:clean (default-clean) @ Descriptor_based_registration ---
[INFO] 
[INFO] --- maven-enforcer-plugin:1.3.1:enforce (enforce-rules) @ Descriptor_based_registration ---
Downloading: http://maven.imagej.net/content/groups/public/com/sun/tools/1.4.2/tools-1.4.2.pom

Downloading: http://repo.maven.apache.org/maven2/com/sun/tools/1.4.2/tools-1.4.2.pom

[INFO] Adding ignorable dependency: null:jcodings:null
[INFO]   Adding ignore: org/jcodings/*
[INFO] Adding ignorable dependency: null:jnr-constants:null
[INFO]   Adding ignore: com/kenai/constantine/*
[INFO]   Adding ignore: jnr/constants/*
[INFO] Adding ignorable dependency: null:jnr-ffi:null
[INFO]   Adding ignore: jnr/ffi/*
[INFO] Adding ignorable dependency: null:joda-time:null
[INFO]   Adding ignore: *
[INFO] Adding ignorable dependency: null:slf4j-log4j12:null
[INFO]   Adding ignore: org/slf4j/impl/*
[INFO] Adding ignorable dependency: batik:batik:null
[INFO]   Adding ignore: *
[INFO] Adding ignorable dependency: jama:jama:null
[INFO]   Adding ignore: Jama/*
[INFO] Adding ignorable dependency: com.sun:tools:null
[INFO]   Adding ignore: *
[INFO] 
[INFO] --- build-helper-maven-plugin:1.9.1:regex-property (sanitize-version) @ Descriptor_based_registration ---
[INFO] 
[INFO] --- buildnumber-maven-plugin:1.3:create (default) @ Descriptor_based_registration ---
[INFO] Executing: /bin/sh -c cd /data/devel/jenkins-maven/workspace/Descriptor_based_registration && git rev-parse --verify HEAD
[INFO] Working directory: /data/devel/jenkins-maven/workspace/Descriptor_based_registration
[INFO] Storing buildNumber: 987822ce6cbec127409a9fc32de748df2f8b8d62 at timestamp: 1473342336803
[WARNING] Cannot get the branch information from the git repository: 
Detecting the current branch failed: fatal: ref HEAD is not a symbolic ref

[INFO] Executing: /bin/sh -c cd /data/devel/jenkins-maven/workspace/Descriptor_based_registration && git rev-parse --verify HEAD
[INFO] Working directory: /data/devel/jenkins-maven/workspace/Descriptor_based_registration
[INFO] Storing buildScmBranch: UNKNOWN
[INFO] 
[INFO] --- scijava-maven-plugin:0.5.1:set-rootdir (set-rootdir) @ Descriptor_based_registration ---
[INFO] Setting rootdir: /data/devel/jenkins-maven/workspace/Descriptor_based_registration
[INFO] 
[INFO] --- maven-resources-plugin:2.6:resources (default-resources) @ Descriptor_based_registration ---
[INFO] Using 'UTF-8' encoding to copy filtered resources.
[INFO] Copying 1 resource
[INFO] 
[INFO] --- maven-compiler-plugin:3.1:compile (default-compile) @ Descriptor_based_registration ---
[INFO] Changes detected - recompiling the module!
[INFO] Compiling 18 source files to /data/devel/jenkins-maven/workspace/Descriptor_based_registration/target/classes
[INFO] ------------------------------------------------------------------------
[INFO] BUILD FAILURE
[INFO] ------------------------------------------------------------------------
[INFO] Total time: 7.909s
[INFO] Finished at: Thu Sep 08 08:45:37 CDT 2016
[INFO] Final Memory: 25M/512M
[INFO] ------------------------------------------------------------------------
[ERROR] Failed to execute goal org.apache.maven.plugins:maven-compiler-plugin:3.1:compile (default-compile) on project Descriptor_based_registration: Fatal error compiling: invalid target release: 1.8 -> [Help 1]
[ERROR] 
[ERROR] To see the full stack trace of the errors, re-run Maven with the -e switch.
[ERROR] Re-run Maven using the -X switch to enable full debug logging.
[ERROR] 
[ERROR] For more information about the errors and possible solutions, please read the following articles:
[ERROR] [Help 1] http://cwiki.apache.org/confluence/display/MAVEN/MojoExecutionException
Build step 'Execute shell' marked build as failure
Archiving artifacts


From jenkins at imagej.net  Thu Sep  8 09:08:09 2016
From: jenkins at imagej.net (jenkins at imagej.net)
Date: Thu, 08 Sep 2016 09:08:09 -0500 (CDT)
Subject: [ImageJ-builds] Build failed in Jenkins: ImageJ-Ops #609
Message-ID: <1139408571.185.1473343689953.JavaMail.jenkins@dev>

See <http://jenkins.imagej.net/job/ImageJ-Ops/609/changes>

Changes:

[stefan.helfrich] Provide inType to determine thresholding op more precisely

[stefan.helfrich] Add global thresholds in local versions

[stefan.helfrich] Fix misleading JavaDoc

[stefan.helfrich] LocalThresholdMethodHistogram: clean up

[stefan.helfrich] Change output to extend BooleanType

------------------------------------------
[...truncated 1090 lines...]
Performance: File TEST-net.imagej.ops.morphology.erode.ErosionTest.xml reported 0.0% of errors [SUCCESS]. Build status is: FAILURE



TEST-net.imagej.ops.morphology.open.OpeningTest.xml has an average of: 59
Performance: File TEST-net.imagej.ops.morphology.open.OpeningTest.xml reported 0.0% of errors [SUCCESS]. Build status is: FAILURE



TEST-net.imagej.ops.morphology.topHat.TopHatTest.xml has an average of: 98
Performance: File TEST-net.imagej.ops.morphology.topHat.TopHatTest.xml reported 0.0% of errors [SUCCESS]. Build status is: FAILURE



TEST-net.imagej.ops.slice.SliceTest.xml has an average of: 76
Performance: File TEST-net.imagej.ops.slice.SliceTest.xml reported 0.0% of errors [SUCCESS]. Build status is: FAILURE



TEST-net.imagej.ops.special.SpecialOpMatchingTest.xml has an average of: 24
Performance: File TEST-net.imagej.ops.special.SpecialOpMatchingTest.xml reported 0.0% of errors [SUCCESS]. Build status is: FAILURE



TEST-net.imagej.ops.stats.MeanTest.xml has an average of: 39
Performance: File TEST-net.imagej.ops.stats.MeanTest.xml reported 0.0% of errors [SUCCESS]. Build status is: FAILURE



TEST-net.imagej.ops.stats.StatisticsTest.xml has an average of: 39
Performance: File TEST-net.imagej.ops.stats.StatisticsTest.xml reported 0.0% of errors [SUCCESS]. Build status is: FAILURE



TEST-net.imagej.ops.stats.StatsNamespaceTest.xml has an average of: 100
Performance: File TEST-net.imagej.ops.stats.StatsNamespaceTest.xml reported 0.0% of errors [SUCCESS]. Build status is: FAILURE



TEST-net.imagej.ops.thread.ChunkerBenchmarkTest.xml has an average of: 0
Performance: File TEST-net.imagej.ops.thread.ChunkerBenchmarkTest.xml reported 0.0% of errors [SUCCESS]. Build status is: FAILURE



TEST-net.imagej.ops.threshold.ComputeThresholdTest.xml has an average of: 26
Performance: File TEST-net.imagej.ops.threshold.ComputeThresholdTest.xml reported 0.0% of errors [SUCCESS]. Build status is: FAILURE



TEST-net.imagej.ops.threshold.ThresholdNamespaceTest.xml has an average of: 50
Performance: File TEST-net.imagej.ops.threshold.ThresholdNamespaceTest.xml reported 0.0% of errors [SUCCESS]. Build status is: FAILURE



TEST-net.imagej.ops.threshold.apply.ApplyManualThresholdTest.xml has an average of: 73
Performance: File TEST-net.imagej.ops.threshold.apply.ApplyManualThresholdTest.xml reported 0.0% of errors [SUCCESS]. Build status is: FAILURE



TEST-net.imagej.ops.threshold.apply.LocalThresholdTest.xml has an average of: 89
Performance: File TEST-net.imagej.ops.threshold.apply.LocalThresholdTest.xml reported 0.0% of errors [SUCCESS]. Build status is: FAILURE



TEST-net.imagej.ops.topology.TopologyNamespaceTest.xml has an average of: 26
Performance: File TEST-net.imagej.ops.topology.TopologyNamespaceTest.xml reported 0.0% of errors [SUCCESS]. Build status is: FAILURE



TEST-net.imagej.ops.topology.eulerCharacteristic.EulerCharacteristic26NFloatingTest.xml has an average of: 25
Performance: File TEST-net.imagej.ops.topology.eulerCharacteristic.EulerCharacteristic26NFloatingTest.xml reported 0.0% of errors [SUCCESS]. Build status is: FAILURE



TEST-net.imagej.ops.topology.eulerCharacteristic.EulerCharacteristic26NTest.xml has an average of: 27
Performance: File TEST-net.imagej.ops.topology.eulerCharacteristic.EulerCharacteristic26NTest.xml reported 0.0% of errors [SUCCESS]. Build status is: FAILURE



TEST-net.imagej.ops.topology.eulerCharacteristic.EulerCorrectionTest.xml has an average of: 28
Performance: File TEST-net.imagej.ops.topology.eulerCharacteristic.EulerCorrectionTest.xml reported 0.0% of errors [SUCCESS]. Build status is: FAILURE



TEST-net.imagej.ops.topology.eulerCharacteristic.OctantTest.xml has an average of: 0
Performance: File TEST-net.imagej.ops.topology.eulerCharacteristic.OctantTest.xml reported 0.0% of errors [SUCCESS]. Build status is: FAILURE



TEST-net.imagej.ops.transform.TransformNamespaceTest.xml has an average of: 22
Performance: File TEST-net.imagej.ops.transform.TransformNamespaceTest.xml reported 0.0% of errors [SUCCESS]. Build status is: FAILURE



TEST-net.imagej.ops.transform.addDimensionView.AddDimensionViewTest.xml has an average of: 25
Performance: File TEST-net.imagej.ops.transform.addDimensionView.AddDimensionViewTest.xml reported 0.0% of errors [SUCCESS]. Build status is: FAILURE



TEST-net.imagej.ops.transform.collapseNumericView.CollapseNumericViewTest.xml has an average of: 23
Performance: File TEST-net.imagej.ops.transform.collapseNumericView.CollapseNumericViewTest.xml reported 0.0% of errors [SUCCESS]. Build status is: FAILURE



TEST-net.imagej.ops.transform.collapseRealView.CollapseRealViewTest.xml has an average of: 23
Performance: File TEST-net.imagej.ops.transform.collapseRealView.CollapseRealViewTest.xml reported 0.0% of errors [SUCCESS]. Build status is: FAILURE



TEST-net.imagej.ops.transform.collapseView.CollapseViewTest.xml has an average of: 24
Performance: File TEST-net.imagej.ops.transform.collapseView.CollapseViewTest.xml reported 0.0% of errors [SUCCESS]. Build status is: FAILURE



TEST-net.imagej.ops.transform.crop.CropTest.xml has an average of: 23
Performance: File TEST-net.imagej.ops.transform.crop.CropTest.xml reported 0.0% of errors [SUCCESS]. Build status is: FAILURE



TEST-net.imagej.ops.transform.dropSingleDimensionsView.DropSingletonDimensionsViewTest.xml has an average of: 23
Performance: File TEST-net.imagej.ops.transform.dropSingleDimensionsView.DropSingletonDimensionsViewTest.xml reported 0.0% of errors [SUCCESS]. Build status is: FAILURE



TEST-net.imagej.ops.transform.extendBorderView.ExtendBorderViewTest.xml has an average of: 22
Performance: File TEST-net.imagej.ops.transform.extendBorderView.ExtendBorderViewTest.xml reported 0.0% of errors [SUCCESS]. Build status is: FAILURE



TEST-net.imagej.ops.transform.extendMirrorDoubleView.ExtendMirrorDoubleViewTest.xml has an average of: 23
Performance: File TEST-net.imagej.ops.transform.extendMirrorDoubleView.ExtendMirrorDoubleViewTest.xml reported 0.0% of errors [SUCCESS]. Build status is: FAILURE



TEST-net.imagej.ops.transform.extendMirrorSingleView.ExtendMirrorSingleViewTest.xml has an average of: 22
Performance: File TEST-net.imagej.ops.transform.extendMirrorSingleView.ExtendMirrorSingleViewTest.xml reported 0.0% of errors [SUCCESS]. Build status is: FAILURE



TEST-net.imagej.ops.transform.extendPeriodicView.ExtendPeriodicViewTest.xml has an average of: 22
Performance: File TEST-net.imagej.ops.transform.extendPeriodicView.ExtendPeriodicViewTest.xml reported 0.0% of errors [SUCCESS]. Build status is: FAILURE



TEST-net.imagej.ops.transform.extendRandomView.ExtendRandomViewTest.xml has an average of: 25
Performance: File TEST-net.imagej.ops.transform.extendRandomView.ExtendRandomViewTest.xml reported 0.0% of errors [SUCCESS]. Build status is: FAILURE



TEST-net.imagej.ops.transform.extendValueView.ExtendValueViewTest.xml has an average of: 22
Performance: File TEST-net.imagej.ops.transform.extendValueView.ExtendValueViewTest.xml reported 0.0% of errors [SUCCESS]. Build status is: FAILURE



TEST-net.imagej.ops.transform.extendView.ExtendViewTest.xml has an average of: 23
Performance: File TEST-net.imagej.ops.transform.extendView.ExtendViewTest.xml reported 0.0% of errors [SUCCESS]. Build status is: FAILURE



TEST-net.imagej.ops.transform.extendZeroView.ExtendZeroViewTest.xml has an average of: 23
Performance: File TEST-net.imagej.ops.transform.extendZeroView.ExtendZeroViewTest.xml reported 0.0% of errors [SUCCESS]. Build status is: FAILURE



TEST-net.imagej.ops.transform.flatIterableView.FlatIterableViewTest.xml has an average of: 22
Performance: File TEST-net.imagej.ops.transform.flatIterableView.FlatIterableViewTest.xml reported 0.0% of errors [SUCCESS]. Build status is: FAILURE



TEST-net.imagej.ops.transform.hyperSliceView.HyperSliceViewTest.xml has an average of: 22
Performance: File TEST-net.imagej.ops.transform.hyperSliceView.HyperSliceViewTest.xml reported 0.0% of errors [SUCCESS]. Build status is: FAILURE



TEST-net.imagej.ops.transform.interpolateView.InterpolateViewTest.xml has an average of: 23
Performance: File TEST-net.imagej.ops.transform.interpolateView.InterpolateViewTest.xml reported 0.0% of errors [SUCCESS]. Build status is: FAILURE



TEST-net.imagej.ops.transform.intervalView.IntervalViewTest.xml has an average of: 22
Performance: File TEST-net.imagej.ops.transform.intervalView.IntervalViewTest.xml reported 0.0% of errors [SUCCESS]. Build status is: FAILURE



TEST-net.imagej.ops.transform.invertAxisView.InvertAxisViewTest.xml has an average of: 22
Performance: File TEST-net.imagej.ops.transform.invertAxisView.InvertAxisViewTest.xml reported 0.0% of errors [SUCCESS]. Build status is: FAILURE



TEST-net.imagej.ops.transform.offsetView.OffsetViewTest.xml has an average of: 22
Performance: File TEST-net.imagej.ops.transform.offsetView.OffsetViewTest.xml reported 0.0% of errors [SUCCESS]. Build status is: FAILURE



TEST-net.imagej.ops.transform.permuteView.PermuteViewTest.xml has an average of: 22
Performance: File TEST-net.imagej.ops.transform.permuteView.PermuteViewTest.xml reported 0.0% of errors [SUCCESS]. Build status is: FAILURE



TEST-net.imagej.ops.transform.project.ProjectTest.xml has an average of: 31
Performance: File TEST-net.imagej.ops.transform.project.ProjectTest.xml reported 0.0% of errors [SUCCESS]. Build status is: FAILURE



TEST-net.imagej.ops.transform.rasterView.RasterViewTest.xml has an average of: 23
Performance: File TEST-net.imagej.ops.transform.rasterView.RasterViewTest.xml reported 0.0% of errors [SUCCESS]. Build status is: FAILURE



TEST-net.imagej.ops.transform.rotateView.RotateViewTest.xml has an average of: 23
Performance: File TEST-net.imagej.ops.transform.rotateView.RotateViewTest.xml reported 0.0% of errors [SUCCESS]. Build status is: FAILURE



TEST-net.imagej.ops.transform.scaleView.ScaleViewTest.xml has an average of: 25
Performance: File TEST-net.imagej.ops.transform.scaleView.ScaleViewTest.xml reported 0.0% of errors [SUCCESS]. Build status is: FAILURE



TEST-net.imagej.ops.transform.shearView.ShearViewTest.xml has an average of: 24
Performance: File TEST-net.imagej.ops.transform.shearView.ShearViewTest.xml reported 0.0% of errors [SUCCESS]. Build status is: FAILURE



TEST-net.imagej.ops.transform.stackView.StackViewTest.xml has an average of: 22
Performance: File TEST-net.imagej.ops.transform.stackView.StackViewTest.xml reported 0.0% of errors [SUCCESS]. Build status is: FAILURE



TEST-net.imagej.ops.transform.subsampleView.SubsampleViewTest.xml has an average of: 29
Performance: File TEST-net.imagej.ops.transform.subsampleView.SubsampleViewTest.xml reported 0.0% of errors [SUCCESS]. Build status is: FAILURE



TEST-net.imagej.ops.transform.translateView.TranslateViewTest.xml has an average of: 22
Performance: File TEST-net.imagej.ops.transform.translateView.TranslateViewTest.xml reported 0.0% of errors [SUCCESS]. Build status is: FAILURE



TEST-net.imagej.ops.transform.unshearView.UnshearViewTest.xml has an average of: 27
Performance: File TEST-net.imagej.ops.transform.unshearView.UnshearViewTest.xml reported 0.0% of errors [SUCCESS]. Build status is: FAILURE



TEST-net.imagej.ops.transform.zeroMinView.ZeroMinViewTest.xml has an average of: 23
Performance: File TEST-net.imagej.ops.transform.zeroMinView.ZeroMinViewTest.xml reported 0.0% of errors [SUCCESS]. Build status is: FAILURE





From jenkins at imagej.net  Thu Sep  8 09:18:58 2016
From: jenkins at imagej.net (jenkins at imagej.net)
Date: Thu, 08 Sep 2016 09:18:58 -0500 (CDT)
Subject: [ImageJ-builds] Build failed in Jenkins: ImageJ-Ops #610
In-Reply-To: <1139408571.185.1473343689953.JavaMail.jenkins@dev>
References: <1139408571.185.1473343689953.JavaMail.jenkins@dev>
Message-ID: <1111816638.186.1473344338414.JavaMail.jenkins@dev>

See <http://jenkins.imagej.net/job/ImageJ-Ops/610/changes>

Changes:

[stefan.helfrich] DefaultInterpolateView: remove type restriction

[stefan.helfrich] DefaultRasterView: remove type restriction

[stefan.helfrich] TransformNamespace: update generics to match ops

------------------------------------------
[...truncated 1090 lines...]
Performance: File TEST-net.imagej.ops.morphology.erode.ErosionTest.xml reported 0.0% of errors [SUCCESS]. Build status is: FAILURE



TEST-net.imagej.ops.morphology.open.OpeningTest.xml has an average of: 44
Performance: File TEST-net.imagej.ops.morphology.open.OpeningTest.xml reported 0.0% of errors [SUCCESS]. Build status is: FAILURE



TEST-net.imagej.ops.morphology.topHat.TopHatTest.xml has an average of: 78
Performance: File TEST-net.imagej.ops.morphology.topHat.TopHatTest.xml reported 0.0% of errors [SUCCESS]. Build status is: FAILURE



TEST-net.imagej.ops.slice.SliceTest.xml has an average of: 71
Performance: File TEST-net.imagej.ops.slice.SliceTest.xml reported 0.0% of errors [SUCCESS]. Build status is: FAILURE



TEST-net.imagej.ops.special.SpecialOpMatchingTest.xml has an average of: 24
Performance: File TEST-net.imagej.ops.special.SpecialOpMatchingTest.xml reported 0.0% of errors [SUCCESS]. Build status is: FAILURE



TEST-net.imagej.ops.stats.MeanTest.xml has an average of: 37
Performance: File TEST-net.imagej.ops.stats.MeanTest.xml reported 0.0% of errors [SUCCESS]. Build status is: FAILURE



TEST-net.imagej.ops.stats.StatisticsTest.xml has an average of: 40
Performance: File TEST-net.imagej.ops.stats.StatisticsTest.xml reported 0.0% of errors [SUCCESS]. Build status is: FAILURE



TEST-net.imagej.ops.stats.StatsNamespaceTest.xml has an average of: 77
Performance: File TEST-net.imagej.ops.stats.StatsNamespaceTest.xml reported 0.0% of errors [SUCCESS]. Build status is: FAILURE



TEST-net.imagej.ops.thread.ChunkerBenchmarkTest.xml has an average of: 0
Performance: File TEST-net.imagej.ops.thread.ChunkerBenchmarkTest.xml reported 0.0% of errors [SUCCESS]. Build status is: FAILURE



TEST-net.imagej.ops.threshold.ComputeThresholdTest.xml has an average of: 27
Performance: File TEST-net.imagej.ops.threshold.ComputeThresholdTest.xml reported 0.0% of errors [SUCCESS]. Build status is: FAILURE



TEST-net.imagej.ops.threshold.ThresholdNamespaceTest.xml has an average of: 55
Performance: File TEST-net.imagej.ops.threshold.ThresholdNamespaceTest.xml reported 0.0% of errors [SUCCESS]. Build status is: FAILURE



TEST-net.imagej.ops.threshold.apply.ApplyManualThresholdTest.xml has an average of: 27
Performance: File TEST-net.imagej.ops.threshold.apply.ApplyManualThresholdTest.xml reported 0.0% of errors [SUCCESS]. Build status is: FAILURE



TEST-net.imagej.ops.threshold.apply.LocalThresholdTest.xml has an average of: 87
Performance: File TEST-net.imagej.ops.threshold.apply.LocalThresholdTest.xml reported 0.0% of errors [SUCCESS]. Build status is: FAILURE



TEST-net.imagej.ops.topology.TopologyNamespaceTest.xml has an average of: 26
Performance: File TEST-net.imagej.ops.topology.TopologyNamespaceTest.xml reported 0.0% of errors [SUCCESS]. Build status is: FAILURE



TEST-net.imagej.ops.topology.eulerCharacteristic.EulerCharacteristic26NFloatingTest.xml has an average of: 26
Performance: File TEST-net.imagej.ops.topology.eulerCharacteristic.EulerCharacteristic26NFloatingTest.xml reported 0.0% of errors [SUCCESS]. Build status is: FAILURE



TEST-net.imagej.ops.topology.eulerCharacteristic.EulerCharacteristic26NTest.xml has an average of: 27
Performance: File TEST-net.imagej.ops.topology.eulerCharacteristic.EulerCharacteristic26NTest.xml reported 0.0% of errors [SUCCESS]. Build status is: FAILURE



TEST-net.imagej.ops.topology.eulerCharacteristic.EulerCorrectionTest.xml has an average of: 27
Performance: File TEST-net.imagej.ops.topology.eulerCharacteristic.EulerCorrectionTest.xml reported 0.0% of errors [SUCCESS]. Build status is: FAILURE



TEST-net.imagej.ops.topology.eulerCharacteristic.OctantTest.xml has an average of: 0
Performance: File TEST-net.imagej.ops.topology.eulerCharacteristic.OctantTest.xml reported 0.0% of errors [SUCCESS]. Build status is: FAILURE



TEST-net.imagej.ops.transform.TransformNamespaceTest.xml has an average of: 22
Performance: File TEST-net.imagej.ops.transform.TransformNamespaceTest.xml reported 0.0% of errors [SUCCESS]. Build status is: FAILURE



TEST-net.imagej.ops.transform.addDimensionView.AddDimensionViewTest.xml has an average of: 22
Performance: File TEST-net.imagej.ops.transform.addDimensionView.AddDimensionViewTest.xml reported 0.0% of errors [SUCCESS]. Build status is: FAILURE



TEST-net.imagej.ops.transform.collapseNumericView.CollapseNumericViewTest.xml has an average of: 23
Performance: File TEST-net.imagej.ops.transform.collapseNumericView.CollapseNumericViewTest.xml reported 0.0% of errors [SUCCESS]. Build status is: FAILURE



TEST-net.imagej.ops.transform.collapseRealView.CollapseRealViewTest.xml has an average of: 24
Performance: File TEST-net.imagej.ops.transform.collapseRealView.CollapseRealViewTest.xml reported 0.0% of errors [SUCCESS]. Build status is: FAILURE



TEST-net.imagej.ops.transform.collapseView.CollapseViewTest.xml has an average of: 22
Performance: File TEST-net.imagej.ops.transform.collapseView.CollapseViewTest.xml reported 0.0% of errors [SUCCESS]. Build status is: FAILURE



TEST-net.imagej.ops.transform.crop.CropTest.xml has an average of: 23
Performance: File TEST-net.imagej.ops.transform.crop.CropTest.xml reported 0.0% of errors [SUCCESS]. Build status is: FAILURE



TEST-net.imagej.ops.transform.dropSingleDimensionsView.DropSingletonDimensionsViewTest.xml has an average of: 22
Performance: File TEST-net.imagej.ops.transform.dropSingleDimensionsView.DropSingletonDimensionsViewTest.xml reported 0.0% of errors [SUCCESS]. Build status is: FAILURE



TEST-net.imagej.ops.transform.extendBorderView.ExtendBorderViewTest.xml has an average of: 22
Performance: File TEST-net.imagej.ops.transform.extendBorderView.ExtendBorderViewTest.xml reported 0.0% of errors [SUCCESS]. Build status is: FAILURE



TEST-net.imagej.ops.transform.extendMirrorDoubleView.ExtendMirrorDoubleViewTest.xml has an average of: 22
Performance: File TEST-net.imagej.ops.transform.extendMirrorDoubleView.ExtendMirrorDoubleViewTest.xml reported 0.0% of errors [SUCCESS]. Build status is: FAILURE



TEST-net.imagej.ops.transform.extendMirrorSingleView.ExtendMirrorSingleViewTest.xml has an average of: 22
Performance: File TEST-net.imagej.ops.transform.extendMirrorSingleView.ExtendMirrorSingleViewTest.xml reported 0.0% of errors [SUCCESS]. Build status is: FAILURE



TEST-net.imagej.ops.transform.extendPeriodicView.ExtendPeriodicViewTest.xml has an average of: 23
Performance: File TEST-net.imagej.ops.transform.extendPeriodicView.ExtendPeriodicViewTest.xml reported 0.0% of errors [SUCCESS]. Build status is: FAILURE



TEST-net.imagej.ops.transform.extendRandomView.ExtendRandomViewTest.xml has an average of: 38
Performance: File TEST-net.imagej.ops.transform.extendRandomView.ExtendRandomViewTest.xml reported 0.0% of errors [SUCCESS]. Build status is: FAILURE



TEST-net.imagej.ops.transform.extendValueView.ExtendValueViewTest.xml has an average of: 23
Performance: File TEST-net.imagej.ops.transform.extendValueView.ExtendValueViewTest.xml reported 0.0% of errors [SUCCESS]. Build status is: FAILURE



TEST-net.imagej.ops.transform.extendView.ExtendViewTest.xml has an average of: 28
Performance: File TEST-net.imagej.ops.transform.extendView.ExtendViewTest.xml reported 0.0% of errors [SUCCESS]. Build status is: FAILURE



TEST-net.imagej.ops.transform.extendZeroView.ExtendZeroViewTest.xml has an average of: 22
Performance: File TEST-net.imagej.ops.transform.extendZeroView.ExtendZeroViewTest.xml reported 0.0% of errors [SUCCESS]. Build status is: FAILURE



TEST-net.imagej.ops.transform.flatIterableView.FlatIterableViewTest.xml has an average of: 23
Performance: File TEST-net.imagej.ops.transform.flatIterableView.FlatIterableViewTest.xml reported 0.0% of errors [SUCCESS]. Build status is: FAILURE



TEST-net.imagej.ops.transform.hyperSliceView.HyperSliceViewTest.xml has an average of: 22
Performance: File TEST-net.imagej.ops.transform.hyperSliceView.HyperSliceViewTest.xml reported 0.0% of errors [SUCCESS]. Build status is: FAILURE



TEST-net.imagej.ops.transform.interpolateView.InterpolateViewTest.xml has an average of: 23
Performance: File TEST-net.imagej.ops.transform.interpolateView.InterpolateViewTest.xml reported 0.0% of errors [SUCCESS]. Build status is: FAILURE



TEST-net.imagej.ops.transform.intervalView.IntervalViewTest.xml has an average of: 23
Performance: File TEST-net.imagej.ops.transform.intervalView.IntervalViewTest.xml reported 0.0% of errors [SUCCESS]. Build status is: FAILURE



TEST-net.imagej.ops.transform.invertAxisView.InvertAxisViewTest.xml has an average of: 23
Performance: File TEST-net.imagej.ops.transform.invertAxisView.InvertAxisViewTest.xml reported 0.0% of errors [SUCCESS]. Build status is: FAILURE



TEST-net.imagej.ops.transform.offsetView.OffsetViewTest.xml has an average of: 23
Performance: File TEST-net.imagej.ops.transform.offsetView.OffsetViewTest.xml reported 0.0% of errors [SUCCESS]. Build status is: FAILURE



TEST-net.imagej.ops.transform.permuteView.PermuteViewTest.xml has an average of: 23
Performance: File TEST-net.imagej.ops.transform.permuteView.PermuteViewTest.xml reported 0.0% of errors [SUCCESS]. Build status is: FAILURE



TEST-net.imagej.ops.transform.project.ProjectTest.xml has an average of: 29
Performance: File TEST-net.imagej.ops.transform.project.ProjectTest.xml reported 0.0% of errors [SUCCESS]. Build status is: FAILURE



TEST-net.imagej.ops.transform.rasterView.RasterViewTest.xml has an average of: 23
Performance: File TEST-net.imagej.ops.transform.rasterView.RasterViewTest.xml reported 0.0% of errors [SUCCESS]. Build status is: FAILURE



TEST-net.imagej.ops.transform.rotateView.RotateViewTest.xml has an average of: 27
Performance: File TEST-net.imagej.ops.transform.rotateView.RotateViewTest.xml reported 0.0% of errors [SUCCESS]. Build status is: FAILURE



TEST-net.imagej.ops.transform.scaleView.ScaleViewTest.xml has an average of: 26
Performance: File TEST-net.imagej.ops.transform.scaleView.ScaleViewTest.xml reported 0.0% of errors [SUCCESS]. Build status is: FAILURE



TEST-net.imagej.ops.transform.shearView.ShearViewTest.xml has an average of: 22
Performance: File TEST-net.imagej.ops.transform.shearView.ShearViewTest.xml reported 0.0% of errors [SUCCESS]. Build status is: FAILURE



TEST-net.imagej.ops.transform.stackView.StackViewTest.xml has an average of: 22
Performance: File TEST-net.imagej.ops.transform.stackView.StackViewTest.xml reported 0.0% of errors [SUCCESS]. Build status is: FAILURE



TEST-net.imagej.ops.transform.subsampleView.SubsampleViewTest.xml has an average of: 23
Performance: File TEST-net.imagej.ops.transform.subsampleView.SubsampleViewTest.xml reported 0.0% of errors [SUCCESS]. Build status is: FAILURE



TEST-net.imagej.ops.transform.translateView.TranslateViewTest.xml has an average of: 22
Performance: File TEST-net.imagej.ops.transform.translateView.TranslateViewTest.xml reported 0.0% of errors [SUCCESS]. Build status is: FAILURE



TEST-net.imagej.ops.transform.unshearView.UnshearViewTest.xml has an average of: 24
Performance: File TEST-net.imagej.ops.transform.unshearView.UnshearViewTest.xml reported 0.0% of errors [SUCCESS]. Build status is: FAILURE



TEST-net.imagej.ops.transform.zeroMinView.ZeroMinViewTest.xml has an average of: 22
Performance: File TEST-net.imagej.ops.transform.zeroMinView.ZeroMinViewTest.xml reported 0.0% of errors [SUCCESS]. Build status is: FAILURE





From jenkins at imagej.net  Thu Sep  8 11:05:06 2016
From: jenkins at imagej.net (jenkins at imagej.net)
Date: Thu, 08 Sep 2016 11:05:06 -0500 (CDT)
Subject: [ImageJ-builds] Jenkins build is back to normal :
	Descriptor_based_registration #62
In-Reply-To: <828669470.184.1473342338009.JavaMail.jenkins@dev>
References: <828669470.184.1473342338009.JavaMail.jenkins@dev>
Message-ID: <1937088609.187.1473350706914.JavaMail.jenkins@dev>

See <http://jenkins.imagej.net/job/Descriptor_based_registration/62/>



From jenkins at imagej.net  Thu Sep  8 11:36:33 2016
From: jenkins at imagej.net (jenkins at imagej.net)
Date: Thu, 08 Sep 2016 11:36:33 -0500 (CDT)
Subject: [ImageJ-builds] Jenkins build is back to normal : ImageJ-Ops #611
In-Reply-To: <1111816638.186.1473344338414.JavaMail.jenkins@dev>
References: <1111816638.186.1473344338414.JavaMail.jenkins@dev>
Message-ID: <1985961862.188.1473352593520.JavaMail.jenkins@dev>

See <http://jenkins.imagej.net/job/ImageJ-Ops/611/changes>



From jenkins at imagej.net  Sat Sep 10 06:46:36 2016
From: jenkins at imagej.net (jenkins at imagej.net)
Date: Sat, 10 Sep 2016 06:46:36 -0500 (CDT)
Subject: [ImageJ-builds] =?utf-8?q?Build_failed_in_Jenkins=3A_ImageJ-launc?=
 =?utf-8?q?her_=C2=BB__cyber=2Emicroscopy_=231262?=
Message-ID: <2054148651.189.1473507996048.JavaMail.jenkins@dev>

See <http://jenkins.imagej.net/job/ImageJ-launcher/label=cyber.microscopy/1262/changes>

Changes:

[Curtis Rueden] Do not force sun.java2d.noddraw to true

------------------------------------------
[...truncated 466 lines...]
104/128 KB   148/148 KB   
108/128 KB   148/148 KB   
112/128 KB   148/148 KB   
116/128 KB   148/148 KB   
120/128 KB   148/148 KB   
124/128 KB   148/148 KB   
                          
128/128 KB                
Downloaded: https://repo.maven.apache.org/maven2/org/apache/maven/maven-model-builder/3.0.4/maven-model-builder-3.0.4.jar (148 KB at 735.3 KB/sec)
Downloading: https://repo.maven.apache.org/maven2/org/apache/maven/wagon/wagon-provider-api/2.2/wagon-provider-api-2.2.jar
128/128 KB   4/88 KB   
128/128 KB   8/88 KB   
128/128 KB   12/88 KB   
128/128 KB   16/88 KB   
128/128 KB   20/88 KB   
128/128 KB   24/88 KB   
128/128 KB   28/88 KB   
128/128 KB   32/88 KB   
128/128 KB   36/88 KB   
128/128 KB   40/88 KB   
128/128 KB   44/88 KB   
128/128 KB   48/88 KB   
128/128 KB   52/88 KB   
128/128 KB   56/88 KB   
128/128 KB   60/88 KB   
128/128 KB   64/88 KB   
128/128 KB   68/88 KB   
128/128 KB   72/88 KB   
128/128 KB   76/88 KB   
128/128 KB   80/88 KB   
128/128 KB   84/88 KB   
128/128 KB   88/88 KB   
128/128 KB   88/88 KB   
4/46 KB   128/128 KB   88/88 KB   
8/46 KB   128/128 KB   88/88 KB   
12/46 KB   128/128 KB   88/88 KB   
16/46 KB   128/128 KB   88/88 KB   
20/46 KB   128/128 KB   88/88 KB   
24/46 KB   128/128 KB   88/88 KB   
28/46 KB   128/128 KB   88/88 KB   
32/46 KB   128/128 KB   88/88 KB   
36/46 KB   128/128 KB   88/88 KB   
40/46 KB   128/128 KB   88/88 KB   
44/46 KB   128/128 KB   88/88 KB   
46/46 KB   128/128 KB   88/88 KB   
46/46 KB   128/128 KB   88/88 KB   4/52 KB   
46/46 KB   128/128 KB   88/88 KB   8/52 KB   
46/46 KB   128/128 KB   88/88 KB   12/52 KB   
46/46 KB   128/128 KB   88/88 KB   16/52 KB   
46/46 KB   128/128 KB   88/88 KB   20/52 KB   
46/46 KB   128/128 KB   88/88 KB   24/52 KB   
46/46 KB   128/128 KB   88/88 KB   28/52 KB   
46/46 KB   128/128 KB   88/88 KB   32/52 KB   
46/46 KB   128/128 KB   88/88 KB   36/52 KB   
46/46 KB   128/128 KB   88/88 KB   40/52 KB   
4/275 KB   46/46 KB   128/128 KB   88/88 KB   40/52 KB   
4/275 KB   46/46 KB   128/128 KB   88/88 KB   44/52 KB   
4/275 KB   46/46 KB   128/128 KB   88/88 KB   48/52 KB   
8/275 KB   46/46 KB   128/128 KB   88/88 KB   48/52 KB   
12/275 KB   46/46 KB   128/128 KB   88/88 KB   48/52 KB   
12/275 KB   46/46 KB   128/128 KB   88/88 KB   52/52 KB   
16/275 KB   46/46 KB   128/128 KB   88/88 KB   52/52 KB   
20/275 KB   46/46 KB   128/128 KB   88/88 KB   52/52 KB   
24/275 KB   46/46 KB   128/128 KB   88/88 KB   52/52 KB   
28/275 KB   46/46 KB   128/128 KB   88/88 KB   52/52 KB   
32/275 KB   46/46 KB   128/128 KB   88/88 KB   52/52 KB   
36/275 KB   46/46 KB   128/128 KB   88/88 KB   52/52 KB   
40/275 KB   46/46 KB   128/128 KB   88/88 KB   52/52 KB   
44/275 KB   46/46 KB   128/128 KB   88/88 KB   52/52 KB   
48/275 KB   46/46 KB   128/128 KB   88/88 KB   52/52 KB   
52/275 KB   46/46 KB   128/128 KB   88/88 KB   52/52 KB   
56/275 KB   46/46 KB   128/128 KB   88/88 KB   52/52 KB   
60/275 KB   46/46 KB   128/128 KB   88/88 KB   52/52 KB   
64/275 KB   46/46 KB   128/128 KB   88/88 KB   52/52 KB   
68/275 KB   46/46 KB   128/128 KB   88/88 KB   52/52 KB   
72/275 KB   46/46 KB   128/128 KB   88/88 KB   52/52 KB   
76/275 KB   46/46 KB   128/128 KB   88/88 KB   52/52 KB   
80/275 KB   46/46 KB   128/128 KB   88/88 KB   52/52 KB   
84/275 KB   46/46 KB   128/128 KB   88/88 KB   52/52 KB   
88/275 KB   46/46 KB   128/128 KB   88/88 KB   52/52 KB   
92/275 KB   46/46 KB   128/128 KB   88/88 KB   52/52 KB   
96/275 KB   46/46 KB   128/128 KB   88/88 KB   52/52 KB   
100/275 KB   46/46 KB   128/128 KB   88/88 KB   52/52 KB   
104/275 KB   46/46 KB   128/128 KB   88/88 KB   52/52 KB   
108/275 KB   46/46 KB   128/128 KB   88/88 KB   52/52 KB   
112/275 KB   46/46 KB   128/128 KB   88/88 KB   52/52 KB   
116/275 KB   46/46 KB   128/128 KB   88/88 KB   52/52 KB   
120/275 KB   46/46 KB   128/128 KB   88/88 KB   52/52 KB   
124/275 KB   46/46 KB   128/128 KB   88/88 KB   52/52 KB   
128/275 KB   46/46 KB   128/128 KB   88/88 KB   52/52 KB   
132/275 KB   46/46 KB   128/128 KB   88/88 KB   52/52 KB   
136/275 KB   46/46 KB   128/128 KB   88/88 KB   52/52 KB   
140/275 KB   46/46 KB   128/128 KB   88/88 KB   52/52 KB   
144/275 KB   46/46 KB   128/128 KB   88/88 KB   52/52 KB   
148/275 KB   46/46 KB   128/128 KB   88/88 KB   52/52 KB   
152/275 KB   46/46 KB   128/128 KB   88/88 KB   52/52 KB   
156/275 KB   46/46 KB   128/128 KB   88/88 KB   52/52 KB   
160/275 KB   46/46 KB   128/128 KB   88/88 KB   52/52 KB   
164/275 KB   46/46 KB   128/128 KB   88/88 KB   52/52 KB   
168/275 KB   46/46 KB   128/128 KB   88/88 KB   52/52 KB   
172/275 KB   46/46 KB   128/128 KB   88/88 KB   52/52 KB   
176/275 KB   46/46 KB   128/128 KB   88/88 KB   52/52 KB   
180/275 KB   46/46 KB   128/128 KB   88/88 KB   52/52 KB   
184/275 KB   46/46 KB   128/128 KB   88/88 KB   52/52 KB   
188/275 KB   46/46 KB   128/128 KB   88/88 KB   52/52 KB   
192/275 KB   46/46 KB   128/128 KB   88/88 KB   52/52 KB   
196/275 KB   46/46 KB   128/128 KB   88/88 KB   52/52 KB   
200/275 KB   46/46 KB   128/128 KB   88/88 KB   52/52 KB   
204/275 KB   46/46 KB   128/128 KB   88/88 KB   52/52 KB   
208/275 KB   46/46 KB   128/128 KB   88/88 KB   52/52 KB   
212/275 KB   46/46 KB   128/128 KB   88/88 KB   52/52 KB   
216/275 KB   46/46 KB   128/128 KB   88/88 KB   52/52 KB   
220/275 KB   46/46 KB   128/128 KB   88/88 KB   52/52 KB   
224/275 KB   46/46 KB   128/128 KB   88/88 KB   52/52 KB   
228/275 KB   46/46 KB   128/128 KB   88/88 KB   52/52 KB   
232/275 KB   46/46 KB   128/128 KB   88/88 KB   52/52 KB   
236/275 KB   46/46 KB   128/128 KB   88/88 KB   52/52 KB   
240/275 KB   46/46 KB   128/128 KB   88/88 KB   52/52 KB   
244/275 KB   46/46 KB   128/128 KB   88/88 KB   52/52 KB   
248/275 KB   46/46 KB   128/128 KB   88/88 KB   52/52 KB   
252/275 KB   46/46 KB   128/128 KB   88/88 KB   52/52 KB   
256/275 KB   46/46 KB   128/128 KB   88/88 KB   52/52 KB   
260/275 KB   46/46 KB   128/128 KB   88/88 KB   52/52 KB   
264/275 KB   46/46 KB   128/128 KB   88/88 KB   52/52 KB   
268/275 KB   46/46 KB   128/128 KB   88/88 KB   52/52 KB   
272/275 KB   46/46 KB   128/128 KB   88/88 KB   52/52 KB   
275/275 KB   46/46 KB   128/128 KB   88/88 KB   52/52 KB   
                                                           
Downloaded: https://repo.maven.apache.org/maven2/org/sonatype/aether/aether-impl/1.13.1/aether-impl-1.13.1.jar (128 KB at 283.1 KB/sec)
                                                           
Downloaded: https://repo.maven.apache.org/maven2/org/codehaus/plexus/plexus-classworlds/2.4/plexus-classworlds-2.4.jar (46 KB at 102.3 KB/sec)
Downloading: https://repo.maven.apache.org/maven2/org/codehaus/plexus/plexus-container-default/1.5.5/plexus-container-default-1.5.5.jar
                                                           
                                                           
Downloaded: https://repo.maven.apache.org/maven2/org/apache/maven/maven-compat/3.0.4/maven-compat-3.0.4.jar (275 KB at 610.9 KB/sec)
Downloaded: https://repo.maven.apache.org/maven2/org/sonatype/aether/aether-api/1.13.1/aether-api-1.13.1.jar (88 KB at 194.6 KB/sec)
                                                           
Downloaded: https://repo.maven.apache.org/maven2/org/apache/maven/wagon/wagon-provider-api/2.2/wagon-provider-api-2.2.jar (52 KB at 114.0 KB/sec)
4/212 KB                                                   
8/212 KB   
12/212 KB   
16/212 KB   
20/212 KB   
24/212 KB   
28/212 KB   
32/212 KB   
36/212 KB   
40/212 KB   
44/212 KB   
48/212 KB   
52/212 KB   
56/212 KB   
60/212 KB   
64/212 KB   
68/212 KB   
72/212 KB   
76/212 KB   
80/212 KB   
84/212 KB   
88/212 KB   
92/212 KB   
96/212 KB   
100/212 KB   
104/212 KB   
108/212 KB   
112/212 KB   
116/212 KB   
120/212 KB   
124/212 KB   
128/212 KB   
132/212 KB   
136/212 KB   
140/212 KB   
144/212 KB   
148/212 KB   
152/212 KB   
156/212 KB   
160/212 KB   
164/212 KB   
168/212 KB   
172/212 KB   
176/212 KB   
180/212 KB   
184/212 KB   
188/212 KB   
192/212 KB   
196/212 KB   
200/212 KB   
204/212 KB   
208/212 KB   
212/212 KB   
212/212 KB   
             
Downloaded: https://repo.maven.apache.org/maven2/org/codehaus/plexus/plexus-container-default/1.5.5/plexus-container-default-1.5.5.jar (212 KB at 415.6 KB/sec)
[INFO]                                                                         
[INFO] ------------------------------------------------------------------------
[INFO] Building ImageJ Launcher 4.0.6-SNAPSHOT
[INFO] ------------------------------------------------------------------------
[INFO] 
[INFO] --- maven-clean-plugin:2.5:clean (default-clean) @ imagej-launcher ---
Downloading: https://repo.maven.apache.org/maven2/org/apache/maven/maven-plugin-api/2.0.6/maven-plugin-api-2.0.6.jar
3/13 KB      
5/13 KB   
8/13 KB   
11/13 KB   
13/13 KB   
           
Downloaded: https://repo.maven.apache.org/maven2/org/apache/maven/maven-plugin-api/2.0.6/maven-plugin-api-2.0.6.jar (13 KB at 299.0 KB/sec)
[INFO] ------------------------------------------------------------------------
[INFO] BUILD SUCCESS
[INFO] ------------------------------------------------------------------------
[INFO] Total time: 9.562 s
[INFO] Finished at: 2016-09-10T06:40:24-05:00
[INFO] Final Memory: 10M/65M
[INFO] ------------------------------------------------------------------------
[cyber.microscopy] $ /bin/sh -xe /var/folders/m9/1zk993td28s0_8sw5yjfg05m0000gp/T/hudson2695849244974083090.sh
++ uname -s
+ UNAME=Darwin
+ case "$UNAME" in
[cyber.microscopy] $ /bin/sh -xe /var/folders/m9/1zk993td28s0_8sw5yjfg05m0000gp/T/hudson2009754994126505575.sh
++ uname -s
+ UNAME=Darwin
+ case "$UNAME" in
+ export JAVA_HOME=/System/Library/Java/JavaVirtualMachines/1.6.0.jdk/Contents/Home
+ JAVA_HOME=/System/Library/Java/JavaVirtualMachines/1.6.0.jdk/Contents/Home
+ '[' -d target ']'
+ mvn -Pcopy-launchers -X install javadoc:aggregate-jar
Exception in thread "main" java.lang.UnsupportedClassVersionError: org/apache/maven/cli/MavenCli : Unsupported major.minor version 51.0
	at java.lang.ClassLoader.defineClass1(Native Method)
	at java.lang.ClassLoader.defineClassCond(ClassLoader.java:637)
	at java.lang.ClassLoader.defineClass(ClassLoader.java:621)
	at java.security.SecureClassLoader.defineClass(SecureClassLoader.java:141)
	at java.net.URLClassLoader.defineClass(URLClassLoader.java:283)
	at java.net.URLClassLoader.access$000(URLClassLoader.java:58)
	at java.net.URLClassLoader$1.run(URLClassLoader.java:197)
	at java.security.AccessController.doPrivileged(Native Method)
	at java.net.URLClassLoader.findClass(URLClassLoader.java:190)
	at org.codehaus.plexus.classworlds.realm.ClassRealm.loadClassFromSelf(ClassRealm.java:401)
	at org.codehaus.plexus.classworlds.strategy.SelfFirstStrategy.loadClass(SelfFirstStrategy.java:42)
	at org.codehaus.plexus.classworlds.realm.ClassRealm.unsynchronizedLoadClass(ClassRealm.java:271)
	at org.codehaus.plexus.classworlds.realm.ClassRealm.loadClass(ClassRealm.java:254)
	at org.codehaus.plexus.classworlds.realm.ClassRealm.loadClass(ClassRealm.java:239)
	at org.codehaus.plexus.classworlds.launcher.Launcher.getMainClass(Launcher.java:144)
	at org.codehaus.plexus.classworlds.launcher.Launcher.launchEnhanced(Launcher.java:266)
	at org.codehaus.plexus.classworlds.launcher.Launcher.launch(Launcher.java:229)
	at org.codehaus.plexus.classworlds.launcher.Launcher.mainWithExitCode(Launcher.java:415)
	at org.codehaus.plexus.classworlds.launcher.Launcher.main(Launcher.java:356)
Build step 'Execute shell' marked build as failure
Archiving artifacts


From jenkins at imagej.net  Wed Sep 14 16:40:51 2016
From: jenkins at imagej.net (jenkins at imagej.net)
Date: Wed, 14 Sep 2016 16:40:51 -0500 (CDT)
Subject: [ImageJ-builds] Build failed in Jenkins: Bio-Formats-Fiji #1070
Message-ID: <618583949.190.1473889251615.JavaMail.jenkins@dev>

See <http://jenkins.imagej.net/job/Bio-Formats-Fiji/1070/>

------------------------------------------
Started by user Curtis Rueden
Building on master in workspace <http://jenkins.imagej.net/job/Bio-Formats-Fiji/ws/>
Copied 2 artifacts from "Fiji-minimal" build number 2022
[workspace] $ /bin/sh -xe /tmp/hudson6542076025417084632.sh
+ sh bin/upload-bf.sh
No GUI detected.  Falling back to headless mode.
No GUI detected.  Falling back to headless mode.
Updating the index of available files (Updating from ImageJ site: http://up...
Updating from ImageJ site: http://update.imagej.net/ done
Updating from Fiji site: http://update.fiji.sc/ done
Updating from Bio-Formats site: http://sites.imagej.net/Bio-Formats/ done
................................................................................
................................................................................
................................................................................
................................................................................
................................................................................
................................................................................
................................................................................
...
Done: Checksummer

Done: Downloading...

Done: Downloading...


--== jars/bio-formats/formats-api ==--

2016-09-14 16:40:16 URL:https://ci.openmicroscopy.org/job/BIOFORMATS-5.1-latest/lastSuccessfulBuild/artifact/artifacts//formats-api.jar [143669/143669] -> "formats-api.jar" [1]

--== jars/bio-formats/formats-bsd ==--

2016-09-14 16:40:19 URL:https://ci.openmicroscopy.org/job/BIOFORMATS-5.1-latest/lastSuccessfulBuild/artifact/artifacts//formats-bsd.jar [688214/688214] -> "formats-bsd.jar" [1]

--== jars/bio-formats/formats-common ==--

2016-09-14 16:40:20 URL:https://ci.openmicroscopy.org/job/BIOFORMATS-5.1-latest/lastSuccessfulBuild/artifact/artifacts//formats-common.jar [115309/115309] -> "formats-common.jar" [1]

--== jars/bio-formats/formats-gpl ==--

2016-09-14 16:40:23 URL:https://ci.openmicroscopy.org/job/BIOFORMATS-5.1-latest/lastSuccessfulBuild/artifact/artifacts//formats-gpl.jar [1223101/1223101] -> "formats-gpl.jar.1" [1]

--== jars/bio-formats/jai_imageio ==--

2016-09-14 16:40:26 URL:https://ci.openmicroscopy.org/job/BIOFORMATS-5.1-latest/lastSuccessfulBuild/artifact/artifacts//jai_imageio.jar [1030263/1030263] -> "jai_imageio.jar" [1]

--== jars/bio-formats/mdbtools-java ==--

2016-09-14 16:40:27 URL:https://ci.openmicroscopy.org/job/BIOFORMATS-5.1-latest/lastSuccessfulBuild/artifact/artifacts//mdbtools-java.jar [86531/86531] -> "mdbtools-java.jar" [1]

--== jars/bio-formats/metakit ==--

2016-09-14 16:40:28 URL:https://ci.openmicroscopy.org/job/BIOFORMATS-5.1-latest/lastSuccessfulBuild/artifact/artifacts//metakit.jar [9324/9324] -> "metakit.jar" [1]

--== jars/bio-formats/ome-poi ==--

2016-09-14 16:40:30 URL:https://ci.openmicroscopy.org/job/BIOFORMATS-5.1-latest/lastSuccessfulBuild/artifact/artifacts//ome-poi.jar [932590/932590] -> "ome-poi.jar" [1]

--== jars/bio-formats/ome-xml ==--

2016-09-14 16:40:33 URL:https://ci.openmicroscopy.org/job/BIOFORMATS-5.1-latest/lastSuccessfulBuild/artifact/artifacts//ome-xml.jar [604566/604566] -> "ome-xml.jar" [1]

--== jars/bio-formats/specification ==--

2016-09-14 16:40:35 URL:https://ci.openmicroscopy.org/job/BIOFORMATS-5.1-latest/lastSuccessfulBuild/artifact/artifacts//specification.jar [605282/605282] -> "specification.jar" [1]

--== jars/bio-formats/turbojpeg ==--

2016-09-14 16:40:38 URL:https://ci.openmicroscopy.org/job/BIOFORMATS-5.1-latest/lastSuccessfulBuild/artifact/artifacts//turbojpeg.jar [1294509/1294509] -> "turbojpeg.jar" [1]

--== plugins/bio-formats_plugins ==--

2016-09-14 16:40:40 URL:https://ci.openmicroscopy.org/job/BIOFORMATS-5.1-latest/lastSuccessfulBuild/artifact/artifacts//bio-formats_plugins.jar [241986/241986] -> "bio-formats_plugins.jar" [1]
No GUI detected.  Falling back to headless mode.
No GUI detected.  Falling back to headless mode.
Updating the index of available files (Updating from ImageJ site: http://up...
Updating from ImageJ site: http://update.imagej.net/ done
Updating from Fiji site: http://update.fiji.sc/ done
Updating from Bio-Formats site: http://sites.imagej.net/Bio-Formats/ done
................................................................................
.............[ERROR] Problem digesting /data/devel/jenkins/jobs/Bio-Formats-Fiji/workspace/Fiji.app/jars/bio-formats/formats-gpl.jar
...................................................................
................................................................................
................................................................................
................................................................................
................................................................................
................................................................................
...
Done: Checksummer

No GUI detected.  Falling back to headless mode.
No GUI detected.  Falling back to headless mode.
Updating the index of available files (Updating from ImageJ site: http://up...
Updating from ImageJ site: http://update.imagej.net/ done
Updating from Fiji site: http://update.fiji.sc/ done
Updating from Bio-Formats site: http://sites.imagej.net/Bio-Formats/ done
................................................................................
.............[ERROR] Problem digesting /data/devel/jenkins/jobs/Bio-Formats-Fiji/workspace/Fiji.app/jars/bio-formats/formats-gpl.jar
...................................................................
................................................................................
................................................................................
................................................................................
................................................................................
................................................................................
...
Done: Checksummer

[INFO] Uploading 0 (removing 1) to Bio-Formats (webdav:Bio-Formats:<password>:./)
Uploading (db.xml.gz) 
db.xml.gz done
Done: Uploading

No GUI detected.  Falling back to headless mode.
No GUI detected.  Falling back to headless mode.
Updating the index of available files (Updating from ImageJ site: http://up...
Updating from ImageJ site: http://update.imagej.net/ done
Updating from Fiji site: http://update.fiji.sc/ done
Updating from Bio-Formats site: http://sites.imagej.net/Bio-Formats/ done
................................................................................
.............[ERROR] Problem digesting /data/devel/jenkins/jobs/Bio-Formats-Fiji/workspace/Fiji.app/jars/bio-formats/formats-gpl.jar
...................................................................
................................................................................
................................................................................
................................................................................
................................................................................
................................................................................
...
Done: Checksummer

Build step 'Groovy Postbuild' changed build result to FAILURE
Build step 'Groovy Postbuild' marked build as failure


From jenkins at imagej.net  Wed Sep 14 16:45:49 2016
From: jenkins at imagej.net (jenkins at imagej.net)
Date: Wed, 14 Sep 2016 16:45:49 -0500 (CDT)
Subject: [ImageJ-builds] Build failed in Jenkins: Bio-Formats-Fiji #1071
In-Reply-To: <618583949.190.1473889251615.JavaMail.jenkins@dev>
References: <618583949.190.1473889251615.JavaMail.jenkins@dev>
Message-ID: <747094084.191.1473889549259.JavaMail.jenkins@dev>

See <http://jenkins.imagej.net/job/Bio-Formats-Fiji/1071/>

------------------------------------------
Started by user Curtis Rueden
Building on master in workspace <http://jenkins.imagej.net/job/Bio-Formats-Fiji/ws/>
Copied 2 artifacts from "Fiji" build number 943
[workspace] $ /bin/sh -xe /tmp/hudson5217387253891268076.sh
+ sh bin/upload-bf.sh
No GUI detected.  Falling back to headless mode.
No GUI detected.  Falling back to headless mode.
Updating the index of available files (Updating from ImageJ site: http://up...
Updating from ImageJ site: http://update.imagej.net/ done
Updating from Fiji site: http://update.fiji.sc/ done
Updating from Bio-Formats site: http://sites.imagej.net/Bio-Formats/ done
................................................................................
.............[ERROR] Problem digesting /data/devel/jenkins/jobs/Bio-Formats-Fiji/workspace/Fiji.app/jars/bio-formats/formats-gpl.jar
...................................................................
................................................................................
................................................................................
................................................................................
................................................................................
................................................................................
...
Done: Checksummer

[INFO] Deleting obsolete version /data/devel/jenkins/jobs/Bio-Formats-Fiji/workspace/Fiji.app/jars/bio-formats/formats-gpl.jar
Downloading... (jars/bio-formats/formats-gpl-5.1.10.jar) 
jars/bio-formats/formats-gpl-5.1.10.jar done
jars/bio-formats/formats-gpl-5.1.10.jar done
Done: Downloading...

Done: Downloading...


--== jars/bio-formats/formats-api ==--

2016-09-14 16:45:12 URL:https://ci.openmicroscopy.org/job/BIOFORMATS-DEV-latest/lastSuccessfulBuild/artifact/artifacts//formats-api.jar [149589/149589] -> "formats-api.jar" [1]

--== jars/bio-formats/formats-bsd ==--

2016-09-14 16:45:14 URL:https://ci.openmicroscopy.org/job/BIOFORMATS-DEV-latest/lastSuccessfulBuild/artifact/artifacts//formats-bsd.jar [681121/681121] -> "formats-bsd.jar" [1]

--== jars/bio-formats/formats-common ==--

2016-09-14 16:45:15 URL:https://ci.openmicroscopy.org/job/BIOFORMATS-DEV-latest/lastSuccessfulBuild/artifact/artifacts//formats-common.jar [120466/120466] -> "formats-common.jar" [1]

--== jars/bio-formats/formats-gpl ==--

2016-09-14 16:45:18 URL:https://ci.openmicroscopy.org/job/BIOFORMATS-DEV-latest/lastSuccessfulBuild/artifact/artifacts//formats-gpl.jar [1249926/1249926] -> "formats-gpl.jar" [1]

--== jars/bio-formats/jai_imageio ==--

2016-09-14 16:45:20 URL:https://ci.openmicroscopy.org/job/BIOFORMATS-DEV-latest/lastSuccessfulBuild/artifact/artifacts//jai_imageio.jar [1030296/1030296] -> "jai_imageio.jar" [1]

--== jars/bio-formats/mdbtools-java ==--

2016-09-14 16:45:22 URL:https://ci.openmicroscopy.org/job/BIOFORMATS-DEV-latest/lastSuccessfulBuild/artifact/artifacts//mdbtools-java.jar [86514/86514] -> "mdbtools-java.jar" [1]

--== jars/bio-formats/metakit ==--

2016-09-14 16:45:22 URL:https://ci.openmicroscopy.org/job/BIOFORMATS-DEV-latest/lastSuccessfulBuild/artifact/artifacts//metakit.jar [9290/9290] -> "metakit.jar" [1]

--== jars/bio-formats/ome-jxr ==--

2016-09-14 16:45:23 URL:https://ci.openmicroscopy.org/job/BIOFORMATS-DEV-latest/lastSuccessfulBuild/artifact/artifacts//ome-jxr.jar [36221/36221] -> "ome-jxr.jar" [1]

--== jars/bio-formats/ome-poi ==--

2016-09-14 16:45:25 URL:https://ci.openmicroscopy.org/job/BIOFORMATS-DEV-latest/lastSuccessfulBuild/artifact/artifacts//ome-poi.jar [932510/932510] -> "ome-poi.jar" [1]

--== jars/bio-formats/ome-xml ==--

2016-09-14 16:45:28 URL:https://ci.openmicroscopy.org/job/BIOFORMATS-DEV-latest/lastSuccessfulBuild/artifact/artifacts//ome-xml.jar [610303/610303] -> "ome-xml.jar" [1]

--== jars/bio-formats/specification ==--

2016-09-14 16:45:30 URL:https://ci.openmicroscopy.org/job/BIOFORMATS-DEV-latest/lastSuccessfulBuild/artifact/artifacts//specification.jar [649913/649913] -> "specification.jar" [1]

--== jars/bio-formats/turbojpeg ==--

2016-09-14 16:45:32 URL:https://ci.openmicroscopy.org/job/BIOFORMATS-DEV-latest/lastSuccessfulBuild/artifact/artifacts//turbojpeg.jar [1294483/1294483] -> "turbojpeg.jar" [1]

--== plugins/bio-formats_plugins ==--

2016-09-14 16:45:34 URL:https://ci.openmicroscopy.org/job/BIOFORMATS-DEV-latest/lastSuccessfulBuild/artifact/artifacts//bio-formats_plugins.jar [242888/242888] -> "bio-formats_plugins.jar" [1]
No GUI detected.  Falling back to headless mode.
No GUI detected.  Falling back to headless mode.
Updating the index of available files (Updating from ImageJ site: http://up...
Updating from ImageJ site: http://update.imagej.net/ done
Updating from Fiji site: http://update.fiji.sc/ done
Updating from Bio-Formats site: http://sites.imagej.net/Bio-Formats/ done
................................................................................
................................................................................
................................................................................
................................................................................
................................................................................
................................................................................
................................................................................
...
Done: Checksummer

No GUI detected.  Falling back to headless mode.
No GUI detected.  Falling back to headless mode.
Updating the index of available files (Updating from ImageJ site: http://up...
Updating from ImageJ site: http://update.imagej.net/ done
Updating from Fiji site: http://update.fiji.sc/ done
Updating from Bio-Formats site: http://sites.imagej.net/Bio-Formats/ done
................................................................................
................................................................................
................................................................................
................................................................................
................................................................................
................................................................................
................................................................................
...
Done: Checksummer

[INFO] Uploading 13 (removing 0) to Bio-Formats (webdav:Bio-Formats:<password>:./)
Uploading (db.xml.gz) 
db.xml.gz done
jars/bio-formats/formats-api.jar-20160914164545 done
jars/bio-formats/formats-bsd.jar-20160914164545 done
jars/bio-formats/formats-common.jar-20160914164545 done
jars/bio-formats/formats-gpl.jar-20160914164545 done
jars/bio-formats/jai_imageio.jar-20160914164545 done
jars/bio-formats/mdbtools-java.jar-20160914164545 done
jars/bio-formats/metakit.jar-20160914164545 done
jars/bio-formats/ome-poi.jar-20160914164545 done
jars/bio-formats/ome-xml.jar-20160914164545 done
jars/bio-formats/specification.jar-20160914164545 done
jars/bio-formats/turbojpeg.jar-20160914164545 done
Uploading (plugins/bio-formats_plugins.jar-20160914164545) 
plugins/bio-formats_plugins.jar-20160914164545 done
jars/bio-formats/ome-jxr.jar-20160914164545 done
Done: Uploading

No GUI detected.  Falling back to headless mode.
No GUI detected.  Falling back to headless mode.
Updating the index of available files (Updating from ImageJ site: http://up...
Updating from ImageJ site: http://update.imagej.net/ done
Updating from Fiji site: http://update.fiji.sc/ done
Updating from Bio-Formats site: http://sites.imagej.net/Bio-Formats/ done
................................................................................
................................................................................
................................................................................
................................................................................
................................................................................
................................................................................
................................................................................
...
Done: Checksummer

Build step 'Groovy Postbuild' changed build result to FAILURE
Build step 'Groovy Postbuild' marked build as failure


From jenkins at imagej.net  Wed Sep 14 17:06:02 2016
From: jenkins at imagej.net (jenkins at imagej.net)
Date: Wed, 14 Sep 2016 17:06:02 -0500 (CDT)
Subject: [ImageJ-builds] Build failed in Jenkins: ImageJ-OMERO #144
Message-ID: <115875993.192.1473890762587.JavaMail.jenkins@dev>

See <http://jenkins.imagej.net/job/ImageJ-OMERO/144/changes>

Changes:

[Curtis Rueden] POM: add Alison Walter to developers list

[Curtis Rueden] POM: bump pom-imagej parent to 16.4.2

------------------------------------------
Started by an SCM change
Building remotely on maven in workspace <http://jenkins.imagej.net/job/ImageJ-OMERO/ws/>
 > git rev-parse --is-inside-work-tree # timeout=10
Fetching changes from the remote Git repository
 > git config remote.origin.url git://github.com/imagej/imagej-omero # timeout=10
Fetching upstream changes from git://github.com/imagej/imagej-omero
 > git --version # timeout=10
 > git -c core.askpass=true fetch --tags --progress git://github.com/imagej/imagej-omero +refs/heads/master:refs/remotes/origin/master
 > git rev-parse origin/master^{commit} # timeout=10
Checking out Revision f48f5a7504084fb9ef3dc43e0bc53e63c307c3e5 (origin/master)
 > git config core.sparsecheckout # timeout=10
 > git checkout -f f48f5a7504084fb9ef3dc43e0bc53e63c307c3e5
 > git rev-list 7988327872c4c1dc89d5c098419d0eb5a2a1fae0 # timeout=10
 > git tag -a -f -m Jenkins Build #144 jenkins-ImageJ-OMERO-144 # timeout=10
[ImageJ-OMERO] $ /bin/sh -xe /tmp/hudson7841483157752763035.sh
+ git clean -dfx
Removing target/
[ImageJ-OMERO] $ mvn -U -Pdeploy-to-imagej clean deploy javadoc:javadoc
[INFO] Scanning for projects...
[INFO]                                                                         
[INFO] ------------------------------------------------------------------------
[INFO] Building ImageJ/OMERO interoperability 0.3.4-SNAPSHOT
[INFO] ------------------------------------------------------------------------
[INFO] 
[INFO] --- maven-clean-plugin:3.0.0:clean (default-clean) @ imagej-omero ---
[INFO] 
[INFO] --- maven-enforcer-plugin:1.4.1:enforce (enforce-rules) @ imagej-omero ---
[INFO] 
[INFO] --- build-helper-maven-plugin:1.12:regex-property (sanitize-version) @ imagej-omero ---
[INFO] 
[INFO] --- buildnumber-maven-plugin:1.4:create (default) @ imagej-omero ---
[INFO] Executing: /bin/sh -c cd '/data/devel/jenkins-maven/workspace/ImageJ-OMERO' && 'git' 'rev-parse' '--verify' 'HEAD'
[INFO] Working directory: /data/devel/jenkins-maven/workspace/ImageJ-OMERO
[INFO] Storing buildNumber: f48f5a7504084fb9ef3dc43e0bc53e63c307c3e5 at timestamp: 1473890760893
[WARNING] Cannot get the branch information from the git repository: 
Detecting the current branch failed: fatal: ref HEAD is not a symbolic ref

[INFO] Executing: /bin/sh -c cd '/data/devel/jenkins-maven/workspace/ImageJ-OMERO' && 'git' 'rev-parse' '--verify' 'HEAD'
[INFO] Working directory: /data/devel/jenkins-maven/workspace/ImageJ-OMERO
[INFO] Storing buildScmBranch: UNKNOWN
[INFO] 
[INFO] --- maven-resources-plugin:3.0.1:resources (default-resources) @ imagej-omero ---
[INFO] Using 'UTF-8' encoding to copy filtered resources.
[INFO] skip non existing resourceDirectory /data/devel/jenkins-maven/workspace/ImageJ-OMERO/src/main/resources
[INFO] 
[INFO] --- maven-compiler-plugin:3.5.1:compile (default-compile) @ imagej-omero ---
[INFO] Changes detected - recompiling the module!
[INFO] Compiling 13 source files to /data/devel/jenkins-maven/workspace/ImageJ-OMERO/target/classes
[INFO] ------------------------------------------------------------------------
[INFO] BUILD FAILURE
[INFO] ------------------------------------------------------------------------
[INFO] Total time: 6.290s
[INFO] Finished at: Wed Sep 14 17:06:02 CDT 2016
[INFO] Final Memory: 32M/450M
[INFO] ------------------------------------------------------------------------
[ERROR] Failed to execute goal org.apache.maven.plugins:maven-compiler-plugin:3.5.1:compile (default-compile) on project imagej-omero: Fatal error compiling: invalid target release: 1.8 -> [Help 1]
[ERROR] 
[ERROR] To see the full stack trace of the errors, re-run Maven with the -e switch.
[ERROR] Re-run Maven using the -X switch to enable full debug logging.
[ERROR] 
[ERROR] For more information about the errors and possible solutions, please read the following articles:
[ERROR] [Help 1] http://cwiki.apache.org/confluence/display/MAVEN/MojoExecutionException
Build step 'Invoke top-level Maven targets' marked build as failure
Archiving artifacts
Publishing Javadoc
Build step 'Groovy Postbuild' marked build as failure
Recording test results
ERROR: Step ‘Publish JUnit test result report’ failed: No test report files were found. Configuration error?



From jenkins at imagej.net  Wed Sep 14 17:15:02 2016
From: jenkins at imagej.net (jenkins at imagej.net)
Date: Wed, 14 Sep 2016 17:15:02 -0500 (CDT)
Subject: [ImageJ-builds] Jenkins build is back to normal : ImageJ-OMERO #145
In-Reply-To: <115875993.192.1473890762587.JavaMail.jenkins@dev>
References: <115875993.192.1473890762587.JavaMail.jenkins@dev>
Message-ID: <1625071590.193.1473891302850.JavaMail.jenkins@dev>

See <http://jenkins.imagej.net/job/ImageJ-OMERO/145/>



From jenkins at imagej.net  Wed Sep 14 20:26:34 2016
From: jenkins at imagej.net (jenkins at imagej.net)
Date: Wed, 14 Sep 2016 20:26:34 -0500 (CDT)
Subject: [ImageJ-builds] Jenkins build is back to normal : Bio-Formats-Fiji
	#1072
In-Reply-To: <747094084.191.1473889549259.JavaMail.jenkins@dev>
References: <747094084.191.1473889549259.JavaMail.jenkins@dev>
Message-ID: <1911936737.194.1473902794408.JavaMail.jenkins@dev>

See <http://jenkins.imagej.net/job/Bio-Formats-Fiji/1072/>



From jenkins at imagej.net  Mon Sep 19 15:04:05 2016
From: jenkins at imagej.net (jenkins at imagej.net)
Date: Mon, 19 Sep 2016 15:04:05 -0500 (CDT)
Subject: [ImageJ-builds] Build failed in Jenkins: cookbook #21
Message-ID: <1694246226.195.1474315445942.JavaMail.jenkins@dev>

See <http://jenkins.imagej.net/job/cookbook/21/changes>

Changes:

[Curtis Rueden] Nucleus_Counter: fix style

[Curtis Rueden] Move package: fiji.cookbook -> sc.fiji.cookbook

[Curtis Rueden] Add missing plugin dependencies

[Curtis Rueden] POM: update developers and contributors

[Curtis Rueden] POM: bump pom-fiji parent to 26.1.1

[Curtis Rueden] POM: add package prefix to JAR manifest

[Curtis Rueden] Add LICENSE file

------------------------------------------
Started by an SCM change
Building remotely on maven in workspace <http://jenkins.imagej.net/job/cookbook/ws/>
 > git rev-parse --is-inside-work-tree # timeout=10
Fetching changes from the remote Git repository
 > git config remote.origin.url git://github.com/fiji/cookbook # timeout=10
Fetching upstream changes from git://github.com/fiji/cookbook
 > git --version # timeout=10
 > git -c core.askpass=true fetch --tags --progress git://github.com/fiji/cookbook +refs/heads/*:refs/remotes/origin/*
 > git rev-parse origin/master^{commit} # timeout=10
Checking out Revision fa7df5fa321dbab620ac80ee1a591f687b24b935 (origin/master)
 > git config core.sparsecheckout # timeout=10
 > git checkout -f fa7df5fa321dbab620ac80ee1a591f687b24b935
 > git rev-list 6836a70a208e0b01e3b8d43c8cfc362591a1f209 # timeout=10
 > git tag -a -f -m Jenkins Build #21 jenkins-cookbook-21 # timeout=10
[cookbook] $ /bin/sh -xe /tmp/hudson605544291660473876.sh
+ git clean -dfx
Removing target/
[cookbook] $ /bin/sh -xe /tmp/hudson2883307064005850732.sh
+ mvn -U -Pdeploy-to-imagej clean deploy
[INFO] Scanning for projects...
[INFO]                                                                         
[INFO] ------------------------------------------------------------------------
[INFO] Building Fiji Cookbook 1.0.0-SNAPSHOT
[INFO] ------------------------------------------------------------------------
[INFO] 
[INFO] --- maven-clean-plugin:3.0.0:clean (default-clean) @ cookbook_ ---
[INFO] 
[INFO] --- maven-enforcer-plugin:1.4.1:enforce (enforce-rules) @ cookbook_ ---
[INFO] 
[INFO] --- build-helper-maven-plugin:1.12:regex-property (sanitize-version) @ cookbook_ ---
[INFO] 
[INFO] --- buildnumber-maven-plugin:1.4:create (default) @ cookbook_ ---
[INFO] Executing: /bin/sh -c cd '/data/devel/jenkins-maven/workspace/cookbook' && 'git' 'rev-parse' '--verify' 'HEAD'
[INFO] Working directory: /data/devel/jenkins-maven/workspace/cookbook
[INFO] Storing buildNumber: fa7df5fa321dbab620ac80ee1a591f687b24b935 at timestamp: 1474315445172
[WARNING] Cannot get the branch information from the git repository: 
Detecting the current branch failed: fatal: ref HEAD is not a symbolic ref

[INFO] Executing: /bin/sh -c cd '/data/devel/jenkins-maven/workspace/cookbook' && 'git' 'rev-parse' '--verify' 'HEAD'
[INFO] Working directory: /data/devel/jenkins-maven/workspace/cookbook
[INFO] Storing buildScmBranch: UNKNOWN
[INFO] 
[INFO] --- scijava-maven-plugin:0.5.1:set-rootdir (set-rootdir) @ cookbook_ ---
[INFO] Setting rootdir: /data/devel/jenkins-maven/workspace/cookbook
[INFO] 
[INFO] --- maven-resources-plugin:3.0.1:resources (default-resources) @ cookbook_ ---
[INFO] Using 'UTF-8' encoding to copy filtered resources.
[INFO] Copying 2 resources
[INFO] 
[INFO] --- maven-compiler-plugin:3.5.1:compile (default-compile) @ cookbook_ ---
[INFO] Changes detected - recompiling the module!
[INFO] Compiling 37 source files to /data/devel/jenkins-maven/workspace/cookbook/target/classes
[INFO] ------------------------------------------------------------------------
[INFO] BUILD FAILURE
[INFO] ------------------------------------------------------------------------
[INFO] Total time: 3.871s
[INFO] Finished at: Mon Sep 19 15:04:05 CDT 2016
[INFO] Final Memory: 17M/360M
[INFO] ------------------------------------------------------------------------
[ERROR] Failed to execute goal org.apache.maven.plugins:maven-compiler-plugin:3.5.1:compile (default-compile) on project cookbook_: Fatal error compiling: invalid target release: 1.8 -> [Help 1]
[ERROR] 
[ERROR] To see the full stack trace of the errors, re-run Maven with the -e switch.
[ERROR] Re-run Maven using the -X switch to enable full debug logging.
[ERROR] 
[ERROR] For more information about the errors and possible solutions, please read the following articles:
[ERROR] [Help 1] http://cwiki.apache.org/confluence/display/MAVEN/MojoExecutionException
Build step 'Execute shell' marked build as failure
Archiving artifacts


From jenkins at imagej.net  Mon Sep 19 15:06:45 2016
From: jenkins at imagej.net (jenkins at imagej.net)
Date: Mon, 19 Sep 2016 15:06:45 -0500 (CDT)
Subject: [ImageJ-builds] Build failed in Jenkins: cookbook #22
In-Reply-To: <1694246226.195.1474315445942.JavaMail.jenkins@dev>
References: <1694246226.195.1474315445942.JavaMail.jenkins@dev>
Message-ID: <717434677.196.1474315605167.JavaMail.jenkins@dev>

See <http://jenkins.imagej.net/job/cookbook/22/changes>

Changes:

[Curtis Rueden] Purge DOS line endings

[Curtis Rueden] Organize imports

------------------------------------------
Started by an SCM change
Building remotely on maven in workspace <http://jenkins.imagej.net/job/cookbook/ws/>
 > git rev-parse --is-inside-work-tree # timeout=10
Fetching changes from the remote Git repository
 > git config remote.origin.url git://github.com/fiji/cookbook # timeout=10
Fetching upstream changes from git://github.com/fiji/cookbook
 > git --version # timeout=10
 > git -c core.askpass=true fetch --tags --progress git://github.com/fiji/cookbook +refs/heads/*:refs/remotes/origin/*
 > git rev-parse origin/master^{commit} # timeout=10
Checking out Revision aa35f9b44aa4a8109965881fd20e9927904f5787 (origin/master)
 > git config core.sparsecheckout # timeout=10
 > git checkout -f aa35f9b44aa4a8109965881fd20e9927904f5787
 > git rev-list fa7df5fa321dbab620ac80ee1a591f687b24b935 # timeout=10
 > git tag -a -f -m Jenkins Build #22 jenkins-cookbook-22 # timeout=10
[cookbook] $ /bin/sh -xe /tmp/hudson2168802576109065898.sh
+ git clean -dfx
Removing target/
[cookbook] $ /bin/sh -xe /tmp/hudson2803082015216662006.sh
+ mvn -U -Pdeploy-to-imagej clean deploy
[INFO] Scanning for projects...
[INFO]                                                                         
[INFO] ------------------------------------------------------------------------
[INFO] Building Fiji Cookbook 1.0.0-SNAPSHOT
[INFO] ------------------------------------------------------------------------
[INFO] 
[INFO] --- maven-clean-plugin:3.0.0:clean (default-clean) @ cookbook_ ---
[INFO] 
[INFO] --- maven-enforcer-plugin:1.4.1:enforce (enforce-rules) @ cookbook_ ---
[INFO] 
[INFO] --- build-helper-maven-plugin:1.12:regex-property (sanitize-version) @ cookbook_ ---
[INFO] 
[INFO] --- buildnumber-maven-plugin:1.4:create (default) @ cookbook_ ---
[INFO] Executing: /bin/sh -c cd '/data/devel/jenkins-maven/workspace/cookbook' && 'git' 'rev-parse' '--verify' 'HEAD'
[INFO] Working directory: /data/devel/jenkins-maven/workspace/cookbook
[INFO] Storing buildNumber: aa35f9b44aa4a8109965881fd20e9927904f5787 at timestamp: 1474315604435
[WARNING] Cannot get the branch information from the git repository: 
Detecting the current branch failed: fatal: ref HEAD is not a symbolic ref

[INFO] Executing: /bin/sh -c cd '/data/devel/jenkins-maven/workspace/cookbook' && 'git' 'rev-parse' '--verify' 'HEAD'
[INFO] Working directory: /data/devel/jenkins-maven/workspace/cookbook
[INFO] Storing buildScmBranch: UNKNOWN
[INFO] 
[INFO] --- scijava-maven-plugin:0.5.1:set-rootdir (set-rootdir) @ cookbook_ ---
[INFO] Setting rootdir: /data/devel/jenkins-maven/workspace/cookbook
[INFO] 
[INFO] --- maven-resources-plugin:3.0.1:resources (default-resources) @ cookbook_ ---
[INFO] Using 'UTF-8' encoding to copy filtered resources.
[INFO] Copying 2 resources
[INFO] 
[INFO] --- maven-compiler-plugin:3.5.1:compile (default-compile) @ cookbook_ ---
[INFO] Changes detected - recompiling the module!
[INFO] Compiling 37 source files to /data/devel/jenkins-maven/workspace/cookbook/target/classes
[INFO] ------------------------------------------------------------------------
[INFO] BUILD FAILURE
[INFO] ------------------------------------------------------------------------
[INFO] Total time: 3.511s
[INFO] Finished at: Mon Sep 19 15:06:44 CDT 2016
[INFO] Final Memory: 17M/360M
[INFO] ------------------------------------------------------------------------
[ERROR] Failed to execute goal org.apache.maven.plugins:maven-compiler-plugin:3.5.1:compile (default-compile) on project cookbook_: Fatal error compiling: invalid target release: 1.8 -> [Help 1]
[ERROR] 
[ERROR] To see the full stack trace of the errors, re-run Maven with the -e switch.
[ERROR] Re-run Maven using the -X switch to enable full debug logging.
[ERROR] 
[ERROR] For more information about the errors and possible solutions, please read the following articles:
[ERROR] [Help 1] http://cwiki.apache.org/confluence/display/MAVEN/MojoExecutionException
Build step 'Execute shell' marked build as failure
Archiving artifacts


From jenkins at imagej.net  Mon Sep 19 15:10:00 2016
From: jenkins at imagej.net (jenkins at imagej.net)
Date: Mon, 19 Sep 2016 15:10:00 -0500 (CDT)
Subject: [ImageJ-builds] Build failed in Jenkins: cookbook #23
In-Reply-To: <717434677.196.1474315605167.JavaMail.jenkins@dev>
References: <717434677.196.1474315605167.JavaMail.jenkins@dev>
Message-ID: <50631484.197.1474315800113.JavaMail.jenkins@dev>

See <http://jenkins.imagej.net/job/cookbook/23/changes>

Changes:

[Curtis Rueden] Add missing @Override annotations

------------------------------------------
Started by an SCM change
Building remotely on maven in workspace <http://jenkins.imagej.net/job/cookbook/ws/>
 > git rev-parse --is-inside-work-tree # timeout=10
Fetching changes from the remote Git repository
 > git config remote.origin.url git://github.com/fiji/cookbook # timeout=10
Fetching upstream changes from git://github.com/fiji/cookbook
 > git --version # timeout=10
 > git -c core.askpass=true fetch --tags --progress git://github.com/fiji/cookbook +refs/heads/*:refs/remotes/origin/*
 > git rev-parse origin/master^{commit} # timeout=10
Checking out Revision 485a50df104e0db09fa7169b5e4ea79ab8f8e6fc (origin/master)
 > git config core.sparsecheckout # timeout=10
 > git checkout -f 485a50df104e0db09fa7169b5e4ea79ab8f8e6fc
 > git rev-list aa35f9b44aa4a8109965881fd20e9927904f5787 # timeout=10
 > git tag -a -f -m Jenkins Build #23 jenkins-cookbook-23 # timeout=10
[cookbook] $ /bin/sh -xe /tmp/hudson6882524623052719275.sh
+ git clean -dfx
Removing target/
[cookbook] $ /bin/sh -xe /tmp/hudson3448224712341680103.sh
+ mvn -U -Pdeploy-to-imagej clean deploy
[INFO] Scanning for projects...
[INFO]                                                                         
[INFO] ------------------------------------------------------------------------
[INFO] Building Fiji Cookbook 1.0.0-SNAPSHOT
[INFO] ------------------------------------------------------------------------
[INFO] 
[INFO] --- maven-clean-plugin:3.0.0:clean (default-clean) @ cookbook_ ---
[INFO] 
[INFO] --- maven-enforcer-plugin:1.4.1:enforce (enforce-rules) @ cookbook_ ---
[INFO] 
[INFO] --- build-helper-maven-plugin:1.12:regex-property (sanitize-version) @ cookbook_ ---
[INFO] 
[INFO] --- buildnumber-maven-plugin:1.4:create (default) @ cookbook_ ---
[INFO] Executing: /bin/sh -c cd '/data/devel/jenkins-maven/workspace/cookbook' && 'git' 'rev-parse' '--verify' 'HEAD'
[INFO] Working directory: /data/devel/jenkins-maven/workspace/cookbook
[INFO] Storing buildNumber: 485a50df104e0db09fa7169b5e4ea79ab8f8e6fc at timestamp: 1474315799381
[WARNING] Cannot get the branch information from the git repository: 
Detecting the current branch failed: fatal: ref HEAD is not a symbolic ref

[INFO] Executing: /bin/sh -c cd '/data/devel/jenkins-maven/workspace/cookbook' && 'git' 'rev-parse' '--verify' 'HEAD'
[INFO] Working directory: /data/devel/jenkins-maven/workspace/cookbook
[INFO] Storing buildScmBranch: UNKNOWN
[INFO] 
[INFO] --- scijava-maven-plugin:0.5.1:set-rootdir (set-rootdir) @ cookbook_ ---
[INFO] Setting rootdir: /data/devel/jenkins-maven/workspace/cookbook
[INFO] 
[INFO] --- maven-resources-plugin:3.0.1:resources (default-resources) @ cookbook_ ---
[INFO] Using 'UTF-8' encoding to copy filtered resources.
[INFO] Copying 2 resources
[INFO] 
[INFO] --- maven-compiler-plugin:3.5.1:compile (default-compile) @ cookbook_ ---
[INFO] Changes detected - recompiling the module!
[INFO] Compiling 37 source files to /data/devel/jenkins-maven/workspace/cookbook/target/classes
[INFO] ------------------------------------------------------------------------
[INFO] BUILD FAILURE
[INFO] ------------------------------------------------------------------------
[INFO] Total time: 3.539s
[INFO] Finished at: Mon Sep 19 15:09:59 CDT 2016
[INFO] Final Memory: 17M/360M
[INFO] ------------------------------------------------------------------------
[ERROR] Failed to execute goal org.apache.maven.plugins:maven-compiler-plugin:3.5.1:compile (default-compile) on project cookbook_: Fatal error compiling: invalid target release: 1.8 -> [Help 1]
[ERROR] 
[ERROR] To see the full stack trace of the errors, re-run Maven with the -e switch.
[ERROR] Re-run Maven using the -X switch to enable full debug logging.
[ERROR] 
[ERROR] For more information about the errors and possible solutions, please read the following articles:
[ERROR] [Help 1] http://cwiki.apache.org/confluence/display/MAVEN/MojoExecutionException
Build step 'Execute shell' marked build as failure
Archiving artifacts


From jenkins at imagej.net  Mon Sep 19 15:15:41 2016
From: jenkins at imagej.net (jenkins at imagej.net)
Date: Mon, 19 Sep 2016 15:15:41 -0500 (CDT)
Subject: [ImageJ-builds] Build failed in Jenkins: cookbook #24
In-Reply-To: <50631484.197.1474315800113.JavaMail.jenkins@dev>
References: <50631484.197.1474315800113.JavaMail.jenkins@dev>
Message-ID: <912671574.198.1474316141435.JavaMail.jenkins@dev>

See <http://jenkins.imagej.net/job/cookbook/24/changes>

Changes:

[Curtis Rueden] Fix javadoc errors

------------------------------------------
Started by an SCM change
Building remotely on maven in workspace <http://jenkins.imagej.net/job/cookbook/ws/>
 > git rev-parse --is-inside-work-tree # timeout=10
Fetching changes from the remote Git repository
 > git config remote.origin.url git://github.com/fiji/cookbook # timeout=10
Fetching upstream changes from git://github.com/fiji/cookbook
 > git --version # timeout=10
 > git -c core.askpass=true fetch --tags --progress git://github.com/fiji/cookbook +refs/heads/*:refs/remotes/origin/*
 > git rev-parse origin/master^{commit} # timeout=10
Checking out Revision ffb382ba39af336c19255b9c7e2f203a8c1f3dac (origin/master)
 > git config core.sparsecheckout # timeout=10
 > git checkout -f ffb382ba39af336c19255b9c7e2f203a8c1f3dac
 > git rev-list 485a50df104e0db09fa7169b5e4ea79ab8f8e6fc # timeout=10
 > git tag -a -f -m Jenkins Build #24 jenkins-cookbook-24 # timeout=10
[cookbook] $ /bin/sh -xe /tmp/hudson6877989545857096288.sh
+ git clean -dfx
Removing target/
[cookbook] $ /bin/sh -xe /tmp/hudson3663704751351431774.sh
+ mvn -U -Pdeploy-to-imagej clean deploy
[INFO] Scanning for projects...
[INFO]                                                                         
[INFO] ------------------------------------------------------------------------
[INFO] Building Fiji Cookbook 1.0.0-SNAPSHOT
[INFO] ------------------------------------------------------------------------
[INFO] 
[INFO] --- maven-clean-plugin:3.0.0:clean (default-clean) @ cookbook_ ---
[INFO] 
[INFO] --- maven-enforcer-plugin:1.4.1:enforce (enforce-rules) @ cookbook_ ---
[INFO] 
[INFO] --- build-helper-maven-plugin:1.12:regex-property (sanitize-version) @ cookbook_ ---
[INFO] 
[INFO] --- buildnumber-maven-plugin:1.4:create (default) @ cookbook_ ---
[INFO] Executing: /bin/sh -c cd '/data/devel/jenkins-maven/workspace/cookbook' && 'git' 'rev-parse' '--verify' 'HEAD'
[INFO] Working directory: /data/devel/jenkins-maven/workspace/cookbook
[INFO] Storing buildNumber: ffb382ba39af336c19255b9c7e2f203a8c1f3dac at timestamp: 1474316140711
[WARNING] Cannot get the branch information from the git repository: 
Detecting the current branch failed: fatal: ref HEAD is not a symbolic ref

[INFO] Executing: /bin/sh -c cd '/data/devel/jenkins-maven/workspace/cookbook' && 'git' 'rev-parse' '--verify' 'HEAD'
[INFO] Working directory: /data/devel/jenkins-maven/workspace/cookbook
[INFO] Storing buildScmBranch: UNKNOWN
[INFO] 
[INFO] --- scijava-maven-plugin:0.5.1:set-rootdir (set-rootdir) @ cookbook_ ---
[INFO] Setting rootdir: /data/devel/jenkins-maven/workspace/cookbook
[INFO] 
[INFO] --- maven-resources-plugin:3.0.1:resources (default-resources) @ cookbook_ ---
[INFO] Using 'UTF-8' encoding to copy filtered resources.
[INFO] Copying 2 resources
[INFO] 
[INFO] --- maven-compiler-plugin:3.5.1:compile (default-compile) @ cookbook_ ---
[INFO] Changes detected - recompiling the module!
[INFO] Compiling 37 source files to /data/devel/jenkins-maven/workspace/cookbook/target/classes
[INFO] ------------------------------------------------------------------------
[INFO] BUILD FAILURE
[INFO] ------------------------------------------------------------------------
[INFO] Total time: 3.525s
[INFO] Finished at: Mon Sep 19 15:15:41 CDT 2016
[INFO] Final Memory: 17M/360M
[INFO] ------------------------------------------------------------------------
[ERROR] Failed to execute goal org.apache.maven.plugins:maven-compiler-plugin:3.5.1:compile (default-compile) on project cookbook_: Fatal error compiling: invalid target release: 1.8 -> [Help 1]
[ERROR] 
[ERROR] To see the full stack trace of the errors, re-run Maven with the -e switch.
[ERROR] Re-run Maven using the -X switch to enable full debug logging.
[ERROR] 
[ERROR] For more information about the errors and possible solutions, please read the following articles:
[ERROR] [Help 1] http://cwiki.apache.org/confluence/display/MAVEN/MojoExecutionException
Build step 'Execute shell' marked build as failure
Archiving artifacts


From jenkins at imagej.net  Mon Sep 19 15:16:38 2016
From: jenkins at imagej.net (jenkins at imagej.net)
Date: Mon, 19 Sep 2016 15:16:38 -0500 (CDT)
Subject: [ImageJ-builds] Jenkins build is back to normal : cookbook #25
In-Reply-To: <912671574.198.1474316141435.JavaMail.jenkins@dev>
References: <912671574.198.1474316141435.JavaMail.jenkins@dev>
Message-ID: <370407785.199.1474316198120.JavaMail.jenkins@dev>

See <http://jenkins.imagej.net/job/cookbook/25/>



From jenkins at imagej.net  Fri Sep 23 12:51:28 2016
From: jenkins at imagej.net (jenkins at imagej.net)
Date: Fri, 23 Sep 2016 12:51:28 -0500 (CDT)
Subject: [ImageJ-builds] mail-watcher-plugin: Computer Windows marked online
Message-ID: <1497289664.203.1474653088302.JavaMail.jenkins@dev>

Initiator: SYSTEM
Url: http://jenkins.imagej.net/computer/Windows/




From jenkins at imagej.net  Fri Sep 23 12:51:48 2016
From: jenkins at imagej.net (jenkins at imagej.net)
Date: Fri, 23 Sep 2016 12:51:48 -0500 (CDT)
Subject: [ImageJ-builds] mail-watcher-plugin: Computer Windows marked offline
Message-ID: <818258319.204.1474653108166.JavaMail.jenkins@dev>

Initiator: unknown
Url: http://jenkins.imagej.net/computer/Windows/


Connection was broken: java.io.EOFException
	at org.jenkinsci.remoting.nio.NioChannelHub$3.run(NioChannelHub.java:614)
	at java.util.concurrent.Executors$RunnableAdapter.call(Executors.java:511)
	at java.util.concurrent.FutureTask.run(FutureTask.java:266)
	at hudson.remoting.SingleLaneExecutorService$1.run(SingleLaneExecutorService.java:112)
	at jenkins.util.ContextResettingExecutorService$1.run(ContextResettingExecutorService.java:28)
	at java.util.concurrent.Executors$RunnableAdapter.call(Executors.java:511)
	at java.util.concurrent.FutureTask.run(FutureTask.java:266)
	at java.util.concurrent.ThreadPoolExecutor.runWorker(ThreadPoolExecutor.java:1142)
	at java.util.concurrent.ThreadPoolExecutor$Worker.run(ThreadPoolExecutor.java:617)
	at java.lang.Thread.run(Thread.java:745)


From jenkins at imagej.net  Fri Sep 23 13:44:23 2016
From: jenkins at imagej.net (jenkins at imagej.net)
Date: Fri, 23 Sep 2016 13:44:23 -0500 (CDT)
Subject: [ImageJ-builds] mail-watcher-plugin: Computer Windows marked online
Message-ID: <742261279.205.1474656263468.JavaMail.jenkins@dev>

Initiator: SYSTEM
Url: http://jenkins.imagej.net/computer/Windows/




From jenkins at imagej.net  Fri Sep 23 13:44:48 2016
From: jenkins at imagej.net (jenkins at imagej.net)
Date: Fri, 23 Sep 2016 13:44:48 -0500 (CDT)
Subject: [ImageJ-builds] Build failed in Jenkins: SciJava-common-windows #889
Message-ID: <978613734.206.1474656288317.JavaMail.jenkins@dev>

See <http://jenkins.imagej.net/job/SciJava-common-windows/889/>

------------------------------------------
Started by upstream project "SciJava-common" build number 1080
originally caused by:
 Started by an SCM change
Building remotely on Windows (windows) in workspace <http://jenkins.imagej.net/job/SciJava-common-windows/ws/>
 > git rev-parse --is-inside-work-tree # timeout=10
ERROR: Workspace has a .git repository, but it appears to be corrupt.
hudson.plugins.git.GitException: Error performing command: git rev-parse --is-inside-work-tree
	at org.jenkinsci.plugins.gitclient.CliGitAPIImpl.launchCommandIn(CliGitAPIImpl.java:1726)
	at org.jenkinsci.plugins.gitclient.CliGitAPIImpl.launchCommandIn(CliGitAPIImpl.java:1695)
	at org.jenkinsci.plugins.gitclient.CliGitAPIImpl.launchCommandIn(CliGitAPIImpl.java:1691)
	at org.jenkinsci.plugins.gitclient.CliGitAPIImpl.launchCommand(CliGitAPIImpl.java:1321)
	at org.jenkinsci.plugins.gitclient.CliGitAPIImpl.launchCommand(CliGitAPIImpl.java:1333)
	at org.jenkinsci.plugins.gitclient.CliGitAPIImpl.hasGitRepo(CliGitAPIImpl.java:195)
	at hudson.plugins.git.GitAPI.hasGitRepo(GitAPI.java:232)
	at sun.reflect.NativeMethodAccessorImpl.invoke0(Native Method)
	at sun.reflect.NativeMethodAccessorImpl.invoke(Unknown Source)
	at sun.reflect.DelegatingMethodAccessorImpl.invoke(Unknown Source)
	at java.lang.reflect.Method.invoke(Unknown Source)
	at hudson.remoting.RemoteInvocationHandler$RPCRequest.perform(RemoteInvocationHandler.java:884)
	at hudson.remoting.RemoteInvocationHandler$RPCRequest.call(RemoteInvocationHandler.java:859)
	at hudson.remoting.RemoteInvocationHandler$RPCRequest.call(RemoteInvocationHandler.java:818)
	at hudson.remoting.UserRequest.perform(UserRequest.java:152)
	at hudson.remoting.UserRequest.perform(UserRequest.java:50)
	at hudson.remoting.Request$2.run(Request.java:332)
	at hudson.remoting.InterceptingExecutorService$1.call(InterceptingExecutorService.java:68)
	at java.util.concurrent.FutureTask.run(Unknown Source)
	at java.util.concurrent.ThreadPoolExecutor.runWorker(Unknown Source)
	at java.util.concurrent.ThreadPoolExecutor$Worker.run(Unknown Source)
	at hudson.remoting.Engine$1$1.run(Engine.java:85)
	at java.lang.Thread.run(Unknown Source)
Caused by: java.io.IOException: Cannot run program "git" (in directory "<http://jenkins.imagej.net/job/SciJava-common-windows/ws/")>: CreateProcess error=2, The system cannot find the file specified
	at java.lang.ProcessBuilder.start(Unknown Source)
	at hudson.Proc$LocalProc.<init>(Proc.java:240)
	at hudson.Proc$LocalProc.<init>(Proc.java:212)
	at hudson.Launcher$LocalLauncher.launch(Launcher.java:815)
	at hudson.Launcher$ProcStarter.start(Launcher.java:381)
	at org.jenkinsci.plugins.gitclient.CliGitAPIImpl.launchCommandIn(CliGitAPIImpl.java:1715)
	... 22 more
Caused by: java.io.IOException: CreateProcess error=2, The system cannot find the file specified
	at java.lang.ProcessImpl.create(Native Method)
	at java.lang.ProcessImpl.<init>(Unknown Source)
	at java.lang.ProcessImpl.start(Unknown Source)
	... 28 more
Cloning the remote Git repository
Cloning repository git://github.com/scijava/scijava-common
 > git init <http://jenkins.imagej.net/job/SciJava-common-windows/ws/> # timeout=10
ERROR: Error cloning remote repo 'origin'
hudson.plugins.git.GitException: Could not init <http://jenkins.imagej.net/job/SciJava-common-windows/ws/>
	at org.jenkinsci.plugins.gitclient.CliGitAPIImpl$5.execute(CliGitAPIImpl.java:656)
	at org.jenkinsci.plugins.gitclient.CliGitAPIImpl$2.execute(CliGitAPIImpl.java:463)
	at org.jenkinsci.plugins.gitclient.RemoteGitImpl$CommandInvocationHandler$1.call(RemoteGitImpl.java:152)
	at org.jenkinsci.plugins.gitclient.RemoteGitImpl$CommandInvocationHandler$1.call(RemoteGitImpl.java:145)
	at hudson.remoting.UserRequest.perform(UserRequest.java:152)
	at hudson.remoting.UserRequest.perform(UserRequest.java:50)
	at hudson.remoting.Request$2.run(Request.java:332)
	at hudson.remoting.InterceptingExecutorService$1.call(InterceptingExecutorService.java:68)
	at java.util.concurrent.FutureTask.run(Unknown Source)
	at java.util.concurrent.ThreadPoolExecutor.runWorker(Unknown Source)
	at java.util.concurrent.ThreadPoolExecutor$Worker.run(Unknown Source)
	at hudson.remoting.Engine$1$1.run(Engine.java:85)
	at java.lang.Thread.run(Unknown Source)
	at ......remote call to Windows(Native Method)
	at hudson.remoting.Channel.attachCallSiteStackTrace(Channel.java:1416)
	at hudson.remoting.UserResponse.retrieve(UserRequest.java:252)
	at hudson.remoting.Channel.call(Channel.java:781)
	at org.jenkinsci.plugins.gitclient.RemoteGitImpl$CommandInvocationHandler.execute(RemoteGitImpl.java:145)
	at sun.reflect.NativeMethodAccessorImpl.invoke0(Native Method)
	at sun.reflect.NativeMethodAccessorImpl.invoke(NativeMethodAccessorImpl.java:62)
	at sun.reflect.DelegatingMethodAccessorImpl.invoke(DelegatingMethodAccessorImpl.java:43)
	at java.lang.reflect.Method.invoke(Method.java:498)
	at org.jenkinsci.plugins.gitclient.RemoteGitImpl$CommandInvocationHandler.invoke(RemoteGitImpl.java:131)
	at com.sun.proxy.$Proxy86.execute(Unknown Source)
	at hudson.plugins.git.GitSCM.retrieveChanges(GitSCM.java:1057)
	at hudson.plugins.git.GitSCM.checkout(GitSCM.java:1097)
	at hudson.scm.SCM.checkout(SCM.java:485)
	at hudson.model.AbstractProject.checkout(AbstractProject.java:1269)
	at hudson.model.AbstractBuild$AbstractBuildExecution.defaultCheckout(AbstractBuild.java:604)
	at jenkins.scm.SCMCheckoutStrategy.checkout(SCMCheckoutStrategy.java:86)
	at hudson.model.AbstractBuild$AbstractBuildExecution.run(AbstractBuild.java:529)
	at hudson.model.Run.execute(Run.java:1741)
	at hudson.model.FreeStyleBuild.run(FreeStyleBuild.java:43)
	at hudson.model.ResourceController.execute(ResourceController.java:98)
	at hudson.model.Executor.run(Executor.java:410)
Caused by: hudson.plugins.git.GitException: Error performing command: git init <http://jenkins.imagej.net/job/SciJava-common-windows/ws/>
	at org.jenkinsci.plugins.gitclient.CliGitAPIImpl.launchCommandIn(CliGitAPIImpl.java:1726)
	at org.jenkinsci.plugins.gitclient.CliGitAPIImpl.launchCommandIn(CliGitAPIImpl.java:1695)
	at org.jenkinsci.plugins.gitclient.CliGitAPIImpl.launchCommandIn(CliGitAPIImpl.java:1691)
	at org.jenkinsci.plugins.gitclient.CliGitAPIImpl.launchCommand(CliGitAPIImpl.java:1321)
	at org.jenkinsci.plugins.gitclient.CliGitAPIImpl$5.execute(CliGitAPIImpl.java:654)
	at org.jenkinsci.plugins.gitclient.CliGitAPIImpl$2.execute(CliGitAPIImpl.java:463)
	at org.jenkinsci.plugins.gitclient.RemoteGitImpl$CommandInvocationHandler$1.call(RemoteGitImpl.java:152)
	at org.jenkinsci.plugins.gitclient.RemoteGitImpl$CommandInvocationHandler$1.call(RemoteGitImpl.java:145)
	at hudson.remoting.UserRequest.perform(UserRequest.java:152)
	at hudson.remoting.UserRequest.perform(UserRequest.java:50)
	at hudson.remoting.Request$2.run(Request.java:332)
	at hudson.remoting.InterceptingExecutorService$1.call(InterceptingExecutorService.java:68)
	at java.util.concurrent.FutureTask.run(Unknown Source)
	at java.util.concurrent.ThreadPoolExecutor.runWorker(Unknown Source)
	at java.util.concurrent.ThreadPoolExecutor$Worker.run(Unknown Source)
	at hudson.remoting.Engine$1$1.run(Engine.java:85)
	at java.lang.Thread.run(Unknown Source)
Caused by: java.io.IOException: Cannot run program "git" (in directory "<http://jenkins.imagej.net/job/SciJava-common-windows/ws/")>: CreateProcess error=2, The system cannot find the file specified
	at java.lang.ProcessBuilder.start(Unknown Source)
	at hudson.Proc$LocalProc.<init>(Proc.java:240)
	at hudson.Proc$LocalProc.<init>(Proc.java:212)
	at hudson.Launcher$LocalLauncher.launch(Launcher.java:815)
	at hudson.Launcher$ProcStarter.start(Launcher.java:381)
	at org.jenkinsci.plugins.gitclient.CliGitAPIImpl.launchCommandIn(CliGitAPIImpl.java:1715)
	... 16 more
Caused by: java.io.IOException: CreateProcess error=2, The system cannot find the file specified
	at java.lang.ProcessImpl.create(Native Method)
	at java.lang.ProcessImpl.<init>(Unknown Source)
	at java.lang.ProcessImpl.start(Unknown Source)
	... 22 more
ERROR: null
Archiving artifacts
Recording test results
ERROR: Step ‘Publish JUnit test result report’ failed: No test report files were found. Configuration error?



From jenkins at imagej.net  Fri Sep 23 13:58:53 2016
From: jenkins at imagej.net (jenkins at imagej.net)
Date: Fri, 23 Sep 2016 13:58:53 -0500 (CDT)
Subject: [ImageJ-builds] mail-watcher-plugin: Computer Windows marked offline
Message-ID: <1220920996.207.1474657133464.JavaMail.jenkins@dev>

Initiator: unknown
Url: http://jenkins.imagej.net/computer/Windows/


Connection was broken: java.io.EOFException
	at org.jenkinsci.remoting.nio.NioChannelHub$3.run(NioChannelHub.java:614)
	at java.util.concurrent.Executors$RunnableAdapter.call(Executors.java:511)
	at java.util.concurrent.FutureTask.run(FutureTask.java:266)
	at hudson.remoting.SingleLaneExecutorService$1.run(SingleLaneExecutorService.java:112)
	at jenkins.util.ContextResettingExecutorService$1.run(ContextResettingExecutorService.java:28)
	at java.util.concurrent.Executors$RunnableAdapter.call(Executors.java:511)
	at java.util.concurrent.FutureTask.run(FutureTask.java:266)
	at java.util.concurrent.ThreadPoolExecutor.runWorker(ThreadPoolExecutor.java:1142)
	at java.util.concurrent.ThreadPoolExecutor$Worker.run(ThreadPoolExecutor.java:617)
	at java.lang.Thread.run(Thread.java:745)


From jenkins at imagej.net  Fri Sep 23 14:01:40 2016
From: jenkins at imagej.net (jenkins at imagej.net)
Date: Fri, 23 Sep 2016 14:01:40 -0500 (CDT)
Subject: [ImageJ-builds] mail-watcher-plugin: Computer Windows marked online
Message-ID: <443875959.208.1474657300124.JavaMail.jenkins@dev>

Initiator: SYSTEM
Url: http://jenkins.imagej.net/computer/Windows/




From jenkins at imagej.net  Fri Sep 23 14:08:20 2016
From: jenkins at imagej.net (jenkins at imagej.net)
Date: Fri, 23 Sep 2016 14:08:20 -0500 (CDT)
Subject: [ImageJ-builds] Build failed in Jenkins: SciJava-common-windows #890
In-Reply-To: <978613734.206.1474656288317.JavaMail.jenkins@dev>
References: <978613734.206.1474656288317.JavaMail.jenkins@dev>
Message-ID: <858844462.209.1474657700303.JavaMail.jenkins@dev>

See <http://jenkins.imagej.net/job/SciJava-common-windows/890/>

------------------------------------------
Started by user Alec Neevel
Building remotely on Windows (windows) in workspace <http://jenkins.imagej.net/job/SciJava-common-windows/ws/>
Cloning the remote Git repository
Cloning repository git://github.com/scijava/scijava-common
 > git init <http://jenkins.imagej.net/job/SciJava-common-windows/ws/> # timeout=10
ERROR: Error cloning remote repo 'origin'
hudson.plugins.git.GitException: Could not init <http://jenkins.imagej.net/job/SciJava-common-windows/ws/>
	at org.jenkinsci.plugins.gitclient.CliGitAPIImpl$5.execute(CliGitAPIImpl.java:656)
	at org.jenkinsci.plugins.gitclient.CliGitAPIImpl$2.execute(CliGitAPIImpl.java:463)
	at org.jenkinsci.plugins.gitclient.RemoteGitImpl$CommandInvocationHandler$1.call(RemoteGitImpl.java:152)
	at org.jenkinsci.plugins.gitclient.RemoteGitImpl$CommandInvocationHandler$1.call(RemoteGitImpl.java:145)
	at hudson.remoting.UserRequest.perform(UserRequest.java:152)
	at hudson.remoting.UserRequest.perform(UserRequest.java:50)
	at hudson.remoting.Request$2.run(Request.java:332)
	at hudson.remoting.InterceptingExecutorService$1.call(InterceptingExecutorService.java:68)
	at java.util.concurrent.FutureTask.run(Unknown Source)
	at java.util.concurrent.ThreadPoolExecutor.runWorker(Unknown Source)
	at java.util.concurrent.ThreadPoolExecutor$Worker.run(Unknown Source)
	at hudson.remoting.Engine$1$1.run(Engine.java:85)
	at java.lang.Thread.run(Unknown Source)
	at ......remote call to Windows(Native Method)
	at hudson.remoting.Channel.attachCallSiteStackTrace(Channel.java:1416)
	at hudson.remoting.UserResponse.retrieve(UserRequest.java:252)
	at hudson.remoting.Channel.call(Channel.java:781)
	at org.jenkinsci.plugins.gitclient.RemoteGitImpl$CommandInvocationHandler.execute(RemoteGitImpl.java:145)
	at sun.reflect.NativeMethodAccessorImpl.invoke0(Native Method)
	at sun.reflect.NativeMethodAccessorImpl.invoke(NativeMethodAccessorImpl.java:62)
	at sun.reflect.DelegatingMethodAccessorImpl.invoke(DelegatingMethodAccessorImpl.java:43)
	at java.lang.reflect.Method.invoke(Method.java:498)
	at org.jenkinsci.plugins.gitclient.RemoteGitImpl$CommandInvocationHandler.invoke(RemoteGitImpl.java:131)
	at com.sun.proxy.$Proxy86.execute(Unknown Source)
	at hudson.plugins.git.GitSCM.retrieveChanges(GitSCM.java:1057)
	at hudson.plugins.git.GitSCM.checkout(GitSCM.java:1097)
	at hudson.scm.SCM.checkout(SCM.java:485)
	at hudson.model.AbstractProject.checkout(AbstractProject.java:1269)
	at hudson.model.AbstractBuild$AbstractBuildExecution.defaultCheckout(AbstractBuild.java:604)
	at jenkins.scm.SCMCheckoutStrategy.checkout(SCMCheckoutStrategy.java:86)
	at hudson.model.AbstractBuild$AbstractBuildExecution.run(AbstractBuild.java:529)
	at hudson.model.Run.execute(Run.java:1741)
	at hudson.model.FreeStyleBuild.run(FreeStyleBuild.java:43)
	at hudson.model.ResourceController.execute(ResourceController.java:98)
	at hudson.model.Executor.run(Executor.java:410)
Caused by: hudson.plugins.git.GitException: Error performing command: git init <http://jenkins.imagej.net/job/SciJava-common-windows/ws/>
	at org.jenkinsci.plugins.gitclient.CliGitAPIImpl.launchCommandIn(CliGitAPIImpl.java:1726)
	at org.jenkinsci.plugins.gitclient.CliGitAPIImpl.launchCommandIn(CliGitAPIImpl.java:1695)
	at org.jenkinsci.plugins.gitclient.CliGitAPIImpl.launchCommandIn(CliGitAPIImpl.java:1691)
	at org.jenkinsci.plugins.gitclient.CliGitAPIImpl.launchCommand(CliGitAPIImpl.java:1321)
	at org.jenkinsci.plugins.gitclient.CliGitAPIImpl$5.execute(CliGitAPIImpl.java:654)
	at org.jenkinsci.plugins.gitclient.CliGitAPIImpl$2.execute(CliGitAPIImpl.java:463)
	at org.jenkinsci.plugins.gitclient.RemoteGitImpl$CommandInvocationHandler$1.call(RemoteGitImpl.java:152)
	at org.jenkinsci.plugins.gitclient.RemoteGitImpl$CommandInvocationHandler$1.call(RemoteGitImpl.java:145)
	at hudson.remoting.UserRequest.perform(UserRequest.java:152)
	at hudson.remoting.UserRequest.perform(UserRequest.java:50)
	at hudson.remoting.Request$2.run(Request.java:332)
	at hudson.remoting.InterceptingExecutorService$1.call(InterceptingExecutorService.java:68)
	at java.util.concurrent.FutureTask.run(Unknown Source)
	at java.util.concurrent.ThreadPoolExecutor.runWorker(Unknown Source)
	at java.util.concurrent.ThreadPoolExecutor$Worker.run(Unknown Source)
	at hudson.remoting.Engine$1$1.run(Engine.java:85)
	at java.lang.Thread.run(Unknown Source)
Caused by: java.io.IOException: Cannot run program "git" (in directory "<http://jenkins.imagej.net/job/SciJava-common-windows/ws/")>: CreateProcess error=2, The system cannot find the file specified
	at java.lang.ProcessBuilder.start(Unknown Source)
	at hudson.Proc$LocalProc.<init>(Proc.java:240)
	at hudson.Proc$LocalProc.<init>(Proc.java:212)
	at hudson.Launcher$LocalLauncher.launch(Launcher.java:815)
	at hudson.Launcher$ProcStarter.start(Launcher.java:381)
	at org.jenkinsci.plugins.gitclient.CliGitAPIImpl.launchCommandIn(CliGitAPIImpl.java:1715)
	... 16 more
Caused by: java.io.IOException: CreateProcess error=2, The system cannot find the file specified
	at java.lang.ProcessImpl.create(Native Method)
	at java.lang.ProcessImpl.<init>(Unknown Source)
	at java.lang.ProcessImpl.start(Unknown Source)
	... 22 more
ERROR: null
Archiving artifacts
Recording test results
ERROR: Step ‘Publish JUnit test result report’ failed: No test report files were found. Configuration error?



From jenkins at imagej.net  Fri Sep 23 21:45:34 2016
From: jenkins at imagej.net (jenkins at imagej.net)
Date: Fri, 23 Sep 2016 21:45:34 -0500 (CDT)
Subject: [ImageJ-builds] Build failed in Jenkins: H5J_Loader_Plugin #25
Message-ID: <916026518.210.1474685134156.JavaMail.jenkins@dev>

See <http://jenkins.imagej.net/job/H5J_Loader_Plugin/25/>

------------------------------------------
Started by user Curtis Rueden
Building remotely on Windows (windows) in workspace <http://jenkins.imagej.net/job/H5J_Loader_Plugin/ws/>
Cloning the remote Git repository
Cloning repository git://github.com/fiji/H5J_Loader_Plugin
 > git init <http://jenkins.imagej.net/job/H5J_Loader_Plugin/ws/> # timeout=10
ERROR: Error cloning remote repo 'origin'
hudson.plugins.git.GitException: Could not init <http://jenkins.imagej.net/job/H5J_Loader_Plugin/ws/>
	at org.jenkinsci.plugins.gitclient.CliGitAPIImpl$5.execute(CliGitAPIImpl.java:656)
	at org.jenkinsci.plugins.gitclient.CliGitAPIImpl$2.execute(CliGitAPIImpl.java:463)
	at org.jenkinsci.plugins.gitclient.RemoteGitImpl$CommandInvocationHandler$1.call(RemoteGitImpl.java:152)
	at org.jenkinsci.plugins.gitclient.RemoteGitImpl$CommandInvocationHandler$1.call(RemoteGitImpl.java:145)
	at hudson.remoting.UserRequest.perform(UserRequest.java:152)
	at hudson.remoting.UserRequest.perform(UserRequest.java:50)
	at hudson.remoting.Request$2.run(Request.java:332)
	at hudson.remoting.InterceptingExecutorService$1.call(InterceptingExecutorService.java:68)
	at java.util.concurrent.FutureTask.run(Unknown Source)
	at java.util.concurrent.ThreadPoolExecutor.runWorker(Unknown Source)
	at java.util.concurrent.ThreadPoolExecutor$Worker.run(Unknown Source)
	at hudson.remoting.Engine$1$1.run(Engine.java:85)
	at java.lang.Thread.run(Unknown Source)
	at ......remote call to Windows(Native Method)
	at hudson.remoting.Channel.attachCallSiteStackTrace(Channel.java:1416)
	at hudson.remoting.UserResponse.retrieve(UserRequest.java:252)
	at hudson.remoting.Channel.call(Channel.java:781)
	at org.jenkinsci.plugins.gitclient.RemoteGitImpl$CommandInvocationHandler.execute(RemoteGitImpl.java:145)
	at sun.reflect.GeneratedMethodAccessor7543.invoke(Unknown Source)
	at sun.reflect.DelegatingMethodAccessorImpl.invoke(DelegatingMethodAccessorImpl.java:43)
	at java.lang.reflect.Method.invoke(Method.java:498)
	at org.jenkinsci.plugins.gitclient.RemoteGitImpl$CommandInvocationHandler.invoke(RemoteGitImpl.java:131)
	at com.sun.proxy.$Proxy86.execute(Unknown Source)
	at hudson.plugins.git.GitSCM.retrieveChanges(GitSCM.java:1057)
	at hudson.plugins.git.GitSCM.checkout(GitSCM.java:1097)
	at hudson.scm.SCM.checkout(SCM.java:485)
	at hudson.model.AbstractProject.checkout(AbstractProject.java:1269)
	at hudson.model.AbstractBuild$AbstractBuildExecution.defaultCheckout(AbstractBuild.java:604)
	at jenkins.scm.SCMCheckoutStrategy.checkout(SCMCheckoutStrategy.java:86)
	at hudson.model.AbstractBuild$AbstractBuildExecution.run(AbstractBuild.java:529)
	at hudson.model.Run.execute(Run.java:1741)
	at hudson.model.FreeStyleBuild.run(FreeStyleBuild.java:43)
	at hudson.model.ResourceController.execute(ResourceController.java:98)
	at hudson.model.Executor.run(Executor.java:410)
Caused by: hudson.plugins.git.GitException: Error performing command: git init <http://jenkins.imagej.net/job/H5J_Loader_Plugin/ws/>
	at org.jenkinsci.plugins.gitclient.CliGitAPIImpl.launchCommandIn(CliGitAPIImpl.java:1726)
	at org.jenkinsci.plugins.gitclient.CliGitAPIImpl.launchCommandIn(CliGitAPIImpl.java:1695)
	at org.jenkinsci.plugins.gitclient.CliGitAPIImpl.launchCommandIn(CliGitAPIImpl.java:1691)
	at org.jenkinsci.plugins.gitclient.CliGitAPIImpl.launchCommand(CliGitAPIImpl.java:1321)
	at org.jenkinsci.plugins.gitclient.CliGitAPIImpl$5.execute(CliGitAPIImpl.java:654)
	at org.jenkinsci.plugins.gitclient.CliGitAPIImpl$2.execute(CliGitAPIImpl.java:463)
	at org.jenkinsci.plugins.gitclient.RemoteGitImpl$CommandInvocationHandler$1.call(RemoteGitImpl.java:152)
	at org.jenkinsci.plugins.gitclient.RemoteGitImpl$CommandInvocationHandler$1.call(RemoteGitImpl.java:145)
	at hudson.remoting.UserRequest.perform(UserRequest.java:152)
	at hudson.remoting.UserRequest.perform(UserRequest.java:50)
	at hudson.remoting.Request$2.run(Request.java:332)
	at hudson.remoting.InterceptingExecutorService$1.call(InterceptingExecutorService.java:68)
	at java.util.concurrent.FutureTask.run(Unknown Source)
	at java.util.concurrent.ThreadPoolExecutor.runWorker(Unknown Source)
	at java.util.concurrent.ThreadPoolExecutor$Worker.run(Unknown Source)
	at hudson.remoting.Engine$1$1.run(Engine.java:85)
	at java.lang.Thread.run(Unknown Source)
Caused by: java.io.IOException: Cannot run program "git" (in directory "<http://jenkins.imagej.net/job/H5J_Loader_Plugin/ws/")>: CreateProcess error=2, The system cannot find the file specified
	at java.lang.ProcessBuilder.start(Unknown Source)
	at hudson.Proc$LocalProc.<init>(Proc.java:240)
	at hudson.Proc$LocalProc.<init>(Proc.java:212)
	at hudson.Launcher$LocalLauncher.launch(Launcher.java:815)
	at hudson.Launcher$ProcStarter.start(Launcher.java:381)
	at org.jenkinsci.plugins.gitclient.CliGitAPIImpl.launchCommandIn(CliGitAPIImpl.java:1715)
	... 16 more
Caused by: java.io.IOException: CreateProcess error=2, The system cannot find the file specified
	at java.lang.ProcessImpl.create(Native Method)
	at java.lang.ProcessImpl.<init>(Unknown Source)
	at java.lang.ProcessImpl.start(Unknown Source)
	... 22 more
ERROR: null
Archiving artifacts


From jenkins at imagej.net  Wed Sep 28 15:43:44 2016
From: jenkins at imagej.net (jenkins at imagej.net)
Date: Wed, 28 Sep 2016 15:43:44 -0500 (CDT)
Subject: [ImageJ-builds] Build failed in Jenkins: H5J_Loader_Plugin #26
In-Reply-To: <916026518.210.1474685134156.JavaMail.jenkins@dev>
References: <916026518.210.1474685134156.JavaMail.jenkins@dev>
Message-ID: <470653520.213.1475095424544.JavaMail.jenkins@dev>

See <http://jenkins.imagej.net/job/H5J_Loader_Plugin/26/>

------------------------------------------
Started by user Curtis Rueden
Building remotely on Windows (windows) in workspace <http://jenkins.imagej.net/job/H5J_Loader_Plugin/ws/>
Cloning the remote Git repository
Cloning repository git://github.com/fiji/H5J_Loader_Plugin
 > git init <http://jenkins.imagej.net/job/H5J_Loader_Plugin/ws/> # timeout=10
ERROR: Error cloning remote repo 'origin'
hudson.plugins.git.GitException: Could not init <http://jenkins.imagej.net/job/H5J_Loader_Plugin/ws/>
	at org.jenkinsci.plugins.gitclient.CliGitAPIImpl$5.execute(CliGitAPIImpl.java:656)
	at org.jenkinsci.plugins.gitclient.CliGitAPIImpl$2.execute(CliGitAPIImpl.java:463)
	at org.jenkinsci.plugins.gitclient.RemoteGitImpl$CommandInvocationHandler$1.call(RemoteGitImpl.java:152)
	at org.jenkinsci.plugins.gitclient.RemoteGitImpl$CommandInvocationHandler$1.call(RemoteGitImpl.java:145)
	at hudson.remoting.UserRequest.perform(UserRequest.java:152)
	at hudson.remoting.UserRequest.perform(UserRequest.java:50)
	at hudson.remoting.Request$2.run(Request.java:332)
	at hudson.remoting.InterceptingExecutorService$1.call(InterceptingExecutorService.java:68)
	at java.util.concurrent.FutureTask.run(Unknown Source)
	at java.util.concurrent.ThreadPoolExecutor.runWorker(Unknown Source)
	at java.util.concurrent.ThreadPoolExecutor$Worker.run(Unknown Source)
	at hudson.remoting.Engine$1$1.run(Engine.java:85)
	at java.lang.Thread.run(Unknown Source)
	at ......remote call to Windows(Native Method)
	at hudson.remoting.Channel.attachCallSiteStackTrace(Channel.java:1416)
	at hudson.remoting.UserResponse.retrieve(UserRequest.java:252)
	at hudson.remoting.Channel.call(Channel.java:781)
	at org.jenkinsci.plugins.gitclient.RemoteGitImpl$CommandInvocationHandler.execute(RemoteGitImpl.java:145)
	at sun.reflect.GeneratedMethodAccessor7543.invoke(Unknown Source)
	at sun.reflect.DelegatingMethodAccessorImpl.invoke(DelegatingMethodAccessorImpl.java:43)
	at java.lang.reflect.Method.invoke(Method.java:498)
	at org.jenkinsci.plugins.gitclient.RemoteGitImpl$CommandInvocationHandler.invoke(RemoteGitImpl.java:131)
	at com.sun.proxy.$Proxy86.execute(Unknown Source)
	at hudson.plugins.git.GitSCM.retrieveChanges(GitSCM.java:1057)
	at hudson.plugins.git.GitSCM.checkout(GitSCM.java:1097)
	at hudson.scm.SCM.checkout(SCM.java:485)
	at hudson.model.AbstractProject.checkout(AbstractProject.java:1269)
	at hudson.model.AbstractBuild$AbstractBuildExecution.defaultCheckout(AbstractBuild.java:604)
	at jenkins.scm.SCMCheckoutStrategy.checkout(SCMCheckoutStrategy.java:86)
	at hudson.model.AbstractBuild$AbstractBuildExecution.run(AbstractBuild.java:529)
	at hudson.model.Run.execute(Run.java:1741)
	at hudson.model.FreeStyleBuild.run(FreeStyleBuild.java:43)
	at hudson.model.ResourceController.execute(ResourceController.java:98)
	at hudson.model.Executor.run(Executor.java:410)
Caused by: hudson.plugins.git.GitException: Error performing command: git init <http://jenkins.imagej.net/job/H5J_Loader_Plugin/ws/>
	at org.jenkinsci.plugins.gitclient.CliGitAPIImpl.launchCommandIn(CliGitAPIImpl.java:1726)
	at org.jenkinsci.plugins.gitclient.CliGitAPIImpl.launchCommandIn(CliGitAPIImpl.java:1695)
	at org.jenkinsci.plugins.gitclient.CliGitAPIImpl.launchCommandIn(CliGitAPIImpl.java:1691)
	at org.jenkinsci.plugins.gitclient.CliGitAPIImpl.launchCommand(CliGitAPIImpl.java:1321)
	at org.jenkinsci.plugins.gitclient.CliGitAPIImpl$5.execute(CliGitAPIImpl.java:654)
	at org.jenkinsci.plugins.gitclient.CliGitAPIImpl$2.execute(CliGitAPIImpl.java:463)
	at org.jenkinsci.plugins.gitclient.RemoteGitImpl$CommandInvocationHandler$1.call(RemoteGitImpl.java:152)
	at org.jenkinsci.plugins.gitclient.RemoteGitImpl$CommandInvocationHandler$1.call(RemoteGitImpl.java:145)
	at hudson.remoting.UserRequest.perform(UserRequest.java:152)
	at hudson.remoting.UserRequest.perform(UserRequest.java:50)
	at hudson.remoting.Request$2.run(Request.java:332)
	at hudson.remoting.InterceptingExecutorService$1.call(InterceptingExecutorService.java:68)
	at java.util.concurrent.FutureTask.run(Unknown Source)
	at java.util.concurrent.ThreadPoolExecutor.runWorker(Unknown Source)
	at java.util.concurrent.ThreadPoolExecutor$Worker.run(Unknown Source)
	at hudson.remoting.Engine$1$1.run(Engine.java:85)
	at java.lang.Thread.run(Unknown Source)
Caused by: java.io.IOException: Cannot run program "git" (in directory "<http://jenkins.imagej.net/job/H5J_Loader_Plugin/ws/")>: CreateProcess error=2, The system cannot find the file specified
	at java.lang.ProcessBuilder.start(Unknown Source)
	at hudson.Proc$LocalProc.<init>(Proc.java:240)
	at hudson.Proc$LocalProc.<init>(Proc.java:212)
	at hudson.Launcher$LocalLauncher.launch(Launcher.java:815)
	at hudson.Launcher$ProcStarter.start(Launcher.java:381)
	at org.jenkinsci.plugins.gitclient.CliGitAPIImpl.launchCommandIn(CliGitAPIImpl.java:1715)
	... 16 more
Caused by: java.io.IOException: CreateProcess error=2, The system cannot find the file specified
	at java.lang.ProcessImpl.create(Native Method)
	at java.lang.ProcessImpl.<init>(Unknown Source)
	at java.lang.ProcessImpl.start(Unknown Source)
	... 22 more
ERROR: null
Archiving artifacts


From jenkins at imagej.net  Fri Sep 30 09:40:58 2016
From: jenkins at imagej.net (jenkins at imagej.net)
Date: Fri, 30 Sep 2016 09:40:58 -0500 (CDT)
Subject: [ImageJ-builds] mail-watcher-plugin: Computer Windows marked offline
Message-ID: <1424177684.214.1475246458929.JavaMail.jenkins@dev>

Initiator: unknown
Url: http://jenkins.imagej.net/computer/Windows/


Connection was broken: java.io.EOFException
	at org.jenkinsci.remoting.nio.NioChannelHub$3.run(NioChannelHub.java:614)
	at java.util.concurrent.Executors$RunnableAdapter.call(Executors.java:511)
	at java.util.concurrent.FutureTask.run(FutureTask.java:266)
	at hudson.remoting.SingleLaneExecutorService$1.run(SingleLaneExecutorService.java:112)
	at jenkins.util.ContextResettingExecutorService$1.run(ContextResettingExecutorService.java:28)
	at java.util.concurrent.Executors$RunnableAdapter.call(Executors.java:511)
	at java.util.concurrent.FutureTask.run(FutureTask.java:266)
	at java.util.concurrent.ThreadPoolExecutor.runWorker(ThreadPoolExecutor.java:1142)
	at java.util.concurrent.ThreadPoolExecutor$Worker.run(ThreadPoolExecutor.java:617)
	at java.lang.Thread.run(Thread.java:745)


From jenkins at imagej.net  Fri Sep 30 13:26:58 2016
From: jenkins at imagej.net (jenkins at imagej.net)
Date: Fri, 30 Sep 2016 13:26:58 -0500 (CDT)
Subject: [ImageJ-builds] mail-watcher-plugin: Computer Windows marked online
Message-ID: <2114535231.215.1475260018893.JavaMail.jenkins@dev>

Initiator: SYSTEM
Url: http://jenkins.imagej.net/computer/Windows/




From jenkins at imagej.net  Fri Sep 30 13:27:03 2016
From: jenkins at imagej.net (jenkins at imagej.net)
Date: Fri, 30 Sep 2016 13:27:03 -0500 (CDT)
Subject: [ImageJ-builds] mail-watcher-plugin: Computer Windows marked offline
Message-ID: <1730595417.216.1475260023160.JavaMail.jenkins@dev>

Initiator: unknown
Url: http://jenkins.imagej.net/computer/Windows/


Time out for last 5 try


From jenkins at imagej.net  Fri Sep 30 13:27:36 2016
From: jenkins at imagej.net (jenkins at imagej.net)
Date: Fri, 30 Sep 2016 13:27:36 -0500 (CDT)
Subject: [ImageJ-builds] mail-watcher-plugin: Computer Windows marked online
Message-ID: <515885344.217.1475260056889.JavaMail.jenkins@dev>

Initiator: SYSTEM
Url: http://jenkins.imagej.net/computer/Windows/




From jenkins at imagej.net  Fri Sep 30 13:38:34 2016
From: jenkins at imagej.net (jenkins at imagej.net)
Date: Fri, 30 Sep 2016 13:38:34 -0500 (CDT)
Subject: [ImageJ-builds] mail-watcher-plugin: Computer Windows marked
	temporarily offline
Message-ID: <1481343525.218.1475260714309.JavaMail.jenkins@dev>

Initiator: alecneevel
Url: http://jenkins.imagej.net/computer/Windows/


Disk space is too low. Only 0.704GB left on C:\msysgit.


From jenkins at imagej.net  Fri Sep 30 13:38:45 2016
From: jenkins at imagej.net (jenkins at imagej.net)
Date: Fri, 30 Sep 2016 13:38:45 -0500 (CDT)
Subject: [ImageJ-builds] mail-watcher-plugin: Computer Windows marked online
 (was temporarily offline)
Message-ID: <471342021.219.1475260725386.JavaMail.jenkins@dev>

Initiator: alecneevel
Url: http://jenkins.imagej.net/computer/Windows/




From jenkins at imagej.net  Fri Sep 30 13:41:54 2016
From: jenkins at imagej.net (jenkins at imagej.net)
Date: Fri, 30 Sep 2016 13:41:54 -0500 (CDT)
Subject: [ImageJ-builds] Build failed in Jenkins: H5J_Loader_Plugin #27
In-Reply-To: <470653520.213.1475095424544.JavaMail.jenkins@dev>
References: <470653520.213.1475095424544.JavaMail.jenkins@dev>
Message-ID: <401295117.220.1475260914663.JavaMail.jenkins@dev>

See <http://jenkins.imagej.net/job/H5J_Loader_Plugin/27/>

------------------------------------------
Started by user Alec Neevel
Building remotely on Windows (windows) in workspace <http://jenkins.imagej.net/job/H5J_Loader_Plugin/ws/>
Cloning the remote Git repository
Cloning repository git://github.com/fiji/H5J_Loader_Plugin
 > c:\msysgit\git init <http://jenkins.imagej.net/job/H5J_Loader_Plugin/ws/> # timeout=10
ERROR: Error cloning remote repo 'origin'
hudson.plugins.git.GitException: Could not init <http://jenkins.imagej.net/job/H5J_Loader_Plugin/ws/>
	at org.jenkinsci.plugins.gitclient.CliGitAPIImpl$5.execute(CliGitAPIImpl.java:656)
	at org.jenkinsci.plugins.gitclient.CliGitAPIImpl$2.execute(CliGitAPIImpl.java:463)
	at org.jenkinsci.plugins.gitclient.RemoteGitImpl$CommandInvocationHandler$1.call(RemoteGitImpl.java:152)
	at org.jenkinsci.plugins.gitclient.RemoteGitImpl$CommandInvocationHandler$1.call(RemoteGitImpl.java:145)
	at hudson.remoting.UserRequest.perform(UserRequest.java:152)
	at hudson.remoting.UserRequest.perform(UserRequest.java:50)
	at hudson.remoting.Request$2.run(Request.java:332)
	at hudson.remoting.InterceptingExecutorService$1.call(InterceptingExecutorService.java:68)
	at java.util.concurrent.FutureTask.run(Unknown Source)
	at java.util.concurrent.ThreadPoolExecutor.runWorker(Unknown Source)
	at java.util.concurrent.ThreadPoolExecutor$Worker.run(Unknown Source)
	at hudson.remoting.Engine$1$1.run(Engine.java:85)
	at java.lang.Thread.run(Unknown Source)
	at ......remote call to Windows(Native Method)
	at hudson.remoting.Channel.attachCallSiteStackTrace(Channel.java:1416)
	at hudson.remoting.UserResponse.retrieve(UserRequest.java:252)
	at hudson.remoting.Channel.call(Channel.java:781)
	at org.jenkinsci.plugins.gitclient.RemoteGitImpl$CommandInvocationHandler.execute(RemoteGitImpl.java:145)
	at sun.reflect.GeneratedMethodAccessor7543.invoke(Unknown Source)
	at sun.reflect.DelegatingMethodAccessorImpl.invoke(DelegatingMethodAccessorImpl.java:43)
	at java.lang.reflect.Method.invoke(Method.java:498)
	at org.jenkinsci.plugins.gitclient.RemoteGitImpl$CommandInvocationHandler.invoke(RemoteGitImpl.java:131)
	at com.sun.proxy.$Proxy86.execute(Unknown Source)
	at hudson.plugins.git.GitSCM.retrieveChanges(GitSCM.java:1057)
	at hudson.plugins.git.GitSCM.checkout(GitSCM.java:1097)
	at hudson.scm.SCM.checkout(SCM.java:485)
	at hudson.model.AbstractProject.checkout(AbstractProject.java:1269)
	at hudson.model.AbstractBuild$AbstractBuildExecution.defaultCheckout(AbstractBuild.java:604)
	at jenkins.scm.SCMCheckoutStrategy.checkout(SCMCheckoutStrategy.java:86)
	at hudson.model.AbstractBuild$AbstractBuildExecution.run(AbstractBuild.java:529)
	at hudson.model.Run.execute(Run.java:1741)
	at hudson.model.FreeStyleBuild.run(FreeStyleBuild.java:43)
	at hudson.model.ResourceController.execute(ResourceController.java:98)
	at hudson.model.Executor.run(Executor.java:410)
Caused by: hudson.plugins.git.GitException: Error performing command: c:\msysgit\git init <http://jenkins.imagej.net/job/H5J_Loader_Plugin/ws/>
	at org.jenkinsci.plugins.gitclient.CliGitAPIImpl.launchCommandIn(CliGitAPIImpl.java:1726)
	at org.jenkinsci.plugins.gitclient.CliGitAPIImpl.launchCommandIn(CliGitAPIImpl.java:1695)
	at org.jenkinsci.plugins.gitclient.CliGitAPIImpl.launchCommandIn(CliGitAPIImpl.java:1691)
	at org.jenkinsci.plugins.gitclient.CliGitAPIImpl.launchCommand(CliGitAPIImpl.java:1321)
	at org.jenkinsci.plugins.gitclient.CliGitAPIImpl$5.execute(CliGitAPIImpl.java:654)
	at org.jenkinsci.plugins.gitclient.CliGitAPIImpl$2.execute(CliGitAPIImpl.java:463)
	at org.jenkinsci.plugins.gitclient.RemoteGitImpl$CommandInvocationHandler$1.call(RemoteGitImpl.java:152)
	at org.jenkinsci.plugins.gitclient.RemoteGitImpl$CommandInvocationHandler$1.call(RemoteGitImpl.java:145)
	at hudson.remoting.UserRequest.perform(UserRequest.java:152)
	at hudson.remoting.UserRequest.perform(UserRequest.java:50)
	at hudson.remoting.Request$2.run(Request.java:332)
	at hudson.remoting.InterceptingExecutorService$1.call(InterceptingExecutorService.java:68)
	at java.util.concurrent.FutureTask.run(Unknown Source)
	at java.util.concurrent.ThreadPoolExecutor.runWorker(Unknown Source)
	at java.util.concurrent.ThreadPoolExecutor$Worker.run(Unknown Source)
	at hudson.remoting.Engine$1$1.run(Engine.java:85)
	at java.lang.Thread.run(Unknown Source)
Caused by: java.io.IOException: Cannot run program "c:\msysgit\git" (in directory "<http://jenkins.imagej.net/job/H5J_Loader_Plugin/ws/")>: CreateProcess error=5, Access is denied
	at java.lang.ProcessBuilder.start(Unknown Source)
	at hudson.Proc$LocalProc.<init>(Proc.java:240)
	at hudson.Proc$LocalProc.<init>(Proc.java:212)
	at hudson.Launcher$LocalLauncher.launch(Launcher.java:815)
	at hudson.Launcher$ProcStarter.start(Launcher.java:381)
	at org.jenkinsci.plugins.gitclient.CliGitAPIImpl.launchCommandIn(CliGitAPIImpl.java:1715)
	... 16 more
Caused by: java.io.IOException: CreateProcess error=5, Access is denied
	at java.lang.ProcessImpl.create(Native Method)
	at java.lang.ProcessImpl.<init>(Unknown Source)
	at java.lang.ProcessImpl.start(Unknown Source)
	... 22 more
ERROR: null
Archiving artifacts


From jenkins at imagej.net  Fri Sep 30 13:43:42 2016
From: jenkins at imagej.net (jenkins at imagej.net)
Date: Fri, 30 Sep 2016 13:43:42 -0500 (CDT)
Subject: [ImageJ-builds] Build failed in Jenkins: H5J_Loader_Plugin #28
In-Reply-To: <401295117.220.1475260914663.JavaMail.jenkins@dev>
References: <401295117.220.1475260914663.JavaMail.jenkins@dev>
Message-ID: <951062610.221.1475261022349.JavaMail.jenkins@dev>

See <http://jenkins.imagej.net/job/H5J_Loader_Plugin/28/>

------------------------------------------
Started by user Alec Neevel
Building remotely on Windows (windows) in workspace <http://jenkins.imagej.net/job/H5J_Loader_Plugin/ws/>
Cloning the remote Git repository
Cloning repository git://github.com/fiji/H5J_Loader_Plugin
 > c:\msysgit\git init <http://jenkins.imagej.net/job/H5J_Loader_Plugin/ws/> # timeout=10
ERROR: Error cloning remote repo 'origin'
hudson.plugins.git.GitException: Could not init <http://jenkins.imagej.net/job/H5J_Loader_Plugin/ws/>
	at org.jenkinsci.plugins.gitclient.CliGitAPIImpl$5.execute(CliGitAPIImpl.java:656)
	at org.jenkinsci.plugins.gitclient.CliGitAPIImpl$2.execute(CliGitAPIImpl.java:463)
	at org.jenkinsci.plugins.gitclient.RemoteGitImpl$CommandInvocationHandler$1.call(RemoteGitImpl.java:152)
	at org.jenkinsci.plugins.gitclient.RemoteGitImpl$CommandInvocationHandler$1.call(RemoteGitImpl.java:145)
	at hudson.remoting.UserRequest.perform(UserRequest.java:152)
	at hudson.remoting.UserRequest.perform(UserRequest.java:50)
	at hudson.remoting.Request$2.run(Request.java:332)
	at hudson.remoting.InterceptingExecutorService$1.call(InterceptingExecutorService.java:68)
	at java.util.concurrent.FutureTask.run(Unknown Source)
	at java.util.concurrent.ThreadPoolExecutor.runWorker(Unknown Source)
	at java.util.concurrent.ThreadPoolExecutor$Worker.run(Unknown Source)
	at hudson.remoting.Engine$1$1.run(Engine.java:85)
	at java.lang.Thread.run(Unknown Source)
	at ......remote call to Windows(Native Method)
	at hudson.remoting.Channel.attachCallSiteStackTrace(Channel.java:1416)
	at hudson.remoting.UserResponse.retrieve(UserRequest.java:252)
	at hudson.remoting.Channel.call(Channel.java:781)
	at org.jenkinsci.plugins.gitclient.RemoteGitImpl$CommandInvocationHandler.execute(RemoteGitImpl.java:145)
	at sun.reflect.GeneratedMethodAccessor7543.invoke(Unknown Source)
	at sun.reflect.DelegatingMethodAccessorImpl.invoke(DelegatingMethodAccessorImpl.java:43)
	at java.lang.reflect.Method.invoke(Method.java:498)
	at org.jenkinsci.plugins.gitclient.RemoteGitImpl$CommandInvocationHandler.invoke(RemoteGitImpl.java:131)
	at com.sun.proxy.$Proxy86.execute(Unknown Source)
	at hudson.plugins.git.GitSCM.retrieveChanges(GitSCM.java:1057)
	at hudson.plugins.git.GitSCM.checkout(GitSCM.java:1097)
	at hudson.scm.SCM.checkout(SCM.java:485)
	at hudson.model.AbstractProject.checkout(AbstractProject.java:1269)
	at hudson.model.AbstractBuild$AbstractBuildExecution.defaultCheckout(AbstractBuild.java:604)
	at jenkins.scm.SCMCheckoutStrategy.checkout(SCMCheckoutStrategy.java:86)
	at hudson.model.AbstractBuild$AbstractBuildExecution.run(AbstractBuild.java:529)
	at hudson.model.Run.execute(Run.java:1741)
	at hudson.model.FreeStyleBuild.run(FreeStyleBuild.java:43)
	at hudson.model.ResourceController.execute(ResourceController.java:98)
	at hudson.model.Executor.run(Executor.java:410)
Caused by: hudson.plugins.git.GitException: Error performing command: c:\msysgit\git init <http://jenkins.imagej.net/job/H5J_Loader_Plugin/ws/>
	at org.jenkinsci.plugins.gitclient.CliGitAPIImpl.launchCommandIn(CliGitAPIImpl.java:1726)
	at org.jenkinsci.plugins.gitclient.CliGitAPIImpl.launchCommandIn(CliGitAPIImpl.java:1695)
	at org.jenkinsci.plugins.gitclient.CliGitAPIImpl.launchCommandIn(CliGitAPIImpl.java:1691)
	at org.jenkinsci.plugins.gitclient.CliGitAPIImpl.launchCommand(CliGitAPIImpl.java:1321)
	at org.jenkinsci.plugins.gitclient.CliGitAPIImpl$5.execute(CliGitAPIImpl.java:654)
	at org.jenkinsci.plugins.gitclient.CliGitAPIImpl$2.execute(CliGitAPIImpl.java:463)
	at org.jenkinsci.plugins.gitclient.RemoteGitImpl$CommandInvocationHandler$1.call(RemoteGitImpl.java:152)
	at org.jenkinsci.plugins.gitclient.RemoteGitImpl$CommandInvocationHandler$1.call(RemoteGitImpl.java:145)
	at hudson.remoting.UserRequest.perform(UserRequest.java:152)
	at hudson.remoting.UserRequest.perform(UserRequest.java:50)
	at hudson.remoting.Request$2.run(Request.java:332)
	at hudson.remoting.InterceptingExecutorService$1.call(InterceptingExecutorService.java:68)
	at java.util.concurrent.FutureTask.run(Unknown Source)
	at java.util.concurrent.ThreadPoolExecutor.runWorker(Unknown Source)
	at java.util.concurrent.ThreadPoolExecutor$Worker.run(Unknown Source)
	at hudson.remoting.Engine$1$1.run(Engine.java:85)
	at java.lang.Thread.run(Unknown Source)
Caused by: java.io.IOException: Cannot run program "c:\msysgit\git" (in directory "<http://jenkins.imagej.net/job/H5J_Loader_Plugin/ws/")>: CreateProcess error=5, Access is denied
	at java.lang.ProcessBuilder.start(Unknown Source)
	at hudson.Proc$LocalProc.<init>(Proc.java:240)
	at hudson.Proc$LocalProc.<init>(Proc.java:212)
	at hudson.Launcher$LocalLauncher.launch(Launcher.java:815)
	at hudson.Launcher$ProcStarter.start(Launcher.java:381)
	at org.jenkinsci.plugins.gitclient.CliGitAPIImpl.launchCommandIn(CliGitAPIImpl.java:1715)
	... 16 more
Caused by: java.io.IOException: CreateProcess error=5, Access is denied
	at java.lang.ProcessImpl.create(Native Method)
	at java.lang.ProcessImpl.<init>(Unknown Source)
	at java.lang.ProcessImpl.start(Unknown Source)
	... 22 more
ERROR: null
Archiving artifacts


From jenkins at imagej.net  Fri Sep 30 13:44:55 2016
From: jenkins at imagej.net (jenkins at imagej.net)
Date: Fri, 30 Sep 2016 13:44:55 -0500 (CDT)
Subject: [ImageJ-builds] mail-watcher-plugin: Computer Windows marked
	temporarily offline
Message-ID: <1876901384.222.1475261095487.JavaMail.jenkins@dev>

Initiator: alecneevel
Url: http://jenkins.imagej.net/computer/Windows/


Disk space is too low. Only 0.700GB left on C:\msysgit.


From jenkins at imagej.net  Fri Sep 30 15:25:52 2016
From: jenkins at imagej.net (jenkins at imagej.net)
Date: Fri, 30 Sep 2016 15:25:52 -0500 (CDT)
Subject: [ImageJ-builds] mail-watcher-plugin: Computer Windows marked online
 (was temporarily offline)
Message-ID: <371689954.223.1475267152123.JavaMail.jenkins@dev>

Initiator: alecneevel
Url: http://jenkins.imagej.net/computer/Windows/




