From jenkins at imagej.net  Mon Oct  3 08:31:54 2016
From: jenkins at imagej.net (jenkins at imagej.net)
Date: Mon, 03 Oct 2016 08:31:54 -0500 (CDT)
Subject: [ImageJ-builds] mail-watcher-plugin: Computer Windows marked offline
Message-ID: <55113532.224.1475501514265.JavaMail.jenkins@dev>

Initiator: unknown
Url: http://jenkins.imagej.net/computer/Windows/


Connection was broken: java.io.EOFException
	at org.jenkinsci.remoting.nio.NioChannelHub$3.run(NioChannelHub.java:614)
	at java.util.concurrent.Executors$RunnableAdapter.call(Executors.java:511)
	at java.util.concurrent.FutureTask.run(FutureTask.java:266)
	at hudson.remoting.SingleLaneExecutorService$1.run(SingleLaneExecutorService.java:112)
	at jenkins.util.ContextResettingExecutorService$1.run(ContextResettingExecutorService.java:28)
	at java.util.concurrent.Executors$RunnableAdapter.call(Executors.java:511)
	at java.util.concurrent.FutureTask.run(FutureTask.java:266)
	at java.util.concurrent.ThreadPoolExecutor.runWorker(ThreadPoolExecutor.java:1142)
	at java.util.concurrent.ThreadPoolExecutor$Worker.run(ThreadPoolExecutor.java:617)
	at java.lang.Thread.run(Thread.java:745)


From jenkins at imagej.net  Mon Oct  3 08:59:20 2016
From: jenkins at imagej.net (jenkins at imagej.net)
Date: Mon, 03 Oct 2016 08:59:20 -0500 (CDT)
Subject: [ImageJ-builds] mail-watcher-plugin: Computer Windows marked online
Message-ID: <277031182.225.1475503160474.JavaMail.jenkins@dev>

Initiator: SYSTEM
Url: http://jenkins.imagej.net/computer/Windows/




From jenkins at imagej.net  Fri Oct  7 07:53:28 2016
From: jenkins at imagej.net (jenkins at imagej.net)
Date: Fri, 07 Oct 2016 07:53:28 -0500 (CDT)
Subject: [ImageJ-builds] mail-watcher-plugin: Computer Windows marked
	temporarily offline
Message-ID: <1242258303.226.1475844808017.JavaMail.jenkins@dev>

Initiator: erjuni
Url: http://jenkins.imagej.net/computer/Windows/


Disk space is too low. Only 0.018GB left on C:\msysgit.


From jenkins at imagej.net  Mon Oct 10 08:00:01 2016
From: jenkins at imagej.net (jenkins at imagej.net)
Date: Mon, 10 Oct 2016 08:00:01 -0500 (CDT)
Subject: [ImageJ-builds] mail-watcher-plugin: Computer Windows marked offline
Message-ID: <1176600190.227.1476104401099.JavaMail.jenkins@dev>

Initiator: unknown
Url: http://jenkins.imagej.net/computer/Windows/


Connection was broken: java.io.EOFException
	at org.jenkinsci.remoting.nio.NioChannelHub$3.run(NioChannelHub.java:614)
	at java.util.concurrent.Executors$RunnableAdapter.call(Executors.java:511)
	at java.util.concurrent.FutureTask.run(FutureTask.java:266)
	at hudson.remoting.SingleLaneExecutorService$1.run(SingleLaneExecutorService.java:112)
	at jenkins.util.ContextResettingExecutorService$1.run(ContextResettingExecutorService.java:28)
	at java.util.concurrent.Executors$RunnableAdapter.call(Executors.java:511)
	at java.util.concurrent.FutureTask.run(FutureTask.java:266)
	at java.util.concurrent.ThreadPoolExecutor.runWorker(ThreadPoolExecutor.java:1142)
	at java.util.concurrent.ThreadPoolExecutor$Worker.run(ThreadPoolExecutor.java:617)
	at java.lang.Thread.run(Thread.java:745)


From jenkins at imagej.net  Mon Oct 10 08:06:22 2016
From: jenkins at imagej.net (jenkins at imagej.net)
Date: Mon, 10 Oct 2016 08:06:22 -0500 (CDT)
Subject: [ImageJ-builds] mail-watcher-plugin: Computer Windows marked online
 (was temporarily offline)
Message-ID: <1438351936.228.1476104782779.JavaMail.jenkins@dev>

Initiator: alecneevel
Url: http://jenkins.imagej.net/computer/Windows/




From jenkins at imagej.net  Mon Oct 10 08:06:43 2016
From: jenkins at imagej.net (jenkins at imagej.net)
Date: Mon, 10 Oct 2016 08:06:43 -0500 (CDT)
Subject: [ImageJ-builds] mail-watcher-plugin: Computer Windows marked online
Message-ID: <2055519872.229.1476104803497.JavaMail.jenkins@dev>

Initiator: SYSTEM
Url: http://jenkins.imagej.net/computer/Windows/




From jenkins at imagej.net  Mon Oct 10 08:12:17 2016
From: jenkins at imagej.net (jenkins at imagej.net)
Date: Mon, 10 Oct 2016 08:12:17 -0500 (CDT)
Subject: [ImageJ-builds] mail-watcher-plugin: Computer Windows marked offline
Message-ID: <1465854156.230.1476105137592.JavaMail.jenkins@dev>

Initiator: unknown
Url: http://jenkins.imagej.net/computer/Windows/


Connection was broken: java.io.EOFException
	at org.jenkinsci.remoting.nio.NioChannelHub$3.run(NioChannelHub.java:614)
	at java.util.concurrent.Executors$RunnableAdapter.call(Executors.java:511)
	at java.util.concurrent.FutureTask.run(FutureTask.java:266)
	at hudson.remoting.SingleLaneExecutorService$1.run(SingleLaneExecutorService.java:112)
	at jenkins.util.ContextResettingExecutorService$1.run(ContextResettingExecutorService.java:28)
	at java.util.concurrent.Executors$RunnableAdapter.call(Executors.java:511)
	at java.util.concurrent.FutureTask.run(FutureTask.java:266)
	at java.util.concurrent.ThreadPoolExecutor.runWorker(ThreadPoolExecutor.java:1142)
	at java.util.concurrent.ThreadPoolExecutor$Worker.run(ThreadPoolExecutor.java:617)
	at java.lang.Thread.run(Thread.java:745)


From jenkins at imagej.net  Mon Oct 10 08:21:01 2016
From: jenkins at imagej.net (jenkins at imagej.net)
Date: Mon, 10 Oct 2016 08:21:01 -0500 (CDT)
Subject: [ImageJ-builds] mail-watcher-plugin: Computer Windows marked online
Message-ID: <1409225078.231.1476105661563.JavaMail.jenkins@dev>

Initiator: SYSTEM
Url: http://jenkins.imagej.net/computer/Windows/




From jenkins at imagej.net  Mon Oct 10 08:27:53 2016
From: jenkins at imagej.net (jenkins at imagej.net)
Date: Mon, 10 Oct 2016 08:27:53 -0500 (CDT)
Subject: [ImageJ-builds] mail-watcher-plugin: Computer Windows marked offline
Message-ID: <411809427.232.1476106073551.JavaMail.jenkins@dev>

Initiator: unknown
Url: http://jenkins.imagej.net/computer/Windows/


Connection was broken: java.io.EOFException
	at org.jenkinsci.remoting.nio.NioChannelHub$3.run(NioChannelHub.java:614)
	at java.util.concurrent.Executors$RunnableAdapter.call(Executors.java:511)
	at java.util.concurrent.FutureTask.run(FutureTask.java:266)
	at hudson.remoting.SingleLaneExecutorService$1.run(SingleLaneExecutorService.java:112)
	at jenkins.util.ContextResettingExecutorService$1.run(ContextResettingExecutorService.java:28)
	at java.util.concurrent.Executors$RunnableAdapter.call(Executors.java:511)
	at java.util.concurrent.FutureTask.run(FutureTask.java:266)
	at java.util.concurrent.ThreadPoolExecutor.runWorker(ThreadPoolExecutor.java:1142)
	at java.util.concurrent.ThreadPoolExecutor$Worker.run(ThreadPoolExecutor.java:617)
	at java.lang.Thread.run(Thread.java:745)


From jenkins at imagej.net  Mon Oct 10 08:30:47 2016
From: jenkins at imagej.net (jenkins at imagej.net)
Date: Mon, 10 Oct 2016 08:30:47 -0500 (CDT)
Subject: [ImageJ-builds] mail-watcher-plugin: Computer Windows marked online
Message-ID: <1679619458.233.1476106247230.JavaMail.jenkins@dev>

Initiator: SYSTEM
Url: http://jenkins.imagej.net/computer/Windows/




From jenkins at imagej.net  Mon Oct 10 08:31:22 2016
From: jenkins at imagej.net (jenkins at imagej.net)
Date: Mon, 10 Oct 2016 08:31:22 -0500 (CDT)
Subject: [ImageJ-builds] Build failed in Jenkins: H5J_Loader_Plugin #29
In-Reply-To: <401295117.220.1475260914663.JavaMail.jenkins@dev>
References: <401295117.220.1475260914663.JavaMail.jenkins@dev>
Message-ID: <156144582.234.1476106282982.JavaMail.jenkins@dev>

See <http://jenkins.imagej.net/job/H5J_Loader_Plugin/29/>

------------------------------------------
Started by user Alec Neevel
Building remotely on Windows (windows) in workspace <http://jenkins.imagej.net/job/H5J_Loader_Plugin/ws/>
 > c:\bin\git rev-parse --is-inside-work-tree # timeout=10
ERROR: Workspace has a .git repository, but it appears to be corrupt.
hudson.plugins.git.GitException: Error performing command: c:\bin\git rev-parse --is-inside-work-tree
	at org.jenkinsci.plugins.gitclient.CliGitAPIImpl.launchCommandIn(CliGitAPIImpl.java:1726)
	at org.jenkinsci.plugins.gitclient.CliGitAPIImpl.launchCommandIn(CliGitAPIImpl.java:1695)
	at org.jenkinsci.plugins.gitclient.CliGitAPIImpl.launchCommandIn(CliGitAPIImpl.java:1691)
	at org.jenkinsci.plugins.gitclient.CliGitAPIImpl.launchCommand(CliGitAPIImpl.java:1321)
	at org.jenkinsci.plugins.gitclient.CliGitAPIImpl.launchCommand(CliGitAPIImpl.java:1333)
	at org.jenkinsci.plugins.gitclient.CliGitAPIImpl.hasGitRepo(CliGitAPIImpl.java:195)
	at hudson.plugins.git.GitAPI.hasGitRepo(GitAPI.java:232)
	at sun.reflect.NativeMethodAccessorImpl.invoke0(Native Method)
	at sun.reflect.NativeMethodAccessorImpl.invoke(Unknown Source)
	at sun.reflect.DelegatingMethodAccessorImpl.invoke(Unknown Source)
	at java.lang.reflect.Method.invoke(Unknown Source)
	at hudson.remoting.RemoteInvocationHandler$RPCRequest.perform(RemoteInvocationHandler.java:884)
	at hudson.remoting.RemoteInvocationHandler$RPCRequest.call(RemoteInvocationHandler.java:859)
	at hudson.remoting.RemoteInvocationHandler$RPCRequest.call(RemoteInvocationHandler.java:818)
	at hudson.remoting.UserRequest.perform(UserRequest.java:152)
	at hudson.remoting.UserRequest.perform(UserRequest.java:50)
	at hudson.remoting.Request$2.run(Request.java:332)
	at hudson.remoting.InterceptingExecutorService$1.call(InterceptingExecutorService.java:68)
	at java.util.concurrent.FutureTask.run(Unknown Source)
	at java.util.concurrent.ThreadPoolExecutor.runWorker(Unknown Source)
	at java.util.concurrent.ThreadPoolExecutor$Worker.run(Unknown Source)
	at hudson.remoting.Engine$1$1.run(Engine.java:85)
	at java.lang.Thread.run(Unknown Source)
Caused by: java.io.IOException: Cannot run program "c:\bin\git" (in directory "<http://jenkins.imagej.net/job/H5J_Loader_Plugin/ws/")>: CreateProcess error=2, The system cannot find the file specified
	at java.lang.ProcessBuilder.start(Unknown Source)
	at hudson.Proc$LocalProc.<init>(Proc.java:240)
	at hudson.Proc$LocalProc.<init>(Proc.java:212)
	at hudson.Launcher$LocalLauncher.launch(Launcher.java:815)
	at hudson.Launcher$ProcStarter.start(Launcher.java:381)
	at org.jenkinsci.plugins.gitclient.CliGitAPIImpl.launchCommandIn(CliGitAPIImpl.java:1715)
	... 22 more
Caused by: java.io.IOException: CreateProcess error=2, The system cannot find the file specified
	at java.lang.ProcessImpl.create(Native Method)
	at java.lang.ProcessImpl.<init>(Unknown Source)
	at java.lang.ProcessImpl.start(Unknown Source)
	... 28 more
Cloning the remote Git repository
Cloning repository git://github.com/fiji/H5J_Loader_Plugin
 > c:\bin\git init <http://jenkins.imagej.net/job/H5J_Loader_Plugin/ws/> # timeout=10
ERROR: Error cloning remote repo 'origin'
hudson.plugins.git.GitException: Could not init <http://jenkins.imagej.net/job/H5J_Loader_Plugin/ws/>
	at org.jenkinsci.plugins.gitclient.CliGitAPIImpl$5.execute(CliGitAPIImpl.java:656)
	at org.jenkinsci.plugins.gitclient.CliGitAPIImpl$2.execute(CliGitAPIImpl.java:463)
	at org.jenkinsci.plugins.gitclient.RemoteGitImpl$CommandInvocationHandler$1.call(RemoteGitImpl.java:152)
	at org.jenkinsci.plugins.gitclient.RemoteGitImpl$CommandInvocationHandler$1.call(RemoteGitImpl.java:145)
	at hudson.remoting.UserRequest.perform(UserRequest.java:152)
	at hudson.remoting.UserRequest.perform(UserRequest.java:50)
	at hudson.remoting.Request$2.run(Request.java:332)
	at hudson.remoting.InterceptingExecutorService$1.call(InterceptingExecutorService.java:68)
	at java.util.concurrent.FutureTask.run(Unknown Source)
	at java.util.concurrent.ThreadPoolExecutor.runWorker(Unknown Source)
	at java.util.concurrent.ThreadPoolExecutor$Worker.run(Unknown Source)
	at hudson.remoting.Engine$1$1.run(Engine.java:85)
	at java.lang.Thread.run(Unknown Source)
	at ......remote call to Windows(Native Method)
	at hudson.remoting.Channel.attachCallSiteStackTrace(Channel.java:1416)
	at hudson.remoting.UserResponse.retrieve(UserRequest.java:252)
	at hudson.remoting.Channel.call(Channel.java:781)
	at org.jenkinsci.plugins.gitclient.RemoteGitImpl$CommandInvocationHandler.execute(RemoteGitImpl.java:145)
	at sun.reflect.GeneratedMethodAccessor7543.invoke(Unknown Source)
	at sun.reflect.DelegatingMethodAccessorImpl.invoke(DelegatingMethodAccessorImpl.java:43)
	at java.lang.reflect.Method.invoke(Method.java:498)
	at org.jenkinsci.plugins.gitclient.RemoteGitImpl$CommandInvocationHandler.invoke(RemoteGitImpl.java:131)
	at com.sun.proxy.$Proxy86.execute(Unknown Source)
	at hudson.plugins.git.GitSCM.retrieveChanges(GitSCM.java:1057)
	at hudson.plugins.git.GitSCM.checkout(GitSCM.java:1097)
	at hudson.scm.SCM.checkout(SCM.java:485)
	at hudson.model.AbstractProject.checkout(AbstractProject.java:1269)
	at hudson.model.AbstractBuild$AbstractBuildExecution.defaultCheckout(AbstractBuild.java:604)
	at jenkins.scm.SCMCheckoutStrategy.checkout(SCMCheckoutStrategy.java:86)
	at hudson.model.AbstractBuild$AbstractBuildExecution.run(AbstractBuild.java:529)
	at hudson.model.Run.execute(Run.java:1741)
	at hudson.model.FreeStyleBuild.run(FreeStyleBuild.java:43)
	at hudson.model.ResourceController.execute(ResourceController.java:98)
	at hudson.model.Executor.run(Executor.java:410)
Caused by: hudson.plugins.git.GitException: Error performing command: c:\bin\git init <http://jenkins.imagej.net/job/H5J_Loader_Plugin/ws/>
	at org.jenkinsci.plugins.gitclient.CliGitAPIImpl.launchCommandIn(CliGitAPIImpl.java:1726)
	at org.jenkinsci.plugins.gitclient.CliGitAPIImpl.launchCommandIn(CliGitAPIImpl.java:1695)
	at org.jenkinsci.plugins.gitclient.CliGitAPIImpl.launchCommandIn(CliGitAPIImpl.java:1691)
	at org.jenkinsci.plugins.gitclient.CliGitAPIImpl.launchCommand(CliGitAPIImpl.java:1321)
	at org.jenkinsci.plugins.gitclient.CliGitAPIImpl$5.execute(CliGitAPIImpl.java:654)
	at org.jenkinsci.plugins.gitclient.CliGitAPIImpl$2.execute(CliGitAPIImpl.java:463)
	at org.jenkinsci.plugins.gitclient.RemoteGitImpl$CommandInvocationHandler$1.call(RemoteGitImpl.java:152)
	at org.jenkinsci.plugins.gitclient.RemoteGitImpl$CommandInvocationHandler$1.call(RemoteGitImpl.java:145)
	at hudson.remoting.UserRequest.perform(UserRequest.java:152)
	at hudson.remoting.UserRequest.perform(UserRequest.java:50)
	at hudson.remoting.Request$2.run(Request.java:332)
	at hudson.remoting.InterceptingExecutorService$1.call(InterceptingExecutorService.java:68)
	at java.util.concurrent.FutureTask.run(Unknown Source)
	at java.util.concurrent.ThreadPoolExecutor.runWorker(Unknown Source)
	at java.util.concurrent.ThreadPoolExecutor$Worker.run(Unknown Source)
	at hudson.remoting.Engine$1$1.run(Engine.java:85)
	at java.lang.Thread.run(Unknown Source)
Caused by: java.io.IOException: Cannot run program "c:\bin\git" (in directory "<http://jenkins.imagej.net/job/H5J_Loader_Plugin/ws/")>: CreateProcess error=2, The system cannot find the file specified
	at java.lang.ProcessBuilder.start(Unknown Source)
	at hudson.Proc$LocalProc.<init>(Proc.java:240)
	at hudson.Proc$LocalProc.<init>(Proc.java:212)
	at hudson.Launcher$LocalLauncher.launch(Launcher.java:815)
	at hudson.Launcher$ProcStarter.start(Launcher.java:381)
	at org.jenkinsci.plugins.gitclient.CliGitAPIImpl.launchCommandIn(CliGitAPIImpl.java:1715)
	... 16 more
Caused by: java.io.IOException: CreateProcess error=2, The system cannot find the file specified
	at java.lang.ProcessImpl.create(Native Method)
	at java.lang.ProcessImpl.<init>(Unknown Source)
	at java.lang.ProcessImpl.start(Unknown Source)
	... 22 more
ERROR: null
Archiving artifacts


From jenkins at imagej.net  Mon Oct 10 08:32:30 2016
From: jenkins at imagej.net (jenkins at imagej.net)
Date: Mon, 10 Oct 2016 08:32:30 -0500 (CDT)
Subject: [ImageJ-builds] mail-watcher-plugin: Computer Windows marked
	temporarily offline
Message-ID: <1259368728.235.1476106350042.JavaMail.jenkins@dev>

Initiator: alecneevel
Url: http://jenkins.imagej.net/computer/Windows/


Disk space is too low. Only 0.011GB left on C:\msysgit.


From jenkins at imagej.net  Mon Oct 10 19:09:33 2016
From: jenkins at imagej.net (jenkins at imagej.net)
Date: Mon, 10 Oct 2016 19:09:33 -0500 (CDT)
Subject: [ImageJ-builds] Build failed in Jenkins: Sholl-Analysis #129
Message-ID: <1336567439.236.1476144573474.JavaMail.jenkins@dev>

See <http://jenkins.imagej.net/job/Sholl-Analysis/129/changes>

Changes:

[tiagoalvespedrosa] Start next release cycle

[tiagoalvespedrosa] Update release notes

------------------------------------------
Started by an SCM change
Building remotely on maven in workspace <http://jenkins.imagej.net/job/Sholl-Analysis/ws/>
 > git rev-parse --is-inside-work-tree # timeout=10
Fetching changes from the remote Git repository
 > git config remote.origin.url git://github.com/tferr/ASA # timeout=10
Fetching upstream changes from git://github.com/tferr/ASA
 > git --version # timeout=10
 > git -c core.askpass=true fetch --tags --progress git://github.com/tferr/ASA +refs/heads/*:refs/remotes/origin/*
 > git rev-parse origin/master^{commit} # timeout=10
Checking out Revision 7ea3c25fd03cbddf82acdee22ecec63b550d939a (origin/master)
 > git config core.sparsecheckout # timeout=10
 > git checkout -f 7ea3c25fd03cbddf82acdee22ecec63b550d939a
 > git rev-list 0d82982e6b55ac3ff4bd60981e5390f2a147d7b9 # timeout=10
 > git tag -a -f -m Jenkins Build #129 jenkins-Sholl-Analysis-129 # timeout=10
[Sholl-Analysis] $ /bin/sh -xe /tmp/hudson4496750887518977751.sh
+ git clean -dfx
Removing maven-helper.sh
Removing target/
Copied 1 artifact from "SciJava-scripts" build number 143
[Sholl-Analysis] $ /bin/sh -xe /tmp/hudson508307147474778262.sh
+ sh maven-helper.sh gav-from-pom pom.xml
+ ALT=imagej.releases::default::http://maven.imagej.net/content/repositories/releases
+ mvn -U -DaltDeploymentRepository=imagej.releases::default::http://maven.imagej.net/content/repositories/releases deploy
OpenJDK 64-Bit Server VM warning: ignoring option MaxPermSize=256m; support was removed in 8.0
[INFO] Scanning for projects...
[WARNING] 
[WARNING] Some problems were encountered while building the effective model for ca.mcgill:Sholl_Analysis:jar:3.6.7_SNAPSHOT
[WARNING] 'version' uses an unsupported snapshot version format, should be '*-SNAPSHOT' instead. @ line 17, column 11
[WARNING] 
[WARNING] It is highly recommended to fix these problems because they threaten the stability of your build.
[WARNING] 
[WARNING] For this reason, future Maven versions might no longer support building such malformed projects.
[WARNING] 
[INFO]                                                                         
[INFO] ------------------------------------------------------------------------
[INFO] Building Sholl Analysis 3.6.7_SNAPSHOT
[INFO] ------------------------------------------------------------------------
[INFO] 
[INFO] --- maven-enforcer-plugin:1.4.1:enforce (enforce-rules) @ Sholl_Analysis ---
[INFO] 
[INFO] --- build-helper-maven-plugin:1.12:regex-property (sanitize-version) @ Sholl_Analysis ---
[INFO] 
[INFO] --- buildnumber-maven-plugin:1.4:create (default) @ Sholl_Analysis ---
[INFO] Executing: /bin/sh -c cd '/data/devel/jenkins-maven/workspace/Sholl-Analysis' && 'git' 'rev-parse' '--verify' 'HEAD'
[INFO] Working directory: /data/devel/jenkins-maven/workspace/Sholl-Analysis
[INFO] Storing buildNumber: 7ea3c25fd03cbddf82acdee22ecec63b550d939a at timestamp: 1476144564152
[WARNING] Cannot get the branch information from the git repository: 
Detecting the current branch failed: fatal: ref HEAD is not a symbolic ref

[INFO] Executing: /bin/sh -c cd '/data/devel/jenkins-maven/workspace/Sholl-Analysis' && 'git' 'rev-parse' '--verify' 'HEAD'
[INFO] Working directory: /data/devel/jenkins-maven/workspace/Sholl-Analysis
[INFO] Storing buildScmBranch: UNKNOWN
[INFO] 
[INFO] --- scijava-maven-plugin:0.5.1:set-rootdir (set-rootdir) @ Sholl_Analysis ---
[INFO] Setting rootdir: /data/devel/jenkins-maven/workspace/Sholl-Analysis
[INFO] 
[INFO] --- maven-resources-plugin:3.0.1:resources (default-resources) @ Sholl_Analysis ---
[INFO] Using 'UTF-8' encoding to copy filtered resources.
[INFO] Copying 3 resources
[INFO] 
[INFO] --- maven-compiler-plugin:3.5.1:compile (default-compile) @ Sholl_Analysis ---
[INFO] Changes detected - recompiling the module!
[INFO] Compiling 10 source files to /data/devel/jenkins-maven/workspace/Sholl-Analysis/target/classes
[INFO] 
[INFO] --- maven-resources-plugin:3.0.1:testResources (default-testResources) @ Sholl_Analysis ---
[INFO] Using 'UTF-8' encoding to copy filtered resources.
[INFO] skip non existing resourceDirectory /data/devel/jenkins-maven/workspace/Sholl-Analysis/src/test/resources
[INFO] 
[INFO] --- maven-compiler-plugin:3.5.1:testCompile (default-testCompile) @ Sholl_Analysis ---
[INFO] No sources to compile
[INFO] 
[INFO] --- maven-surefire-plugin:2.19.1:test (default-test) @ Sholl_Analysis ---
[INFO] No tests to run.
[INFO] 
[INFO] --- maven-jar-plugin:2.6:jar (default-jar) @ Sholl_Analysis ---
[INFO] Building jar: /data/devel/jenkins-maven/workspace/Sholl-Analysis/target/Sholl_Analysis-3.6.7_SNAPSHOT.jar
[INFO] 
[INFO] --- maven-source-plugin:3.0.1:jar-no-fork (default) @ Sholl_Analysis ---
[INFO] Building jar: /data/devel/jenkins-maven/workspace/Sholl-Analysis/target/Sholl_Analysis-3.6.7_SNAPSHOT-sources.jar
[INFO] 
[INFO] --- maven-source-plugin:3.0.1:jar-no-fork (attach-sources) @ Sholl_Analysis ---
[INFO] Building jar: /data/devel/jenkins-maven/workspace/Sholl-Analysis/target/Sholl_Analysis-3.6.7_SNAPSHOT-sources.jar
[WARNING] Artifact ca.mcgill:Sholl_Analysis:java-source:sources:3.6.7_SNAPSHOT already attached to project, ignoring duplicate
[INFO] 
[INFO] --- maven-javadoc-plugin:2.10.4:jar (attach-javadocs) @ Sholl_Analysis ---
[INFO] 
Loading source files for package sholl...
Loading source files for package sholl.gui...
Constructing Javadoc information...
Standard Doclet version 1.8.0_91
Building tree for all the packages and classes...
Generating /data/devel/jenkins-maven/workspace/Sholl-Analysis/target/apidocs/sholl/Call_SNT.html...
Generating /data/devel/jenkins-maven/workspace/Sholl-Analysis/target/apidocs/sholl/Options.html...
Generating /data/devel/jenkins-maven/workspace/Sholl-Analysis/target/apidocs/sholl/Sholl_Analysis.html...
Generating /data/devel/jenkins-maven/workspace/Sholl-Analysis/target/apidocs/sholl/Sholl_Utils.html...
Generating /data/devel/jenkins-maven/workspace/Sholl-Analysis/target/apidocs/sholl/gui/EnhancedGenericDialog.html...
Generating /data/devel/jenkins-maven/workspace/Sholl-Analysis/target/apidocs/sholl/gui/EnhancedResultsTable.html...
Generating /data/devel/jenkins-maven/workspace/Sholl-Analysis/target/apidocs/sholl/gui/EnhancedWaitForUserDialog.html...
Generating /data/devel/jenkins-maven/workspace/Sholl-Analysis/target/apidocs/sholl/gui/Utils.html...
Generating /data/devel/jenkins-maven/workspace/Sholl-Analysis/target/apidocs/overview-frame.html...
Generating /data/devel/jenkins-maven/workspace/Sholl-Analysis/target/apidocs/sholl/package-frame.html...
Generating /data/devel/jenkins-maven/workspace/Sholl-Analysis/target/apidocs/sholl/package-summary.html...
Generating /data/devel/jenkins-maven/workspace/Sholl-Analysis/target/apidocs/sholl/package-tree.html...
Generating /data/devel/jenkins-maven/workspace/Sholl-Analysis/target/apidocs/sholl/gui/package-frame.html...
Generating /data/devel/jenkins-maven/workspace/Sholl-Analysis/target/apidocs/sholl/gui/package-summary.html...
Generating /data/devel/jenkins-maven/workspace/Sholl-Analysis/target/apidocs/sholl/gui/package-tree.html...
Generating /data/devel/jenkins-maven/workspace/Sholl-Analysis/target/apidocs/constant-values.html...
Generating /data/devel/jenkins-maven/workspace/Sholl-Analysis/target/apidocs/serialized-form.html...
Building index for all the packages and classes...
Generating /data/devel/jenkins-maven/workspace/Sholl-Analysis/target/apidocs/overview-tree.html...
Generating /data/devel/jenkins-maven/workspace/Sholl-Analysis/target/apidocs/index-all.html...
Generating /data/devel/jenkins-maven/workspace/Sholl-Analysis/target/apidocs/deprecated-list.html...
Building index for all classes...
Generating /data/devel/jenkins-maven/workspace/Sholl-Analysis/target/apidocs/allclasses-frame.html...
Generating /data/devel/jenkins-maven/workspace/Sholl-Analysis/target/apidocs/allclasses-noframe.html...
Generating /data/devel/jenkins-maven/workspace/Sholl-Analysis/target/apidocs/index.html...
Generating /data/devel/jenkins-maven/workspace/Sholl-Analysis/target/apidocs/overview-summary.html...
Generating /data/devel/jenkins-maven/workspace/Sholl-Analysis/target/apidocs/help-doc.html...
3 warnings
[WARNING] Javadoc Warnings
[WARNING] /data/devel/jenkins-maven/workspace/Sholl-Analysis/src/main/java/sholl/Sholl_Analysis.java:1808: warning - #BIN_AVERAGE (referenced by @value tag) is an unknown reference.
[WARNING] /data/devel/jenkins-maven/workspace/Sholl-Analysis/src/main/java/sholl/Sholl_Analysis.java:1808: warning - #BIN_MEDIAN (referenced by @value tag) is an unknown reference.
[WARNING] /data/devel/jenkins-maven/workspace/Sholl-Analysis/src/main/java/sholl/Sholl_Analysis.java:1808: warning - #BIN_MODE (referenced by @value tag) is an unknown reference.
[INFO] Building jar: /data/devel/jenkins-maven/workspace/Sholl-Analysis/target/Sholl_Analysis-3.6.7_SNAPSHOT-javadoc.jar
[INFO] 
[INFO] --- maven-jar-plugin:2.6:test-jar (default) @ Sholl_Analysis ---
[INFO] Skipping packaging of the test-jar
[INFO] 
[INFO] --- maven-install-plugin:2.5.2:install (default-install) @ Sholl_Analysis ---
[INFO] Installing /data/devel/jenkins-maven/workspace/Sholl-Analysis/target/Sholl_Analysis-3.6.7_SNAPSHOT.jar to /var/lib/jenkins-maven/.m2/repository/ca/mcgill/Sholl_Analysis/3.6.7_SNAPSHOT/Sholl_Analysis-3.6.7_SNAPSHOT.jar
[INFO] Installing /data/devel/jenkins-maven/workspace/Sholl-Analysis/pom.xml to /var/lib/jenkins-maven/.m2/repository/ca/mcgill/Sholl_Analysis/3.6.7_SNAPSHOT/Sholl_Analysis-3.6.7_SNAPSHOT.pom
[INFO] Installing /data/devel/jenkins-maven/workspace/Sholl-Analysis/target/Sholl_Analysis-3.6.7_SNAPSHOT-sources.jar to /var/lib/jenkins-maven/.m2/repository/ca/mcgill/Sholl_Analysis/3.6.7_SNAPSHOT/Sholl_Analysis-3.6.7_SNAPSHOT-sources.jar
[INFO] Installing /data/devel/jenkins-maven/workspace/Sholl-Analysis/target/Sholl_Analysis-3.6.7_SNAPSHOT-javadoc.jar to /var/lib/jenkins-maven/.m2/repository/ca/mcgill/Sholl_Analysis/3.6.7_SNAPSHOT/Sholl_Analysis-3.6.7_SNAPSHOT-javadoc.jar
[INFO] 
[INFO] --- imagej-maven-plugin:0.6.0:copy-jars (copy-jars) @ Sholl_Analysis ---
[INFO] Property 'imagej.app.directory' unset; Skipping copy-jars
[INFO] 
[INFO] --- maven-deploy-plugin:2.8.2:deploy (default-deploy) @ Sholl_Analysis ---
[INFO] Using alternate deployment repository imagej.releases::default::http://maven.imagej.net/content/repositories/releases
Downloading: http://maven.imagej.net/content/repositories/releases/ca/mcgill/Sholl_Analysis/3.6.7_SNAPSHOT/maven-metadata.xml

Uploading: http://maven.imagej.net/content/repositories/releases/ca/mcgill/Sholl_Analysis/3.6.7_20161011.000933-1/Sholl_Analysis-3.6.7_20161011.000933-1.jar
4/110 KB   
8/110 KB   
12/110 KB   
16/110 KB   
20/110 KB   
24/110 KB   
28/110 KB   
32/110 KB   
36/110 KB   
40/110 KB   
44/110 KB   
48/110 KB   
52/110 KB   
56/110 KB   
60/110 KB   
64/110 KB   
68/110 KB   
72/110 KB   
76/110 KB   
80/110 KB   
84/110 KB   
88/110 KB   
92/110 KB   
96/110 KB   
100/110 KB   
104/110 KB   
108/110 KB   
110/110 KB   
Oct 10, 2016 7:09:33 PM org.apache.commons.httpclient.auth.AuthChallengeProcessor selectAuthScheme
INFO: basic authentication scheme selected
114/110 KB   
118/110 KB   
122/110 KB   
126/110 KB   
130/110 KB   
134/110 KB   
138/110 KB   
142/110 KB   
146/110 KB   
150/110 KB   
154/110 KB   
158/110 KB   
162/110 KB   
166/110 KB   
170/110 KB   
174/110 KB   
178/110 KB   
182/110 KB   
186/110 KB   
190/110 KB   
194/110 KB   
198/110 KB   
202/110 KB   
206/110 KB   
210/110 KB   
214/110 KB   
218/110 KB   
219/110 KB   
             
Uploading: http://maven.imagej.net/content/repositories/releases/ca/mcgill/Sholl_Analysis/3.6.7_20161011.000933-1/Sholl_Analysis-3.6.7_20161011.000933-1.pom
3/3 KB       
Oct 10, 2016 7:09:33 PM org.apache.commons.httpclient.auth.AuthChallengeProcessor selectAuthScheme
INFO: basic authentication scheme selected
6/3 KB   
         
[INFO] ------------------------------------------------------------------------
[INFO] BUILD FAILURE
[INFO] ------------------------------------------------------------------------
[INFO] Total time: 11.678s
[INFO] Finished at: Mon Oct 10 19:09:33 CDT 2016
[INFO] Final Memory: 36M/474M
[INFO] ------------------------------------------------------------------------
[ERROR] Failed to execute goal org.apache.maven.plugins:maven-deploy-plugin:2.8.2:deploy (default-deploy) on project Sholl_Analysis: Failed to deploy artifacts: Could not transfer artifact ca.mcgill:Sholl_Analysis:jar:3.6.7_20161011.000933-1 from/to imagej.releases (http://maven.imagej.net/content/repositories/releases): Failed to transfer file: http://maven.imagej.net/content/repositories/releases/ca/mcgill/Sholl_Analysis/3.6.7_20161011.000933-1/Sholl_Analysis-3.6.7_20161011.000933-1.jar. Return code is: 400 -> [Help 1]
[ERROR] 
[ERROR] To see the full stack trace of the errors, re-run Maven with the -e switch.
[ERROR] Re-run Maven using the -X switch to enable full debug logging.
[ERROR] 
[ERROR] For more information about the errors and possible solutions, please read the following articles:
[ERROR] [Help 1] http://cwiki.apache.org/confluence/display/MAVEN/MojoExecutionException
Build step 'Execute shell' marked build as failure
Archiving artifacts


From jenkins at imagej.net  Mon Oct 10 19:22:28 2016
From: jenkins at imagej.net (jenkins at imagej.net)
Date: Mon, 10 Oct 2016 19:22:28 -0500 (CDT)
Subject: [ImageJ-builds] Jenkins build is back to normal : Sholl-Analysis
	#130
In-Reply-To: <1336567439.236.1476144573474.JavaMail.jenkins@dev>
References: <1336567439.236.1476144573474.JavaMail.jenkins@dev>
Message-ID: <1571191734.237.1476145348936.JavaMail.jenkins@dev>

See <http://jenkins.imagej.net/job/Sholl-Analysis/130/changes>



From jenkins at imagej.net  Tue Oct 11 20:26:37 2016
From: jenkins at imagej.net (jenkins at imagej.net)
Date: Tue, 11 Oct 2016 20:26:37 -0500 (CDT)
Subject: [ImageJ-builds] Build failed in Jenkins: Bio-Formats-Fiji #1099
Message-ID: <719569649.238.1476235597949.JavaMail.jenkins@dev>

See <http://jenkins.imagej.net/job/Bio-Formats-Fiji/1099/>

------------------------------------------
Started by timer
Building on master in workspace <http://jenkins.imagej.net/job/Bio-Formats-Fiji/ws/>
Copied 2 artifacts from "Fiji" build number 943
[workspace] $ /bin/sh -xe /tmp/hudson1059466364686165470.sh
+ sh bin/upload-bf.sh
No GUI detected.  Falling back to headless mode.
No GUI detected.  Falling back to headless mode.
Updating the index of available files (Updating from ImageJ site: http://up...
Updating from ImageJ site: http://update.imagej.net/ done
Updating from Fiji site: http://update.fiji.sc/ done
Updating from Bio-Formats site: http://sites.imagej.net/Bio-Formats/ done
................................................................................
................................................................................
................................................................................
................................................................................
................................................................................
................................................................................
................................................................................
...
Done: Checksummer

Done: Downloading...

Done: Downloading...


--== jars/bio-formats/formats-api ==--

2016-10-11 20:26:07 URL:https://ci.openmicroscopy.org/job/BIOFORMATS-DEV-latest/lastSuccessfulBuild/artifact/artifacts//formats-api.jar [149587/149587] -> "formats-api.jar" [1]

--== jars/bio-formats/formats-bsd ==--

2016-10-11 20:26:09 URL:https://ci.openmicroscopy.org/job/BIOFORMATS-DEV-latest/lastSuccessfulBuild/artifact/artifacts//formats-bsd.jar [681094/681094] -> "formats-bsd.jar" [1]

--== jars/bio-formats/formats-common ==--

2016-10-11 20:26:10 URL:https://ci.openmicroscopy.org/job/BIOFORMATS-DEV-latest/lastSuccessfulBuild/artifact/artifacts//formats-common.jar [120479/120479] -> "formats-common.jar" [1]

--== jars/bio-formats/formats-gpl ==--

2016-10-11 20:26:12 URL:https://ci.openmicroscopy.org/job/BIOFORMATS-DEV-latest/lastSuccessfulBuild/artifact/artifacts//formats-gpl.jar [1250165/1250165] -> "formats-gpl.jar" [1]

--== jars/bio-formats/jai_imageio ==--

2016-10-11 20:26:14 URL:https://ci.openmicroscopy.org/job/BIOFORMATS-DEV-latest/lastSuccessfulBuild/artifact/artifacts//jai_imageio.jar [1030296/1030296] -> "jai_imageio.jar" [1]

--== jars/bio-formats/mdbtools-java ==--

2016-10-11 20:26:15 URL:https://ci.openmicroscopy.org/job/BIOFORMATS-DEV-latest/lastSuccessfulBuild/artifact/artifacts//mdbtools-java.jar [86514/86514] -> "mdbtools-java.jar" [1]

--== jars/bio-formats/metakit ==--

2016-10-11 20:26:16 URL:https://ci.openmicroscopy.org/job/BIOFORMATS-DEV-latest/lastSuccessfulBuild/artifact/artifacts//metakit.jar [9290/9290] -> "metakit.jar" [1]

--== jars/bio-formats/ome-jxr ==--

2016-10-11 20:26:17 URL:https://ci.openmicroscopy.org/job/BIOFORMATS-DEV-latest/lastSuccessfulBuild/artifact/artifacts//ome-jxr.jar [36221/36221] -> "ome-jxr.jar" [1]

--== jars/bio-formats/ome-poi ==--

2016-10-11 20:26:19 URL:https://ci.openmicroscopy.org/job/BIOFORMATS-DEV-latest/lastSuccessfulBuild/artifact/artifacts//ome-poi.jar [932510/932510] -> "ome-poi.jar" [1]

--== jars/bio-formats/ome-xml ==--

2016-10-11 20:26:21 URL:https://ci.openmicroscopy.org/job/BIOFORMATS-DEV-latest/lastSuccessfulBuild/artifact/artifacts//ome-xml.jar [610581/610581] -> "ome-xml.jar" [1]

--== jars/bio-formats/specification ==--

2016-10-11 20:26:22 URL:https://ci.openmicroscopy.org/job/BIOFORMATS-DEV-latest/lastSuccessfulBuild/artifact/artifacts//specification.jar [650088/650088] -> "specification.jar" [1]

--== jars/bio-formats/turbojpeg ==--

2016-10-11 20:26:25 URL:https://ci.openmicroscopy.org/job/BIOFORMATS-DEV-latest/lastSuccessfulBuild/artifact/artifacts//turbojpeg.jar [1294483/1294483] -> "turbojpeg.jar" [1]

--== plugins/bio-formats_plugins ==--

2016-10-11 20:26:26 URL:https://ci.openmicroscopy.org/job/BIOFORMATS-DEV-latest/lastSuccessfulBuild/artifact/artifacts//bio-formats_plugins.jar [242879/242879] -> "bio-formats_plugins.jar" [1]
No GUI detected.  Falling back to headless mode.
No GUI detected.  Falling back to headless mode.
Updating the index of available files (Updating from ImageJ site: http://up...
Updating from ImageJ site: http://update.imagej.net/ done
Updating from Fiji site: http://update.fiji.sc/ done
Updating from Bio-Formats site: http://sites.imagej.net/Bio-Formats/ done
................................................................................
................................................................................
................................................................................
................................................................................
................................................................................
................................................................................
................................................................................
...
Done: Checksummer

No GUI detected.  Falling back to headless mode.
No GUI detected.  Falling back to headless mode.
Updating the index of available files (Updating from ImageJ site: http://up...
Updating from ImageJ site: http://update.imagej.net/ done
Updating from Fiji site: http://update.fiji.sc/ done
Updating from Bio-Formats site: http://sites.imagej.net/Bio-Formats/ done
................................................................................
................................................................................
................................................................................
................................................................................
................................................................................
................................................................................
................................................................................
...
Done: Checksummer

[INFO] Uploading 2 (removing 0) to Bio-Formats (webdav:Bio-Formats:<password>:./)
java.io.IOException: Server returned HTTP response code: 500 for URL: http://sites.imagej.net/Bio-Formats//
	at sun.net.www.protocol.http.HttpURLConnection.getInputStream(HttpURLConnection.java:1436)
	at net.imagej.plugins.uploaders.webdav.WebDAVUploader.directoryExists(WebDAVUploader.java:392)
	at net.imagej.plugins.uploaders.webdav.WebDAVUploader.login(WebDAVUploader.java:159)
	at net.imagej.updater.FilesUploader.login(FilesUploader.java:410)
	at net.imagej.updater.CommandLine.upload(CommandLine.java:1100)
	at net.imagej.updater.CommandLine.uploadCompleteSite(CommandLine.java:1078)
	at net.imagej.updater.CommandLine.main(CommandLine.java:1462)
	at net.imagej.updater.CommandLine.main(CommandLine.java:1375)
	at sun.reflect.NativeMethodAccessorImpl.invoke0(Native Method)
	at sun.reflect.NativeMethodAccessorImpl.invoke(NativeMethodAccessorImpl.java:39)
	at sun.reflect.DelegatingMethodAccessorImpl.invoke(DelegatingMethodAccessorImpl.java:25)
	at java.lang.reflect.Method.invoke(Method.java:597)
	at net.imagej.launcher.ClassLauncher.launch(ClassLauncher.java:279)
	at net.imagej.launcher.ClassLauncher.run(ClassLauncher.java:186)
	at net.imagej.launcher.ClassLauncher.main(ClassLauncher.java:77)
[ERROR] http://sites.imagej.net/Bio-Formats/ does not exist yet!
[ERROR] Login failed!
No GUI detected.  Falling back to headless mode.
No GUI detected.  Falling back to headless mode.
Updating the index of available files (Updating from ImageJ site: http://up...
Updating from ImageJ site: http://update.imagej.net/ done
Updating from Fiji site: http://update.fiji.sc/ done
Updating from Bio-Formats site: http://sites.imagej.net/Bio-Formats/ done
................................................................................
................................................................................
................................................................................
................................................................................
................................................................................
................................................................................
................................................................................
...
Done: Checksummer

Build step 'Groovy Postbuild' changed build result to FAILURE
Build step 'Groovy Postbuild' marked build as failure


From jenkins at imagej.net  Wed Oct 12 10:45:45 2016
From: jenkins at imagej.net (jenkins at imagej.net)
Date: Wed, 12 Oct 2016 10:45:45 -0500 (CDT)
Subject: [ImageJ-builds] Build failed in Jenkins: Bio-Formats-Fiji #1100
In-Reply-To: <719569649.238.1476235597949.JavaMail.jenkins@dev>
References: <719569649.238.1476235597949.JavaMail.jenkins@dev>
Message-ID: <1083107026.239.1476287145664.JavaMail.jenkins@dev>

See <http://jenkins.imagej.net/job/Bio-Formats-Fiji/1100/>

------------------------------------------
Started by user Curtis Rueden
Building on master in workspace <http://jenkins.imagej.net/job/Bio-Formats-Fiji/ws/>
Copied 2 artifacts from "Fiji" build number 943
[workspace] $ /bin/sh -xe /tmp/hudson4985143544291579926.sh
+ sh bin/upload-bf.sh
No GUI detected.  Falling back to headless mode.
No GUI detected.  Falling back to headless mode.
Updating the index of available files (Updating from ImageJ site: http://up...
Updating from ImageJ site: http://update.imagej.net/ done
Updating from Fiji site: http://update.fiji.sc/ done
Updating from Bio-Formats site: http://sites.imagej.net/Bio-Formats/ done
................................................................................
................................................................................
................................................................................
................................................................................
................................................................................
................................................................................
................................................................................
...
Done: Checksummer

Downloading... (jars/bio-formats/formats-api.jar) 
jars/bio-formats/formats-api.jar done
jars/bio-formats/formats-api.jar done
jars/bio-formats/formats-gpl.jar done
jars/bio-formats/formats-gpl.jar done
Done: Downloading...

Done: Downloading...


--== jars/bio-formats/formats-api ==--

2016-10-12 10:45:16 URL:https://ci.openmicroscopy.org/job/BIOFORMATS-DEV-latest/lastSuccessfulBuild/artifact/artifacts//formats-api.jar [149587/149587] -> "formats-api.jar" [1]

--== jars/bio-formats/formats-bsd ==--

2016-10-12 10:45:18 URL:https://ci.openmicroscopy.org/job/BIOFORMATS-DEV-latest/lastSuccessfulBuild/artifact/artifacts//formats-bsd.jar [681094/681094] -> "formats-bsd.jar" [1]

--== jars/bio-formats/formats-common ==--

2016-10-12 10:45:19 URL:https://ci.openmicroscopy.org/job/BIOFORMATS-DEV-latest/lastSuccessfulBuild/artifact/artifacts//formats-common.jar [120479/120479] -> "formats-common.jar" [1]

--== jars/bio-formats/formats-gpl ==--

2016-10-12 10:45:21 URL:https://ci.openmicroscopy.org/job/BIOFORMATS-DEV-latest/lastSuccessfulBuild/artifact/artifacts//formats-gpl.jar [1250165/1250165] -> "formats-gpl.jar" [1]

--== jars/bio-formats/jai_imageio ==--

2016-10-12 10:45:23 URL:https://ci.openmicroscopy.org/job/BIOFORMATS-DEV-latest/lastSuccessfulBuild/artifact/artifacts//jai_imageio.jar [1030296/1030296] -> "jai_imageio.jar" [1]

--== jars/bio-formats/mdbtools-java ==--

2016-10-12 10:45:24 URL:https://ci.openmicroscopy.org/job/BIOFORMATS-DEV-latest/lastSuccessfulBuild/artifact/artifacts//mdbtools-java.jar [86514/86514] -> "mdbtools-java.jar" [1]

--== jars/bio-formats/metakit ==--

2016-10-12 10:45:24 URL:https://ci.openmicroscopy.org/job/BIOFORMATS-DEV-latest/lastSuccessfulBuild/artifact/artifacts//metakit.jar [9290/9290] -> "metakit.jar" [1]

--== jars/bio-formats/ome-jxr ==--

2016-10-12 10:45:25 URL:https://ci.openmicroscopy.org/job/BIOFORMATS-DEV-latest/lastSuccessfulBuild/artifact/artifacts//ome-jxr.jar [36221/36221] -> "ome-jxr.jar" [1]

--== jars/bio-formats/ome-poi ==--

2016-10-12 10:45:27 URL:https://ci.openmicroscopy.org/job/BIOFORMATS-DEV-latest/lastSuccessfulBuild/artifact/artifacts//ome-poi.jar [932510/932510] -> "ome-poi.jar" [1]

--== jars/bio-formats/ome-xml ==--

2016-10-12 10:45:29 URL:https://ci.openmicroscopy.org/job/BIOFORMATS-DEV-latest/lastSuccessfulBuild/artifact/artifacts//ome-xml.jar [610581/610581] -> "ome-xml.jar" [1]

--== jars/bio-formats/specification ==--

2016-10-12 10:45:31 URL:https://ci.openmicroscopy.org/job/BIOFORMATS-DEV-latest/lastSuccessfulBuild/artifact/artifacts//specification.jar [650088/650088] -> "specification.jar" [1]

--== jars/bio-formats/turbojpeg ==--

2016-10-12 10:45:34 URL:https://ci.openmicroscopy.org/job/BIOFORMATS-DEV-latest/lastSuccessfulBuild/artifact/artifacts//turbojpeg.jar [1294483/1294483] -> "turbojpeg.jar" [1]

--== plugins/bio-formats_plugins ==--

2016-10-12 10:45:35 URL:https://ci.openmicroscopy.org/job/BIOFORMATS-DEV-latest/lastSuccessfulBuild/artifact/artifacts//bio-formats_plugins.jar [242879/242879] -> "bio-formats_plugins.jar" [1]
No GUI detected.  Falling back to headless mode.
No GUI detected.  Falling back to headless mode.
Updating the index of available files (Updating from ImageJ site: http://up...
Updating from ImageJ site: http://update.imagej.net/ done
Updating from Fiji site: http://update.fiji.sc/ done
Updating from Bio-Formats site: http://sites.imagej.net/Bio-Formats/ done
................................................................................
................................................................................
................................................................................
................................................................................
................................................................................
................................................................................
................................................................................
...
Done: Checksummer

No GUI detected.  Falling back to headless mode.
No GUI detected.  Falling back to headless mode.
Updating the index of available files (Updating from ImageJ site: http://up...
Updating from ImageJ site: http://update.imagej.net/ done
Updating from Fiji site: http://update.fiji.sc/ done
Updating from Bio-Formats site: http://sites.imagej.net/Bio-Formats/ done
................................................................................
................................................................................
................................................................................
................................................................................
................................................................................
................................................................................
................................................................................
...
Done: Checksummer

[INFO] Uploading 2 (removing 0) to Bio-Formats (webdav:Bio-Formats:<password>:./)
java.io.IOException: Server returned HTTP response code: 500 for URL: http://sites.imagej.net/Bio-Formats//
	at sun.net.www.protocol.http.HttpURLConnection.getInputStream(HttpURLConnection.java:1436)
	at net.imagej.plugins.uploaders.webdav.WebDAVUploader.directoryExists(WebDAVUploader.java:392)
	at net.imagej.plugins.uploaders.webdav.WebDAVUploader.login(WebDAVUploader.java:159)
	at net.imagej.updater.FilesUploader.login(FilesUploader.java:410)
	at net.imagej.updater.CommandLine.upload(CommandLine.java:1100)
	at net.imagej.updater.CommandLine.uploadCompleteSite(CommandLine.java:1078)
	at net.imagej.updater.CommandLine.main(CommandLine.java:1462)
	at net.imagej.updater.CommandLine.main(CommandLine.java:1375)
	at sun.reflect.NativeMethodAccessorImpl.invoke0(Native Method)
	at sun.reflect.NativeMethodAccessorImpl.invoke(NativeMethodAccessorImpl.java:39)
	at sun.reflect.DelegatingMethodAccessorImpl.invoke(DelegatingMethodAccessorImpl.java:25)
	at java.lang.reflect.Method.invoke(Method.java:597)
	at net.imagej.launcher.ClassLauncher.launch(ClassLauncher.java:279)
	at net.imagej.launcher.ClassLauncher.run(ClassLauncher.java:186)
	at net.imagej.launcher.ClassLauncher.main(ClassLauncher.java:77)
[ERROR] http://sites.imagej.net/Bio-Formats/ does not exist yet!
[ERROR] Login failed!
No GUI detected.  Falling back to headless mode.
No GUI detected.  Falling back to headless mode.
Updating the index of available files (Updating from ImageJ site: http://up...
Updating from ImageJ site: http://update.imagej.net/ done
Updating from Fiji site: http://update.fiji.sc/ done
Updating from Bio-Formats site: http://sites.imagej.net/Bio-Formats/ done
................................................................................
................................................................................
................................................................................
................................................................................
................................................................................
................................................................................
................................................................................
...
Done: Checksummer

Build step 'Groovy Postbuild' changed build result to FAILURE
Build step 'Groovy Postbuild' marked build as failure


From jenkins at imagej.net  Wed Oct 12 20:26:34 2016
From: jenkins at imagej.net (jenkins at imagej.net)
Date: Wed, 12 Oct 2016 20:26:34 -0500 (CDT)
Subject: [ImageJ-builds] Build failed in Jenkins: Bio-Formats-Fiji #1101
In-Reply-To: <1083107026.239.1476287145664.JavaMail.jenkins@dev>
References: <1083107026.239.1476287145664.JavaMail.jenkins@dev>
Message-ID: <1930351753.240.1476321994120.JavaMail.jenkins@dev>

See <http://jenkins.imagej.net/job/Bio-Formats-Fiji/1101/>

------------------------------------------
Started by timer
Building on master in workspace <http://jenkins.imagej.net/job/Bio-Formats-Fiji/ws/>
Copied 2 artifacts from "Fiji" build number 943
[workspace] $ /bin/sh -xe /tmp/hudson1909758448603222804.sh
+ sh bin/upload-bf.sh
No GUI detected.  Falling back to headless mode.
No GUI detected.  Falling back to headless mode.
Updating the index of available files (Updating from ImageJ site: http://up...
Updating from ImageJ site: http://update.imagej.net/ done
Updating from Fiji site: http://update.fiji.sc/ done
Updating from Bio-Formats site: http://sites.imagej.net/Bio-Formats/ done
................................................................................
................................................................................
................................................................................
................................................................................
................................................................................
................................................................................
................................................................................
...
Done: Checksummer

Downloading... (jars/bio-formats/formats-api.jar) 
jars/bio-formats/formats-api.jar done
jars/bio-formats/formats-api.jar done
jars/bio-formats/formats-gpl.jar done
jars/bio-formats/formats-gpl.jar done
Done: Downloading...

Done: Downloading...


--== jars/bio-formats/formats-api ==--

2016-10-12 20:26:04 URL:https://ci.openmicroscopy.org/job/BIOFORMATS-DEV-latest/lastSuccessfulBuild/artifact/artifacts//formats-api.jar [149587/149587] -> "formats-api.jar" [1]

--== jars/bio-formats/formats-bsd ==--

2016-10-12 20:26:06 URL:https://ci.openmicroscopy.org/job/BIOFORMATS-DEV-latest/lastSuccessfulBuild/artifact/artifacts//formats-bsd.jar [681094/681094] -> "formats-bsd.jar" [1]

--== jars/bio-formats/formats-common ==--

2016-10-12 20:26:07 URL:https://ci.openmicroscopy.org/job/BIOFORMATS-DEV-latest/lastSuccessfulBuild/artifact/artifacts//formats-common.jar [120479/120479] -> "formats-common.jar" [1]

--== jars/bio-formats/formats-gpl ==--

2016-10-12 20:26:10 URL:https://ci.openmicroscopy.org/job/BIOFORMATS-DEV-latest/lastSuccessfulBuild/artifact/artifacts//formats-gpl.jar [1250165/1250165] -> "formats-gpl.jar" [1]

--== jars/bio-formats/jai_imageio ==--

2016-10-12 20:26:12 URL:https://ci.openmicroscopy.org/job/BIOFORMATS-DEV-latest/lastSuccessfulBuild/artifact/artifacts//jai_imageio.jar [1030296/1030296] -> "jai_imageio.jar" [1]

--== jars/bio-formats/mdbtools-java ==--

2016-10-12 20:26:13 URL:https://ci.openmicroscopy.org/job/BIOFORMATS-DEV-latest/lastSuccessfulBuild/artifact/artifacts//mdbtools-java.jar [86514/86514] -> "mdbtools-java.jar" [1]

--== jars/bio-formats/metakit ==--

2016-10-12 20:26:14 URL:https://ci.openmicroscopy.org/job/BIOFORMATS-DEV-latest/lastSuccessfulBuild/artifact/artifacts//metakit.jar [9290/9290] -> "metakit.jar" [1]

--== jars/bio-formats/ome-jxr ==--

2016-10-12 20:26:14 URL:https://ci.openmicroscopy.org/job/BIOFORMATS-DEV-latest/lastSuccessfulBuild/artifact/artifacts//ome-jxr.jar [36221/36221] -> "ome-jxr.jar" [1]

--== jars/bio-formats/ome-poi ==--

2016-10-12 20:26:17 URL:https://ci.openmicroscopy.org/job/BIOFORMATS-DEV-latest/lastSuccessfulBuild/artifact/artifacts//ome-poi.jar [932510/932510] -> "ome-poi.jar" [1]

--== jars/bio-formats/ome-xml ==--

2016-10-12 20:26:18 URL:https://ci.openmicroscopy.org/job/BIOFORMATS-DEV-latest/lastSuccessfulBuild/artifact/artifacts//ome-xml.jar [610581/610581] -> "ome-xml.jar" [1]

--== jars/bio-formats/specification ==--

2016-10-12 20:26:20 URL:https://ci.openmicroscopy.org/job/BIOFORMATS-DEV-latest/lastSuccessfulBuild/artifact/artifacts//specification.jar [650088/650088] -> "specification.jar" [1]

--== jars/bio-formats/turbojpeg ==--

2016-10-12 20:26:23 URL:https://ci.openmicroscopy.org/job/BIOFORMATS-DEV-latest/lastSuccessfulBuild/artifact/artifacts//turbojpeg.jar [1294483/1294483] -> "turbojpeg.jar" [1]

--== plugins/bio-formats_plugins ==--

2016-10-12 20:26:24 URL:https://ci.openmicroscopy.org/job/BIOFORMATS-DEV-latest/lastSuccessfulBuild/artifact/artifacts//bio-formats_plugins.jar [242879/242879] -> "bio-formats_plugins.jar" [1]
No GUI detected.  Falling back to headless mode.
No GUI detected.  Falling back to headless mode.
Updating the index of available files (Updating from ImageJ site: http://up...
Updating from ImageJ site: http://update.imagej.net/ done
Updating from Fiji site: http://update.fiji.sc/ done
Updating from Bio-Formats site: http://sites.imagej.net/Bio-Formats/ done
................................................................................
................................................................................
................................................................................
................................................................................
................................................................................
................................................................................
................................................................................
...
Done: Checksummer

No GUI detected.  Falling back to headless mode.
No GUI detected.  Falling back to headless mode.
Updating the index of available files (Updating from ImageJ site: http://up...
Updating from ImageJ site: http://update.imagej.net/ done
Updating from Fiji site: http://update.fiji.sc/ done
Updating from Bio-Formats site: http://sites.imagej.net/Bio-Formats/ done
................................................................................
................................................................................
................................................................................
................................................................................
................................................................................
................................................................................
................................................................................
...
Done: Checksummer

[INFO] Uploading 2 (removing 0) to Bio-Formats (webdav:Bio-Formats:<password>:./)
java.io.IOException: Server returned HTTP response code: 500 for URL: http://sites.imagej.net/Bio-Formats//
	at sun.net.www.protocol.http.HttpURLConnection.getInputStream(HttpURLConnection.java:1436)
	at net.imagej.plugins.uploaders.webdav.WebDAVUploader.directoryExists(WebDAVUploader.java:392)
	at net.imagej.plugins.uploaders.webdav.WebDAVUploader.login(WebDAVUploader.java:159)
	at net.imagej.updater.FilesUploader.login(FilesUploader.java:410)
	at net.imagej.updater.CommandLine.upload(CommandLine.java:1100)
	at net.imagej.updater.CommandLine.uploadCompleteSite(CommandLine.java:1078)
	at net.imagej.updater.CommandLine.main(CommandLine.java:1462)
	at net.imagej.updater.CommandLine.main(CommandLine.java:1375)
	at sun.reflect.NativeMethodAccessorImpl.invoke0(Native Method)
	at sun.reflect.NativeMethodAccessorImpl.invoke(NativeMethodAccessorImpl.java:39)
	at sun.reflect.DelegatingMethodAccessorImpl.invoke(DelegatingMethodAccessorImpl.java:25)
	at java.lang.reflect.Method.invoke(Method.java:597)
	at net.imagej.launcher.ClassLauncher.launch(ClassLauncher.java:279)
	at net.imagej.launcher.ClassLauncher.run(ClassLauncher.java:186)
	at net.imagej.launcher.ClassLauncher.main(ClassLauncher.java:77)
[ERROR] http://sites.imagej.net/Bio-Formats/ does not exist yet!
[ERROR] Login failed!
No GUI detected.  Falling back to headless mode.
No GUI detected.  Falling back to headless mode.
Updating the index of available files (Updating from ImageJ site: http://up...
Updating from ImageJ site: http://update.imagej.net/ done
Updating from Fiji site: http://update.fiji.sc/ done
Updating from Bio-Formats site: http://sites.imagej.net/Bio-Formats/ done
................................................................................
................................................................................
................................................................................
................................................................................
................................................................................
................................................................................
................................................................................
...
Done: Checksummer

Build step 'Groovy Postbuild' changed build result to FAILURE
Build step 'Groovy Postbuild' marked build as failure


From jenkins at imagej.net  Thu Oct 13 13:38:12 2016
From: jenkins at imagej.net (jenkins at imagej.net)
Date: Thu, 13 Oct 2016 13:38:12 -0500 (CDT)
Subject: [ImageJ-builds] Jenkins build is back to normal : Bio-Formats-Fiji
	#1102
In-Reply-To: <1930351753.240.1476321994120.JavaMail.jenkins@dev>
References: <1930351753.240.1476321994120.JavaMail.jenkins@dev>
Message-ID: <203513378.241.1476383892053.JavaMail.jenkins@dev>

See <http://jenkins.imagej.net/job/Bio-Formats-Fiji/1102/>



From jenkins at imagej.net  Thu Oct 13 22:32:01 2016
From: jenkins at imagej.net (jenkins at imagej.net)
Date: Thu, 13 Oct 2016 22:32:01 -0500 (CDT)
Subject: [ImageJ-builds] Build failed in Jenkins: Simple_Neurite_Tracer #41
Message-ID: <1454029442.242.1476415921084.JavaMail.jenkins@dev>

See <http://jenkins.imagej.net/job/Simple_Neurite_Tracer/41/changes>

Changes:

[github] POM: bump parent to pom-fiji 26.1.1

------------------------------------------
Started by an SCM change
Building remotely on maven in workspace <http://jenkins.imagej.net/job/Simple_Neurite_Tracer/ws/>
 > git rev-parse --is-inside-work-tree # timeout=10
Fetching changes from the remote Git repository
 > git config remote.origin.url git://github.com/fiji/Simple_Neurite_Tracer # timeout=10
Fetching upstream changes from git://github.com/fiji/Simple_Neurite_Tracer
 > git --version # timeout=10
 > git -c core.askpass=true fetch --tags --progress git://github.com/fiji/Simple_Neurite_Tracer +refs/heads/*:refs/remotes/origin/*
 > git rev-parse origin/master^{commit} # timeout=10
Checking out Revision 6fec7a80af64ddbc60927ee3f50188017119b142 (origin/master)
 > git config core.sparsecheckout # timeout=10
 > git checkout -f 6fec7a80af64ddbc60927ee3f50188017119b142
 > git rev-list 69b32e623ba20416f591c8620d153a8676fd6d96 # timeout=10
 > git tag -a -f -m Jenkins Build #41 jenkins-Simple_Neurite_Tracer-41 # timeout=10
[Simple_Neurite_Tracer] $ /bin/sh -xe /tmp/hudson2424547692192813328.sh
+ git clean -dfx
Removing target/
[Simple_Neurite_Tracer] $ /bin/sh -xe /tmp/hudson658308256897525614.sh
+ mvn -U -Pdeploy-to-imagej clean deploy
[INFO] Scanning for projects...
[INFO]                                                                         
[INFO] ------------------------------------------------------------------------
[INFO] Building plugins/Simple_Neurite_Tracer.jar 3.0.5-SNAPSHOT
[INFO] ------------------------------------------------------------------------
[INFO] 
[INFO] --- maven-clean-plugin:3.0.0:clean (default-clean) @ Simple_Neurite_Tracer ---
[INFO] 
[INFO] --- maven-enforcer-plugin:1.4.1:enforce (enforce-rules) @ Simple_Neurite_Tracer ---
[INFO] Restricted to JDK 1.7 yet net.imagej:ij1-patcher:jar:0.12.5:compile contains net/imagej/patcher/LegacyInjector$Callback.class targeted to JDK 1.8
[INFO] Restricted to JDK 1.7 yet org.scijava:scijava-common:jar:2.60.1:compile contains org/scijava/Instantiable.class targeted to JDK 1.8
[WARNING] Rule 5: org.apache.maven.plugins.enforcer.EnforceBytecodeVersion failed with message:
Found Banned Dependency: net.imagej:ij1-patcher:jar:0.12.5
Found Banned Dependency: org.scijava:scijava-common:jar:2.60.1
Use 'mvn dependency:tree' to locate the source of the banned dependencies.
[INFO] ------------------------------------------------------------------------
[INFO] BUILD FAILURE
[INFO] ------------------------------------------------------------------------
[INFO] Total time: 3.826s
[INFO] Finished at: Thu Oct 13 22:32:00 CDT 2016
[INFO] Final Memory: 20M/551M
[INFO] ------------------------------------------------------------------------
[ERROR] Failed to execute goal org.apache.maven.plugins:maven-enforcer-plugin:1.4.1:enforce (enforce-rules) on project Simple_Neurite_Tracer: Some Enforcer rules have failed. Look above for specific messages explaining why the rule failed. -> [Help 1]
[ERROR] 
[ERROR] To see the full stack trace of the errors, re-run Maven with the -e switch.
[ERROR] Re-run Maven using the -X switch to enable full debug logging.
[ERROR] 
[ERROR] For more information about the errors and possible solutions, please read the following articles:
[ERROR] [Help 1] http://cwiki.apache.org/confluence/display/MAVEN/MojoExecutionException
Build step 'Execute shell' marked build as failure
Archiving artifacts


From jenkins at imagej.net  Fri Oct 14 11:38:15 2016
From: jenkins at imagej.net (jenkins at imagej.net)
Date: Fri, 14 Oct 2016 11:38:15 -0500 (CDT)
Subject: [ImageJ-builds] mail-watcher-plugin: Computer Windows marked offline
Message-ID: <1200024671.243.1476463095784.JavaMail.jenkins@dev>

Initiator: unknown
Url: http://jenkins.imagej.net/computer/Windows/


Connection was broken: java.io.EOFException
	at org.jenkinsci.remoting.nio.NioChannelHub$3.run(NioChannelHub.java:614)
	at java.util.concurrent.Executors$RunnableAdapter.call(Executors.java:511)
	at java.util.concurrent.FutureTask.run(FutureTask.java:266)
	at hudson.remoting.SingleLaneExecutorService$1.run(SingleLaneExecutorService.java:112)
	at jenkins.util.ContextResettingExecutorService$1.run(ContextResettingExecutorService.java:28)
	at java.util.concurrent.Executors$RunnableAdapter.call(Executors.java:511)
	at java.util.concurrent.FutureTask.run(FutureTask.java:266)
	at java.util.concurrent.ThreadPoolExecutor.runWorker(ThreadPoolExecutor.java:1142)
	at java.util.concurrent.ThreadPoolExecutor$Worker.run(ThreadPoolExecutor.java:617)
	at java.lang.Thread.run(Thread.java:745)


From jenkins at imagej.net  Fri Oct 14 11:49:34 2016
From: jenkins at imagej.net (jenkins at imagej.net)
Date: Fri, 14 Oct 2016 11:49:34 -0500 (CDT)
Subject: [ImageJ-builds] mail-watcher-plugin: Computer Windows marked online
 (was temporarily offline)
Message-ID: <1963552647.244.1476463774706.JavaMail.jenkins@dev>

Initiator: alecneevel
Url: http://jenkins.imagej.net/computer/Windows/




From jenkins at imagej.net  Fri Oct 14 12:00:04 2016
From: jenkins at imagej.net (jenkins at imagej.net)
Date: Fri, 14 Oct 2016 12:00:04 -0500 (CDT)
Subject: [ImageJ-builds] mail-watcher-plugin: Computer Windows marked online
Message-ID: <1918888623.245.1476464404497.JavaMail.jenkins@dev>

Initiator: SYSTEM
Url: http://jenkins.imagej.net/computer/Windows/




From jenkins at imagej.net  Fri Oct 14 12:00:18 2016
From: jenkins at imagej.net (jenkins at imagej.net)
Date: Fri, 14 Oct 2016 12:00:18 -0500 (CDT)
Subject: [ImageJ-builds] Build failed in Jenkins: NAR-Maven-Plugin-windows
	#110
In-Reply-To: <1733892628.291.1461682694230.JavaMail.jenkins@dev>
References: <1733892628.291.1461682694230.JavaMail.jenkins@dev>
Message-ID: <805698225.246.1476464418720.JavaMail.jenkins@dev>

See <http://jenkins.imagej.net/job/NAR-Maven-Plugin-windows/110/>

------------------------------------------
Started by an SCM change
Started by an SCM change
Started by an SCM change
Started by an SCM change
Started by an SCM change
Building remotely on Windows (windows) in workspace <http://jenkins.imagej.net/job/NAR-Maven-Plugin-windows/ws/>
 > c:\bin\git rev-parse --is-inside-work-tree # timeout=10
ERROR: Workspace has a .git repository, but it appears to be corrupt.
hudson.plugins.git.GitException: Error performing command: c:\bin\git rev-parse --is-inside-work-tree
	at org.jenkinsci.plugins.gitclient.CliGitAPIImpl.launchCommandIn(CliGitAPIImpl.java:1726)
	at org.jenkinsci.plugins.gitclient.CliGitAPIImpl.launchCommandIn(CliGitAPIImpl.java:1695)
	at org.jenkinsci.plugins.gitclient.CliGitAPIImpl.launchCommandIn(CliGitAPIImpl.java:1691)
	at org.jenkinsci.plugins.gitclient.CliGitAPIImpl.launchCommand(CliGitAPIImpl.java:1321)
	at org.jenkinsci.plugins.gitclient.CliGitAPIImpl.launchCommand(CliGitAPIImpl.java:1333)
	at org.jenkinsci.plugins.gitclient.CliGitAPIImpl.hasGitRepo(CliGitAPIImpl.java:195)
	at hudson.plugins.git.GitAPI.hasGitRepo(GitAPI.java:232)
	at sun.reflect.NativeMethodAccessorImpl.invoke0(Native Method)
	at sun.reflect.NativeMethodAccessorImpl.invoke(Unknown Source)
	at sun.reflect.DelegatingMethodAccessorImpl.invoke(Unknown Source)
	at java.lang.reflect.Method.invoke(Unknown Source)
	at hudson.remoting.RemoteInvocationHandler$RPCRequest.perform(RemoteInvocationHandler.java:884)
	at hudson.remoting.RemoteInvocationHandler$RPCRequest.call(RemoteInvocationHandler.java:859)
	at hudson.remoting.RemoteInvocationHandler$RPCRequest.call(RemoteInvocationHandler.java:818)
	at hudson.remoting.UserRequest.perform(UserRequest.java:152)
	at hudson.remoting.UserRequest.perform(UserRequest.java:50)
	at hudson.remoting.Request$2.run(Request.java:332)
	at hudson.remoting.InterceptingExecutorService$1.call(InterceptingExecutorService.java:68)
	at java.util.concurrent.FutureTask.run(Unknown Source)
	at java.util.concurrent.ThreadPoolExecutor.runWorker(Unknown Source)
	at java.util.concurrent.ThreadPoolExecutor$Worker.run(Unknown Source)
	at hudson.remoting.Engine$1$1.run(Engine.java:85)
	at java.lang.Thread.run(Unknown Source)
Caused by: java.io.IOException: Cannot run program "c:\bin\git" (in directory "<http://jenkins.imagej.net/job/NAR-Maven-Plugin-windows/ws/")>: CreateProcess error=2, The system cannot find the file specified
	at java.lang.ProcessBuilder.start(Unknown Source)
	at hudson.Proc$LocalProc.<init>(Proc.java:240)
	at hudson.Proc$LocalProc.<init>(Proc.java:212)
	at hudson.Launcher$LocalLauncher.launch(Launcher.java:815)
	at hudson.Launcher$ProcStarter.start(Launcher.java:381)
	at org.jenkinsci.plugins.gitclient.CliGitAPIImpl.launchCommandIn(CliGitAPIImpl.java:1715)
	... 22 more
Caused by: java.io.IOException: CreateProcess error=2, The system cannot find the file specified
	at java.lang.ProcessImpl.create(Native Method)
	at java.lang.ProcessImpl.<init>(Unknown Source)
	at java.lang.ProcessImpl.start(Unknown Source)
	... 28 more
Cloning the remote Git repository
Cloning repository git://github.com/maven-nar/nar-maven-plugin
 > c:\bin\git init <http://jenkins.imagej.net/job/NAR-Maven-Plugin-windows/ws/> # timeout=10
ERROR: Error cloning remote repo 'origin'
hudson.plugins.git.GitException: Could not init <http://jenkins.imagej.net/job/NAR-Maven-Plugin-windows/ws/>
	at org.jenkinsci.plugins.gitclient.CliGitAPIImpl$5.execute(CliGitAPIImpl.java:656)
	at org.jenkinsci.plugins.gitclient.CliGitAPIImpl$2.execute(CliGitAPIImpl.java:463)
	at org.jenkinsci.plugins.gitclient.RemoteGitImpl$CommandInvocationHandler$1.call(RemoteGitImpl.java:152)
	at org.jenkinsci.plugins.gitclient.RemoteGitImpl$CommandInvocationHandler$1.call(RemoteGitImpl.java:145)
	at hudson.remoting.UserRequest.perform(UserRequest.java:152)
	at hudson.remoting.UserRequest.perform(UserRequest.java:50)
	at hudson.remoting.Request$2.run(Request.java:332)
	at hudson.remoting.InterceptingExecutorService$1.call(InterceptingExecutorService.java:68)
	at java.util.concurrent.FutureTask.run(Unknown Source)
	at java.util.concurrent.ThreadPoolExecutor.runWorker(Unknown Source)
	at java.util.concurrent.ThreadPoolExecutor$Worker.run(Unknown Source)
	at hudson.remoting.Engine$1$1.run(Engine.java:85)
	at java.lang.Thread.run(Unknown Source)
	at ......remote call to Windows(Native Method)
	at hudson.remoting.Channel.attachCallSiteStackTrace(Channel.java:1416)
	at hudson.remoting.UserResponse.retrieve(UserRequest.java:252)
	at hudson.remoting.Channel.call(Channel.java:781)
	at org.jenkinsci.plugins.gitclient.RemoteGitImpl$CommandInvocationHandler.execute(RemoteGitImpl.java:145)
	at sun.reflect.GeneratedMethodAccessor7543.invoke(Unknown Source)
	at sun.reflect.DelegatingMethodAccessorImpl.invoke(DelegatingMethodAccessorImpl.java:43)
	at java.lang.reflect.Method.invoke(Method.java:498)
	at org.jenkinsci.plugins.gitclient.RemoteGitImpl$CommandInvocationHandler.invoke(RemoteGitImpl.java:131)
	at com.sun.proxy.$Proxy86.execute(Unknown Source)
	at hudson.plugins.git.GitSCM.retrieveChanges(GitSCM.java:1057)
	at hudson.plugins.git.GitSCM.checkout(GitSCM.java:1097)
	at hudson.scm.SCM.checkout(SCM.java:485)
	at hudson.model.AbstractProject.checkout(AbstractProject.java:1269)
	at hudson.model.AbstractBuild$AbstractBuildExecution.defaultCheckout(AbstractBuild.java:604)
	at jenkins.scm.SCMCheckoutStrategy.checkout(SCMCheckoutStrategy.java:86)
	at hudson.model.AbstractBuild$AbstractBuildExecution.run(AbstractBuild.java:529)
	at hudson.model.Run.execute(Run.java:1741)
	at hudson.model.FreeStyleBuild.run(FreeStyleBuild.java:43)
	at hudson.model.ResourceController.execute(ResourceController.java:98)
	at hudson.model.Executor.run(Executor.java:410)
Caused by: hudson.plugins.git.GitException: Error performing command: c:\bin\git init <http://jenkins.imagej.net/job/NAR-Maven-Plugin-windows/ws/>
	at org.jenkinsci.plugins.gitclient.CliGitAPIImpl.launchCommandIn(CliGitAPIImpl.java:1726)
	at org.jenkinsci.plugins.gitclient.CliGitAPIImpl.launchCommandIn(CliGitAPIImpl.java:1695)
	at org.jenkinsci.plugins.gitclient.CliGitAPIImpl.launchCommandIn(CliGitAPIImpl.java:1691)
	at org.jenkinsci.plugins.gitclient.CliGitAPIImpl.launchCommand(CliGitAPIImpl.java:1321)
	at org.jenkinsci.plugins.gitclient.CliGitAPIImpl$5.execute(CliGitAPIImpl.java:654)
	at org.jenkinsci.plugins.gitclient.CliGitAPIImpl$2.execute(CliGitAPIImpl.java:463)
	at org.jenkinsci.plugins.gitclient.RemoteGitImpl$CommandInvocationHandler$1.call(RemoteGitImpl.java:152)
	at org.jenkinsci.plugins.gitclient.RemoteGitImpl$CommandInvocationHandler$1.call(RemoteGitImpl.java:145)
	at hudson.remoting.UserRequest.perform(UserRequest.java:152)
	at hudson.remoting.UserRequest.perform(UserRequest.java:50)
	at hudson.remoting.Request$2.run(Request.java:332)
	at hudson.remoting.InterceptingExecutorService$1.call(InterceptingExecutorService.java:68)
	at java.util.concurrent.FutureTask.run(Unknown Source)
	at java.util.concurrent.ThreadPoolExecutor.runWorker(Unknown Source)
	at java.util.concurrent.ThreadPoolExecutor$Worker.run(Unknown Source)
	at hudson.remoting.Engine$1$1.run(Engine.java:85)
	at java.lang.Thread.run(Unknown Source)
Caused by: java.io.IOException: Cannot run program "c:\bin\git" (in directory "<http://jenkins.imagej.net/job/NAR-Maven-Plugin-windows/ws/")>: CreateProcess error=2, The system cannot find the file specified
	at java.lang.ProcessBuilder.start(Unknown Source)
	at hudson.Proc$LocalProc.<init>(Proc.java:240)
	at hudson.Proc$LocalProc.<init>(Proc.java:212)
	at hudson.Launcher$LocalLauncher.launch(Launcher.java:815)
	at hudson.Launcher$ProcStarter.start(Launcher.java:381)
	at org.jenkinsci.plugins.gitclient.CliGitAPIImpl.launchCommandIn(CliGitAPIImpl.java:1715)
	... 16 more
Caused by: java.io.IOException: CreateProcess error=2, The system cannot find the file specified
	at java.lang.ProcessImpl.create(Native Method)
	at java.lang.ProcessImpl.<init>(Unknown Source)
	at java.lang.ProcessImpl.start(Unknown Source)
	... 22 more
ERROR: null



From jenkins at imagej.net  Fri Oct 14 12:00:21 2016
From: jenkins at imagej.net (jenkins at imagej.net)
Date: Fri, 14 Oct 2016 12:00:21 -0500 (CDT)
Subject: [ImageJ-builds] Build failed in Jenkins: SciJava-common-windows #891
In-Reply-To: <858844462.209.1474657700303.JavaMail.jenkins@dev>
References: <858844462.209.1474657700303.JavaMail.jenkins@dev>
Message-ID: <660244849.247.1476464421984.JavaMail.jenkins@dev>

See <http://jenkins.imagej.net/job/SciJava-common-windows/891/>

------------------------------------------
Started by upstream project "SciJava-common" build number 1081
originally caused by:
 Started by an SCM change
Building remotely on Windows (windows) in workspace <http://jenkins.imagej.net/job/SciJava-common-windows/ws/>
Cloning the remote Git repository
Cloning repository git://github.com/scijava/scijava-common
 > c:\bin\git init <http://jenkins.imagej.net/job/SciJava-common-windows/ws/> # timeout=10
ERROR: Error cloning remote repo 'origin'
hudson.plugins.git.GitException: Could not init <http://jenkins.imagej.net/job/SciJava-common-windows/ws/>
	at org.jenkinsci.plugins.gitclient.CliGitAPIImpl$5.execute(CliGitAPIImpl.java:656)
	at org.jenkinsci.plugins.gitclient.CliGitAPIImpl$2.execute(CliGitAPIImpl.java:463)
	at org.jenkinsci.plugins.gitclient.RemoteGitImpl$CommandInvocationHandler$1.call(RemoteGitImpl.java:152)
	at org.jenkinsci.plugins.gitclient.RemoteGitImpl$CommandInvocationHandler$1.call(RemoteGitImpl.java:145)
	at hudson.remoting.UserRequest.perform(UserRequest.java:152)
	at hudson.remoting.UserRequest.perform(UserRequest.java:50)
	at hudson.remoting.Request$2.run(Request.java:332)
	at hudson.remoting.InterceptingExecutorService$1.call(InterceptingExecutorService.java:68)
	at java.util.concurrent.FutureTask.run(Unknown Source)
	at java.util.concurrent.ThreadPoolExecutor.runWorker(Unknown Source)
	at java.util.concurrent.ThreadPoolExecutor$Worker.run(Unknown Source)
	at hudson.remoting.Engine$1$1.run(Engine.java:85)
	at java.lang.Thread.run(Unknown Source)
	at ......remote call to Windows(Native Method)
	at hudson.remoting.Channel.attachCallSiteStackTrace(Channel.java:1416)
	at hudson.remoting.UserResponse.retrieve(UserRequest.java:252)
	at hudson.remoting.Channel.call(Channel.java:781)
	at org.jenkinsci.plugins.gitclient.RemoteGitImpl$CommandInvocationHandler.execute(RemoteGitImpl.java:145)
	at sun.reflect.GeneratedMethodAccessor7543.invoke(Unknown Source)
	at sun.reflect.DelegatingMethodAccessorImpl.invoke(DelegatingMethodAccessorImpl.java:43)
	at java.lang.reflect.Method.invoke(Method.java:498)
	at org.jenkinsci.plugins.gitclient.RemoteGitImpl$CommandInvocationHandler.invoke(RemoteGitImpl.java:131)
	at com.sun.proxy.$Proxy86.execute(Unknown Source)
	at hudson.plugins.git.GitSCM.retrieveChanges(GitSCM.java:1057)
	at hudson.plugins.git.GitSCM.checkout(GitSCM.java:1097)
	at hudson.scm.SCM.checkout(SCM.java:485)
	at hudson.model.AbstractProject.checkout(AbstractProject.java:1269)
	at hudson.model.AbstractBuild$AbstractBuildExecution.defaultCheckout(AbstractBuild.java:604)
	at jenkins.scm.SCMCheckoutStrategy.checkout(SCMCheckoutStrategy.java:86)
	at hudson.model.AbstractBuild$AbstractBuildExecution.run(AbstractBuild.java:529)
	at hudson.model.Run.execute(Run.java:1741)
	at hudson.model.FreeStyleBuild.run(FreeStyleBuild.java:43)
	at hudson.model.ResourceController.execute(ResourceController.java:98)
	at hudson.model.Executor.run(Executor.java:410)
Caused by: hudson.plugins.git.GitException: Error performing command: c:\bin\git init <http://jenkins.imagej.net/job/SciJava-common-windows/ws/>
	at org.jenkinsci.plugins.gitclient.CliGitAPIImpl.launchCommandIn(CliGitAPIImpl.java:1726)
	at org.jenkinsci.plugins.gitclient.CliGitAPIImpl.launchCommandIn(CliGitAPIImpl.java:1695)
	at org.jenkinsci.plugins.gitclient.CliGitAPIImpl.launchCommandIn(CliGitAPIImpl.java:1691)
	at org.jenkinsci.plugins.gitclient.CliGitAPIImpl.launchCommand(CliGitAPIImpl.java:1321)
	at org.jenkinsci.plugins.gitclient.CliGitAPIImpl$5.execute(CliGitAPIImpl.java:654)
	at org.jenkinsci.plugins.gitclient.CliGitAPIImpl$2.execute(CliGitAPIImpl.java:463)
	at org.jenkinsci.plugins.gitclient.RemoteGitImpl$CommandInvocationHandler$1.call(RemoteGitImpl.java:152)
	at org.jenkinsci.plugins.gitclient.RemoteGitImpl$CommandInvocationHandler$1.call(RemoteGitImpl.java:145)
	at hudson.remoting.UserRequest.perform(UserRequest.java:152)
	at hudson.remoting.UserRequest.perform(UserRequest.java:50)
	at hudson.remoting.Request$2.run(Request.java:332)
	at hudson.remoting.InterceptingExecutorService$1.call(InterceptingExecutorService.java:68)
	at java.util.concurrent.FutureTask.run(Unknown Source)
	at java.util.concurrent.ThreadPoolExecutor.runWorker(Unknown Source)
	at java.util.concurrent.ThreadPoolExecutor$Worker.run(Unknown Source)
	at hudson.remoting.Engine$1$1.run(Engine.java:85)
	at java.lang.Thread.run(Unknown Source)
Caused by: java.io.IOException: Cannot run program "c:\bin\git" (in directory "<http://jenkins.imagej.net/job/SciJava-common-windows/ws/")>: CreateProcess error=2, The system cannot find the file specified
	at java.lang.ProcessBuilder.start(Unknown Source)
	at hudson.Proc$LocalProc.<init>(Proc.java:240)
	at hudson.Proc$LocalProc.<init>(Proc.java:212)
	at hudson.Launcher$LocalLauncher.launch(Launcher.java:815)
	at hudson.Launcher$ProcStarter.start(Launcher.java:381)
	at org.jenkinsci.plugins.gitclient.CliGitAPIImpl.launchCommandIn(CliGitAPIImpl.java:1715)
	... 16 more
Caused by: java.io.IOException: CreateProcess error=2, The system cannot find the file specified
	at java.lang.ProcessImpl.create(Native Method)
	at java.lang.ProcessImpl.<init>(Unknown Source)
	at java.lang.ProcessImpl.start(Unknown Source)
	... 22 more
ERROR: null
Archiving artifacts
Recording test results
ERROR: Step Publish JUnit test result report failed: No test report files were found. Configuration error?



From jenkins at imagej.net  Mon Oct 17 14:39:46 2016
From: jenkins at imagej.net (jenkins at imagej.net)
Date: Mon, 17 Oct 2016 14:39:46 -0500 (CDT)
Subject: [ImageJ-builds] Build failed in Jenkins: ImageJ-Server #1
Message-ID: <11583028.249.1476733186236.JavaMail.jenkins@dev>

See <http://jenkins.imagej.net/job/ImageJ-Server/1/>

------------------------------------------
[...truncated 3777 lines...]
[INFO] Skipping packaging of the test-jar
[INFO] 
[INFO] --- maven-install-plugin:2.5.2:install (default-install) @ imagej-server ---
[INFO] Installing /data/devel/jenkins-maven/workspace/ImageJ-Server/target/imagej-server-0.1.0-SNAPSHOT.jar to /var/lib/jenkins-maven/.m2/repository/net/imagej/imagej-server/0.1.0-SNAPSHOT/imagej-server-0.1.0-SNAPSHOT.jar
[INFO] Installing /data/devel/jenkins-maven/workspace/ImageJ-Server/pom.xml to /var/lib/jenkins-maven/.m2/repository/net/imagej/imagej-server/0.1.0-SNAPSHOT/imagej-server-0.1.0-SNAPSHOT.pom
[INFO] Installing /data/devel/jenkins-maven/workspace/ImageJ-Server/target/imagej-server-0.1.0-SNAPSHOT-sources.jar to /var/lib/jenkins-maven/.m2/repository/net/imagej/imagej-server/0.1.0-SNAPSHOT/imagej-server-0.1.0-SNAPSHOT-sources.jar
[INFO] 
[INFO] --- imagej-maven-plugin:0.6.0:copy-jars (copy-jars) @ imagej-server ---
[INFO] Property 'imagej.app.directory' unset; Skipping copy-jars
[INFO] 
[INFO] --- maven-deploy-plugin:2.8.2:deploy (default-deploy) @ imagej-server ---
Downloading: dav:http://maven.imagej.net/content/repositories/snapshots/net/imagej/imagej-server/0.1.0-SNAPSHOT/maven-metadata.xml
             
Uploading: http://maven.imagej.net/content/repositories/snapshots/net/imagej/imagej-server/0.1.0-SNAPSHOT/imagej-server-0.1.0-20161017.193931-1.jar
Oct 17, 2016 2:39:32 PM org.apache.commons.httpclient.auth.AuthChallengeProcessor selectAuthScheme
INFO: basic authentication scheme selected
4/28 KB      
8/28 KB   
12/28 KB   
16/28 KB   
20/28 KB   
24/28 KB   
28/28 KB   
Oct 17, 2016 2:39:32 PM org.apache.commons.httpclient.auth.AuthChallengeProcessor selectAuthScheme
INFO: basic authentication scheme selected
32/28 KB   
36/28 KB   
40/28 KB   
44/28 KB   
48/28 KB   
52/28 KB   
56/28 KB   
Oct 17, 2016 2:39:32 PM org.apache.commons.httpclient.auth.AuthChallengeProcessor selectAuthScheme
INFO: basic authentication scheme selected
Oct 17, 2016 2:39:32 PM org.apache.commons.httpclient.auth.AuthChallengeProcessor selectAuthScheme
INFO: basic authentication scheme selected
Oct 17, 2016 2:39:32 PM org.apache.commons.httpclient.auth.AuthChallengeProcessor selectAuthScheme
INFO: basic authentication scheme selected
Oct 17, 2016 2:39:32 PM org.apache.commons.httpclient.auth.AuthChallengeProcessor selectAuthScheme
INFO: basic authentication scheme selected
           
Uploaded: http://maven.imagej.net/content/repositories/snapshots/net/imagej/imagej-server/0.1.0-SNAPSHOT/imagej-server-0.1.0-20161017.193931-1.jar (56 KB at 355.2 KB/sec)
Uploading: http://maven.imagej.net/content/repositories/snapshots/net/imagej/imagej-server/0.1.0-SNAPSHOT/imagej-server-0.1.0-20161017.193931-1.pom
Oct 17, 2016 2:39:32 PM org.apache.commons.httpclient.auth.AuthChallengeProcessor selectAuthScheme
INFO: basic authentication scheme selected
4/4 KB     
Oct 17, 2016 2:39:32 PM org.apache.commons.httpclient.auth.AuthChallengeProcessor selectAuthScheme
INFO: basic authentication scheme selected
8/4 KB   
Oct 17, 2016 2:39:32 PM org.apache.commons.httpclient.auth.AuthChallengeProcessor selectAuthScheme
INFO: basic authentication scheme selected
Oct 17, 2016 2:39:32 PM org.apache.commons.httpclient.auth.AuthChallengeProcessor selectAuthScheme
INFO: basic authentication scheme selected
Oct 17, 2016 2:39:32 PM org.apache.commons.httpclient.auth.AuthChallengeProcessor selectAuthScheme
INFO: basic authentication scheme selected
Oct 17, 2016 2:39:32 PM org.apache.commons.httpclient.auth.AuthChallengeProcessor selectAuthScheme
INFO: basic authentication scheme selected
         
Uploaded: http://maven.imagej.net/content/repositories/snapshots/net/imagej/imagej-server/0.1.0-SNAPSHOT/imagej-server-0.1.0-20161017.193931-1.pom (8 KB at 55.5 KB/sec)
Downloading: http://maven.imagej.net/content/repositories/snapshots/net/imagej/imagej-server/maven-metadata.xml
         
Uploading: http://maven.imagej.net/content/repositories/snapshots/net/imagej/imagej-server/0.1.0-SNAPSHOT/maven-metadata.xml
Oct 17, 2016 2:39:32 PM org.apache.commons.httpclient.auth.AuthChallengeProcessor selectAuthScheme
INFO: basic authentication scheme selected
773/773 B   
Oct 17, 2016 2:39:32 PM org.apache.commons.httpclient.auth.AuthChallengeProcessor selectAuthScheme
INFO: basic authentication scheme selected
1546/773 B   
Oct 17, 2016 2:39:32 PM org.apache.commons.httpclient.auth.AuthChallengeProcessor selectAuthScheme
INFO: basic authentication scheme selected
Oct 17, 2016 2:39:32 PM org.apache.commons.httpclient.auth.AuthChallengeProcessor selectAuthScheme
INFO: basic authentication scheme selected
Oct 17, 2016 2:39:32 PM org.apache.commons.httpclient.auth.AuthChallengeProcessor selectAuthScheme
INFO: basic authentication scheme selected
Oct 17, 2016 2:39:32 PM org.apache.commons.httpclient.auth.AuthChallengeProcessor selectAuthScheme
INFO: basic authentication scheme selected
             
Uploaded: http://maven.imagej.net/content/repositories/snapshots/net/imagej/imagej-server/0.1.0-SNAPSHOT/maven-metadata.xml (2 KB at 24.8 KB/sec)
Uploading: http://maven.imagej.net/content/repositories/snapshots/net/imagej/imagej-server/maven-metadata.xml
Oct 17, 2016 2:39:32 PM org.apache.commons.httpclient.auth.AuthChallengeProcessor selectAuthScheme
INFO: basic authentication scheme selected
283/283 B    
Oct 17, 2016 2:39:32 PM org.apache.commons.httpclient.auth.AuthChallengeProcessor selectAuthScheme
INFO: basic authentication scheme selected
566/283 B   
Oct 17, 2016 2:39:32 PM org.apache.commons.httpclient.auth.AuthChallengeProcessor selectAuthScheme
INFO: basic authentication scheme selected
Oct 17, 2016 2:39:32 PM org.apache.commons.httpclient.auth.AuthChallengeProcessor selectAuthScheme
INFO: basic authentication scheme selected
Oct 17, 2016 2:39:32 PM org.apache.commons.httpclient.auth.AuthChallengeProcessor selectAuthScheme
INFO: basic authentication scheme selected
Oct 17, 2016 2:39:32 PM org.apache.commons.httpclient.auth.AuthChallengeProcessor selectAuthScheme
INFO: basic authentication scheme selected
            
Uploaded: http://maven.imagej.net/content/repositories/snapshots/net/imagej/imagej-server/maven-metadata.xml (566 B at 11.1 KB/sec)
Uploading: dav:http://maven.imagej.net/content/repositories/snapshots/net/imagej/imagej-server/0.1.0-SNAPSHOT/imagej-server-0.1.0-20161017.193931-1-sources.jar
Oct 17, 2016 2:39:32 PM org.apache.commons.httpclient.auth.AuthChallengeProcessor selectAuthScheme
INFO: basic authentication scheme selected
4/17 KB     
8/17 KB   
12/17 KB   
16/17 KB   
17/17 KB   
Oct 17, 2016 2:39:32 PM org.apache.commons.httpclient.auth.AuthChallengeProcessor selectAuthScheme
INFO: basic authentication scheme selected
21/17 KB   
25/17 KB   
29/17 KB   
33/17 KB   
34/17 KB   
Oct 17, 2016 2:39:32 PM org.apache.commons.httpclient.auth.AuthChallengeProcessor selectAuthScheme
INFO: basic authentication scheme selected
Oct 17, 2016 2:39:32 PM org.apache.commons.httpclient.auth.AuthChallengeProcessor selectAuthScheme
INFO: basic authentication scheme selected
Oct 17, 2016 2:39:32 PM org.apache.commons.httpclient.auth.AuthChallengeProcessor selectAuthScheme
INFO: basic authentication scheme selected
Oct 17, 2016 2:39:32 PM org.apache.commons.httpclient.auth.AuthChallengeProcessor selectAuthScheme
INFO: basic authentication scheme selected
           
Uploaded: dav:http://maven.imagej.net/content/repositories/snapshots/net/imagej/imagej-server/0.1.0-SNAPSHOT/imagej-server-0.1.0-20161017.193931-1-sources.jar (34 KB at 620.2 KB/sec)
Uploading: http://maven.imagej.net/content/repositories/snapshots/net/imagej/imagej-server/0.1.0-SNAPSHOT/maven-metadata.xml
Oct 17, 2016 2:39:32 PM org.apache.commons.httpclient.auth.AuthChallengeProcessor selectAuthScheme
INFO: basic authentication scheme selected
987/987 B   
Oct 17, 2016 2:39:32 PM org.apache.commons.httpclient.auth.AuthChallengeProcessor selectAuthScheme
INFO: basic authentication scheme selected
1974/987 B   
Oct 17, 2016 2:39:32 PM org.apache.commons.httpclient.auth.AuthChallengeProcessor selectAuthScheme
INFO: basic authentication scheme selected
Oct 17, 2016 2:39:32 PM org.apache.commons.httpclient.auth.AuthChallengeProcessor selectAuthScheme
INFO: basic authentication scheme selected
Oct 17, 2016 2:39:32 PM org.apache.commons.httpclient.auth.AuthChallengeProcessor selectAuthScheme
INFO: basic authentication scheme selected
Oct 17, 2016 2:39:32 PM org.apache.commons.httpclient.auth.AuthChallengeProcessor selectAuthScheme
INFO: basic authentication scheme selected
             
Uploaded: http://maven.imagej.net/content/repositories/snapshots/net/imagej/imagej-server/0.1.0-SNAPSHOT/maven-metadata.xml (2 KB at 38.6 KB/sec)
[INFO] 
[INFO] >>> maven-javadoc-plugin:2.10.4:javadoc (default-cli) @ imagej-server >>>
[INFO] 
[INFO] --- maven-enforcer-plugin:1.4.1:enforce (enforce-rules) @ imagej-server ---
[INFO] artifact com.github.jnr:jffi: checking for updates from imagej.public
[INFO] artifact com.github.jnr:jffi: checking for updates from central
[INFO] artifact com.github.jnr:jffi: checking for updates from imagej.public
[INFO] artifact com.github.jnr:jffi: checking for updates from central
[INFO] artifact com.github.jnr:jnr-x86asm: checking for updates from imagej.public
[INFO] artifact com.github.jnr:jnr-x86asm: checking for updates from central
Downloading: http://maven.imagej.net/content/groups/public/net/imagej/imagej-server/0.1.0-SNAPSHOT/imagej-server-0.1.0-20161017.193931-1.pom
4/4 KB       
         
Downloaded: http://maven.imagej.net/content/groups/public/net/imagej/imagej-server/0.1.0-SNAPSHOT/imagej-server-0.1.0-20161017.193931-1.pom (4 KB at 26.7 KB/sec)
[INFO] artifact com.github.jnr:jffi: checking for updates from imagej.public
[INFO] artifact com.github.jnr:jffi: checking for updates from central
[INFO] artifact com.github.jnr:jffi: checking for updates from imagej.public
[INFO] artifact com.github.jnr:jffi: checking for updates from central
[INFO] artifact com.github.jnr:jnr-x86asm: checking for updates from imagej.public
[INFO] artifact com.github.jnr:jnr-x86asm: checking for updates from central
[INFO] artifact com.github.jnr:jffi: checking for updates from imagej.public
[INFO] artifact com.github.jnr:jffi: checking for updates from central
[INFO] artifact com.github.jnr:jffi: checking for updates from imagej.public
[INFO] artifact com.github.jnr:jffi: checking for updates from central
[INFO] artifact com.github.jnr:jnr-x86asm: checking for updates from imagej.public
[INFO] artifact com.github.jnr:jnr-x86asm: checking for updates from central
[INFO] 
[INFO] --- build-helper-maven-plugin:1.12:regex-property (sanitize-version) @ imagej-server ---
[INFO] 
[INFO] --- buildnumber-maven-plugin:1.4:create (default) @ imagej-server ---
[INFO] 
[INFO] <<< maven-javadoc-plugin:2.10.4:javadoc (default-cli) @ imagej-server <<<
[INFO] 
[INFO] --- maven-javadoc-plugin:2.10.4:javadoc (default-cli) @ imagej-server ---
[INFO] 
Loading source files for package net.imagej.server.health...
Loading source files for package net.imagej.server.managers...
Loading source files for package net.imagej.server...
Loading source files for package net.imagej.server.mixins...
Loading source files for package net.imagej.server.converter...
Loading source files for package net.imagej.server.resources...
Constructing Javadoc information...
Standard Doclet version 1.8.0_91
Building tree for all the packages and classes...
Generating /data/devel/jenkins-maven/workspace/ImageJ-Server/target/site/apidocs/net/imagej/server/health/ImageJServerHealthCheck.html...
Generating /data/devel/jenkins-maven/workspace/ImageJ-Server/target/site/apidocs/net/imagej/server/managers/TmpDirManager.html...
Generating /data/devel/jenkins-maven/workspace/ImageJ-Server/target/site/apidocs/net/imagej/server/ImageJServerApplication.html...
Generating /data/devel/jenkins-maven/workspace/ImageJ-Server/target/site/apidocs/net/imagej/server/ImageJServerConfiguration.html...
Generating /data/devel/jenkins-maven/workspace/ImageJ-Server/target/site/apidocs/net/imagej/server/mixins/Mixins.html...
Generating /data/devel/jenkins-maven/workspace/ImageJ-Server/target/site/apidocs/net/imagej/server/mixins/Mixins.ComplexTypeMixIn.html...
Generating /data/devel/jenkins-maven/workspace/ImageJ-Server/target/site/apidocs/net/imagej/server/mixins/Mixins.IntegerTypeMixIn.html...
Generating /data/devel/jenkins-maven/workspace/ImageJ-Server/target/site/apidocs/net/imagej/server/mixins/Mixins.RealTypeMixIn.html...
Generating /data/devel/jenkins-maven/workspace/ImageJ-Server/target/site/apidocs/net/imagej/server/converter/NumberToNumericTypeConverter.html...
Generating /data/devel/jenkins-maven/workspace/ImageJ-Server/target/site/apidocs/net/imagej/server/converter/NumberToNumericTypeConverters.html...
Generating /data/devel/jenkins-maven/workspace/ImageJ-Server/target/site/apidocs/net/imagej/server/converter/NumberToNumericTypeConverters.DoubleToDoubleTypeConverter.html...
Generating /data/devel/jenkins-maven/workspace/ImageJ-Server/target/site/apidocs/net/imagej/server/converter/NumberToNumericTypeConverters.FloatToFloatTypeConverter.html...
Generating /data/devel/jenkins-maven/workspace/ImageJ-Server/target/site/apidocs/net/imagej/server/converter/NumberToNumericTypeConverters.IntegerToIntTypeConverter.html...
Generating /data/devel/jenkins-maven/workspace/ImageJ-Server/target/site/apidocs/net/imagej/server/converter/NumberToNumericTypeConverters.LongToLongTypeConverter.html...
Generating /data/devel/jenkins-maven/workspace/ImageJ-Server/target/site/apidocs/net/imagej/server/resources/IOResource.html...
Generating /data/devel/jenkins-maven/workspace/ImageJ-Server/target/site/apidocs/net/imagej/server/resources/ModulesResource.html...
Generating /data/devel/jenkins-maven/workspace/ImageJ-Server/target/site/apidocs/net/imagej/server/resources/ModulesResource.InitializablePreprocessor.html...
Generating /data/devel/jenkins-maven/workspace/ImageJ-Server/target/site/apidocs/net/imagej/server/resources/ModulesResource.MInfo.html...
Generating /data/devel/jenkins-maven/workspace/ImageJ-Server/target/site/apidocs/net/imagej/server/resources/ModulesResource.MInfoLong.html...
Generating /data/devel/jenkins-maven/workspace/ImageJ-Server/target/site/apidocs/net/imagej/server/resources/ModulesResource.MItem.html...
Generating /data/devel/jenkins-maven/workspace/ImageJ-Server/target/site/apidocs/net/imagej/server/resources/ModulesResource.RunSpec.html...
Generating /data/devel/jenkins-maven/workspace/ImageJ-Server/target/site/apidocs/overview-frame.html...
Generating /data/devel/jenkins-maven/workspace/ImageJ-Server/target/site/apidocs/net/imagej/server/package-frame.html...
Generating /data/devel/jenkins-maven/workspace/ImageJ-Server/target/site/apidocs/net/imagej/server/package-summary.html...
Generating /data/devel/jenkins-maven/workspace/ImageJ-Server/target/site/apidocs/net/imagej/server/package-tree.html...
Generating /data/devel/jenkins-maven/workspace/ImageJ-Server/target/site/apidocs/net/imagej/server/converter/package-frame.html...
Generating /data/devel/jenkins-maven/workspace/ImageJ-Server/target/site/apidocs/net/imagej/server/converter/package-summary.html...
Generating /data/devel/jenkins-maven/workspace/ImageJ-Server/target/site/apidocs/net/imagej/server/converter/package-tree.html...
Generating /data/devel/jenkins-maven/workspace/ImageJ-Server/target/site/apidocs/net/imagej/server/health/package-frame.html...
Generating /data/devel/jenkins-maven/workspace/ImageJ-Server/target/site/apidocs/net/imagej/server/health/package-summary.html...
Generating /data/devel/jenkins-maven/workspace/ImageJ-Server/target/site/apidocs/net/imagej/server/health/package-tree.html...
Generating /data/devel/jenkins-maven/workspace/ImageJ-Server/target/site/apidocs/net/imagej/server/managers/package-frame.html...
Generating /data/devel/jenkins-maven/workspace/ImageJ-Server/target/site/apidocs/net/imagej/server/managers/package-summary.html...
Generating /data/devel/jenkins-maven/workspace/ImageJ-Server/target/site/apidocs/net/imagej/server/managers/package-tree.html...
Generating /data/devel/jenkins-maven/workspace/ImageJ-Server/target/site/apidocs/net/imagej/server/mixins/package-frame.html...
Generating /data/devel/jenkins-maven/workspace/ImageJ-Server/target/site/apidocs/net/imagej/server/mixins/package-summary.html...
Generating /data/devel/jenkins-maven/workspace/ImageJ-Server/target/site/apidocs/net/imagej/server/mixins/package-tree.html...
Generating /data/devel/jenkins-maven/workspace/ImageJ-Server/target/site/apidocs/net/imagej/server/resources/package-frame.html...
Generating /data/devel/jenkins-maven/workspace/ImageJ-Server/target/site/apidocs/net/imagej/server/resources/package-summary.html...
Generating /data/devel/jenkins-maven/workspace/ImageJ-Server/target/site/apidocs/net/imagej/server/resources/package-tree.html...
Generating /data/devel/jenkins-maven/workspace/ImageJ-Server/target/site/apidocs/constant-values.html...
Building index for all the packages and classes...
Generating /data/devel/jenkins-maven/workspace/ImageJ-Server/target/site/apidocs/overview-tree.html...
Generating /data/devel/jenkins-maven/workspace/ImageJ-Server/target/site/apidocs/index-all.html...
Generating /data/devel/jenkins-maven/workspace/ImageJ-Server/target/site/apidocs/deprecated-list.html...
Building index for all classes...
Generating /data/devel/jenkins-maven/workspace/ImageJ-Server/target/site/apidocs/allclasses-frame.html...
Generating /data/devel/jenkins-maven/workspace/ImageJ-Server/target/site/apidocs/allclasses-noframe.html...
Generating /data/devel/jenkins-maven/workspace/ImageJ-Server/target/site/apidocs/index.html...
Generating /data/devel/jenkins-maven/workspace/ImageJ-Server/target/site/apidocs/overview-summary.html...
Generating /data/devel/jenkins-maven/workspace/ImageJ-Server/target/site/apidocs/help-doc.html...
[INFO] ------------------------------------------------------------------------
[INFO] BUILD SUCCESS
[INFO] ------------------------------------------------------------------------
[INFO] Total time: 40.396s
[INFO] Finished at: Mon Oct 17 14:39:45 CDT 2016
[INFO] Final Memory: 79M/712M
[INFO] ------------------------------------------------------------------------
Archiving artifacts
Publishing Javadoc
Recording test results
ERROR: Step Publish JUnit test result report failed: No test report files were found. Configuration error?
Performance: Percentage of errors greater or equal than 0% sets the build as unstable
Performance: Percentage of errors greater or equal than 0% sets the build as failure



Performance: Recording JUnit reports '**/TEST-*.xml'


From jenkins at imagej.net  Mon Oct 17 14:47:06 2016
From: jenkins at imagej.net (jenkins at imagej.net)
Date: Mon, 17 Oct 2016 14:47:06 -0500 (CDT)
Subject: [ImageJ-builds] Build failed in Jenkins: ImageJ-Server #2
In-Reply-To: <11583028.249.1476733186236.JavaMail.jenkins@dev>
References: <11583028.249.1476733186236.JavaMail.jenkins@dev>
Message-ID: <1701650123.250.1476733626389.JavaMail.jenkins@dev>

See <http://jenkins.imagej.net/job/ImageJ-Server/2/changes>

Changes:

[Curtis Rueden] imagej-server.yml: use /tmp as default temp dir

[Curtis Rueden] README: add Leon's writeup from PR #3

------------------------------------------
[...truncated 127 lines...]
[INFO] Installing /data/devel/jenkins-maven/workspace/ImageJ-Server/pom.xml to /var/lib/jenkins-maven/.m2/repository/net/imagej/imagej-server/0.1.0-SNAPSHOT/imagej-server-0.1.0-SNAPSHOT.pom
[INFO] Installing /data/devel/jenkins-maven/workspace/ImageJ-Server/target/imagej-server-0.1.0-SNAPSHOT-sources.jar to /var/lib/jenkins-maven/.m2/repository/net/imagej/imagej-server/0.1.0-SNAPSHOT/imagej-server-0.1.0-SNAPSHOT-sources.jar
[INFO] 
[INFO] --- imagej-maven-plugin:0.6.0:copy-jars (copy-jars) @ imagej-server ---
[INFO] Property 'imagej.app.directory' unset; Skipping copy-jars
[INFO] 
[INFO] --- maven-deploy-plugin:2.8.2:deploy (default-deploy) @ imagej-server ---
Downloading: dav:http://maven.imagej.net/content/repositories/snapshots/net/imagej/imagej-server/0.1.0-SNAPSHOT/maven-metadata.xml
987/987 B   
            
Downloaded: dav:http://maven.imagej.net/content/repositories/snapshots/net/imagej/imagej-server/0.1.0-SNAPSHOT/maven-metadata.xml (987 B at 16.9 KB/sec)
Uploading: http://maven.imagej.net/content/repositories/snapshots/net/imagej/imagej-server/0.1.0-SNAPSHOT/imagej-server-0.1.0-20161017.194654-2.jar
Oct 17, 2016 2:46:54 PM org.apache.commons.httpclient.auth.AuthChallengeProcessor selectAuthScheme
INFO: basic authentication scheme selected
4/28 KB     
8/28 KB   
12/28 KB   
16/28 KB   
20/28 KB   
24/28 KB   
28/28 KB   
Oct 17, 2016 2:46:54 PM org.apache.commons.httpclient.auth.AuthChallengeProcessor selectAuthScheme
INFO: basic authentication scheme selected
32/28 KB   
36/28 KB   
40/28 KB   
44/28 KB   
48/28 KB   
52/28 KB   
56/28 KB   
Oct 17, 2016 2:46:54 PM org.apache.commons.httpclient.auth.AuthChallengeProcessor selectAuthScheme
INFO: basic authentication scheme selected
Oct 17, 2016 2:46:54 PM org.apache.commons.httpclient.auth.AuthChallengeProcessor selectAuthScheme
INFO: basic authentication scheme selected
Oct 17, 2016 2:46:54 PM org.apache.commons.httpclient.auth.AuthChallengeProcessor selectAuthScheme
INFO: basic authentication scheme selected
Oct 17, 2016 2:46:54 PM org.apache.commons.httpclient.auth.AuthChallengeProcessor selectAuthScheme
INFO: basic authentication scheme selected
           
Uploaded: http://maven.imagej.net/content/repositories/snapshots/net/imagej/imagej-server/0.1.0-SNAPSHOT/imagej-server-0.1.0-20161017.194654-2.jar (56 KB at 390.4 KB/sec)
Uploading: http://maven.imagej.net/content/repositories/snapshots/net/imagej/imagej-server/0.1.0-SNAPSHOT/imagej-server-0.1.0-20161017.194654-2.pom
Oct 17, 2016 2:46:54 PM org.apache.commons.httpclient.auth.AuthChallengeProcessor selectAuthScheme
INFO: basic authentication scheme selected
4/4 KB     
Oct 17, 2016 2:46:54 PM org.apache.commons.httpclient.auth.AuthChallengeProcessor selectAuthScheme
INFO: basic authentication scheme selected
8/4 KB   
Oct 17, 2016 2:46:54 PM org.apache.commons.httpclient.auth.AuthChallengeProcessor selectAuthScheme
INFO: basic authentication scheme selected
Oct 17, 2016 2:46:54 PM org.apache.commons.httpclient.auth.AuthChallengeProcessor selectAuthScheme
INFO: basic authentication scheme selected
Oct 17, 2016 2:46:54 PM org.apache.commons.httpclient.auth.AuthChallengeProcessor selectAuthScheme
INFO: basic authentication scheme selected
Oct 17, 2016 2:46:54 PM org.apache.commons.httpclient.auth.AuthChallengeProcessor selectAuthScheme
INFO: basic authentication scheme selected
         
Uploaded: http://maven.imagej.net/content/repositories/snapshots/net/imagej/imagej-server/0.1.0-SNAPSHOT/imagej-server-0.1.0-20161017.194654-2.pom (8 KB at 64.7 KB/sec)
Downloading: http://maven.imagej.net/content/repositories/snapshots/net/imagej/imagej-server/maven-metadata.xml
283/283 B   
            
Downloaded: http://maven.imagej.net/content/repositories/snapshots/net/imagej/imagej-server/maven-metadata.xml (283 B at 27.6 KB/sec)
Uploading: http://maven.imagej.net/content/repositories/snapshots/net/imagej/imagej-server/0.1.0-SNAPSHOT/maven-metadata.xml
Oct 17, 2016 2:46:54 PM org.apache.commons.httpclient.auth.AuthChallengeProcessor selectAuthScheme
INFO: basic authentication scheme selected
987/987 B   
Oct 17, 2016 2:46:54 PM org.apache.commons.httpclient.auth.AuthChallengeProcessor selectAuthScheme
INFO: basic authentication scheme selected
1974/987 B   
Oct 17, 2016 2:46:54 PM org.apache.commons.httpclient.auth.AuthChallengeProcessor selectAuthScheme
INFO: basic authentication scheme selected
Oct 17, 2016 2:46:54 PM org.apache.commons.httpclient.auth.AuthChallengeProcessor selectAuthScheme
INFO: basic authentication scheme selected
Oct 17, 2016 2:46:54 PM org.apache.commons.httpclient.auth.AuthChallengeProcessor selectAuthScheme
INFO: basic authentication scheme selected
Oct 17, 2016 2:46:54 PM org.apache.commons.httpclient.auth.AuthChallengeProcessor selectAuthScheme
INFO: basic authentication scheme selected
             
Uploaded: http://maven.imagej.net/content/repositories/snapshots/net/imagej/imagej-server/0.1.0-SNAPSHOT/maven-metadata.xml (2 KB at 29.2 KB/sec)
Uploading: http://maven.imagej.net/content/repositories/snapshots/net/imagej/imagej-server/maven-metadata.xml
Oct 17, 2016 2:46:54 PM org.apache.commons.httpclient.auth.AuthChallengeProcessor selectAuthScheme
INFO: basic authentication scheme selected
283/283 B    
Oct 17, 2016 2:46:54 PM org.apache.commons.httpclient.auth.AuthChallengeProcessor selectAuthScheme
INFO: basic authentication scheme selected
566/283 B   
Oct 17, 2016 2:46:54 PM org.apache.commons.httpclient.auth.AuthChallengeProcessor selectAuthScheme
INFO: basic authentication scheme selected
Oct 17, 2016 2:46:54 PM org.apache.commons.httpclient.auth.AuthChallengeProcessor selectAuthScheme
INFO: basic authentication scheme selected
Oct 17, 2016 2:46:54 PM org.apache.commons.httpclient.auth.AuthChallengeProcessor selectAuthScheme
INFO: basic authentication scheme selected
Oct 17, 2016 2:46:54 PM org.apache.commons.httpclient.auth.AuthChallengeProcessor selectAuthScheme
INFO: basic authentication scheme selected
            
Uploaded: http://maven.imagej.net/content/repositories/snapshots/net/imagej/imagej-server/maven-metadata.xml (566 B at 6.6 KB/sec)
Uploading: dav:http://maven.imagej.net/content/repositories/snapshots/net/imagej/imagej-server/0.1.0-SNAPSHOT/imagej-server-0.1.0-20161017.194654-2-sources.jar
Oct 17, 2016 2:46:55 PM org.apache.commons.httpclient.auth.AuthChallengeProcessor selectAuthScheme
INFO: basic authentication scheme selected
4/17 KB     
8/17 KB   
12/17 KB   
16/17 KB   
17/17 KB   
Oct 17, 2016 2:46:55 PM org.apache.commons.httpclient.auth.AuthChallengeProcessor selectAuthScheme
INFO: basic authentication scheme selected
21/17 KB   
25/17 KB   
29/17 KB   
33/17 KB   
34/17 KB   
Oct 17, 2016 2:46:55 PM org.apache.commons.httpclient.auth.AuthChallengeProcessor selectAuthScheme
INFO: basic authentication scheme selected
Oct 17, 2016 2:46:55 PM org.apache.commons.httpclient.auth.AuthChallengeProcessor selectAuthScheme
INFO: basic authentication scheme selected
Oct 17, 2016 2:46:55 PM org.apache.commons.httpclient.auth.AuthChallengeProcessor selectAuthScheme
INFO: basic authentication scheme selected
Oct 17, 2016 2:46:55 PM org.apache.commons.httpclient.auth.AuthChallengeProcessor selectAuthScheme
INFO: basic authentication scheme selected
           
Uploaded: dav:http://maven.imagej.net/content/repositories/snapshots/net/imagej/imagej-server/0.1.0-SNAPSHOT/imagej-server-0.1.0-20161017.194654-2-sources.jar (34 KB at 458.7 KB/sec)
Uploading: http://maven.imagej.net/content/repositories/snapshots/net/imagej/imagej-server/0.1.0-SNAPSHOT/maven-metadata.xml
Oct 17, 2016 2:46:55 PM org.apache.commons.httpclient.auth.AuthChallengeProcessor selectAuthScheme
INFO: basic authentication scheme selected
987/987 B   
Oct 17, 2016 2:46:55 PM org.apache.commons.httpclient.auth.AuthChallengeProcessor selectAuthScheme
INFO: basic authentication scheme selected
1974/987 B   
Oct 17, 2016 2:46:55 PM org.apache.commons.httpclient.auth.AuthChallengeProcessor selectAuthScheme
INFO: basic authentication scheme selected
Oct 17, 2016 2:46:55 PM org.apache.commons.httpclient.auth.AuthChallengeProcessor selectAuthScheme
INFO: basic authentication scheme selected
Oct 17, 2016 2:46:55 PM org.apache.commons.httpclient.auth.AuthChallengeProcessor selectAuthScheme
INFO: basic authentication scheme selected
Oct 17, 2016 2:46:55 PM org.apache.commons.httpclient.auth.AuthChallengeProcessor selectAuthScheme
INFO: basic authentication scheme selected
             
Uploaded: http://maven.imagej.net/content/repositories/snapshots/net/imagej/imagej-server/0.1.0-SNAPSHOT/maven-metadata.xml (2 KB at 19.7 KB/sec)
[INFO] 
[INFO] >>> maven-javadoc-plugin:2.10.4:javadoc (default-cli) @ imagej-server >>>
[INFO] 
[INFO] --- maven-enforcer-plugin:1.4.1:enforce (enforce-rules) @ imagej-server ---
[INFO] artifact com.github.jnr:jffi: checking for updates from imagej.public
[INFO] artifact com.github.jnr:jffi: checking for updates from central
[INFO] artifact com.github.jnr:jffi: checking for updates from imagej.public
[INFO] artifact com.github.jnr:jffi: checking for updates from central
[INFO] artifact com.github.jnr:jnr-x86asm: checking for updates from imagej.public
[INFO] artifact com.github.jnr:jnr-x86asm: checking for updates from central
Downloading: http://maven.imagej.net/content/groups/public/net/imagej/imagej-server/0.1.0-SNAPSHOT/imagej-server-0.1.0-20161017.194654-2.pom
4/4 KB       
         
Downloaded: http://maven.imagej.net/content/groups/public/net/imagej/imagej-server/0.1.0-SNAPSHOT/imagej-server-0.1.0-20161017.194654-2.pom (4 KB at 19.1 KB/sec)
[INFO] artifact com.github.jnr:jffi: checking for updates from imagej.public
[INFO] artifact com.github.jnr:jffi: checking for updates from central
[INFO] artifact com.github.jnr:jffi: checking for updates from imagej.public
[INFO] artifact com.github.jnr:jffi: checking for updates from central
[INFO] artifact com.github.jnr:jnr-x86asm: checking for updates from imagej.public
[INFO] artifact com.github.jnr:jnr-x86asm: checking for updates from central
[INFO] artifact com.github.jnr:jffi: checking for updates from imagej.public
[INFO] artifact com.github.jnr:jffi: checking for updates from central
[INFO] artifact com.github.jnr:jffi: checking for updates from imagej.public
[INFO] artifact com.github.jnr:jffi: checking for updates from central
[INFO] artifact com.github.jnr:jnr-x86asm: checking for updates from imagej.public
[INFO] artifact com.github.jnr:jnr-x86asm: checking for updates from central
[INFO] 
[INFO] --- build-helper-maven-plugin:1.12:regex-property (sanitize-version) @ imagej-server ---
[INFO] 
[INFO] --- buildnumber-maven-plugin:1.4:create (default) @ imagej-server ---
[INFO] 
[INFO] <<< maven-javadoc-plugin:2.10.4:javadoc (default-cli) @ imagej-server <<<
[INFO] 
[INFO] --- maven-javadoc-plugin:2.10.4:javadoc (default-cli) @ imagej-server ---
[INFO] 
Loading source files for package net.imagej.server.health...
Loading source files for package net.imagej.server.managers...
Loading source files for package net.imagej.server...
Loading source files for package net.imagej.server.mixins...
Loading source files for package net.imagej.server.converter...
Loading source files for package net.imagej.server.resources...
Constructing Javadoc information...
Standard Doclet version 1.8.0_91
Building tree for all the packages and classes...
Generating /data/devel/jenkins-maven/workspace/ImageJ-Server/target/site/apidocs/net/imagej/server/health/ImageJServerHealthCheck.html...
Generating /data/devel/jenkins-maven/workspace/ImageJ-Server/target/site/apidocs/net/imagej/server/managers/TmpDirManager.html...
Generating /data/devel/jenkins-maven/workspace/ImageJ-Server/target/site/apidocs/net/imagej/server/ImageJServerApplication.html...
Generating /data/devel/jenkins-maven/workspace/ImageJ-Server/target/site/apidocs/net/imagej/server/ImageJServerConfiguration.html...
Generating /data/devel/jenkins-maven/workspace/ImageJ-Server/target/site/apidocs/net/imagej/server/mixins/Mixins.html...
Generating /data/devel/jenkins-maven/workspace/ImageJ-Server/target/site/apidocs/net/imagej/server/mixins/Mixins.ComplexTypeMixIn.html...
Generating /data/devel/jenkins-maven/workspace/ImageJ-Server/target/site/apidocs/net/imagej/server/mixins/Mixins.IntegerTypeMixIn.html...
Generating /data/devel/jenkins-maven/workspace/ImageJ-Server/target/site/apidocs/net/imagej/server/mixins/Mixins.RealTypeMixIn.html...
Generating /data/devel/jenkins-maven/workspace/ImageJ-Server/target/site/apidocs/net/imagej/server/converter/NumberToNumericTypeConverter.html...
Generating /data/devel/jenkins-maven/workspace/ImageJ-Server/target/site/apidocs/net/imagej/server/converter/NumberToNumericTypeConverters.html...
Generating /data/devel/jenkins-maven/workspace/ImageJ-Server/target/site/apidocs/net/imagej/server/converter/NumberToNumericTypeConverters.DoubleToDoubleTypeConverter.html...
Generating /data/devel/jenkins-maven/workspace/ImageJ-Server/target/site/apidocs/net/imagej/server/converter/NumberToNumericTypeConverters.FloatToFloatTypeConverter.html...
Generating /data/devel/jenkins-maven/workspace/ImageJ-Server/target/site/apidocs/net/imagej/server/converter/NumberToNumericTypeConverters.IntegerToIntTypeConverter.html...
Generating /data/devel/jenkins-maven/workspace/ImageJ-Server/target/site/apidocs/net/imagej/server/converter/NumberToNumericTypeConverters.LongToLongTypeConverter.html...
Generating /data/devel/jenkins-maven/workspace/ImageJ-Server/target/site/apidocs/net/imagej/server/resources/IOResource.html...
Generating /data/devel/jenkins-maven/workspace/ImageJ-Server/target/site/apidocs/net/imagej/server/resources/ModulesResource.html...
Generating /data/devel/jenkins-maven/workspace/ImageJ-Server/target/site/apidocs/net/imagej/server/resources/ModulesResource.InitializablePreprocessor.html...
Generating /data/devel/jenkins-maven/workspace/ImageJ-Server/target/site/apidocs/net/imagej/server/resources/ModulesResource.MInfo.html...
Generating /data/devel/jenkins-maven/workspace/ImageJ-Server/target/site/apidocs/net/imagej/server/resources/ModulesResource.MInfoLong.html...
Generating /data/devel/jenkins-maven/workspace/ImageJ-Server/target/site/apidocs/net/imagej/server/resources/ModulesResource.MItem.html...
Generating /data/devel/jenkins-maven/workspace/ImageJ-Server/target/site/apidocs/net/imagej/server/resources/ModulesResource.RunSpec.html...
Generating /data/devel/jenkins-maven/workspace/ImageJ-Server/target/site/apidocs/overview-frame.html...
Generating /data/devel/jenkins-maven/workspace/ImageJ-Server/target/site/apidocs/net/imagej/server/package-frame.html...
Generating /data/devel/jenkins-maven/workspace/ImageJ-Server/target/site/apidocs/net/imagej/server/package-summary.html...
Generating /data/devel/jenkins-maven/workspace/ImageJ-Server/target/site/apidocs/net/imagej/server/package-tree.html...
Generating /data/devel/jenkins-maven/workspace/ImageJ-Server/target/site/apidocs/net/imagej/server/converter/package-frame.html...
Generating /data/devel/jenkins-maven/workspace/ImageJ-Server/target/site/apidocs/net/imagej/server/converter/package-summary.html...
Generating /data/devel/jenkins-maven/workspace/ImageJ-Server/target/site/apidocs/net/imagej/server/converter/package-tree.html...
Generating /data/devel/jenkins-maven/workspace/ImageJ-Server/target/site/apidocs/net/imagej/server/health/package-frame.html...
Generating /data/devel/jenkins-maven/workspace/ImageJ-Server/target/site/apidocs/net/imagej/server/health/package-summary.html...
Generating /data/devel/jenkins-maven/workspace/ImageJ-Server/target/site/apidocs/net/imagej/server/health/package-tree.html...
Generating /data/devel/jenkins-maven/workspace/ImageJ-Server/target/site/apidocs/net/imagej/server/managers/package-frame.html...
Generating /data/devel/jenkins-maven/workspace/ImageJ-Server/target/site/apidocs/net/imagej/server/managers/package-summary.html...
Generating /data/devel/jenkins-maven/workspace/ImageJ-Server/target/site/apidocs/net/imagej/server/managers/package-tree.html...
Generating /data/devel/jenkins-maven/workspace/ImageJ-Server/target/site/apidocs/net/imagej/server/mixins/package-frame.html...
Generating /data/devel/jenkins-maven/workspace/ImageJ-Server/target/site/apidocs/net/imagej/server/mixins/package-summary.html...
Generating /data/devel/jenkins-maven/workspace/ImageJ-Server/target/site/apidocs/net/imagej/server/mixins/package-tree.html...
Generating /data/devel/jenkins-maven/workspace/ImageJ-Server/target/site/apidocs/net/imagej/server/resources/package-frame.html...
Generating /data/devel/jenkins-maven/workspace/ImageJ-Server/target/site/apidocs/net/imagej/server/resources/package-summary.html...
Generating /data/devel/jenkins-maven/workspace/ImageJ-Server/target/site/apidocs/net/imagej/server/resources/package-tree.html...
Generating /data/devel/jenkins-maven/workspace/ImageJ-Server/target/site/apidocs/constant-values.html...
Building index for all the packages and classes...
Generating /data/devel/jenkins-maven/workspace/ImageJ-Server/target/site/apidocs/overview-tree.html...
Generating /data/devel/jenkins-maven/workspace/ImageJ-Server/target/site/apidocs/index-all.html...
Generating /data/devel/jenkins-maven/workspace/ImageJ-Server/target/site/apidocs/deprecated-list.html...
Building index for all classes...
Generating /data/devel/jenkins-maven/workspace/ImageJ-Server/target/site/apidocs/allclasses-frame.html...
Generating /data/devel/jenkins-maven/workspace/ImageJ-Server/target/site/apidocs/allclasses-noframe.html...
Generating /data/devel/jenkins-maven/workspace/ImageJ-Server/target/site/apidocs/index.html...
Generating /data/devel/jenkins-maven/workspace/ImageJ-Server/target/site/apidocs/overview-summary.html...
Generating /data/devel/jenkins-maven/workspace/ImageJ-Server/target/site/apidocs/help-doc.html...
[INFO] ------------------------------------------------------------------------
[INFO] BUILD SUCCESS
[INFO] ------------------------------------------------------------------------
[INFO] Total time: 23.124s
[INFO] Finished at: Mon Oct 17 14:47:05 CDT 2016
[INFO] Final Memory: 133M/691M
[INFO] ------------------------------------------------------------------------
Archiving artifacts
Publishing Javadoc
Recording test results
ERROR: Step Publish JUnit test result report failed: No test report files were found. Configuration error?
Performance: Percentage of errors greater or equal than 0% sets the build as unstable
Performance: Percentage of errors greater or equal than 0% sets the build as failure



Performance: Recording JUnit reports '**/TEST-*.xml'


From jenkins at imagej.net  Mon Oct 17 14:48:32 2016
From: jenkins at imagej.net (jenkins at imagej.net)
Date: Mon, 17 Oct 2016 14:48:32 -0500 (CDT)
Subject: [ImageJ-builds] Build failed in Jenkins: ImageJ-Server #3
In-Reply-To: <1701650123.250.1476733626389.JavaMail.jenkins@dev>
References: <1701650123.250.1476733626389.JavaMail.jenkins@dev>
Message-ID: <2012611242.251.1476733712055.JavaMail.jenkins@dev>

See <http://jenkins.imagej.net/job/ImageJ-Server/3/changes>

Changes:

[Curtis Rueden] README: add badges

------------------------------------------
[...truncated 127 lines...]
[INFO] Installing /data/devel/jenkins-maven/workspace/ImageJ-Server/pom.xml to /var/lib/jenkins-maven/.m2/repository/net/imagej/imagej-server/0.1.0-SNAPSHOT/imagej-server-0.1.0-SNAPSHOT.pom
[INFO] Installing /data/devel/jenkins-maven/workspace/ImageJ-Server/target/imagej-server-0.1.0-SNAPSHOT-sources.jar to /var/lib/jenkins-maven/.m2/repository/net/imagej/imagej-server/0.1.0-SNAPSHOT/imagej-server-0.1.0-SNAPSHOT-sources.jar
[INFO] 
[INFO] --- imagej-maven-plugin:0.6.0:copy-jars (copy-jars) @ imagej-server ---
[INFO] Property 'imagej.app.directory' unset; Skipping copy-jars
[INFO] 
[INFO] --- maven-deploy-plugin:2.8.2:deploy (default-deploy) @ imagej-server ---
Downloading: dav:http://maven.imagej.net/content/repositories/snapshots/net/imagej/imagej-server/0.1.0-SNAPSHOT/maven-metadata.xml
987/987 B   
            
Downloaded: dav:http://maven.imagej.net/content/repositories/snapshots/net/imagej/imagej-server/0.1.0-SNAPSHOT/maven-metadata.xml (987 B at 16.3 KB/sec)
Uploading: http://maven.imagej.net/content/repositories/snapshots/net/imagej/imagej-server/0.1.0-SNAPSHOT/imagej-server-0.1.0-20161017.194819-3.jar
Oct 17, 2016 2:48:19 PM org.apache.commons.httpclient.auth.AuthChallengeProcessor selectAuthScheme
INFO: basic authentication scheme selected
4/28 KB     
8/28 KB   
12/28 KB   
16/28 KB   
20/28 KB   
24/28 KB   
28/28 KB   
Oct 17, 2016 2:48:19 PM org.apache.commons.httpclient.auth.AuthChallengeProcessor selectAuthScheme
INFO: basic authentication scheme selected
32/28 KB   
36/28 KB   
40/28 KB   
44/28 KB   
48/28 KB   
52/28 KB   
56/28 KB   
Oct 17, 2016 2:48:19 PM org.apache.commons.httpclient.auth.AuthChallengeProcessor selectAuthScheme
INFO: basic authentication scheme selected
Oct 17, 2016 2:48:19 PM org.apache.commons.httpclient.auth.AuthChallengeProcessor selectAuthScheme
INFO: basic authentication scheme selected
Oct 17, 2016 2:48:19 PM org.apache.commons.httpclient.auth.AuthChallengeProcessor selectAuthScheme
INFO: basic authentication scheme selected
Oct 17, 2016 2:48:19 PM org.apache.commons.httpclient.auth.AuthChallengeProcessor selectAuthScheme
INFO: basic authentication scheme selected
           
Uploaded: http://maven.imagej.net/content/repositories/snapshots/net/imagej/imagej-server/0.1.0-SNAPSHOT/imagej-server-0.1.0-20161017.194819-3.jar (56 KB at 262.1 KB/sec)
Uploading: http://maven.imagej.net/content/repositories/snapshots/net/imagej/imagej-server/0.1.0-SNAPSHOT/imagej-server-0.1.0-20161017.194819-3.pom
Oct 17, 2016 2:48:19 PM org.apache.commons.httpclient.auth.AuthChallengeProcessor selectAuthScheme
INFO: basic authentication scheme selected
4/4 KB     
Oct 17, 2016 2:48:19 PM org.apache.commons.httpclient.auth.AuthChallengeProcessor selectAuthScheme
INFO: basic authentication scheme selected
8/4 KB   
Oct 17, 2016 2:48:20 PM org.apache.commons.httpclient.auth.AuthChallengeProcessor selectAuthScheme
INFO: basic authentication scheme selected
Oct 17, 2016 2:48:20 PM org.apache.commons.httpclient.auth.AuthChallengeProcessor selectAuthScheme
INFO: basic authentication scheme selected
Oct 17, 2016 2:48:20 PM org.apache.commons.httpclient.auth.AuthChallengeProcessor selectAuthScheme
INFO: basic authentication scheme selected
Oct 17, 2016 2:48:20 PM org.apache.commons.httpclient.auth.AuthChallengeProcessor selectAuthScheme
INFO: basic authentication scheme selected
         
Uploaded: http://maven.imagej.net/content/repositories/snapshots/net/imagej/imagej-server/0.1.0-SNAPSHOT/imagej-server-0.1.0-20161017.194819-3.pom (8 KB at 47.3 KB/sec)
Downloading: http://maven.imagej.net/content/repositories/snapshots/net/imagej/imagej-server/maven-metadata.xml
283/283 B   
            
Downloaded: http://maven.imagej.net/content/repositories/snapshots/net/imagej/imagej-server/maven-metadata.xml (283 B at 27.6 KB/sec)
Uploading: http://maven.imagej.net/content/repositories/snapshots/net/imagej/imagej-server/0.1.0-SNAPSHOT/maven-metadata.xml
Oct 17, 2016 2:48:20 PM org.apache.commons.httpclient.auth.AuthChallengeProcessor selectAuthScheme
INFO: basic authentication scheme selected
987/987 B   
Oct 17, 2016 2:48:20 PM org.apache.commons.httpclient.auth.AuthChallengeProcessor selectAuthScheme
INFO: basic authentication scheme selected
1974/987 B   
Oct 17, 2016 2:48:20 PM org.apache.commons.httpclient.auth.AuthChallengeProcessor selectAuthScheme
INFO: basic authentication scheme selected
Oct 17, 2016 2:48:20 PM org.apache.commons.httpclient.auth.AuthChallengeProcessor selectAuthScheme
INFO: basic authentication scheme selected
Oct 17, 2016 2:48:20 PM org.apache.commons.httpclient.auth.AuthChallengeProcessor selectAuthScheme
INFO: basic authentication scheme selected
Oct 17, 2016 2:48:20 PM org.apache.commons.httpclient.auth.AuthChallengeProcessor selectAuthScheme
INFO: basic authentication scheme selected
             
Uploaded: http://maven.imagej.net/content/repositories/snapshots/net/imagej/imagej-server/0.1.0-SNAPSHOT/maven-metadata.xml (2 KB at 21.0 KB/sec)
Uploading: http://maven.imagej.net/content/repositories/snapshots/net/imagej/imagej-server/maven-metadata.xml
Oct 17, 2016 2:48:20 PM org.apache.commons.httpclient.auth.AuthChallengeProcessor selectAuthScheme
INFO: basic authentication scheme selected
283/283 B    
Oct 17, 2016 2:48:20 PM org.apache.commons.httpclient.auth.AuthChallengeProcessor selectAuthScheme
INFO: basic authentication scheme selected
566/283 B   
Oct 17, 2016 2:48:20 PM org.apache.commons.httpclient.auth.AuthChallengeProcessor selectAuthScheme
INFO: basic authentication scheme selected
Oct 17, 2016 2:48:20 PM org.apache.commons.httpclient.auth.AuthChallengeProcessor selectAuthScheme
INFO: basic authentication scheme selected
Oct 17, 2016 2:48:20 PM org.apache.commons.httpclient.auth.AuthChallengeProcessor selectAuthScheme
INFO: basic authentication scheme selected
Oct 17, 2016 2:48:20 PM org.apache.commons.httpclient.auth.AuthChallengeProcessor selectAuthScheme
INFO: basic authentication scheme selected
            
Uploaded: http://maven.imagej.net/content/repositories/snapshots/net/imagej/imagej-server/maven-metadata.xml (566 B at 8.6 KB/sec)
Uploading: dav:http://maven.imagej.net/content/repositories/snapshots/net/imagej/imagej-server/0.1.0-SNAPSHOT/imagej-server-0.1.0-20161017.194819-3-sources.jar
Oct 17, 2016 2:48:20 PM org.apache.commons.httpclient.auth.AuthChallengeProcessor selectAuthScheme
INFO: basic authentication scheme selected
4/17 KB     
8/17 KB   
12/17 KB   
16/17 KB   
17/17 KB   
Oct 17, 2016 2:48:20 PM org.apache.commons.httpclient.auth.AuthChallengeProcessor selectAuthScheme
INFO: basic authentication scheme selected
21/17 KB   
25/17 KB   
29/17 KB   
33/17 KB   
34/17 KB   
Oct 17, 2016 2:48:20 PM org.apache.commons.httpclient.auth.AuthChallengeProcessor selectAuthScheme
INFO: basic authentication scheme selected
Oct 17, 2016 2:48:20 PM org.apache.commons.httpclient.auth.AuthChallengeProcessor selectAuthScheme
INFO: basic authentication scheme selected
Oct 17, 2016 2:48:20 PM org.apache.commons.httpclient.auth.AuthChallengeProcessor selectAuthScheme
INFO: basic authentication scheme selected
Oct 17, 2016 2:48:20 PM org.apache.commons.httpclient.auth.AuthChallengeProcessor selectAuthScheme
INFO: basic authentication scheme selected
           
Uploaded: dav:http://maven.imagej.net/content/repositories/snapshots/net/imagej/imagej-server/0.1.0-SNAPSHOT/imagej-server-0.1.0-20161017.194819-3-sources.jar (34 KB at 434.9 KB/sec)
Uploading: http://maven.imagej.net/content/repositories/snapshots/net/imagej/imagej-server/0.1.0-SNAPSHOT/maven-metadata.xml
Oct 17, 2016 2:48:20 PM org.apache.commons.httpclient.auth.AuthChallengeProcessor selectAuthScheme
INFO: basic authentication scheme selected
987/987 B   
Oct 17, 2016 2:48:20 PM org.apache.commons.httpclient.auth.AuthChallengeProcessor selectAuthScheme
INFO: basic authentication scheme selected
1974/987 B   
Oct 17, 2016 2:48:20 PM org.apache.commons.httpclient.auth.AuthChallengeProcessor selectAuthScheme
INFO: basic authentication scheme selected
Oct 17, 2016 2:48:20 PM org.apache.commons.httpclient.auth.AuthChallengeProcessor selectAuthScheme
INFO: basic authentication scheme selected
Oct 17, 2016 2:48:20 PM org.apache.commons.httpclient.auth.AuthChallengeProcessor selectAuthScheme
INFO: basic authentication scheme selected
Oct 17, 2016 2:48:20 PM org.apache.commons.httpclient.auth.AuthChallengeProcessor selectAuthScheme
INFO: basic authentication scheme selected
             
Uploaded: http://maven.imagej.net/content/repositories/snapshots/net/imagej/imagej-server/0.1.0-SNAPSHOT/maven-metadata.xml (2 KB at 20.5 KB/sec)
[INFO] 
[INFO] >>> maven-javadoc-plugin:2.10.4:javadoc (default-cli) @ imagej-server >>>
[INFO] 
[INFO] --- maven-enforcer-plugin:1.4.1:enforce (enforce-rules) @ imagej-server ---
[INFO] artifact com.github.jnr:jffi: checking for updates from imagej.public
[INFO] artifact com.github.jnr:jffi: checking for updates from central
[INFO] artifact com.github.jnr:jffi: checking for updates from imagej.public
[INFO] artifact com.github.jnr:jffi: checking for updates from central
[INFO] artifact com.github.jnr:jnr-x86asm: checking for updates from imagej.public
[INFO] artifact com.github.jnr:jnr-x86asm: checking for updates from central
Downloading: http://maven.imagej.net/content/groups/public/net/imagej/imagej-server/0.1.0-SNAPSHOT/imagej-server-0.1.0-20161017.194819-3.pom
4/4 KB       
         
Downloaded: http://maven.imagej.net/content/groups/public/net/imagej/imagej-server/0.1.0-SNAPSHOT/imagej-server-0.1.0-20161017.194819-3.pom (4 KB at 15.1 KB/sec)
[INFO] artifact com.github.jnr:jffi: checking for updates from imagej.public
[INFO] artifact com.github.jnr:jffi: checking for updates from central
[INFO] artifact com.github.jnr:jffi: checking for updates from imagej.public
[INFO] artifact com.github.jnr:jffi: checking for updates from central
[INFO] artifact com.github.jnr:jnr-x86asm: checking for updates from imagej.public
[INFO] artifact com.github.jnr:jnr-x86asm: checking for updates from central
[INFO] artifact com.github.jnr:jffi: checking for updates from imagej.public
[INFO] artifact com.github.jnr:jffi: checking for updates from central
[INFO] artifact com.github.jnr:jffi: checking for updates from imagej.public
[INFO] artifact com.github.jnr:jffi: checking for updates from central
[INFO] artifact com.github.jnr:jnr-x86asm: checking for updates from imagej.public
[INFO] artifact com.github.jnr:jnr-x86asm: checking for updates from central
[INFO] 
[INFO] --- build-helper-maven-plugin:1.12:regex-property (sanitize-version) @ imagej-server ---
[INFO] 
[INFO] --- buildnumber-maven-plugin:1.4:create (default) @ imagej-server ---
[INFO] 
[INFO] <<< maven-javadoc-plugin:2.10.4:javadoc (default-cli) @ imagej-server <<<
[INFO] 
[INFO] --- maven-javadoc-plugin:2.10.4:javadoc (default-cli) @ imagej-server ---
[INFO] 
Loading source files for package net.imagej.server.health...
Loading source files for package net.imagej.server.managers...
Loading source files for package net.imagej.server...
Loading source files for package net.imagej.server.mixins...
Loading source files for package net.imagej.server.converter...
Loading source files for package net.imagej.server.resources...
Constructing Javadoc information...
Standard Doclet version 1.8.0_91
Building tree for all the packages and classes...
Generating /data/devel/jenkins-maven/workspace/ImageJ-Server/target/site/apidocs/net/imagej/server/health/ImageJServerHealthCheck.html...
Generating /data/devel/jenkins-maven/workspace/ImageJ-Server/target/site/apidocs/net/imagej/server/managers/TmpDirManager.html...
Generating /data/devel/jenkins-maven/workspace/ImageJ-Server/target/site/apidocs/net/imagej/server/ImageJServerApplication.html...
Generating /data/devel/jenkins-maven/workspace/ImageJ-Server/target/site/apidocs/net/imagej/server/ImageJServerConfiguration.html...
Generating /data/devel/jenkins-maven/workspace/ImageJ-Server/target/site/apidocs/net/imagej/server/mixins/Mixins.html...
Generating /data/devel/jenkins-maven/workspace/ImageJ-Server/target/site/apidocs/net/imagej/server/mixins/Mixins.ComplexTypeMixIn.html...
Generating /data/devel/jenkins-maven/workspace/ImageJ-Server/target/site/apidocs/net/imagej/server/mixins/Mixins.IntegerTypeMixIn.html...
Generating /data/devel/jenkins-maven/workspace/ImageJ-Server/target/site/apidocs/net/imagej/server/mixins/Mixins.RealTypeMixIn.html...
Generating /data/devel/jenkins-maven/workspace/ImageJ-Server/target/site/apidocs/net/imagej/server/converter/NumberToNumericTypeConverter.html...
Generating /data/devel/jenkins-maven/workspace/ImageJ-Server/target/site/apidocs/net/imagej/server/converter/NumberToNumericTypeConverters.html...
Generating /data/devel/jenkins-maven/workspace/ImageJ-Server/target/site/apidocs/net/imagej/server/converter/NumberToNumericTypeConverters.DoubleToDoubleTypeConverter.html...
Generating /data/devel/jenkins-maven/workspace/ImageJ-Server/target/site/apidocs/net/imagej/server/converter/NumberToNumericTypeConverters.FloatToFloatTypeConverter.html...
Generating /data/devel/jenkins-maven/workspace/ImageJ-Server/target/site/apidocs/net/imagej/server/converter/NumberToNumericTypeConverters.IntegerToIntTypeConverter.html...
Generating /data/devel/jenkins-maven/workspace/ImageJ-Server/target/site/apidocs/net/imagej/server/converter/NumberToNumericTypeConverters.LongToLongTypeConverter.html...
Generating /data/devel/jenkins-maven/workspace/ImageJ-Server/target/site/apidocs/net/imagej/server/resources/IOResource.html...
Generating /data/devel/jenkins-maven/workspace/ImageJ-Server/target/site/apidocs/net/imagej/server/resources/ModulesResource.html...
Generating /data/devel/jenkins-maven/workspace/ImageJ-Server/target/site/apidocs/net/imagej/server/resources/ModulesResource.InitializablePreprocessor.html...
Generating /data/devel/jenkins-maven/workspace/ImageJ-Server/target/site/apidocs/net/imagej/server/resources/ModulesResource.MInfo.html...
Generating /data/devel/jenkins-maven/workspace/ImageJ-Server/target/site/apidocs/net/imagej/server/resources/ModulesResource.MInfoLong.html...
Generating /data/devel/jenkins-maven/workspace/ImageJ-Server/target/site/apidocs/net/imagej/server/resources/ModulesResource.MItem.html...
Generating /data/devel/jenkins-maven/workspace/ImageJ-Server/target/site/apidocs/net/imagej/server/resources/ModulesResource.RunSpec.html...
Generating /data/devel/jenkins-maven/workspace/ImageJ-Server/target/site/apidocs/overview-frame.html...
Generating /data/devel/jenkins-maven/workspace/ImageJ-Server/target/site/apidocs/net/imagej/server/package-frame.html...
Generating /data/devel/jenkins-maven/workspace/ImageJ-Server/target/site/apidocs/net/imagej/server/package-summary.html...
Generating /data/devel/jenkins-maven/workspace/ImageJ-Server/target/site/apidocs/net/imagej/server/package-tree.html...
Generating /data/devel/jenkins-maven/workspace/ImageJ-Server/target/site/apidocs/net/imagej/server/converter/package-frame.html...
Generating /data/devel/jenkins-maven/workspace/ImageJ-Server/target/site/apidocs/net/imagej/server/converter/package-summary.html...
Generating /data/devel/jenkins-maven/workspace/ImageJ-Server/target/site/apidocs/net/imagej/server/converter/package-tree.html...
Generating /data/devel/jenkins-maven/workspace/ImageJ-Server/target/site/apidocs/net/imagej/server/health/package-frame.html...
Generating /data/devel/jenkins-maven/workspace/ImageJ-Server/target/site/apidocs/net/imagej/server/health/package-summary.html...
Generating /data/devel/jenkins-maven/workspace/ImageJ-Server/target/site/apidocs/net/imagej/server/health/package-tree.html...
Generating /data/devel/jenkins-maven/workspace/ImageJ-Server/target/site/apidocs/net/imagej/server/managers/package-frame.html...
Generating /data/devel/jenkins-maven/workspace/ImageJ-Server/target/site/apidocs/net/imagej/server/managers/package-summary.html...
Generating /data/devel/jenkins-maven/workspace/ImageJ-Server/target/site/apidocs/net/imagej/server/managers/package-tree.html...
Generating /data/devel/jenkins-maven/workspace/ImageJ-Server/target/site/apidocs/net/imagej/server/mixins/package-frame.html...
Generating /data/devel/jenkins-maven/workspace/ImageJ-Server/target/site/apidocs/net/imagej/server/mixins/package-summary.html...
Generating /data/devel/jenkins-maven/workspace/ImageJ-Server/target/site/apidocs/net/imagej/server/mixins/package-tree.html...
Generating /data/devel/jenkins-maven/workspace/ImageJ-Server/target/site/apidocs/net/imagej/server/resources/package-frame.html...
Generating /data/devel/jenkins-maven/workspace/ImageJ-Server/target/site/apidocs/net/imagej/server/resources/package-summary.html...
Generating /data/devel/jenkins-maven/workspace/ImageJ-Server/target/site/apidocs/net/imagej/server/resources/package-tree.html...
Generating /data/devel/jenkins-maven/workspace/ImageJ-Server/target/site/apidocs/constant-values.html...
Building index for all the packages and classes...
Generating /data/devel/jenkins-maven/workspace/ImageJ-Server/target/site/apidocs/overview-tree.html...
Generating /data/devel/jenkins-maven/workspace/ImageJ-Server/target/site/apidocs/index-all.html...
Generating /data/devel/jenkins-maven/workspace/ImageJ-Server/target/site/apidocs/deprecated-list.html...
Building index for all classes...
Generating /data/devel/jenkins-maven/workspace/ImageJ-Server/target/site/apidocs/allclasses-frame.html...
Generating /data/devel/jenkins-maven/workspace/ImageJ-Server/target/site/apidocs/allclasses-noframe.html...
Generating /data/devel/jenkins-maven/workspace/ImageJ-Server/target/site/apidocs/index.html...
Generating /data/devel/jenkins-maven/workspace/ImageJ-Server/target/site/apidocs/overview-summary.html...
Generating /data/devel/jenkins-maven/workspace/ImageJ-Server/target/site/apidocs/help-doc.html...
[INFO] ------------------------------------------------------------------------
[INFO] BUILD SUCCESS
[INFO] ------------------------------------------------------------------------
[INFO] Total time: 23.893s
[INFO] Finished at: Mon Oct 17 14:48:31 CDT 2016
[INFO] Final Memory: 47M/807M
[INFO] ------------------------------------------------------------------------
Archiving artifacts
Publishing Javadoc
Recording test results
ERROR: Step Publish JUnit test result report failed: No test report files were found. Configuration error?
Performance: Percentage of errors greater or equal than 0% sets the build as unstable
Performance: Percentage of errors greater or equal than 0% sets the build as failure



Performance: Recording JUnit reports '**/TEST-*.xml'


From jenkins at imagej.net  Mon Oct 17 14:51:43 2016
From: jenkins at imagej.net (jenkins at imagej.net)
Date: Mon, 17 Oct 2016 14:51:43 -0500 (CDT)
Subject: [ImageJ-builds] Jenkins build is back to normal : ImageJ-Server #4
In-Reply-To: <2012611242.251.1476733712055.JavaMail.jenkins@dev>
References: <2012611242.251.1476733712055.JavaMail.jenkins@dev>
Message-ID: <1433261389.252.1476733903508.JavaMail.jenkins@dev>

See <http://jenkins.imagej.net/job/ImageJ-Server/4/changes>



From jenkins at imagej.net  Tue Oct 18 04:11:12 2016
From: jenkins at imagej.net (jenkins at imagej.net)
Date: Tue, 18 Oct 2016 04:11:12 -0500 (CDT)
Subject: [ImageJ-builds] Build failed in Jenkins: Stable-Fiji-MacOSX #719
Message-ID: <424125856.253.1476781872940.JavaMail.jenkins@dev>

See <http://jenkins.imagej.net/job/Stable-Fiji-MacOSX/719/>

------------------------------------------
[...truncated 618 lines...]
x Fiji.app/java/macosx/jdk1.8.0_66/jre/Contents/Home/man/man1/rmid.1
x Fiji.app/java/macosx/jdk1.8.0_66/jre/Contents/Home/man/man1/javaws.1
x Fiji.app/java/macosx/jdk1.8.0_66/jre/Contents/Home/man/man1/tnameserv.1
x Fiji.app/java/macosx/jdk1.8.0_66/jre/Contents/Home/man/man1/rmiregistry.1
x Fiji.app/java/macosx/jdk1.8.0_66/jre/Contents/Home/man/man1/java.1
x Fiji.app/java/macosx/jdk1.8.0_66/jre/Contents/Home/man/man1/orbd.1
x Fiji.app/java/macosx/jdk1.8.0_66/jre/Contents/Home/man/man1/jjs.1
x Fiji.app/java/macosx/jdk1.8.0_66/jre/Contents/Home/man/man1/servertool.1
x Fiji.app/java/macosx/jdk1.8.0_66/jre/Contents/Home/man/man1/keytool.1
x Fiji.app/java/macosx/jdk1.8.0_66/jre/Contents/Home/man/man1/pack200.1
x Fiji.app/java/macosx/jdk1.8.0_66/jre/Contents/Home/man/man1/policytool.1
x Fiji.app/java/macosx/jdk1.8.0_66/jre/Contents/Home/man/man1/unpack200.1
x Fiji.app/java/macosx/jdk1.8.0_66/jre/Contents/Home/release
x Fiji.app/java/macosx/jdk1.8.0_66/jre/Contents/Home/lib/
x Fiji.app/java/macosx/jdk1.8.0_66/jre/Contents/Home/lib/libt2k.dylib
x Fiji.app/java/macosx/jdk1.8.0_66/jre/Contents/Home/lib/libdecora_sse.dylib
x Fiji.app/java/macosx/jdk1.8.0_66/jre/Contents/Home/lib/logging.properties
x Fiji.app/java/macosx/jdk1.8.0_66/jre/Contents/Home/lib/psfont.properties.ja
x Fiji.app/java/macosx/jdk1.8.0_66/jre/Contents/Home/lib/libmlib_image.dylib
x Fiji.app/java/macosx/jdk1.8.0_66/jre/Contents/Home/lib/libjsig.dylib
x Fiji.app/java/macosx/jdk1.8.0_66/jre/Contents/Home/lib/cmm/
x Fiji.app/java/macosx/jdk1.8.0_66/jre/Contents/Home/lib/cmm/sRGB.pf
x Fiji.app/java/macosx/jdk1.8.0_66/jre/Contents/Home/lib/cmm/LINEAR_RGB.pf
x Fiji.app/java/macosx/jdk1.8.0_66/jre/Contents/Home/lib/cmm/PYCC.pf
x Fiji.app/java/macosx/jdk1.8.0_66/jre/Contents/Home/lib/cmm/GRAY.pf
x Fiji.app/java/macosx/jdk1.8.0_66/jre/Contents/Home/lib/cmm/CIEXYZ.pf
x Fiji.app/java/macosx/jdk1.8.0_66/jre/Contents/Home/lib/libj2gss.dylib
x Fiji.app/java/macosx/jdk1.8.0_66/jre/Contents/Home/lib/libprism_sw.dylib
x Fiji.app/java/macosx/jdk1.8.0_66/jre/Contents/Home/lib/libgstreamer-lite.dylib
x Fiji.app/java/macosx/jdk1.8.0_66/jre/Contents/Home/lib/libjdwp.dylib
x Fiji.app/java/macosx/jdk1.8.0_66/jre/Contents/Home/lib/net.properties
x Fiji.app/java/macosx/jdk1.8.0_66/jre/Contents/Home/lib/jfr/
x Fiji.app/java/macosx/jdk1.8.0_66/jre/Contents/Home/lib/jfr/default.jfc
x Fiji.app/java/macosx/jdk1.8.0_66/jre/Contents/Home/lib/jfr/profile.jfc
x Fiji.app/java/macosx/jdk1.8.0_66/jre/Contents/Home/lib/libmanagement.dylib
x Fiji.app/java/macosx/jdk1.8.0_66/jre/Contents/Home/lib/hijrah-config-umalqura.properties
x Fiji.app/java/macosx/jdk1.8.0_66/jre/Contents/Home/lib/libhprof.dylib
x Fiji.app/java/macosx/jdk1.8.0_66/jre/Contents/Home/lib/libjawt.dylib
x Fiji.app/java/macosx/jdk1.8.0_66/jre/Contents/Home/lib/libattach.dylib
x Fiji.app/java/macosx/jdk1.8.0_66/jre/Contents/Home/lib/libglass.dylib
x Fiji.app/java/macosx/jdk1.8.0_66/jre/Contents/Home/lib/meta-index
x Fiji.app/java/macosx/jdk1.8.0_66/jre/Contents/Home/lib/libjaas_unix.dylib
x Fiji.app/java/macosx/jdk1.8.0_66/jre/Contents/Home/lib/libsplashscreen.dylib
x Fiji.app/java/macosx/jdk1.8.0_66/jre/Contents/Home/lib/security/
x Fiji.app/java/macosx/jdk1.8.0_66/jre/Contents/Home/lib/security/trusted.libraries
x Fiji.app/java/macosx/jdk1.8.0_66/jre/Contents/Home/lib/security/local_policy.jar
x Fiji.app/java/macosx/jdk1.8.0_66/jre/Contents/Home/lib/security/cacerts
x Fiji.app/java/macosx/jdk1.8.0_66/jre/Contents/Home/lib/security/java.policy
x Fiji.app/java/macosx/jdk1.8.0_66/jre/Contents/Home/lib/security/blacklist
x Fiji.app/java/macosx/jdk1.8.0_66/jre/Contents/Home/lib/security/blacklisted.certs
x Fiji.app/java/macosx/jdk1.8.0_66/jre/Contents/Home/lib/security/US_export_policy.jar
x Fiji.app/java/macosx/jdk1.8.0_66/jre/Contents/Home/lib/security/java.security
x Fiji.app/java/macosx/jdk1.8.0_66/jre/Contents/Home/lib/libjfxmedia_avf.dylib
x Fiji.app/java/macosx/jdk1.8.0_66/jre/Contents/Home/lib/libosx.dylib
x Fiji.app/java/macosx/jdk1.8.0_66/jre/Contents/Home/lib/libnio.dylib
x Fiji.app/java/macosx/jdk1.8.0_66/jre/Contents/Home/lib/libzip.dylib
x Fiji.app/java/macosx/jdk1.8.0_66/jre/Contents/Home/lib/jvm.cfg
x Fiji.app/java/macosx/jdk1.8.0_66/jre/Contents/Home/lib/libosxapp.dylib
x Fiji.app/java/macosx/jdk1.8.0_66/jre/Contents/Home/lib/resources.jar
x Fiji.app/java/macosx/jdk1.8.0_66/jre/Contents/Home/lib/libj2pkcs11.dylib
x Fiji.app/java/macosx/jdk1.8.0_66/jre/Contents/Home/lib/jvm.hprof.txt
x Fiji.app/java/macosx/jdk1.8.0_66/jre/Contents/Home/lib/charsets.jar
x Fiji.app/java/macosx/jdk1.8.0_66/jre/Contents/Home/lib/images/
x Fiji.app/java/macosx/jdk1.8.0_66/jre/Contents/Home/lib/images/cursors/
x Fiji.app/java/macosx/jdk1.8.0_66/jre/Contents/Home/lib/images/cursors/motif_LinkNoDrop32x32.gif
x Fiji.app/java/macosx/jdk1.8.0_66/jre/Contents/Home/lib/images/cursors/cursors.properties
x Fiji.app/java/macosx/jdk1.8.0_66/jre/Contents/Home/lib/images/cursors/motif_CopyNoDrop32x32.gif
x Fiji.app/java/macosx/jdk1.8.0_66/jre/Contents/Home/lib/images/cursors/motif_MoveDrop32x32.gif
x Fiji.app/java/macosx/jdk1.8.0_66/jre/Contents/Home/lib/images/cursors/invalid32x32.gif
x Fiji.app/java/macosx/jdk1.8.0_66/jre/Contents/Home/lib/images/cursors/motif_MoveNoDrop32x32.gif
x Fiji.app/java/macosx/jdk1.8.0_66/jre/Contents/Home/lib/images/cursors/motif_LinkDrop32x32.gif
x Fiji.app/java/macosx/jdk1.8.0_66/jre/Contents/Home/lib/images/cursors/motif_CopyDrop32x32.gif
x Fiji.app/java/macosx/jdk1.8.0_66/jre/Contents/Home/lib/ext/
x Fiji.app/java/macosx/jdk1.8.0_66/jre/Contents/Home/lib/ext/localedata.jar
x Fiji.app/java/macosx/jdk1.8.0_66/jre/Contents/Home/lib/ext/jfxrt.jar
x Fiji.app/java/macosx/jdk1.8.0_66/jre/Contents/Home/lib/ext/sunpkcs11.jar
x Fiji.app/java/macosx/jdk1.8.0_66/jre/Contents/Home/lib/ext/sunec.jar
x Fiji.app/java/macosx/jdk1.8.0_66/jre/Contents/Home/lib/ext/meta-index
x Fiji.app/java/macosx/jdk1.8.0_66/jre/Contents/Home/lib/ext/nashorn.jar
x Fiji.app/java/macosx/jdk1.8.0_66/jre/Contents/Home/lib/ext/dnsns.jar
x Fiji.app/java/macosx/jdk1.8.0_66/jre/Contents/Home/lib/ext/sunjce_provider.jar
x Fiji.app/java/macosx/jdk1.8.0_66/jre/Contents/Home/lib/ext/jaccess.jar
x Fiji.app/java/macosx/jdk1.8.0_66/jre/Contents/Home/lib/ext/cldrdata.jar
x Fiji.app/java/macosx/jdk1.8.0_66/jre/Contents/Home/lib/ext/zipfs.jar
x Fiji.app/java/macosx/jdk1.8.0_66/jre/Contents/Home/lib/libkcms.dylib
x Fiji.app/java/macosx/jdk1.8.0_66/jre/Contents/Home/lib/fontconfig.bfc
x Fiji.app/java/macosx/jdk1.8.0_66/jre/Contents/Home/lib/javafx.properties
x Fiji.app/java/macosx/jdk1.8.0_66/jre/Contents/Home/lib/libverify.dylib
x Fiji.app/java/macosx/jdk1.8.0_66/jre/Contents/Home/lib/tzdb.dat
x Fiji.app/java/macosx/jdk1.8.0_66/jre/Contents/Home/lib/libglib-lite.dylib
x Fiji.app/java/macosx/jdk1.8.0_66/jre/Contents/Home/lib/jspawnhelper
x Fiji.app/java/macosx/jdk1.8.0_66/jre/Contents/Home/lib/management/
x Fiji.app/java/macosx/jdk1.8.0_66/jre/Contents/Home/lib/management/jmxremote.access
x Fiji.app/java/macosx/jdk1.8.0_66/jre/Contents/Home/lib/management/management.properties
x Fiji.app/java/macosx/jdk1.8.0_66/jre/Contents/Home/lib/management/snmp.acl.template
x Fiji.app/java/macosx/jdk1.8.0_66/jre/Contents/Home/lib/management/jmxremote.password.template
x Fiji.app/java/macosx/jdk1.8.0_66/jre/Contents/Home/lib/jsse.jar
x Fiji.app/java/macosx/jdk1.8.0_66/jre/Contents/Home/lib/classlist
x Fiji.app/java/macosx/jdk1.8.0_66/jre/Contents/Home/lib/libnet.dylib
x Fiji.app/java/macosx/jdk1.8.0_66/jre/Contents/Home/lib/server/
x Fiji.app/java/macosx/jdk1.8.0_66/jre/Contents/Home/lib/server/libjsig.dylib
x Fiji.app/java/macosx/jdk1.8.0_66/jre/Contents/Home/lib/server/Xusage.txt
x Fiji.app/java/macosx/jdk1.8.0_66/jre/Contents/Home/lib/server/libjvm.dylib
x Fiji.app/java/macosx/jdk1.8.0_66/jre/Contents/Home/lib/fonts/
x Fiji.app/java/macosx/jdk1.8.0_66/jre/Contents/Home/lib/fonts/LucidaBrightRegular.ttf
x Fiji.app/java/macosx/jdk1.8.0_66/jre/Contents/Home/lib/fonts/LucidaBrightDemiBold.ttf
x Fiji.app/java/macosx/jdk1.8.0_66/jre/Contents/Home/lib/fonts/LucidaBrightDemiItalic.ttf
x Fiji.app/java/macosx/jdk1.8.0_66/jre/Contents/Home/lib/fonts/LucidaTypewriterRegular.ttf
x Fiji.app/java/macosx/jdk1.8.0_66/jre/Contents/Home/lib/fonts/LucidaSansRegular.ttf
x Fiji.app/java/macosx/jdk1.8.0_66/jre/Contents/Home/lib/fonts/LucidaSansDemiBold.ttf
x Fiji.app/java/macosx/jdk1.8.0_66/jre/Contents/Home/lib/fonts/LucidaTypewriterBold.ttf
x Fiji.app/java/macosx/jdk1.8.0_66/jre/Contents/Home/lib/fonts/fonts.dir
x Fiji.app/java/macosx/jdk1.8.0_66/jre/Contents/Home/lib/fonts/LucidaBrightItalic.ttf
x Fiji.app/java/macosx/jdk1.8.0_66/jre/Contents/Home/lib/libjavafx_iio.dylib
x Fiji.app/java/macosx/jdk1.8.0_66/jre/Contents/Home/lib/libinstrument.dylib
x Fiji.app/java/macosx/jdk1.8.0_66/jre/Contents/Home/lib/sound.properties
x Fiji.app/java/macosx/jdk1.8.0_66/jre/Contents/Home/lib/flavormap.properties
x Fiji.app/java/macosx/jdk1.8.0_66/jre/Contents/Home/lib/libnpt.dylib
x Fiji.app/java/macosx/jdk1.8.0_66/jre/Contents/Home/lib/calendars.properties
x Fiji.app/java/macosx/jdk1.8.0_66/jre/Contents/Home/lib/libprism_common.dylib
x Fiji.app/java/macosx/jdk1.8.0_66/jre/Contents/Home/lib/libdt_socket.dylib
x Fiji.app/java/macosx/jdk1.8.0_66/jre/Contents/Home/lib/libjava.dylib
x Fiji.app/java/macosx/jdk1.8.0_66/jre/Contents/Home/lib/libdcpr.dylib
x Fiji.app/java/macosx/jdk1.8.0_66/jre/Contents/Home/lib/management-agent.jar
x Fiji.app/java/macosx/jdk1.8.0_66/jre/Contents/Home/lib/libunpack.dylib
x Fiji.app/java/macosx/jdk1.8.0_66/jre/Contents/Home/lib/libjava_crw_demo.dylib
x Fiji.app/java/macosx/jdk1.8.0_66/jre/Contents/Home/lib/libosxui.dylib
x Fiji.app/java/macosx/jdk1.8.0_66/jre/Contents/Home/lib/libjfxmedia.dylib
x Fiji.app/java/macosx/jdk1.8.0_66/jre/Contents/Home/lib/libbci.dylib
x Fiji.app/java/macosx/jdk1.8.0_66/jre/Contents/Home/lib/currency.data
x Fiji.app/java/macosx/jdk1.8.0_66/jre/Contents/Home/lib/libawt.dylib
x Fiji.app/java/macosx/jdk1.8.0_66/jre/Contents/Home/lib/fontconfig.properties.src
x Fiji.app/java/macosx/jdk1.8.0_66/jre/Contents/Home/lib/libfontmanager.dylib
x Fiji.app/java/macosx/jdk1.8.0_66/jre/Contents/Home/lib/libjfr.dylib
x Fiji.app/java/macosx/jdk1.8.0_66/jre/Contents/Home/lib/jce.jar
x Fiji.app/java/macosx/jdk1.8.0_66/jre/Contents/Home/lib/libjfxmedia_qtkit.dylib
x Fiji.app/java/macosx/jdk1.8.0_66/jre/Contents/Home/lib/libosxkrb5.dylib
x Fiji.app/java/macosx/jdk1.8.0_66/jre/Contents/Home/lib/libAppleScriptEngine.dylib
x Fiji.app/java/macosx/jdk1.8.0_66/jre/Contents/Home/lib/rt.jar
x Fiji.app/java/macosx/jdk1.8.0_66/jre/Contents/Home/lib/psfontj2d.properties
x Fiji.app/java/macosx/jdk1.8.0_66/jre/Contents/Home/lib/content-types.properties
x Fiji.app/java/macosx/jdk1.8.0_66/jre/Contents/Home/lib/libfxplugins.dylib
x Fiji.app/java/macosx/jdk1.8.0_66/jre/Contents/Home/lib/libjsound.dylib
x Fiji.app/java/macosx/jdk1.8.0_66/jre/Contents/Home/lib/jfr.jar
x Fiji.app/java/macosx/jdk1.8.0_66/jre/Contents/Home/lib/libjfxwebkit.dylib
x Fiji.app/java/macosx/jdk1.8.0_66/jre/Contents/Home/lib/libjsdt.dylib
x Fiji.app/java/macosx/jdk1.8.0_66/jre/Contents/Home/lib/libsunec.dylib
x Fiji.app/java/macosx/jdk1.8.0_66/jre/Contents/Home/lib/libresource.dylib
x Fiji.app/java/macosx/jdk1.8.0_66/jre/Contents/Home/lib/libjpeg.dylib
x Fiji.app/java/macosx/jdk1.8.0_66/jre/Contents/Home/lib/libjavafx_font_t2k.dylib
x Fiji.app/java/macosx/jdk1.8.0_66/jre/Contents/Home/lib/liblcms.dylib
x Fiji.app/java/macosx/jdk1.8.0_66/jre/Contents/Home/lib/libprism_es2.dylib
x Fiji.app/java/macosx/jdk1.8.0_66/jre/Contents/Home/lib/libjavafx_font.dylib
x Fiji.app/java/macosx/jdk1.8.0_66/jre/Contents/Home/lib/libsaproc.dylib
x Fiji.app/java/macosx/jdk1.8.0_66/jre/Contents/Home/lib/jli/
x Fiji.app/java/macosx/jdk1.8.0_66/jre/Contents/Home/lib/jli/libjli.dylib
x Fiji.app/java/macosx/jdk1.8.0_66/jre/Contents/Home/lib/libawt_lwawt.dylib
x Fiji.app/java/macosx/jdk1.8.0_66/jre/Contents/Home/lib/libj2pcsc.dylib
x Fiji.app/java/macosx/jdk1.8.0_66/jre/Contents/Home/lib/jfxswt.jar
x Fiji.app/java/macosx/jdk1.8.0_66/jre/Contents/MacOS/
x Fiji.app/java/macosx/jdk1.8.0_66/jre/Contents/MacOS/libjli.dylib
+ hdiutil create fiji-macosx.dmg -srcfolder fiji-dmg61Kegu4 -fs HFS+ -format UDRW -volname Fiji -ov
created: <http://jenkins.imagej.net/job/Stable-Fiji-MacOSX/719/artifact/fiji-macosx.dmg>
++ get_folder fiji-macosx.dmg
++ hdid fiji-macosx.dmg
++ sed -n 's|.*Apple_HFS[ 	]*\([^
]*\).*|\1|p'
+ folder=/Volumes/Fiji
+ echo 'folder: /Volumes/Fiji'
folder: /Volumes/Fiji
+ rm -r fiji-dmg61Kegu4
++ dirname ./bin/tar2fiji.dmg.sh
+ cd ./bin/..
+ test -f resources/install-fiji.jpg
+ cp resources/install-fiji.jpg /Volumes/Fiji/.background.jpg
+ ln -s /Applications /Volumes/Fiji/Applications
+ VERSIONER_PERL_PREFER_32_BIT=yes
+ perl bin/generate-finder-dsstore.perl /Volumes/Fiji
Undefined subroutine &main::NewAliasMinimal called at bin/generate-finder-dsstore.perl line 62.
use lib ('<http://jenkins.imagej.net/job/Stable-Fiji-MacOSX/ws/bin/Test-Simple-0.98/blib/lib');>
use lib ('<http://jenkins.imagej.net/job/Stable-Fiji-MacOSX/ws/bin/Test-Simple-0.98/blib/arch');use> lib ('<http://jenkins.imagej.net/job/Stable-Fiji-MacOSX/ws/bin/Test-Tester-0.108/blib/lib');>
use lib ('<http://jenkins.imagej.net/job/Stable-Fiji-MacOSX/ws/bin/Test-Tester-0.108/blib/arch');use> lib ('<http://jenkins.imagej.net/job/Stable-Fiji-MacOSX/ws/bin/Test-NoWarnings-1.04/blib/lib');>
use lib ('<http://jenkins.imagej.net/job/Stable-Fiji-MacOSX/ws/bin/Test-NoWarnings-1.04/blib/arch');use> lib ('<http://jenkins.imagej.net/job/Stable-Fiji-MacOSX/ws/bin/Mac-Carbon-0.82/blib/lib');>
use lib ('<http://jenkins.imagej.net/job/Stable-Fiji-MacOSX/ws/bin/Mac-Carbon-0.82/blib/arch');use> lib ('<http://jenkins.imagej.net/job/Stable-Fiji-MacOSX/ws/bin/Mac-Finder-DSStore-0.96/blib/lib');>
use lib ('<http://jenkins.imagej.net/job/Stable-Fiji-MacOSX/ws/bin/Mac-Finder-DSStore-0.96/blib/arch');+> eject fiji-macosx.dmg
++ get_disk_id fiji-macosx.dmg
++ hdid fiji-macosx.dmg
++ sed -n 's|.*/dev/\([^ ]*\)[^/]*Apple_HFS.*|\1|p'
+ disk_id=disk1s1
+ echo 'disk_id: disk1s1'
disk_id: disk1s1
+ hdiutil eject disk1s1
"disk1" unmounted.
"disk1" ejected.
+ mv fiji-macosx.dmg fiji-macosx.dmg.tmp
+ hdiutil convert fiji-macosx.dmg.tmp -format UDZO -o fiji-macosx.dmg
Preparing imaging engine
Reading Protective Master Boot Record (MBR : 0)
   (CRC32 $41CAC6EC: Protective Master Boot Record (MBR : 0))
Reading GPT Header (Primary GPT Header : 1)
   (CRC32 $C58449C8: GPT Header (Primary GPT Header : 1))
Reading GPT Partition Data (Primary GPT Table : 2)
   (CRC32 $FD9E4DF2: GPT Partition Data (Primary GPT Table : 2))
Reading  (Apple_Free : 3)
   (CRC32 $00000000:  (Apple_Free : 3))
Reading disk image (Apple_HFS : 4)
   (CRC32 $CFADCA9B: disk image (Apple_HFS : 4))
Reading  (Apple_Free : 5)
   (CRC32 $00000000:  (Apple_Free : 5))
Reading GPT Partition Data (Backup GPT Table : 6)
   (CRC32 $FD9E4DF2: GPT Partition Data (Backup GPT Table : 6))
Reading GPT Header (Backup GPT Header : 7)
   (CRC32 $B387A1F9: GPT Header (Backup GPT Header : 7))
Adding resources
Elapsed Time: 21.540s
File size: 265536246 bytes, Checksum: CRC32 $E7D068CA
Sectors processed: 864056, 781316 compressed
Speed: 17.7Mbytes/sec
Savings: 40.0%
created: <http://jenkins.imagej.net/job/Stable-Fiji-MacOSX/719/artifact/fiji-macosx.dmg>
+ eject fiji-macosx.dmg
++ get_disk_id fiji-macosx.dmg
++ hdid fiji-macosx.dmg
++ sed -n 's|.*/dev/\([^ ]*\)[^/]*Apple_HFS.*|\1|p'
+ disk_id=disk1s1
+ echo 'disk_id: disk1s1'
disk_id: disk1s1
+ hdiutil eject disk1s1
"disk1" unmounted.
"disk1" ejected.
+ rm fiji-macosx.dmg.tmp
+ rm -rf fiji-dmg61Kegu4
+ scp -p fiji-macosx.dmg downloads.imagej.net:fiji-macosx.dmg.part
@@@@@@@@@@@@@@@@@@@@@@@@@@@@@@@@@@@@@@@@@@@@@@@@@@@@@@@@@@@
@    WARNING: REMOTE HOST IDENTIFICATION HAS CHANGED!     @
@@@@@@@@@@@@@@@@@@@@@@@@@@@@@@@@@@@@@@@@@@@@@@@@@@@@@@@@@@@
IT IS POSSIBLE THAT SOMEONE IS DOING SOMETHING NASTY!
Someone could be eavesdropping on you right now (man-in-the-middle attack)!
It is also possible that a host key has just been changed.
The fingerprint for the RSA key sent by the remote host is
cd:e1:67:60:02:e9:18:76:fa:03:ed:c1:d3:16:73:e8.
Please contact your system administrator.
Add correct host key in /Users/jenkins-node/.ssh/known_hosts to get rid of this message.
Offending RSA key in /Users/jenkins-node/.ssh/known_hosts:1
RSA host key for downloads.imagej.net has changed and you have requested strict checking.
Host key verification failed.
lost connection
Build step 'Execute shell' marked build as failure
Archiving artifacts


From jenkins at imagej.net  Tue Oct 18 08:51:27 2016
From: jenkins at imagej.net (jenkins at imagej.net)
Date: Tue, 18 Oct 2016 08:51:27 -0500 (CDT)
Subject: [ImageJ-builds] Jenkins build is back to normal :
	Stable-Fiji-MacOSX #720
In-Reply-To: <424125856.253.1476781872940.JavaMail.jenkins@dev>
References: <424125856.253.1476781872940.JavaMail.jenkins@dev>
Message-ID: <287611294.254.1476798687375.JavaMail.jenkins@dev>

See <http://jenkins.imagej.net/job/Stable-Fiji-MacOSX/720/>



From jenkins at imagej.net  Thu Oct 20 10:52:03 2016
From: jenkins at imagej.net (jenkins at imagej.net)
Date: Thu, 20 Oct 2016 10:52:03 -0500 (CDT)
Subject: [ImageJ-builds] Build failed in Jenkins: Parsington #55
Message-ID: <1261207046.255.1476978723864.JavaMail.jenkins@dev>

See <http://jenkins.imagej.net/job/Parsington/55/>

------------------------------------------
Started by an SCM change
Started by an SCM change
Building remotely on maven in workspace <http://jenkins.imagej.net/job/Parsington/ws/>
Cloning the remote Git repository
Cloning repository git://github.com/scijava/parsington
 > git init <http://jenkins.imagej.net/job/Parsington/ws/> # timeout=10
Fetching upstream changes from git://github.com/scijava/parsington
 > git --version # timeout=10
 > git -c core.askpass=true fetch --tags --progress git://github.com/scijava/parsington +refs/heads/*:refs/remotes/origin/*
 > git config remote.origin.url git://github.com/scijava/parsington # timeout=10
 > git config --add remote.origin.fetch +refs/heads/*:refs/remotes/origin/* # timeout=10
 > git config remote.origin.url git://github.com/scijava/parsington # timeout=10
Fetching upstream changes from git://github.com/scijava/parsington
 > git -c core.askpass=true fetch --tags --progress git://github.com/scijava/parsington +refs/heads/*:refs/remotes/origin/*
 > git rev-parse origin/master^{commit} # timeout=10
Checking out Revision 326e6efe6350b04f25708012e4b53bba2e9bc548 (origin/master)
 > git config core.sparsecheckout # timeout=10
 > git checkout -f 326e6efe6350b04f25708012e4b53bba2e9bc548
First time build. Skipping changelog.
 > git tag -a -f -m Jenkins Build #55 jenkins-Parsington-55 # timeout=10
[Parsington] $ /bin/sh -xe /tmp/hudson5320640887010524122.sh
+ git clean -dfx
[Parsington] $ mvn -U -Pdeploy-to-imagej clean deploy javadoc:javadoc
[INFO] Scanning for projects...
[INFO]                                                                         
[INFO] ------------------------------------------------------------------------
[INFO] Building Parsington: The SciJava Expression Parser 1.0.0-SNAPSHOT
[INFO] ------------------------------------------------------------------------
[INFO] 
[INFO] --- maven-clean-plugin:3.0.0:clean (default-clean) @ parsington ---
[INFO] 
[INFO] --- maven-enforcer-plugin:1.4.1:enforce (enforce-rules) @ parsington ---
[INFO] 
[INFO] --- build-helper-maven-plugin:1.12:regex-property (sanitize-version) @ parsington ---
[INFO] 
[INFO] --- buildnumber-maven-plugin:1.4:create (default) @ parsington ---
[INFO] Executing: /bin/sh -c cd '/data/devel/jenkins-maven/workspace/Parsington' && 'git' 'rev-parse' '--verify' 'HEAD'
[INFO] Working directory: /data/devel/jenkins-maven/workspace/Parsington
[INFO] Storing buildNumber: 326e6efe6350b04f25708012e4b53bba2e9bc548 at timestamp: 1476978723025
[WARNING] Cannot get the branch information from the git repository: 
Detecting the current branch failed: fatal: ref HEAD is not a symbolic ref

[INFO] Executing: /bin/sh -c cd '/data/devel/jenkins-maven/workspace/Parsington' && 'git' 'rev-parse' '--verify' 'HEAD'
[INFO] Working directory: /data/devel/jenkins-maven/workspace/Parsington
[INFO] Storing buildScmBranch: UNKNOWN
[INFO] 
[INFO] --- maven-resources-plugin:3.0.1:resources (default-resources) @ parsington ---
[INFO] Using 'UTF-8' encoding to copy filtered resources.
[INFO] skip non existing resourceDirectory /data/devel/jenkins-maven/workspace/Parsington/src/main/resources
[INFO] 
[INFO] --- maven-compiler-plugin:3.5.1:compile (default-compile) @ parsington ---
[INFO] Compiling 22 source files to /data/devel/jenkins-maven/workspace/Parsington/target/classes
[INFO] ------------------------------------------------------------------------
[INFO] BUILD FAILURE
[INFO] ------------------------------------------------------------------------
[INFO] Total time: 3.919s
[INFO] Finished at: Thu Oct 20 10:52:03 CDT 2016
[INFO] Final Memory: 18M/455M
[INFO] ------------------------------------------------------------------------
[ERROR] Failed to execute goal org.apache.maven.plugins:maven-compiler-plugin:3.5.1:compile (default-compile) on project parsington: Fatal error compiling: invalid target release: 1.8 -> [Help 1]
[ERROR] 
[ERROR] To see the full stack trace of the errors, re-run Maven with the -e switch.
[ERROR] Re-run Maven using the -X switch to enable full debug logging.
[ERROR] 
[ERROR] For more information about the errors and possible solutions, please read the following articles:
[ERROR] [Help 1] http://cwiki.apache.org/confluence/display/MAVEN/MojoExecutionException
Build step 'Invoke top-level Maven targets' marked build as failure
Archiving artifacts
Publishing Javadoc
Recording test results
ERROR: Step Publish JUnit test result report failed: No test report files were found. Configuration error?
Performance: Percentage of errors greater or equal than 0% sets the build as unstable
Performance: Percentage of errors greater or equal than 0% sets the build as failure





From jenkins at imagej.net  Thu Oct 20 10:54:08 2016
From: jenkins at imagej.net (jenkins at imagej.net)
Date: Thu, 20 Oct 2016 10:54:08 -0500 (CDT)
Subject: [ImageJ-builds] Build failed in Jenkins: Parsington #56
In-Reply-To: <1261207046.255.1476978723864.JavaMail.jenkins@dev>
References: <1261207046.255.1476978723864.JavaMail.jenkins@dev>
Message-ID: <1626489872.256.1476978848712.JavaMail.jenkins@dev>

See <http://jenkins.imagej.net/job/Parsington/56/changes>

Changes:

[Jenkins] Bump to next development cycle

------------------------------------------
Started by an SCM change
Started by an SCM change
Building remotely on maven in workspace <http://jenkins.imagej.net/job/Parsington/ws/>
 > git rev-parse --is-inside-work-tree # timeout=10
Fetching changes from the remote Git repository
 > git config remote.origin.url git://github.com/scijava/parsington # timeout=10
Fetching upstream changes from git://github.com/scijava/parsington
 > git --version # timeout=10
 > git -c core.askpass=true fetch --tags --progress git://github.com/scijava/parsington +refs/heads/*:refs/remotes/origin/*
 > git rev-parse origin/master^{commit} # timeout=10
Checking out Revision 08ac8e06305075dc981fc266bad303944b06c4c3 (origin/master)
 > git config core.sparsecheckout # timeout=10
 > git checkout -f 08ac8e06305075dc981fc266bad303944b06c4c3
 > git rev-list 326e6efe6350b04f25708012e4b53bba2e9bc548 # timeout=10
 > git tag -a -f -m Jenkins Build #56 jenkins-Parsington-56 # timeout=10
[Parsington] $ /bin/sh -xe /tmp/hudson7038462313409171005.sh
+ git clean -dfx
Removing target/
[Parsington] $ mvn -U -Pdeploy-to-imagej clean deploy javadoc:javadoc
[INFO] Scanning for projects...
[INFO]                                                                         
[INFO] ------------------------------------------------------------------------
[INFO] Building Parsington: The SciJava Expression Parser 1.0.1-SNAPSHOT
[INFO] ------------------------------------------------------------------------
[INFO] 
[INFO] --- maven-clean-plugin:3.0.0:clean (default-clean) @ parsington ---
[INFO] 
[INFO] --- maven-enforcer-plugin:1.4.1:enforce (enforce-rules) @ parsington ---
[INFO] 
[INFO] --- build-helper-maven-plugin:1.12:regex-property (sanitize-version) @ parsington ---
[INFO] 
[INFO] --- buildnumber-maven-plugin:1.4:create (default) @ parsington ---
[INFO] Executing: /bin/sh -c cd '/data/devel/jenkins-maven/workspace/Parsington' && 'git' 'rev-parse' '--verify' 'HEAD'
[INFO] Working directory: /data/devel/jenkins-maven/workspace/Parsington
[INFO] Storing buildNumber: 08ac8e06305075dc981fc266bad303944b06c4c3 at timestamp: 1476978848056
[WARNING] Cannot get the branch information from the git repository: 
Detecting the current branch failed: fatal: ref HEAD is not a symbolic ref

[INFO] Executing: /bin/sh -c cd '/data/devel/jenkins-maven/workspace/Parsington' && 'git' 'rev-parse' '--verify' 'HEAD'
[INFO] Working directory: /data/devel/jenkins-maven/workspace/Parsington
[INFO] Storing buildScmBranch: UNKNOWN
[INFO] 
[INFO] --- maven-resources-plugin:3.0.1:resources (default-resources) @ parsington ---
[INFO] Using 'UTF-8' encoding to copy filtered resources.
[INFO] skip non existing resourceDirectory /data/devel/jenkins-maven/workspace/Parsington/src/main/resources
[INFO] 
[INFO] --- maven-compiler-plugin:3.5.1:compile (default-compile) @ parsington ---
[INFO] Compiling 22 source files to /data/devel/jenkins-maven/workspace/Parsington/target/classes
[INFO] ------------------------------------------------------------------------
[INFO] BUILD FAILURE
[INFO] ------------------------------------------------------------------------
[INFO] Total time: 3.050s
[INFO] Finished at: Thu Oct 20 10:54:08 CDT 2016
[INFO] Final Memory: 18M/455M
[INFO] ------------------------------------------------------------------------
[ERROR] Failed to execute goal org.apache.maven.plugins:maven-compiler-plugin:3.5.1:compile (default-compile) on project parsington: Fatal error compiling: invalid target release: 1.8 -> [Help 1]
[ERROR] 
[ERROR] To see the full stack trace of the errors, re-run Maven with the -e switch.
[ERROR] Re-run Maven using the -X switch to enable full debug logging.
[ERROR] 
[ERROR] For more information about the errors and possible solutions, please read the following articles:
[ERROR] [Help 1] http://cwiki.apache.org/confluence/display/MAVEN/MojoExecutionException
Build step 'Invoke top-level Maven targets' marked build as failure
Archiving artifacts
Publishing Javadoc
Recording test results
ERROR: Step Publish JUnit test result report failed: No test report files were found. Configuration error?
Performance: Percentage of errors greater or equal than 0% sets the build as unstable
Performance: Percentage of errors greater or equal than 0% sets the build as failure





From jenkins at imagej.net  Thu Oct 20 12:20:05 2016
From: jenkins at imagej.net (jenkins at imagej.net)
Date: Thu, 20 Oct 2016 12:20:05 -0500 (CDT)
Subject: [ImageJ-builds] Jenkins build is back to normal : Parsington #57
In-Reply-To: <1626489872.256.1476978848712.JavaMail.jenkins@dev>
References: <1626489872.256.1476978848712.JavaMail.jenkins@dev>
Message-ID: <1804309711.257.1476984005796.JavaMail.jenkins@dev>

See <http://jenkins.imagej.net/job/Parsington/57/>



From jenkins at imagej.net  Fri Oct 21 13:37:48 2016
From: jenkins at imagej.net (jenkins at imagej.net)
Date: Fri, 21 Oct 2016 13:37:48 -0500 (CDT)
Subject: [ImageJ-builds] Build failed in Jenkins: Fiji_Plugins #29
Message-ID: <1070314452.260.1477075068675.JavaMail.jenkins@dev>

See <http://jenkins.imagej.net/job/Fiji_Plugins/29/changes>

Changes:

[Curtis Rueden] POM: bump pom-fiji parent to 26.1.1

[Curtis Rueden] Keep extreme distance values to adjust contrast

------------------------------------------
Started by an SCM change
Building remotely on maven in workspace <http://jenkins.imagej.net/job/Fiji_Plugins/ws/>
 > git rev-parse --is-inside-work-tree # timeout=10
Fetching changes from the remote Git repository
 > git config remote.origin.url git://github.com/fiji/Fiji_Plugins # timeout=10
Fetching upstream changes from git://github.com/fiji/Fiji_Plugins
 > git --version # timeout=10
 > git -c core.askpass=true fetch --tags --progress git://github.com/fiji/Fiji_Plugins +refs/heads/*:refs/remotes/origin/*
 > git rev-parse origin/master^{commit} # timeout=10
Checking out Revision d559f0efc13398121f8b31eb9089fa43c832550c (origin/master)
 > git config core.sparsecheckout # timeout=10
 > git checkout -f d559f0efc13398121f8b31eb9089fa43c832550c
 > git rev-list d67f3721c835d3178b67429201fc54c3ab729954 # timeout=10
 > git tag -a -f -m Jenkins Build #29 jenkins-Fiji_Plugins-29 # timeout=10
[Fiji_Plugins] $ /bin/sh -xe /tmp/hudson8108389777765692853.sh
+ git clean -dfx
Removing target/
[Fiji_Plugins] $ /bin/sh -xe /tmp/hudson667428508400316001.sh
+ mvn -U -Pdeploy-to-imagej clean deploy
[INFO] Scanning for projects...
[INFO]                                                                         
[INFO] ------------------------------------------------------------------------
[INFO] Building plugins/Fiji_Plugins.jar 3.0.1-SNAPSHOT
[INFO] ------------------------------------------------------------------------
[INFO] 
[INFO] --- maven-clean-plugin:3.0.0:clean (default-clean) @ Fiji_Plugins ---
[INFO] 
[INFO] --- maven-enforcer-plugin:1.4.1:enforce (enforce-rules) @ Fiji_Plugins ---
[INFO] 
[INFO] --- build-helper-maven-plugin:1.12:regex-property (sanitize-version) @ Fiji_Plugins ---
[INFO] 
[INFO] --- buildnumber-maven-plugin:1.4:create (default) @ Fiji_Plugins ---
[INFO] Executing: /bin/sh -c cd '/data/devel/jenkins-maven/workspace/Fiji_Plugins' && 'git' 'rev-parse' '--verify' 'HEAD'
[INFO] Working directory: /data/devel/jenkins-maven/workspace/Fiji_Plugins
[INFO] Storing buildNumber: d559f0efc13398121f8b31eb9089fa43c832550c at timestamp: 1477075067764
[WARNING] Cannot get the branch information from the git repository: 
Detecting the current branch failed: fatal: ref HEAD is not a symbolic ref

[INFO] Executing: /bin/sh -c cd '/data/devel/jenkins-maven/workspace/Fiji_Plugins' && 'git' 'rev-parse' '--verify' 'HEAD'
[INFO] Working directory: /data/devel/jenkins-maven/workspace/Fiji_Plugins
[INFO] Storing buildScmBranch: UNKNOWN
[INFO] 
[INFO] --- scijava-maven-plugin:0.5.1:set-rootdir (set-rootdir) @ Fiji_Plugins ---
[INFO] Setting rootdir: /data/devel/jenkins-maven/workspace/Fiji_Plugins
[INFO] 
[INFO] --- maven-resources-plugin:3.0.1:resources (default-resources) @ Fiji_Plugins ---
[INFO] Using 'UTF-8' encoding to copy filtered resources.
[INFO] Copying 1 resource
[INFO] 
[INFO] --- maven-compiler-plugin:3.5.1:compile (default-compile) @ Fiji_Plugins ---
[INFO] Changes detected - recompiling the module!
[INFO] Compiling 31 source files to /data/devel/jenkins-maven/workspace/Fiji_Plugins/target/classes
[INFO] ------------------------------------------------------------------------
[INFO] BUILD FAILURE
[INFO] ------------------------------------------------------------------------
[INFO] Total time: 4.986s
[INFO] Finished at: Fri Oct 21 13:37:48 CDT 2016
[INFO] Final Memory: 17M/360M
[INFO] ------------------------------------------------------------------------
[ERROR] Failed to execute goal org.apache.maven.plugins:maven-compiler-plugin:3.5.1:compile (default-compile) on project Fiji_Plugins: Fatal error compiling: invalid target release: 1.8 -> [Help 1]
[ERROR] 
[ERROR] To see the full stack trace of the errors, re-run Maven with the -e switch.
[ERROR] Re-run Maven using the -X switch to enable full debug logging.
[ERROR] 
[ERROR] For more information about the errors and possible solutions, please read the following articles:
[ERROR] [Help 1] http://cwiki.apache.org/confluence/display/MAVEN/MojoExecutionException
Build step 'Execute shell' marked build as failure
Archiving artifacts


From jenkins at imagej.net  Fri Oct 21 13:39:21 2016
From: jenkins at imagej.net (jenkins at imagej.net)
Date: Fri, 21 Oct 2016 13:39:21 -0500 (CDT)
Subject: [ImageJ-builds] Jenkins build is back to normal : Fiji_Plugins #30
In-Reply-To: <1070314452.260.1477075068675.JavaMail.jenkins@dev>
References: <1070314452.260.1477075068675.JavaMail.jenkins@dev>
Message-ID: <594683454.261.1477075161960.JavaMail.jenkins@dev>

See <http://jenkins.imagej.net/job/Fiji_Plugins/30/>



From jenkins at imagej.net  Sat Oct 22 23:26:49 2016
From: jenkins at imagej.net (jenkins at imagej.net)
Date: Sat, 22 Oct 2016 23:26:49 -0500 (CDT)
Subject: [ImageJ-builds] Build failed in Jenkins: Simple_Neurite_Tracer #42
In-Reply-To: <1454029442.242.1476415921084.JavaMail.jenkins@dev>
References: <1454029442.242.1476415921084.JavaMail.jenkins@dev>
Message-ID: <978891628.264.1477196809355.JavaMail.jenkins@dev>

See <http://jenkins.imagej.net/job/Simple_Neurite_Tracer/42/changes>

Changes:

[tiagoalvespedrosa] POM: bump parent to pom-fiji 26.1.1

[tiagoalvespedrosa] POM: Add Sholl_Analaysis as a dependency

[tiagoalvespedrosa] Make continuous and non-continuous profiles uniform As is continuous

[tiagoalvespedrosa] Do not allow duplicated points in plot of sample profile

[tiagoalvespedrosa] Make export data coherent with the one graphed.

[tiagoalvespedrosa] Maintain naming style and ensure label is disable if no data present

[tiagoalvespedrosa] Predict llegalArgumentException when minY=maxY

[tiagoalvespedrosa] Add ResultsMethods to perform analysis through Sholl Analysis plugin

[tiagoalvespedrosa] Keep track of "Save to" directory

[tiagoalvespedrosa] Remove redundancy: Export only detailed profiled. Summary results will

[tiagoalvespedrosa] Analyze data through sholl.Shol_Analysis on a separated thread

[tiagoalvespedrosa] GUI cleanup

[tiagoalvespedrosa] Code cleanup using github.com/imagej/imagej/tree/master/config

[tiagoalvespedrosa] Add public methods for sampled data

[tiagoalvespedrosa] Try to solve circular dependencies error

[tiagoalvespedrosa] Require Sholl_Analysis 3.6.7

------------------------------------------
Started by an SCM change
Building remotely on maven in workspace <http://jenkins.imagej.net/job/Simple_Neurite_Tracer/ws/>
 > git rev-parse --is-inside-work-tree # timeout=10
Fetching changes from the remote Git repository
 > git config remote.origin.url git://github.com/fiji/Simple_Neurite_Tracer # timeout=10
Fetching upstream changes from git://github.com/fiji/Simple_Neurite_Tracer
 > git --version # timeout=10
 > git -c core.askpass=true fetch --tags --progress git://github.com/fiji/Simple_Neurite_Tracer +refs/heads/*:refs/remotes/origin/*
 > git rev-parse origin/master^{commit} # timeout=10
Checking out Revision 4e0185f46c5009d0db978225bebc0063e6036a32 (origin/master)
 > git config core.sparsecheckout # timeout=10
 > git checkout -f 4e0185f46c5009d0db978225bebc0063e6036a32
 > git rev-list 6fec7a80af64ddbc60927ee3f50188017119b142 # timeout=10
 > git tag -a -f -m Jenkins Build #42 jenkins-Simple_Neurite_Tracer-42 # timeout=10
[Simple_Neurite_Tracer] $ /bin/sh -xe /tmp/hudson1554649230109150998.sh
+ git clean -dfx
[Simple_Neurite_Tracer] $ /bin/sh -xe /tmp/hudson1138451647121734485.sh
+ mvn -U -Pdeploy-to-imagej clean deploy
[INFO] Scanning for projects...
[WARNING] 
[WARNING] Some problems were encountered while building the effective model for sc.fiji:Simple_Neurite_Tracer:jar:3.0.5-SNAPSHOT
[WARNING] 'dependencies.dependency.exclusions.exclusion.groupId' for ca.mcgill:Sholl_Analysis:jar with value '*' does not match a valid id pattern. @ line 149, column 15
[WARNING] 'dependencies.dependency.exclusions.exclusion.artifactId' for ca.mcgill:Sholl_Analysis:jar with value '*' does not match a valid id pattern. @ line 150, column 18
[WARNING] 
[WARNING] It is highly recommended to fix these problems because they threaten the stability of your build.
[WARNING] 
[WARNING] For this reason, future Maven versions might no longer support building such malformed projects.
[WARNING] 
[INFO]                                                                         
[INFO] ------------------------------------------------------------------------
[INFO] Building plugins/Simple_Neurite_Tracer.jar 3.0.5-SNAPSHOT
[INFO] ------------------------------------------------------------------------
[INFO] 
[INFO] --- maven-clean-plugin:3.0.0:clean (default-clean) @ Simple_Neurite_Tracer ---
[INFO] 
[INFO] --- maven-enforcer-plugin:1.4.1:enforce (enforce-rules) @ Simple_Neurite_Tracer ---
[INFO] 
[INFO] --- build-helper-maven-plugin:1.12:regex-property (sanitize-version) @ Simple_Neurite_Tracer ---
[INFO] 
[INFO] --- buildnumber-maven-plugin:1.4:create (default) @ Simple_Neurite_Tracer ---
[INFO] Executing: /bin/sh -c cd '/data/devel/jenkins-maven/workspace/Simple_Neurite_Tracer' && 'git' 'rev-parse' '--verify' 'HEAD'
[INFO] Working directory: /data/devel/jenkins-maven/workspace/Simple_Neurite_Tracer
[INFO] Storing buildNumber: 4e0185f46c5009d0db978225bebc0063e6036a32 at timestamp: 1477196807195
[WARNING] Cannot get the branch information from the git repository: 
Detecting the current branch failed: fatal: ref HEAD is not a symbolic ref

[INFO] Executing: /bin/sh -c cd '/data/devel/jenkins-maven/workspace/Simple_Neurite_Tracer' && 'git' 'rev-parse' '--verify' 'HEAD'
[INFO] Working directory: /data/devel/jenkins-maven/workspace/Simple_Neurite_Tracer
[INFO] Storing buildScmBranch: UNKNOWN
[INFO] 
[INFO] --- scijava-maven-plugin:0.5.1:set-rootdir (set-rootdir) @ Simple_Neurite_Tracer ---
[INFO] Setting rootdir: /data/devel/jenkins-maven/workspace/Simple_Neurite_Tracer
[INFO] 
[INFO] --- maven-resources-plugin:3.0.1:resources (default-resources) @ Simple_Neurite_Tracer ---
[INFO] Using 'UTF-8' encoding to copy filtered resources.
[INFO] Copying 3 resources
[INFO] 
[INFO] --- maven-compiler-plugin:3.5.1:compile (default-compile) @ Simple_Neurite_Tracer ---
[INFO] Changes detected - recompiling the module!
[INFO] Compiling 55 source files to /data/devel/jenkins-maven/workspace/Simple_Neurite_Tracer/target/classes
[INFO] ------------------------------------------------------------------------
[INFO] BUILD FAILURE
[INFO] ------------------------------------------------------------------------
[INFO] Total time: 16.085s
[INFO] Finished at: Sat Oct 22 23:26:48 CDT 2016
[INFO] Final Memory: 61M/459M
[INFO] ------------------------------------------------------------------------
[ERROR] Failed to execute goal org.apache.maven.plugins:maven-compiler-plugin:3.5.1:compile (default-compile) on project Simple_Neurite_Tracer: Fatal error compiling: invalid target release: 1.8 -> [Help 1]
[ERROR] 
[ERROR] To see the full stack trace of the errors, re-run Maven with the -e switch.
[ERROR] Re-run Maven using the -X switch to enable full debug logging.
[ERROR] 
[ERROR] For more information about the errors and possible solutions, please read the following articles:
[ERROR] [Help 1] http://cwiki.apache.org/confluence/display/MAVEN/MojoExecutionException
Build step 'Execute shell' marked build as failure
Archiving artifacts


From jenkins at imagej.net  Mon Oct 24 12:47:32 2016
From: jenkins at imagej.net (jenkins at imagej.net)
Date: Mon, 24 Oct 2016 12:47:32 -0500 (CDT)
Subject: [ImageJ-builds] Build failed in Jenkins: SciJava-UI-Pivot #9
Message-ID: <33453664.265.1477331252819.JavaMail.jenkins@dev>

See <http://jenkins.imagej.net/job/SciJava-UI-Pivot/9/changes>

Changes:

[Curtis Rueden] POM: update pom-scijava parent to 11.5.0

[Curtis Rueden] Use the diamond syntax where feasible

[Curtis Rueden] PivotUI: implement chooseFile method

[Curtis Rueden] PivotUI: partially implement dialogPrompt method

------------------------------------------
Started by an SCM change
Building remotely on maven in workspace <http://jenkins.imagej.net/job/SciJava-UI-Pivot/ws/>
 > git rev-parse --is-inside-work-tree # timeout=10
Fetching changes from the remote Git repository
 > git config remote.origin.url git://github.com/scijava/scijava-ui-pivot # timeout=10
Fetching upstream changes from git://github.com/scijava/scijava-ui-pivot
 > git --version # timeout=10
 > git -c core.askpass=true fetch --tags --progress git://github.com/scijava/scijava-ui-pivot +refs/heads/*:refs/remotes/origin/*
 > git rev-parse origin/master^{commit} # timeout=10
Checking out Revision 63c2e066b96a957998642f41a304775f8c2a9451 (origin/master)
 > git config core.sparsecheckout # timeout=10
 > git checkout -f 63c2e066b96a957998642f41a304775f8c2a9451
 > git rev-list a4c549c9cb43c3b74b5fff5514d95cd907f41c77 # timeout=10
[SciJava-UI-Pivot] $ /bin/sh -xe /tmp/hudson8652098398226227669.sh
+ git clean -dfx
Removing target/
[SciJava-UI-Pivot] $ mvn -U -Pdeploy-to-imagej clean deploy javadoc:javadoc
[INFO] Scanning for projects...
[INFO]                                                                         
[INFO] ------------------------------------------------------------------------
[INFO] Building SciJava UI: Pivot 0.1.0-SNAPSHOT
[INFO] ------------------------------------------------------------------------
[INFO] 
[INFO] --- maven-clean-plugin:3.0.0:clean (default-clean) @ scijava-ui-pivot ---
[INFO] 
[INFO] --- maven-enforcer-plugin:1.4.1:enforce (enforce-rules) @ scijava-ui-pivot ---
[INFO] 
[INFO] --- build-helper-maven-plugin:1.12:regex-property (sanitize-version) @ scijava-ui-pivot ---
[INFO] 
[INFO] --- buildnumber-maven-plugin:1.4:create (default) @ scijava-ui-pivot ---
[INFO] Executing: /bin/sh -c cd '/data/devel/jenkins-maven/workspace/SciJava-UI-Pivot' && 'git' 'rev-parse' '--verify' 'HEAD'
[INFO] Working directory: /data/devel/jenkins-maven/workspace/SciJava-UI-Pivot
[INFO] Storing buildNumber: 63c2e066b96a957998642f41a304775f8c2a9451 at timestamp: 1477331252173
[WARNING] Cannot get the branch information from the git repository: 
Detecting the current branch failed: fatal: ref HEAD is not a symbolic ref

[INFO] Executing: /bin/sh -c cd '/data/devel/jenkins-maven/workspace/SciJava-UI-Pivot' && 'git' 'rev-parse' '--verify' 'HEAD'
[INFO] Working directory: /data/devel/jenkins-maven/workspace/SciJava-UI-Pivot
[INFO] Storing buildScmBranch: UNKNOWN
[INFO] 
[INFO] --- maven-resources-plugin:3.0.1:resources (default-resources) @ scijava-ui-pivot ---
[INFO] Using 'UTF-8' encoding to copy filtered resources.
[INFO] skip non existing resourceDirectory /data/devel/jenkins-maven/workspace/SciJava-UI-Pivot/src/main/resources
[INFO] 
[INFO] --- maven-compiler-plugin:3.5.1:compile (default-compile) @ scijava-ui-pivot ---
[INFO] Compiling 21 source files to /data/devel/jenkins-maven/workspace/SciJava-UI-Pivot/target/classes
[INFO] ------------------------------------------------------------------------
[INFO] BUILD FAILURE
[INFO] ------------------------------------------------------------------------
[INFO] Total time: 3.352s
[INFO] Finished at: Mon Oct 24 12:47:32 CDT 2016
[INFO] Final Memory: 19M/455M
[INFO] ------------------------------------------------------------------------
[ERROR] Failed to execute goal org.apache.maven.plugins:maven-compiler-plugin:3.5.1:compile (default-compile) on project scijava-ui-pivot: Fatal error compiling: invalid target release: 1.8 -> [Help 1]
[ERROR] 
[ERROR] To see the full stack trace of the errors, re-run Maven with the -e switch.
[ERROR] Re-run Maven using the -X switch to enable full debug logging.
[ERROR] 
[ERROR] For more information about the errors and possible solutions, please read the following articles:
[ERROR] [Help 1] http://cwiki.apache.org/confluence/display/MAVEN/MojoExecutionException
Build step 'Invoke top-level Maven targets' marked build as failure
Archiving artifacts
Publishing Javadoc


From jenkins at imagej.net  Mon Oct 24 13:07:27 2016
From: jenkins at imagej.net (jenkins at imagej.net)
Date: Mon, 24 Oct 2016 13:07:27 -0500 (CDT)
Subject: [ImageJ-builds] Build failed in Jenkins: SciJava-common-windows #892
In-Reply-To: <660244849.247.1476464421984.JavaMail.jenkins@dev>
References: <660244849.247.1476464421984.JavaMail.jenkins@dev>
Message-ID: <251016748.266.1477332447869.JavaMail.jenkins@dev>

See <http://jenkins.imagej.net/job/SciJava-common-windows/892/>

------------------------------------------
Started by upstream project "SciJava-common" build number 1082
originally caused by:
 Started by an SCM change
Building remotely on Windows (windows) in workspace <http://jenkins.imagej.net/job/SciJava-common-windows/ws/>
Cloning the remote Git repository
Cloning repository git://github.com/scijava/scijava-common
 > c:\bin\git init <http://jenkins.imagej.net/job/SciJava-common-windows/ws/> # timeout=10
ERROR: Error cloning remote repo 'origin'
hudson.plugins.git.GitException: Could not init <http://jenkins.imagej.net/job/SciJava-common-windows/ws/>
	at org.jenkinsci.plugins.gitclient.CliGitAPIImpl$5.execute(CliGitAPIImpl.java:656)
	at org.jenkinsci.plugins.gitclient.CliGitAPIImpl$2.execute(CliGitAPIImpl.java:463)
	at org.jenkinsci.plugins.gitclient.RemoteGitImpl$CommandInvocationHandler$1.call(RemoteGitImpl.java:152)
	at org.jenkinsci.plugins.gitclient.RemoteGitImpl$CommandInvocationHandler$1.call(RemoteGitImpl.java:145)
	at hudson.remoting.UserRequest.perform(UserRequest.java:152)
	at hudson.remoting.UserRequest.perform(UserRequest.java:50)
	at hudson.remoting.Request$2.run(Request.java:332)
	at hudson.remoting.InterceptingExecutorService$1.call(InterceptingExecutorService.java:68)
	at java.util.concurrent.FutureTask.run(Unknown Source)
	at java.util.concurrent.ThreadPoolExecutor.runWorker(Unknown Source)
	at java.util.concurrent.ThreadPoolExecutor$Worker.run(Unknown Source)
	at hudson.remoting.Engine$1$1.run(Engine.java:85)
	at java.lang.Thread.run(Unknown Source)
	at ......remote call to Windows(Native Method)
	at hudson.remoting.Channel.attachCallSiteStackTrace(Channel.java:1416)
	at hudson.remoting.UserResponse.retrieve(UserRequest.java:252)
	at hudson.remoting.Channel.call(Channel.java:781)
	at org.jenkinsci.plugins.gitclient.RemoteGitImpl$CommandInvocationHandler.execute(RemoteGitImpl.java:145)
	at sun.reflect.GeneratedMethodAccessor7543.invoke(Unknown Source)
	at sun.reflect.DelegatingMethodAccessorImpl.invoke(DelegatingMethodAccessorImpl.java:43)
	at java.lang.reflect.Method.invoke(Method.java:498)
	at org.jenkinsci.plugins.gitclient.RemoteGitImpl$CommandInvocationHandler.invoke(RemoteGitImpl.java:131)
	at com.sun.proxy.$Proxy86.execute(Unknown Source)
	at hudson.plugins.git.GitSCM.retrieveChanges(GitSCM.java:1057)
	at hudson.plugins.git.GitSCM.checkout(GitSCM.java:1097)
	at hudson.scm.SCM.checkout(SCM.java:485)
	at hudson.model.AbstractProject.checkout(AbstractProject.java:1269)
	at hudson.model.AbstractBuild$AbstractBuildExecution.defaultCheckout(AbstractBuild.java:604)
	at jenkins.scm.SCMCheckoutStrategy.checkout(SCMCheckoutStrategy.java:86)
	at hudson.model.AbstractBuild$AbstractBuildExecution.run(AbstractBuild.java:529)
	at hudson.model.Run.execute(Run.java:1741)
	at hudson.model.FreeStyleBuild.run(FreeStyleBuild.java:43)
	at hudson.model.ResourceController.execute(ResourceController.java:98)
	at hudson.model.Executor.run(Executor.java:410)
Caused by: hudson.plugins.git.GitException: Error performing command: c:\bin\git init <http://jenkins.imagej.net/job/SciJava-common-windows/ws/>
	at org.jenkinsci.plugins.gitclient.CliGitAPIImpl.launchCommandIn(CliGitAPIImpl.java:1726)
	at org.jenkinsci.plugins.gitclient.CliGitAPIImpl.launchCommandIn(CliGitAPIImpl.java:1695)
	at org.jenkinsci.plugins.gitclient.CliGitAPIImpl.launchCommandIn(CliGitAPIImpl.java:1691)
	at org.jenkinsci.plugins.gitclient.CliGitAPIImpl.launchCommand(CliGitAPIImpl.java:1321)
	at org.jenkinsci.plugins.gitclient.CliGitAPIImpl$5.execute(CliGitAPIImpl.java:654)
	at org.jenkinsci.plugins.gitclient.CliGitAPIImpl$2.execute(CliGitAPIImpl.java:463)
	at org.jenkinsci.plugins.gitclient.RemoteGitImpl$CommandInvocationHandler$1.call(RemoteGitImpl.java:152)
	at org.jenkinsci.plugins.gitclient.RemoteGitImpl$CommandInvocationHandler$1.call(RemoteGitImpl.java:145)
	at hudson.remoting.UserRequest.perform(UserRequest.java:152)
	at hudson.remoting.UserRequest.perform(UserRequest.java:50)
	at hudson.remoting.Request$2.run(Request.java:332)
	at hudson.remoting.InterceptingExecutorService$1.call(InterceptingExecutorService.java:68)
	at java.util.concurrent.FutureTask.run(Unknown Source)
	at java.util.concurrent.ThreadPoolExecutor.runWorker(Unknown Source)
	at java.util.concurrent.ThreadPoolExecutor$Worker.run(Unknown Source)
	at hudson.remoting.Engine$1$1.run(Engine.java:85)
	at java.lang.Thread.run(Unknown Source)
Caused by: java.io.IOException: Cannot run program "c:\bin\git" (in directory "<http://jenkins.imagej.net/job/SciJava-common-windows/ws/")>: CreateProcess error=2, The system cannot find the file specified
	at java.lang.ProcessBuilder.start(Unknown Source)
	at hudson.Proc$LocalProc.<init>(Proc.java:240)
	at hudson.Proc$LocalProc.<init>(Proc.java:212)
	at hudson.Launcher$LocalLauncher.launch(Launcher.java:815)
	at hudson.Launcher$ProcStarter.start(Launcher.java:381)
	at org.jenkinsci.plugins.gitclient.CliGitAPIImpl.launchCommandIn(CliGitAPIImpl.java:1715)
	... 16 more
Caused by: java.io.IOException: CreateProcess error=2, The system cannot find the file specified
	at java.lang.ProcessImpl.create(Native Method)
	at java.lang.ProcessImpl.<init>(Unknown Source)
	at java.lang.ProcessImpl.start(Unknown Source)
	... 22 more
ERROR: null
Archiving artifacts
Recording test results
ERROR: Step Publish JUnit test result report failed: No test report files were found. Configuration error?



From jenkins at imagej.net  Mon Oct 24 21:43:29 2016
From: jenkins at imagej.net (jenkins at imagej.net)
Date: Mon, 24 Oct 2016 21:43:29 -0500 (CDT)
Subject: [ImageJ-builds] Build failed in Jenkins: SciJava-common-windows #893
In-Reply-To: <251016748.266.1477332447869.JavaMail.jenkins@dev>
References: <251016748.266.1477332447869.JavaMail.jenkins@dev>
Message-ID: <1986056391.267.1477363409476.JavaMail.jenkins@dev>

See <http://jenkins.imagej.net/job/SciJava-common-windows/893/>

------------------------------------------
Started by upstream project "SciJava-common" build number 1083
originally caused by:
 Started by an SCM change
Building remotely on Windows (windows) in workspace <http://jenkins.imagej.net/job/SciJava-common-windows/ws/>
Cloning the remote Git repository
Cloning repository git://github.com/scijava/scijava-common
 > c:\bin\git init <http://jenkins.imagej.net/job/SciJava-common-windows/ws/> # timeout=10
ERROR: Error cloning remote repo 'origin'
hudson.plugins.git.GitException: Could not init <http://jenkins.imagej.net/job/SciJava-common-windows/ws/>
	at org.jenkinsci.plugins.gitclient.CliGitAPIImpl$5.execute(CliGitAPIImpl.java:656)
	at org.jenkinsci.plugins.gitclient.CliGitAPIImpl$2.execute(CliGitAPIImpl.java:463)
	at org.jenkinsci.plugins.gitclient.RemoteGitImpl$CommandInvocationHandler$1.call(RemoteGitImpl.java:152)
	at org.jenkinsci.plugins.gitclient.RemoteGitImpl$CommandInvocationHandler$1.call(RemoteGitImpl.java:145)
	at hudson.remoting.UserRequest.perform(UserRequest.java:152)
	at hudson.remoting.UserRequest.perform(UserRequest.java:50)
	at hudson.remoting.Request$2.run(Request.java:332)
	at hudson.remoting.InterceptingExecutorService$1.call(InterceptingExecutorService.java:68)
	at java.util.concurrent.FutureTask.run(Unknown Source)
	at java.util.concurrent.ThreadPoolExecutor.runWorker(Unknown Source)
	at java.util.concurrent.ThreadPoolExecutor$Worker.run(Unknown Source)
	at hudson.remoting.Engine$1$1.run(Engine.java:85)
	at java.lang.Thread.run(Unknown Source)
	at ......remote call to Windows(Native Method)
	at hudson.remoting.Channel.attachCallSiteStackTrace(Channel.java:1416)
	at hudson.remoting.UserResponse.retrieve(UserRequest.java:252)
	at hudson.remoting.Channel.call(Channel.java:781)
	at org.jenkinsci.plugins.gitclient.RemoteGitImpl$CommandInvocationHandler.execute(RemoteGitImpl.java:145)
	at sun.reflect.GeneratedMethodAccessor7543.invoke(Unknown Source)
	at sun.reflect.DelegatingMethodAccessorImpl.invoke(DelegatingMethodAccessorImpl.java:43)
	at java.lang.reflect.Method.invoke(Method.java:498)
	at org.jenkinsci.plugins.gitclient.RemoteGitImpl$CommandInvocationHandler.invoke(RemoteGitImpl.java:131)
	at com.sun.proxy.$Proxy86.execute(Unknown Source)
	at hudson.plugins.git.GitSCM.retrieveChanges(GitSCM.java:1057)
	at hudson.plugins.git.GitSCM.checkout(GitSCM.java:1097)
	at hudson.scm.SCM.checkout(SCM.java:485)
	at hudson.model.AbstractProject.checkout(AbstractProject.java:1269)
	at hudson.model.AbstractBuild$AbstractBuildExecution.defaultCheckout(AbstractBuild.java:604)
	at jenkins.scm.SCMCheckoutStrategy.checkout(SCMCheckoutStrategy.java:86)
	at hudson.model.AbstractBuild$AbstractBuildExecution.run(AbstractBuild.java:529)
	at hudson.model.Run.execute(Run.java:1741)
	at hudson.model.FreeStyleBuild.run(FreeStyleBuild.java:43)
	at hudson.model.ResourceController.execute(ResourceController.java:98)
	at hudson.model.Executor.run(Executor.java:410)
Caused by: hudson.plugins.git.GitException: Error performing command: c:\bin\git init <http://jenkins.imagej.net/job/SciJava-common-windows/ws/>
	at org.jenkinsci.plugins.gitclient.CliGitAPIImpl.launchCommandIn(CliGitAPIImpl.java:1726)
	at org.jenkinsci.plugins.gitclient.CliGitAPIImpl.launchCommandIn(CliGitAPIImpl.java:1695)
	at org.jenkinsci.plugins.gitclient.CliGitAPIImpl.launchCommandIn(CliGitAPIImpl.java:1691)
	at org.jenkinsci.plugins.gitclient.CliGitAPIImpl.launchCommand(CliGitAPIImpl.java:1321)
	at org.jenkinsci.plugins.gitclient.CliGitAPIImpl$5.execute(CliGitAPIImpl.java:654)
	at org.jenkinsci.plugins.gitclient.CliGitAPIImpl$2.execute(CliGitAPIImpl.java:463)
	at org.jenkinsci.plugins.gitclient.RemoteGitImpl$CommandInvocationHandler$1.call(RemoteGitImpl.java:152)
	at org.jenkinsci.plugins.gitclient.RemoteGitImpl$CommandInvocationHandler$1.call(RemoteGitImpl.java:145)
	at hudson.remoting.UserRequest.perform(UserRequest.java:152)
	at hudson.remoting.UserRequest.perform(UserRequest.java:50)
	at hudson.remoting.Request$2.run(Request.java:332)
	at hudson.remoting.InterceptingExecutorService$1.call(InterceptingExecutorService.java:68)
	at java.util.concurrent.FutureTask.run(Unknown Source)
	at java.util.concurrent.ThreadPoolExecutor.runWorker(Unknown Source)
	at java.util.concurrent.ThreadPoolExecutor$Worker.run(Unknown Source)
	at hudson.remoting.Engine$1$1.run(Engine.java:85)
	at java.lang.Thread.run(Unknown Source)
Caused by: java.io.IOException: Cannot run program "c:\bin\git" (in directory "<http://jenkins.imagej.net/job/SciJava-common-windows/ws/")>: CreateProcess error=2, The system cannot find the file specified
	at java.lang.ProcessBuilder.start(Unknown Source)
	at hudson.Proc$LocalProc.<init>(Proc.java:240)
	at hudson.Proc$LocalProc.<init>(Proc.java:212)
	at hudson.Launcher$LocalLauncher.launch(Launcher.java:815)
	at hudson.Launcher$ProcStarter.start(Launcher.java:381)
	at org.jenkinsci.plugins.gitclient.CliGitAPIImpl.launchCommandIn(CliGitAPIImpl.java:1715)
	... 16 more
Caused by: java.io.IOException: CreateProcess error=2, The system cannot find the file specified
	at java.lang.ProcessImpl.create(Native Method)
	at java.lang.ProcessImpl.<init>(Unknown Source)
	at java.lang.ProcessImpl.start(Unknown Source)
	... 22 more
ERROR: null
Archiving artifacts
Recording test results
ERROR: Step Publish JUnit test result report failed: No test report files were found. Configuration error?



From jenkins at imagej.net  Mon Oct 24 22:33:07 2016
From: jenkins at imagej.net (jenkins at imagej.net)
Date: Mon, 24 Oct 2016 22:33:07 -0500 (CDT)
Subject: [ImageJ-builds] Jenkins build is back to normal :
	Simple_Neurite_Tracer #43
In-Reply-To: <978891628.264.1477196809355.JavaMail.jenkins@dev>
References: <978891628.264.1477196809355.JavaMail.jenkins@dev>
Message-ID: <982688319.269.1477366387104.JavaMail.jenkins@dev>

See <http://jenkins.imagej.net/job/Simple_Neurite_Tracer/43/>



From jenkins at imagej.net  Mon Oct 24 22:28:27 2016
From: jenkins at imagej.net (jenkins at imagej.net)
Date: Mon, 24 Oct 2016 22:28:27 -0500 (CDT)
Subject: [ImageJ-builds] Jenkins build is back to normal : SciJava-UI-Pivot
	#10
In-Reply-To: <33453664.265.1477331252819.JavaMail.jenkins@dev>
References: <33453664.265.1477331252819.JavaMail.jenkins@dev>
Message-ID: <392705895.268.1477366107548.JavaMail.jenkins@dev>

See <http://jenkins.imagej.net/job/SciJava-UI-Pivot/10/>



From jenkins at imagej.net  Tue Oct 25 13:51:03 2016
From: jenkins at imagej.net (jenkins at imagej.net)
Date: Tue, 25 Oct 2016 13:51:03 -0500 (CDT)
Subject: [ImageJ-builds] mail-watcher-plugin: Computer Windows marked offline
Message-ID: <2095263282.270.1477421463778.JavaMail.jenkins@dev>

Initiator: unknown
Url: http://jenkins.imagej.net/computer/Windows/


Connection was broken: java.io.EOFException
	at org.jenkinsci.remoting.nio.NioChannelHub$3.run(NioChannelHub.java:614)
	at java.util.concurrent.Executors$RunnableAdapter.call(Executors.java:511)
	at java.util.concurrent.FutureTask.run(FutureTask.java:266)
	at hudson.remoting.SingleLaneExecutorService$1.run(SingleLaneExecutorService.java:112)
	at jenkins.util.ContextResettingExecutorService$1.run(ContextResettingExecutorService.java:28)
	at java.util.concurrent.Executors$RunnableAdapter.call(Executors.java:511)
	at java.util.concurrent.FutureTask.run(FutureTask.java:266)
	at java.util.concurrent.ThreadPoolExecutor.runWorker(ThreadPoolExecutor.java:1142)
	at java.util.concurrent.ThreadPoolExecutor$Worker.run(ThreadPoolExecutor.java:617)
	at java.lang.Thread.run(Thread.java:745)


From jenkins at imagej.net  Wed Oct 26 10:16:17 2016
From: jenkins at imagej.net (jenkins at imagej.net)
Date: Wed, 26 Oct 2016 10:16:17 -0500 (CDT)
Subject: [ImageJ-builds] Build failed in Jenkins: bigdataviewer-server #19
Message-ID: <1534846652.271.1477494977225.JavaMail.jenkins@dev>

See <http://jenkins.imagej.net/job/bigdataviewer-server/19/changes>

Changes:

[Tobias Pietzsch] bump pom parent pom-bigdataviewer => 4.0.1. fix wrt to API changes

------------------------------------------
Started by an SCM change
Building remotely on maven in workspace <http://jenkins.imagej.net/job/bigdataviewer-server/ws/>
 > git rev-parse --is-inside-work-tree # timeout=10
Fetching changes from the remote Git repository
 > git config remote.origin.url git://github.com/bigdataviewer/bigdataviewer-server # timeout=10
Fetching upstream changes from git://github.com/bigdataviewer/bigdataviewer-server
 > git --version # timeout=10
 > git -c core.askpass=true fetch --tags --progress git://github.com/bigdataviewer/bigdataviewer-server +refs/heads/*:refs/remotes/origin/*
 > git rev-parse origin/master^{commit} # timeout=10
Checking out Revision 898b933daf3fb7fa411238990b0186a2b4dcc6d6 (origin/master)
 > git config core.sparsecheckout # timeout=10
 > git checkout -f 898b933daf3fb7fa411238990b0186a2b4dcc6d6
 > git rev-list b4e86027083e675764560377dea4fc4fca0091b6 # timeout=10
 > git tag -a -f -m Jenkins Build #19 jenkins-bigdataviewer-server-19 # timeout=10
[bigdataviewer-server] $ /bin/sh -xe /tmp/hudson9062775613478172052.sh
+ git clean -dfx
Removing target/
[bigdataviewer-server] $ /bin/sh -xe /tmp/hudson8087693893329026048.sh
+ mvn -U -Pdeploy-to-imagej clean deploy
[INFO] Scanning for projects...
[INFO]                                                                         
[INFO] ------------------------------------------------------------------------
[INFO] Building BigDataServer 2.1.0-SNAPSHOT
[INFO] ------------------------------------------------------------------------
[INFO] 
[INFO] --- maven-clean-plugin:3.0.0:clean (default-clean) @ bigdataviewer-server ---
[INFO] 
[INFO] --- maven-enforcer-plugin:1.4.1:enforce (enforce-rules) @ bigdataviewer-server ---
[INFO] Skipping Rule Enforcement.
[INFO] 
[INFO] --- build-helper-maven-plugin:1.12:regex-property (sanitize-version) @ bigdataviewer-server ---
[INFO] 
[INFO] --- buildnumber-maven-plugin:1.4:create (default) @ bigdataviewer-server ---
[INFO] Executing: /bin/sh -c cd '/data/devel/jenkins-maven/workspace/bigdataviewer-server' && 'git' 'rev-parse' '--verify' 'HEAD'
[INFO] Working directory: /data/devel/jenkins-maven/workspace/bigdataviewer-server
[INFO] Storing buildNumber: 898b933daf3fb7fa411238990b0186a2b4dcc6d6 at timestamp: 1477494976234
[WARNING] Cannot get the branch information from the git repository: 
Detecting the current branch failed: fatal: ref HEAD is not a symbolic ref

[INFO] Executing: /bin/sh -c cd '/data/devel/jenkins-maven/workspace/bigdataviewer-server' && 'git' 'rev-parse' '--verify' 'HEAD'
[INFO] Working directory: /data/devel/jenkins-maven/workspace/bigdataviewer-server
[INFO] Storing buildScmBranch: UNKNOWN
[INFO] 
[INFO] --- scijava-maven-plugin:0.5.1:set-rootdir (set-rootdir) @ bigdataviewer-server ---
[INFO] Setting rootdir: /data/devel/jenkins-maven/workspace/bigdataviewer-server
[INFO] 
[INFO] --- maven-resources-plugin:3.0.1:resources (default-resources) @ bigdataviewer-server ---
[INFO] Using 'UTF-8' encoding to copy filtered resources.
[INFO] Copying 1 resource
[INFO] 
[INFO] --- maven-compiler-plugin:3.5.1:compile (default-compile) @ bigdataviewer-server ---
[INFO] Changes detected - recompiling the module!
[INFO] Compiling 6 source files to /data/devel/jenkins-maven/workspace/bigdataviewer-server/target/classes
[INFO] ------------------------------------------------------------------------
[INFO] BUILD FAILURE
[INFO] ------------------------------------------------------------------------
[INFO] Total time: 3.928s
[INFO] Finished at: Wed Oct 26 10:16:17 CDT 2016
[INFO] Final Memory: 20M/361M
[INFO] ------------------------------------------------------------------------
[ERROR] Failed to execute goal org.apache.maven.plugins:maven-compiler-plugin:3.5.1:compile (default-compile) on project bigdataviewer-server: Fatal error compiling: invalid target release: 1.8 -> [Help 1]
[ERROR] 
[ERROR] To see the full stack trace of the errors, re-run Maven with the -e switch.
[ERROR] Re-run Maven using the -X switch to enable full debug logging.
[ERROR] 
[ERROR] For more information about the errors and possible solutions, please read the following articles:
[ERROR] [Help 1] http://cwiki.apache.org/confluence/display/MAVEN/MojoExecutionException
Build step 'Execute shell' marked build as failure
Archiving artifacts


From jenkins at imagej.net  Wed Oct 26 10:18:16 2016
From: jenkins at imagej.net (jenkins at imagej.net)
Date: Wed, 26 Oct 2016 10:18:16 -0500 (CDT)
Subject: [ImageJ-builds] Build failed in Jenkins: bigdataviewer-server #20
In-Reply-To: <1534846652.271.1477494977225.JavaMail.jenkins@dev>
References: <1534846652.271.1477494977225.JavaMail.jenkins@dev>
Message-ID: <1167764459.272.1477495096024.JavaMail.jenkins@dev>

See <http://jenkins.imagej.net/job/bigdataviewer-server/20/>

------------------------------------------
Started by user Tobias Pietzsch
Building remotely on maven in workspace <http://jenkins.imagej.net/job/bigdataviewer-server/ws/>
 > git rev-parse --is-inside-work-tree # timeout=10
Fetching changes from the remote Git repository
 > git config remote.origin.url git://github.com/bigdataviewer/bigdataviewer-server # timeout=10
Fetching upstream changes from git://github.com/bigdataviewer/bigdataviewer-server
 > git --version # timeout=10
 > git -c core.askpass=true fetch --tags --progress git://github.com/bigdataviewer/bigdataviewer-server +refs/heads/*:refs/remotes/origin/*
 > git rev-parse origin/master^{commit} # timeout=10
Checking out Revision 898b933daf3fb7fa411238990b0186a2b4dcc6d6 (origin/master)
 > git config core.sparsecheckout # timeout=10
 > git checkout -f 898b933daf3fb7fa411238990b0186a2b4dcc6d6
 > git rev-list 898b933daf3fb7fa411238990b0186a2b4dcc6d6 # timeout=10
 > git tag -a -f -m Jenkins Build #20 jenkins-bigdataviewer-server-20 # timeout=10
[bigdataviewer-server] $ /bin/sh -xe /tmp/hudson5753700207636443594.sh
+ git clean -dfx
Removing target/
[bigdataviewer-server] $ /bin/sh -xe /tmp/hudson6273186778266769096.sh
+ mvn -U -Pdeploy-to-imagej clean deploy
[INFO] Scanning for projects...
[INFO]                                                                         
[INFO] ------------------------------------------------------------------------
[INFO] Building BigDataServer 2.1.0-SNAPSHOT
[INFO] ------------------------------------------------------------------------
[INFO] 
[INFO] --- maven-clean-plugin:3.0.0:clean (default-clean) @ bigdataviewer-server ---
[INFO] 
[INFO] --- maven-enforcer-plugin:1.4.1:enforce (enforce-rules) @ bigdataviewer-server ---
[INFO] Skipping Rule Enforcement.
[INFO] 
[INFO] --- build-helper-maven-plugin:1.12:regex-property (sanitize-version) @ bigdataviewer-server ---
[INFO] 
[INFO] --- buildnumber-maven-plugin:1.4:create (default) @ bigdataviewer-server ---
[INFO] Executing: /bin/sh -c cd '/data/devel/jenkins-maven/workspace/bigdataviewer-server' && 'git' 'rev-parse' '--verify' 'HEAD'
[INFO] Working directory: /data/devel/jenkins-maven/workspace/bigdataviewer-server
[INFO] Storing buildNumber: 898b933daf3fb7fa411238990b0186a2b4dcc6d6 at timestamp: 1477495095165
[WARNING] Cannot get the branch information from the git repository: 
Detecting the current branch failed: fatal: ref HEAD is not a symbolic ref

[INFO] Executing: /bin/sh -c cd '/data/devel/jenkins-maven/workspace/bigdataviewer-server' && 'git' 'rev-parse' '--verify' 'HEAD'
[INFO] Working directory: /data/devel/jenkins-maven/workspace/bigdataviewer-server
[INFO] Storing buildScmBranch: UNKNOWN
[INFO] 
[INFO] --- scijava-maven-plugin:0.5.1:set-rootdir (set-rootdir) @ bigdataviewer-server ---
[INFO] Setting rootdir: /data/devel/jenkins-maven/workspace/bigdataviewer-server
[INFO] 
[INFO] --- maven-resources-plugin:3.0.1:resources (default-resources) @ bigdataviewer-server ---
[INFO] Using 'UTF-8' encoding to copy filtered resources.
[INFO] Copying 1 resource
[INFO] 
[INFO] --- maven-compiler-plugin:3.5.1:compile (default-compile) @ bigdataviewer-server ---
[INFO] Changes detected - recompiling the module!
[INFO] Compiling 6 source files to /data/devel/jenkins-maven/workspace/bigdataviewer-server/target/classes
[INFO] ------------------------------------------------------------------------
[INFO] BUILD FAILURE
[INFO] ------------------------------------------------------------------------
[INFO] Total time: 3.347s
[INFO] Finished at: Wed Oct 26 10:18:15 CDT 2016
[INFO] Final Memory: 22M/455M
[INFO] ------------------------------------------------------------------------
[ERROR] Failed to execute goal org.apache.maven.plugins:maven-compiler-plugin:3.5.1:compile (default-compile) on project bigdataviewer-server: Fatal error compiling: invalid target release: 1.8 -> [Help 1]
[ERROR] 
[ERROR] To see the full stack trace of the errors, re-run Maven with the -e switch.
[ERROR] Re-run Maven using the -X switch to enable full debug logging.
[ERROR] 
[ERROR] For more information about the errors and possible solutions, please read the following articles:
[ERROR] [Help 1] http://cwiki.apache.org/confluence/display/MAVEN/MojoExecutionException
Build step 'Execute shell' marked build as failure
Archiving artifacts


From jenkins at imagej.net  Wed Oct 26 10:19:30 2016
From: jenkins at imagej.net (jenkins at imagej.net)
Date: Wed, 26 Oct 2016 10:19:30 -0500 (CDT)
Subject: [ImageJ-builds] Jenkins build is back to normal :
	bigdataviewer-server #21
In-Reply-To: <1167764459.272.1477495096024.JavaMail.jenkins@dev>
References: <1167764459.272.1477495096024.JavaMail.jenkins@dev>
Message-ID: <285279792.273.1477495170740.JavaMail.jenkins@dev>

See <http://jenkins.imagej.net/job/bigdataviewer-server/21/>



From jenkins at imagej.net  Fri Oct 28 11:27:20 2016
From: jenkins at imagej.net (jenkins at imagej.net)
Date: Fri, 28 Oct 2016 11:27:20 -0500 (CDT)
Subject: [ImageJ-builds] mail-watcher-plugin: Computer Windows marked online
Message-ID: <1774444376.274.1477672040342.JavaMail.jenkins@dev>

Initiator: SYSTEM
Url: http://jenkins.imagej.net/computer/Windows/




From jenkins at imagej.net  Fri Oct 28 11:27:23 2016
From: jenkins at imagej.net (jenkins at imagej.net)
Date: Fri, 28 Oct 2016 11:27:23 -0500 (CDT)
Subject: [ImageJ-builds] Build failed in Jenkins: SciJava-common-windows #894
In-Reply-To: <1986056391.267.1477363409476.JavaMail.jenkins@dev>
References: <1986056391.267.1477363409476.JavaMail.jenkins@dev>
Message-ID: <938707361.275.1477672043209.JavaMail.jenkins@dev>

See <http://jenkins.imagej.net/job/SciJava-common-windows/894/>

------------------------------------------
Started by upstream project "SciJava-common" build number 1084
originally caused by:
 Started by an SCM change
Started by upstream project "SciJava-common" build number 1085
originally caused by:
 Started by an SCM change
 Started by an SCM change
Building remotely on Windows (windows) in workspace <http://jenkins.imagej.net/job/SciJava-common-windows/ws/>
Cloning the remote Git repository
Cloning repository git://github.com/scijava/scijava-common
 > c:\bin\git init <http://jenkins.imagej.net/job/SciJava-common-windows/ws/> # timeout=10
ERROR: Error cloning remote repo 'origin'
hudson.plugins.git.GitException: Could not init <http://jenkins.imagej.net/job/SciJava-common-windows/ws/>
	at org.jenkinsci.plugins.gitclient.CliGitAPIImpl$5.execute(CliGitAPIImpl.java:656)
	at org.jenkinsci.plugins.gitclient.CliGitAPIImpl$2.execute(CliGitAPIImpl.java:463)
	at org.jenkinsci.plugins.gitclient.RemoteGitImpl$CommandInvocationHandler$1.call(RemoteGitImpl.java:152)
	at org.jenkinsci.plugins.gitclient.RemoteGitImpl$CommandInvocationHandler$1.call(RemoteGitImpl.java:145)
	at hudson.remoting.UserRequest.perform(UserRequest.java:152)
	at hudson.remoting.UserRequest.perform(UserRequest.java:50)
	at hudson.remoting.Request$2.run(Request.java:332)
	at hudson.remoting.InterceptingExecutorService$1.call(InterceptingExecutorService.java:68)
	at java.util.concurrent.FutureTask.run(Unknown Source)
	at java.util.concurrent.ThreadPoolExecutor.runWorker(Unknown Source)
	at java.util.concurrent.ThreadPoolExecutor$Worker.run(Unknown Source)
	at hudson.remoting.Engine$1$1.run(Engine.java:85)
	at java.lang.Thread.run(Unknown Source)
	at ......remote call to Windows(Native Method)
	at hudson.remoting.Channel.attachCallSiteStackTrace(Channel.java:1416)
	at hudson.remoting.UserResponse.retrieve(UserRequest.java:252)
	at hudson.remoting.Channel.call(Channel.java:781)
	at org.jenkinsci.plugins.gitclient.RemoteGitImpl$CommandInvocationHandler.execute(RemoteGitImpl.java:145)
	at sun.reflect.GeneratedMethodAccessor7543.invoke(Unknown Source)
	at sun.reflect.DelegatingMethodAccessorImpl.invoke(DelegatingMethodAccessorImpl.java:43)
	at java.lang.reflect.Method.invoke(Method.java:498)
	at org.jenkinsci.plugins.gitclient.RemoteGitImpl$CommandInvocationHandler.invoke(RemoteGitImpl.java:131)
	at com.sun.proxy.$Proxy86.execute(Unknown Source)
	at hudson.plugins.git.GitSCM.retrieveChanges(GitSCM.java:1057)
	at hudson.plugins.git.GitSCM.checkout(GitSCM.java:1097)
	at hudson.scm.SCM.checkout(SCM.java:485)
	at hudson.model.AbstractProject.checkout(AbstractProject.java:1269)
	at hudson.model.AbstractBuild$AbstractBuildExecution.defaultCheckout(AbstractBuild.java:604)
	at jenkins.scm.SCMCheckoutStrategy.checkout(SCMCheckoutStrategy.java:86)
	at hudson.model.AbstractBuild$AbstractBuildExecution.run(AbstractBuild.java:529)
	at hudson.model.Run.execute(Run.java:1741)
	at hudson.model.FreeStyleBuild.run(FreeStyleBuild.java:43)
	at hudson.model.ResourceController.execute(ResourceController.java:98)
	at hudson.model.Executor.run(Executor.java:410)
Caused by: hudson.plugins.git.GitException: Error performing command: c:\bin\git init <http://jenkins.imagej.net/job/SciJava-common-windows/ws/>
	at org.jenkinsci.plugins.gitclient.CliGitAPIImpl.launchCommandIn(CliGitAPIImpl.java:1726)
	at org.jenkinsci.plugins.gitclient.CliGitAPIImpl.launchCommandIn(CliGitAPIImpl.java:1695)
	at org.jenkinsci.plugins.gitclient.CliGitAPIImpl.launchCommandIn(CliGitAPIImpl.java:1691)
	at org.jenkinsci.plugins.gitclient.CliGitAPIImpl.launchCommand(CliGitAPIImpl.java:1321)
	at org.jenkinsci.plugins.gitclient.CliGitAPIImpl$5.execute(CliGitAPIImpl.java:654)
	at org.jenkinsci.plugins.gitclient.CliGitAPIImpl$2.execute(CliGitAPIImpl.java:463)
	at org.jenkinsci.plugins.gitclient.RemoteGitImpl$CommandInvocationHandler$1.call(RemoteGitImpl.java:152)
	at org.jenkinsci.plugins.gitclient.RemoteGitImpl$CommandInvocationHandler$1.call(RemoteGitImpl.java:145)
	at hudson.remoting.UserRequest.perform(UserRequest.java:152)
	at hudson.remoting.UserRequest.perform(UserRequest.java:50)
	at hudson.remoting.Request$2.run(Request.java:332)
	at hudson.remoting.InterceptingExecutorService$1.call(InterceptingExecutorService.java:68)
	at java.util.concurrent.FutureTask.run(Unknown Source)
	at java.util.concurrent.ThreadPoolExecutor.runWorker(Unknown Source)
	at java.util.concurrent.ThreadPoolExecutor$Worker.run(Unknown Source)
	at hudson.remoting.Engine$1$1.run(Engine.java:85)
	at java.lang.Thread.run(Unknown Source)
Caused by: java.io.IOException: Cannot run program "c:\bin\git" (in directory "<http://jenkins.imagej.net/job/SciJava-common-windows/ws/")>: CreateProcess error=2, The system cannot find the file specified
	at java.lang.ProcessBuilder.start(Unknown Source)
	at hudson.Proc$LocalProc.<init>(Proc.java:240)
	at hudson.Proc$LocalProc.<init>(Proc.java:212)
	at hudson.Launcher$LocalLauncher.launch(Launcher.java:815)
	at hudson.Launcher$ProcStarter.start(Launcher.java:381)
	at org.jenkinsci.plugins.gitclient.CliGitAPIImpl.launchCommandIn(CliGitAPIImpl.java:1715)
	... 16 more
Caused by: java.io.IOException: CreateProcess error=2, The system cannot find the file specified
	at java.lang.ProcessImpl.create(Native Method)
	at java.lang.ProcessImpl.<init>(Unknown Source)
	at java.lang.ProcessImpl.start(Unknown Source)
	... 22 more
ERROR: null
Archiving artifacts
Recording test results
ERROR: Step Publish JUnit test result report failed: No test report files were found. Configuration error?



From jenkins at imagej.net  Fri Oct 28 11:27:29 2016
From: jenkins at imagej.net (jenkins at imagej.net)
Date: Fri, 28 Oct 2016 11:27:29 -0500 (CDT)
Subject: [ImageJ-builds] Build failed in Jenkins: ImageJ-legacy-windows #182
Message-ID: <1128584006.276.1477672049354.JavaMail.jenkins@dev>

See <http://jenkins.imagej.net/job/ImageJ-legacy-windows/182/>

------------------------------------------
Started by upstream project "ImageJ-legacy" build number 337
originally caused by:
 Started by an SCM change
Started by upstream project "ImageJ-legacy" build number 338
originally caused by:
 Started by an SCM change
Started by upstream project "ImageJ-legacy" build number 339
originally caused by:
 Started by an SCM change
Started by upstream project "ImageJ-legacy" build number 340
originally caused by:
 Started by an SCM change
Started by upstream project "ImageJ-legacy" build number 341
originally caused by:
 Started by an SCM change
 Started by an SCM change
Building remotely on Windows (windows) in workspace <http://jenkins.imagej.net/job/ImageJ-legacy-windows/ws/>
 > c:\bin\git rev-parse --is-inside-work-tree # timeout=10
ERROR: Workspace has a .git repository, but it appears to be corrupt.
hudson.plugins.git.GitException: Error performing command: c:\bin\git rev-parse --is-inside-work-tree
	at org.jenkinsci.plugins.gitclient.CliGitAPIImpl.launchCommandIn(CliGitAPIImpl.java:1726)
	at org.jenkinsci.plugins.gitclient.CliGitAPIImpl.launchCommandIn(CliGitAPIImpl.java:1695)
	at org.jenkinsci.plugins.gitclient.CliGitAPIImpl.launchCommandIn(CliGitAPIImpl.java:1691)
	at org.jenkinsci.plugins.gitclient.CliGitAPIImpl.launchCommand(CliGitAPIImpl.java:1321)
	at org.jenkinsci.plugins.gitclient.CliGitAPIImpl.launchCommand(CliGitAPIImpl.java:1333)
	at org.jenkinsci.plugins.gitclient.CliGitAPIImpl.hasGitRepo(CliGitAPIImpl.java:195)
	at hudson.plugins.git.GitAPI.hasGitRepo(GitAPI.java:232)
	at sun.reflect.NativeMethodAccessorImpl.invoke0(Native Method)
	at sun.reflect.NativeMethodAccessorImpl.invoke(Unknown Source)
	at sun.reflect.DelegatingMethodAccessorImpl.invoke(Unknown Source)
	at java.lang.reflect.Method.invoke(Unknown Source)
	at hudson.remoting.RemoteInvocationHandler$RPCRequest.perform(RemoteInvocationHandler.java:884)
	at hudson.remoting.RemoteInvocationHandler$RPCRequest.call(RemoteInvocationHandler.java:859)
	at hudson.remoting.RemoteInvocationHandler$RPCRequest.call(RemoteInvocationHandler.java:818)
	at hudson.remoting.UserRequest.perform(UserRequest.java:152)
	at hudson.remoting.UserRequest.perform(UserRequest.java:50)
	at hudson.remoting.Request$2.run(Request.java:332)
	at hudson.remoting.InterceptingExecutorService$1.call(InterceptingExecutorService.java:68)
	at java.util.concurrent.FutureTask.run(Unknown Source)
	at java.util.concurrent.ThreadPoolExecutor.runWorker(Unknown Source)
	at java.util.concurrent.ThreadPoolExecutor$Worker.run(Unknown Source)
	at hudson.remoting.Engine$1$1.run(Engine.java:85)
	at java.lang.Thread.run(Unknown Source)
Caused by: java.io.IOException: Cannot run program "c:\bin\git" (in directory "<http://jenkins.imagej.net/job/ImageJ-legacy-windows/ws/")>: CreateProcess error=2, The system cannot find the file specified
	at java.lang.ProcessBuilder.start(Unknown Source)
	at hudson.Proc$LocalProc.<init>(Proc.java:240)
	at hudson.Proc$LocalProc.<init>(Proc.java:212)
	at hudson.Launcher$LocalLauncher.launch(Launcher.java:815)
	at hudson.Launcher$ProcStarter.start(Launcher.java:381)
	at org.jenkinsci.plugins.gitclient.CliGitAPIImpl.launchCommandIn(CliGitAPIImpl.java:1715)
	... 22 more
Caused by: java.io.IOException: CreateProcess error=2, The system cannot find the file specified
	at java.lang.ProcessImpl.create(Native Method)
	at java.lang.ProcessImpl.<init>(Unknown Source)
	at java.lang.ProcessImpl.start(Unknown Source)
	... 28 more
Cloning the remote Git repository
Cloning repository git://github.com/imagej/imagej-legacy
 > c:\bin\git init <http://jenkins.imagej.net/job/ImageJ-legacy-windows/ws/> # timeout=10
ERROR: Error cloning remote repo 'origin'
hudson.plugins.git.GitException: Could not init <http://jenkins.imagej.net/job/ImageJ-legacy-windows/ws/>
	at org.jenkinsci.plugins.gitclient.CliGitAPIImpl$5.execute(CliGitAPIImpl.java:656)
	at org.jenkinsci.plugins.gitclient.CliGitAPIImpl$2.execute(CliGitAPIImpl.java:463)
	at org.jenkinsci.plugins.gitclient.RemoteGitImpl$CommandInvocationHandler$1.call(RemoteGitImpl.java:152)
	at org.jenkinsci.plugins.gitclient.RemoteGitImpl$CommandInvocationHandler$1.call(RemoteGitImpl.java:145)
	at hudson.remoting.UserRequest.perform(UserRequest.java:152)
	at hudson.remoting.UserRequest.perform(UserRequest.java:50)
	at hudson.remoting.Request$2.run(Request.java:332)
	at hudson.remoting.InterceptingExecutorService$1.call(InterceptingExecutorService.java:68)
	at java.util.concurrent.FutureTask.run(Unknown Source)
	at java.util.concurrent.ThreadPoolExecutor.runWorker(Unknown Source)
	at java.util.concurrent.ThreadPoolExecutor$Worker.run(Unknown Source)
	at hudson.remoting.Engine$1$1.run(Engine.java:85)
	at java.lang.Thread.run(Unknown Source)
	at ......remote call to Windows(Native Method)
	at hudson.remoting.Channel.attachCallSiteStackTrace(Channel.java:1416)
	at hudson.remoting.UserResponse.retrieve(UserRequest.java:252)
	at hudson.remoting.Channel.call(Channel.java:781)
	at org.jenkinsci.plugins.gitclient.RemoteGitImpl$CommandInvocationHandler.execute(RemoteGitImpl.java:145)
	at sun.reflect.GeneratedMethodAccessor7543.invoke(Unknown Source)
	at sun.reflect.DelegatingMethodAccessorImpl.invoke(DelegatingMethodAccessorImpl.java:43)
	at java.lang.reflect.Method.invoke(Method.java:498)
	at org.jenkinsci.plugins.gitclient.RemoteGitImpl$CommandInvocationHandler.invoke(RemoteGitImpl.java:131)
	at com.sun.proxy.$Proxy86.execute(Unknown Source)
	at hudson.plugins.git.GitSCM.retrieveChanges(GitSCM.java:1057)
	at hudson.plugins.git.GitSCM.checkout(GitSCM.java:1097)
	at hudson.scm.SCM.checkout(SCM.java:485)
	at hudson.model.AbstractProject.checkout(AbstractProject.java:1269)
	at hudson.model.AbstractBuild$AbstractBuildExecution.defaultCheckout(AbstractBuild.java:604)
	at jenkins.scm.SCMCheckoutStrategy.checkout(SCMCheckoutStrategy.java:86)
	at hudson.model.AbstractBuild$AbstractBuildExecution.run(AbstractBuild.java:529)
	at hudson.model.Run.execute(Run.java:1741)
	at hudson.model.FreeStyleBuild.run(FreeStyleBuild.java:43)
	at hudson.model.ResourceController.execute(ResourceController.java:98)
	at hudson.model.Executor.run(Executor.java:410)
Caused by: hudson.plugins.git.GitException: Error performing command: c:\bin\git init <http://jenkins.imagej.net/job/ImageJ-legacy-windows/ws/>
	at org.jenkinsci.plugins.gitclient.CliGitAPIImpl.launchCommandIn(CliGitAPIImpl.java:1726)
	at org.jenkinsci.plugins.gitclient.CliGitAPIImpl.launchCommandIn(CliGitAPIImpl.java:1695)
	at org.jenkinsci.plugins.gitclient.CliGitAPIImpl.launchCommandIn(CliGitAPIImpl.java:1691)
	at org.jenkinsci.plugins.gitclient.CliGitAPIImpl.launchCommand(CliGitAPIImpl.java:1321)
	at org.jenkinsci.plugins.gitclient.CliGitAPIImpl$5.execute(CliGitAPIImpl.java:654)
	at org.jenkinsci.plugins.gitclient.CliGitAPIImpl$2.execute(CliGitAPIImpl.java:463)
	at org.jenkinsci.plugins.gitclient.RemoteGitImpl$CommandInvocationHandler$1.call(RemoteGitImpl.java:152)
	at org.jenkinsci.plugins.gitclient.RemoteGitImpl$CommandInvocationHandler$1.call(RemoteGitImpl.java:145)
	at hudson.remoting.UserRequest.perform(UserRequest.java:152)
	at hudson.remoting.UserRequest.perform(UserRequest.java:50)
	at hudson.remoting.Request$2.run(Request.java:332)
	at hudson.remoting.InterceptingExecutorService$1.call(InterceptingExecutorService.java:68)
	at java.util.concurrent.FutureTask.run(Unknown Source)
	at java.util.concurrent.ThreadPoolExecutor.runWorker(Unknown Source)
	at java.util.concurrent.ThreadPoolExecutor$Worker.run(Unknown Source)
	at hudson.remoting.Engine$1$1.run(Engine.java:85)
	at java.lang.Thread.run(Unknown Source)
Caused by: java.io.IOException: Cannot run program "c:\bin\git" (in directory "<http://jenkins.imagej.net/job/ImageJ-legacy-windows/ws/")>: CreateProcess error=2, The system cannot find the file specified
	at java.lang.ProcessBuilder.start(Unknown Source)
	at hudson.Proc$LocalProc.<init>(Proc.java:240)
	at hudson.Proc$LocalProc.<init>(Proc.java:212)
	at hudson.Launcher$LocalLauncher.launch(Launcher.java:815)
	at hudson.Launcher$ProcStarter.start(Launcher.java:381)
	at org.jenkinsci.plugins.gitclient.CliGitAPIImpl.launchCommandIn(CliGitAPIImpl.java:1715)
	... 16 more
Caused by: java.io.IOException: CreateProcess error=2, The system cannot find the file specified
	at java.lang.ProcessImpl.create(Native Method)
	at java.lang.ProcessImpl.<init>(Unknown Source)
	at java.lang.ProcessImpl.start(Unknown Source)
	... 22 more
ERROR: null
Archiving artifacts
Recording test results
ERROR: Step Publish JUnit test result report failed: No test report files were found. Configuration error?
Performance: Percentage of errors greater or equal than 0% sets the build as unstable
Performance: Percentage of errors greater or equal than 0% sets the build as failure



Performance: Recording JUnit reports '**/TEST-*.xml'


From jenkins at imagej.net  Fri Oct 28 12:12:51 2016
From: jenkins at imagej.net (jenkins at imagej.net)
Date: Fri, 28 Oct 2016 12:12:51 -0500 (CDT)
Subject: [ImageJ-builds] Build failed in Jenkins: H5J_Loader_Plugin #30
In-Reply-To: <156144582.234.1476106282982.JavaMail.jenkins@dev>
References: <156144582.234.1476106282982.JavaMail.jenkins@dev>
Message-ID: <1290181583.278.1477674771380.JavaMail.jenkins@dev>

See <http://jenkins.imagej.net/job/H5J_Loader_Plugin/30/>

------------------------------------------
Started by user Alec Neevel
Building remotely on Windows (windows) in workspace <http://jenkins.imagej.net/job/H5J_Loader_Plugin/ws/>
Cloning the remote Git repository
Cloning repository git://github.com/fiji/H5J_Loader_Plugin
 > c:\bin\git init <http://jenkins.imagej.net/job/H5J_Loader_Plugin/ws/> # timeout=10
ERROR: Error cloning remote repo 'origin'
hudson.plugins.git.GitException: Could not init <http://jenkins.imagej.net/job/H5J_Loader_Plugin/ws/>
	at org.jenkinsci.plugins.gitclient.CliGitAPIImpl$5.execute(CliGitAPIImpl.java:656)
	at org.jenkinsci.plugins.gitclient.CliGitAPIImpl$2.execute(CliGitAPIImpl.java:463)
	at org.jenkinsci.plugins.gitclient.RemoteGitImpl$CommandInvocationHandler$1.call(RemoteGitImpl.java:152)
	at org.jenkinsci.plugins.gitclient.RemoteGitImpl$CommandInvocationHandler$1.call(RemoteGitImpl.java:145)
	at hudson.remoting.UserRequest.perform(UserRequest.java:152)
	at hudson.remoting.UserRequest.perform(UserRequest.java:50)
	at hudson.remoting.Request$2.run(Request.java:332)
	at hudson.remoting.InterceptingExecutorService$1.call(InterceptingExecutorService.java:68)
	at java.util.concurrent.FutureTask.run(Unknown Source)
	at java.util.concurrent.ThreadPoolExecutor.runWorker(Unknown Source)
	at java.util.concurrent.ThreadPoolExecutor$Worker.run(Unknown Source)
	at hudson.remoting.Engine$1$1.run(Engine.java:85)
	at java.lang.Thread.run(Unknown Source)
	at ......remote call to Windows(Native Method)
	at hudson.remoting.Channel.attachCallSiteStackTrace(Channel.java:1416)
	at hudson.remoting.UserResponse.retrieve(UserRequest.java:252)
	at hudson.remoting.Channel.call(Channel.java:781)
	at org.jenkinsci.plugins.gitclient.RemoteGitImpl$CommandInvocationHandler.execute(RemoteGitImpl.java:145)
	at sun.reflect.GeneratedMethodAccessor7543.invoke(Unknown Source)
	at sun.reflect.DelegatingMethodAccessorImpl.invoke(DelegatingMethodAccessorImpl.java:43)
	at java.lang.reflect.Method.invoke(Method.java:498)
	at org.jenkinsci.plugins.gitclient.RemoteGitImpl$CommandInvocationHandler.invoke(RemoteGitImpl.java:131)
	at com.sun.proxy.$Proxy86.execute(Unknown Source)
	at hudson.plugins.git.GitSCM.retrieveChanges(GitSCM.java:1057)
	at hudson.plugins.git.GitSCM.checkout(GitSCM.java:1097)
	at hudson.scm.SCM.checkout(SCM.java:485)
	at hudson.model.AbstractProject.checkout(AbstractProject.java:1269)
	at hudson.model.AbstractBuild$AbstractBuildExecution.defaultCheckout(AbstractBuild.java:604)
	at jenkins.scm.SCMCheckoutStrategy.checkout(SCMCheckoutStrategy.java:86)
	at hudson.model.AbstractBuild$AbstractBuildExecution.run(AbstractBuild.java:529)
	at hudson.model.Run.execute(Run.java:1741)
	at hudson.model.FreeStyleBuild.run(FreeStyleBuild.java:43)
	at hudson.model.ResourceController.execute(ResourceController.java:98)
	at hudson.model.Executor.run(Executor.java:410)
Caused by: hudson.plugins.git.GitException: Error performing command: c:\bin\git init <http://jenkins.imagej.net/job/H5J_Loader_Plugin/ws/>
	at org.jenkinsci.plugins.gitclient.CliGitAPIImpl.launchCommandIn(CliGitAPIImpl.java:1726)
	at org.jenkinsci.plugins.gitclient.CliGitAPIImpl.launchCommandIn(CliGitAPIImpl.java:1695)
	at org.jenkinsci.plugins.gitclient.CliGitAPIImpl.launchCommandIn(CliGitAPIImpl.java:1691)
	at org.jenkinsci.plugins.gitclient.CliGitAPIImpl.launchCommand(CliGitAPIImpl.java:1321)
	at org.jenkinsci.plugins.gitclient.CliGitAPIImpl$5.execute(CliGitAPIImpl.java:654)
	at org.jenkinsci.plugins.gitclient.CliGitAPIImpl$2.execute(CliGitAPIImpl.java:463)
	at org.jenkinsci.plugins.gitclient.RemoteGitImpl$CommandInvocationHandler$1.call(RemoteGitImpl.java:152)
	at org.jenkinsci.plugins.gitclient.RemoteGitImpl$CommandInvocationHandler$1.call(RemoteGitImpl.java:145)
	at hudson.remoting.UserRequest.perform(UserRequest.java:152)
	at hudson.remoting.UserRequest.perform(UserRequest.java:50)
	at hudson.remoting.Request$2.run(Request.java:332)
	at hudson.remoting.InterceptingExecutorService$1.call(InterceptingExecutorService.java:68)
	at java.util.concurrent.FutureTask.run(Unknown Source)
	at java.util.concurrent.ThreadPoolExecutor.runWorker(Unknown Source)
	at java.util.concurrent.ThreadPoolExecutor$Worker.run(Unknown Source)
	at hudson.remoting.Engine$1$1.run(Engine.java:85)
	at java.lang.Thread.run(Unknown Source)
Caused by: java.io.IOException: Cannot run program "c:\bin\git" (in directory "<http://jenkins.imagej.net/job/H5J_Loader_Plugin/ws/")>: CreateProcess error=2, The system cannot find the file specified
	at java.lang.ProcessBuilder.start(Unknown Source)
	at hudson.Proc$LocalProc.<init>(Proc.java:240)
	at hudson.Proc$LocalProc.<init>(Proc.java:212)
	at hudson.Launcher$LocalLauncher.launch(Launcher.java:815)
	at hudson.Launcher$ProcStarter.start(Launcher.java:381)
	at org.jenkinsci.plugins.gitclient.CliGitAPIImpl.launchCommandIn(CliGitAPIImpl.java:1715)
	... 16 more
Caused by: java.io.IOException: CreateProcess error=2, The system cannot find the file specified
	at java.lang.ProcessImpl.create(Native Method)
	at java.lang.ProcessImpl.<init>(Unknown Source)
	at java.lang.ProcessImpl.start(Unknown Source)
	... 22 more
ERROR: null
Archiving artifacts


From jenkins at imagej.net  Fri Oct 28 12:18:16 2016
From: jenkins at imagej.net (jenkins at imagej.net)
Date: Fri, 28 Oct 2016 12:18:16 -0500 (CDT)
Subject: [ImageJ-builds] mail-watcher-plugin: Computer Windows marked offline
Message-ID: <507303969.279.1477675096578.JavaMail.jenkins@dev>

Initiator: unknown
Url: http://jenkins.imagej.net/computer/Windows/


Connection was broken: java.io.EOFException
	at org.jenkinsci.remoting.nio.NioChannelHub$3.run(NioChannelHub.java:614)
	at java.util.concurrent.Executors$RunnableAdapter.call(Executors.java:511)
	at java.util.concurrent.FutureTask.run(FutureTask.java:266)
	at hudson.remoting.SingleLaneExecutorService$1.run(SingleLaneExecutorService.java:112)
	at jenkins.util.ContextResettingExecutorService$1.run(ContextResettingExecutorService.java:28)
	at java.util.concurrent.Executors$RunnableAdapter.call(Executors.java:511)
	at java.util.concurrent.FutureTask.run(FutureTask.java:266)
	at java.util.concurrent.ThreadPoolExecutor.runWorker(ThreadPoolExecutor.java:1142)
	at java.util.concurrent.ThreadPoolExecutor$Worker.run(ThreadPoolExecutor.java:617)
	at java.lang.Thread.run(Thread.java:745)


From jenkins at imagej.net  Fri Oct 28 12:18:59 2016
From: jenkins at imagej.net (jenkins at imagej.net)
Date: Fri, 28 Oct 2016 12:18:59 -0500 (CDT)
Subject: [ImageJ-builds] mail-watcher-plugin: Computer Windows marked online
Message-ID: <1377213347.280.1477675139287.JavaMail.jenkins@dev>

Initiator: SYSTEM
Url: http://jenkins.imagej.net/computer/Windows/




From jenkins at imagej.net  Fri Oct 28 13:07:50 2016
From: jenkins at imagej.net (jenkins at imagej.net)
Date: Fri, 28 Oct 2016 13:07:50 -0500 (CDT)
Subject: [ImageJ-builds] Build failed in Jenkins: H5J_Loader_Plugin #31
In-Reply-To: <1290181583.278.1477674771380.JavaMail.jenkins@dev>
References: <1290181583.278.1477674771380.JavaMail.jenkins@dev>
Message-ID: <750224955.281.1477678070614.JavaMail.jenkins@dev>

See <http://jenkins.imagej.net/job/H5J_Loader_Plugin/31/>

------------------------------------------
Started by user Alec Neevel
Building remotely on Windows (windows) in workspace <http://jenkins.imagej.net/job/H5J_Loader_Plugin/ws/>
Cloning the remote Git repository
Cloning repository git://github.com/fiji/H5J_Loader_Plugin
 > c:\bin\git.exe init <http://jenkins.imagej.net/job/H5J_Loader_Plugin/ws/> # timeout=10
ERROR: Error cloning remote repo 'origin'
hudson.plugins.git.GitException: Could not init <http://jenkins.imagej.net/job/H5J_Loader_Plugin/ws/>
	at org.jenkinsci.plugins.gitclient.CliGitAPIImpl$5.execute(CliGitAPIImpl.java:656)
	at org.jenkinsci.plugins.gitclient.CliGitAPIImpl$2.execute(CliGitAPIImpl.java:463)
	at org.jenkinsci.plugins.gitclient.RemoteGitImpl$CommandInvocationHandler$1.call(RemoteGitImpl.java:152)
	at org.jenkinsci.plugins.gitclient.RemoteGitImpl$CommandInvocationHandler$1.call(RemoteGitImpl.java:145)
	at hudson.remoting.UserRequest.perform(UserRequest.java:152)
	at hudson.remoting.UserRequest.perform(UserRequest.java:50)
	at hudson.remoting.Request$2.run(Request.java:332)
	at hudson.remoting.InterceptingExecutorService$1.call(InterceptingExecutorService.java:68)
	at java.util.concurrent.FutureTask.run(Unknown Source)
	at java.util.concurrent.ThreadPoolExecutor.runWorker(Unknown Source)
	at java.util.concurrent.ThreadPoolExecutor$Worker.run(Unknown Source)
	at hudson.remoting.Engine$1$1.run(Engine.java:85)
	at java.lang.Thread.run(Unknown Source)
	at ......remote call to Windows(Native Method)
	at hudson.remoting.Channel.attachCallSiteStackTrace(Channel.java:1416)
	at hudson.remoting.UserResponse.retrieve(UserRequest.java:252)
	at hudson.remoting.Channel.call(Channel.java:781)
	at org.jenkinsci.plugins.gitclient.RemoteGitImpl$CommandInvocationHandler.execute(RemoteGitImpl.java:145)
	at sun.reflect.GeneratedMethodAccessor7543.invoke(Unknown Source)
	at sun.reflect.DelegatingMethodAccessorImpl.invoke(DelegatingMethodAccessorImpl.java:43)
	at java.lang.reflect.Method.invoke(Method.java:498)
	at org.jenkinsci.plugins.gitclient.RemoteGitImpl$CommandInvocationHandler.invoke(RemoteGitImpl.java:131)
	at com.sun.proxy.$Proxy86.execute(Unknown Source)
	at hudson.plugins.git.GitSCM.retrieveChanges(GitSCM.java:1057)
	at hudson.plugins.git.GitSCM.checkout(GitSCM.java:1097)
	at hudson.scm.SCM.checkout(SCM.java:485)
	at hudson.model.AbstractProject.checkout(AbstractProject.java:1269)
	at hudson.model.AbstractBuild$AbstractBuildExecution.defaultCheckout(AbstractBuild.java:604)
	at jenkins.scm.SCMCheckoutStrategy.checkout(SCMCheckoutStrategy.java:86)
	at hudson.model.AbstractBuild$AbstractBuildExecution.run(AbstractBuild.java:529)
	at hudson.model.Run.execute(Run.java:1741)
	at hudson.model.FreeStyleBuild.run(FreeStyleBuild.java:43)
	at hudson.model.ResourceController.execute(ResourceController.java:98)
	at hudson.model.Executor.run(Executor.java:410)
Caused by: hudson.plugins.git.GitException: Error performing command: c:\bin\git.exe init <http://jenkins.imagej.net/job/H5J_Loader_Plugin/ws/>
	at org.jenkinsci.plugins.gitclient.CliGitAPIImpl.launchCommandIn(CliGitAPIImpl.java:1726)
	at org.jenkinsci.plugins.gitclient.CliGitAPIImpl.launchCommandIn(CliGitAPIImpl.java:1695)
	at org.jenkinsci.plugins.gitclient.CliGitAPIImpl.launchCommandIn(CliGitAPIImpl.java:1691)
	at org.jenkinsci.plugins.gitclient.CliGitAPIImpl.launchCommand(CliGitAPIImpl.java:1321)
	at org.jenkinsci.plugins.gitclient.CliGitAPIImpl$5.execute(CliGitAPIImpl.java:654)
	at org.jenkinsci.plugins.gitclient.CliGitAPIImpl$2.execute(CliGitAPIImpl.java:463)
	at org.jenkinsci.plugins.gitclient.RemoteGitImpl$CommandInvocationHandler$1.call(RemoteGitImpl.java:152)
	at org.jenkinsci.plugins.gitclient.RemoteGitImpl$CommandInvocationHandler$1.call(RemoteGitImpl.java:145)
	at hudson.remoting.UserRequest.perform(UserRequest.java:152)
	at hudson.remoting.UserRequest.perform(UserRequest.java:50)
	at hudson.remoting.Request$2.run(Request.java:332)
	at hudson.remoting.InterceptingExecutorService$1.call(InterceptingExecutorService.java:68)
	at java.util.concurrent.FutureTask.run(Unknown Source)
	at java.util.concurrent.ThreadPoolExecutor.runWorker(Unknown Source)
	at java.util.concurrent.ThreadPoolExecutor$Worker.run(Unknown Source)
	at hudson.remoting.Engine$1$1.run(Engine.java:85)
	at java.lang.Thread.run(Unknown Source)
Caused by: java.io.IOException: Cannot run program "c:\bin\git.exe" (in directory "<http://jenkins.imagej.net/job/H5J_Loader_Plugin/ws/")>: CreateProcess error=2, The system cannot find the file specified
	at java.lang.ProcessBuilder.start(Unknown Source)
	at hudson.Proc$LocalProc.<init>(Proc.java:240)
	at hudson.Proc$LocalProc.<init>(Proc.java:212)
	at hudson.Launcher$LocalLauncher.launch(Launcher.java:815)
	at hudson.Launcher$ProcStarter.start(Launcher.java:381)
	at org.jenkinsci.plugins.gitclient.CliGitAPIImpl.launchCommandIn(CliGitAPIImpl.java:1715)
	... 16 more
Caused by: java.io.IOException: CreateProcess error=2, The system cannot find the file specified
	at java.lang.ProcessImpl.create(Native Method)
	at java.lang.ProcessImpl.<init>(Unknown Source)
	at java.lang.ProcessImpl.start(Unknown Source)
	... 22 more
ERROR: null
Archiving artifacts


From jenkins at imagej.net  Fri Oct 28 13:09:37 2016
From: jenkins at imagej.net (jenkins at imagej.net)
Date: Fri, 28 Oct 2016 13:09:37 -0500 (CDT)
Subject: [ImageJ-builds] Build failed in Jenkins: H5J_Loader_Plugin #32
In-Reply-To: <750224955.281.1477678070614.JavaMail.jenkins@dev>
References: <750224955.281.1477678070614.JavaMail.jenkins@dev>
Message-ID: <1069464970.282.1477678177110.JavaMail.jenkins@dev>

See <http://jenkins.imagej.net/job/H5J_Loader_Plugin/32/>

------------------------------------------
Started by user Alec Neevel
Building remotely on Windows (windows) in workspace <http://jenkins.imagej.net/job/H5J_Loader_Plugin/ws/>
Cloning the remote Git repository
Cloning repository git://github.com/fiji/H5J_Loader_Plugin
 > c:msysgit\bin\git init <http://jenkins.imagej.net/job/H5J_Loader_Plugin/ws/> # timeout=10
ERROR: Error cloning remote repo 'origin'
hudson.plugins.git.GitException: Could not init <http://jenkins.imagej.net/job/H5J_Loader_Plugin/ws/>
	at org.jenkinsci.plugins.gitclient.CliGitAPIImpl$5.execute(CliGitAPIImpl.java:656)
	at org.jenkinsci.plugins.gitclient.CliGitAPIImpl$2.execute(CliGitAPIImpl.java:463)
	at org.jenkinsci.plugins.gitclient.RemoteGitImpl$CommandInvocationHandler$1.call(RemoteGitImpl.java:152)
	at org.jenkinsci.plugins.gitclient.RemoteGitImpl$CommandInvocationHandler$1.call(RemoteGitImpl.java:145)
	at hudson.remoting.UserRequest.perform(UserRequest.java:152)
	at hudson.remoting.UserRequest.perform(UserRequest.java:50)
	at hudson.remoting.Request$2.run(Request.java:332)
	at hudson.remoting.InterceptingExecutorService$1.call(InterceptingExecutorService.java:68)
	at java.util.concurrent.FutureTask.run(Unknown Source)
	at java.util.concurrent.ThreadPoolExecutor.runWorker(Unknown Source)
	at java.util.concurrent.ThreadPoolExecutor$Worker.run(Unknown Source)
	at hudson.remoting.Engine$1$1.run(Engine.java:85)
	at java.lang.Thread.run(Unknown Source)
	at ......remote call to Windows(Native Method)
	at hudson.remoting.Channel.attachCallSiteStackTrace(Channel.java:1416)
	at hudson.remoting.UserResponse.retrieve(UserRequest.java:252)
	at hudson.remoting.Channel.call(Channel.java:781)
	at org.jenkinsci.plugins.gitclient.RemoteGitImpl$CommandInvocationHandler.execute(RemoteGitImpl.java:145)
	at sun.reflect.GeneratedMethodAccessor7543.invoke(Unknown Source)
	at sun.reflect.DelegatingMethodAccessorImpl.invoke(DelegatingMethodAccessorImpl.java:43)
	at java.lang.reflect.Method.invoke(Method.java:498)
	at org.jenkinsci.plugins.gitclient.RemoteGitImpl$CommandInvocationHandler.invoke(RemoteGitImpl.java:131)
	at com.sun.proxy.$Proxy86.execute(Unknown Source)
	at hudson.plugins.git.GitSCM.retrieveChanges(GitSCM.java:1057)
	at hudson.plugins.git.GitSCM.checkout(GitSCM.java:1097)
	at hudson.scm.SCM.checkout(SCM.java:485)
	at hudson.model.AbstractProject.checkout(AbstractProject.java:1269)
	at hudson.model.AbstractBuild$AbstractBuildExecution.defaultCheckout(AbstractBuild.java:604)
	at jenkins.scm.SCMCheckoutStrategy.checkout(SCMCheckoutStrategy.java:86)
	at hudson.model.AbstractBuild$AbstractBuildExecution.run(AbstractBuild.java:529)
	at hudson.model.Run.execute(Run.java:1741)
	at hudson.model.FreeStyleBuild.run(FreeStyleBuild.java:43)
	at hudson.model.ResourceController.execute(ResourceController.java:98)
	at hudson.model.Executor.run(Executor.java:410)
Caused by: hudson.plugins.git.GitException: Error performing command: c:msysgit\bin\git init <http://jenkins.imagej.net/job/H5J_Loader_Plugin/ws/>
	at org.jenkinsci.plugins.gitclient.CliGitAPIImpl.launchCommandIn(CliGitAPIImpl.java:1726)
	at org.jenkinsci.plugins.gitclient.CliGitAPIImpl.launchCommandIn(CliGitAPIImpl.java:1695)
	at org.jenkinsci.plugins.gitclient.CliGitAPIImpl.launchCommandIn(CliGitAPIImpl.java:1691)
	at org.jenkinsci.plugins.gitclient.CliGitAPIImpl.launchCommand(CliGitAPIImpl.java:1321)
	at org.jenkinsci.plugins.gitclient.CliGitAPIImpl$5.execute(CliGitAPIImpl.java:654)
	at org.jenkinsci.plugins.gitclient.CliGitAPIImpl$2.execute(CliGitAPIImpl.java:463)
	at org.jenkinsci.plugins.gitclient.RemoteGitImpl$CommandInvocationHandler$1.call(RemoteGitImpl.java:152)
	at org.jenkinsci.plugins.gitclient.RemoteGitImpl$CommandInvocationHandler$1.call(RemoteGitImpl.java:145)
	at hudson.remoting.UserRequest.perform(UserRequest.java:152)
	at hudson.remoting.UserRequest.perform(UserRequest.java:50)
	at hudson.remoting.Request$2.run(Request.java:332)
	at hudson.remoting.InterceptingExecutorService$1.call(InterceptingExecutorService.java:68)
	at java.util.concurrent.FutureTask.run(Unknown Source)
	at java.util.concurrent.ThreadPoolExecutor.runWorker(Unknown Source)
	at java.util.concurrent.ThreadPoolExecutor$Worker.run(Unknown Source)
	at hudson.remoting.Engine$1$1.run(Engine.java:85)
	at java.lang.Thread.run(Unknown Source)
Caused by: java.io.IOException: Cannot run program "c:msysgit\bin\git" (in directory "<http://jenkins.imagej.net/job/H5J_Loader_Plugin/ws/")>: CreateProcess error=2, The system cannot find the file specified
	at java.lang.ProcessBuilder.start(Unknown Source)
	at hudson.Proc$LocalProc.<init>(Proc.java:240)
	at hudson.Proc$LocalProc.<init>(Proc.java:212)
	at hudson.Launcher$LocalLauncher.launch(Launcher.java:815)
	at hudson.Launcher$ProcStarter.start(Launcher.java:381)
	at org.jenkinsci.plugins.gitclient.CliGitAPIImpl.launchCommandIn(CliGitAPIImpl.java:1715)
	... 16 more
Caused by: java.io.IOException: CreateProcess error=2, The system cannot find the file specified
	at java.lang.ProcessImpl.create(Native Method)
	at java.lang.ProcessImpl.<init>(Unknown Source)
	at java.lang.ProcessImpl.start(Unknown Source)
	... 22 more
ERROR: null
Archiving artifacts


