From jenkins at imagej.net  Thu Jul  7 10:41:59 2016
From: jenkins at imagej.net (jenkins at imagej.net)
Date: Thu, 07 Jul 2016 10:41:59 -0500 (CDT)
Subject: [ImageJ-builds] mail-watcher-plugin: Computer open.microscopy
	marked online
Message-ID: <1866975784.0.1467906119290.JavaMail.jenkins@dev>

Initiator: SYSTEM
Url: http://jenkins.imagej.net/computer/open.microscopy/




From jenkins at imagej.net  Thu Jul  7 10:42:02 2016
From: jenkins at imagej.net (jenkins at imagej.net)
Date: Thu, 07 Jul 2016 10:42:02 -0500 (CDT)
Subject: [ImageJ-builds] mail-watcher-plugin: Computer skynet marked online
Message-ID: <1432210859.2.1467906122362.JavaMail.jenkins@dev>

Initiator: SYSTEM
Url: http://jenkins.imagej.net/computer/skynet/




From jenkins at imagej.net  Fri Jul  8 12:30:02 2016
From: jenkins at imagej.net (jenkins at imagej.net)
Date: Fri, 08 Jul 2016 12:30:02 -0500 (CDT)
Subject: [ImageJ-builds] Build failed in Jenkins: scripting-Kotlin #1
Message-ID: <1092454401.15.1467999002017.JavaMail.jenkins@dev>

See <http://jenkins.imagej.net/job/scripting-Kotlin/1/>

------------------------------------------
[...truncated 5349 lines...]
20840/20986 KB   
20844/20986 KB   
20848/20986 KB   
20852/20986 KB   
20856/20986 KB   
20860/20986 KB   
20864/20986 KB   
20868/20986 KB   
20872/20986 KB   
20876/20986 KB   
20880/20986 KB   
20884/20986 KB   
20888/20986 KB   
20892/20986 KB   
20896/20986 KB   
20900/20986 KB   
20904/20986 KB   
20908/20986 KB   
20912/20986 KB   
20916/20986 KB   
20920/20986 KB   
20924/20986 KB   
20928/20986 KB   
20932/20986 KB   
20936/20986 KB   
20940/20986 KB   
20944/20986 KB   
20948/20986 KB   
20952/20986 KB   
20956/20986 KB   
20960/20986 KB   
20964/20986 KB   
20968/20986 KB   
20972/20986 KB   
20976/20986 KB   
20980/20986 KB   
20984/20986 KB   
20986/20986 KB   
                 
Downloaded: http://maven.imagej.net/content/groups/public/org/jetbrains/kotlin/kotlin-compiler-embeddable/1.0.2/kotlin-compiler-embeddable-1.0.2.jar (20986 KB at 7749.3 KB/sec)
[INFO] 
[INFO] --- maven-enforcer-plugin:1.3.1:enforce (enforce-rules) @ scripting-kotlin ---
[INFO] 
[INFO] --- build-helper-maven-plugin:1.9.1:regex-property (sanitize-version) @ scripting-kotlin ---
[INFO] 
[INFO] --- buildnumber-maven-plugin:1.3:create (default) @ scripting-kotlin ---
[INFO] Executing: /bin/sh -c cd /data/devel/jenkins-maven/workspace/scripting-Kotlin && git rev-parse --verify HEAD
[INFO] Working directory: /data/devel/jenkins-maven/workspace/scripting-Kotlin
[INFO] Storing buildNumber: 206d3cb24b5ba0c10d0322d089ccfbf1f9e47af2 at timestamp: 1467998993846
[WARNING] Cannot get the branch information from the git repository: 
Detecting the current branch failed: fatal: ref HEAD is not a symbolic ref

[INFO] Executing: /bin/sh -c cd /data/devel/jenkins-maven/workspace/scripting-Kotlin && git rev-parse --verify HEAD
[INFO] Working directory: /data/devel/jenkins-maven/workspace/scripting-Kotlin
[INFO] Storing buildScmBranch: UNKNOWN
[INFO] 
[INFO] --- maven-resources-plugin:2.6:resources (default-resources) @ scripting-kotlin ---
[INFO] Using 'UTF-8' encoding to copy filtered resources.
[INFO] skip non existing resourceDirectory /data/devel/jenkins-maven/workspace/scripting-Kotlin/src/main/resources
[INFO] 
[INFO] --- maven-compiler-plugin:3.1:compile (default-compile) @ scripting-kotlin ---
[INFO] Changes detected - recompiling the module!
[INFO] Compiling 1 source file to /data/devel/jenkins-maven/workspace/scripting-Kotlin/target/classes
[INFO] 
[INFO] --- maven-resources-plugin:2.6:testResources (default-testResources) @ scripting-kotlin ---
[INFO] Using 'UTF-8' encoding to copy filtered resources.
[INFO] skip non existing resourceDirectory /data/devel/jenkins-maven/workspace/scripting-Kotlin/src/test/resources
[INFO] 
[INFO] --- maven-compiler-plugin:3.1:testCompile (default-testCompile) @ scripting-kotlin ---
[INFO] No sources to compile
[INFO] 
[INFO] --- maven-surefire-plugin:2.17:test (default-test) @ scripting-kotlin ---
[INFO] No tests to run.
[INFO] 
[INFO] --- maven-jar-plugin:2.5:jar (default-jar) @ scripting-kotlin ---
[INFO] Building jar: /data/devel/jenkins-maven/workspace/scripting-Kotlin/target/scripting-kotlin-0.1.0-SNAPSHOT.jar
[INFO] 
[INFO] --- maven-source-plugin:2.3:jar-no-fork (default) @ scripting-kotlin ---
[INFO] Building jar: /data/devel/jenkins-maven/workspace/scripting-Kotlin/target/scripting-kotlin-0.1.0-SNAPSHOT-sources.jar
[INFO] 
[INFO] --- maven-jar-plugin:2.5:test-jar (default) @ scripting-kotlin ---
[INFO] Skipping packaging of the test-jar
[INFO] 
[INFO] --- maven-install-plugin:2.5.1:install (default-install) @ scripting-kotlin ---
[INFO] Installing /data/devel/jenkins-maven/workspace/scripting-Kotlin/target/scripting-kotlin-0.1.0-SNAPSHOT.jar to /var/lib/jenkins-maven/.m2/repository/org/scijava/scripting-kotlin/0.1.0-SNAPSHOT/scripting-kotlin-0.1.0-SNAPSHOT.jar
[INFO] Installing /data/devel/jenkins-maven/workspace/scripting-Kotlin/pom.xml to /var/lib/jenkins-maven/.m2/repository/org/scijava/scripting-kotlin/0.1.0-SNAPSHOT/scripting-kotlin-0.1.0-SNAPSHOT.pom
[INFO] Installing /data/devel/jenkins-maven/workspace/scripting-Kotlin/target/scripting-kotlin-0.1.0-SNAPSHOT-sources.jar to /var/lib/jenkins-maven/.m2/repository/org/scijava/scripting-kotlin/0.1.0-SNAPSHOT/scripting-kotlin-0.1.0-SNAPSHOT-sources.jar
[INFO] 
[INFO] --- maven-deploy-plugin:2.8.1:deploy (default-deploy) @ scripting-kotlin ---
Downloading: dav:http://maven.imagej.net/content/repositories/snapshots/org/scijava/scripting-kotlin/0.1.0-SNAPSHOT/maven-metadata.xml
                 
Uploading: http://maven.imagej.net/content/repositories/snapshots/org/scijava/scripting-kotlin/0.1.0-SNAPSHOT/scripting-kotlin-0.1.0-20160708.172955-1.jar
Jul 08, 2016 12:29:55 PM org.apache.commons.httpclient.auth.AuthChallengeProcessor selectAuthScheme
INFO: basic authentication scheme selected
4/5 KB           
5/5 KB   
Jul 08, 2016 12:29:55 PM org.apache.commons.httpclient.auth.AuthChallengeProcessor selectAuthScheme
INFO: basic authentication scheme selected
9/5 KB   
9/5 KB   
Jul 08, 2016 12:29:55 PM org.apache.commons.httpclient.auth.AuthChallengeProcessor selectAuthScheme
INFO: basic authentication scheme selected
Jul 08, 2016 12:29:55 PM org.apache.commons.httpclient.auth.AuthChallengeProcessor selectAuthScheme
INFO: basic authentication scheme selected
Jul 08, 2016 12:29:55 PM org.apache.commons.httpclient.auth.AuthChallengeProcessor selectAuthScheme
INFO: basic authentication scheme selected
Jul 08, 2016 12:29:55 PM org.apache.commons.httpclient.auth.AuthChallengeProcessor selectAuthScheme
INFO: basic authentication scheme selected
         
Uploaded: http://maven.imagej.net/content/repositories/snapshots/org/scijava/scripting-kotlin/0.1.0-SNAPSHOT/scripting-kotlin-0.1.0-20160708.172955-1.jar (9 KB at 45.0 KB/sec)
Uploading: http://maven.imagej.net/content/repositories/snapshots/org/scijava/scripting-kotlin/0.1.0-SNAPSHOT/scripting-kotlin-0.1.0-20160708.172955-1.pom
Jul 08, 2016 12:29:55 PM org.apache.commons.httpclient.auth.AuthChallengeProcessor selectAuthScheme
INFO: basic authentication scheme selected
4/4 KB   
Jul 08, 2016 12:29:55 PM org.apache.commons.httpclient.auth.AuthChallengeProcessor selectAuthScheme
INFO: basic authentication scheme selected
7/4 KB   
Jul 08, 2016 12:29:55 PM org.apache.commons.httpclient.auth.AuthChallengeProcessor selectAuthScheme
INFO: basic authentication scheme selected
Jul 08, 2016 12:29:55 PM org.apache.commons.httpclient.auth.AuthChallengeProcessor selectAuthScheme
INFO: basic authentication scheme selected
Jul 08, 2016 12:29:55 PM org.apache.commons.httpclient.auth.AuthChallengeProcessor selectAuthScheme
INFO: basic authentication scheme selected
Jul 08, 2016 12:29:55 PM org.apache.commons.httpclient.auth.AuthChallengeProcessor selectAuthScheme
INFO: basic authentication scheme selected
         
Uploaded: http://maven.imagej.net/content/repositories/snapshots/org/scijava/scripting-kotlin/0.1.0-SNAPSHOT/scripting-kotlin-0.1.0-20160708.172955-1.pom (7 KB at 59.3 KB/sec)
Downloading: http://maven.imagej.net/content/repositories/snapshots/org/scijava/scripting-kotlin/maven-metadata.xml
         
Uploading: http://maven.imagej.net/content/repositories/snapshots/org/scijava/scripting-kotlin/0.1.0-SNAPSHOT/maven-metadata.xml
Jul 08, 2016 12:29:55 PM org.apache.commons.httpclient.auth.AuthChallengeProcessor selectAuthScheme
INFO: basic authentication scheme selected
777/777 B   
Jul 08, 2016 12:29:55 PM org.apache.commons.httpclient.auth.AuthChallengeProcessor selectAuthScheme
INFO: basic authentication scheme selected
1554/777 B   
Jul 08, 2016 12:29:55 PM org.apache.commons.httpclient.auth.AuthChallengeProcessor selectAuthScheme
INFO: basic authentication scheme selected
Jul 08, 2016 12:29:55 PM org.apache.commons.httpclient.auth.AuthChallengeProcessor selectAuthScheme
INFO: basic authentication scheme selected
Jul 08, 2016 12:29:55 PM org.apache.commons.httpclient.auth.AuthChallengeProcessor selectAuthScheme
INFO: basic authentication scheme selected
Jul 08, 2016 12:29:55 PM org.apache.commons.httpclient.auth.AuthChallengeProcessor selectAuthScheme
INFO: basic authentication scheme selected
             
Uploaded: http://maven.imagej.net/content/repositories/snapshots/org/scijava/scripting-kotlin/0.1.0-SNAPSHOT/maven-metadata.xml (2 KB at 15.5 KB/sec)
Uploading: http://maven.imagej.net/content/repositories/snapshots/org/scijava/scripting-kotlin/maven-metadata.xml
Jul 08, 2016 12:29:55 PM org.apache.commons.httpclient.auth.AuthChallengeProcessor selectAuthScheme
INFO: basic authentication scheme selected
287/287 B    
Jul 08, 2016 12:29:55 PM org.apache.commons.httpclient.auth.AuthChallengeProcessor selectAuthScheme
INFO: basic authentication scheme selected
574/287 B   
Jul 08, 2016 12:29:55 PM org.apache.commons.httpclient.auth.AuthChallengeProcessor selectAuthScheme
INFO: basic authentication scheme selected
Jul 08, 2016 12:29:55 PM org.apache.commons.httpclient.auth.AuthChallengeProcessor selectAuthScheme
INFO: basic authentication scheme selected
Jul 08, 2016 12:29:55 PM org.apache.commons.httpclient.auth.AuthChallengeProcessor selectAuthScheme
INFO: basic authentication scheme selected
Jul 08, 2016 12:29:55 PM org.apache.commons.httpclient.auth.AuthChallengeProcessor selectAuthScheme
INFO: basic authentication scheme selected
            
Uploaded: http://maven.imagej.net/content/repositories/snapshots/org/scijava/scripting-kotlin/maven-metadata.xml (574 B at 6.5 KB/sec)
Uploading: dav:http://maven.imagej.net/content/repositories/snapshots/org/scijava/scripting-kotlin/0.1.0-SNAPSHOT/scripting-kotlin-0.1.0-20160708.172955-1-sources.jar
Jul 08, 2016 12:29:55 PM org.apache.commons.httpclient.auth.AuthChallengeProcessor selectAuthScheme
INFO: basic authentication scheme selected
2/2 KB      
Jul 08, 2016 12:29:55 PM org.apache.commons.httpclient.auth.AuthChallengeProcessor selectAuthScheme
INFO: basic authentication scheme selected
4/2 KB   
Jul 08, 2016 12:29:55 PM org.apache.commons.httpclient.auth.AuthChallengeProcessor selectAuthScheme
INFO: basic authentication scheme selected
Jul 08, 2016 12:29:55 PM org.apache.commons.httpclient.auth.AuthChallengeProcessor selectAuthScheme
INFO: basic authentication scheme selected
Jul 08, 2016 12:29:55 PM org.apache.commons.httpclient.auth.AuthChallengeProcessor selectAuthScheme
INFO: basic authentication scheme selected
Jul 08, 2016 12:29:55 PM org.apache.commons.httpclient.auth.AuthChallengeProcessor selectAuthScheme
INFO: basic authentication scheme selected
         
Uploaded: dav:http://maven.imagej.net/content/repositories/snapshots/org/scijava/scripting-kotlin/0.1.0-SNAPSHOT/scripting-kotlin-0.1.0-20160708.172955-1-sources.jar (4 KB at 31.4 KB/sec)
Uploading: http://maven.imagej.net/content/repositories/snapshots/org/scijava/scripting-kotlin/0.1.0-SNAPSHOT/maven-metadata.xml
Jul 08, 2016 12:29:55 PM org.apache.commons.httpclient.auth.AuthChallengeProcessor selectAuthScheme
INFO: basic authentication scheme selected
991/991 B   
Jul 08, 2016 12:29:55 PM org.apache.commons.httpclient.auth.AuthChallengeProcessor selectAuthScheme
INFO: basic authentication scheme selected
1982/991 B   
Jul 08, 2016 12:29:55 PM org.apache.commons.httpclient.auth.AuthChallengeProcessor selectAuthScheme
INFO: basic authentication scheme selected
Jul 08, 2016 12:29:55 PM org.apache.commons.httpclient.auth.AuthChallengeProcessor selectAuthScheme
INFO: basic authentication scheme selected
Jul 08, 2016 12:29:55 PM org.apache.commons.httpclient.auth.AuthChallengeProcessor selectAuthScheme
INFO: basic authentication scheme selected
Jul 08, 2016 12:29:55 PM org.apache.commons.httpclient.auth.AuthChallengeProcessor selectAuthScheme
INFO: basic authentication scheme selected
             
Uploaded: http://maven.imagej.net/content/repositories/snapshots/org/scijava/scripting-kotlin/0.1.0-SNAPSHOT/maven-metadata.xml (2 KB at 21.0 KB/sec)
[INFO] 
[INFO] >>> maven-javadoc-plugin:2.9.1:javadoc (default-cli) @ scripting-kotlin >>>
[INFO] 
[INFO] --- maven-enforcer-plugin:1.3.1:enforce (enforce-rules) @ scripting-kotlin ---
Downloading: http://maven.imagej.net/content/groups/public/org/scijava/scripting-kotlin/0.1.0-SNAPSHOT/scripting-kotlin-0.1.0-20160708.172955-1.pom
4/4 KB       
         
Downloaded: http://maven.imagej.net/content/groups/public/org/scijava/scripting-kotlin/0.1.0-SNAPSHOT/scripting-kotlin-0.1.0-20160708.172955-1.pom (4 KB at 29.1 KB/sec)
[INFO] 
[INFO] --- build-helper-maven-plugin:1.9.1:regex-property (sanitize-version) @ scripting-kotlin ---
[INFO] 
[INFO] --- buildnumber-maven-plugin:1.3:create (default) @ scripting-kotlin ---
[INFO] 
[INFO] <<< maven-javadoc-plugin:2.9.1:javadoc (default-cli) @ scripting-kotlin <<<
[INFO] 
[INFO] --- maven-javadoc-plugin:2.9.1:javadoc (default-cli) @ scripting-kotlin ---
[INFO] 
Loading source files for package org.scijava.plugins.scripting.kotlin...
Constructing Javadoc information...
Standard Doclet version 1.8.0_91
Building tree for all the packages and classes...
Generating /data/devel/jenkins-maven/workspace/scripting-Kotlin/target/site/apidocs/org/scijava/plugins/scripting/kotlin/KotlinScriptLanguage.html...
Generating /data/devel/jenkins-maven/workspace/scripting-Kotlin/target/site/apidocs/org/scijava/plugins/scripting/kotlin/package-frame.html...
Generating /data/devel/jenkins-maven/workspace/scripting-Kotlin/target/site/apidocs/org/scijava/plugins/scripting/kotlin/package-summary.html...
Generating /data/devel/jenkins-maven/workspace/scripting-Kotlin/target/site/apidocs/org/scijava/plugins/scripting/kotlin/package-tree.html...
Generating /data/devel/jenkins-maven/workspace/scripting-Kotlin/target/site/apidocs/constant-values.html...
Building index for all the packages and classes...
Generating /data/devel/jenkins-maven/workspace/scripting-Kotlin/target/site/apidocs/overview-tree.html...
Generating /data/devel/jenkins-maven/workspace/scripting-Kotlin/target/site/apidocs/index-all.html...
Generating /data/devel/jenkins-maven/workspace/scripting-Kotlin/target/site/apidocs/deprecated-list.html...
Building index for all classes...
Generating /data/devel/jenkins-maven/workspace/scripting-Kotlin/target/site/apidocs/allclasses-frame.html...
Generating /data/devel/jenkins-maven/workspace/scripting-Kotlin/target/site/apidocs/allclasses-noframe.html...
Generating /data/devel/jenkins-maven/workspace/scripting-Kotlin/target/site/apidocs/index.html...
Generating /data/devel/jenkins-maven/workspace/scripting-Kotlin/target/site/apidocs/help-doc.html...
[INFO] ------------------------------------------------------------------------
[INFO] BUILD SUCCESS
[INFO] ------------------------------------------------------------------------
[INFO] Total time: 14.489s
[INFO] Finished at: Fri Jul 08 12:30:01 CDT 2016
[INFO] Final Memory: 36M/435M
[INFO] ------------------------------------------------------------------------
Archiving artifacts
Publishing Javadoc
Recording test results
ERROR: Step ‘Publish JUnit test result report’ failed: No test report files were found. Configuration error?
Performance: Percentage of errors greater or equal than 0% sets the build as unstable
Performance: Percentage of errors greater or equal than 0% sets the build as failure



Performance: Recording JUnit reports '**/TEST-*.xml'


From jenkins at imagej.net  Sun Jul 10 16:39:46 2016
From: jenkins at imagej.net (jenkins at imagej.net)
Date: Sun, 10 Jul 2016 16:39:46 -0500 (CDT)
Subject: [ImageJ-builds] Build failed in Jenkins: SciJava-common #1047
Message-ID: <697959296.21.1468186786515.JavaMail.jenkins@dev>

See <http://jenkins.imagej.net/job/SciJava-common/1047/changes>

Changes:

[Curtis Rueden] AbstractLogService: tweak javadoc

[Curtis Rueden] AbstractLogService: format code style

[Curtis Rueden] LogService: add setLevel method to public API

------------------------------------------
[...truncated 586 lines...]
Performance: File TEST-org.scijava.event.EventServiceTest.xml reported 0.0% of errors [SUCCESS]. Build status is: FAILURE



TEST-org.scijava.io.BytesLocationTest.xml has an average of: 0
Performance: File TEST-org.scijava.io.BytesLocationTest.xml reported 0.0% of errors [SUCCESS]. Build status is: FAILURE



TEST-org.scijava.io.FileHandleTest.xml has an average of: 23
Performance: File TEST-org.scijava.io.FileHandleTest.xml reported 0.0% of errors [SUCCESS]. Build status is: FAILURE



TEST-org.scijava.io.FileLocationTest.xml has an average of: 0
Performance: File TEST-org.scijava.io.FileLocationTest.xml reported 0.0% of errors [SUCCESS]. Build status is: FAILURE



TEST-org.scijava.io.URILocationTest.xml has an average of: 1
Performance: File TEST-org.scijava.io.URILocationTest.xml reported 0.0% of errors [SUCCESS]. Build status is: FAILURE



TEST-org.scijava.io.URLLocationTest.xml has an average of: 0
Performance: File TEST-org.scijava.io.URLLocationTest.xml reported 0.0% of errors [SUCCESS]. Build status is: FAILURE



TEST-org.scijava.log.LogServiceTest.xml has an average of: 0
Performance: File TEST-org.scijava.log.LogServiceTest.xml reported 0.0% of errors [SUCCESS]. Build status is: FAILURE



TEST-org.scijava.main.MainServiceTest.xml has an average of: 48
Performance: File TEST-org.scijava.main.MainServiceTest.xml reported 0.0% of errors [SUCCESS]. Build status is: FAILURE



TEST-org.scijava.main.run.MainCodeRunnerTest.xml has an average of: 0
Performance: File TEST-org.scijava.main.run.MainCodeRunnerTest.xml reported 0.0% of errors [SUCCESS]. Build status is: FAILURE



TEST-org.scijava.menu.MenuServiceTest.xml has an average of: 20
Performance: File TEST-org.scijava.menu.MenuServiceTest.xml reported 0.0% of errors [SUCCESS]. Build status is: FAILURE



TEST-org.scijava.menu.ShadowMenuTest.xml has an average of: 9
Performance: File TEST-org.scijava.menu.ShadowMenuTest.xml reported 0.0% of errors [SUCCESS]. Build status is: FAILURE



TEST-org.scijava.module.ModuleServiceTest.xml has an average of: 6
Performance: File TEST-org.scijava.module.ModuleServiceTest.xml reported 0.0% of errors [SUCCESS]. Build status is: FAILURE



TEST-org.scijava.module.run.ModuleCodeRunnerTest.xml has an average of: 16
Performance: File TEST-org.scijava.module.run.ModuleCodeRunnerTest.xml reported 0.0% of errors [SUCCESS]. Build status is: FAILURE



TEST-org.scijava.object.ObjectIndexTest.xml has an average of: 0
Performance: File TEST-org.scijava.object.ObjectIndexTest.xml reported 0.0% of errors [SUCCESS]. Build status is: FAILURE



TEST-org.scijava.object.SortedObjectIndexTest.xml has an average of: 0
Performance: File TEST-org.scijava.object.SortedObjectIndexTest.xml reported 0.0% of errors [SUCCESS]. Build status is: FAILURE



TEST-org.scijava.options.OptionsTest.xml has an average of: 12
Performance: File TEST-org.scijava.options.OptionsTest.xml reported 0.0% of errors [SUCCESS]. Build status is: FAILURE



TEST-org.scijava.parse.ParseServiceTest.xml has an average of: 3
Performance: File TEST-org.scijava.parse.ParseServiceTest.xml reported 0.0% of errors [SUCCESS]. Build status is: FAILURE



TEST-org.scijava.plugin.PluginFinderTest.xml has an average of: 15
Performance: File TEST-org.scijava.plugin.PluginFinderTest.xml reported 0.0% of errors [SUCCESS]. Build status is: FAILURE



TEST-org.scijava.plugin.PluginIndexTest.xml has an average of: 6
Performance: File TEST-org.scijava.plugin.PluginIndexTest.xml reported 0.0% of errors [SUCCESS]. Build status is: FAILURE



TEST-org.scijava.plugin.PluginInfoTest.xml has an average of: 6
Performance: File TEST-org.scijava.plugin.PluginInfoTest.xml reported 0.0% of errors [SUCCESS]. Build status is: FAILURE



TEST-org.scijava.prefs.PrefServiceTest.xml has an average of: 10
Performance: File TEST-org.scijava.prefs.PrefServiceTest.xml reported 0.0% of errors [SUCCESS]. Build status is: FAILURE



TEST-org.scijava.run.RunServiceTest.xml has an average of: 6
Performance: File TEST-org.scijava.run.RunServiceTest.xml reported 0.0% of errors [SUCCESS]. Build status is: FAILURE



TEST-org.scijava.script.ScriptEngineTest.xml has an average of: 4
Performance: File TEST-org.scijava.script.ScriptEngineTest.xml reported 0.0% of errors [SUCCESS]. Build status is: FAILURE



TEST-org.scijava.script.ScriptFinderTest.xml has an average of: 10
Performance: File TEST-org.scijava.script.ScriptFinderTest.xml reported 0.0% of errors [SUCCESS]. Build status is: FAILURE



TEST-org.scijava.script.ScriptInfoTest.xml has an average of: 8
Performance: File TEST-org.scijava.script.ScriptInfoTest.xml reported 0.0% of errors [SUCCESS]. Build status is: FAILURE



TEST-org.scijava.script.ScriptServiceTest.xml has an average of: 7
Performance: File TEST-org.scijava.script.ScriptServiceTest.xml reported 0.0% of errors [SUCCESS]. Build status is: FAILURE



TEST-org.scijava.service.ServiceIndexTest.xml has an average of: 6
Performance: File TEST-org.scijava.service.ServiceIndexTest.xml reported 0.0% of errors [SUCCESS]. Build status is: FAILURE



TEST-org.scijava.test.TestUtilsTest.xml has an average of: 0
Performance: File TEST-org.scijava.test.TestUtilsTest.xml reported 0.0% of errors [SUCCESS]. Build status is: FAILURE



TEST-org.scijava.thread.ThreadServiceTest.xml has an average of: 3
Performance: File TEST-org.scijava.thread.ThreadServiceTest.xml reported 0.0% of errors [SUCCESS]. Build status is: FAILURE



TEST-org.scijava.util.AppUtilsTest.xml has an average of: 0
Performance: File TEST-org.scijava.util.AppUtilsTest.xml reported 0.0% of errors [SUCCESS]. Build status is: FAILURE



TEST-org.scijava.util.ArrayUtilsTest.xml has an average of: 0
Performance: File TEST-org.scijava.util.ArrayUtilsTest.xml reported 0.0% of errors [SUCCESS]. Build status is: FAILURE



TEST-org.scijava.util.BoolArrayTest.xml has an average of: 0
Performance: File TEST-org.scijava.util.BoolArrayTest.xml reported 0.0% of errors [SUCCESS]. Build status is: FAILURE



TEST-org.scijava.util.ByteArrayTest.xml has an average of: 0
Performance: File TEST-org.scijava.util.ByteArrayTest.xml reported 0.0% of errors [SUCCESS]. Build status is: FAILURE



TEST-org.scijava.util.CharArrayTest.xml has an average of: 0
Performance: File TEST-org.scijava.util.CharArrayTest.xml reported 0.0% of errors [SUCCESS]. Build status is: FAILURE



TEST-org.scijava.util.ClassUtilsTest.xml has an average of: 1
Performance: File TEST-org.scijava.util.ClassUtilsTest.xml reported 0.0% of errors [SUCCESS]. Build status is: FAILURE



TEST-org.scijava.util.ColorRGBTest.xml has an average of: 0
Performance: File TEST-org.scijava.util.ColorRGBTest.xml reported 0.0% of errors [SUCCESS]. Build status is: FAILURE



TEST-org.scijava.util.ConversionUtilsTest.xml has an average of: 0
Performance: File TEST-org.scijava.util.ConversionUtilsTest.xml reported 0.0% of errors [SUCCESS]. Build status is: FAILURE



TEST-org.scijava.util.DigestUtilsTest.xml has an average of: 1
Performance: File TEST-org.scijava.util.DigestUtilsTest.xml reported 0.0% of errors [SUCCESS]. Build status is: FAILURE



TEST-org.scijava.util.DoubleArrayTest.xml has an average of: 0
Performance: File TEST-org.scijava.util.DoubleArrayTest.xml reported 0.0% of errors [SUCCESS]. Build status is: FAILURE



TEST-org.scijava.util.FileUtilsTest.xml has an average of: 1
Performance: File TEST-org.scijava.util.FileUtilsTest.xml reported 0.0% of errors [SUCCESS]. Build status is: FAILURE



TEST-org.scijava.util.FloatArrayTest.xml has an average of: 0
Performance: File TEST-org.scijava.util.FloatArrayTest.xml reported 0.0% of errors [SUCCESS]. Build status is: FAILURE



TEST-org.scijava.util.GenericUtilsTest.xml has an average of: 1
Performance: File TEST-org.scijava.util.GenericUtilsTest.xml reported 0.0% of errors [SUCCESS]. Build status is: FAILURE



TEST-org.scijava.util.IntArrayTest.xml has an average of: 0
Performance: File TEST-org.scijava.util.IntArrayTest.xml reported 0.0% of errors [SUCCESS]. Build status is: FAILURE



TEST-org.scijava.util.LastRecentlyUsedTest.xml has an average of: 0
Performance: File TEST-org.scijava.util.LastRecentlyUsedTest.xml reported 0.0% of errors [SUCCESS]. Build status is: FAILURE



TEST-org.scijava.util.LongArrayTest.xml has an average of: 0
Performance: File TEST-org.scijava.util.LongArrayTest.xml reported 0.0% of errors [SUCCESS]. Build status is: FAILURE



TEST-org.scijava.util.ObjectArrayTest.xml has an average of: 0
Performance: File TEST-org.scijava.util.ObjectArrayTest.xml reported 0.0% of errors [SUCCESS]. Build status is: FAILURE



TEST-org.scijava.util.POMTest.xml has an average of: 12
Performance: File TEST-org.scijava.util.POMTest.xml reported 0.0% of errors [SUCCESS]. Build status is: FAILURE



TEST-org.scijava.util.ProcessUtilsTest.xml has an average of: 51
Performance: File TEST-org.scijava.util.ProcessUtilsTest.xml reported 0.0% of errors [SUCCESS]. Build status is: FAILURE



TEST-org.scijava.util.ShortArrayTest.xml has an average of: 0
Performance: File TEST-org.scijava.util.ShortArrayTest.xml reported 0.0% of errors [SUCCESS]. Build status is: FAILURE



TEST-org.scijava.util.UnitUtilsTest.xml has an average of: 12
Performance: File TEST-org.scijava.util.UnitUtilsTest.xml reported 0.0% of errors [SUCCESS]. Build status is: FAILURE





From jenkins at imagej.net  Sun Jul 10 16:47:22 2016
From: jenkins at imagej.net (jenkins at imagej.net)
Date: Sun, 10 Jul 2016 16:47:22 -0500 (CDT)
Subject: [ImageJ-builds] Jenkins build is back to normal : SciJava-common
	#1048
In-Reply-To: <697959296.21.1468186786515.JavaMail.jenkins@dev>
References: <697959296.21.1468186786515.JavaMail.jenkins@dev>
Message-ID: <757720121.22.1468187242946.JavaMail.jenkins@dev>

See <http://jenkins.imagej.net/job/SciJava-common/1048/>



From jenkins at imagej.net  Mon Jul 11 11:13:36 2016
From: jenkins at imagej.net (jenkins at imagej.net)
Date: Mon, 11 Jul 2016 11:13:36 -0500 (CDT)
Subject: [ImageJ-builds] Build failed in Jenkins: NMQC #23
Message-ID: <65517071.24.1468253616571.JavaMail.jenkins@dev>

See <http://jenkins.imagej.net/job/NMQC/23/changes>

Changes:

[alexvergaragil] updated readme

------------------------------------------
Started by an SCM change
Building remotely on maven in workspace <http://jenkins.imagej.net/job/NMQC/ws/>
 > git rev-parse --is-inside-work-tree # timeout=10
Fetching changes from the remote Git repository
 > git config remote.origin.url git://github.com/BishopWolf/NMQC # timeout=10
Fetching upstream changes from git://github.com/BishopWolf/NMQC
 > git --version # timeout=10
 > git -c core.askpass=true fetch --tags --progress git://github.com/BishopWolf/NMQC +refs/heads/*:refs/remotes/origin/*
 > git rev-parse origin/master^{commit} # timeout=10
Checking out Revision d5c7577824e12549a737f9a88bab77ecb2b89233 (origin/master)
 > git config core.sparsecheckout # timeout=10
 > git checkout -f d5c7577824e12549a737f9a88bab77ecb2b89233
 > git rev-list 657ee60c006d9c2964256b9da3538fef68ce3004 # timeout=10
[NMQC] $ /bin/sh -xe /tmp/hudson1019306269063516032.sh
+ git clean -dfx
Removing target/
[NMQC] $ /bin/sh -xe /tmp/hudson4733447979167697078.sh
+ mvn -U -Pdeploy-to-imagej clean deploy
OpenJDK 64-Bit Server VM warning: ignoring option MaxPermSize=256m; support was removed in 8.0
[INFO] Scanning for projects...
[INFO]                                                                         
[INFO] ------------------------------------------------------------------------
[INFO] Building plugins/NMQC.jar 0.2.2
[INFO] ------------------------------------------------------------------------
[INFO] 
[INFO] --- maven-clean-plugin:2.5:clean (default-clean) @ NMQC_ ---
[INFO] 
[INFO] --- maven-enforcer-plugin:1.3.1:enforce (enforce-rules) @ NMQC_ ---
[INFO] 
[INFO] --- build-helper-maven-plugin:1.9.1:regex-property (sanitize-version) @ NMQC_ ---
[INFO] 
[INFO] --- buildnumber-maven-plugin:1.3:create (default) @ NMQC_ ---
[INFO] Executing: /bin/sh -c cd /data/devel/jenkins-maven/workspace/NMQC && git rev-parse --verify HEAD
[INFO] Working directory: /data/devel/jenkins-maven/workspace/NMQC
[INFO] Storing buildNumber: d5c7577824e12549a737f9a88bab77ecb2b89233 at timestamp: 1468253613956
[WARNING] Cannot get the branch information from the git repository: 
Detecting the current branch failed: fatal: ref HEAD is not a symbolic ref

[INFO] Executing: /bin/sh -c cd /data/devel/jenkins-maven/workspace/NMQC && git rev-parse --verify HEAD
[INFO] Working directory: /data/devel/jenkins-maven/workspace/NMQC
[INFO] Storing buildScmBranch: UNKNOWN
[INFO] 
[INFO] --- maven-resources-plugin:2.6:resources (default-resources) @ NMQC_ ---
[INFO] Using 'UTF-8' encoding to copy filtered resources.
[INFO] Copying 6 resources
[INFO] 
[INFO] --- maven-compiler-plugin:3.1:compile (default-compile) @ NMQC_ ---
[INFO] Changes detected - recompiling the module!
[INFO] Compiling 17 source files to /data/devel/jenkins-maven/workspace/NMQC/target/classes
[WARNING] /data/devel/jenkins-maven/workspace/NMQC/src/main/java/NMQC/Bar_Quadrant.java: /data/devel/jenkins-maven/workspace/NMQC/src/main/java/NMQC/Bar_Quadrant.java uses or overrides a deprecated API.
[WARNING] /data/devel/jenkins-maven/workspace/NMQC/src/main/java/NMQC/Bar_Quadrant.java: Recompile with -Xlint:deprecation for details.
[WARNING] /data/devel/jenkins-maven/workspace/NMQC/src/main/java/NMQC/IntResol_Linearity.java: /data/devel/jenkins-maven/workspace/NMQC/src/main/java/NMQC/IntResol_Linearity.java uses unchecked or unsafe operations.
[WARNING] /data/devel/jenkins-maven/workspace/NMQC/src/main/java/NMQC/IntResol_Linearity.java: Recompile with -Xlint:unchecked for details.
[INFO] 
[INFO] --- maven-resources-plugin:2.6:testResources (default-testResources) @ NMQC_ ---
[INFO] Using 'UTF-8' encoding to copy filtered resources.
[INFO] skip non existing resourceDirectory /data/devel/jenkins-maven/workspace/NMQC/src/test/resources
[INFO] 
[INFO] --- maven-compiler-plugin:3.1:testCompile (default-testCompile) @ NMQC_ ---
[INFO] No sources to compile
[INFO] 
[INFO] --- maven-surefire-plugin:2.17:test (default-test) @ NMQC_ ---
[INFO] No tests to run.
[INFO] 
[INFO] --- maven-jar-plugin:2.5:jar (default-jar) @ NMQC_ ---
[INFO] Building jar: /data/devel/jenkins-maven/workspace/NMQC/target/NMQC_-0.2.2.jar
[INFO] 
[INFO] --- maven-source-plugin:2.3:jar-no-fork (default) @ NMQC_ ---
[INFO] Building jar: /data/devel/jenkins-maven/workspace/NMQC/target/NMQC_-0.2.2-sources.jar
[INFO] 
[INFO] --- maven-jar-plugin:2.5:test-jar (default) @ NMQC_ ---
[INFO] Skipping packaging of the test-jar
[INFO] 
[INFO] --- maven-install-plugin:2.5.1:install (default-install) @ NMQC_ ---
[INFO] Installing /data/devel/jenkins-maven/workspace/NMQC/target/NMQC_-0.2.2.jar to /var/lib/jenkins-maven/.m2/repository/cu/edu/centis/NMQC_/0.2.2/NMQC_-0.2.2.jar
[INFO] Installing /data/devel/jenkins-maven/workspace/NMQC/pom.xml to /var/lib/jenkins-maven/.m2/repository/cu/edu/centis/NMQC_/0.2.2/NMQC_-0.2.2.pom
[INFO] Installing /data/devel/jenkins-maven/workspace/NMQC/target/NMQC_-0.2.2-sources.jar to /var/lib/jenkins-maven/.m2/repository/cu/edu/centis/NMQC_/0.2.2/NMQC_-0.2.2-sources.jar
[INFO] 
[INFO] --- imagej-maven-plugin:0.6.0:copy-jars (copy-jars) @ NMQC_ ---
[INFO] Property 'imagej.app.directory' unset; Skipping copy-jars
[INFO] 
[INFO] --- maven-deploy-plugin:2.8.1:deploy (default-deploy) @ NMQC_ ---
Uploading: dav:http://maven.imagej.net/content/repositories/releases/cu/edu/centis/NMQC_/0.2.2/NMQC_-0.2.2.jar
Jul 11, 2016 11:13:36 AM org.apache.commons.httpclient.auth.AuthChallengeProcessor selectAuthScheme
INFO: basic authentication scheme selected
4/67 KB   
8/67 KB   
12/67 KB   
16/67 KB   
20/67 KB   
24/67 KB   
28/67 KB   
32/67 KB   
36/67 KB   
40/67 KB   
44/67 KB   
48/67 KB   
52/67 KB   
56/67 KB   
60/67 KB   
64/67 KB   
67/67 KB   
Jul 11, 2016 11:13:36 AM org.apache.commons.httpclient.auth.AuthChallengeProcessor selectAuthScheme
INFO: basic authentication scheme selected
71/67 KB   
75/67 KB   
79/67 KB   
83/67 KB   
87/67 KB   
91/67 KB   
95/67 KB   
99/67 KB   
103/67 KB   
107/67 KB   
111/67 KB   
115/67 KB   
119/67 KB   
123/67 KB   
127/67 KB   
131/67 KB   
134/67 KB   
            
Uploading: http://maven.imagej.net/content/repositories/releases/cu/edu/centis/NMQC_/0.2.2/NMQC_-0.2.2.pom
Jul 11, 2016 11:13:36 AM org.apache.commons.httpclient.auth.AuthChallengeProcessor selectAuthScheme
INFO: basic authentication scheme selected
4/5 KB      
5/5 KB   
Jul 11, 2016 11:13:36 AM org.apache.commons.httpclient.auth.AuthChallengeProcessor selectAuthScheme
INFO: basic authentication scheme selected
9/5 KB   
9/5 KB   
         
[INFO] ------------------------------------------------------------------------
[INFO] BUILD FAILURE
[INFO] ------------------------------------------------------------------------
[INFO] Total time: 3.671s
[INFO] Finished at: Mon Jul 11 11:13:36 CDT 2016
[INFO] Final Memory: 25M/355M
[INFO] ------------------------------------------------------------------------
[ERROR] Failed to execute goal org.apache.maven.plugins:maven-deploy-plugin:2.8.1:deploy (default-deploy) on project NMQC_: Failed to deploy artifacts: Could not transfer artifact cu.edu.centis:NMQC_:jar:0.2.2 from/to imagej.releases (dav:http://maven.imagej.net/content/repositories/releases): Failed to transfer file: http://maven.imagej.net/content/repositories/releases/cu/edu/centis/NMQC_/0.2.2/NMQC_-0.2.2.jar. Return code is: 400 -> [Help 1]
[ERROR] 
[ERROR] To see the full stack trace of the errors, re-run Maven with the -e switch.
[ERROR] Re-run Maven using the -X switch to enable full debug logging.
[ERROR] 
[ERROR] For more information about the errors and possible solutions, please read the following articles:
[ERROR] [Help 1] http://cwiki.apache.org/confluence/display/MAVEN/MojoExecutionException
Build step 'Execute shell' marked build as failure
Archiving artifacts


From jenkins at imagej.net  Tue Jul 12 12:17:33 2016
From: jenkins at imagej.net (jenkins at imagej.net)
Date: Tue, 12 Jul 2016 12:17:33 -0500 (CDT)
Subject: [ImageJ-builds] Build failed in Jenkins: ImageJ-Ops #591
Message-ID: <919828172.27.1468343853740.JavaMail.jenkins@dev>

See <http://jenkins.imagej.net/job/ImageJ-Ops/591/changes>

Changes:

[kharrington] Voxelizing 3D meshes

------------------------------------------
[...truncated 1115 lines...]
Performance: File TEST-net.imagej.ops.morphology.erode.ErosionTest.xml reported 0.0% of errors [FAILURE]. Build status is: FAILURE



TEST-net.imagej.ops.morphology.open.OpeningTest.xml has an average of: 63
Performance: File TEST-net.imagej.ops.morphology.open.OpeningTest.xml reported 0.0% of errors [FAILURE]. Build status is: FAILURE



TEST-net.imagej.ops.morphology.topHat.TopHatTest.xml has an average of: 81
Performance: File TEST-net.imagej.ops.morphology.topHat.TopHatTest.xml reported 0.0% of errors [FAILURE]. Build status is: FAILURE



TEST-net.imagej.ops.slice.SliceTest.xml has an average of: 75
Performance: File TEST-net.imagej.ops.slice.SliceTest.xml reported 0.0% of errors [FAILURE]. Build status is: FAILURE



TEST-net.imagej.ops.special.SpecialOpMatchingTest.xml has an average of: 23
Performance: File TEST-net.imagej.ops.special.SpecialOpMatchingTest.xml reported 0.0% of errors [FAILURE]. Build status is: FAILURE



TEST-net.imagej.ops.stats.MeanTest.xml has an average of: 31
Performance: File TEST-net.imagej.ops.stats.MeanTest.xml reported 0.0% of errors [FAILURE]. Build status is: FAILURE



TEST-net.imagej.ops.stats.StatisticsTest.xml has an average of: 40
Performance: File TEST-net.imagej.ops.stats.StatisticsTest.xml reported 0.0% of errors [FAILURE]. Build status is: FAILURE



TEST-net.imagej.ops.stats.StatsNamespaceTest.xml has an average of: 99
Performance: File TEST-net.imagej.ops.stats.StatsNamespaceTest.xml reported 0.0% of errors [FAILURE]. Build status is: FAILURE



TEST-net.imagej.ops.thread.ChunkerBenchmarkTest.xml has an average of: 0
Performance: File TEST-net.imagej.ops.thread.ChunkerBenchmarkTest.xml reported 0.0% of errors [FAILURE]. Build status is: FAILURE



TEST-net.imagej.ops.threshold.ComputeThresholdTest.xml has an average of: 28
Performance: File TEST-net.imagej.ops.threshold.ComputeThresholdTest.xml reported 0.0% of errors [FAILURE]. Build status is: FAILURE



TEST-net.imagej.ops.threshold.ThresholdNamespaceTest.xml has an average of: 43
Performance: File TEST-net.imagej.ops.threshold.ThresholdNamespaceTest.xml reported 0.0% of errors [FAILURE]. Build status is: FAILURE



TEST-net.imagej.ops.threshold.apply.ApplyManualThresholdTest.xml has an average of: 27
Performance: File TEST-net.imagej.ops.threshold.apply.ApplyManualThresholdTest.xml reported 0.0% of errors [FAILURE]. Build status is: FAILURE



TEST-net.imagej.ops.threshold.apply.LocalThresholdTest.xml has an average of: 52
Performance: File TEST-net.imagej.ops.threshold.apply.LocalThresholdTest.xml reported 0.0% of errors [FAILURE]. Build status is: FAILURE



TEST-net.imagej.ops.topology.TopologyNamespaceTest.xml has an average of: 27
Performance: File TEST-net.imagej.ops.topology.TopologyNamespaceTest.xml reported 0.0% of errors [FAILURE]. Build status is: FAILURE



TEST-net.imagej.ops.topology.eulerCharacteristic.EulerCharacteristic26NFloatingTest.xml has an average of: 24
Performance: File TEST-net.imagej.ops.topology.eulerCharacteristic.EulerCharacteristic26NFloatingTest.xml reported 0.0% of errors [FAILURE]. Build status is: FAILURE



TEST-net.imagej.ops.topology.eulerCharacteristic.EulerCharacteristic26NTest.xml has an average of: 27
Performance: File TEST-net.imagej.ops.topology.eulerCharacteristic.EulerCharacteristic26NTest.xml reported 0.0% of errors [FAILURE]. Build status is: FAILURE



TEST-net.imagej.ops.topology.eulerCharacteristic.EulerCorrectionTest.xml has an average of: 26
Performance: File TEST-net.imagej.ops.topology.eulerCharacteristic.EulerCorrectionTest.xml reported 0.0% of errors [FAILURE]. Build status is: FAILURE



TEST-net.imagej.ops.topology.eulerCharacteristic.OctantTest.xml has an average of: 0
Performance: File TEST-net.imagej.ops.topology.eulerCharacteristic.OctantTest.xml reported 0.0% of errors [FAILURE]. Build status is: FAILURE



TEST-net.imagej.ops.transform.TransformNamespaceTest.xml has an average of: 21
Performance: File TEST-net.imagej.ops.transform.TransformNamespaceTest.xml reported 0.0% of errors [FAILURE]. Build status is: FAILURE



TEST-net.imagej.ops.transform.addDimensionView.AddDimensionViewTest.xml has an average of: 21
Performance: File TEST-net.imagej.ops.transform.addDimensionView.AddDimensionViewTest.xml reported 0.0% of errors [FAILURE]. Build status is: FAILURE



TEST-net.imagej.ops.transform.collapseNumericView.CollapseNumericViewTest.xml has an average of: 22
Performance: File TEST-net.imagej.ops.transform.collapseNumericView.CollapseNumericViewTest.xml reported 0.0% of errors [FAILURE]. Build status is: FAILURE



TEST-net.imagej.ops.transform.collapseRealView.CollapseRealViewTest.xml has an average of: 21
Performance: File TEST-net.imagej.ops.transform.collapseRealView.CollapseRealViewTest.xml reported 0.0% of errors [FAILURE]. Build status is: FAILURE



TEST-net.imagej.ops.transform.collapseView.CollapseViewTest.xml has an average of: 21
Performance: File TEST-net.imagej.ops.transform.collapseView.CollapseViewTest.xml reported 0.0% of errors [FAILURE]. Build status is: FAILURE



TEST-net.imagej.ops.transform.crop.CropTest.xml has an average of: 22
Performance: File TEST-net.imagej.ops.transform.crop.CropTest.xml reported 0.0% of errors [FAILURE]. Build status is: FAILURE



TEST-net.imagej.ops.transform.dropSingleDimensionsView.DropSingletonDimensionsViewTest.xml has an average of: 21
Performance: File TEST-net.imagej.ops.transform.dropSingleDimensionsView.DropSingletonDimensionsViewTest.xml reported 0.0% of errors [FAILURE]. Build status is: FAILURE



TEST-net.imagej.ops.transform.extendBorderView.ExtendBorderViewTest.xml has an average of: 25
Performance: File TEST-net.imagej.ops.transform.extendBorderView.ExtendBorderViewTest.xml reported 0.0% of errors [FAILURE]. Build status is: FAILURE



TEST-net.imagej.ops.transform.extendMirrorDoubleView.ExtendMirrorDoubleViewTest.xml has an average of: 21
Performance: File TEST-net.imagej.ops.transform.extendMirrorDoubleView.ExtendMirrorDoubleViewTest.xml reported 0.0% of errors [FAILURE]. Build status is: FAILURE



TEST-net.imagej.ops.transform.extendMirrorSingleView.ExtendMirrorSingleViewTest.xml has an average of: 22
Performance: File TEST-net.imagej.ops.transform.extendMirrorSingleView.ExtendMirrorSingleViewTest.xml reported 0.0% of errors [FAILURE]. Build status is: FAILURE



TEST-net.imagej.ops.transform.extendPeriodicView.ExtendPeriodicViewTest.xml has an average of: 21
Performance: File TEST-net.imagej.ops.transform.extendPeriodicView.ExtendPeriodicViewTest.xml reported 0.0% of errors [FAILURE]. Build status is: FAILURE



TEST-net.imagej.ops.transform.extendRandomView.ExtendRandomViewTest.xml has an average of: 24
Performance: File TEST-net.imagej.ops.transform.extendRandomView.ExtendRandomViewTest.xml reported 0.0% of errors [FAILURE]. Build status is: FAILURE



TEST-net.imagej.ops.transform.extendValueView.ExtendValueViewTest.xml has an average of: 21
Performance: File TEST-net.imagej.ops.transform.extendValueView.ExtendValueViewTest.xml reported 0.0% of errors [FAILURE]. Build status is: FAILURE



TEST-net.imagej.ops.transform.extendView.ExtendViewTest.xml has an average of: 22
Performance: File TEST-net.imagej.ops.transform.extendView.ExtendViewTest.xml reported 0.0% of errors [FAILURE]. Build status is: FAILURE



TEST-net.imagej.ops.transform.extendZeroView.ExtendZeroViewTest.xml has an average of: 13
Performance: File TEST-net.imagej.ops.transform.extendZeroView.ExtendZeroViewTest.xml reported 0.0% of errors [FAILURE]. Build status is: FAILURE



TEST-net.imagej.ops.transform.flatIterableView.FlatIterableViewTest.xml has an average of: 22
Performance: File TEST-net.imagej.ops.transform.flatIterableView.FlatIterableViewTest.xml reported 0.0% of errors [FAILURE]. Build status is: FAILURE



TEST-net.imagej.ops.transform.hyperSliceView.HyperSliceViewTest.xml has an average of: 21
Performance: File TEST-net.imagej.ops.transform.hyperSliceView.HyperSliceViewTest.xml reported 0.0% of errors [FAILURE]. Build status is: FAILURE



TEST-net.imagej.ops.transform.interpolateView.InterpolateViewTest.xml has an average of: 22
Performance: File TEST-net.imagej.ops.transform.interpolateView.InterpolateViewTest.xml reported 0.0% of errors [FAILURE]. Build status is: FAILURE



TEST-net.imagej.ops.transform.intervalView.IntervalViewTest.xml has an average of: 23
Performance: File TEST-net.imagej.ops.transform.intervalView.IntervalViewTest.xml reported 0.0% of errors [FAILURE]. Build status is: FAILURE



TEST-net.imagej.ops.transform.invertAxisView.InvertAxisViewTest.xml has an average of: 21
Performance: File TEST-net.imagej.ops.transform.invertAxisView.InvertAxisViewTest.xml reported 0.0% of errors [FAILURE]. Build status is: FAILURE



TEST-net.imagej.ops.transform.offsetView.OffsetViewTest.xml has an average of: 22
Performance: File TEST-net.imagej.ops.transform.offsetView.OffsetViewTest.xml reported 0.0% of errors [FAILURE]. Build status is: FAILURE



TEST-net.imagej.ops.transform.permuteView.PermuteViewTest.xml has an average of: 22
Performance: File TEST-net.imagej.ops.transform.permuteView.PermuteViewTest.xml reported 0.0% of errors [FAILURE]. Build status is: FAILURE



TEST-net.imagej.ops.transform.project.ProjectTest.xml has an average of: 29
Performance: File TEST-net.imagej.ops.transform.project.ProjectTest.xml reported 0.0% of errors [FAILURE]. Build status is: FAILURE



TEST-net.imagej.ops.transform.rasterView.RasterViewTest.xml has an average of: 23
Performance: File TEST-net.imagej.ops.transform.rasterView.RasterViewTest.xml reported 0.0% of errors [FAILURE]. Build status is: FAILURE



TEST-net.imagej.ops.transform.rotateView.RotateViewTest.xml has an average of: 21
Performance: File TEST-net.imagej.ops.transform.rotateView.RotateViewTest.xml reported 0.0% of errors [FAILURE]. Build status is: FAILURE



TEST-net.imagej.ops.transform.scale.ScaleImgTest.xml has an average of: 30
Performance: File TEST-net.imagej.ops.transform.scale.ScaleImgTest.xml reported 0.0% of errors [FAILURE]. Build status is: FAILURE



TEST-net.imagej.ops.transform.shearView.ShearViewTest.xml has an average of: 20
Performance: File TEST-net.imagej.ops.transform.shearView.ShearViewTest.xml reported 0.0% of errors [FAILURE]. Build status is: FAILURE



TEST-net.imagej.ops.transform.stackView.StackViewTest.xml has an average of: 28
Performance: File TEST-net.imagej.ops.transform.stackView.StackViewTest.xml reported 0.0% of errors [FAILURE]. Build status is: FAILURE



TEST-net.imagej.ops.transform.subsampleView.SubsampleViewTest.xml has an average of: 21
Performance: File TEST-net.imagej.ops.transform.subsampleView.SubsampleViewTest.xml reported 0.0% of errors [FAILURE]. Build status is: FAILURE



TEST-net.imagej.ops.transform.translateView.TranslateViewTest.xml has an average of: 21
Performance: File TEST-net.imagej.ops.transform.translateView.TranslateViewTest.xml reported 0.0% of errors [FAILURE]. Build status is: FAILURE



TEST-net.imagej.ops.transform.unshearView.UnshearViewTest.xml has an average of: 23
Performance: File TEST-net.imagej.ops.transform.unshearView.UnshearViewTest.xml reported 0.0% of errors [FAILURE]. Build status is: FAILURE



TEST-net.imagej.ops.transform.zeroMinView.ZeroMinViewTest.xml has an average of: 21
Performance: File TEST-net.imagej.ops.transform.zeroMinView.ZeroMinViewTest.xml reported 0.0% of errors [FAILURE]. Build status is: FAILURE





From jenkins at imagej.net  Tue Jul 12 17:59:53 2016
From: jenkins at imagej.net (jenkins at imagej.net)
Date: Tue, 12 Jul 2016 17:59:53 -0500 (CDT)
Subject: [ImageJ-builds] Jenkins build is back to normal : ImageJ-Ops #592
In-Reply-To: <919828172.27.1468343853740.JavaMail.jenkins@dev>
References: <919828172.27.1468343853740.JavaMail.jenkins@dev>
Message-ID: <1453437493.28.1468364393801.JavaMail.jenkins@dev>

See <http://jenkins.imagej.net/job/ImageJ-Ops/592/changes>



From jenkins at imagej.net  Wed Jul 13 01:42:04 2016
From: jenkins at imagej.net (jenkins at imagej.net)
Date: Wed, 13 Jul 2016 01:42:04 -0500 (CDT)
Subject: [ImageJ-builds] Build failed in Jenkins: WiiGee-Git-SVN-Mirror #1286
Message-ID: <1490870774.30.1468392124470.JavaMail.jenkins@dev>

See <http://jenkins.imagej.net/job/WiiGee-Git-SVN-Mirror/1286/>

------------------------------------------
Started by timer
Building on master in workspace <http://jenkins.imagej.net/job/WiiGee-Git-SVN-Mirror/ws/>
Copied 1 artifact from "SciJava-scripts" build number 143
[workspace] $ /bin/sh -xe /tmp/hudson6061178482243616534.sh
+ sh -x bin/git-svn-synchronizer.sh https://svn.code.sf.net/p/wiigee/code/ dev:/srv/git/wiigee.git
+ force=
+ reset=
+ test 2 -gt 0
+ break
+ test 2 -lt 2
+ set -e
+ SVN_URL=https://svn.code.sf.net/p/wiigee/code/
+ shift
+ test -d .git
+ test -d .git/svn
+ git config svn-remote.svn.url
+ test ahttps://svn.code.sf.net/p/wiigee/code != ahttps://svn.code.sf.net/p/wiigee/code
+ git svn fetch
RA layer request failed: OPTIONS of 'https://svn.code.sf.net/p/wiigee/code': could not connect to server (https://svn.code.sf.net) at /usr/lib/git-core/git-svn line 2139

Build step 'Execute shell' marked build as failure
Build step 'Groovy Postbuild' marked build as failure


From jenkins at imagej.net  Thu Jul 14 10:23:04 2016
From: jenkins at imagej.net (jenkins at imagej.net)
Date: Thu, 14 Jul 2016 10:23:04 -0500 (CDT)
Subject: [ImageJ-builds] Jenkins build is back to normal : NMQC #24
In-Reply-To: <65517071.24.1468253616571.JavaMail.jenkins@dev>
References: <65517071.24.1468253616571.JavaMail.jenkins@dev>
Message-ID: <180022270.32.1468509784813.JavaMail.jenkins@dev>

See <http://jenkins.imagej.net/job/NMQC/24/changes>



From jenkins at imagej.net  Fri Jul 15 02:26:07 2016
From: jenkins at imagej.net (jenkins at imagej.net)
Date: Fri, 15 Jul 2016 02:26:07 -0500 (CDT)
Subject: [ImageJ-builds] Build failed in Jenkins: Validate-javadoc #445
Message-ID: <195823209.34.1468567567734.JavaMail.jenkins@dev>

See <http://jenkins.imagej.net/job/Validate-javadoc/445/>

------------------------------------------
Started by upstream project "ImgLib2-javadoc" build number 31
originally caused by:
 Started by timer
Building on master in workspace <http://jenkins.imagej.net/job/Validate-javadoc/ws/>
 > git rev-parse --is-inside-work-tree # timeout=10
Fetching changes from the remote Git repository
 > git config remote.origin.url git://github.com/imagej/imagej-javadoc # timeout=10
Fetching upstream changes from git://github.com/imagej/imagej-javadoc
 > git --version # timeout=10
 > git -c core.askpass=true fetch --tags --progress git://github.com/imagej/imagej-javadoc +refs/heads/*:refs/remotes/origin/*
 > git rev-parse origin/master^{commit} # timeout=10
Checking out Revision 8cffdfa07c7406ebc8152cbdb84213d8a9774ff8 (origin/master)
 > git config core.sparsecheckout # timeout=10
 > git checkout -f 8cffdfa07c7406ebc8152cbdb84213d8a9774ff8
 > git rev-list 8cffdfa07c7406ebc8152cbdb84213d8a9774ff8 # timeout=10
[workspace] $ /bin/sh -xe /tmp/hudson5975864416812401213.sh
+ cram tests
!
--- proxies.t
+++ proxies.t.err
@@ -17,9 +17,9 @@
   $ curl -Is http://javadoc.imagej.net/SLIM-Curve/index.html | head -n 1
   HTTP/1.1 200 OK
   $ curl -Is http://javadoc.imagej.net/Micro-Manager-Core/index.html | head -n 1
-  HTTP/1.1 200 OK
+  HTTP/1.1 301 Moved Permanently
   $ curl -Is http://javadoc.imagej.net/Micro-Manager-Studio/index.html | head -n 1
-  HTTP/1.1 200 OK
+  HTTP/1.1 301 Moved Permanently
   $ curl -Is http://javadoc.imagej.net/KNIME/index.html | head -n 1
   HTTP/1.1 200 OK
   $ curl -Is http://javadoc.imagej.net/OMERO/index.html | head -n 1

# Ran 1 tests, 0 skipped, 1 failed.
Build step 'Execute shell' marked build as failure


From jenkins at imagej.net  Fri Jul 15 04:37:32 2016
From: jenkins at imagej.net (jenkins at imagej.net)
Date: Fri, 15 Jul 2016 04:37:32 -0500 (CDT)
Subject: [ImageJ-builds] Build failed in Jenkins: Validate-javadoc #446
In-Reply-To: <195823209.34.1468567567734.JavaMail.jenkins@dev>
References: <195823209.34.1468567567734.JavaMail.jenkins@dev>
Message-ID: <33274865.35.1468575452597.JavaMail.jenkins@dev>

See <http://jenkins.imagej.net/job/Validate-javadoc/446/>

------------------------------------------
Started by upstream project "LOCI-javadoc" build number 33
originally caused by:
 Started by timer
Building on master in workspace <http://jenkins.imagej.net/job/Validate-javadoc/ws/>
 > git rev-parse --is-inside-work-tree # timeout=10
Fetching changes from the remote Git repository
 > git config remote.origin.url git://github.com/imagej/imagej-javadoc # timeout=10
Fetching upstream changes from git://github.com/imagej/imagej-javadoc
 > git --version # timeout=10
 > git -c core.askpass=true fetch --tags --progress git://github.com/imagej/imagej-javadoc +refs/heads/*:refs/remotes/origin/*
 > git rev-parse origin/master^{commit} # timeout=10
Checking out Revision 8cffdfa07c7406ebc8152cbdb84213d8a9774ff8 (origin/master)
 > git config core.sparsecheckout # timeout=10
 > git checkout -f 8cffdfa07c7406ebc8152cbdb84213d8a9774ff8
 > git rev-list 8cffdfa07c7406ebc8152cbdb84213d8a9774ff8 # timeout=10
[workspace] $ /bin/sh -xe /tmp/hudson3458363022037953320.sh
+ cram tests
!
--- proxies.t
+++ proxies.t.err
@@ -17,9 +17,9 @@
   $ curl -Is http://javadoc.imagej.net/SLIM-Curve/index.html | head -n 1
   HTTP/1.1 200 OK
   $ curl -Is http://javadoc.imagej.net/Micro-Manager-Core/index.html | head -n 1
-  HTTP/1.1 200 OK
+  HTTP/1.1 301 Moved Permanently
   $ curl -Is http://javadoc.imagej.net/Micro-Manager-Studio/index.html | head -n 1
-  HTTP/1.1 200 OK
+  HTTP/1.1 301 Moved Permanently
   $ curl -Is http://javadoc.imagej.net/KNIME/index.html | head -n 1
   HTTP/1.1 200 OK
   $ curl -Is http://javadoc.imagej.net/OMERO/index.html | head -n 1

# Ran 1 tests, 0 skipped, 1 failed.
Build step 'Execute shell' marked build as failure


From jenkins at imagej.net  Sat Jul 16 05:50:16 2016
From: jenkins at imagej.net (jenkins at imagej.net)
Date: Sat, 16 Jul 2016 05:50:16 -0500 (CDT)
Subject: [ImageJ-builds] Build failed in Jenkins: Validate-javadoc #447
In-Reply-To: <33274865.35.1468575452597.JavaMail.jenkins@dev>
References: <33274865.35.1468575452597.JavaMail.jenkins@dev>
Message-ID: <1777579961.37.1468666216679.JavaMail.jenkins@dev>

See <http://jenkins.imagej.net/job/Validate-javadoc/447/>

------------------------------------------
Started by upstream project "SciJava-javadoc" build number 41
originally caused by:
 Started by timer
Building on master in workspace <http://jenkins.imagej.net/job/Validate-javadoc/ws/>
 > git rev-parse --is-inside-work-tree # timeout=10
Fetching changes from the remote Git repository
 > git config remote.origin.url git://github.com/imagej/imagej-javadoc # timeout=10
Fetching upstream changes from git://github.com/imagej/imagej-javadoc
 > git --version # timeout=10
 > git -c core.askpass=true fetch --tags --progress git://github.com/imagej/imagej-javadoc +refs/heads/*:refs/remotes/origin/*
 > git rev-parse origin/master^{commit} # timeout=10
Checking out Revision 8cffdfa07c7406ebc8152cbdb84213d8a9774ff8 (origin/master)
 > git config core.sparsecheckout # timeout=10
 > git checkout -f 8cffdfa07c7406ebc8152cbdb84213d8a9774ff8
 > git rev-list 8cffdfa07c7406ebc8152cbdb84213d8a9774ff8 # timeout=10
[workspace] $ /bin/sh -xe /tmp/hudson6593011233373414843.sh
+ cram tests
!
--- proxies.t
+++ proxies.t.err
@@ -17,9 +17,9 @@
   $ curl -Is http://javadoc.imagej.net/SLIM-Curve/index.html | head -n 1
   HTTP/1.1 200 OK
   $ curl -Is http://javadoc.imagej.net/Micro-Manager-Core/index.html | head -n 1
-  HTTP/1.1 200 OK
+  HTTP/1.1 301 Moved Permanently
   $ curl -Is http://javadoc.imagej.net/Micro-Manager-Studio/index.html | head -n 1
-  HTTP/1.1 200 OK
+  HTTP/1.1 301 Moved Permanently
   $ curl -Is http://javadoc.imagej.net/KNIME/index.html | head -n 1
   HTTP/1.1 200 OK
   $ curl -Is http://javadoc.imagej.net/OMERO/index.html | head -n 1

# Ran 1 tests, 0 skipped, 1 failed.
Build step 'Execute shell' marked build as failure


From jenkins at imagej.net  Sat Jul 16 12:18:22 2016
From: jenkins at imagej.net (jenkins at imagej.net)
Date: Sat, 16 Jul 2016 12:18:22 -0500 (CDT)
Subject: [ImageJ-builds] Build failed in Jenkins: Validate-javadoc #448
In-Reply-To: <1777579961.37.1468666216679.JavaMail.jenkins@dev>
References: <1777579961.37.1468666216679.JavaMail.jenkins@dev>
Message-ID: <1866487344.38.1468689502186.JavaMail.jenkins@dev>

See <http://jenkins.imagej.net/job/Validate-javadoc/448/>

------------------------------------------
Started by upstream project "MPICBG" build number 62
originally caused by:
 Started by an SCM change
Building on master in workspace <http://jenkins.imagej.net/job/Validate-javadoc/ws/>
 > git rev-parse --is-inside-work-tree # timeout=10
Fetching changes from the remote Git repository
 > git config remote.origin.url git://github.com/imagej/imagej-javadoc # timeout=10
Fetching upstream changes from git://github.com/imagej/imagej-javadoc
 > git --version # timeout=10
 > git -c core.askpass=true fetch --tags --progress git://github.com/imagej/imagej-javadoc +refs/heads/*:refs/remotes/origin/*
 > git rev-parse origin/master^{commit} # timeout=10
Checking out Revision 8cffdfa07c7406ebc8152cbdb84213d8a9774ff8 (origin/master)
 > git config core.sparsecheckout # timeout=10
 > git checkout -f 8cffdfa07c7406ebc8152cbdb84213d8a9774ff8
 > git rev-list 8cffdfa07c7406ebc8152cbdb84213d8a9774ff8 # timeout=10
[workspace] $ /bin/sh -xe /tmp/hudson1853876033885900248.sh
+ cram tests
!
--- proxies.t
+++ proxies.t.err
@@ -17,9 +17,9 @@
   $ curl -Is http://javadoc.imagej.net/SLIM-Curve/index.html | head -n 1
   HTTP/1.1 200 OK
   $ curl -Is http://javadoc.imagej.net/Micro-Manager-Core/index.html | head -n 1
-  HTTP/1.1 200 OK
+  HTTP/1.1 301 Moved Permanently
   $ curl -Is http://javadoc.imagej.net/Micro-Manager-Studio/index.html | head -n 1
-  HTTP/1.1 200 OK
+  HTTP/1.1 301 Moved Permanently
   $ curl -Is http://javadoc.imagej.net/KNIME/index.html | head -n 1
   HTTP/1.1 200 OK
   $ curl -Is http://javadoc.imagej.net/OMERO/index.html | head -n 1

# Ran 1 tests, 0 skipped, 1 failed.
Build step 'Execute shell' marked build as failure


From jenkins at imagej.net  Sat Jul 16 12:22:56 2016
From: jenkins at imagej.net (jenkins at imagej.net)
Date: Sat, 16 Jul 2016 12:22:56 -0500 (CDT)
Subject: [ImageJ-builds] Build failed in Jenkins: Validate-javadoc #449
In-Reply-To: <1866487344.38.1468689502186.JavaMail.jenkins@dev>
References: <1866487344.38.1468689502186.JavaMail.jenkins@dev>
Message-ID: <1266811230.39.1468689776107.JavaMail.jenkins@dev>

See <http://jenkins.imagej.net/job/Validate-javadoc/449/>

------------------------------------------
Started by upstream project "MPICBG" build number 63
originally caused by:
 Started by an SCM change
Building on master in workspace <http://jenkins.imagej.net/job/Validate-javadoc/ws/>
 > git rev-parse --is-inside-work-tree # timeout=10
Fetching changes from the remote Git repository
 > git config remote.origin.url git://github.com/imagej/imagej-javadoc # timeout=10
Fetching upstream changes from git://github.com/imagej/imagej-javadoc
 > git --version # timeout=10
 > git -c core.askpass=true fetch --tags --progress git://github.com/imagej/imagej-javadoc +refs/heads/*:refs/remotes/origin/*
 > git rev-parse origin/master^{commit} # timeout=10
Checking out Revision 8cffdfa07c7406ebc8152cbdb84213d8a9774ff8 (origin/master)
 > git config core.sparsecheckout # timeout=10
 > git checkout -f 8cffdfa07c7406ebc8152cbdb84213d8a9774ff8
 > git rev-list 8cffdfa07c7406ebc8152cbdb84213d8a9774ff8 # timeout=10
[workspace] $ /bin/sh -xe /tmp/hudson6403714181800466120.sh
+ cram tests
!
--- proxies.t
+++ proxies.t.err
@@ -17,9 +17,9 @@
   $ curl -Is http://javadoc.imagej.net/SLIM-Curve/index.html | head -n 1
   HTTP/1.1 200 OK
   $ curl -Is http://javadoc.imagej.net/Micro-Manager-Core/index.html | head -n 1
-  HTTP/1.1 200 OK
+  HTTP/1.1 301 Moved Permanently
   $ curl -Is http://javadoc.imagej.net/Micro-Manager-Studio/index.html | head -n 1
-  HTTP/1.1 200 OK
+  HTTP/1.1 301 Moved Permanently
   $ curl -Is http://javadoc.imagej.net/KNIME/index.html | head -n 1
   HTTP/1.1 200 OK
   $ curl -Is http://javadoc.imagej.net/OMERO/index.html | head -n 1

# Ran 1 tests, 0 skipped, 1 failed.
Build step 'Execute shell' marked build as failure


From jenkins at imagej.net  Sun Jul 17 01:10:02 2016
From: jenkins at imagej.net (jenkins at imagej.net)
Date: Sun, 17 Jul 2016 01:10:02 -0500 (CDT)
Subject: [ImageJ-builds] Build failed in Jenkins:
	IterativeDeconv-Git-SVN-Mirror #1318
Message-ID: <1452765870.41.1468735802714.JavaMail.jenkins@dev>

See <http://jenkins.imagej.net/job/IterativeDeconv-Git-SVN-Mirror/1318/>

------------------------------------------
Started by timer
Building on master in workspace <http://jenkins.imagej.net/job/IterativeDeconv-Git-SVN-Mirror/ws/>
Copied 1 artifact from "SciJava-scripts" build number 143
[workspace] $ /bin/sh -xe /tmp/hudson5881528045411091330.sh
+ sh -x bin/git-svn-synchronizer.sh http://svn.code.sf.net/p/iterativedeconv/code/ dev:/srv/git/iterativedeconv.git
+ force=
+ reset=
+ test 2 -gt 0
+ break
+ test 2 -lt 2
+ set -e
+ SVN_URL=http://svn.code.sf.net/p/iterativedeconv/code/
+ shift
+ test -d .git
+ test -d .git/svn
+ git config svn-remote.svn.url
+ test ahttp://svn.code.sf.net/p/iterativedeconv/code != ahttp://svn.code.sf.net/p/iterativedeconv/code
+ git svn fetch
URL access forbidden for unknown reason: access to '/p/iterativedeconv/code' forbidden at /usr/lib/git-core/git-svn line 2139

Build step 'Execute shell' marked build as failure
Build step 'Groovy Postbuild' marked build as failure


From jenkins at imagej.net  Tue Jul 19 00:36:39 2016
From: jenkins at imagej.net (jenkins at imagej.net)
Date: Tue, 19 Jul 2016 00:36:39 -0500 (CDT)
Subject: [ImageJ-builds] Build failed in Jenkins: Validate-javadoc #450
In-Reply-To: <1266811230.39.1468689776107.JavaMail.jenkins@dev>
References: <1266811230.39.1468689776107.JavaMail.jenkins@dev>
Message-ID: <2129332382.45.1468906599295.JavaMail.jenkins@dev>

See <http://jenkins.imagej.net/job/Validate-javadoc/450/>

------------------------------------------
Started by upstream project "ImageJ-javadoc" build number 124
originally caused by:
 Started by timer
Building on master in workspace <http://jenkins.imagej.net/job/Validate-javadoc/ws/>
 > git rev-parse --is-inside-work-tree # timeout=10
Fetching changes from the remote Git repository
 > git config remote.origin.url git://github.com/imagej/imagej-javadoc # timeout=10
Fetching upstream changes from git://github.com/imagej/imagej-javadoc
 > git --version # timeout=10
 > git -c core.askpass=true fetch --tags --progress git://github.com/imagej/imagej-javadoc +refs/heads/*:refs/remotes/origin/*
 > git rev-parse origin/master^{commit} # timeout=10
Checking out Revision 8cffdfa07c7406ebc8152cbdb84213d8a9774ff8 (origin/master)
 > git config core.sparsecheckout # timeout=10
 > git checkout -f 8cffdfa07c7406ebc8152cbdb84213d8a9774ff8
 > git rev-list 8cffdfa07c7406ebc8152cbdb84213d8a9774ff8 # timeout=10
[workspace] $ /bin/sh -xe /tmp/hudson8197954790037597072.sh
+ cram tests
!
--- proxies.t
+++ proxies.t.err
@@ -17,9 +17,9 @@
   $ curl -Is http://javadoc.imagej.net/SLIM-Curve/index.html | head -n 1
   HTTP/1.1 200 OK
   $ curl -Is http://javadoc.imagej.net/Micro-Manager-Core/index.html | head -n 1
-  HTTP/1.1 200 OK
+  HTTP/1.1 301 Moved Permanently
   $ curl -Is http://javadoc.imagej.net/Micro-Manager-Studio/index.html | head -n 1
-  HTTP/1.1 200 OK
+  HTTP/1.1 301 Moved Permanently
   $ curl -Is http://javadoc.imagej.net/KNIME/index.html | head -n 1
   HTTP/1.1 200 OK
   $ curl -Is http://javadoc.imagej.net/OMERO/index.html | head -n 1

# Ran 1 tests, 0 skipped, 1 failed.
Build step 'Execute shell' marked build as failure


From jenkins at imagej.net  Tue Jul 19 19:15:19 2016
From: jenkins at imagej.net (jenkins at imagej.net)
Date: Tue, 19 Jul 2016 19:15:19 -0500 (CDT)
Subject: [ImageJ-builds] Build failed in Jenkins: Validate-javadoc #451
In-Reply-To: <2129332382.45.1468906599295.JavaMail.jenkins@dev>
References: <2129332382.45.1468906599295.JavaMail.jenkins@dev>
Message-ID: <216500528.46.1468973719151.JavaMail.jenkins@dev>

See <http://jenkins.imagej.net/job/Validate-javadoc/451/>

------------------------------------------
Started by upstream project "SCIFIO-javadoc" build number 476
originally caused by:
 Started by timer
Building on master in workspace <http://jenkins.imagej.net/job/Validate-javadoc/ws/>
 > git rev-parse --is-inside-work-tree # timeout=10
Fetching changes from the remote Git repository
 > git config remote.origin.url git://github.com/imagej/imagej-javadoc # timeout=10
Fetching upstream changes from git://github.com/imagej/imagej-javadoc
 > git --version # timeout=10
 > git -c core.askpass=true fetch --tags --progress git://github.com/imagej/imagej-javadoc +refs/heads/*:refs/remotes/origin/*
 > git rev-parse origin/master^{commit} # timeout=10
Checking out Revision 8cffdfa07c7406ebc8152cbdb84213d8a9774ff8 (origin/master)
 > git config core.sparsecheckout # timeout=10
 > git checkout -f 8cffdfa07c7406ebc8152cbdb84213d8a9774ff8
 > git rev-list 8cffdfa07c7406ebc8152cbdb84213d8a9774ff8 # timeout=10
[workspace] $ /bin/sh -xe /tmp/hudson645850708446604620.sh
+ cram tests
!
--- proxies.t
+++ proxies.t.err
@@ -17,9 +17,9 @@
   $ curl -Is http://javadoc.imagej.net/SLIM-Curve/index.html | head -n 1
   HTTP/1.1 200 OK
   $ curl -Is http://javadoc.imagej.net/Micro-Manager-Core/index.html | head -n 1
-  HTTP/1.1 200 OK
+  HTTP/1.1 301 Moved Permanently
   $ curl -Is http://javadoc.imagej.net/Micro-Manager-Studio/index.html | head -n 1
-  HTTP/1.1 200 OK
+  HTTP/1.1 301 Moved Permanently
   $ curl -Is http://javadoc.imagej.net/KNIME/index.html | head -n 1
   HTTP/1.1 200 OK
   $ curl -Is http://javadoc.imagej.net/OMERO/index.html | head -n 1

# Ran 1 tests, 0 skipped, 1 failed.
Build step 'Execute shell' marked build as failure


From jenkins at imagej.net  Wed Jul 20 09:34:08 2016
From: jenkins at imagej.net (jenkins at imagej.net)
Date: Wed, 20 Jul 2016 09:34:08 -0500 (CDT)
Subject: [ImageJ-builds] Build failed in Jenkins: ImageJ-Ops #598
Message-ID: <736935639.48.1469025248730.JavaMail.jenkins@dev>

See <http://jenkins.imagej.net/job/ImageJ-Ops/598/changes>

Changes:

[rhaase] removed unnessesary modulo operation

[rhaase] adapted the calculations in CentroidPolygon by copying from

[rhaase] Change the order of vertices in the triangles of meshes. This change

[rhaase] Added two tests for comparison of centroids derived from binary images

------------------------------------------
[...truncated 1102 lines...]
Performance: File TEST-net.imagej.ops.morphology.erode.ErosionTest.xml reported 0.0% of errors [FAILURE]. Build status is: FAILURE



TEST-net.imagej.ops.morphology.open.OpeningTest.xml has an average of: 63
Performance: File TEST-net.imagej.ops.morphology.open.OpeningTest.xml reported 0.0% of errors [FAILURE]. Build status is: FAILURE



TEST-net.imagej.ops.morphology.topHat.TopHatTest.xml has an average of: 93
Performance: File TEST-net.imagej.ops.morphology.topHat.TopHatTest.xml reported 0.0% of errors [FAILURE]. Build status is: FAILURE



TEST-net.imagej.ops.slice.SliceTest.xml has an average of: 73
Performance: File TEST-net.imagej.ops.slice.SliceTest.xml reported 0.0% of errors [FAILURE]. Build status is: FAILURE



TEST-net.imagej.ops.special.SpecialOpMatchingTest.xml has an average of: 24
Performance: File TEST-net.imagej.ops.special.SpecialOpMatchingTest.xml reported 0.0% of errors [FAILURE]. Build status is: FAILURE



TEST-net.imagej.ops.stats.MeanTest.xml has an average of: 31
Performance: File TEST-net.imagej.ops.stats.MeanTest.xml reported 0.0% of errors [FAILURE]. Build status is: FAILURE



TEST-net.imagej.ops.stats.StatisticsTest.xml has an average of: 40
Performance: File TEST-net.imagej.ops.stats.StatisticsTest.xml reported 0.0% of errors [FAILURE]. Build status is: FAILURE



TEST-net.imagej.ops.stats.StatsNamespaceTest.xml has an average of: 98
Performance: File TEST-net.imagej.ops.stats.StatsNamespaceTest.xml reported 0.0% of errors [FAILURE]. Build status is: FAILURE



TEST-net.imagej.ops.thread.ChunkerBenchmarkTest.xml has an average of: 0
Performance: File TEST-net.imagej.ops.thread.ChunkerBenchmarkTest.xml reported 0.0% of errors [FAILURE]. Build status is: FAILURE



TEST-net.imagej.ops.threshold.ComputeThresholdTest.xml has an average of: 29
Performance: File TEST-net.imagej.ops.threshold.ComputeThresholdTest.xml reported 0.0% of errors [FAILURE]. Build status is: FAILURE



TEST-net.imagej.ops.threshold.ThresholdNamespaceTest.xml has an average of: 47
Performance: File TEST-net.imagej.ops.threshold.ThresholdNamespaceTest.xml reported 0.0% of errors [FAILURE]. Build status is: FAILURE



TEST-net.imagej.ops.threshold.apply.ApplyManualThresholdTest.xml has an average of: 20
Performance: File TEST-net.imagej.ops.threshold.apply.ApplyManualThresholdTest.xml reported 0.0% of errors [FAILURE]. Build status is: FAILURE



TEST-net.imagej.ops.threshold.apply.LocalThresholdTest.xml has an average of: 54
Performance: File TEST-net.imagej.ops.threshold.apply.LocalThresholdTest.xml reported 0.0% of errors [FAILURE]. Build status is: FAILURE



TEST-net.imagej.ops.topology.TopologyNamespaceTest.xml has an average of: 33
Performance: File TEST-net.imagej.ops.topology.TopologyNamespaceTest.xml reported 0.0% of errors [FAILURE]. Build status is: FAILURE



TEST-net.imagej.ops.topology.eulerCharacteristic.EulerCharacteristic26NFloatingTest.xml has an average of: 25
Performance: File TEST-net.imagej.ops.topology.eulerCharacteristic.EulerCharacteristic26NFloatingTest.xml reported 0.0% of errors [FAILURE]. Build status is: FAILURE



TEST-net.imagej.ops.topology.eulerCharacteristic.EulerCharacteristic26NTest.xml has an average of: 27
Performance: File TEST-net.imagej.ops.topology.eulerCharacteristic.EulerCharacteristic26NTest.xml reported 0.0% of errors [FAILURE]. Build status is: FAILURE



TEST-net.imagej.ops.topology.eulerCharacteristic.EulerCorrectionTest.xml has an average of: 27
Performance: File TEST-net.imagej.ops.topology.eulerCharacteristic.EulerCorrectionTest.xml reported 0.0% of errors [FAILURE]. Build status is: FAILURE



TEST-net.imagej.ops.topology.eulerCharacteristic.OctantTest.xml has an average of: 0
Performance: File TEST-net.imagej.ops.topology.eulerCharacteristic.OctantTest.xml reported 0.0% of errors [FAILURE]. Build status is: FAILURE



TEST-net.imagej.ops.transform.TransformNamespaceTest.xml has an average of: 22
Performance: File TEST-net.imagej.ops.transform.TransformNamespaceTest.xml reported 0.0% of errors [FAILURE]. Build status is: FAILURE



TEST-net.imagej.ops.transform.addDimensionView.AddDimensionViewTest.xml has an average of: 21
Performance: File TEST-net.imagej.ops.transform.addDimensionView.AddDimensionViewTest.xml reported 0.0% of errors [FAILURE]. Build status is: FAILURE



TEST-net.imagej.ops.transform.collapseNumericView.CollapseNumericViewTest.xml has an average of: 31
Performance: File TEST-net.imagej.ops.transform.collapseNumericView.CollapseNumericViewTest.xml reported 0.0% of errors [FAILURE]. Build status is: FAILURE



TEST-net.imagej.ops.transform.collapseRealView.CollapseRealViewTest.xml has an average of: 23
Performance: File TEST-net.imagej.ops.transform.collapseRealView.CollapseRealViewTest.xml reported 0.0% of errors [FAILURE]. Build status is: FAILURE



TEST-net.imagej.ops.transform.collapseView.CollapseViewTest.xml has an average of: 22
Performance: File TEST-net.imagej.ops.transform.collapseView.CollapseViewTest.xml reported 0.0% of errors [FAILURE]. Build status is: FAILURE



TEST-net.imagej.ops.transform.crop.CropTest.xml has an average of: 23
Performance: File TEST-net.imagej.ops.transform.crop.CropTest.xml reported 0.0% of errors [FAILURE]. Build status is: FAILURE



TEST-net.imagej.ops.transform.dropSingleDimensionsView.DropSingletonDimensionsViewTest.xml has an average of: 22
Performance: File TEST-net.imagej.ops.transform.dropSingleDimensionsView.DropSingletonDimensionsViewTest.xml reported 0.0% of errors [FAILURE]. Build status is: FAILURE



TEST-net.imagej.ops.transform.extendBorderView.ExtendBorderViewTest.xml has an average of: 23
Performance: File TEST-net.imagej.ops.transform.extendBorderView.ExtendBorderViewTest.xml reported 0.0% of errors [FAILURE]. Build status is: FAILURE



TEST-net.imagej.ops.transform.extendMirrorDoubleView.ExtendMirrorDoubleViewTest.xml has an average of: 22
Performance: File TEST-net.imagej.ops.transform.extendMirrorDoubleView.ExtendMirrorDoubleViewTest.xml reported 0.0% of errors [FAILURE]. Build status is: FAILURE



TEST-net.imagej.ops.transform.extendMirrorSingleView.ExtendMirrorSingleViewTest.xml has an average of: 23
Performance: File TEST-net.imagej.ops.transform.extendMirrorSingleView.ExtendMirrorSingleViewTest.xml reported 0.0% of errors [FAILURE]. Build status is: FAILURE



TEST-net.imagej.ops.transform.extendPeriodicView.ExtendPeriodicViewTest.xml has an average of: 23
Performance: File TEST-net.imagej.ops.transform.extendPeriodicView.ExtendPeriodicViewTest.xml reported 0.0% of errors [FAILURE]. Build status is: FAILURE



TEST-net.imagej.ops.transform.extendRandomView.ExtendRandomViewTest.xml has an average of: 26
Performance: File TEST-net.imagej.ops.transform.extendRandomView.ExtendRandomViewTest.xml reported 0.0% of errors [FAILURE]. Build status is: FAILURE



TEST-net.imagej.ops.transform.extendValueView.ExtendValueViewTest.xml has an average of: 23
Performance: File TEST-net.imagej.ops.transform.extendValueView.ExtendValueViewTest.xml reported 0.0% of errors [FAILURE]. Build status is: FAILURE



TEST-net.imagej.ops.transform.extendView.ExtendViewTest.xml has an average of: 23
Performance: File TEST-net.imagej.ops.transform.extendView.ExtendViewTest.xml reported 0.0% of errors [FAILURE]. Build status is: FAILURE



TEST-net.imagej.ops.transform.extendZeroView.ExtendZeroViewTest.xml has an average of: 23
Performance: File TEST-net.imagej.ops.transform.extendZeroView.ExtendZeroViewTest.xml reported 0.0% of errors [FAILURE]. Build status is: FAILURE



TEST-net.imagej.ops.transform.flatIterableView.FlatIterableViewTest.xml has an average of: 23
Performance: File TEST-net.imagej.ops.transform.flatIterableView.FlatIterableViewTest.xml reported 0.0% of errors [FAILURE]. Build status is: FAILURE



TEST-net.imagej.ops.transform.hyperSliceView.HyperSliceViewTest.xml has an average of: 23
Performance: File TEST-net.imagej.ops.transform.hyperSliceView.HyperSliceViewTest.xml reported 0.0% of errors [FAILURE]. Build status is: FAILURE



TEST-net.imagej.ops.transform.interpolateView.InterpolateViewTest.xml has an average of: 20
Performance: File TEST-net.imagej.ops.transform.interpolateView.InterpolateViewTest.xml reported 0.0% of errors [FAILURE]. Build status is: FAILURE



TEST-net.imagej.ops.transform.intervalView.IntervalViewTest.xml has an average of: 24
Performance: File TEST-net.imagej.ops.transform.intervalView.IntervalViewTest.xml reported 0.0% of errors [FAILURE]. Build status is: FAILURE



TEST-net.imagej.ops.transform.invertAxisView.InvertAxisViewTest.xml has an average of: 22
Performance: File TEST-net.imagej.ops.transform.invertAxisView.InvertAxisViewTest.xml reported 0.0% of errors [FAILURE]. Build status is: FAILURE



TEST-net.imagej.ops.transform.offsetView.OffsetViewTest.xml has an average of: 24
Performance: File TEST-net.imagej.ops.transform.offsetView.OffsetViewTest.xml reported 0.0% of errors [FAILURE]. Build status is: FAILURE



TEST-net.imagej.ops.transform.permuteView.PermuteViewTest.xml has an average of: 24
Performance: File TEST-net.imagej.ops.transform.permuteView.PermuteViewTest.xml reported 0.0% of errors [FAILURE]. Build status is: FAILURE



TEST-net.imagej.ops.transform.project.ProjectTest.xml has an average of: 34
Performance: File TEST-net.imagej.ops.transform.project.ProjectTest.xml reported 0.0% of errors [FAILURE]. Build status is: FAILURE



TEST-net.imagej.ops.transform.rasterView.RasterViewTest.xml has an average of: 24
Performance: File TEST-net.imagej.ops.transform.rasterView.RasterViewTest.xml reported 0.0% of errors [FAILURE]. Build status is: FAILURE



TEST-net.imagej.ops.transform.rotateView.RotateViewTest.xml has an average of: 23
Performance: File TEST-net.imagej.ops.transform.rotateView.RotateViewTest.xml reported 0.0% of errors [FAILURE]. Build status is: FAILURE



TEST-net.imagej.ops.transform.scale.ScaleImgTest.xml has an average of: 31
Performance: File TEST-net.imagej.ops.transform.scale.ScaleImgTest.xml reported 0.0% of errors [FAILURE]. Build status is: FAILURE



TEST-net.imagej.ops.transform.shearView.ShearViewTest.xml has an average of: 22
Performance: File TEST-net.imagej.ops.transform.shearView.ShearViewTest.xml reported 0.0% of errors [FAILURE]. Build status is: FAILURE



TEST-net.imagej.ops.transform.stackView.StackViewTest.xml has an average of: 29
Performance: File TEST-net.imagej.ops.transform.stackView.StackViewTest.xml reported 0.0% of errors [FAILURE]. Build status is: FAILURE



TEST-net.imagej.ops.transform.subsampleView.SubsampleViewTest.xml has an average of: 23
Performance: File TEST-net.imagej.ops.transform.subsampleView.SubsampleViewTest.xml reported 0.0% of errors [FAILURE]. Build status is: FAILURE



TEST-net.imagej.ops.transform.translateView.TranslateViewTest.xml has an average of: 21
Performance: File TEST-net.imagej.ops.transform.translateView.TranslateViewTest.xml reported 0.0% of errors [FAILURE]. Build status is: FAILURE



TEST-net.imagej.ops.transform.unshearView.UnshearViewTest.xml has an average of: 24
Performance: File TEST-net.imagej.ops.transform.unshearView.UnshearViewTest.xml reported 0.0% of errors [FAILURE]. Build status is: FAILURE



TEST-net.imagej.ops.transform.zeroMinView.ZeroMinViewTest.xml has an average of: 22
Performance: File TEST-net.imagej.ops.transform.zeroMinView.ZeroMinViewTest.xml reported 0.0% of errors [FAILURE]. Build status is: FAILURE





From jenkins at imagej.net  Thu Jul 21 06:42:07 2016
From: jenkins at imagej.net (jenkins at imagej.net)
Date: Thu, 21 Jul 2016 06:42:07 -0500 (CDT)
Subject: [ImageJ-builds] Jenkins build is back to normal : ImageJ-Ops #599
In-Reply-To: <736935639.48.1469025248730.JavaMail.jenkins@dev>
References: <736935639.48.1469025248730.JavaMail.jenkins@dev>
Message-ID: <2052602985.51.1469101327125.JavaMail.jenkins@dev>

See <http://jenkins.imagej.net/job/ImageJ-Ops/599/changes>



From jenkins at imagej.net  Thu Jul 21 07:16:13 2016
From: jenkins at imagej.net (jenkins at imagej.net)
Date: Thu, 21 Jul 2016 07:16:13 -0500 (CDT)
Subject: [ImageJ-builds] Build failed in Jenkins: Validate-javadoc #452
In-Reply-To: <216500528.46.1468973719151.JavaMail.jenkins@dev>
References: <216500528.46.1468973719151.JavaMail.jenkins@dev>
Message-ID: <202982227.52.1469103373318.JavaMail.jenkins@dev>

See <http://jenkins.imagej.net/job/Validate-javadoc/452/>

------------------------------------------
Started by upstream project "Fiji-javadoc" build number 1279
originally caused by:
 Started by timer
Building on master in workspace <http://jenkins.imagej.net/job/Validate-javadoc/ws/>
 > git rev-parse --is-inside-work-tree # timeout=10
Fetching changes from the remote Git repository
 > git config remote.origin.url git://github.com/imagej/imagej-javadoc # timeout=10
Fetching upstream changes from git://github.com/imagej/imagej-javadoc
 > git --version # timeout=10
 > git -c core.askpass=true fetch --tags --progress git://github.com/imagej/imagej-javadoc +refs/heads/*:refs/remotes/origin/*
 > git rev-parse origin/master^{commit} # timeout=10
Checking out Revision 8cffdfa07c7406ebc8152cbdb84213d8a9774ff8 (origin/master)
 > git config core.sparsecheckout # timeout=10
 > git checkout -f 8cffdfa07c7406ebc8152cbdb84213d8a9774ff8
 > git rev-list 8cffdfa07c7406ebc8152cbdb84213d8a9774ff8 # timeout=10
[workspace] $ /bin/sh -xe /tmp/hudson559408084157949955.sh
+ cram tests
!
--- proxies.t
+++ proxies.t.err
@@ -17,9 +17,9 @@
   $ curl -Is http://javadoc.imagej.net/SLIM-Curve/index.html | head -n 1
   HTTP/1.1 200 OK
   $ curl -Is http://javadoc.imagej.net/Micro-Manager-Core/index.html | head -n 1
-  HTTP/1.1 200 OK
+  HTTP/1.1 301 Moved Permanently
   $ curl -Is http://javadoc.imagej.net/Micro-Manager-Studio/index.html | head -n 1
-  HTTP/1.1 200 OK
+  HTTP/1.1 301 Moved Permanently
   $ curl -Is http://javadoc.imagej.net/KNIME/index.html | head -n 1
   HTTP/1.1 200 OK
   $ curl -Is http://javadoc.imagej.net/OMERO/index.html | head -n 1

# Ran 1 tests, 0 skipped, 1 failed.
Build step 'Execute shell' marked build as failure


From jenkins at imagej.net  Thu Jul 21 13:11:58 2016
From: jenkins at imagej.net (jenkins at imagej.net)
Date: Thu, 21 Jul 2016 13:11:58 -0500 (CDT)
Subject: [ImageJ-builds] Build failed in Jenkins: Validate-javadoc #453
In-Reply-To: <202982227.52.1469103373318.JavaMail.jenkins@dev>
References: <202982227.52.1469103373318.JavaMail.jenkins@dev>
Message-ID: <283276115.53.1469124718078.JavaMail.jenkins@dev>

See <http://jenkins.imagej.net/job/Validate-javadoc/453/>

------------------------------------------
Started by upstream project "SLIM-curve-javadoc" build number 29
originally caused by:
 Started by timer
Building on master in workspace <http://jenkins.imagej.net/job/Validate-javadoc/ws/>
 > git rev-parse --is-inside-work-tree # timeout=10
Fetching changes from the remote Git repository
 > git config remote.origin.url git://github.com/imagej/imagej-javadoc # timeout=10
Fetching upstream changes from git://github.com/imagej/imagej-javadoc
 > git --version # timeout=10
 > git -c core.askpass=true fetch --tags --progress git://github.com/imagej/imagej-javadoc +refs/heads/*:refs/remotes/origin/*
 > git rev-parse origin/master^{commit} # timeout=10
Checking out Revision 8cffdfa07c7406ebc8152cbdb84213d8a9774ff8 (origin/master)
 > git config core.sparsecheckout # timeout=10
 > git checkout -f 8cffdfa07c7406ebc8152cbdb84213d8a9774ff8
 > git rev-list 8cffdfa07c7406ebc8152cbdb84213d8a9774ff8 # timeout=10
[workspace] $ /bin/sh -xe /tmp/hudson4280037847699284249.sh
+ cram tests
!
--- proxies.t
+++ proxies.t.err
@@ -17,9 +17,9 @@
   $ curl -Is http://javadoc.imagej.net/SLIM-Curve/index.html | head -n 1
   HTTP/1.1 200 OK
   $ curl -Is http://javadoc.imagej.net/Micro-Manager-Core/index.html | head -n 1
-  HTTP/1.1 200 OK
+  HTTP/1.1 301 Moved Permanently
   $ curl -Is http://javadoc.imagej.net/Micro-Manager-Studio/index.html | head -n 1
-  HTTP/1.1 200 OK
+  HTTP/1.1 301 Moved Permanently
   $ curl -Is http://javadoc.imagej.net/KNIME/index.html | head -n 1
   HTTP/1.1 200 OK
   $ curl -Is http://javadoc.imagej.net/OMERO/index.html | head -n 1

# Ran 1 tests, 0 skipped, 1 failed.
Build step 'Execute shell' marked build as failure


From jenkins at imagej.net  Thu Jul 21 13:35:42 2016
From: jenkins at imagej.net (jenkins at imagej.net)
Date: Thu, 21 Jul 2016 13:35:42 -0500 (CDT)
Subject: [ImageJ-builds] Jenkins build is back to normal : Validate-javadoc
	#454
In-Reply-To: <283276115.53.1469124718078.JavaMail.jenkins@dev>
References: <283276115.53.1469124718078.JavaMail.jenkins@dev>
Message-ID: <749613100.54.1469126142908.JavaMail.jenkins@dev>

See <http://jenkins.imagej.net/job/Validate-javadoc/454/>



From jenkins at imagej.net  Fri Jul 22 13:07:11 2016
From: jenkins at imagej.net (jenkins at imagej.net)
Date: Fri, 22 Jul 2016 13:07:11 -0500 (CDT)
Subject: [ImageJ-builds] Build failed in Jenkins: Stable-Fiji-Java-8 #31
Message-ID: <759826739.57.1469210831437.JavaMail.jenkins@dev>

See <http://jenkins.imagej.net/job/Stable-Fiji-Java-8/31/changes>

Changes:

[unknown] Contents/Info.plist
scripts/Miji.m
db.xml.gz

------------------------------------------
[URLTrigger] A change within the response URL invocation (log)
Building on master in workspace <http://jenkins.imagej.net/job/Stable-Fiji-Java-8/ws/>
[workspace] $ /bin/sh -xe /tmp/hudson3546169353058682237.sh
+ curl -o bootstrap.js http://downloads.imagej.net/bootstrapJ8.js
  % Total    % Received % Xferd  Average Speed   Time    Time     Time  Current
                                 Dload  Upload   Total   Spent    Left  Speed

  0     0    0     0    0     0      0      0 --:--:-- --:--:-- --:--:--     0
100 10100  100 10100    0     0  40487      0 --:--:-- --:--:-- --:--:--  519k
+ test -d Fiji.app
+ dirname ImageJ-linux32
+ mkdir -p Fiji.app/.
+ touch Fiji.app/ImageJ-linux32
+ dirname ImageJ-linux64
+ mkdir -p Fiji.app/.
+ touch Fiji.app/ImageJ-linux64
+ dirname ImageJ-win32.exe
+ mkdir -p Fiji.app/.
+ touch Fiji.app/ImageJ-win32.exe
+ dirname ImageJ-win64.exe
+ mkdir -p Fiji.app/.
+ touch Fiji.app/ImageJ-win64.exe
+ dirname Contents/MacOS/ImageJ-macosx
+ mkdir -p Fiji.app/Contents/MacOS
+ touch Fiji.app/Contents/MacOS/ImageJ-macosx
+ dirname Contents/MacOS/ImageJ-tiger
+ mkdir -p Fiji.app/Contents/MacOS
+ touch Fiji.app/Contents/MacOS/ImageJ-tiger
+ dirname fiji-linux
+ mkdir -p Fiji.app/.
+ touch Fiji.app/fiji-linux
+ dirname fiji-linux64
+ mkdir -p Fiji.app/.
+ touch Fiji.app/fiji-linux64
+ dirname fiji-win32.exe
+ mkdir -p Fiji.app/.
+ touch Fiji.app/fiji-win32.exe
+ dirname fiji-win64.exe
+ mkdir -p Fiji.app/.
+ touch Fiji.app/fiji-win64.exe
+ dirname Contents/MacOS/fiji-macosx
+ mkdir -p Fiji.app/Contents/MacOS
+ touch Fiji.app/Contents/MacOS/fiji-macosx
+ dirname Contents/MacOS/fiji-tiger
+ mkdir -p Fiji.app/Contents/MacOS
+ touch Fiji.app/Contents/MacOS/fiji-tiger
+ mkdir -p Fiji.app/Contents
+ curl https://raw.github.com/fiji/fiji/master/Contents/Info.plist
  % Total    % Received % Xferd  Average Speed   Time    Time     Time  Current
                                 Dload  Upload   Total   Spent    Left  Speed

  0     0    0     0    0     0      0      0 --:--:-- --:--:-- --:--:--     0
  0     0    0     0    0     0      0      0 --:--:-- --:--:-- --:--:--     0
+ date
+ cd Fiji.app
+ jrunscript ../bootstrap.js update-force-pristine
loading partially remote updater

running partially remote updater

Updating the index of available files (Updating from ImageJ site: http://up...
Updating from ImageJ site: http://update.imagej.net/ done
Updating from Fiji site: http://update.fiji.sc/ done
Updating from Java-8 site: http://sites.imagej.net/Java-8/ done
................................................................................
................................................................................
................................................................................
................................................................................
................................................................................
................................................................................
................................................................................
................................................................................
................
Done: Checksummer

Downloading... (Contents/Info.plist) 
Contents/Info.plist done
Contents/Info.plist done
scripts/Miji.m done
scripts/Miji.m done
Done: Downloading...

Done: Downloading...

+ find -type f -newer ../.timestamp
+ java -Dij.dir=. -classpath plugins/*:jars/* fiji.packaging.Packager ../fiji-nojre.tar.gz
Writing files
............................................................................................................................................................................................................................................................................................................................................................................................................................................................................................................................................................
+ java -Dij.dir=. -classpath plugins/*:jars/* fiji.packaging.Packager ../fiji-nojre.zip
Writing files
............................................................................................................................................................................................................................................................................................................................................................................................................................................................................................................................................................
+ java=linux32
+ java=linux
+ test -d java/linux
+ java -Dij.dir=. -classpath plugins/*:jars/* fiji.packaging.Packager --platforms=linux32 --jre ../fiji-linux32.zip
Writing files
.....................................................................................................................................................................................................................................................................................................................................................................................................................................................................................................................................................................................................................................................................................................................................................................................................................................................
+ java -Dij.dir=. -classpath plugins/*:jars/* fiji.packaging.Packager --platforms=linux32 --jre ../fiji-linux32.tar.gz
Writing files
.....................................................................................................................................................................................................................................................................................................................................................................................................................................................................................................................................................................................................................................................................................................................................................................................................................................................
+ java=linux64
+ java=linux-amd64
+ test -d java/linux-amd64
+ java -Dij.dir=. -classpath plugins/*:jars/* fiji.packaging.Packager --platforms=linux64 --jre ../fiji-linux64.zip
Writing files
..................................................................................................................................................................................................................................................................................................................................................................................................................................................................................................................................................................................................................................................................................................................................................................................................................................................
+ java -Dij.dir=. -classpath plugins/*:jars/* fiji.packaging.Packager --platforms=linux64 --jre ../fiji-linux64.tar.gz
Writing files
..................................................................................................................................................................................................................................................................................................................................................................................................................................................................................................................................................................................................................................................................................................................................................................................................................................................
+ java=win32
+ test -d java/win32
+ java -Dij.dir=. -classpath plugins/*:jars/* fiji.packaging.Packager --platforms=win32 --jre ../fiji-win32.zip
Writing files
........................................................................................................................................................................................................................................................................................................................................................................................................................................................................................................................................................................................................................................................................................................................................
+ java -Dij.dir=. -classpath plugins/*:jars/* fiji.packaging.Packager --platforms=win32 --jre ../fiji-win32.tar.gz
Writing files
........................................................................................................................................................................................................................................................................................................................................................................................................................................................................................................................................................................................................................................................................................................................................
+ java=win64
+ test -d java/win64
+ java -Dij.dir=. -classpath plugins/*:jars/* fiji.packaging.Packager --platforms=win64 --jre ../fiji-win64.zip
Writing files
....................................................................................................................................................................................................................................................................................................................................................................................................................................................................................................................................................................................................................................................................................................................................
+ java -Dij.dir=. -classpath plugins/*:jars/* fiji.packaging.Packager --platforms=win64 --jre ../fiji-win64.tar.gz
Writing files
....................................................................................................................................................................................................................................................................................................................................................................................................................................................................................................................................................................................................................................................................................................................................
+ java=macosx
+ java=macosx
+ test -d java/macosx
+ java -Dij.dir=. -classpath plugins/*:jars/* fiji.packaging.Packager --platforms=macosx --jre ../fiji-macosx.zip
Writing files
.......................................................................................................................................................................................................................................................................................................................................................................................................................................................................................................................................................................................................................................................................................................................
+ java -Dij.dir=. -classpath plugins/*:jars/* fiji.packaging.Packager --platforms=macosx --jre ../fiji-macosx.tar.gz
Writing files
.......................................................................................................................................................................................................................................................................................................................................................................................................................................................................................................................................................................................................................................................................................................................
+ gzip -d
+ bzip2 -9
+ scp -p fiji-linux32.zip downloads.imagej.net:fiji-linux32.zip.part
Host key verification failed.
lost connection
+ scp -p fiji-linux64.zip downloads.imagej.net:fiji-linux64.zip.part
Host key verification failed.
lost connection
+ scp -p fiji-macosx.zip downloads.imagej.net:fiji-macosx.zip.part
Host key verification failed.
lost connection
+ scp -p fiji-nojre.zip downloads.imagej.net:fiji-nojre.zip.part
Host key verification failed.
lost connection
+ scp -p fiji-win32.zip downloads.imagej.net:fiji-win32.zip.part
Host key verification failed.
lost connection
+ scp -p fiji-win64.zip downloads.imagej.net:fiji-win64.zip.part
Host key verification failed.
lost connection
+ scp -p fiji-linux32.tar.gz downloads.imagej.net:fiji-linux32.tar.gz.part
Host key verification failed.
lost connection
+ scp -p fiji-linux64.tar.gz downloads.imagej.net:fiji-linux64.tar.gz.part
Host key verification failed.
lost connection
+ scp -p fiji-macosx.tar.gz downloads.imagej.net:fiji-macosx.tar.gz.part
Host key verification failed.
lost connection
+ scp -p fiji-nojre.tar.gz downloads.imagej.net:fiji-nojre.tar.gz.part
Host key verification failed.
lost connection
+ scp -p fiji-win32.tar.gz downloads.imagej.net:fiji-win32.tar.gz.part
Host key verification failed.
lost connection
+ scp -p fiji-win64.tar.gz downloads.imagej.net:fiji-win64.tar.gz.part
Host key verification failed.
lost connection
Build step 'Execute shell' marked build as failure
Archiving artifacts
Recording fingerprints
Build step 'Groovy Postbuild' marked build as failure
Recording fingerprints


From jenkins at imagej.net  Mon Jul 25 15:21:23 2016
From: jenkins at imagej.net (jenkins at imagej.net)
Date: Mon, 25 Jul 2016 15:21:23 -0500 (CDT)
Subject: [ImageJ-builds] Jenkins build is back to normal :
	Stable-Fiji-Java-8 #32
In-Reply-To: <759826739.57.1469210831437.JavaMail.jenkins@dev>
References: <759826739.57.1469210831437.JavaMail.jenkins@dev>
Message-ID: <1288832505.68.1469478083629.JavaMail.jenkins@dev>

See <http://jenkins.imagej.net/job/Stable-Fiji-Java-8/32/changes>



From jenkins at imagej.net  Tue Jul 26 10:56:33 2016
From: jenkins at imagej.net (jenkins at imagej.net)
Date: Tue, 26 Jul 2016 10:56:33 -0500 (CDT)
Subject: [ImageJ-builds] Jenkins build is back to normal : ImageJ-updater
	#120
In-Reply-To: <1214884220.435.1465506679528.JavaMail.jenkins@dev>
References: <1214884220.435.1465506679528.JavaMail.jenkins@dev>
Message-ID: <668778244.72.1469548593909.JavaMail.jenkins@dev>

See <http://jenkins.imagej.net/job/ImageJ-updater/120/changes>



From jenkins at imagej.net  Tue Jul 26 10:56:45 2016
From: jenkins at imagej.net (jenkins at imagej.net)
Date: Tue, 26 Jul 2016 10:56:45 -0500 (CDT)
Subject: [ImageJ-builds] Build failed in Jenkins: Upload-Fix.js #12
In-Reply-To: <869315478.184.1463588960059.JavaMail.jenkins@dev>
References: <869315478.184.1463588960059.JavaMail.jenkins@dev>
Message-ID: <46816255.73.1469548605626.JavaMail.jenkins@dev>

See <http://jenkins.imagej.net/job/Upload-Fix.js/12/>

------------------------------------------
Started by upstream project "ImageJ-updater" build number 120
originally caused by:
 Started by an SCM change
Building remotely on maven in workspace <http://jenkins.imagej.net/job/Upload-Fix.js/ws/>
Copied 1 artifact from "ImageJ-updater" build number 120
[Upload-Fix.js] $ /bin/sh -xe /tmp/hudson644970401489034626.sh
+ cat bin/bootstrap.js
+ ssh update.imagej.net cat > update/fix.js.new && mv update/fix.js.new update/fix.js
Host key verification failed.
Build step 'Execute shell' marked build as failure
Performance: Percentage of errors greater or equal than 0% sets the build as unstable
Performance: Percentage of errors greater or equal than 0% sets the build as failure





From jenkins at imagej.net  Tue Jul 26 13:49:23 2016
From: jenkins at imagej.net (jenkins at imagej.net)
Date: Tue, 26 Jul 2016 13:49:23 -0500 (CDT)
Subject: [ImageJ-builds] Build failed in Jenkins: Upload-Fix.js #13
In-Reply-To: <46816255.73.1469548605626.JavaMail.jenkins@dev>
References: <46816255.73.1469548605626.JavaMail.jenkins@dev>
Message-ID: <1549875793.74.1469558963115.JavaMail.jenkins@dev>

See <http://jenkins.imagej.net/job/Upload-Fix.js/13/>

------------------------------------------
Started by user Curtis Rueden
Building remotely on maven in workspace <http://jenkins.imagej.net/job/Upload-Fix.js/ws/>
Copied 1 artifact from "ImageJ-updater" build number 120
[Upload-Fix.js] $ /bin/sh -xe /tmp/hudson6400234154745411628.sh
+ cat bin/bootstrap.js
+ ssh update.imagej.net cat > update/fix.js.new && mv update/fix.js.new update/fix.js
bash: update/fix.js.new: No such file or directory
Build step 'Execute shell' marked build as failure
Performance: Percentage of errors greater or equal than 0% sets the build as unstable
Performance: Percentage of errors greater or equal than 0% sets the build as failure





From jenkins at imagej.net  Tue Jul 26 13:58:28 2016
From: jenkins at imagej.net (jenkins at imagej.net)
Date: Tue, 26 Jul 2016 13:58:28 -0500 (CDT)
Subject: [ImageJ-builds] Jenkins build is back to normal : Upload-Fix.js #14
In-Reply-To: <1549875793.74.1469558963115.JavaMail.jenkins@dev>
References: <1549875793.74.1469558963115.JavaMail.jenkins@dev>
Message-ID: <170760723.75.1469559508738.JavaMail.jenkins@dev>

See <http://jenkins.imagej.net/job/Upload-Fix.js/14/>



From jenkins at imagej.net  Wed Jul 27 03:04:05 2016
From: jenkins at imagej.net (jenkins at imagej.net)
Date: Wed, 27 Jul 2016 03:04:05 -0500 (CDT)
Subject: [ImageJ-builds] Build failed in Jenkins: Mines-JTK-Git-Mirror #1337
Message-ID: <1905796258.79.1469606645046.JavaMail.jenkins@dev>

See <http://jenkins.imagej.net/job/Mines-JTK-Git-Mirror/1337/>

------------------------------------------
[...truncated 79 lines...]
0350c23f91256181d415ea7369dbd62855ac4460 commit	master
2d3608bf3160cdac77b9fcff7daafa7a00ffaad8 commit	reorg
+ + printf %s\n%s\n%s\n b57677d2157f57cffa626ae2c08daacc3da82609 commit	gh-pages
3b5834c9a084f77b2c76d71c66b2a6d280ce33bf commit	master
2d3608bf3160cdac77b9fcff7daafa7a00ffaad8 commit	reorg b57677d2157f57cffa626ae2c08daacc3da82609 commit	gh-pages
3b5834c9a084f77b2c76d71c66b2a6d280ce33bf commit	master
2d3608bf3160cdac77b9fcff7daafa7a00ffaad8 commit	reorgsort -k 3
 b57677d2157f57cffa626ae2c08daacc3da82609 commit	gh-pages
0350c23f91256181d415ea7369dbd62855ac4460 commit	master
2d3608bf3160cdac77b9fcff7daafa7a00ffaad8 commit	reorg
+ uniq -u -f 2
+ thistodo=+0350c23f91256181d415ea7369dbd62855ac4460 commit	master
+ test -z +0350c23f91256181d415ea7369dbd62855ac4460 commit	master
+ printf Updates from git://github.com/dhale/jtk.git:\n%s\n +0350c23f91256181d415ea7369dbd62855ac4460 commit	master
Updates from git://github.com/dhale/jtk.git:
+0350c23f91256181d415ea7369dbd62855ac4460 commit	master
+ printf %s\n%s\n  +0350c23f91256181d415ea7369dbd62855ac4460 commit	master
+ todo=
+0350c23f91256181d415ea7369dbd62855ac4460 commit	master
+ url=git://fiji.sc/mines-jtk.git
+ has_spaces git://fiji.sc/mines-jtk.git
+ test 1 -gt 1
+ echo Getting updates from git://fiji.sc/mines-jtk.git...
Getting updates from git://fiji.sc/mines-jtk.git...
+ fetch_from git://fiji.sc/mines-jtk.git=dev:/srv/git/mines-jtk.git
+ url=git://fiji.sc/mines-jtk.git
+ pushurl=dev:/srv/git/mines-jtk.git
+ url2remotename git://fiji.sc/mines-jtk.git
+ echo git://fiji.sc/mines-jtk.git
+ sed s/[^-A-Za-z0-9._]/_/g
+ name=git___fiji.sc_mines-jtk.git
+ git config remote.git___fiji.sc_mines-jtk.git.url
+ test git://fiji.sc/mines-jtk.git != git://fiji.sc/mines-jtk.git
+ test -n dev:/srv/git/mines-jtk.git
+ test dev:/srv/git/mines-jtk.git != git://fiji.sc/mines-jtk.git
+ git config remote.git___fiji.sc_mines-jtk.git.pushURL dev:/srv/git/mines-jtk.git
+ get_remote_branches git___fiji.sc_mines-jtk.git
+ name=git___fiji.sc_mines-jtk.git
+ sed s|	refs/remotes/git___fiji.sc_mines-jtk.git/|	|
+ git for-each-ref refs/remotes/git___fiji.sc_mines-jtk.git/*
+ previous=b57677d2157f57cffa626ae2c08daacc3da82609 commit	gh-pages
3b5834c9a084f77b2c76d71c66b2a6d280ce33bf commit	master
2d3608bf3160cdac77b9fcff7daafa7a00ffaad8 commit	reorg
+ git fetch --prune git___fiji.sc_mines-jtk.git
fatal: unable to connect to fiji.sc:
fiji.sc[0: 144.92.48.178]: errno=Connection refused

+ add_error Could not fetch git___fiji.sc_mines-jtk.git
+ printf %s\n\n%s\n\n  Could not fetch git___fiji.sc_mines-jtk.git
+ errors=

Could not fetch git___fiji.sc_mines-jtk.git
+ return 1
+ thistodo=
+ add_error 
+ printf %s\n\n%s\n\n  
+ errors=
+ continue
+ url=git://github.com/dhale/jtk.git
+ has_spaces git://github.com/dhale/jtk.git
+ test 1 -gt 1
+ url2remotename git://github.com/dhale/jtk.git
+ + echo git://github.com/dhale/jtk.git
sed s/[^-A-Za-z0-9._]/_/g
+ name=git___github.com_dhale_jtk.git
+ git for-each-ref refs/remotes/git___github.com_dhale_jtk.git/*
+ sed s|^\(.*\)	refs/remotes/\(git___github.com_dhale_jtk.git\)/|\2 \1 |
+ url=git://fiji.sc/mines-jtk.git
+ has_spaces git://fiji.sc/mines-jtk.git
+ test 1 -gt 1
+ url2remotename git://fiji.sc/mines-jtk.git
+ + sed s/[^-A-Za-z0-9._]/_/g
echo git://fiji.sc/mines-jtk.git
+ name=git___fiji.sc_mines-jtk.git
+ git for-each-ref refs/remotes/git___fiji.sc_mines-jtk.git/*
+ sed s|^\(.*\)	refs/remotes/\(git___fiji.sc_mines-jtk.git\)/|\2 \1 |
+ remote_branches=git___github.com_dhale_jtk.git b57677d2157f57cffa626ae2c08daacc3da82609 commit gh-pages
git___github.com_dhale_jtk.git 0350c23f91256181d415ea7369dbd62855ac4460 commit master
git___github.com_dhale_jtk.git 2d3608bf3160cdac77b9fcff7daafa7a00ffaad8 commit reorg
git___fiji.sc_mines-jtk.git b57677d2157f57cffa626ae2c08daacc3da82609 commit gh-pages
git___fiji.sc_mines-jtk.git 3b5834c9a084f77b2c76d71c66b2a6d280ce33bf commit master
git___fiji.sc_mines-jtk.git 2d3608bf3160cdac77b9fcff7daafa7a00ffaad8 commit reorg
+ + echosed s/.* //
 git___github.com_dhale_jtk.git b57677d2157f57cffa626ae2c08daacc3da82609 commit gh-pages
git___github.com_dhale_jtk.git 0350c23f91256181d415ea7369dbd62855ac4460 commit master
git___github.com_dhale_jtk.git 2d3608bf3160cdac77b9fcff7daafa7a00ffaad8 commit reorg
git___fiji.sc_mines-jtk.git b57677d2157f57cffa626ae2c08daacc3da82609 commit gh-pages
git___fiji.sc_mines-jtk.git 3b5834c9a084f77b2c76d71c66b2a6d280ce33bf commit master
git___fiji.sc_mines-jtk.git 2d3608bf3160cdac77b9fcff7daafa7a00ffaad8 commit reorg
+ sort
+ uniq
+ echo 
+0350c23f91256181d415ea7369dbd62855ac4460 commit	master
+ grep 	gh-pages$
+ + echo gh-pages
sed s/\./\\&/g
+ quoted_ref=gh-pages
+ echo+  git___github.com_dhale_jtk.git b57677d2157f57cffa626ae2c08daacc3da82609 commit gh-pages
git___github.com_dhale_jtk.git 0350c23f91256181d415ea7369dbd62855ac4460 commit master
git___github.com_dhale_jtk.git 2d3608bf3160cdac77b9fcff7daafa7a00ffaad8 commit reorg
git___fiji.sc_mines-jtk.git b57677d2157f57cffa626ae2c08daacc3da82609 commit gh-pages
git___fiji.sc_mines-jtk.git 3b5834c9a084f77b2c76d71c66b2a6d280ce33bf commit master
git___fiji.sc_mines-jtk.git 2d3608bf3160cdac77b9fcff7daafa7a00ffaad8 commit reorg
sed -n s|^[^ ]* \([^ ]*\) [^ ]* gh-pages$|\1|p
+ sort
+ uniq
+ sha1=b57677d2157f57cffa626ae2c08daacc3da82609
+ eval get_common_fast_forward b57677d2157f57cffa626ae2c08daacc3da82609
+ get_common_fast_forward b57677d2157f57cffa626ae2c08daacc3da82609
+ test 1 -le 1
+ echo b57677d2157f57cffa626ae2c08daacc3da82609
+ return
+ sha1=b57677d2157f57cffa626ae2c08daacc3da82609
+ echo+  git___github.com_dhale_jtk.git b57677d2157f57cffa626ae2c08daacc3da82609 commit gh-pages
git___github.com_dhale_jtk.git 0350c23f91256181d415ea7369dbd62855ac4460 commit master
git___github.com_dhale_jtk.git 2d3608bf3160cdac77b9fcff7daafa7a00ffaad8 commit reorg
git___fiji.sc_mines-jtk.git b57677d2157f57cffa626ae2c08daacc3da82609 commit gh-pages
git___fiji.sc_mines-jtk.git 3b5834c9a084f77b2c76d71c66b2a6d280ce33bf commit master
git___fiji.sc_mines-jtk.git 2d3608bf3160cdac77b9fcff7daafa7a00ffaad8 commit reorg
grep b57677d2157f57cffa626ae2c08daacc3da82609 [^ ]* gh-pages$
+ wc -l
+ test 2 = 2
+ continue
+ echo 
+0350c23f91256181d415ea7369dbd62855ac4460 commit	master
+ grep 	master$
+ continue
+ echo+  
+0350c23f91256181d415ea7369dbd62855ac4460 commit	master
grep 	reorg$
+ + echo reorg
sed s/\./\\&/g
+ quoted_ref=reorg
+ echo git___github.com_dhale_jtk.git b57677d2157f57cffa626ae2c08daacc3da82609 commit gh-pages
git___github.com_dhale_jtk.git 0350c23f91256181d415ea7369dbd62855ac4460 commit master
git___github.com_dhale_jtk.git 2d3608bf3160cdac77b9fcff7daafa7a00ffaad8 commit reorg
git___fiji.sc_mines-jtk.git b57677d2157f57cffa626ae2c08daacc3da82609 commit gh-pages
git___fiji.sc_mines-jtk.git 3b5834c9a084f77b2c76d71c66b2a6d280ce33bf commit master
git___fiji.sc_mines-jtk.git 2d3608bf3160cdac77b9fcff7daafa7a00ffaad8 commit reorg
+ sed -n s|^[^ ]* \([^ ]*\) [^ ]* reorg$|\1|p
+ + uniqsort

+ sha1=2d3608bf3160cdac77b9fcff7daafa7a00ffaad8
+ eval get_common_fast_forward 2d3608bf3160cdac77b9fcff7daafa7a00ffaad8
+ get_common_fast_forward 2d3608bf3160cdac77b9fcff7daafa7a00ffaad8
+ test 1 -le 1
+ echo 2d3608bf3160cdac77b9fcff7daafa7a00ffaad8
+ return
+ sha1=2d3608bf3160cdac77b9fcff7daafa7a00ffaad8
+ + grep 2d3608bf3160cdac77b9fcff7daafa7a00ffaad8 [^ ]* reorg$echo
 git___github.com_dhale_jtk.git b57677d2157f57cffa626ae2c08daacc3da82609 commit gh-pages
git___github.com_dhale_jtk.git 0350c23f91256181d415ea7369dbd62855ac4460 commit master
git___github.com_dhale_jtk.git 2d3608bf3160cdac77b9fcff7daafa7a00ffaad8 commit reorg
git___fiji.sc_mines-jtk.git b57677d2157f57cffa626ae2c08daacc3da82609 commit gh-pages
git___fiji.sc_mines-jtk.git 3b5834c9a084f77b2c76d71c66b2a6d280ce33bf commit master
git___fiji.sc_mines-jtk.git 2d3608bf3160cdac77b9fcff7daafa7a00ffaad8 commit reorg
+ wc -l
+ test 2 = 2
+ continue
+ echo+  
+0350c23f91256181d415ea7369dbd62855ac4460 commit	master
sort -k 3
+ + grepuniq
 -v ^$
+ todo=+0350c23f91256181d415ea7369dbd62855ac4460 commit	master
+ echo +0350c23f91256181d415ea7369dbd62855ac4460 commit	master
+ + sed s/^[^ ]* [^ ]*	//
sort
+ uniq -d
+ refs=
+ echo +0350c23f91256181d415ea7369dbd62855ac4460 commit	master
+ cut -f 2
+ sort
+ uniq -d
+ disagreeing=
+ test -n 
+ test -z +0350c23f91256181d415ea7369dbd62855ac4460 commit	master
+ git gc --auto
+ disagreeing=  
+ test -z +0350c23f91256181d415ea7369dbd62855ac4460 commit	master
+ url=git://github.com/dhale/jtk.git
+ has_spaces git://github.com/dhale/jtk.git
+ test 1 -gt 1
+ url2remotename git://github.com/dhale/jtk.git
+ + echo git://github.com/dhale/jtk.git
sed s/[^-A-Za-z0-9._]/_/g
+ name=git___github.com_dhale_jtk.git
+ echo +0350c23f91256181d415ea7369dbd62855ac4460 commit	master
+ read sha1 type ref
+ test -z +0350c23f91256181d415ea7369dbd62855ac4460
+ test    =   
+ remoteref=refs/remotes/git___github.com_dhale_jtk.git/master
+ test +0350c23f91256181d415ea7369dbd62855ac4460 = 0000000000000000000000000000000000000000
+ sha1=0350c23f91256181d415ea7369dbd62855ac4460
+ git rev-parse refs/remotes/git___github.com_dhale_jtk.git/master
+ test 0350c23f91256181d415ea7369dbd62855ac4460 != 0350c23f91256181d415ea7369dbd62855ac4460
+ read sha1 type ref
+ pushopts=
+ test -z 
+ continue
+ url=git://fiji.sc/mines-jtk.git
+ has_spaces git://fiji.sc/mines-jtk.git
+ test 1 -gt 1
+ url2remotename git://fiji.sc/mines-jtk.git
+ echo git://fiji.sc/mines-jtk.git
+ sed s/[^-A-Za-z0-9._]/_/g
+ name=git___fiji.sc_mines-jtk.git
+ + echo +0350c23f91256181d415ea7369dbd62855ac4460 commit	master
read sha1 type ref
+ test -z +0350c23f91256181d415ea7369dbd62855ac4460
+ test    =   
+ remoteref=refs/remotes/git___fiji.sc_mines-jtk.git/master
+ test +0350c23f91256181d415ea7369dbd62855ac4460 = 0000000000000000000000000000000000000000
+ sha1=0350c23f91256181d415ea7369dbd62855ac4460
+ git rev-parse refs/remotes/git___fiji.sc_mines-jtk.git/master
+ test 0350c23f91256181d415ea7369dbd62855ac4460 != 3b5834c9a084f77b2c76d71c66b2a6d280ce33bf
+ git rev-list 0350c23f91256181d415ea7369dbd62855ac4460..refs/remotes/git___fiji.sc_mines-jtk.git/master
+ test -n 
+ echo 0350c23f91256181d415ea7369dbd62855ac4460:refs/heads/master
+ read sha1 type ref
+ pushopts=0350c23f91256181d415ea7369dbd62855ac4460:refs/heads/master
+ test -z 0350c23f91256181d415ea7369dbd62855ac4460:refs/heads/master
+ deletefirst=
+ git config remote.git___fiji.sc_mines-jtk.git.pushurl
+ git config remote.git___fiji.sc_mines-jtk.git.url
+ test -z 
+ git push git___fiji.sc_mines-jtk.git 0350c23f91256181d415ea7369dbd62855ac4460:refs/heads/master
fatal: '/srv/git/mines-jtk.git' does not appear to be a git repository
fatal: The remote end hung up unexpectedly
+ add_error Could not push to git://fiji.sc/mines-jtk.git
+ printf %s\n\n%s\n\n  Could not push to git://fiji.sc/mines-jtk.git
+ errors=

Could not push to git://fiji.sc/mines-jtk.git
+ test -z 

Could not push to git://fiji.sc/mines-jtk.git
+ printf \n\nErrors:\n%s\n 

Could not push to git://fiji.sc/mines-jtk.git


Errors:


Could not push to git://fiji.sc/mines-jtk.git
+ exit 1
Build step 'Execute shell' marked build as failure
Build step 'Groovy Postbuild' marked build as failure


From jenkins at imagej.net  Wed Jul 27 10:04:29 2016
From: jenkins at imagej.net (jenkins at imagej.net)
Date: Wed, 27 Jul 2016 10:04:29 -0500 (CDT)
Subject: [ImageJ-builds] Jenkins build is back to normal :
	IterativeDeconv-Git-SVN-Mirror #1319
In-Reply-To: <1452765870.41.1468735802714.JavaMail.jenkins@dev>
References: <1452765870.41.1468735802714.JavaMail.jenkins@dev>
Message-ID: <1757272541.80.1469631869020.JavaMail.jenkins@dev>

See <http://jenkins.imagej.net/job/IterativeDeconv-Git-SVN-Mirror/1319/>



From jenkins at imagej.net  Wed Jul 27 10:04:44 2016
From: jenkins at imagej.net (jenkins at imagej.net)
Date: Wed, 27 Jul 2016 10:04:44 -0500 (CDT)
Subject: [ImageJ-builds] Jenkins build is back to normal :
	WiiGee-Git-SVN-Mirror #1287
In-Reply-To: <1490870774.30.1468392124470.JavaMail.jenkins@dev>
References: <1490870774.30.1468392124470.JavaMail.jenkins@dev>
Message-ID: <1264984775.81.1469631884029.JavaMail.jenkins@dev>

See <http://jenkins.imagej.net/job/WiiGee-Git-SVN-Mirror/1287/>



From jenkins at imagej.net  Thu Jul 28 08:29:00 2016
From: jenkins at imagej.net (jenkins at imagej.net)
Date: Thu, 28 Jul 2016 08:29:00 -0500 (CDT)
Subject: [ImageJ-builds] mail-watcher-plugin: Computer skynet marked offline
Message-ID: <1231981280.85.1469712540822.JavaMail.jenkins@dev>

Initiator: unknown
Url: http://jenkins.imagej.net/computer/skynet/


Connection was broken: java.io.IOException: Unexpected termination of the channel
	at hudson.remoting.SynchronousCommandTransport$ReaderThread.run(SynchronousCommandTransport.java:50)
Caused by: java.io.EOFException
	at java.io.ObjectInputStream$PeekInputStream.readFully(ObjectInputStream.java:2353)
	at java.io.ObjectInputStream$BlockDataInputStream.readShort(ObjectInputStream.java:2822)
	at java.io.ObjectInputStream.readStreamHeader(ObjectInputStream.java:804)
	at java.io.ObjectInputStream.<init>(ObjectInputStream.java:301)
	at hudson.remoting.ObjectInputStreamEx.<init>(ObjectInputStreamEx.java:48)
	at hudson.remoting.AbstractSynchronousByteArrayCommandTransport.read(AbstractSynchronousByteArrayCommandTransport.java:34)
	at hudson.remoting.SynchronousCommandTransport$ReaderThread.run(SynchronousCommandTransport.java:48)


From jenkins at imagej.net  Thu Jul 28 08:51:23 2016
From: jenkins at imagej.net (jenkins at imagej.net)
Date: Thu, 28 Jul 2016 08:51:23 -0500 (CDT)
Subject: [ImageJ-builds] mail-watcher-plugin: Computer skynet marked online
Message-ID: <792779968.86.1469713883601.JavaMail.jenkins@dev>

Initiator: SYSTEM
Url: http://jenkins.imagej.net/computer/skynet/




