From jenkins at imagej.net  Wed Mar  1 01:06:00 2017
From: jenkins at imagej.net (jenkins at imagej.net)
Date: Wed, 01 Mar 2017 01:06:00 -0600 (CST)
Subject: [ImageJ-builds] Build failed in Jenkins: ImageJ-1.x-website-mirror
	#1704
Message-ID: <586615440.665.1488351960029.JavaMail.jenkins@dev>

See <http://jenkins.imagej.net/job/ImageJ-1.x-website-mirror/1704/>

------------------------------------------
Started by timer
Building remotely on arrakis.microscopy in workspace <http://jenkins.imagej.net/job/ImageJ-1.x-website-mirror/ws/>
ERROR: Unable to find project for artifact copy: SciJava-common
This may be due to incorrect project name or permission settings; see help for project name in job configuration.



From jenkins at imagej.net  Wed Mar  1 09:40:54 2017
From: jenkins at imagej.net (jenkins at imagej.net)
Date: Wed, 01 Mar 2017 09:40:54 -0600 (CST)
Subject: [ImageJ-builds] Build failed in Jenkins: TopoJ #20
Message-ID: <33617531.666.1488382854622.JavaMail.jenkins@dev>

See <http://jenkins.imagej.net/job/TopoJ/20/changes>

Changes:

[Curtis Rueden] Update parent to org.scijava:pom-scijava:14.0.0

------------------------------------------
Started by an SCM change
Building remotely on maven in workspace <http://jenkins.imagej.net/job/TopoJ/ws/>
 > git rev-parse --is-inside-work-tree # timeout=10
Fetching changes from the remote Git repository
 > git config remote.origin.url git://github.com/fiji/TopoJ # timeout=10
Fetching upstream changes from git://github.com/fiji/TopoJ
 > git --version # timeout=10
 > git -c core.askpass=true fetch --tags --progress git://github.com/fiji/TopoJ +refs/heads/*:refs/remotes/origin/*
 > git rev-parse origin/master^{commit} # timeout=10
Checking out Revision d9061babec00c7582fe64a15ffb24bad3fe0a274 (origin/master)
 > git config core.sparsecheckout # timeout=10
 > git checkout -f d9061babec00c7582fe64a15ffb24bad3fe0a274
 > git rev-list 4818fe676161eec0eee9701dcce7e7924e05b462 # timeout=10
 > git tag -a -f -m Jenkins Build #20 jenkins-TopoJ-20 # timeout=10
[TopoJ] $ /bin/sh -xe /tmp/hudson8276107398483974611.sh
+ git clean -dfx
Removing target/
[TopoJ] $ /bin/sh -xe /tmp/hudson9145495279277498101.sh
+ mvn -U -Pdeploy-to-imagej clean deploy
[INFO] Scanning for projects...
[INFO]                                                                         
[INFO] ------------------------------------------------------------------------
[INFO] Building TopoJ 2.0.1-SNAPSHOT
[INFO] ------------------------------------------------------------------------
[INFO] 
[INFO] --- maven-clean-plugin:3.0.0:clean (default-clean) @ TopoJ_ ---
[INFO] 
[INFO] --- maven-enforcer-plugin:1.4.1:enforce (enforce-rules) @ TopoJ_ ---
[INFO] 
[INFO] --- build-helper-maven-plugin:1.12:regex-property (sanitize-version) @ TopoJ_ ---
[INFO] 
[INFO] --- buildnumber-maven-plugin:1.4:create (default) @ TopoJ_ ---
[INFO] Executing: /bin/sh -c cd '/data/devel/jenkins-maven/workspace/TopoJ' && 'git' 'rev-parse' '--verify' 'HEAD'
[INFO] Working directory: /data/devel/jenkins-maven/workspace/TopoJ
[INFO] Storing buildNumber: d9061babec00c7582fe64a15ffb24bad3fe0a274 at timestamp: 1488382853871
[WARNING] Cannot get the branch information from the git repository: 
Detecting the current branch failed: fatal: ref HEAD is not a symbolic ref

[INFO] Executing: /bin/sh -c cd '/data/devel/jenkins-maven/workspace/TopoJ' && 'git' 'rev-parse' '--verify' 'HEAD'
[INFO] Working directory: /data/devel/jenkins-maven/workspace/TopoJ
[INFO] Storing buildScmBranch: UNKNOWN
[INFO] 
[INFO] --- scijava-maven-plugin:1.0.0:set-rootdir (set-rootdir) @ TopoJ_ ---
[INFO] Setting rootdir: /data/devel/jenkins-maven/workspace/TopoJ
[INFO] 
[INFO] --- maven-resources-plugin:3.0.2:resources (default-resources) @ TopoJ_ ---
[INFO] Using 'UTF-8' encoding to copy filtered resources.
[INFO] Copying 1 resource
[INFO] 
[INFO] --- maven-compiler-plugin:3.6.0:compile (default-compile) @ TopoJ_ ---
[INFO] Compiling 2 source files to /data/devel/jenkins-maven/workspace/TopoJ/target/classes
[INFO] ------------------------------------------------------------------------
[INFO] BUILD FAILURE
[INFO] ------------------------------------------------------------------------
[INFO] Total time: 3.477s
[INFO] Finished at: Wed Mar 01 09:40:54 CST 2017
[INFO] Final Memory: 16M/360M
[INFO] ------------------------------------------------------------------------
[ERROR] Failed to execute goal org.apache.maven.plugins:maven-compiler-plugin:3.6.0:compile (default-compile) on project TopoJ_: Fatal error compiling: invalid target release: 1.8 -> [Help 1]
[ERROR] 
[ERROR] To see the full stack trace of the errors, re-run Maven with the -e switch.
[ERROR] Re-run Maven using the -X switch to enable full debug logging.
[ERROR] 
[ERROR] For more information about the errors and possible solutions, please read the following articles:
[ERROR] [Help 1] http://cwiki.apache.org/confluence/display/MAVEN/MojoExecutionException
Build step 'Execute shell' marked build as failure
Archiving artifacts


From jenkins at imagej.net  Wed Mar  1 09:58:28 2017
From: jenkins at imagej.net (jenkins at imagej.net)
Date: Wed, 01 Mar 2017 09:58:28 -0600 (CST)
Subject: [ImageJ-builds] Build failed in Jenkins: 3D_Objects_Counter #19
In-Reply-To: <312759475.663.1488336154851.JavaMail.jenkins@dev>
References: <312759475.663.1488336154851.JavaMail.jenkins@dev>
Message-ID: <66064690.667.1488383908168.JavaMail.jenkins@dev>

See <http://jenkins.imagej.net/job/3D_Objects_Counter/19/changes>

Changes:

[Curtis Rueden] Switch from Jenkins to Travis CI

------------------------------------------
Started by an SCM change
Building remotely on maven in workspace <http://jenkins.imagej.net/job/3D_Objects_Counter/ws/>
 > git rev-parse --is-inside-work-tree # timeout=10
Fetching changes from the remote Git repository
 > git config remote.origin.url git://github.com/fiji/3D_Objects_Counter # timeout=10
Fetching upstream changes from git://github.com/fiji/3D_Objects_Counter
 > git --version # timeout=10
 > git -c core.askpass=true fetch --tags --progress git://github.com/fiji/3D_Objects_Counter +refs/heads/*:refs/remotes/origin/*
 > git rev-parse origin/master^{commit} # timeout=10
Checking out Revision 820d029a672584353a51e957d29bcf5c46986b10 (origin/master)
 > git config core.sparsecheckout # timeout=10
 > git checkout -f 820d029a672584353a51e957d29bcf5c46986b10
 > git rev-list 556342040fd6ae7c2da9c230c0e8895c9b924ff0 # timeout=10
 > git tag -a -f -m Jenkins Build #19 jenkins-3D_Objects_Counter-19 # timeout=10
[3D_Objects_Counter] $ /bin/sh -xe /tmp/hudson1308479048926799514.sh
+ git clean -dfx
Removing target/
[3D_Objects_Counter] $ /bin/sh -xe /tmp/hudson287919865478613738.sh
+ mvn -U -Pdeploy-to-imagej clean deploy
[INFO] Scanning for projects...
[INFO]                                                                         
[INFO] ------------------------------------------------------------------------
[INFO] Building 3D Objects Counter 2.0.1-SNAPSHOT
[INFO] ------------------------------------------------------------------------
[INFO] 
[INFO] --- maven-clean-plugin:3.0.0:clean (default-clean) @ 3D_Objects_Counter ---
[INFO] 
[INFO] --- maven-enforcer-plugin:1.4.1:enforce (enforce-rules) @ 3D_Objects_Counter ---
[INFO] 
[INFO] --- build-helper-maven-plugin:1.12:regex-property (sanitize-version) @ 3D_Objects_Counter ---
[INFO] 
[INFO] --- buildnumber-maven-plugin:1.4:create (default) @ 3D_Objects_Counter ---
[INFO] Executing: /bin/sh -c cd '/data/devel/jenkins-maven/workspace/3D_Objects_Counter' && 'git' 'rev-parse' '--verify' 'HEAD'
[INFO] Working directory: /data/devel/jenkins-maven/workspace/3D_Objects_Counter
[INFO] Storing buildNumber: 820d029a672584353a51e957d29bcf5c46986b10 at timestamp: 1488383907443
[WARNING] Cannot get the branch information from the git repository: 
Detecting the current branch failed: fatal: ref HEAD is not a symbolic ref

[INFO] Executing: /bin/sh -c cd '/data/devel/jenkins-maven/workspace/3D_Objects_Counter' && 'git' 'rev-parse' '--verify' 'HEAD'
[INFO] Working directory: /data/devel/jenkins-maven/workspace/3D_Objects_Counter
[INFO] Storing buildScmBranch: UNKNOWN
[INFO] 
[INFO] --- scijava-maven-plugin:1.0.0:set-rootdir (set-rootdir) @ 3D_Objects_Counter ---
[INFO] Setting rootdir: /data/devel/jenkins-maven/workspace/3D_Objects_Counter
[INFO] 
[INFO] --- maven-resources-plugin:3.0.2:resources (default-resources) @ 3D_Objects_Counter ---
[INFO] Using 'UTF-8' encoding to copy filtered resources.
[INFO] Copying 1 resource
[INFO] 
[INFO] --- maven-compiler-plugin:3.6.0:compile (default-compile) @ 3D_Objects_Counter ---
[INFO] Compiling 4 source files to /data/devel/jenkins-maven/workspace/3D_Objects_Counter/target/classes
[INFO] ------------------------------------------------------------------------
[INFO] BUILD FAILURE
[INFO] ------------------------------------------------------------------------
[INFO] Total time: 3.461s
[INFO] Finished at: Wed Mar 01 09:58:27 CST 2017
[INFO] Final Memory: 16M/360M
[INFO] ------------------------------------------------------------------------
[ERROR] Failed to execute goal org.apache.maven.plugins:maven-compiler-plugin:3.6.0:compile (default-compile) on project 3D_Objects_Counter: Fatal error compiling: invalid target release: 1.8 -> [Help 1]
[ERROR] 
[ERROR] To see the full stack trace of the errors, re-run Maven with the -e switch.
[ERROR] Re-run Maven using the -X switch to enable full debug logging.
[ERROR] 
[ERROR] For more information about the errors and possible solutions, please read the following articles:
[ERROR] [Help 1] http://cwiki.apache.org/confluence/display/MAVEN/MojoExecutionException
Build step 'Execute shell' marked build as failure
Archiving artifacts


From jenkins at imagej.net  Wed Mar  1 10:00:26 2017
From: jenkins at imagej.net (jenkins at imagej.net)
Date: Wed, 01 Mar 2017 10:00:26 -0600 (CST)
Subject: [ImageJ-builds] Build failed in Jenkins: TopoJ #21
In-Reply-To: <33617531.666.1488382854622.JavaMail.jenkins@dev>
References: <33617531.666.1488382854622.JavaMail.jenkins@dev>
Message-ID: <2078008064.668.1488384026035.JavaMail.jenkins@dev>

See <http://jenkins.imagej.net/job/TopoJ/21/changes>

Changes:

[Curtis Rueden] Switch from Jenkins to Travis CI

------------------------------------------
Started by an SCM change
Building remotely on maven in workspace <http://jenkins.imagej.net/job/TopoJ/ws/>
 > git rev-parse --is-inside-work-tree # timeout=10
Fetching changes from the remote Git repository
 > git config remote.origin.url git://github.com/fiji/TopoJ # timeout=10
Fetching upstream changes from git://github.com/fiji/TopoJ
 > git --version # timeout=10
 > git -c core.askpass=true fetch --tags --progress git://github.com/fiji/TopoJ +refs/heads/*:refs/remotes/origin/*
 > git rev-parse origin/master^{commit} # timeout=10
Checking out Revision b9144d1a8fb040f1ae1203f80ebc3814e4d07b99 (origin/master)
 > git config core.sparsecheckout # timeout=10
 > git checkout -f b9144d1a8fb040f1ae1203f80ebc3814e4d07b99
 > git rev-list d9061babec00c7582fe64a15ffb24bad3fe0a274 # timeout=10
 > git tag -a -f -m Jenkins Build #21 jenkins-TopoJ-21 # timeout=10
[TopoJ] $ /bin/sh -xe /tmp/hudson1101468370160203238.sh
+ git clean -dfx
Removing target/
[TopoJ] $ /bin/sh -xe /tmp/hudson849500973334092149.sh
+ mvn -U -Pdeploy-to-imagej clean deploy
[INFO] Scanning for projects...
[INFO]                                                                         
[INFO] ------------------------------------------------------------------------
[INFO] Building TopoJ 2.0.1-SNAPSHOT
[INFO] ------------------------------------------------------------------------
[INFO] 
[INFO] --- maven-clean-plugin:3.0.0:clean (default-clean) @ TopoJ_ ---
[INFO] 
[INFO] --- maven-enforcer-plugin:1.4.1:enforce (enforce-rules) @ TopoJ_ ---
[INFO] 
[INFO] --- build-helper-maven-plugin:1.12:regex-property (sanitize-version) @ TopoJ_ ---
[INFO] 
[INFO] --- buildnumber-maven-plugin:1.4:create (default) @ TopoJ_ ---
[INFO] Executing: /bin/sh -c cd '/data/devel/jenkins-maven/workspace/TopoJ' && 'git' 'rev-parse' '--verify' 'HEAD'
[INFO] Working directory: /data/devel/jenkins-maven/workspace/TopoJ
[INFO] Storing buildNumber: b9144d1a8fb040f1ae1203f80ebc3814e4d07b99 at timestamp: 1488384025296
[WARNING] Cannot get the branch information from the git repository: 
Detecting the current branch failed: fatal: ref HEAD is not a symbolic ref

[INFO] Executing: /bin/sh -c cd '/data/devel/jenkins-maven/workspace/TopoJ' && 'git' 'rev-parse' '--verify' 'HEAD'
[INFO] Working directory: /data/devel/jenkins-maven/workspace/TopoJ
[INFO] Storing buildScmBranch: UNKNOWN
[INFO] 
[INFO] --- scijava-maven-plugin:1.0.0:set-rootdir (set-rootdir) @ TopoJ_ ---
[INFO] Setting rootdir: /data/devel/jenkins-maven/workspace/TopoJ
[INFO] 
[INFO] --- maven-resources-plugin:3.0.2:resources (default-resources) @ TopoJ_ ---
[INFO] Using 'UTF-8' encoding to copy filtered resources.
[INFO] Copying 1 resource
[INFO] 
[INFO] --- maven-compiler-plugin:3.6.0:compile (default-compile) @ TopoJ_ ---
[INFO] Compiling 2 source files to /data/devel/jenkins-maven/workspace/TopoJ/target/classes
[INFO] ------------------------------------------------------------------------
[INFO] BUILD FAILURE
[INFO] ------------------------------------------------------------------------
[INFO] Total time: 3.467s
[INFO] Finished at: Wed Mar 01 10:00:25 CST 2017
[INFO] Final Memory: 16M/360M
[INFO] ------------------------------------------------------------------------
[ERROR] Failed to execute goal org.apache.maven.plugins:maven-compiler-plugin:3.6.0:compile (default-compile) on project TopoJ_: Fatal error compiling: invalid target release: 1.8 -> [Help 1]
[ERROR] 
[ERROR] To see the full stack trace of the errors, re-run Maven with the -e switch.
[ERROR] Re-run Maven using the -X switch to enable full debug logging.
[ERROR] 
[ERROR] For more information about the errors and possible solutions, please read the following articles:
[ERROR] [Help 1] http://cwiki.apache.org/confluence/display/MAVEN/MojoExecutionException
Build step 'Execute shell' marked build as failure
Archiving artifacts


From jenkins at imagej.net  Wed Mar  1 15:37:44 2017
From: jenkins at imagej.net (jenkins at imagej.net)
Date: Wed, 01 Mar 2017 15:37:44 -0600 (CST)
Subject: [ImageJ-builds] Build failed in Jenkins: Anisotropic_Diffusion_2D
	#18
Message-ID: <1882932493.669.1488404264787.JavaMail.jenkins@dev>

See <http://jenkins.imagej.net/job/Anisotropic_Diffusion_2D/18/changes>

Changes:

[Curtis Rueden] Update parent to org.scijava:pom-scijava:14.0.0

[Curtis Rueden] Switch from Jenkins to Travis CI

------------------------------------------
Started by an SCM change
Building remotely on maven in workspace <http://jenkins.imagej.net/job/Anisotropic_Diffusion_2D/ws/>
 > git rev-parse --is-inside-work-tree # timeout=10
Fetching changes from the remote Git repository
 > git config remote.origin.url git://github.com/fiji/Anisotropic_Diffusion_2D # timeout=10
Fetching upstream changes from git://github.com/fiji/Anisotropic_Diffusion_2D
 > git --version # timeout=10
 > git -c core.askpass=true fetch --tags --progress git://github.com/fiji/Anisotropic_Diffusion_2D +refs/heads/*:refs/remotes/origin/*
 > git rev-parse origin/master^{commit} # timeout=10
Checking out Revision 8ba500567e33b76ccfe87cb9798145113225518e (origin/master)
 > git config core.sparsecheckout # timeout=10
 > git checkout -f 8ba500567e33b76ccfe87cb9798145113225518e
 > git rev-list ad6c04a5ef11da6d37d00d60994cdd948d1f30fd # timeout=10
 > git tag -a -f -m Jenkins Build #18 jenkins-Anisotropic_Diffusion_2D-18 # timeout=10
[Anisotropic_Diffusion_2D] $ /bin/sh -xe /tmp/hudson8158573092041839478.sh
+ git clean -dfx
Removing target/
[Anisotropic_Diffusion_2D] $ /bin/sh -xe /tmp/hudson7162992818494135652.sh
+ mvn -U -Pdeploy-to-imagej clean deploy
[INFO] Scanning for projects...
[INFO]                                                                         
[INFO] ------------------------------------------------------------------------
[INFO] Building Anisotropic Diffusion 2D 2.0.1-SNAPSHOT
[INFO] ------------------------------------------------------------------------
[INFO] 
[INFO] --- maven-clean-plugin:3.0.0:clean (default-clean) @ Anisotropic_Diffusion_2D ---
[INFO] 
[INFO] --- maven-enforcer-plugin:1.4.1:enforce (enforce-rules) @ Anisotropic_Diffusion_2D ---
[INFO] 
[INFO] --- build-helper-maven-plugin:1.12:regex-property (sanitize-version) @ Anisotropic_Diffusion_2D ---
[INFO] 
[INFO] --- buildnumber-maven-plugin:1.4:create (default) @ Anisotropic_Diffusion_2D ---
[INFO] Executing: /bin/sh -c cd '/data/devel/jenkins-maven/workspace/Anisotropic_Diffusion_2D' && 'git' 'rev-parse' '--verify' 'HEAD'
[INFO] Working directory: /data/devel/jenkins-maven/workspace/Anisotropic_Diffusion_2D
[INFO] Storing buildNumber: 8ba500567e33b76ccfe87cb9798145113225518e at timestamp: 1488404264043
[WARNING] Cannot get the branch information from the git repository: 
Detecting the current branch failed: fatal: ref HEAD is not a symbolic ref

[INFO] Executing: /bin/sh -c cd '/data/devel/jenkins-maven/workspace/Anisotropic_Diffusion_2D' && 'git' 'rev-parse' '--verify' 'HEAD'
[INFO] Working directory: /data/devel/jenkins-maven/workspace/Anisotropic_Diffusion_2D
[INFO] Storing buildScmBranch: UNKNOWN
[INFO] 
[INFO] --- scijava-maven-plugin:1.0.0:set-rootdir (set-rootdir) @ Anisotropic_Diffusion_2D ---
[INFO] Setting rootdir: /data/devel/jenkins-maven/workspace/Anisotropic_Diffusion_2D
[INFO] 
[INFO] --- maven-resources-plugin:3.0.2:resources (default-resources) @ Anisotropic_Diffusion_2D ---
[INFO] Using 'UTF-8' encoding to copy filtered resources.
[INFO] Copying 1 resource
[INFO] 
[INFO] --- maven-compiler-plugin:3.6.0:compile (default-compile) @ Anisotropic_Diffusion_2D ---
[INFO] Compiling 1 source file to /data/devel/jenkins-maven/workspace/Anisotropic_Diffusion_2D/target/classes
[INFO] ------------------------------------------------------------------------
[INFO] BUILD FAILURE
[INFO] ------------------------------------------------------------------------
[INFO] Total time: 3.582s
[INFO] Finished at: Wed Mar 01 15:37:44 CST 2017
[INFO] Final Memory: 16M/360M
[INFO] ------------------------------------------------------------------------
[ERROR] Failed to execute goal org.apache.maven.plugins:maven-compiler-plugin:3.6.0:compile (default-compile) on project Anisotropic_Diffusion_2D: Fatal error compiling: invalid target release: 1.8 -> [Help 1]
[ERROR] 
[ERROR] To see the full stack trace of the errors, re-run Maven with the -e switch.
[ERROR] Re-run Maven using the -X switch to enable full debug logging.
[ERROR] 
[ERROR] For more information about the errors and possible solutions, please read the following articles:
[ERROR] [Help 1] http://cwiki.apache.org/confluence/display/MAVEN/MojoExecutionException
Build step 'Execute shell' marked build as failure
Archiving artifacts


From jenkins at imagej.net  Wed Mar  1 15:37:53 2017
From: jenkins at imagej.net (jenkins at imagej.net)
Date: Wed, 01 Mar 2017 15:37:53 -0600 (CST)
Subject: [ImageJ-builds] Build failed in Jenkins: Archipelago_Plugins #24
Message-ID: <1363268256.670.1488404273933.JavaMail.jenkins@dev>

See <http://jenkins.imagej.net/job/Archipelago_Plugins/24/changes>

Changes:

[Curtis Rueden] Update parent to org.scijava:pom-scijava:14.0.0

[Curtis Rueden] Switch from Jenkins to Travis CI

------------------------------------------
Started by an SCM change
Building remotely on maven in workspace <http://jenkins.imagej.net/job/Archipelago_Plugins/ws/>
 > git rev-parse --is-inside-work-tree # timeout=10
Fetching changes from the remote Git repository
 > git config remote.origin.url git://github.com/fiji/Archipelago_Plugins # timeout=10
Fetching upstream changes from git://github.com/fiji/Archipelago_Plugins
 > git --version # timeout=10
 > git -c core.askpass=true fetch --tags --progress git://github.com/fiji/Archipelago_Plugins +refs/heads/*:refs/remotes/origin/*
 > git rev-parse origin/master^{commit} # timeout=10
Checking out Revision f754b91ff51bb596b3f1b5dda021bbb192e4548c (origin/master)
 > git config core.sparsecheckout # timeout=10
 > git checkout -f f754b91ff51bb596b3f1b5dda021bbb192e4548c
 > git rev-list 199699721ecc5631cfc6ee3287aa5f40f943f822 # timeout=10
 > git tag -a -f -m Jenkins Build #24 jenkins-Archipelago_Plugins-24 # timeout=10
[Archipelago_Plugins] $ /bin/sh -xe /tmp/hudson4366215459226515611.sh
+ git clean -dfx
Removing target/
[Archipelago_Plugins] $ /bin/sh -xe /tmp/hudson4760695049824969890.sh
+ mvn -U -Pdeploy-to-imagej clean deploy
[INFO] Scanning for projects...
[INFO]                                                                         
[INFO] ------------------------------------------------------------------------
[INFO] Building Archipelago Plugins 0.5.3-SNAPSHOT
[INFO] ------------------------------------------------------------------------
[INFO] 
[INFO] --- maven-clean-plugin:3.0.0:clean (default-clean) @ Archipelago_Plugins ---
[INFO] 
[INFO] --- maven-enforcer-plugin:1.4.1:enforce (enforce-rules) @ Archipelago_Plugins ---
[INFO] 
[INFO] --- build-helper-maven-plugin:1.12:regex-property (sanitize-version) @ Archipelago_Plugins ---
[INFO] 
[INFO] --- buildnumber-maven-plugin:1.4:create (default) @ Archipelago_Plugins ---
[INFO] Executing: /bin/sh -c cd '/data/devel/jenkins-maven/workspace/Archipelago_Plugins' && 'git' 'rev-parse' '--verify' 'HEAD'
[INFO] Working directory: /data/devel/jenkins-maven/workspace/Archipelago_Plugins
[INFO] Storing buildNumber: f754b91ff51bb596b3f1b5dda021bbb192e4548c at timestamp: 1488404273196
[WARNING] Cannot get the branch information from the git repository: 
Detecting the current branch failed: fatal: ref HEAD is not a symbolic ref

[INFO] Executing: /bin/sh -c cd '/data/devel/jenkins-maven/workspace/Archipelago_Plugins' && 'git' 'rev-parse' '--verify' 'HEAD'
[INFO] Working directory: /data/devel/jenkins-maven/workspace/Archipelago_Plugins
[INFO] Storing buildScmBranch: UNKNOWN
[INFO] 
[INFO] --- scijava-maven-plugin:1.0.0:set-rootdir (set-rootdir) @ Archipelago_Plugins ---
[INFO] Setting rootdir: /data/devel/jenkins-maven/workspace/Archipelago_Plugins
[INFO] 
[INFO] --- maven-resources-plugin:3.0.2:resources (default-resources) @ Archipelago_Plugins ---
[INFO] Using 'UTF-8' encoding to copy filtered resources.
[INFO] Copying 1 resource
[INFO] 
[INFO] --- maven-compiler-plugin:3.6.0:compile (default-compile) @ Archipelago_Plugins ---
[INFO] Compiling 4 source files to /data/devel/jenkins-maven/workspace/Archipelago_Plugins/target/classes
[INFO] ------------------------------------------------------------------------
[INFO] BUILD FAILURE
[INFO] ------------------------------------------------------------------------
[INFO] Total time: 6.121s
[INFO] Finished at: Wed Mar 01 15:37:53 CST 2017
[INFO] Final Memory: 27M/567M
[INFO] ------------------------------------------------------------------------
[ERROR] Failed to execute goal org.apache.maven.plugins:maven-compiler-plugin:3.6.0:compile (default-compile) on project Archipelago_Plugins: Fatal error compiling: invalid target release: 1.8 -> [Help 1]
[ERROR] 
[ERROR] To see the full stack trace of the errors, re-run Maven with the -e switch.
[ERROR] Re-run Maven using the -X switch to enable full debug logging.
[ERROR] 
[ERROR] For more information about the errors and possible solutions, please read the following articles:
[ERROR] [Help 1] http://cwiki.apache.org/confluence/display/MAVEN/MojoExecutionException
Build step 'Execute shell' marked build as failure
Archiving artifacts


From jenkins at imagej.net  Wed Mar  1 15:38:01 2017
From: jenkins at imagej.net (jenkins at imagej.net)
Date: Wed, 01 Mar 2017 15:38:01 -0600 (CST)
Subject: [ImageJ-builds] Build failed in Jenkins: Arrow #22
Message-ID: <349412559.671.1488404281501.JavaMail.jenkins@dev>

See <http://jenkins.imagej.net/job/Arrow/22/changes>

Changes:

[Curtis Rueden] Update parent to org.scijava:pom-scijava:14.0.0

[Curtis Rueden] Switch from Jenkins to Travis CI

------------------------------------------
Started by an SCM change
Building remotely on maven in workspace <http://jenkins.imagej.net/job/Arrow/ws/>
 > git rev-parse --is-inside-work-tree # timeout=10
Fetching changes from the remote Git repository
 > git config remote.origin.url git://github.com/fiji/Arrow # timeout=10
Fetching upstream changes from git://github.com/fiji/Arrow
 > git --version # timeout=10
 > git -c core.askpass=true fetch --tags --progress git://github.com/fiji/Arrow +refs/heads/*:refs/remotes/origin/*
 > git rev-parse origin/master^{commit} # timeout=10
Checking out Revision 62a06abfa6f9b30a971f9e7f6f8ac2ab4e2b11a8 (origin/master)
 > git config core.sparsecheckout # timeout=10
 > git checkout -f 62a06abfa6f9b30a971f9e7f6f8ac2ab4e2b11a8
 > git rev-list 59f7a212a1e25a51a27c146cc2606c569e912b2e # timeout=10
 > git tag -a -f -m Jenkins Build #22 jenkins-Arrow-22 # timeout=10
[Arrow] $ /bin/sh -xe /tmp/hudson3161347969926032797.sh
+ git clean -dfx
Removing target/
[Arrow] $ /bin/sh -xe /tmp/hudson2991066788870395826.sh
+ mvn -U -Pdeploy-to-imagej clean deploy
[INFO] Scanning for projects...
[INFO]                                                                         
[INFO] ------------------------------------------------------------------------
[INFO] Building Arrow 2.0.2-SNAPSHOT
[INFO] ------------------------------------------------------------------------
[INFO] 
[INFO] --- maven-clean-plugin:3.0.0:clean (default-clean) @ Arrow_ ---
[INFO] 
[INFO] --- maven-enforcer-plugin:1.4.1:enforce (enforce-rules) @ Arrow_ ---
[INFO] 
[INFO] --- build-helper-maven-plugin:1.12:regex-property (sanitize-version) @ Arrow_ ---
[INFO] 
[INFO] --- buildnumber-maven-plugin:1.4:create (default) @ Arrow_ ---
[INFO] Executing: /bin/sh -c cd '/data/devel/jenkins-maven/workspace/Arrow' && 'git' 'rev-parse' '--verify' 'HEAD'
[INFO] Working directory: /data/devel/jenkins-maven/workspace/Arrow
[INFO] Storing buildNumber: 62a06abfa6f9b30a971f9e7f6f8ac2ab4e2b11a8 at timestamp: 1488404280777
[WARNING] Cannot get the branch information from the git repository: 
Detecting the current branch failed: fatal: ref HEAD is not a symbolic ref

[INFO] Executing: /bin/sh -c cd '/data/devel/jenkins-maven/workspace/Arrow' && 'git' 'rev-parse' '--verify' 'HEAD'
[INFO] Working directory: /data/devel/jenkins-maven/workspace/Arrow
[INFO] Storing buildScmBranch: UNKNOWN
[INFO] 
[INFO] --- scijava-maven-plugin:1.0.0:set-rootdir (set-rootdir) @ Arrow_ ---
[INFO] Setting rootdir: /data/devel/jenkins-maven/workspace/Arrow
[INFO] 
[INFO] --- maven-resources-plugin:3.0.2:resources (default-resources) @ Arrow_ ---
[INFO] Using 'UTF-8' encoding to copy filtered resources.
[INFO] Copying 1 resource
[INFO] 
[INFO] --- maven-compiler-plugin:3.6.0:compile (default-compile) @ Arrow_ ---
[INFO] Compiling 3 source files to /data/devel/jenkins-maven/workspace/Arrow/target/classes
[INFO] ------------------------------------------------------------------------
[INFO] BUILD FAILURE
[INFO] ------------------------------------------------------------------------
[INFO] Total time: 3.734s
[INFO] Finished at: Wed Mar 01 15:38:01 CST 2017
[INFO] Final Memory: 17M/360M
[INFO] ------------------------------------------------------------------------
[ERROR] Failed to execute goal org.apache.maven.plugins:maven-compiler-plugin:3.6.0:compile (default-compile) on project Arrow_: Fatal error compiling: invalid target release: 1.8 -> [Help 1]
[ERROR] 
[ERROR] To see the full stack trace of the errors, re-run Maven with the -e switch.
[ERROR] Re-run Maven using the -X switch to enable full debug logging.
[ERROR] 
[ERROR] For more information about the errors and possible solutions, please read the following articles:
[ERROR] [Help 1] http://cwiki.apache.org/confluence/display/MAVEN/MojoExecutionException
Build step 'Execute shell' marked build as failure
Archiving artifacts


From jenkins at imagej.net  Wed Mar  1 15:38:08 2017
From: jenkins at imagej.net (jenkins at imagej.net)
Date: Wed, 01 Mar 2017 15:38:08 -0600 (CST)
Subject: [ImageJ-builds] Build failed in Jenkins: Auto_Threshold #30
Message-ID: <2043126734.672.1488404288021.JavaMail.jenkins@dev>

See <http://jenkins.imagej.net/job/Auto_Threshold/30/changes>

Changes:

[Curtis Rueden] Update parent to org.scijava:pom-scijava:14.0.0

[Curtis Rueden] Switch from Jenkins to Travis CI

------------------------------------------
Started by an SCM change
Building remotely on maven in workspace <http://jenkins.imagej.net/job/Auto_Threshold/ws/>
 > git rev-parse --is-inside-work-tree # timeout=10
Fetching changes from the remote Git repository
 > git config remote.origin.url git://github.com/fiji/Auto_Threshold # timeout=10
Fetching upstream changes from git://github.com/fiji/Auto_Threshold
 > git --version # timeout=10
 > git -c core.askpass=true fetch --tags --progress git://github.com/fiji/Auto_Threshold +refs/heads/*:refs/remotes/origin/*
 > git rev-parse origin/master^{commit} # timeout=10
Checking out Revision caff96df855d1f1ce6d4372ac0619bb263e3d296 (origin/master)
 > git config core.sparsecheckout # timeout=10
 > git checkout -f caff96df855d1f1ce6d4372ac0619bb263e3d296
 > git rev-list 5b7aea013e9177b8f515e145364796b23a713e06 # timeout=10
 > git tag -a -f -m Jenkins Build #30 jenkins-Auto_Threshold-30 # timeout=10
[Auto_Threshold] $ /bin/sh -xe /tmp/hudson7488325737489080999.sh
+ git clean -dfx
Removing target/
[Auto_Threshold] $ /bin/sh -xe /tmp/hudson1964176686549167968.sh
+ mvn -U -Pdeploy-to-imagej clean deploy
[INFO] Scanning for projects...
[INFO]                                                                         
[INFO] ------------------------------------------------------------------------
[INFO] Building Auto Threshold 1.16.5-SNAPSHOT
[INFO] ------------------------------------------------------------------------
[INFO] 
[INFO] --- maven-clean-plugin:3.0.0:clean (default-clean) @ Auto_Threshold ---
[INFO] 
[INFO] --- maven-enforcer-plugin:1.4.1:enforce (enforce-rules) @ Auto_Threshold ---
[INFO] 
[INFO] --- build-helper-maven-plugin:1.12:regex-property (sanitize-version) @ Auto_Threshold ---
[INFO] 
[INFO] --- buildnumber-maven-plugin:1.4:create (default) @ Auto_Threshold ---
[INFO] Executing: /bin/sh -c cd '/data/devel/jenkins-maven/workspace/Auto_Threshold' && 'git' 'rev-parse' '--verify' 'HEAD'
[INFO] Working directory: /data/devel/jenkins-maven/workspace/Auto_Threshold
[INFO] Storing buildNumber: caff96df855d1f1ce6d4372ac0619bb263e3d296 at timestamp: 1488404287269
[WARNING] Cannot get the branch information from the git repository: 
Detecting the current branch failed: fatal: ref HEAD is not a symbolic ref

[INFO] Executing: /bin/sh -c cd '/data/devel/jenkins-maven/workspace/Auto_Threshold' && 'git' 'rev-parse' '--verify' 'HEAD'
[INFO] Working directory: /data/devel/jenkins-maven/workspace/Auto_Threshold
[INFO] Storing buildScmBranch: UNKNOWN
[INFO] 
[INFO] --- scijava-maven-plugin:1.0.0:set-rootdir (set-rootdir) @ Auto_Threshold ---
[INFO] Setting rootdir: /data/devel/jenkins-maven/workspace/Auto_Threshold
[INFO] 
[INFO] --- maven-resources-plugin:3.0.2:resources (default-resources) @ Auto_Threshold ---
[INFO] Using 'UTF-8' encoding to copy filtered resources.
[INFO] Copying 1 resource
[INFO] 
[INFO] --- maven-compiler-plugin:3.6.0:compile (default-compile) @ Auto_Threshold ---
[INFO] Compiling 2 source files to /data/devel/jenkins-maven/workspace/Auto_Threshold/target/classes
[INFO] ------------------------------------------------------------------------
[INFO] BUILD FAILURE
[INFO] ------------------------------------------------------------------------
[INFO] Total time: 3.388s
[INFO] Finished at: Wed Mar 01 15:38:07 CST 2017
[INFO] Final Memory: 16M/360M
[INFO] ------------------------------------------------------------------------
[ERROR] Failed to execute goal org.apache.maven.plugins:maven-compiler-plugin:3.6.0:compile (default-compile) on project Auto_Threshold: Fatal error compiling: invalid target release: 1.8 -> [Help 1]
[ERROR] 
[ERROR] To see the full stack trace of the errors, re-run Maven with the -e switch.
[ERROR] Re-run Maven using the -X switch to enable full debug logging.
[ERROR] 
[ERROR] For more information about the errors and possible solutions, please read the following articles:
[ERROR] [Help 1] http://cwiki.apache.org/confluence/display/MAVEN/MojoExecutionException
Build step 'Execute shell' marked build as failure
Archiving artifacts


From jenkins at imagej.net  Wed Mar  1 15:38:16 2017
From: jenkins at imagej.net (jenkins at imagej.net)
Date: Wed, 01 Mar 2017 15:38:16 -0600 (CST)
Subject: [ImageJ-builds] Build failed in Jenkins: Bug_Submitter #27
Message-ID: <169762140.673.1488404296690.JavaMail.jenkins@dev>

See <http://jenkins.imagej.net/job/Bug_Submitter/27/changes>

Changes:

[Curtis Rueden] Update parent to org.scijava:pom-scijava:14.0.0

[Curtis Rueden] Switch from Jenkins to Travis CI

------------------------------------------
Started by an SCM change
Building remotely on maven in workspace <http://jenkins.imagej.net/job/Bug_Submitter/ws/>
 > git rev-parse --is-inside-work-tree # timeout=10
Fetching changes from the remote Git repository
 > git config remote.origin.url git://github.com/fiji/Bug_Submitter # timeout=10
Fetching upstream changes from git://github.com/fiji/Bug_Submitter
 > git --version # timeout=10
 > git -c core.askpass=true fetch --tags --progress git://github.com/fiji/Bug_Submitter +refs/heads/*:refs/remotes/origin/*
 > git rev-parse origin/master^{commit} # timeout=10
Checking out Revision 107a713e6ade92521093819255fc69151d01523e (origin/master)
 > git config core.sparsecheckout # timeout=10
 > git checkout -f 107a713e6ade92521093819255fc69151d01523e
 > git rev-list ef9f8e9d30481b442b9e44df54f129eea5fec4b9 # timeout=10
 > git tag -a -f -m Jenkins Build #27 jenkins-Bug_Submitter-27 # timeout=10
[Bug_Submitter] $ /bin/sh -xe /tmp/hudson1288978636824522583.sh
+ git clean -dfx
Removing target/
[Bug_Submitter] $ /bin/sh -xe /tmp/hudson8001459389070991464.sh
+ mvn -U -Pdeploy-to-imagej clean deploy
[INFO] Scanning for projects...
[INFO]                                                                         
[INFO] ------------------------------------------------------------------------
[INFO] Building Bug Submitter 2.1.1-SNAPSHOT
[INFO] ------------------------------------------------------------------------
[INFO] 
[INFO] --- maven-clean-plugin:3.0.0:clean (default-clean) @ Bug_Submitter ---
[INFO] 
[INFO] --- maven-enforcer-plugin:1.4.1:enforce (enforce-rules) @ Bug_Submitter ---
[INFO] 
[INFO] --- build-helper-maven-plugin:1.12:regex-property (sanitize-version) @ Bug_Submitter ---
[INFO] 
[INFO] --- buildnumber-maven-plugin:1.4:create (default) @ Bug_Submitter ---
[INFO] Executing: /bin/sh -c cd '/data/devel/jenkins-maven/workspace/Bug_Submitter' && 'git' 'rev-parse' '--verify' 'HEAD'
[INFO] Working directory: /data/devel/jenkins-maven/workspace/Bug_Submitter
[INFO] Storing buildNumber: 107a713e6ade92521093819255fc69151d01523e at timestamp: 1488404295848
[WARNING] Cannot get the branch information from the git repository: 
Detecting the current branch failed: fatal: ref HEAD is not a symbolic ref

[INFO] Executing: /bin/sh -c cd '/data/devel/jenkins-maven/workspace/Bug_Submitter' && 'git' 'rev-parse' '--verify' 'HEAD'
[INFO] Working directory: /data/devel/jenkins-maven/workspace/Bug_Submitter
[INFO] Storing buildScmBranch: UNKNOWN
[INFO] 
[INFO] --- scijava-maven-plugin:1.0.0:set-rootdir (set-rootdir) @ Bug_Submitter ---
[INFO] Setting rootdir: /data/devel/jenkins-maven/workspace/Bug_Submitter
[INFO] 
[INFO] --- maven-resources-plugin:3.0.2:resources (default-resources) @ Bug_Submitter ---
[INFO] Using 'UTF-8' encoding to copy filtered resources.
[INFO] Copying 1 resource
[INFO] 
[INFO] --- maven-compiler-plugin:3.6.0:compile (default-compile) @ Bug_Submitter ---
[INFO] Compiling 3 source files to /data/devel/jenkins-maven/workspace/Bug_Submitter/target/classes
[INFO] ------------------------------------------------------------------------
[INFO] BUILD FAILURE
[INFO] ------------------------------------------------------------------------
[INFO] Total time: 4.490s
[INFO] Finished at: Wed Mar 01 15:38:16 CST 2017
[INFO] Final Memory: 20M/460M
[INFO] ------------------------------------------------------------------------
[ERROR] Failed to execute goal org.apache.maven.plugins:maven-compiler-plugin:3.6.0:compile (default-compile) on project Bug_Submitter: Fatal error compiling: invalid target release: 1.8 -> [Help 1]
[ERROR] 
[ERROR] To see the full stack trace of the errors, re-run Maven with the -e switch.
[ERROR] Re-run Maven using the -X switch to enable full debug logging.
[ERROR] 
[ERROR] For more information about the errors and possible solutions, please read the following articles:
[ERROR] [Help 1] http://cwiki.apache.org/confluence/display/MAVEN/MojoExecutionException
Build step 'Execute shell' marked build as failure
Archiving artifacts


From jenkins at imagej.net  Wed Mar  1 15:38:23 2017
From: jenkins at imagej.net (jenkins at imagej.net)
Date: Wed, 01 Mar 2017 15:38:23 -0600 (CST)
Subject: [ImageJ-builds] Build failed in Jenkins: CPU_Meter #18
Message-ID: <1568857755.674.1488404303282.JavaMail.jenkins@dev>

See <http://jenkins.imagej.net/job/CPU_Meter/18/changes>

Changes:

[Curtis Rueden] Update parent to org.scijava:pom-scijava:14.0.0

[Curtis Rueden] Switch from Jenkins to Travis CI

------------------------------------------
Started by an SCM change
Building remotely on maven in workspace <http://jenkins.imagej.net/job/CPU_Meter/ws/>
 > git rev-parse --is-inside-work-tree # timeout=10
Fetching changes from the remote Git repository
 > git config remote.origin.url git://github.com/fiji/CPU_Meter # timeout=10
Fetching upstream changes from git://github.com/fiji/CPU_Meter
 > git --version # timeout=10
 > git -c core.askpass=true fetch --tags --progress git://github.com/fiji/CPU_Meter +refs/heads/*:refs/remotes/origin/*
 > git rev-parse origin/master^{commit} # timeout=10
Checking out Revision ce767caf434010c52389141190a15f3016f876ca (origin/master)
 > git config core.sparsecheckout # timeout=10
 > git checkout -f ce767caf434010c52389141190a15f3016f876ca
 > git rev-list 1f885e41e68eabd22e24955bb301d547e240321b # timeout=10
 > git tag -a -f -m Jenkins Build #18 jenkins-CPU_Meter-18 # timeout=10
[CPU_Meter] $ /bin/sh -xe /tmp/hudson8445195443717519100.sh
+ git clean -dfx
Removing target/
[CPU_Meter] $ /bin/sh -xe /tmp/hudson2627301878009082092.sh
+ mvn -U -Pdeploy-to-imagej clean deploy
[INFO] Scanning for projects...
[INFO]                                                                         
[INFO] ------------------------------------------------------------------------
[INFO] Building CPU Meter 2.0.1-SNAPSHOT
[INFO] ------------------------------------------------------------------------
[INFO] 
[INFO] --- maven-clean-plugin:3.0.0:clean (default-clean) @ CPU_Meter ---
[INFO] 
[INFO] --- maven-enforcer-plugin:1.4.1:enforce (enforce-rules) @ CPU_Meter ---
[INFO] 
[INFO] --- build-helper-maven-plugin:1.12:regex-property (sanitize-version) @ CPU_Meter ---
[INFO] 
[INFO] --- buildnumber-maven-plugin:1.4:create (default) @ CPU_Meter ---
[INFO] Executing: /bin/sh -c cd '/data/devel/jenkins-maven/workspace/CPU_Meter' && 'git' 'rev-parse' '--verify' 'HEAD'
[INFO] Working directory: /data/devel/jenkins-maven/workspace/CPU_Meter
[INFO] Storing buildNumber: ce767caf434010c52389141190a15f3016f876ca at timestamp: 1488404302487
[WARNING] Cannot get the branch information from the git repository: 
Detecting the current branch failed: fatal: ref HEAD is not a symbolic ref

[INFO] Executing: /bin/sh -c cd '/data/devel/jenkins-maven/workspace/CPU_Meter' && 'git' 'rev-parse' '--verify' 'HEAD'
[INFO] Working directory: /data/devel/jenkins-maven/workspace/CPU_Meter
[INFO] Storing buildScmBranch: UNKNOWN
[INFO] 
[INFO] --- scijava-maven-plugin:1.0.0:set-rootdir (set-rootdir) @ CPU_Meter ---
[INFO] Setting rootdir: /data/devel/jenkins-maven/workspace/CPU_Meter
[INFO] 
[INFO] --- maven-resources-plugin:3.0.2:resources (default-resources) @ CPU_Meter ---
[INFO] Using 'UTF-8' encoding to copy filtered resources.
[INFO] Copying 1 resource
[INFO] 
[INFO] --- maven-compiler-plugin:3.6.0:compile (default-compile) @ CPU_Meter ---
[INFO] Compiling 1 source file to /data/devel/jenkins-maven/workspace/CPU_Meter/target/classes
[INFO] ------------------------------------------------------------------------
[INFO] BUILD FAILURE
[INFO] ------------------------------------------------------------------------
[INFO] Total time: 3.545s
[INFO] Finished at: Wed Mar 01 15:38:23 CST 2017
[INFO] Final Memory: 20M/576M
[INFO] ------------------------------------------------------------------------
[ERROR] Failed to execute goal org.apache.maven.plugins:maven-compiler-plugin:3.6.0:compile (default-compile) on project CPU_Meter: Fatal error compiling: invalid target release: 1.8 -> [Help 1]
[ERROR] 
[ERROR] To see the full stack trace of the errors, re-run Maven with the -e switch.
[ERROR] Re-run Maven using the -X switch to enable full debug logging.
[ERROR] 
[ERROR] For more information about the errors and possible solutions, please read the following articles:
[ERROR] [Help 1] http://cwiki.apache.org/confluence/display/MAVEN/MojoExecutionException
Build step 'Execute shell' marked build as failure
Archiving artifacts


From jenkins at imagej.net  Wed Mar  1 15:38:56 2017
From: jenkins at imagej.net (jenkins at imagej.net)
Date: Wed, 01 Mar 2017 15:38:56 -0600 (CST)
Subject: [ImageJ-builds] Build failed in Jenkins: Colour_Deconvolution #24
Message-ID: <602719373.675.1488404336631.JavaMail.jenkins@dev>

See <http://jenkins.imagej.net/job/Colour_Deconvolution/24/changes>

Changes:

[Curtis Rueden] Update parent to org.scijava:pom-scijava:14.0.0

[Curtis Rueden] Switch from Jenkins to Travis CI

------------------------------------------
Started by an SCM change
Building remotely on maven in workspace <http://jenkins.imagej.net/job/Colour_Deconvolution/ws/>
 > git rev-parse --is-inside-work-tree # timeout=10
Fetching changes from the remote Git repository
 > git config remote.origin.url git://github.com/fiji/Colour_Deconvolution # timeout=10
Fetching upstream changes from git://github.com/fiji/Colour_Deconvolution
 > git --version # timeout=10
 > git -c core.askpass=true fetch --tags --progress git://github.com/fiji/Colour_Deconvolution +refs/heads/*:refs/remotes/origin/*
 > git rev-parse origin/master^{commit} # timeout=10
Checking out Revision f7a87bfa76c3806282e031bf0f8fb494f52d02a6 (origin/master)
 > git config core.sparsecheckout # timeout=10
 > git checkout -f f7a87bfa76c3806282e031bf0f8fb494f52d02a6
 > git rev-list e170516940938b1abe6c585cdf779394145a9683 # timeout=10
 > git tag -a -f -m Jenkins Build #24 jenkins-Colour_Deconvolution-24 # timeout=10
[Colour_Deconvolution] $ /bin/sh -xe /tmp/hudson3907818520546316566.sh
+ git clean -dfx
Removing target/
[Colour_Deconvolution] $ /bin/sh -xe /tmp/hudson1751499695163795998.sh
+ mvn -U -Pdeploy-to-imagej clean deploy
[INFO] Scanning for projects...
[INFO]                                                                         
[INFO] ------------------------------------------------------------------------
[INFO] Building Colour Deconvolution 3.0.2-SNAPSHOT
[INFO] ------------------------------------------------------------------------
[INFO] 
[INFO] --- maven-clean-plugin:3.0.0:clean (default-clean) @ Colour_Deconvolution ---
[INFO] 
[INFO] --- maven-enforcer-plugin:1.4.1:enforce (enforce-rules) @ Colour_Deconvolution ---
[INFO] 
[INFO] --- build-helper-maven-plugin:1.12:regex-property (sanitize-version) @ Colour_Deconvolution ---
[INFO] 
[INFO] --- buildnumber-maven-plugin:1.4:create (default) @ Colour_Deconvolution ---
[INFO] Executing: /bin/sh -c cd '/data/devel/jenkins-maven/workspace/Colour_Deconvolution' && 'git' 'rev-parse' '--verify' 'HEAD'
[INFO] Working directory: /data/devel/jenkins-maven/workspace/Colour_Deconvolution
[INFO] Storing buildNumber: f7a87bfa76c3806282e031bf0f8fb494f52d02a6 at timestamp: 1488404335846
[WARNING] Cannot get the branch information from the git repository: 
Detecting the current branch failed: fatal: ref HEAD is not a symbolic ref

[INFO] Executing: /bin/sh -c cd '/data/devel/jenkins-maven/workspace/Colour_Deconvolution' && 'git' 'rev-parse' '--verify' 'HEAD'
[INFO] Working directory: /data/devel/jenkins-maven/workspace/Colour_Deconvolution
[INFO] Storing buildScmBranch: UNKNOWN
[INFO] 
[INFO] --- scijava-maven-plugin:1.0.0:set-rootdir (set-rootdir) @ Colour_Deconvolution ---
[INFO] Setting rootdir: /data/devel/jenkins-maven/workspace/Colour_Deconvolution
[INFO] 
[INFO] --- maven-resources-plugin:3.0.2:resources (default-resources) @ Colour_Deconvolution ---
[INFO] Using 'UTF-8' encoding to copy filtered resources.
[INFO] Copying 2 resources
[INFO] 
[INFO] --- maven-compiler-plugin:3.6.0:compile (default-compile) @ Colour_Deconvolution ---
[INFO] Compiling 2 source files to /data/devel/jenkins-maven/workspace/Colour_Deconvolution/target/classes
[INFO] ------------------------------------------------------------------------
[INFO] BUILD FAILURE
[INFO] ------------------------------------------------------------------------
[INFO] Total time: 3.492s
[INFO] Finished at: Wed Mar 01 15:38:56 CST 2017
[INFO] Final Memory: 18M/455M
[INFO] ------------------------------------------------------------------------
[ERROR] Failed to execute goal org.apache.maven.plugins:maven-compiler-plugin:3.6.0:compile (default-compile) on project Colour_Deconvolution: Fatal error compiling: invalid target release: 1.8 -> [Help 1]
[ERROR] 
[ERROR] To see the full stack trace of the errors, re-run Maven with the -e switch.
[ERROR] Re-run Maven using the -X switch to enable full debug logging.
[ERROR] 
[ERROR] For more information about the errors and possible solutions, please read the following articles:
[ERROR] [Help 1] http://cwiki.apache.org/confluence/display/MAVEN/MojoExecutionException
Build step 'Execute shell' marked build as failure
Archiving artifacts


From jenkins at imagej.net  Wed Mar  1 15:39:15 2017
From: jenkins at imagej.net (jenkins at imagej.net)
Date: Wed, 01 Mar 2017 15:39:15 -0600 (CST)
Subject: [ImageJ-builds] Build failed in Jenkins: Dichromacy #18
Message-ID: <656162117.676.1488404355346.JavaMail.jenkins@dev>

See <http://jenkins.imagej.net/job/Dichromacy/18/changes>

Changes:

[Curtis Rueden] Update parent to org.scijava:pom-scijava:14.0.0

[Curtis Rueden] Switch from Jenkins to Travis CI

------------------------------------------
Started by an SCM change
Building remotely on maven in workspace <http://jenkins.imagej.net/job/Dichromacy/ws/>
 > git rev-parse --is-inside-work-tree # timeout=10
Fetching changes from the remote Git repository
 > git config remote.origin.url git://github.com/fiji/Dichromacy # timeout=10
Fetching upstream changes from git://github.com/fiji/Dichromacy
 > git --version # timeout=10
 > git -c core.askpass=true fetch --tags --progress git://github.com/fiji/Dichromacy +refs/heads/*:refs/remotes/origin/*
 > git rev-parse origin/master^{commit} # timeout=10
Checking out Revision 152fc1132049238268e9f262d2acbd816f3d5957 (origin/master)
 > git config core.sparsecheckout # timeout=10
 > git checkout -f 152fc1132049238268e9f262d2acbd816f3d5957
 > git rev-list 4e7c506b89dda87718df0234ae82bcdd9fdc1998 # timeout=10
 > git tag -a -f -m Jenkins Build #18 jenkins-Dichromacy-18 # timeout=10
[Dichromacy] $ /bin/sh -xe /tmp/hudson5788469282800283833.sh
+ git clean -dfx
Removing target/
[Dichromacy] $ /bin/sh -xe /tmp/hudson8127865155597868989.sh
+ mvn -U -Pdeploy-to-imagej clean deploy
[INFO] Scanning for projects...
[INFO]                                                                         
[INFO] ------------------------------------------------------------------------
[INFO] Building Dichromacy 2.1.1-SNAPSHOT
[INFO] ------------------------------------------------------------------------
[INFO] 
[INFO] --- maven-clean-plugin:3.0.0:clean (default-clean) @ Dichromacy_ ---
[INFO] 
[INFO] --- maven-enforcer-plugin:1.4.1:enforce (enforce-rules) @ Dichromacy_ ---
[INFO] 
[INFO] --- build-helper-maven-plugin:1.12:regex-property (sanitize-version) @ Dichromacy_ ---
[INFO] 
[INFO] --- buildnumber-maven-plugin:1.4:create (default) @ Dichromacy_ ---
[INFO] Executing: /bin/sh -c cd '/data/devel/jenkins-maven/workspace/Dichromacy' && 'git' 'rev-parse' '--verify' 'HEAD'
[INFO] Working directory: /data/devel/jenkins-maven/workspace/Dichromacy
[INFO] Storing buildNumber: 152fc1132049238268e9f262d2acbd816f3d5957 at timestamp: 1488404354593
[WARNING] Cannot get the branch information from the git repository: 
Detecting the current branch failed: fatal: ref HEAD is not a symbolic ref

[INFO] Executing: /bin/sh -c cd '/data/devel/jenkins-maven/workspace/Dichromacy' && 'git' 'rev-parse' '--verify' 'HEAD'
[INFO] Working directory: /data/devel/jenkins-maven/workspace/Dichromacy
[INFO] Storing buildScmBranch: UNKNOWN
[INFO] 
[INFO] --- scijava-maven-plugin:1.0.0:set-rootdir (set-rootdir) @ Dichromacy_ ---
[INFO] Setting rootdir: /data/devel/jenkins-maven/workspace/Dichromacy
[INFO] 
[INFO] --- maven-resources-plugin:3.0.2:resources (default-resources) @ Dichromacy_ ---
[INFO] Using 'UTF-8' encoding to copy filtered resources.
[INFO] Copying 1 resource
[INFO] 
[INFO] --- maven-compiler-plugin:3.6.0:compile (default-compile) @ Dichromacy_ ---
[INFO] Compiling 2 source files to /data/devel/jenkins-maven/workspace/Dichromacy/target/classes
[INFO] ------------------------------------------------------------------------
[INFO] BUILD FAILURE
[INFO] ------------------------------------------------------------------------
[INFO] Total time: 3.547s
[INFO] Finished at: Wed Mar 01 15:39:15 CST 2017
[INFO] Final Memory: 16M/360M
[INFO] ------------------------------------------------------------------------
[ERROR] Failed to execute goal org.apache.maven.plugins:maven-compiler-plugin:3.6.0:compile (default-compile) on project Dichromacy_: Fatal error compiling: invalid target release: 1.8 -> [Help 1]
[ERROR] 
[ERROR] To see the full stack trace of the errors, re-run Maven with the -e switch.
[ERROR] Re-run Maven using the -X switch to enable full debug logging.
[ERROR] 
[ERROR] For more information about the errors and possible solutions, please read the following articles:
[ERROR] [Help 1] http://cwiki.apache.org/confluence/display/MAVEN/MojoExecutionException
Build step 'Execute shell' marked build as failure
Archiving artifacts


From jenkins at imagej.net  Wed Mar  1 15:39:21 2017
From: jenkins at imagej.net (jenkins at imagej.net)
Date: Wed, 01 Mar 2017 15:39:21 -0600 (CST)
Subject: [ImageJ-builds] Build failed in Jenkins: Fiji_Archipelago #24
Message-ID: <878637132.677.1488404361800.JavaMail.jenkins@dev>

See <http://jenkins.imagej.net/job/Fiji_Archipelago/24/changes>

Changes:

[Curtis Rueden] Update parent to org.scijava:pom-scijava:14.0.0

[Curtis Rueden] Switch from Jenkins to Travis CI

------------------------------------------
Started by an SCM change
Building remotely on maven in workspace <http://jenkins.imagej.net/job/Fiji_Archipelago/ws/>
 > git rev-parse --is-inside-work-tree # timeout=10
Fetching changes from the remote Git repository
 > git config remote.origin.url git://github.com/fiji/Fiji_Archipelago # timeout=10
Fetching upstream changes from git://github.com/fiji/Fiji_Archipelago
 > git --version # timeout=10
 > git -c core.askpass=true fetch --tags --progress git://github.com/fiji/Fiji_Archipelago +refs/heads/*:refs/remotes/origin/*
 > git rev-parse origin/master^{commit} # timeout=10
Checking out Revision 8b5dda82d1d6b8a6de5287d2e95e0c374d2eb07a (origin/master)
 > git config core.sparsecheckout # timeout=10
 > git checkout -f 8b5dda82d1d6b8a6de5287d2e95e0c374d2eb07a
 > git rev-list 749f2d00e457a6f987f1718f4451fc7cb4b4ab88 # timeout=10
 > git tag -a -f -m Jenkins Build #24 jenkins-Fiji_Archipelago-24 # timeout=10
[Fiji_Archipelago] $ /bin/sh -xe /tmp/hudson8985561739543057063.sh
+ git clean -dfx
Removing target/
[Fiji_Archipelago] $ /bin/sh -xe /tmp/hudson6025179474169231247.sh
+ mvn -U -Pdeploy-to-imagej clean deploy
[INFO] Scanning for projects...
[INFO]                                                                         
[INFO] ------------------------------------------------------------------------
[INFO] Building Fiji Archipelago 2.0.1-SNAPSHOT
[INFO] ------------------------------------------------------------------------
[INFO] 
[INFO] --- maven-clean-plugin:3.0.0:clean (default-clean) @ Fiji_Archipelago ---
[INFO] 
[INFO] --- maven-enforcer-plugin:1.4.1:enforce (enforce-rules) @ Fiji_Archipelago ---
[INFO] 
[INFO] --- build-helper-maven-plugin:1.12:regex-property (sanitize-version) @ Fiji_Archipelago ---
[INFO] 
[INFO] --- buildnumber-maven-plugin:1.4:create (default) @ Fiji_Archipelago ---
[INFO] Executing: /bin/sh -c cd '/data/devel/jenkins-maven/workspace/Fiji_Archipelago' && 'git' 'rev-parse' '--verify' 'HEAD'
[INFO] Working directory: /data/devel/jenkins-maven/workspace/Fiji_Archipelago
[INFO] Storing buildNumber: 8b5dda82d1d6b8a6de5287d2e95e0c374d2eb07a at timestamp: 1488404360981
[WARNING] Cannot get the branch information from the git repository: 
Detecting the current branch failed: fatal: ref HEAD is not a symbolic ref

[INFO] Executing: /bin/sh -c cd '/data/devel/jenkins-maven/workspace/Fiji_Archipelago' && 'git' 'rev-parse' '--verify' 'HEAD'
[INFO] Working directory: /data/devel/jenkins-maven/workspace/Fiji_Archipelago
[INFO] Storing buildScmBranch: UNKNOWN
[INFO] 
[INFO] --- scijava-maven-plugin:1.0.0:set-rootdir (set-rootdir) @ Fiji_Archipelago ---
[INFO] Setting rootdir: /data/devel/jenkins-maven/workspace/Fiji_Archipelago
[INFO] 
[INFO] --- maven-resources-plugin:3.0.2:resources (default-resources) @ Fiji_Archipelago ---
[INFO] Using 'UTF-8' encoding to copy filtered resources.
[INFO] Copying 1 resource
[INFO] 
[INFO] --- maven-compiler-plugin:3.6.0:compile (default-compile) @ Fiji_Archipelago ---
[INFO] Compiling 65 source files to /data/devel/jenkins-maven/workspace/Fiji_Archipelago/target/classes
[INFO] ------------------------------------------------------------------------
[INFO] BUILD FAILURE
[INFO] ------------------------------------------------------------------------
[INFO] Total time: 3.667s
[INFO] Finished at: Wed Mar 01 15:39:21 CST 2017
[INFO] Final Memory: 16M/360M
[INFO] ------------------------------------------------------------------------
[ERROR] Failed to execute goal org.apache.maven.plugins:maven-compiler-plugin:3.6.0:compile (default-compile) on project Fiji_Archipelago: Fatal error compiling: invalid target release: 1.8 -> [Help 1]
[ERROR] 
[ERROR] To see the full stack trace of the errors, re-run Maven with the -e switch.
[ERROR] Re-run Maven using the -X switch to enable full debug logging.
[ERROR] 
[ERROR] For more information about the errors and possible solutions, please read the following articles:
[ERROR] [Help 1] http://cwiki.apache.org/confluence/display/MAVEN/MojoExecutionException
Build step 'Execute shell' marked build as failure
Archiving artifacts


From jenkins at imagej.net  Wed Mar  1 15:39:29 2017
From: jenkins at imagej.net (jenkins at imagej.net)
Date: Wed, 01 Mar 2017 15:39:29 -0600 (CST)
Subject: [ImageJ-builds] Build failed in Jenkins: Fiji_Package_Maker #25
Message-ID: <1427726649.678.1488404369672.JavaMail.jenkins@dev>

See <http://jenkins.imagej.net/job/Fiji_Package_Maker/25/changes>

Changes:

[Curtis Rueden] Update parent to org.scijava:pom-scijava:14.0.0

[Curtis Rueden] Switch from Jenkins to Travis CI

------------------------------------------
Started by an SCM change
Building remotely on maven in workspace <http://jenkins.imagej.net/job/Fiji_Package_Maker/ws/>
 > git rev-parse --is-inside-work-tree # timeout=10
Fetching changes from the remote Git repository
 > git config remote.origin.url git://github.com/fiji/Fiji_Package_Maker # timeout=10
Fetching upstream changes from git://github.com/fiji/Fiji_Package_Maker
 > git --version # timeout=10
 > git -c core.askpass=true fetch --tags --progress git://github.com/fiji/Fiji_Package_Maker +refs/heads/*:refs/remotes/origin/*
 > git rev-parse origin/master^{commit} # timeout=10
Checking out Revision 9764577d06af7452db53436486135f282e6239d1 (origin/master)
 > git config core.sparsecheckout # timeout=10
 > git checkout -f 9764577d06af7452db53436486135f282e6239d1
 > git rev-list 104a321c0b0f30924f0d5891a6369c4aedfbecd0 # timeout=10
 > git tag -a -f -m Jenkins Build #25 jenkins-Fiji_Package_Maker-25 # timeout=10
[Fiji_Package_Maker] $ /bin/sh -xe /tmp/hudson3638801816784280478.sh
+ git clean -dfx
Removing target/
[Fiji_Package_Maker] $ /bin/sh -xe /tmp/hudson8295805840083974367.sh
+ mvn -U -Pdeploy-to-imagej clean deploy
[INFO] Scanning for projects...
[INFO]                                                                         
[INFO] ------------------------------------------------------------------------
[INFO] Building Fiji Package Maker 2.1.1-SNAPSHOT
[INFO] ------------------------------------------------------------------------
[INFO] 
[INFO] --- maven-clean-plugin:3.0.0:clean (default-clean) @ Fiji_Package_Maker ---
[INFO] 
[INFO] --- maven-enforcer-plugin:1.4.1:enforce (enforce-rules) @ Fiji_Package_Maker ---
[INFO] 
[INFO] --- build-helper-maven-plugin:1.12:regex-property (sanitize-version) @ Fiji_Package_Maker ---
[INFO] 
[INFO] --- buildnumber-maven-plugin:1.4:create (default) @ Fiji_Package_Maker ---
[INFO] Executing: /bin/sh -c cd '/data/devel/jenkins-maven/workspace/Fiji_Package_Maker' && 'git' 'rev-parse' '--verify' 'HEAD'
[INFO] Working directory: /data/devel/jenkins-maven/workspace/Fiji_Package_Maker
[INFO] Storing buildNumber: 9764577d06af7452db53436486135f282e6239d1 at timestamp: 1488404368847
[WARNING] Cannot get the branch information from the git repository: 
Detecting the current branch failed: fatal: ref HEAD is not a symbolic ref

[INFO] Executing: /bin/sh -c cd '/data/devel/jenkins-maven/workspace/Fiji_Package_Maker' && 'git' 'rev-parse' '--verify' 'HEAD'
[INFO] Working directory: /data/devel/jenkins-maven/workspace/Fiji_Package_Maker
[INFO] Storing buildScmBranch: UNKNOWN
[INFO] 
[INFO] --- scijava-maven-plugin:1.0.0:set-rootdir (set-rootdir) @ Fiji_Package_Maker ---
[INFO] Setting rootdir: /data/devel/jenkins-maven/workspace/Fiji_Package_Maker
[INFO] 
[INFO] --- maven-resources-plugin:3.0.2:resources (default-resources) @ Fiji_Package_Maker ---
[INFO] Using 'UTF-8' encoding to copy filtered resources.
[INFO] Copying 1 resource
[INFO] 
[INFO] --- maven-compiler-plugin:3.6.0:compile (default-compile) @ Fiji_Package_Maker ---
[INFO] Compiling 6 source files to /data/devel/jenkins-maven/workspace/Fiji_Package_Maker/target/classes
[INFO] ------------------------------------------------------------------------
[INFO] BUILD FAILURE
[INFO] ------------------------------------------------------------------------
[INFO] Total time: 5.069s
[INFO] Finished at: Wed Mar 01 15:39:29 CST 2017
[INFO] Final Memory: 20M/459M
[INFO] ------------------------------------------------------------------------
[ERROR] Failed to execute goal org.apache.maven.plugins:maven-compiler-plugin:3.6.0:compile (default-compile) on project Fiji_Package_Maker: Fatal error compiling: invalid target release: 1.8 -> [Help 1]
[ERROR] 
[ERROR] To see the full stack trace of the errors, re-run Maven with the -e switch.
[ERROR] Re-run Maven using the -X switch to enable full debug logging.
[ERROR] 
[ERROR] For more information about the errors and possible solutions, please read the following articles:
[ERROR] [Help 1] http://cwiki.apache.org/confluence/display/MAVEN/MojoExecutionException
Build step 'Execute shell' marked build as failure
Archiving artifacts


From jenkins at imagej.net  Wed Mar  1 15:40:14 2017
From: jenkins at imagej.net (jenkins at imagej.net)
Date: Wed, 01 Mar 2017 15:40:14 -0600 (CST)
Subject: [ImageJ-builds] Build failed in Jenkins: Graph_Cut #31
Message-ID: <1798888515.679.1488404414511.JavaMail.jenkins@dev>

See <http://jenkins.imagej.net/job/Graph_Cut/31/changes>

Changes:

[Curtis Rueden] Update parent to org.scijava:pom-scijava:14.0.0

[Curtis Rueden] Switch from Jenkins to Travis CI

------------------------------------------
Started by an SCM change
Building remotely on maven in workspace <http://jenkins.imagej.net/job/Graph_Cut/ws/>
 > git rev-parse --is-inside-work-tree # timeout=10
Fetching changes from the remote Git repository
 > git config remote.origin.url git://github.com/fiji/Graph_Cut # timeout=10
Fetching upstream changes from git://github.com/fiji/Graph_Cut
 > git --version # timeout=10
 > git -c core.askpass=true fetch --tags --progress git://github.com/fiji/Graph_Cut +refs/heads/*:refs/remotes/origin/*
 > git rev-parse origin/master^{commit} # timeout=10
Checking out Revision 8dfe6a2f1ebf852c0772c4aefc937c2d99e940fc (origin/master)
 > git config core.sparsecheckout # timeout=10
 > git checkout -f 8dfe6a2f1ebf852c0772c4aefc937c2d99e940fc
 > git rev-list f4f0b623fb62670036c6c1bd8ca0e3f9a01f1866 # timeout=10
 > git tag -a -f -m Jenkins Build #31 jenkins-Graph_Cut-31 # timeout=10
[Graph_Cut] $ /bin/sh -xe /tmp/hudson4028442987387037755.sh
+ git clean -dfx
Removing target/
[Graph_Cut] $ /bin/sh -xe /tmp/hudson3761143432285068865.sh
+ mvn -U -Pdeploy-to-imagej clean deploy
[INFO] Scanning for projects...
[INFO]                                                                         
[INFO] ------------------------------------------------------------------------
[INFO] Building Graph Cut 1.0.2-SNAPSHOT
[INFO] ------------------------------------------------------------------------
[INFO] 
[INFO] --- maven-clean-plugin:3.0.0:clean (default-clean) @ Graph_Cut ---
[INFO] 
[INFO] --- maven-enforcer-plugin:1.4.1:enforce (enforce-rules) @ Graph_Cut ---
[INFO] 
[INFO] --- build-helper-maven-plugin:1.12:regex-property (sanitize-version) @ Graph_Cut ---
[INFO] 
[INFO] --- buildnumber-maven-plugin:1.4:create (default) @ Graph_Cut ---
[INFO] Executing: /bin/sh -c cd '/data/devel/jenkins-maven/workspace/Graph_Cut' && 'git' 'rev-parse' '--verify' 'HEAD'
[INFO] Working directory: /data/devel/jenkins-maven/workspace/Graph_Cut
[INFO] Storing buildNumber: 8dfe6a2f1ebf852c0772c4aefc937c2d99e940fc at timestamp: 1488404413635
[WARNING] Cannot get the branch information from the git repository: 
Detecting the current branch failed: fatal: ref HEAD is not a symbolic ref

[INFO] Executing: /bin/sh -c cd '/data/devel/jenkins-maven/workspace/Graph_Cut' && 'git' 'rev-parse' '--verify' 'HEAD'
[INFO] Working directory: /data/devel/jenkins-maven/workspace/Graph_Cut
[INFO] Storing buildScmBranch: UNKNOWN
[INFO] 
[INFO] --- scijava-maven-plugin:1.0.0:set-rootdir (set-rootdir) @ Graph_Cut ---
[INFO] Setting rootdir: /data/devel/jenkins-maven/workspace/Graph_Cut
[INFO] 
[INFO] --- maven-resources-plugin:3.0.2:resources (default-resources) @ Graph_Cut ---
[INFO] Using 'UTF-8' encoding to copy filtered resources.
[INFO] Copying 1 resource
[INFO] 
[INFO] --- maven-compiler-plugin:3.6.0:compile (default-compile) @ Graph_Cut ---
[INFO] Compiling 5 source files to /data/devel/jenkins-maven/workspace/Graph_Cut/target/classes
[INFO] ------------------------------------------------------------------------
[INFO] BUILD FAILURE
[INFO] ------------------------------------------------------------------------
[INFO] Total time: 5.860s
[INFO] Finished at: Wed Mar 01 15:40:14 CST 2017
[INFO] Final Memory: 23M/569M
[INFO] ------------------------------------------------------------------------
[ERROR] Failed to execute goal org.apache.maven.plugins:maven-compiler-plugin:3.6.0:compile (default-compile) on project Graph_Cut: Fatal error compiling: invalid target release: 1.8 -> [Help 1]
[ERROR] 
[ERROR] To see the full stack trace of the errors, re-run Maven with the -e switch.
[ERROR] Re-run Maven using the -X switch to enable full debug logging.
[ERROR] 
[ERROR] For more information about the errors and possible solutions, please read the following articles:
[ERROR] [Help 1] http://cwiki.apache.org/confluence/display/MAVEN/MojoExecutionException
Build step 'Execute shell' marked build as failure
Archiving artifacts


From jenkins at imagej.net  Wed Mar  1 15:40:20 2017
From: jenkins at imagej.net (jenkins at imagej.net)
Date: Wed, 01 Mar 2017 15:40:20 -0600 (CST)
Subject: [ImageJ-builds] Build failed in Jenkins: Gray_Morphology #21
Message-ID: <1938344291.680.1488404420771.JavaMail.jenkins@dev>

See <http://jenkins.imagej.net/job/Gray_Morphology/21/changes>

Changes:

[Curtis Rueden] Update parent to org.scijava:pom-scijava:14.0.0

[Curtis Rueden] Switch from Jenkins to Travis CI

------------------------------------------
Started by an SCM change
Building remotely on maven in workspace <http://jenkins.imagej.net/job/Gray_Morphology/ws/>
 > git rev-parse --is-inside-work-tree # timeout=10
Fetching changes from the remote Git repository
 > git config remote.origin.url git://github.com/fiji/Gray_Morphology # timeout=10
Fetching upstream changes from git://github.com/fiji/Gray_Morphology
 > git --version # timeout=10
 > git -c core.askpass=true fetch --tags --progress git://github.com/fiji/Gray_Morphology +refs/heads/*:refs/remotes/origin/*
 > git rev-parse origin/master^{commit} # timeout=10
Checking out Revision 89a927ede06af504be12eb727e310d3c823b4323 (origin/master)
 > git config core.sparsecheckout # timeout=10
 > git checkout -f 89a927ede06af504be12eb727e310d3c823b4323
 > git rev-list bcc672e9623aca434a9ef774d371de53b4436d0e # timeout=10
 > git tag -a -f -m Jenkins Build #21 jenkins-Gray_Morphology-21 # timeout=10
[Gray_Morphology] $ /bin/sh -xe /tmp/hudson4577364081755317933.sh
+ git clean -dfx
Removing target/
[Gray_Morphology] $ /bin/sh -xe /tmp/hudson351737236576634294.sh
+ mvn -U -Pdeploy-to-imagej clean deploy
[INFO] Scanning for projects...
[INFO]                                                                         
[INFO] ------------------------------------------------------------------------
[INFO] Building Gray Morphology 2.3.4-SNAPSHOT
[INFO] ------------------------------------------------------------------------
[INFO] 
[INFO] --- maven-clean-plugin:3.0.0:clean (default-clean) @ Gray_Morphology ---
[INFO] 
[INFO] --- maven-enforcer-plugin:1.4.1:enforce (enforce-rules) @ Gray_Morphology ---
[INFO] 
[INFO] --- build-helper-maven-plugin:1.12:regex-property (sanitize-version) @ Gray_Morphology ---
[INFO] 
[INFO] --- buildnumber-maven-plugin:1.4:create (default) @ Gray_Morphology ---
[INFO] Executing: /bin/sh -c cd '/data/devel/jenkins-maven/workspace/Gray_Morphology' && 'git' 'rev-parse' '--verify' 'HEAD'
[INFO] Working directory: /data/devel/jenkins-maven/workspace/Gray_Morphology
[INFO] Storing buildNumber: 89a927ede06af504be12eb727e310d3c823b4323 at timestamp: 1488404420032
[WARNING] Cannot get the branch information from the git repository: 
Detecting the current branch failed: fatal: ref HEAD is not a symbolic ref

[INFO] Executing: /bin/sh -c cd '/data/devel/jenkins-maven/workspace/Gray_Morphology' && 'git' 'rev-parse' '--verify' 'HEAD'
[INFO] Working directory: /data/devel/jenkins-maven/workspace/Gray_Morphology
[INFO] Storing buildScmBranch: UNKNOWN
[INFO] 
[INFO] --- scijava-maven-plugin:1.0.0:set-rootdir (set-rootdir) @ Gray_Morphology ---
[INFO] Setting rootdir: /data/devel/jenkins-maven/workspace/Gray_Morphology
[INFO] 
[INFO] --- maven-resources-plugin:3.0.2:resources (default-resources) @ Gray_Morphology ---
[INFO] Using 'UTF-8' encoding to copy filtered resources.
[INFO] Copying 2 resources
[INFO] 
[INFO] --- maven-compiler-plugin:3.6.0:compile (default-compile) @ Gray_Morphology ---
[INFO] Compiling 5 source files to /data/devel/jenkins-maven/workspace/Gray_Morphology/target/classes
[INFO] ------------------------------------------------------------------------
[INFO] BUILD FAILURE
[INFO] ------------------------------------------------------------------------
[INFO] Total time: 3.453s
[INFO] Finished at: Wed Mar 01 15:40:20 CST 2017
[INFO] Final Memory: 16M/360M
[INFO] ------------------------------------------------------------------------
[ERROR] Failed to execute goal org.apache.maven.plugins:maven-compiler-plugin:3.6.0:compile (default-compile) on project Gray_Morphology: Fatal error compiling: invalid target release: 1.8 -> [Help 1]
[ERROR] 
[ERROR] To see the full stack trace of the errors, re-run Maven with the -e switch.
[ERROR] Re-run Maven using the -X switch to enable full debug logging.
[ERROR] 
[ERROR] For more information about the errors and possible solutions, please read the following articles:
[ERROR] [Help 1] http://cwiki.apache.org/confluence/display/MAVEN/MojoExecutionException
Build step 'Execute shell' marked build as failure
Archiving artifacts


From jenkins at imagej.net  Wed Mar  1 15:40:26 2017
From: jenkins at imagej.net (jenkins at imagej.net)
Date: Wed, 01 Mar 2017 15:40:26 -0600 (CST)
Subject: [ImageJ-builds] Build failed in Jenkins: Helmholtz_Analysis #17
Message-ID: <181640880.681.1488404426913.JavaMail.jenkins@dev>

See <http://jenkins.imagej.net/job/Helmholtz_Analysis/17/changes>

Changes:

[Curtis Rueden] Update parent to org.scijava:pom-scijava:14.0.0

[Curtis Rueden] Switch from Jenkins to Travis CI

------------------------------------------
Started by an SCM change
Building remotely on maven in workspace <http://jenkins.imagej.net/job/Helmholtz_Analysis/ws/>
 > git rev-parse --is-inside-work-tree # timeout=10
Fetching changes from the remote Git repository
 > git config remote.origin.url git://github.com/fiji/Helmholtz_Analysis # timeout=10
Fetching upstream changes from git://github.com/fiji/Helmholtz_Analysis
 > git --version # timeout=10
 > git -c core.askpass=true fetch --tags --progress git://github.com/fiji/Helmholtz_Analysis +refs/heads/*:refs/remotes/origin/*
 > git rev-parse origin/master^{commit} # timeout=10
Checking out Revision 6ad2507dea9a28ed0a6af9ab40c73d5360817d57 (origin/master)
 > git config core.sparsecheckout # timeout=10
 > git checkout -f 6ad2507dea9a28ed0a6af9ab40c73d5360817d57
 > git rev-list 2215935f5212e4f322e1069476f59202e2ef04aa # timeout=10
 > git tag -a -f -m Jenkins Build #17 jenkins-Helmholtz_Analysis-17 # timeout=10
[Helmholtz_Analysis] $ /bin/sh -xe /tmp/hudson5242650053679241156.sh
+ git clean -dfx
Removing target/
[Helmholtz_Analysis] $ /bin/sh -xe /tmp/hudson4543427560780060351.sh
+ mvn -U -Pdeploy-to-imagej clean deploy
[INFO] Scanning for projects...
[INFO]                                                                         
[INFO] ------------------------------------------------------------------------
[INFO] Building Helmholtz Analysis 2.0.2-SNAPSHOT
[INFO] ------------------------------------------------------------------------
[INFO] 
[INFO] --- maven-clean-plugin:3.0.0:clean (default-clean) @ Helmholtz_Analysis ---
[INFO] 
[INFO] --- maven-enforcer-plugin:1.4.1:enforce (enforce-rules) @ Helmholtz_Analysis ---
[INFO] 
[INFO] --- build-helper-maven-plugin:1.12:regex-property (sanitize-version) @ Helmholtz_Analysis ---
[INFO] 
[INFO] --- buildnumber-maven-plugin:1.4:create (default) @ Helmholtz_Analysis ---
[INFO] Executing: /bin/sh -c cd '/data/devel/jenkins-maven/workspace/Helmholtz_Analysis' && 'git' 'rev-parse' '--verify' 'HEAD'
[INFO] Working directory: /data/devel/jenkins-maven/workspace/Helmholtz_Analysis
[INFO] Storing buildNumber: 6ad2507dea9a28ed0a6af9ab40c73d5360817d57 at timestamp: 1488404426185
[WARNING] Cannot get the branch information from the git repository: 
Detecting the current branch failed: fatal: ref HEAD is not a symbolic ref

[INFO] Executing: /bin/sh -c cd '/data/devel/jenkins-maven/workspace/Helmholtz_Analysis' && 'git' 'rev-parse' '--verify' 'HEAD'
[INFO] Working directory: /data/devel/jenkins-maven/workspace/Helmholtz_Analysis
[INFO] Storing buildScmBranch: UNKNOWN
[INFO] 
[INFO] --- scijava-maven-plugin:1.0.0:set-rootdir (set-rootdir) @ Helmholtz_Analysis ---
[INFO] Setting rootdir: /data/devel/jenkins-maven/workspace/Helmholtz_Analysis
[INFO] 
[INFO] --- maven-resources-plugin:3.0.2:resources (default-resources) @ Helmholtz_Analysis ---
[INFO] Using 'UTF-8' encoding to copy filtered resources.
[INFO] Copying 1 resource
[INFO] 
[INFO] --- maven-compiler-plugin:3.6.0:compile (default-compile) @ Helmholtz_Analysis ---
[INFO] Compiling 1 source file to /data/devel/jenkins-maven/workspace/Helmholtz_Analysis/target/classes
[INFO] ------------------------------------------------------------------------
[INFO] BUILD FAILURE
[INFO] ------------------------------------------------------------------------
[INFO] Total time: 3.421s
[INFO] Finished at: Wed Mar 01 15:40:26 CST 2017
[INFO] Final Memory: 16M/360M
[INFO] ------------------------------------------------------------------------
[ERROR] Failed to execute goal org.apache.maven.plugins:maven-compiler-plugin:3.6.0:compile (default-compile) on project Helmholtz_Analysis: Fatal error compiling: invalid target release: 1.8 -> [Help 1]
[ERROR] 
[ERROR] To see the full stack trace of the errors, re-run Maven with the -e switch.
[ERROR] Re-run Maven using the -X switch to enable full debug logging.
[ERROR] 
[ERROR] For more information about the errors and possible solutions, please read the following articles:
[ERROR] [Help 1] http://cwiki.apache.org/confluence/display/MAVEN/MojoExecutionException
Build step 'Execute shell' marked build as failure
Archiving artifacts


From jenkins at imagej.net  Wed Mar  1 15:40:33 2017
From: jenkins at imagej.net (jenkins at imagej.net)
Date: Wed, 01 Mar 2017 15:40:33 -0600 (CST)
Subject: [ImageJ-builds] Build failed in Jenkins: IsoData_Classifier #19
Message-ID: <386594213.682.1488404433176.JavaMail.jenkins@dev>

See <http://jenkins.imagej.net/job/IsoData_Classifier/19/changes>

Changes:

[Curtis Rueden] Update parent to org.scijava:pom-scijava:14.0.0

[Curtis Rueden] Switch from Jenkins to Travis CI

------------------------------------------
Started by an SCM change
Building remotely on maven in workspace <http://jenkins.imagej.net/job/IsoData_Classifier/ws/>
 > git rev-parse --is-inside-work-tree # timeout=10
Fetching changes from the remote Git repository
 > git config remote.origin.url git://github.com/fiji/IsoData_Classifier # timeout=10
Fetching upstream changes from git://github.com/fiji/IsoData_Classifier
 > git --version # timeout=10
 > git -c core.askpass=true fetch --tags --progress git://github.com/fiji/IsoData_Classifier +refs/heads/*:refs/remotes/origin/*
 > git rev-parse origin/master^{commit} # timeout=10
Checking out Revision 2eca7e8f59fe21eb4f811a24107b8c0fa01b4228 (origin/master)
 > git config core.sparsecheckout # timeout=10
 > git checkout -f 2eca7e8f59fe21eb4f811a24107b8c0fa01b4228
 > git rev-list 46f7325179877e136b5eb8881c6d0916684f28da # timeout=10
 > git tag -a -f -m Jenkins Build #19 jenkins-IsoData_Classifier-19 # timeout=10
[IsoData_Classifier] $ /bin/sh -xe /tmp/hudson5781814194247524065.sh
+ git clean -dfx
Removing target/
[IsoData_Classifier] $ /bin/sh -xe /tmp/hudson8829429366175061507.sh
+ mvn -U -Pdeploy-to-imagej clean deploy
[INFO] Scanning for projects...
[INFO]                                                                         
[INFO] ------------------------------------------------------------------------
[INFO] Building IsoData Classifier 2.0.1-SNAPSHOT
[INFO] ------------------------------------------------------------------------
[INFO] 
[INFO] --- maven-clean-plugin:3.0.0:clean (default-clean) @ IsoData_Classifier ---
[INFO] 
[INFO] --- maven-enforcer-plugin:1.4.1:enforce (enforce-rules) @ IsoData_Classifier ---
[INFO] 
[INFO] --- build-helper-maven-plugin:1.12:regex-property (sanitize-version) @ IsoData_Classifier ---
[INFO] 
[INFO] --- buildnumber-maven-plugin:1.4:create (default) @ IsoData_Classifier ---
[INFO] Executing: /bin/sh -c cd '/data/devel/jenkins-maven/workspace/IsoData_Classifier' && 'git' 'rev-parse' '--verify' 'HEAD'
[INFO] Working directory: /data/devel/jenkins-maven/workspace/IsoData_Classifier
[INFO] Storing buildNumber: 2eca7e8f59fe21eb4f811a24107b8c0fa01b4228 at timestamp: 1488404432373
[WARNING] Cannot get the branch information from the git repository: 
Detecting the current branch failed: fatal: ref HEAD is not a symbolic ref

[INFO] Executing: /bin/sh -c cd '/data/devel/jenkins-maven/workspace/IsoData_Classifier' && 'git' 'rev-parse' '--verify' 'HEAD'
[INFO] Working directory: /data/devel/jenkins-maven/workspace/IsoData_Classifier
[INFO] Storing buildScmBranch: UNKNOWN
[INFO] 
[INFO] --- scijava-maven-plugin:1.0.0:set-rootdir (set-rootdir) @ IsoData_Classifier ---
[INFO] Setting rootdir: /data/devel/jenkins-maven/workspace/IsoData_Classifier
[INFO] 
[INFO] --- maven-resources-plugin:3.0.2:resources (default-resources) @ IsoData_Classifier ---
[INFO] Using 'UTF-8' encoding to copy filtered resources.
[INFO] Copying 1 resource
[INFO] 
[INFO] --- maven-compiler-plugin:3.6.0:compile (default-compile) @ IsoData_Classifier ---
[INFO] Compiling 1 source file to /data/devel/jenkins-maven/workspace/IsoData_Classifier/target/classes
[INFO] ------------------------------------------------------------------------
[INFO] BUILD FAILURE
[INFO] ------------------------------------------------------------------------
[INFO] Total time: 3.460s
[INFO] Finished at: Wed Mar 01 15:40:32 CST 2017
[INFO] Final Memory: 16M/360M
[INFO] ------------------------------------------------------------------------
[ERROR] Failed to execute goal org.apache.maven.plugins:maven-compiler-plugin:3.6.0:compile (default-compile) on project IsoData_Classifier: Fatal error compiling: invalid target release: 1.8 -> [Help 1]
[ERROR] 
[ERROR] To see the full stack trace of the errors, re-run Maven with the -e switch.
[ERROR] Re-run Maven using the -X switch to enable full debug logging.
[ERROR] 
[ERROR] For more information about the errors and possible solutions, please read the following articles:
[ERROR] [Help 1] http://cwiki.apache.org/confluence/display/MAVEN/MojoExecutionException
Build step 'Execute shell' marked build as failure
Archiving artifacts


From jenkins at imagej.net  Wed Mar  1 15:40:40 2017
From: jenkins at imagej.net (jenkins at imagej.net)
Date: Wed, 01 Mar 2017 15:40:40 -0600 (CST)
Subject: [ImageJ-builds] Build failed in Jenkins: LSM_Reader #14
Message-ID: <1567768264.683.1488404440433.JavaMail.jenkins@dev>

See <http://jenkins.imagej.net/job/LSM_Reader/14/changes>

Changes:

[Curtis Rueden] Update parent to org.scijava:pom-scijava:14.0.0

[Curtis Rueden] Switch from Jenkins to Travis CI

------------------------------------------
Started by an SCM change
Building remotely on maven in workspace <http://jenkins.imagej.net/job/LSM_Reader/ws/>
 > git rev-parse --is-inside-work-tree # timeout=10
Fetching changes from the remote Git repository
 > git config remote.origin.url git://github.com/fiji/LSM_Reader # timeout=10
Fetching upstream changes from git://github.com/fiji/LSM_Reader
 > git --version # timeout=10
 > git -c core.askpass=true fetch --tags --progress git://github.com/fiji/LSM_Reader +refs/heads/*:refs/remotes/origin/*
 > git rev-parse origin/master^{commit} # timeout=10
Checking out Revision c4cab765d970f30b11d9fd2da9ddbf1236a5c2b3 (origin/master)
 > git config core.sparsecheckout # timeout=10
 > git checkout -f c4cab765d970f30b11d9fd2da9ddbf1236a5c2b3
 > git rev-list 5c3def492912049ea0d5b0935ed999e07bffdfc9 # timeout=10
 > git tag -a -f -m Jenkins Build #14 jenkins-LSM_Reader-14 # timeout=10
[LSM_Reader] $ /bin/sh -xe /tmp/hudson7245632159932054882.sh
+ git clean -dfx
Removing target/
[LSM_Reader] $ /bin/sh -xe /tmp/hudson7389650506554346362.sh
+ mvn -U -Pdeploy-to-imagej clean deploy
[INFO] Scanning for projects...
[INFO]                                                                         
[INFO] ------------------------------------------------------------------------
[INFO] Building LSM Reader 4.1.2-SNAPSHOT
[INFO] ------------------------------------------------------------------------
[INFO] 
[INFO] --- maven-clean-plugin:3.0.0:clean (default-clean) @ LSM_Reader ---
[INFO] 
[INFO] --- maven-enforcer-plugin:1.4.1:enforce (enforce-rules) @ LSM_Reader ---
[INFO] 
[INFO] --- build-helper-maven-plugin:1.12:regex-property (sanitize-version) @ LSM_Reader ---
[INFO] 
[INFO] --- buildnumber-maven-plugin:1.4:create (default) @ LSM_Reader ---
[INFO] Executing: /bin/sh -c cd '/data/devel/jenkins-maven/workspace/LSM_Reader' && 'git' 'rev-parse' '--verify' 'HEAD'
[INFO] Working directory: /data/devel/jenkins-maven/workspace/LSM_Reader
[INFO] Storing buildNumber: c4cab765d970f30b11d9fd2da9ddbf1236a5c2b3 at timestamp: 1488404439590
[WARNING] Cannot get the branch information from the git repository: 
Detecting the current branch failed: fatal: ref HEAD is not a symbolic ref

[INFO] Executing: /bin/sh -c cd '/data/devel/jenkins-maven/workspace/LSM_Reader' && 'git' 'rev-parse' '--verify' 'HEAD'
[INFO] Working directory: /data/devel/jenkins-maven/workspace/LSM_Reader
[INFO] Storing buildScmBranch: UNKNOWN
[INFO] 
[INFO] --- scijava-maven-plugin:1.0.0:set-rootdir (set-rootdir) @ LSM_Reader ---
[INFO] Setting rootdir: /data/devel/jenkins-maven/workspace/LSM_Reader
[INFO] 
[INFO] --- maven-resources-plugin:3.0.2:resources (default-resources) @ LSM_Reader ---
[INFO] Using 'UTF-8' encoding to copy filtered resources.
[INFO] Copying 1 resource
[INFO] 
[INFO] --- maven-compiler-plugin:3.6.0:compile (default-compile) @ LSM_Reader ---
[INFO] Compiling 6 source files to /data/devel/jenkins-maven/workspace/LSM_Reader/target/classes
[INFO] ------------------------------------------------------------------------
[INFO] BUILD FAILURE
[INFO] ------------------------------------------------------------------------
[INFO] Total time: 3.634s
[INFO] Finished at: Wed Mar 01 15:40:40 CST 2017
[INFO] Final Memory: 16M/360M
[INFO] ------------------------------------------------------------------------
[ERROR] Failed to execute goal org.apache.maven.plugins:maven-compiler-plugin:3.6.0:compile (default-compile) on project LSM_Reader: Fatal error compiling: invalid target release: 1.8 -> [Help 1]
[ERROR] 
[ERROR] To see the full stack trace of the errors, re-run Maven with the -e switch.
[ERROR] Re-run Maven using the -X switch to enable full debug logging.
[ERROR] 
[ERROR] For more information about the errors and possible solutions, please read the following articles:
[ERROR] [Help 1] http://cwiki.apache.org/confluence/display/MAVEN/MojoExecutionException
Build step 'Execute shell' marked build as failure
Archiving artifacts


From jenkins at imagej.net  Wed Mar  1 15:40:47 2017
From: jenkins at imagej.net (jenkins at imagej.net)
Date: Wed, 01 Mar 2017 15:40:47 -0600 (CST)
Subject: [ImageJ-builds] Build failed in Jenkins: LSM_Toolbox #14
Message-ID: <308952432.684.1488404447007.JavaMail.jenkins@dev>

See <http://jenkins.imagej.net/job/LSM_Toolbox/14/changes>

Changes:

[Curtis Rueden] Update parent to org.scijava:pom-scijava:14.0.0

[Curtis Rueden] Switch from Jenkins to Travis CI

------------------------------------------
Started by an SCM change
Building remotely on maven in workspace <http://jenkins.imagej.net/job/LSM_Toolbox/ws/>
 > git rev-parse --is-inside-work-tree # timeout=10
Fetching changes from the remote Git repository
 > git config remote.origin.url git://github.com/fiji/LSM_Toolbox # timeout=10
Fetching upstream changes from git://github.com/fiji/LSM_Toolbox
 > git --version # timeout=10
 > git -c core.askpass=true fetch --tags --progress git://github.com/fiji/LSM_Toolbox +refs/heads/*:refs/remotes/origin/*
 > git rev-parse origin/master^{commit} # timeout=10
Checking out Revision 29fdf7073efcab1a1d66fc925a3b871c3e4848d4 (origin/master)
 > git config core.sparsecheckout # timeout=10
 > git checkout -f 29fdf7073efcab1a1d66fc925a3b871c3e4848d4
 > git rev-list 328234a7399b82ffb07c5c742f65c31e3543e0d5 # timeout=10
 > git tag -a -f -m Jenkins Build #14 jenkins-LSM_Toolbox-14 # timeout=10
[LSM_Toolbox] $ /bin/sh -xe /tmp/hudson5887522274409574326.sh
+ git clean -dfx
Removing target/
[LSM_Toolbox] $ /bin/sh -xe /tmp/hudson3326871345483920523.sh
+ mvn -U -Pdeploy-to-imagej clean deploy
[INFO] Scanning for projects...
[INFO]                                                                         
[INFO] ------------------------------------------------------------------------
[INFO] Building LSM Toolbox 4.1.2-SNAPSHOT
[INFO] ------------------------------------------------------------------------
[INFO] 
[INFO] --- maven-clean-plugin:3.0.0:clean (default-clean) @ LSM_Toolbox ---
[INFO] 
[INFO] --- maven-enforcer-plugin:1.4.1:enforce (enforce-rules) @ LSM_Toolbox ---
[INFO] 
[INFO] --- build-helper-maven-plugin:1.12:regex-property (sanitize-version) @ LSM_Toolbox ---
[INFO] 
[INFO] --- buildnumber-maven-plugin:1.4:create (default) @ LSM_Toolbox ---
[INFO] Executing: /bin/sh -c cd '/data/devel/jenkins-maven/workspace/LSM_Toolbox' && 'git' 'rev-parse' '--verify' 'HEAD'
[INFO] Working directory: /data/devel/jenkins-maven/workspace/LSM_Toolbox
[INFO] Storing buildNumber: 29fdf7073efcab1a1d66fc925a3b871c3e4848d4 at timestamp: 1488404446150
[WARNING] Cannot get the branch information from the git repository: 
Detecting the current branch failed: fatal: ref HEAD is not a symbolic ref

[INFO] Executing: /bin/sh -c cd '/data/devel/jenkins-maven/workspace/LSM_Toolbox' && 'git' 'rev-parse' '--verify' 'HEAD'
[INFO] Working directory: /data/devel/jenkins-maven/workspace/LSM_Toolbox
[INFO] Storing buildScmBranch: UNKNOWN
[INFO] 
[INFO] --- scijava-maven-plugin:1.0.0:set-rootdir (set-rootdir) @ LSM_Toolbox ---
[INFO] Setting rootdir: /data/devel/jenkins-maven/workspace/LSM_Toolbox
[INFO] 
[INFO] --- maven-resources-plugin:3.0.2:resources (default-resources) @ LSM_Toolbox ---
[INFO] Using 'UTF-8' encoding to copy filtered resources.
[INFO] Copying 47 resources
[INFO] 
[INFO] --- maven-compiler-plugin:3.6.0:compile (default-compile) @ LSM_Toolbox ---
[INFO] Compiling 46 source files to /data/devel/jenkins-maven/workspace/LSM_Toolbox/target/classes
[INFO] ------------------------------------------------------------------------
[INFO] BUILD FAILURE
[INFO] ------------------------------------------------------------------------
[INFO] Total time: 3.652s
[INFO] Finished at: Wed Mar 01 15:40:46 CST 2017
[INFO] Final Memory: 16M/360M
[INFO] ------------------------------------------------------------------------
[ERROR] Failed to execute goal org.apache.maven.plugins:maven-compiler-plugin:3.6.0:compile (default-compile) on project LSM_Toolbox: Fatal error compiling: invalid target release: 1.8 -> [Help 1]
[ERROR] 
[ERROR] To see the full stack trace of the errors, re-run Maven with the -e switch.
[ERROR] Re-run Maven using the -X switch to enable full debug logging.
[ERROR] 
[ERROR] For more information about the errors and possible solutions, please read the following articles:
[ERROR] [Help 1] http://cwiki.apache.org/confluence/display/MAVEN/MojoExecutionException
Build step 'Execute shell' marked build as failure
Archiving artifacts


From jenkins at imagej.net  Wed Mar  1 15:41:06 2017
From: jenkins at imagej.net (jenkins at imagej.net)
Date: Wed, 01 Mar 2017 15:41:06 -0600 (CST)
Subject: [ImageJ-builds] Build failed in Jenkins: Linear_Kuwahara #18
Message-ID: <981476455.685.1488404466902.JavaMail.jenkins@dev>

See <http://jenkins.imagej.net/job/Linear_Kuwahara/18/changes>

Changes:

[Curtis Rueden] Update parent to org.scijava:pom-scijava:14.0.0

[Curtis Rueden] Switch from Jenkins to Travis CI

------------------------------------------
Started by an SCM change
Building remotely on maven in workspace <http://jenkins.imagej.net/job/Linear_Kuwahara/ws/>
 > git rev-parse --is-inside-work-tree # timeout=10
Fetching changes from the remote Git repository
 > git config remote.origin.url git://github.com/fiji/Linear_Kuwahara # timeout=10
Fetching upstream changes from git://github.com/fiji/Linear_Kuwahara
 > git --version # timeout=10
 > git -c core.askpass=true fetch --tags --progress git://github.com/fiji/Linear_Kuwahara +refs/heads/*:refs/remotes/origin/*
 > git rev-parse origin/master^{commit} # timeout=10
Checking out Revision 5bf01b6e4198c018dc6bfb1b24eeaa23b50e96ca (origin/master)
 > git config core.sparsecheckout # timeout=10
 > git checkout -f 5bf01b6e4198c018dc6bfb1b24eeaa23b50e96ca
 > git rev-list d4fbf5a7d9a0124062b335e4cfc6d14f5ee9502e # timeout=10
 > git tag -a -f -m Jenkins Build #18 jenkins-Linear_Kuwahara-18 # timeout=10
[Linear_Kuwahara] $ /bin/sh -xe /tmp/hudson4220653168000471044.sh
+ git clean -dfx
Removing target/
[Linear_Kuwahara] $ /bin/sh -xe /tmp/hudson8919522813573493123.sh
+ mvn -U -Pdeploy-to-imagej clean deploy
[INFO] Scanning for projects...
[INFO]                                                                         
[INFO] ------------------------------------------------------------------------
[INFO] Building Linear Kuwahara 2.0.1-SNAPSHOT
[INFO] ------------------------------------------------------------------------
[INFO] 
[INFO] --- maven-clean-plugin:3.0.0:clean (default-clean) @ Linear_Kuwahara ---
[INFO] 
[INFO] --- maven-enforcer-plugin:1.4.1:enforce (enforce-rules) @ Linear_Kuwahara ---
[INFO] 
[INFO] --- build-helper-maven-plugin:1.12:regex-property (sanitize-version) @ Linear_Kuwahara ---
[INFO] 
[INFO] --- buildnumber-maven-plugin:1.4:create (default) @ Linear_Kuwahara ---
[INFO] Executing: /bin/sh -c cd '/data/devel/jenkins-maven/workspace/Linear_Kuwahara' && 'git' 'rev-parse' '--verify' 'HEAD'
[INFO] Working directory: /data/devel/jenkins-maven/workspace/Linear_Kuwahara
[INFO] Storing buildNumber: 5bf01b6e4198c018dc6bfb1b24eeaa23b50e96ca at timestamp: 1488404466168
[WARNING] Cannot get the branch information from the git repository: 
Detecting the current branch failed: fatal: ref HEAD is not a symbolic ref

[INFO] Executing: /bin/sh -c cd '/data/devel/jenkins-maven/workspace/Linear_Kuwahara' && 'git' 'rev-parse' '--verify' 'HEAD'
[INFO] Working directory: /data/devel/jenkins-maven/workspace/Linear_Kuwahara
[INFO] Storing buildScmBranch: UNKNOWN
[INFO] 
[INFO] --- scijava-maven-plugin:1.0.0:set-rootdir (set-rootdir) @ Linear_Kuwahara ---
[INFO] Setting rootdir: /data/devel/jenkins-maven/workspace/Linear_Kuwahara
[INFO] 
[INFO] --- maven-resources-plugin:3.0.2:resources (default-resources) @ Linear_Kuwahara ---
[INFO] Using 'UTF-8' encoding to copy filtered resources.
[INFO] Copying 1 resource
[INFO] 
[INFO] --- maven-compiler-plugin:3.6.0:compile (default-compile) @ Linear_Kuwahara ---
[INFO] Compiling 1 source file to /data/devel/jenkins-maven/workspace/Linear_Kuwahara/target/classes
[INFO] ------------------------------------------------------------------------
[INFO] BUILD FAILURE
[INFO] ------------------------------------------------------------------------
[INFO] Total time: 3.391s
[INFO] Finished at: Wed Mar 01 15:41:06 CST 2017
[INFO] Final Memory: 16M/360M
[INFO] ------------------------------------------------------------------------
[ERROR] Failed to execute goal org.apache.maven.plugins:maven-compiler-plugin:3.6.0:compile (default-compile) on project Linear_Kuwahara: Fatal error compiling: invalid target release: 1.8 -> [Help 1]
[ERROR] 
[ERROR] To see the full stack trace of the errors, re-run Maven with the -e switch.
[ERROR] Re-run Maven using the -X switch to enable full debug logging.
[ERROR] 
[ERROR] For more information about the errors and possible solutions, please read the following articles:
[ERROR] [Help 1] http://cwiki.apache.org/confluence/display/MAVEN/MojoExecutionException
Build step 'Execute shell' marked build as failure
Archiving artifacts


From jenkins at imagej.net  Wed Mar  1 15:41:27 2017
From: jenkins at imagej.net (jenkins at imagej.net)
Date: Wed, 01 Mar 2017 15:41:27 -0600 (CST)
Subject: [ImageJ-builds] Build failed in Jenkins: MTrack2 #15
Message-ID: <2102172262.686.1488404487980.JavaMail.jenkins@dev>

See <http://jenkins.imagej.net/job/MTrack2/15/changes>

Changes:

[Curtis Rueden] Update parent to org.scijava:pom-scijava:14.0.0

[Curtis Rueden] Switch from Jenkins to Travis CI

------------------------------------------
Started by an SCM change
Building remotely on maven in workspace <http://jenkins.imagej.net/job/MTrack2/ws/>
 > git rev-parse --is-inside-work-tree # timeout=10
Fetching changes from the remote Git repository
 > git config remote.origin.url git://github.com/fiji/MTrack2 # timeout=10
Fetching upstream changes from git://github.com/fiji/MTrack2
 > git --version # timeout=10
 > git -c core.askpass=true fetch --tags --progress git://github.com/fiji/MTrack2 +refs/heads/*:refs/remotes/origin/*
 > git rev-parse origin/master^{commit} # timeout=10
Checking out Revision 34c024c96a449bb74b48054e0f159007e856826a (origin/master)
 > git config core.sparsecheckout # timeout=10
 > git checkout -f 34c024c96a449bb74b48054e0f159007e856826a
 > git rev-list f2bbecebb46b23393c796012c7d955d0bc9c7678 # timeout=10
 > git tag -a -f -m Jenkins Build #15 jenkins-MTrack2-15 # timeout=10
[MTrack2] $ /bin/sh -xe /tmp/hudson1253937700805329442.sh
+ git clean -dfx
Removing target/
[MTrack2] $ /bin/sh -xe /tmp/hudson1505738134452913832.sh
+ mvn -U -Pdeploy-to-imagej clean deploy
[INFO] Scanning for projects...
[INFO]                                                                         
[INFO] ------------------------------------------------------------------------
[INFO] Building MTrack2 2.0.1-SNAPSHOT
[INFO] ------------------------------------------------------------------------
[INFO] 
[INFO] --- maven-clean-plugin:3.0.0:clean (default-clean) @ MTrack2_ ---
[INFO] 
[INFO] --- maven-enforcer-plugin:1.4.1:enforce (enforce-rules) @ MTrack2_ ---
[INFO] 
[INFO] --- build-helper-maven-plugin:1.12:regex-property (sanitize-version) @ MTrack2_ ---
[INFO] 
[INFO] --- buildnumber-maven-plugin:1.4:create (default) @ MTrack2_ ---
[INFO] Executing: /bin/sh -c cd '/data/devel/jenkins-maven/workspace/MTrack2' && 'git' 'rev-parse' '--verify' 'HEAD'
[INFO] Working directory: /data/devel/jenkins-maven/workspace/MTrack2
[INFO] Storing buildNumber: 34c024c96a449bb74b48054e0f159007e856826a at timestamp: 1488404487217
[WARNING] Cannot get the branch information from the git repository: 
Detecting the current branch failed: fatal: ref HEAD is not a symbolic ref

[INFO] Executing: /bin/sh -c cd '/data/devel/jenkins-maven/workspace/MTrack2' && 'git' 'rev-parse' '--verify' 'HEAD'
[INFO] Working directory: /data/devel/jenkins-maven/workspace/MTrack2
[INFO] Storing buildScmBranch: UNKNOWN
[INFO] 
[INFO] --- scijava-maven-plugin:1.0.0:set-rootdir (set-rootdir) @ MTrack2_ ---
[INFO] Setting rootdir: /data/devel/jenkins-maven/workspace/MTrack2
[INFO] 
[INFO] --- maven-resources-plugin:3.0.2:resources (default-resources) @ MTrack2_ ---
[INFO] Using 'UTF-8' encoding to copy filtered resources.
[INFO] Copying 1 resource
[INFO] 
[INFO] --- maven-compiler-plugin:3.6.0:compile (default-compile) @ MTrack2_ ---
[INFO] Compiling 1 source file to /data/devel/jenkins-maven/workspace/MTrack2/target/classes
[INFO] ------------------------------------------------------------------------
[INFO] BUILD FAILURE
[INFO] ------------------------------------------------------------------------
[INFO] Total time: 3.446s
[INFO] Finished at: Wed Mar 01 15:41:27 CST 2017
[INFO] Final Memory: 18M/455M
[INFO] ------------------------------------------------------------------------
[ERROR] Failed to execute goal org.apache.maven.plugins:maven-compiler-plugin:3.6.0:compile (default-compile) on project MTrack2_: Fatal error compiling: invalid target release: 1.8 -> [Help 1]
[ERROR] 
[ERROR] To see the full stack trace of the errors, re-run Maven with the -e switch.
[ERROR] Re-run Maven using the -X switch to enable full debug logging.
[ERROR] 
[ERROR] For more information about the errors and possible solutions, please read the following articles:
[ERROR] [Help 1] http://cwiki.apache.org/confluence/display/MAVEN/MojoExecutionException
Build step 'Execute shell' marked build as failure
Archiving artifacts


From jenkins at imagej.net  Wed Mar  1 15:41:34 2017
From: jenkins at imagej.net (jenkins at imagej.net)
Date: Wed, 01 Mar 2017 15:41:34 -0600 (CST)
Subject: [ImageJ-builds] Build failed in Jenkins: PIV_analyser #17
Message-ID: <1510150542.687.1488404494572.JavaMail.jenkins@dev>

See <http://jenkins.imagej.net/job/PIV_analyser/17/changes>

Changes:

[Curtis Rueden] Update parent to org.scijava:pom-scijava:14.0.0

[Curtis Rueden] Switch from Jenkins to Travis CI

------------------------------------------
Started by an SCM change
Building remotely on maven in workspace <http://jenkins.imagej.net/job/PIV_analyser/ws/>
 > git rev-parse --is-inside-work-tree # timeout=10
Fetching changes from the remote Git repository
 > git config remote.origin.url git://github.com/fiji/PIV_analyser # timeout=10
Fetching upstream changes from git://github.com/fiji/PIV_analyser
 > git --version # timeout=10
 > git -c core.askpass=true fetch --tags --progress git://github.com/fiji/PIV_analyser +refs/heads/*:refs/remotes/origin/*
 > git rev-parse origin/master^{commit} # timeout=10
Checking out Revision ab5518fec26c11170e95d1b583b8dfc9f82a70bf (origin/master)
 > git config core.sparsecheckout # timeout=10
 > git checkout -f ab5518fec26c11170e95d1b583b8dfc9f82a70bf
 > git rev-list 769f32f49694ad6c653572e6c72c87231bf50973 # timeout=10
 > git tag -a -f -m Jenkins Build #17 jenkins-PIV_analyser-17 # timeout=10
[PIV_analyser] $ /bin/sh -xe /tmp/hudson8729911422953922008.sh
+ git clean -dfx
Removing target/
[PIV_analyser] $ /bin/sh -xe /tmp/hudson2701400815293854730.sh
+ mvn -U -Pdeploy-to-imagej clean deploy
[INFO] Scanning for projects...
[INFO]                                                                         
[INFO] ------------------------------------------------------------------------
[INFO] Building PIV analyser 1.1.2-SNAPSHOT
[INFO] ------------------------------------------------------------------------
[INFO] 
[INFO] --- maven-clean-plugin:3.0.0:clean (default-clean) @ PIV_analyser ---
[INFO] 
[INFO] --- maven-enforcer-plugin:1.4.1:enforce (enforce-rules) @ PIV_analyser ---
[INFO] 
[INFO] --- build-helper-maven-plugin:1.12:regex-property (sanitize-version) @ PIV_analyser ---
[INFO] 
[INFO] --- buildnumber-maven-plugin:1.4:create (default) @ PIV_analyser ---
[INFO] Executing: /bin/sh -c cd '/data/devel/jenkins-maven/workspace/PIV_analyser' && 'git' 'rev-parse' '--verify' 'HEAD'
[INFO] Working directory: /data/devel/jenkins-maven/workspace/PIV_analyser
[INFO] Storing buildNumber: ab5518fec26c11170e95d1b583b8dfc9f82a70bf at timestamp: 1488404493820
[WARNING] Cannot get the branch information from the git repository: 
Detecting the current branch failed: fatal: ref HEAD is not a symbolic ref

[INFO] Executing: /bin/sh -c cd '/data/devel/jenkins-maven/workspace/PIV_analyser' && 'git' 'rev-parse' '--verify' 'HEAD'
[INFO] Working directory: /data/devel/jenkins-maven/workspace/PIV_analyser
[INFO] Storing buildScmBranch: UNKNOWN
[INFO] 
[INFO] --- scijava-maven-plugin:1.0.0:set-rootdir (set-rootdir) @ PIV_analyser ---
[INFO] Setting rootdir: /data/devel/jenkins-maven/workspace/PIV_analyser
[INFO] 
[INFO] --- maven-resources-plugin:3.0.2:resources (default-resources) @ PIV_analyser ---
[INFO] Using 'UTF-8' encoding to copy filtered resources.
[INFO] Copying 1 resource
[INFO] 
[INFO] --- maven-compiler-plugin:3.6.0:compile (default-compile) @ PIV_analyser ---
[INFO] Compiling 4 source files to /data/devel/jenkins-maven/workspace/PIV_analyser/target/classes
[INFO] ------------------------------------------------------------------------
[INFO] BUILD FAILURE
[INFO] ------------------------------------------------------------------------
[INFO] Total time: 3.524s
[INFO] Finished at: Wed Mar 01 15:41:34 CST 2017
[INFO] Final Memory: 16M/360M
[INFO] ------------------------------------------------------------------------
[ERROR] Failed to execute goal org.apache.maven.plugins:maven-compiler-plugin:3.6.0:compile (default-compile) on project PIV_analyser: Fatal error compiling: invalid target release: 1.8 -> [Help 1]
[ERROR] 
[ERROR] To see the full stack trace of the errors, re-run Maven with the -e switch.
[ERROR] Re-run Maven using the -X switch to enable full debug logging.
[ERROR] 
[ERROR] For more information about the errors and possible solutions, please read the following articles:
[ERROR] [Help 1] http://cwiki.apache.org/confluence/display/MAVEN/MojoExecutionException
Build step 'Execute shell' marked build as failure
Archiving artifacts


From jenkins at imagej.net  Wed Mar  1 15:41:40 2017
From: jenkins at imagej.net (jenkins at imagej.net)
Date: Wed, 01 Mar 2017 15:41:40 -0600 (CST)
Subject: [ImageJ-builds] Build failed in Jenkins: QuickPALM #17
Message-ID: <876492933.688.1488404500794.JavaMail.jenkins@dev>

See <http://jenkins.imagej.net/job/QuickPALM/17/changes>

Changes:

[Curtis Rueden] Update parent to org.scijava:pom-scijava:14.0.0

[Curtis Rueden] Switch from Jenkins to Travis CI

------------------------------------------
Started by an SCM change
Building remotely on maven in workspace <http://jenkins.imagej.net/job/QuickPALM/ws/>
 > git rev-parse --is-inside-work-tree # timeout=10
Fetching changes from the remote Git repository
 > git config remote.origin.url git://github.com/fiji/QuickPALM # timeout=10
Fetching upstream changes from git://github.com/fiji/QuickPALM
 > git --version # timeout=10
 > git -c core.askpass=true fetch --tags --progress git://github.com/fiji/QuickPALM +refs/heads/*:refs/remotes/origin/*
 > git rev-parse origin/master^{commit} # timeout=10
Checking out Revision e636d84a3ab6c9165b2eced60aaa72fecc244c7a (origin/master)
 > git config core.sparsecheckout # timeout=10
 > git checkout -f e636d84a3ab6c9165b2eced60aaa72fecc244c7a
 > git rev-list 25fd6a54af94eadc82c5753fd310afdadb1c4d96 # timeout=10
 > git tag -a -f -m Jenkins Build #17 jenkins-QuickPALM-17 # timeout=10
[QuickPALM] $ /bin/sh -xe /tmp/hudson7954061296168912786.sh
+ git clean -dfx
Removing target/
[QuickPALM] $ /bin/sh -xe /tmp/hudson47202127990257933.sh
+ mvn -U -Pdeploy-to-imagej clean deploy
[INFO] Scanning for projects...
[INFO]                                                                         
[INFO] ------------------------------------------------------------------------
[INFO] Building QuickPALM 1.1.2-SNAPSHOT
[INFO] ------------------------------------------------------------------------
[INFO] 
[INFO] --- maven-clean-plugin:3.0.0:clean (default-clean) @ QuickPALM_ ---
[INFO] 
[INFO] --- maven-enforcer-plugin:1.4.1:enforce (enforce-rules) @ QuickPALM_ ---
[INFO] 
[INFO] --- build-helper-maven-plugin:1.12:regex-property (sanitize-version) @ QuickPALM_ ---
[INFO] 
[INFO] --- buildnumber-maven-plugin:1.4:create (default) @ QuickPALM_ ---
[INFO] Executing: /bin/sh -c cd '/data/devel/jenkins-maven/workspace/QuickPALM' && 'git' 'rev-parse' '--verify' 'HEAD'
[INFO] Working directory: /data/devel/jenkins-maven/workspace/QuickPALM
[INFO] Storing buildNumber: e636d84a3ab6c9165b2eced60aaa72fecc244c7a at timestamp: 1488404500014
[WARNING] Cannot get the branch information from the git repository: 
Detecting the current branch failed: fatal: ref HEAD is not a symbolic ref

[INFO] Executing: /bin/sh -c cd '/data/devel/jenkins-maven/workspace/QuickPALM' && 'git' 'rev-parse' '--verify' 'HEAD'
[INFO] Working directory: /data/devel/jenkins-maven/workspace/QuickPALM
[INFO] Storing buildScmBranch: UNKNOWN
[INFO] 
[INFO] --- scijava-maven-plugin:1.0.0:set-rootdir (set-rootdir) @ QuickPALM_ ---
[INFO] Setting rootdir: /data/devel/jenkins-maven/workspace/QuickPALM
[INFO] 
[INFO] --- maven-resources-plugin:3.0.2:resources (default-resources) @ QuickPALM_ ---
[INFO] Using 'UTF-8' encoding to copy filtered resources.
[INFO] Copying 6 resources
[INFO] 
[INFO] --- maven-compiler-plugin:3.6.0:compile (default-compile) @ QuickPALM_ ---
[INFO] Compiling 15 source files to /data/devel/jenkins-maven/workspace/QuickPALM/target/classes
[INFO] ------------------------------------------------------------------------
[INFO] BUILD FAILURE
[INFO] ------------------------------------------------------------------------
[INFO] Total time: 3.492s
[INFO] Finished at: Wed Mar 01 15:41:40 CST 2017
[INFO] Final Memory: 16M/360M
[INFO] ------------------------------------------------------------------------
[ERROR] Failed to execute goal org.apache.maven.plugins:maven-compiler-plugin:3.6.0:compile (default-compile) on project QuickPALM_: Fatal error compiling: invalid target release: 1.8 -> [Help 1]
[ERROR] 
[ERROR] To see the full stack trace of the errors, re-run Maven with the -e switch.
[ERROR] Re-run Maven using the -X switch to enable full debug logging.
[ERROR] 
[ERROR] For more information about the errors and possible solutions, please read the following articles:
[ERROR] [Help 1] http://cwiki.apache.org/confluence/display/MAVEN/MojoExecutionException
Build step 'Execute shell' marked build as failure
Archiving artifacts


From jenkins at imagej.net  Wed Mar  1 15:41:47 2017
From: jenkins at imagej.net (jenkins at imagej.net)
Date: Wed, 01 Mar 2017 15:41:47 -0600 (CST)
Subject: [ImageJ-builds] Build failed in Jenkins: RATS #17
Message-ID: <1106454573.689.1488404507613.JavaMail.jenkins@dev>

See <http://jenkins.imagej.net/job/RATS/17/changes>

Changes:

[Curtis Rueden] Update parent to org.scijava:pom-scijava:14.0.0

[Curtis Rueden] Switch from Jenkins to Travis CI

------------------------------------------
Started by an SCM change
Building remotely on maven in workspace <http://jenkins.imagej.net/job/RATS/ws/>
 > git rev-parse --is-inside-work-tree # timeout=10
Fetching changes from the remote Git repository
 > git config remote.origin.url git://github.com/fiji/RATS # timeout=10
Fetching upstream changes from git://github.com/fiji/RATS
 > git --version # timeout=10
 > git -c core.askpass=true fetch --tags --progress git://github.com/fiji/RATS +refs/heads/*:refs/remotes/origin/*
 > git rev-parse origin/master^{commit} # timeout=10
Checking out Revision 649509734dbab0c6ed5691802a75bd006ccf68d8 (origin/master)
 > git config core.sparsecheckout # timeout=10
 > git checkout -f 649509734dbab0c6ed5691802a75bd006ccf68d8
 > git rev-list a15f24451a21d95854d0400b79ed7918f5a57433 # timeout=10
 > git tag -a -f -m Jenkins Build #17 jenkins-RATS-17 # timeout=10
[RATS] $ /bin/sh -xe /tmp/hudson75567576551463822.sh
+ git clean -dfx
Removing target/
[RATS] $ /bin/sh -xe /tmp/hudson1856245519507297320.sh
+ mvn -U -Pdeploy-to-imagej clean deploy
[INFO] Scanning for projects...
[INFO]                                                                         
[INFO] ------------------------------------------------------------------------
[INFO] Building RATS 2.0.1-SNAPSHOT
[INFO] ------------------------------------------------------------------------
[INFO] 
[INFO] --- maven-clean-plugin:3.0.0:clean (default-clean) @ RATS_ ---
[INFO] 
[INFO] --- maven-enforcer-plugin:1.4.1:enforce (enforce-rules) @ RATS_ ---
[INFO] 
[INFO] --- build-helper-maven-plugin:1.12:regex-property (sanitize-version) @ RATS_ ---
[INFO] 
[INFO] --- buildnumber-maven-plugin:1.4:create (default) @ RATS_ ---
[INFO] Executing: /bin/sh -c cd '/data/devel/jenkins-maven/workspace/RATS' && 'git' 'rev-parse' '--verify' 'HEAD'
[INFO] Working directory: /data/devel/jenkins-maven/workspace/RATS
[INFO] Storing buildNumber: 649509734dbab0c6ed5691802a75bd006ccf68d8 at timestamp: 1488404506742
[WARNING] Cannot get the branch information from the git repository: 
Detecting the current branch failed: fatal: ref HEAD is not a symbolic ref

[INFO] Executing: /bin/sh -c cd '/data/devel/jenkins-maven/workspace/RATS' && 'git' 'rev-parse' '--verify' 'HEAD'
[INFO] Working directory: /data/devel/jenkins-maven/workspace/RATS
[INFO] Storing buildScmBranch: UNKNOWN
[INFO] 
[INFO] --- scijava-maven-plugin:1.0.0:set-rootdir (set-rootdir) @ RATS_ ---
[INFO] Setting rootdir: /data/devel/jenkins-maven/workspace/RATS
[INFO] 
[INFO] --- maven-resources-plugin:3.0.2:resources (default-resources) @ RATS_ ---
[INFO] Using 'UTF-8' encoding to copy filtered resources.
[INFO] Copying 1 resource
[INFO] 
[INFO] --- maven-compiler-plugin:3.6.0:compile (default-compile) @ RATS_ ---
[INFO] Compiling 3 source files to /data/devel/jenkins-maven/workspace/RATS/target/classes
[INFO] ------------------------------------------------------------------------
[INFO] BUILD FAILURE
[INFO] ------------------------------------------------------------------------
[INFO] Total time: 3.712s
[INFO] Finished at: Wed Mar 01 15:41:47 CST 2017
[INFO] Final Memory: 16M/360M
[INFO] ------------------------------------------------------------------------
[ERROR] Failed to execute goal org.apache.maven.plugins:maven-compiler-plugin:3.6.0:compile (default-compile) on project RATS_: Fatal error compiling: invalid target release: 1.8 -> [Help 1]
[ERROR] 
[ERROR] To see the full stack trace of the errors, re-run Maven with the -e switch.
[ERROR] Re-run Maven using the -X switch to enable full debug logging.
[ERROR] 
[ERROR] For more information about the errors and possible solutions, please read the following articles:
[ERROR] [Help 1] http://cwiki.apache.org/confluence/display/MAVEN/MojoExecutionException
Build step 'Execute shell' marked build as failure
Archiving artifacts


From jenkins at imagej.net  Wed Mar  1 15:41:54 2017
From: jenkins at imagej.net (jenkins at imagej.net)
Date: Wed, 01 Mar 2017 15:41:54 -0600 (CST)
Subject: [ImageJ-builds] Build failed in Jenkins: SPIM_Opener #20
Message-ID: <1520256778.690.1488404514575.JavaMail.jenkins@dev>

See <http://jenkins.imagej.net/job/SPIM_Opener/20/changes>

Changes:

[Curtis Rueden] Update parent to org.scijava:pom-scijava:14.0.0

[Curtis Rueden] Switch from Jenkins to Travis CI

------------------------------------------
Started by an SCM change
Building remotely on maven in workspace <http://jenkins.imagej.net/job/SPIM_Opener/ws/>
 > git rev-parse --is-inside-work-tree # timeout=10
Fetching changes from the remote Git repository
 > git config remote.origin.url git://github.com/fiji/SPIM_Opener # timeout=10
Fetching upstream changes from git://github.com/fiji/SPIM_Opener
 > git --version # timeout=10
 > git -c core.askpass=true fetch --tags --progress git://github.com/fiji/SPIM_Opener +refs/heads/*:refs/remotes/origin/*
 > git rev-parse origin/master^{commit} # timeout=10
Checking out Revision 4e352b16cf13ce3caecd539f552cc4e2304cc8b3 (origin/master)
 > git config core.sparsecheckout # timeout=10
 > git checkout -f 4e352b16cf13ce3caecd539f552cc4e2304cc8b3
 > git rev-list 2cf2dee0fde783043d40145bccc947a82633ee2d # timeout=10
 > git tag -a -f -m Jenkins Build #20 jenkins-SPIM_Opener-20 # timeout=10
[SPIM_Opener] $ /bin/sh -xe /tmp/hudson3303025676895774917.sh
+ git clean -dfx
Removing target/
[SPIM_Opener] $ /bin/sh -xe /tmp/hudson5240004261425858014.sh
+ mvn -U -Pdeploy-to-imagej clean deploy
[INFO] Scanning for projects...
[INFO]                                                                         
[INFO] ------------------------------------------------------------------------
[INFO] Building SPIM Opener 2.0.2-SNAPSHOT
[INFO] ------------------------------------------------------------------------
[INFO] 
[INFO] --- maven-clean-plugin:3.0.0:clean (default-clean) @ SPIM_Opener ---
[INFO] 
[INFO] --- maven-enforcer-plugin:1.4.1:enforce (enforce-rules) @ SPIM_Opener ---
[INFO] 
[INFO] --- build-helper-maven-plugin:1.12:regex-property (sanitize-version) @ SPIM_Opener ---
[INFO] 
[INFO] --- buildnumber-maven-plugin:1.4:create (default) @ SPIM_Opener ---
[INFO] Executing: /bin/sh -c cd '/data/devel/jenkins-maven/workspace/SPIM_Opener' && 'git' 'rev-parse' '--verify' 'HEAD'
[INFO] Working directory: /data/devel/jenkins-maven/workspace/SPIM_Opener
[INFO] Storing buildNumber: 4e352b16cf13ce3caecd539f552cc4e2304cc8b3 at timestamp: 1488404513717
[WARNING] Cannot get the branch information from the git repository: 
Detecting the current branch failed: fatal: ref HEAD is not a symbolic ref

[INFO] Executing: /bin/sh -c cd '/data/devel/jenkins-maven/workspace/SPIM_Opener' && 'git' 'rev-parse' '--verify' 'HEAD'
[INFO] Working directory: /data/devel/jenkins-maven/workspace/SPIM_Opener
[INFO] Storing buildScmBranch: UNKNOWN
[INFO] 
[INFO] --- scijava-maven-plugin:1.0.0:set-rootdir (set-rootdir) @ SPIM_Opener ---
[INFO] Setting rootdir: /data/devel/jenkins-maven/workspace/SPIM_Opener
[INFO] 
[INFO] --- maven-resources-plugin:3.0.2:resources (default-resources) @ SPIM_Opener ---
[INFO] Using 'UTF-8' encoding to copy filtered resources.
[INFO] Copying 1 resource
[INFO] 
[INFO] --- maven-compiler-plugin:3.6.0:compile (default-compile) @ SPIM_Opener ---
[INFO] Compiling 16 source files to /data/devel/jenkins-maven/workspace/SPIM_Opener/target/classes
[INFO] ------------------------------------------------------------------------
[INFO] BUILD FAILURE
[INFO] ------------------------------------------------------------------------
[INFO] Total time: 4.068s
[INFO] Finished at: Wed Mar 01 15:41:54 CST 2017
[INFO] Final Memory: 17M/360M
[INFO] ------------------------------------------------------------------------
[ERROR] Failed to execute goal org.apache.maven.plugins:maven-compiler-plugin:3.6.0:compile (default-compile) on project SPIM_Opener: Fatal error compiling: invalid target release: 1.8 -> [Help 1]
[ERROR] 
[ERROR] To see the full stack trace of the errors, re-run Maven with the -e switch.
[ERROR] Re-run Maven using the -X switch to enable full debug logging.
[ERROR] 
[ERROR] For more information about the errors and possible solutions, please read the following articles:
[ERROR] [Help 1] http://cwiki.apache.org/confluence/display/MAVEN/MojoExecutionException
Build step 'Execute shell' marked build as failure
Archiving artifacts


From jenkins at imagej.net  Wed Mar  1 15:42:00 2017
From: jenkins at imagej.net (jenkins at imagej.net)
Date: Wed, 01 Mar 2017 15:42:00 -0600 (CST)
Subject: [ImageJ-builds] Build failed in Jenkins: Series_Labeler #18
Message-ID: <1659521673.691.1488404520959.JavaMail.jenkins@dev>

See <http://jenkins.imagej.net/job/Series_Labeler/18/changes>

Changes:

[Curtis Rueden] Update parent to org.scijava:pom-scijava:14.0.0

[Curtis Rueden] Switch from Jenkins to Travis CI

------------------------------------------
Started by an SCM change
Building remotely on maven in workspace <http://jenkins.imagej.net/job/Series_Labeler/ws/>
 > git rev-parse --is-inside-work-tree # timeout=10
Fetching changes from the remote Git repository
 > git config remote.origin.url git://github.com/fiji/Series_Labeler # timeout=10
Fetching upstream changes from git://github.com/fiji/Series_Labeler
 > git --version # timeout=10
 > git -c core.askpass=true fetch --tags --progress git://github.com/fiji/Series_Labeler +refs/heads/*:refs/remotes/origin/*
 > git rev-parse origin/master^{commit} # timeout=10
Checking out Revision 31ec79cfb16449cce9655044487c044089fb6df9 (origin/master)
 > git config core.sparsecheckout # timeout=10
 > git checkout -f 31ec79cfb16449cce9655044487c044089fb6df9
 > git rev-list 2c0b56c5a6b2ba6f68755c879cbe6ace1c98412c # timeout=10
 > git tag -a -f -m Jenkins Build #18 jenkins-Series_Labeler-18 # timeout=10
[Series_Labeler] $ /bin/sh -xe /tmp/hudson5004006921474607341.sh
+ git clean -dfx
Removing target/
[Series_Labeler] $ /bin/sh -xe /tmp/hudson9130157994001711288.sh
+ mvn -U -Pdeploy-to-imagej clean deploy
[INFO] Scanning for projects...
[INFO]                                                                         
[INFO] ------------------------------------------------------------------------
[INFO] Building Series Labeler 2.0.1-SNAPSHOT
[INFO] ------------------------------------------------------------------------
[INFO] 
[INFO] --- maven-clean-plugin:3.0.0:clean (default-clean) @ Series_Labeler ---
[INFO] 
[INFO] --- maven-enforcer-plugin:1.4.1:enforce (enforce-rules) @ Series_Labeler ---
[INFO] 
[INFO] --- build-helper-maven-plugin:1.12:regex-property (sanitize-version) @ Series_Labeler ---
[INFO] 
[INFO] --- buildnumber-maven-plugin:1.4:create (default) @ Series_Labeler ---
[INFO] Executing: /bin/sh -c cd '/data/devel/jenkins-maven/workspace/Series_Labeler' && 'git' 'rev-parse' '--verify' 'HEAD'
[INFO] Working directory: /data/devel/jenkins-maven/workspace/Series_Labeler
[INFO] Storing buildNumber: 31ec79cfb16449cce9655044487c044089fb6df9 at timestamp: 1488404520225
[WARNING] Cannot get the branch information from the git repository: 
Detecting the current branch failed: fatal: ref HEAD is not a symbolic ref

[INFO] Executing: /bin/sh -c cd '/data/devel/jenkins-maven/workspace/Series_Labeler' && 'git' 'rev-parse' '--verify' 'HEAD'
[INFO] Working directory: /data/devel/jenkins-maven/workspace/Series_Labeler
[INFO] Storing buildScmBranch: UNKNOWN
[INFO] 
[INFO] --- scijava-maven-plugin:1.0.0:set-rootdir (set-rootdir) @ Series_Labeler ---
[INFO] Setting rootdir: /data/devel/jenkins-maven/workspace/Series_Labeler
[INFO] 
[INFO] --- maven-resources-plugin:3.0.2:resources (default-resources) @ Series_Labeler ---
[INFO] Using 'UTF-8' encoding to copy filtered resources.
[INFO] Copying 1 resource
[INFO] 
[INFO] --- maven-compiler-plugin:3.6.0:compile (default-compile) @ Series_Labeler ---
[INFO] Compiling 3 source files to /data/devel/jenkins-maven/workspace/Series_Labeler/target/classes
[INFO] ------------------------------------------------------------------------
[INFO] BUILD FAILURE
[INFO] ------------------------------------------------------------------------
[INFO] Total time: 3.434s
[INFO] Finished at: Wed Mar 01 15:42:00 CST 2017
[INFO] Final Memory: 16M/360M
[INFO] ------------------------------------------------------------------------
[ERROR] Failed to execute goal org.apache.maven.plugins:maven-compiler-plugin:3.6.0:compile (default-compile) on project Series_Labeler: Fatal error compiling: invalid target release: 1.8 -> [Help 1]
[ERROR] 
[ERROR] To see the full stack trace of the errors, re-run Maven with the -e switch.
[ERROR] Re-run Maven using the -X switch to enable full debug logging.
[ERROR] 
[ERROR] For more information about the errors and possible solutions, please read the following articles:
[ERROR] [Help 1] http://cwiki.apache.org/confluence/display/MAVEN/MojoExecutionException
Build step 'Execute shell' marked build as failure
Archiving artifacts


From jenkins at imagej.net  Wed Mar  1 15:42:07 2017
From: jenkins at imagej.net (jenkins at imagej.net)
Date: Wed, 01 Mar 2017 15:42:07 -0600 (CST)
Subject: [ImageJ-builds] Build failed in Jenkins: Siox_Segmentation #33
Message-ID: <259377411.692.1488404527985.JavaMail.jenkins@dev>

See <http://jenkins.imagej.net/job/Siox_Segmentation/33/changes>

Changes:

[Curtis Rueden] Update parent to org.scijava:pom-scijava:14.0.0

[Curtis Rueden] Switch from Jenkins to Travis CI

------------------------------------------
Started by an SCM change
Building remotely on maven in workspace <http://jenkins.imagej.net/job/Siox_Segmentation/ws/>
 > git rev-parse --is-inside-work-tree # timeout=10
Fetching changes from the remote Git repository
 > git config remote.origin.url git://github.com/fiji/Siox_Segmentation # timeout=10
Fetching upstream changes from git://github.com/fiji/Siox_Segmentation
 > git --version # timeout=10
 > git -c core.askpass=true fetch --tags --progress git://github.com/fiji/Siox_Segmentation +refs/heads/*:refs/remotes/origin/*
 > git rev-parse origin/master^{commit} # timeout=10
Checking out Revision 11ffb59f95c0b94893ea6344bcde61ea02109615 (origin/master)
 > git config core.sparsecheckout # timeout=10
 > git checkout -f 11ffb59f95c0b94893ea6344bcde61ea02109615
 > git rev-list d85e112aedf63543bfacdae6607365399830312f # timeout=10
 > git tag -a -f -m Jenkins Build #33 jenkins-Siox_Segmentation-33 # timeout=10
[Siox_Segmentation] $ /bin/sh -xe /tmp/hudson4776853335723446420.sh
+ git clean -dfx
Removing target/
[Siox_Segmentation] $ /bin/sh -xe /tmp/hudson3937828981073216361.sh
+ mvn -U -Pdeploy-to-imagej clean deploy
[INFO] Scanning for projects...
[INFO]                                                                         
[INFO] ------------------------------------------------------------------------
[INFO] Building Siox Segmentation 1.0.5-SNAPSHOT
[INFO] ------------------------------------------------------------------------
[INFO] 
[INFO] --- maven-clean-plugin:3.0.0:clean (default-clean) @ Siox_Segmentation ---
[INFO] 
[INFO] --- maven-enforcer-plugin:1.4.1:enforce (enforce-rules) @ Siox_Segmentation ---
[INFO] 
[INFO] --- build-helper-maven-plugin:1.12:regex-property (sanitize-version) @ Siox_Segmentation ---
[INFO] 
[INFO] --- buildnumber-maven-plugin:1.4:create (default) @ Siox_Segmentation ---
[INFO] Executing: /bin/sh -c cd '/data/devel/jenkins-maven/workspace/Siox_Segmentation' && 'git' 'rev-parse' '--verify' 'HEAD'
[INFO] Working directory: /data/devel/jenkins-maven/workspace/Siox_Segmentation
[INFO] Storing buildNumber: 11ffb59f95c0b94893ea6344bcde61ea02109615 at timestamp: 1488404527176
[WARNING] Cannot get the branch information from the git repository: 
Detecting the current branch failed: fatal: ref HEAD is not a symbolic ref

[INFO] Executing: /bin/sh -c cd '/data/devel/jenkins-maven/workspace/Siox_Segmentation' && 'git' 'rev-parse' '--verify' 'HEAD'
[INFO] Working directory: /data/devel/jenkins-maven/workspace/Siox_Segmentation
[INFO] Storing buildScmBranch: UNKNOWN
[INFO] 
[INFO] --- scijava-maven-plugin:1.0.0:set-rootdir (set-rootdir) @ Siox_Segmentation ---
[INFO] Setting rootdir: /data/devel/jenkins-maven/workspace/Siox_Segmentation
[INFO] 
[INFO] --- maven-resources-plugin:3.0.2:resources (default-resources) @ Siox_Segmentation ---
[INFO] Using 'UTF-8' encoding to copy filtered resources.
[INFO] Copying 1 resource
[INFO] 
[INFO] --- maven-compiler-plugin:3.6.0:compile (default-compile) @ Siox_Segmentation ---
[INFO] Compiling 19 source files to /data/devel/jenkins-maven/workspace/Siox_Segmentation/target/classes
[INFO] ------------------------------------------------------------------------
[INFO] BUILD FAILURE
[INFO] ------------------------------------------------------------------------
[INFO] Total time: 3.835s
[INFO] Finished at: Wed Mar 01 15:42:07 CST 2017
[INFO] Final Memory: 17M/360M
[INFO] ------------------------------------------------------------------------
[ERROR] Failed to execute goal org.apache.maven.plugins:maven-compiler-plugin:3.6.0:compile (default-compile) on project Siox_Segmentation: Fatal error compiling: invalid target release: 1.8 -> [Help 1]
[ERROR] 
[ERROR] To see the full stack trace of the errors, re-run Maven with the -e switch.
[ERROR] Re-run Maven using the -X switch to enable full debug logging.
[ERROR] 
[ERROR] For more information about the errors and possible solutions, please read the following articles:
[ERROR] [Help 1] http://cwiki.apache.org/confluence/display/MAVEN/MojoExecutionException
Build step 'Execute shell' marked build as failure
Archiving artifacts


From jenkins at imagej.net  Wed Mar  1 15:42:14 2017
From: jenkins at imagej.net (jenkins at imagej.net)
Date: Wed, 01 Mar 2017 15:42:14 -0600 (CST)
Subject: [ImageJ-builds] Build failed in Jenkins: Stack_Manipulation #20
Message-ID: <4113168.693.1488404534848.JavaMail.jenkins@dev>

See <http://jenkins.imagej.net/job/Stack_Manipulation/20/changes>

Changes:

[Curtis Rueden] Update parent to org.scijava:pom-scijava:14.0.0

[Curtis Rueden] Switch from Jenkins to Travis CI

------------------------------------------
Started by an SCM change
Building remotely on maven in workspace <http://jenkins.imagej.net/job/Stack_Manipulation/ws/>
 > git rev-parse --is-inside-work-tree # timeout=10
Fetching changes from the remote Git repository
 > git config remote.origin.url git://github.com/fiji/Stack_Manipulation # timeout=10
Fetching upstream changes from git://github.com/fiji/Stack_Manipulation
 > git --version # timeout=10
 > git -c core.askpass=true fetch --tags --progress git://github.com/fiji/Stack_Manipulation +refs/heads/*:refs/remotes/origin/*
 > git rev-parse origin/master^{commit} # timeout=10
Checking out Revision c1e2566988088d71ee5201e426bd87767e254621 (origin/master)
 > git config core.sparsecheckout # timeout=10
 > git checkout -f c1e2566988088d71ee5201e426bd87767e254621
 > git rev-list 27d0f4d5b4426250fae3f6e3fc1f7394a6c8159c # timeout=10
 > git tag -a -f -m Jenkins Build #20 jenkins-Stack_Manipulation-20 # timeout=10
[Stack_Manipulation] $ /bin/sh -xe /tmp/hudson3332674317589869520.sh
+ git clean -dfx
Removing target/
[Stack_Manipulation] $ /bin/sh -xe /tmp/hudson7557882437497195462.sh
+ mvn -U -Pdeploy-to-imagej clean deploy
[INFO] Scanning for projects...
[INFO]                                                                         
[INFO] ------------------------------------------------------------------------
[INFO] Building Stack Manipulation 2.0.2-SNAPSHOT
[INFO] ------------------------------------------------------------------------
[INFO] 
[INFO] --- maven-clean-plugin:3.0.0:clean (default-clean) @ Stack_Manipulation ---
[INFO] 
[INFO] --- maven-enforcer-plugin:1.4.1:enforce (enforce-rules) @ Stack_Manipulation ---
[INFO] 
[INFO] --- build-helper-maven-plugin:1.12:regex-property (sanitize-version) @ Stack_Manipulation ---
[INFO] 
[INFO] --- buildnumber-maven-plugin:1.4:create (default) @ Stack_Manipulation ---
[INFO] Executing: /bin/sh -c cd '/data/devel/jenkins-maven/workspace/Stack_Manipulation' && 'git' 'rev-parse' '--verify' 'HEAD'
[INFO] Working directory: /data/devel/jenkins-maven/workspace/Stack_Manipulation
[INFO] Storing buildNumber: c1e2566988088d71ee5201e426bd87767e254621 at timestamp: 1488404534026
[WARNING] Cannot get the branch information from the git repository: 
Detecting the current branch failed: fatal: ref HEAD is not a symbolic ref

[INFO] Executing: /bin/sh -c cd '/data/devel/jenkins-maven/workspace/Stack_Manipulation' && 'git' 'rev-parse' '--verify' 'HEAD'
[INFO] Working directory: /data/devel/jenkins-maven/workspace/Stack_Manipulation
[INFO] Storing buildScmBranch: UNKNOWN
[INFO] 
[INFO] --- scijava-maven-plugin:1.0.0:set-rootdir (set-rootdir) @ Stack_Manipulation ---
[INFO] Setting rootdir: /data/devel/jenkins-maven/workspace/Stack_Manipulation
[INFO] 
[INFO] --- maven-resources-plugin:3.0.2:resources (default-resources) @ Stack_Manipulation ---
[INFO] Using 'UTF-8' encoding to copy filtered resources.
[INFO] Copying 3 resources
[INFO] 
[INFO] --- maven-compiler-plugin:3.6.0:compile (default-compile) @ Stack_Manipulation ---
[INFO] Compiling 7 source files to /data/devel/jenkins-maven/workspace/Stack_Manipulation/target/classes
[INFO] ------------------------------------------------------------------------
[INFO] BUILD FAILURE
[INFO] ------------------------------------------------------------------------
[INFO] Total time: 4.055s
[INFO] Finished at: Wed Mar 01 15:42:14 CST 2017
[INFO] Final Memory: 16M/360M
[INFO] ------------------------------------------------------------------------
[ERROR] Failed to execute goal org.apache.maven.plugins:maven-compiler-plugin:3.6.0:compile (default-compile) on project Stack_Manipulation: Fatal error compiling: invalid target release: 1.8 -> [Help 1]
[ERROR] 
[ERROR] To see the full stack trace of the errors, re-run Maven with the -e switch.
[ERROR] Re-run Maven using the -X switch to enable full debug logging.
[ERROR] 
[ERROR] For more information about the errors and possible solutions, please read the following articles:
[ERROR] [Help 1] http://cwiki.apache.org/confluence/display/MAVEN/MojoExecutionException
Build step 'Execute shell' marked build as failure
Archiving artifacts


From jenkins at imagej.net  Wed Mar  1 15:42:21 2017
From: jenkins at imagej.net (jenkins at imagej.net)
Date: Wed, 01 Mar 2017 15:42:21 -0600 (CST)
Subject: [ImageJ-builds] Build failed in Jenkins: Statistical_Region_Merging
	#17
Message-ID: <133738892.694.1488404541137.JavaMail.jenkins@dev>

See <http://jenkins.imagej.net/job/Statistical_Region_Merging/17/changes>

Changes:

[Curtis Rueden] Update parent to org.scijava:pom-scijava:14.0.0

[Curtis Rueden] Switch from Jenkins to Travis CI

------------------------------------------
Started by an SCM change
Building remotely on maven in workspace <http://jenkins.imagej.net/job/Statistical_Region_Merging/ws/>
 > git rev-parse --is-inside-work-tree # timeout=10
Fetching changes from the remote Git repository
 > git config remote.origin.url git://github.com/fiji/Statistical_Region_Merging # timeout=10
Fetching upstream changes from git://github.com/fiji/Statistical_Region_Merging
 > git --version # timeout=10
 > git -c core.askpass=true fetch --tags --progress git://github.com/fiji/Statistical_Region_Merging +refs/heads/*:refs/remotes/origin/*
 > git rev-parse origin/master^{commit} # timeout=10
Checking out Revision 57a12c246d5760468c349fbaa54ebd9e4647b65d (origin/master)
 > git config core.sparsecheckout # timeout=10
 > git checkout -f 57a12c246d5760468c349fbaa54ebd9e4647b65d
 > git rev-list 1250661308623457e9bcaad899d122e303532aba # timeout=10
 > git tag -a -f -m Jenkins Build #17 jenkins-Statistical_Region_Merging-17 # timeout=10
[Statistical_Region_Merging] $ /bin/sh -xe /tmp/hudson8232806746647317634.sh
+ git clean -dfx
Removing target/
[Statistical_Region_Merging] $ /bin/sh -xe /tmp/hudson3358156435528032431.sh
+ mvn -U -Pdeploy-to-imagej clean deploy
[INFO] Scanning for projects...
[INFO]                                                                         
[INFO] ------------------------------------------------------------------------
[INFO] Building Statistical Region Merging 2.0.1-SNAPSHOT
[INFO] ------------------------------------------------------------------------
[INFO] 
[INFO] --- maven-clean-plugin:3.0.0:clean (default-clean) @ Statistical_Region_Merging ---
[INFO] 
[INFO] --- maven-enforcer-plugin:1.4.1:enforce (enforce-rules) @ Statistical_Region_Merging ---
[INFO] 
[INFO] --- build-helper-maven-plugin:1.12:regex-property (sanitize-version) @ Statistical_Region_Merging ---
[INFO] 
[INFO] --- buildnumber-maven-plugin:1.4:create (default) @ Statistical_Region_Merging ---
[INFO] Executing: /bin/sh -c cd '/data/devel/jenkins-maven/workspace/Statistical_Region_Merging' && 'git' 'rev-parse' '--verify' 'HEAD'
[INFO] Working directory: /data/devel/jenkins-maven/workspace/Statistical_Region_Merging
[INFO] Storing buildNumber: 57a12c246d5760468c349fbaa54ebd9e4647b65d at timestamp: 1488404540390
[WARNING] Cannot get the branch information from the git repository: 
Detecting the current branch failed: fatal: ref HEAD is not a symbolic ref

[INFO] Executing: /bin/sh -c cd '/data/devel/jenkins-maven/workspace/Statistical_Region_Merging' && 'git' 'rev-parse' '--verify' 'HEAD'
[INFO] Working directory: /data/devel/jenkins-maven/workspace/Statistical_Region_Merging
[INFO] Storing buildScmBranch: UNKNOWN
[INFO] 
[INFO] --- scijava-maven-plugin:1.0.0:set-rootdir (set-rootdir) @ Statistical_Region_Merging ---
[INFO] Setting rootdir: /data/devel/jenkins-maven/workspace/Statistical_Region_Merging
[INFO] 
[INFO] --- maven-resources-plugin:3.0.2:resources (default-resources) @ Statistical_Region_Merging ---
[INFO] Using 'UTF-8' encoding to copy filtered resources.
[INFO] Copying 1 resource
[INFO] 
[INFO] --- maven-compiler-plugin:3.6.0:compile (default-compile) @ Statistical_Region_Merging ---
[INFO] Compiling 1 source file to /data/devel/jenkins-maven/workspace/Statistical_Region_Merging/target/classes
[INFO] ------------------------------------------------------------------------
[INFO] BUILD FAILURE
[INFO] ------------------------------------------------------------------------
[INFO] Total time: 3.433s
[INFO] Finished at: Wed Mar 01 15:42:20 CST 2017
[INFO] Final Memory: 16M/360M
[INFO] ------------------------------------------------------------------------
[ERROR] Failed to execute goal org.apache.maven.plugins:maven-compiler-plugin:3.6.0:compile (default-compile) on project Statistical_Region_Merging: Fatal error compiling: invalid target release: 1.8 -> [Help 1]
[ERROR] 
[ERROR] To see the full stack trace of the errors, re-run Maven with the -e switch.
[ERROR] Re-run Maven using the -X switch to enable full debug logging.
[ERROR] 
[ERROR] For more information about the errors and possible solutions, please read the following articles:
[ERROR] [Help 1] http://cwiki.apache.org/confluence/display/MAVEN/MojoExecutionException
Build step 'Execute shell' marked build as failure
Archiving artifacts


From jenkins at imagej.net  Wed Mar  1 15:42:27 2017
From: jenkins at imagej.net (jenkins at imagej.net)
Date: Wed, 01 Mar 2017 15:42:27 -0600 (CST)
Subject: [ImageJ-builds] Build failed in Jenkins: Time_Stamper #18
Message-ID: <1385911978.695.1488404547923.JavaMail.jenkins@dev>

See <http://jenkins.imagej.net/job/Time_Stamper/18/changes>

Changes:

[Curtis Rueden] Update parent to org.scijava:pom-scijava:14.0.0

[Curtis Rueden] Switch from Jenkins to Travis CI

------------------------------------------
Started by an SCM change
Building remotely on maven in workspace <http://jenkins.imagej.net/job/Time_Stamper/ws/>
 > git rev-parse --is-inside-work-tree # timeout=10
Fetching changes from the remote Git repository
 > git config remote.origin.url git://github.com/fiji/Time_Stamper # timeout=10
Fetching upstream changes from git://github.com/fiji/Time_Stamper
 > git --version # timeout=10
 > git -c core.askpass=true fetch --tags --progress git://github.com/fiji/Time_Stamper +refs/heads/*:refs/remotes/origin/*
 > git rev-parse origin/master^{commit} # timeout=10
Checking out Revision 625adb31fe8da727dd43efacaaa772bec62411f2 (origin/master)
 > git config core.sparsecheckout # timeout=10
 > git checkout -f 625adb31fe8da727dd43efacaaa772bec62411f2
 > git rev-list efa1aacbae2dfa40f2c570e916bd53be1725f677 # timeout=10
 > git tag -a -f -m Jenkins Build #18 jenkins-Time_Stamper-18 # timeout=10
[Time_Stamper] $ /bin/sh -xe /tmp/hudson2592471320353979165.sh
+ git clean -dfx
Removing target/
[Time_Stamper] $ /bin/sh -xe /tmp/hudson732896595747645031.sh
+ mvn -U -Pdeploy-to-imagej clean deploy
[INFO] Scanning for projects...
[INFO]                                                                         
[INFO] ------------------------------------------------------------------------
[INFO] Building Time Stamper 2.0.1-SNAPSHOT
[INFO] ------------------------------------------------------------------------
[INFO] 
[INFO] --- maven-clean-plugin:3.0.0:clean (default-clean) @ Time_Stamper ---
[INFO] 
[INFO] --- maven-enforcer-plugin:1.4.1:enforce (enforce-rules) @ Time_Stamper ---
[INFO] 
[INFO] --- build-helper-maven-plugin:1.12:regex-property (sanitize-version) @ Time_Stamper ---
[INFO] 
[INFO] --- buildnumber-maven-plugin:1.4:create (default) @ Time_Stamper ---
[INFO] Executing: /bin/sh -c cd '/data/devel/jenkins-maven/workspace/Time_Stamper' && 'git' 'rev-parse' '--verify' 'HEAD'
[INFO] Working directory: /data/devel/jenkins-maven/workspace/Time_Stamper
[INFO] Storing buildNumber: 625adb31fe8da727dd43efacaaa772bec62411f2 at timestamp: 1488404547132
[WARNING] Cannot get the branch information from the git repository: 
Detecting the current branch failed: fatal: ref HEAD is not a symbolic ref

[INFO] Executing: /bin/sh -c cd '/data/devel/jenkins-maven/workspace/Time_Stamper' && 'git' 'rev-parse' '--verify' 'HEAD'
[INFO] Working directory: /data/devel/jenkins-maven/workspace/Time_Stamper
[INFO] Storing buildScmBranch: UNKNOWN
[INFO] 
[INFO] --- scijava-maven-plugin:1.0.0:set-rootdir (set-rootdir) @ Time_Stamper ---
[INFO] Setting rootdir: /data/devel/jenkins-maven/workspace/Time_Stamper
[INFO] 
[INFO] --- maven-resources-plugin:3.0.2:resources (default-resources) @ Time_Stamper ---
[INFO] Using 'UTF-8' encoding to copy filtered resources.
[INFO] Copying 1 resource
[INFO] 
[INFO] --- maven-compiler-plugin:3.6.0:compile (default-compile) @ Time_Stamper ---
[INFO] Compiling 1 source file to /data/devel/jenkins-maven/workspace/Time_Stamper/target/classes
[INFO] ------------------------------------------------------------------------
[INFO] BUILD FAILURE
[INFO] ------------------------------------------------------------------------
[INFO] Total time: 3.445s
[INFO] Finished at: Wed Mar 01 15:42:27 CST 2017
[INFO] Final Memory: 16M/360M
[INFO] ------------------------------------------------------------------------
[ERROR] Failed to execute goal org.apache.maven.plugins:maven-compiler-plugin:3.6.0:compile (default-compile) on project Time_Stamper: Fatal error compiling: invalid target release: 1.8 -> [Help 1]
[ERROR] 
[ERROR] To see the full stack trace of the errors, re-run Maven with the -e switch.
[ERROR] Re-run Maven using the -X switch to enable full debug logging.
[ERROR] 
[ERROR] For more information about the errors and possible solutions, please read the following articles:
[ERROR] [Help 1] http://cwiki.apache.org/confluence/display/MAVEN/MojoExecutionException
Build step 'Execute shell' marked build as failure
Archiving artifacts


From jenkins at imagej.net  Wed Mar  1 15:42:34 2017
From: jenkins at imagej.net (jenkins at imagej.net)
Date: Wed, 01 Mar 2017 15:42:34 -0600 (CST)
Subject: [ImageJ-builds] Build failed in Jenkins: ToAST #17
Message-ID: <1889744954.696.1488404554479.JavaMail.jenkins@dev>

See <http://jenkins.imagej.net/job/ToAST/17/changes>

Changes:

[Curtis Rueden] Update parent to org.scijava:pom-scijava:14.0.0

[Curtis Rueden] Switch from Jenkins to Travis CI

------------------------------------------
Started by an SCM change
Building remotely on maven in workspace <http://jenkins.imagej.net/job/ToAST/ws/>
 > git rev-parse --is-inside-work-tree # timeout=10
Fetching changes from the remote Git repository
 > git config remote.origin.url git://github.com/fiji/ToAST # timeout=10
Fetching upstream changes from git://github.com/fiji/ToAST
 > git --version # timeout=10
 > git -c core.askpass=true fetch --tags --progress git://github.com/fiji/ToAST +refs/heads/*:refs/remotes/origin/*
 > git rev-parse origin/master^{commit} # timeout=10
Checking out Revision e2c9ce59c6047941c92ab0d8d9f1edc0022ecdb2 (origin/master)
 > git config core.sparsecheckout # timeout=10
 > git checkout -f e2c9ce59c6047941c92ab0d8d9f1edc0022ecdb2
 > git rev-list 15631f8a209c5a0164739ffee87582559646bb57 # timeout=10
 > git tag -a -f -m Jenkins Build #17 jenkins-ToAST-17 # timeout=10
[ToAST] $ /bin/sh -xe /tmp/hudson4427761764215411087.sh
+ git clean -dfx
Removing target/
[ToAST] $ /bin/sh -xe /tmp/hudson4935265627624622055.sh
+ mvn -U -Pdeploy-to-imagej clean deploy
[INFO] Scanning for projects...
[INFO]                                                                         
[INFO] ------------------------------------------------------------------------
[INFO] Building ToAST 25.0.2-SNAPSHOT
[INFO] ------------------------------------------------------------------------
[INFO] 
[INFO] --- maven-clean-plugin:3.0.0:clean (default-clean) @ ToAST_ ---
[INFO] 
[INFO] --- maven-enforcer-plugin:1.4.1:enforce (enforce-rules) @ ToAST_ ---
[INFO] 
[INFO] --- build-helper-maven-plugin:1.12:regex-property (sanitize-version) @ ToAST_ ---
[INFO] 
[INFO] --- buildnumber-maven-plugin:1.4:create (default) @ ToAST_ ---
[INFO] Executing: /bin/sh -c cd '/data/devel/jenkins-maven/workspace/ToAST' && 'git' 'rev-parse' '--verify' 'HEAD'
[INFO] Working directory: /data/devel/jenkins-maven/workspace/ToAST
[INFO] Storing buildNumber: e2c9ce59c6047941c92ab0d8d9f1edc0022ecdb2 at timestamp: 1488404553762
[WARNING] Cannot get the branch information from the git repository: 
Detecting the current branch failed: fatal: ref HEAD is not a symbolic ref

[INFO] Executing: /bin/sh -c cd '/data/devel/jenkins-maven/workspace/ToAST' && 'git' 'rev-parse' '--verify' 'HEAD'
[INFO] Working directory: /data/devel/jenkins-maven/workspace/ToAST
[INFO] Storing buildScmBranch: UNKNOWN
[INFO] 
[INFO] --- scijava-maven-plugin:1.0.0:set-rootdir (set-rootdir) @ ToAST_ ---
[INFO] Setting rootdir: /data/devel/jenkins-maven/workspace/ToAST
[INFO] 
[INFO] --- maven-resources-plugin:3.0.2:resources (default-resources) @ ToAST_ ---
[INFO] Using 'UTF-8' encoding to copy filtered resources.
[INFO] Copying 1 resource
[INFO] 
[INFO] --- maven-compiler-plugin:3.6.0:compile (default-compile) @ ToAST_ ---
[INFO] Compiling 2 source files to /data/devel/jenkins-maven/workspace/ToAST/target/classes
[INFO] ------------------------------------------------------------------------
[INFO] BUILD FAILURE
[INFO] ------------------------------------------------------------------------
[INFO] Total time: 3.400s
[INFO] Finished at: Wed Mar 01 15:42:34 CST 2017
[INFO] Final Memory: 16M/360M
[INFO] ------------------------------------------------------------------------
[ERROR] Failed to execute goal org.apache.maven.plugins:maven-compiler-plugin:3.6.0:compile (default-compile) on project ToAST_: Fatal error compiling: invalid target release: 1.8 -> [Help 1]
[ERROR] 
[ERROR] To see the full stack trace of the errors, re-run Maven with the -e switch.
[ERROR] Re-run Maven using the -X switch to enable full debug logging.
[ERROR] 
[ERROR] For more information about the errors and possible solutions, please read the following articles:
[ERROR] [Help 1] http://cwiki.apache.org/confluence/display/MAVEN/MojoExecutionException
Build step 'Execute shell' marked build as failure
Archiving artifacts


From jenkins at imagej.net  Wed Mar  1 15:42:41 2017
From: jenkins at imagej.net (jenkins at imagej.net)
Date: Wed, 01 Mar 2017 15:42:41 -0600 (CST)
Subject: [ImageJ-builds] Build failed in Jenkins: panorama #25
Message-ID: <1887585880.697.1488404561356.JavaMail.jenkins@dev>

See <http://jenkins.imagej.net/job/panorama/25/changes>

Changes:

[Curtis Rueden] Update parent to org.scijava:pom-scijava:14.0.0

[Curtis Rueden] Switch from Jenkins to Travis CI

------------------------------------------
Started by an SCM change
Building remotely on maven in workspace <http://jenkins.imagej.net/job/panorama/ws/>
 > git rev-parse --is-inside-work-tree # timeout=10
Fetching changes from the remote Git repository
 > git config remote.origin.url git://github.com/fiji/panorama # timeout=10
Fetching upstream changes from git://github.com/fiji/panorama
 > git --version # timeout=10
 > git -c core.askpass=true fetch --tags --progress git://github.com/fiji/panorama +refs/heads/*:refs/remotes/origin/*
 > git rev-parse origin/master^{commit} # timeout=10
Checking out Revision d648585c3de78fb781a61faa887cedf1c1dac383 (origin/master)
 > git config core.sparsecheckout # timeout=10
 > git checkout -f d648585c3de78fb781a61faa887cedf1c1dac383
 > git rev-list 16994651272e84ab24d606104a8fa33173bef49b # timeout=10
 > git tag -a -f -m Jenkins Build #25 jenkins-panorama-25 # timeout=10
[panorama] $ /bin/sh -xe /tmp/hudson4250308423456847191.sh
+ git clean -dfx
Removing target/
[panorama] $ /bin/sh -xe /tmp/hudson5991798238736640219.sh
+ mvn -U -Pdeploy-to-imagej clean deploy
[INFO] Scanning for projects...
[INFO]                                                                         
[INFO] ------------------------------------------------------------------------
[INFO] Building panorama 3.0.2-SNAPSHOT
[INFO] ------------------------------------------------------------------------
[INFO] 
[INFO] --- maven-clean-plugin:3.0.0:clean (default-clean) @ panorama_ ---
[INFO] 
[INFO] --- maven-enforcer-plugin:1.4.1:enforce (enforce-rules) @ panorama_ ---
[INFO] 
[INFO] --- build-helper-maven-plugin:1.12:regex-property (sanitize-version) @ panorama_ ---
[INFO] 
[INFO] --- buildnumber-maven-plugin:1.4:create (default) @ panorama_ ---
[INFO] Executing: /bin/sh -c cd '/data/devel/jenkins-maven/workspace/panorama' && 'git' 'rev-parse' '--verify' 'HEAD'
[INFO] Working directory: /data/devel/jenkins-maven/workspace/panorama
[INFO] Storing buildNumber: d648585c3de78fb781a61faa887cedf1c1dac383 at timestamp: 1488404560581
[WARNING] Cannot get the branch information from the git repository: 
Detecting the current branch failed: fatal: ref HEAD is not a symbolic ref

[INFO] Executing: /bin/sh -c cd '/data/devel/jenkins-maven/workspace/panorama' && 'git' 'rev-parse' '--verify' 'HEAD'
[INFO] Working directory: /data/devel/jenkins-maven/workspace/panorama
[INFO] Storing buildScmBranch: UNKNOWN
[INFO] 
[INFO] --- scijava-maven-plugin:1.0.0:set-rootdir (set-rootdir) @ panorama_ ---
[INFO] Setting rootdir: /data/devel/jenkins-maven/workspace/panorama
[INFO] 
[INFO] --- maven-resources-plugin:3.0.2:resources (default-resources) @ panorama_ ---
[INFO] Using 'UTF-8' encoding to copy filtered resources.
[INFO] Copying 2 resources
[INFO] 
[INFO] --- maven-compiler-plugin:3.6.0:compile (default-compile) @ panorama_ ---
[INFO] Compiling 8 source files to /data/devel/jenkins-maven/workspace/panorama/target/classes
[INFO] ------------------------------------------------------------------------
[INFO] BUILD FAILURE
[INFO] ------------------------------------------------------------------------
[INFO] Total time: 3.680s
[INFO] Finished at: Wed Mar 01 15:42:41 CST 2017
[INFO] Final Memory: 16M/360M
[INFO] ------------------------------------------------------------------------
[ERROR] Failed to execute goal org.apache.maven.plugins:maven-compiler-plugin:3.6.0:compile (default-compile) on project panorama_: Fatal error compiling: invalid target release: 1.8 -> [Help 1]
[ERROR] 
[ERROR] To see the full stack trace of the errors, re-run Maven with the -e switch.
[ERROR] Re-run Maven using the -X switch to enable full debug logging.
[ERROR] 
[ERROR] For more information about the errors and possible solutions, please read the following articles:
[ERROR] [Help 1] http://cwiki.apache.org/confluence/display/MAVEN/MojoExecutionException
Build step 'Execute shell' marked build as failure
Archiving artifacts


From jenkins at imagej.net  Wed Mar  1 23:48:06 2017
From: jenkins at imagej.net (jenkins at imagej.net)
Date: Wed, 01 Mar 2017 23:48:06 -0600 (CST)
Subject: [ImageJ-builds] Build failed in Jenkins: Manual_Tracking #18
Message-ID: <899676581.699.1488433686643.JavaMail.jenkins@dev>

See <http://jenkins.imagej.net/job/Manual_Tracking/18/changes>

Changes:

[Curtis Rueden] Update parent to org.scijava:pom-scijava:14.0.0

[Curtis Rueden] Switch from Jenkins to Travis CI

------------------------------------------
Started by an SCM change
Building remotely on maven in workspace <http://jenkins.imagej.net/job/Manual_Tracking/ws/>
 > git rev-parse --is-inside-work-tree # timeout=10
Fetching changes from the remote Git repository
 > git config remote.origin.url git://github.com/fiji/Manual_Tracking # timeout=10
Fetching upstream changes from git://github.com/fiji/Manual_Tracking
 > git --version # timeout=10
 > git -c core.askpass=true fetch --tags --progress git://github.com/fiji/Manual_Tracking +refs/heads/*:refs/remotes/origin/*
 > git rev-parse origin/master^{commit} # timeout=10
Checking out Revision 6741e61fcd00eb50ca1a92a96defa99389e05837 (origin/master)
 > git config core.sparsecheckout # timeout=10
 > git checkout -f 6741e61fcd00eb50ca1a92a96defa99389e05837
 > git rev-list bcef461edcc8d3c9336bffcb2e7d9846209f3c28 # timeout=10
 > git tag -a -f -m Jenkins Build #18 jenkins-Manual_Tracking-18 # timeout=10
[Manual_Tracking] $ /bin/sh -xe /tmp/hudson3668679248382591067.sh
+ git clean -dfx
Removing target/
[Manual_Tracking] $ /bin/sh -xe /tmp/hudson2424014298100718976.sh
+ mvn -U -Pdeploy-to-imagej clean deploy
[INFO] Scanning for projects...
[INFO]                                                                         
[INFO] ------------------------------------------------------------------------
[INFO] Building Manual Tracking 2.1.1-SNAPSHOT
[INFO] ------------------------------------------------------------------------
[INFO] 
[INFO] --- maven-clean-plugin:3.0.0:clean (default-clean) @ Manual_Tracking ---
[INFO] 
[INFO] --- maven-enforcer-plugin:1.4.1:enforce (enforce-rules) @ Manual_Tracking ---
[INFO] 
[INFO] --- build-helper-maven-plugin:1.12:regex-property (sanitize-version) @ Manual_Tracking ---
[INFO] 
[INFO] --- buildnumber-maven-plugin:1.4:create (default) @ Manual_Tracking ---
[INFO] Executing: /bin/sh -c cd '/data/devel/jenkins-maven/workspace/Manual_Tracking' && 'git' 'rev-parse' '--verify' 'HEAD'
[INFO] Working directory: /data/devel/jenkins-maven/workspace/Manual_Tracking
[INFO] Storing buildNumber: 6741e61fcd00eb50ca1a92a96defa99389e05837 at timestamp: 1488433685859
[WARNING] Cannot get the branch information from the git repository: 
Detecting the current branch failed: fatal: ref HEAD is not a symbolic ref

[INFO] Executing: /bin/sh -c cd '/data/devel/jenkins-maven/workspace/Manual_Tracking' && 'git' 'rev-parse' '--verify' 'HEAD'
[INFO] Working directory: /data/devel/jenkins-maven/workspace/Manual_Tracking
[INFO] Storing buildScmBranch: UNKNOWN
[INFO] 
[INFO] --- scijava-maven-plugin:1.0.0:set-rootdir (set-rootdir) @ Manual_Tracking ---
[INFO] Setting rootdir: /data/devel/jenkins-maven/workspace/Manual_Tracking
[INFO] 
[INFO] --- maven-resources-plugin:3.0.2:resources (default-resources) @ Manual_Tracking ---
[INFO] Using 'UTF-8' encoding to copy filtered resources.
[INFO] Copying 1 resource
[INFO] 
[INFO] --- maven-compiler-plugin:3.6.0:compile (default-compile) @ Manual_Tracking ---
[INFO] Compiling 3 source files to /data/devel/jenkins-maven/workspace/Manual_Tracking/target/classes
[INFO] ------------------------------------------------------------------------
[INFO] BUILD FAILURE
[INFO] ------------------------------------------------------------------------
[INFO] Total time: 3.792s
[INFO] Finished at: Wed Mar 01 23:48:06 CST 2017
[INFO] Final Memory: 17M/360M
[INFO] ------------------------------------------------------------------------
[ERROR] Failed to execute goal org.apache.maven.plugins:maven-compiler-plugin:3.6.0:compile (default-compile) on project Manual_Tracking: Fatal error compiling: invalid target release: 1.8 -> [Help 1]
[ERROR] 
[ERROR] To see the full stack trace of the errors, re-run Maven with the -e switch.
[ERROR] Re-run Maven using the -X switch to enable full debug logging.
[ERROR] 
[ERROR] For more information about the errors and possible solutions, please read the following articles:
[ERROR] [Help 1] http://cwiki.apache.org/confluence/display/MAVEN/MojoExecutionException
Build step 'Execute shell' marked build as failure
Archiving artifacts


From jenkins at imagej.net  Wed Mar  1 23:51:36 2017
From: jenkins at imagej.net (jenkins at imagej.net)
Date: Wed, 01 Mar 2017 23:51:36 -0600 (CST)
Subject: [ImageJ-builds] Build failed in Jenkins: blockmatching #27
Message-ID: <1667557157.700.1488433896103.JavaMail.jenkins@dev>

See <http://jenkins.imagej.net/job/blockmatching/27/changes>

Changes:

[Curtis Rueden] Update parent to org.scijava:pom-scijava:14.0.0

[Curtis Rueden] Switch from Jenkins to Travis CI

------------------------------------------
Started by an SCM change
Building remotely on maven in workspace <http://jenkins.imagej.net/job/blockmatching/ws/>
 > git rev-parse --is-inside-work-tree # timeout=10
Fetching changes from the remote Git repository
 > git config remote.origin.url git://github.com/fiji/blockmatching # timeout=10
Fetching upstream changes from git://github.com/fiji/blockmatching
 > git --version # timeout=10
 > git -c core.askpass=true fetch --tags --progress git://github.com/fiji/blockmatching +refs/heads/*:refs/remotes/origin/*
 > git rev-parse origin/master^{commit} # timeout=10
Checking out Revision 1e27d7b4c5a6d0651744fe2b9dbb9255be2320c8 (origin/master)
 > git config core.sparsecheckout # timeout=10
 > git checkout -f 1e27d7b4c5a6d0651744fe2b9dbb9255be2320c8
 > git rev-list 11d993c7ae35f1d464363c3e0396e52862e0545e # timeout=10
 > git tag -a -f -m Jenkins Build #27 jenkins-blockmatching-27 # timeout=10
[blockmatching] $ /bin/sh -xe /tmp/hudson8867454195826750537.sh
+ git clean -dfx
Removing target/
[blockmatching] $ /bin/sh -xe /tmp/hudson5692122184577682627.sh
+ mvn -U -Pdeploy-to-imagej clean deploy
[INFO] Scanning for projects...
[INFO]                                                                         
[INFO] ------------------------------------------------------------------------
[INFO] Building Block Matching 2.1.2-SNAPSHOT
[INFO] ------------------------------------------------------------------------
[INFO] 
[INFO] --- maven-clean-plugin:3.0.0:clean (default-clean) @ blockmatching_ ---
[INFO] 
[INFO] --- maven-enforcer-plugin:1.4.1:enforce (enforce-rules) @ blockmatching_ ---
[INFO] 
[INFO] --- build-helper-maven-plugin:1.12:regex-property (sanitize-version) @ blockmatching_ ---
[INFO] 
[INFO] --- buildnumber-maven-plugin:1.4:create (default) @ blockmatching_ ---
[INFO] Executing: /bin/sh -c cd '/data/devel/jenkins-maven/workspace/blockmatching' && 'git' 'rev-parse' '--verify' 'HEAD'
[INFO] Working directory: /data/devel/jenkins-maven/workspace/blockmatching
[INFO] Storing buildNumber: 1e27d7b4c5a6d0651744fe2b9dbb9255be2320c8 at timestamp: 1488433895296
[WARNING] Cannot get the branch information from the git repository: 
Detecting the current branch failed: fatal: ref HEAD is not a symbolic ref

[INFO] Executing: /bin/sh -c cd '/data/devel/jenkins-maven/workspace/blockmatching' && 'git' 'rev-parse' '--verify' 'HEAD'
[INFO] Working directory: /data/devel/jenkins-maven/workspace/blockmatching
[INFO] Storing buildScmBranch: UNKNOWN
[INFO] 
[INFO] --- scijava-maven-plugin:1.0.0:set-rootdir (set-rootdir) @ blockmatching_ ---
[INFO] Setting rootdir: /data/devel/jenkins-maven/workspace/blockmatching
[INFO] 
[INFO] --- maven-resources-plugin:3.0.2:resources (default-resources) @ blockmatching_ ---
[INFO] Using 'UTF-8' encoding to copy filtered resources.
[INFO] Copying 1 resource
[INFO] 
[INFO] --- maven-compiler-plugin:3.6.0:compile (default-compile) @ blockmatching_ ---
[INFO] Compiling 3 source files to /data/devel/jenkins-maven/workspace/blockmatching/target/classes
[INFO] ------------------------------------------------------------------------
[INFO] BUILD FAILURE
[INFO] ------------------------------------------------------------------------
[INFO] Total time: 7.732s
[INFO] Finished at: Wed Mar 01 23:51:35 CST 2017
[INFO] Final Memory: 68M/435M
[INFO] ------------------------------------------------------------------------
[ERROR] Failed to execute goal org.apache.maven.plugins:maven-compiler-plugin:3.6.0:compile (default-compile) on project blockmatching_: Fatal error compiling: invalid target release: 1.8 -> [Help 1]
[ERROR] 
[ERROR] To see the full stack trace of the errors, re-run Maven with the -e switch.
[ERROR] Re-run Maven using the -X switch to enable full debug logging.
[ERROR] 
[ERROR] For more information about the errors and possible solutions, please read the following articles:
[ERROR] [Help 1] http://cwiki.apache.org/confluence/display/MAVEN/MojoExecutionException
Build step 'Execute shell' marked build as failure
Archiving artifacts


From jenkins at imagej.net  Thu Mar  2 01:05:59 2017
From: jenkins at imagej.net (jenkins at imagej.net)
Date: Thu, 02 Mar 2017 01:05:59 -0600 (CST)
Subject: [ImageJ-builds] Build failed in Jenkins: ImageJ-1.x-website-mirror
	#1705
In-Reply-To: <586615440.665.1488351960029.JavaMail.jenkins@dev>
References: <586615440.665.1488351960029.JavaMail.jenkins@dev>
Message-ID: <1287578631.701.1488438359773.JavaMail.jenkins@dev>

See <http://jenkins.imagej.net/job/ImageJ-1.x-website-mirror/1705/>

------------------------------------------
Started by timer
Building remotely on arrakis.microscopy in workspace <http://jenkins.imagej.net/job/ImageJ-1.x-website-mirror/ws/>
ERROR: Unable to find project for artifact copy: SciJava-common
This may be due to incorrect project name or permission settings; see help for project name in job configuration.



From jenkins at imagej.net  Fri Mar  3 01:05:59 2017
From: jenkins at imagej.net (jenkins at imagej.net)
Date: Fri, 03 Mar 2017 01:05:59 -0600 (CST)
Subject: [ImageJ-builds] Build failed in Jenkins: ImageJ-1.x-website-mirror
	#1706
In-Reply-To: <1287578631.701.1488438359773.JavaMail.jenkins@dev>
References: <1287578631.701.1488438359773.JavaMail.jenkins@dev>
Message-ID: <900609450.706.1488524759855.JavaMail.jenkins@dev>

See <http://jenkins.imagej.net/job/ImageJ-1.x-website-mirror/1706/>

------------------------------------------
Started by timer
Building remotely on arrakis.microscopy in workspace <http://jenkins.imagej.net/job/ImageJ-1.x-website-mirror/ws/>
ERROR: Unable to find project for artifact copy: SciJava-common
This may be due to incorrect project name or permission settings; see help for project name in job configuration.



From jenkins at imagej.net  Sat Mar  4 01:05:59 2017
From: jenkins at imagej.net (jenkins at imagej.net)
Date: Sat, 04 Mar 2017 01:05:59 -0600 (CST)
Subject: [ImageJ-builds] Build failed in Jenkins: ImageJ-1.x-website-mirror
	#1707
In-Reply-To: <900609450.706.1488524759855.JavaMail.jenkins@dev>
References: <900609450.706.1488524759855.JavaMail.jenkins@dev>
Message-ID: <174913689.708.1488611159804.JavaMail.jenkins@dev>

See <http://jenkins.imagej.net/job/ImageJ-1.x-website-mirror/1707/>

------------------------------------------
Started by timer
Building remotely on arrakis.microscopy in workspace <http://jenkins.imagej.net/job/ImageJ-1.x-website-mirror/ws/>
ERROR: Unable to find project for artifact copy: SciJava-common
This may be due to incorrect project name or permission settings; see help for project name in job configuration.



From jenkins at imagej.net  Sun Mar  5 01:06:00 2017
From: jenkins at imagej.net (jenkins at imagej.net)
Date: Sun, 05 Mar 2017 01:06:00 -0600 (CST)
Subject: [ImageJ-builds] Build failed in Jenkins: ImageJ-1.x-website-mirror
	#1708
In-Reply-To: <174913689.708.1488611159804.JavaMail.jenkins@dev>
References: <174913689.708.1488611159804.JavaMail.jenkins@dev>
Message-ID: <840732020.711.1488697560161.JavaMail.jenkins@dev>

See <http://jenkins.imagej.net/job/ImageJ-1.x-website-mirror/1708/>

------------------------------------------
Started by timer
Building remotely on arrakis.microscopy in workspace <http://jenkins.imagej.net/job/ImageJ-1.x-website-mirror/ws/>
ERROR: Unable to find project for artifact copy: SciJava-common
This may be due to incorrect project name or permission settings; see help for project name in job configuration.



From jenkins at imagej.net  Mon Mar  6 01:06:00 2017
From: jenkins at imagej.net (jenkins at imagej.net)
Date: Mon, 06 Mar 2017 01:06:00 -0600 (CST)
Subject: [ImageJ-builds] Build failed in Jenkins: ImageJ-1.x-website-mirror
	#1709
In-Reply-To: <840732020.711.1488697560161.JavaMail.jenkins@dev>
References: <840732020.711.1488697560161.JavaMail.jenkins@dev>
Message-ID: <925069621.714.1488783960242.JavaMail.jenkins@dev>

See <http://jenkins.imagej.net/job/ImageJ-1.x-website-mirror/1709/>

------------------------------------------
Started by timer
Building remotely on arrakis.microscopy in workspace <http://jenkins.imagej.net/job/ImageJ-1.x-website-mirror/ws/>
ERROR: Unable to find project for artifact copy: SciJava-common
This may be due to incorrect project name or permission settings; see help for project name in job configuration.



From jenkins at imagej.net  Mon Mar  6 14:49:32 2017
From: jenkins at imagej.net (jenkins at imagej.net)
Date: Mon, 06 Mar 2017 14:49:32 -0600 (CST)
Subject: [ImageJ-builds] Build failed in Jenkins: ImageJ-1.x-website-mirror
	#1710
In-Reply-To: <925069621.714.1488783960242.JavaMail.jenkins@dev>
References: <925069621.714.1488783960242.JavaMail.jenkins@dev>
Message-ID: <1561746756.715.1488833372893.JavaMail.jenkins@dev>

See <http://jenkins.imagej.net/job/ImageJ-1.x-website-mirror/1710/>

------------------------------------------
Started by user Curtis Rueden
Building remotely on arrakis.microscopy in workspace <http://jenkins.imagej.net/job/ImageJ-1.x-website-mirror/ws/>
[ImageJ-1.x-website-mirror] $ /bin/sh -xe /tmp/hudson5232131573985876656.sh
+ set -x
+ HTTPDOCS=/var/www/vhosts/mirror.imagej.net/httpdocs
+ curl -sL -D headers.out -O https://imagej.nih.gov/ij.tgz
+ sed -n s/^Date: //p
+ date --date=Mon, 06 Mar 2017 20:48:09 GMT
 +%s
+ now=1488833289
+ sed -n s/^Last-Modified: //p
+ date --date=Mon, 06 Mar 2017 05:33:54 GMT
 +%s
+ mtime=1488778434
+ test 54855 -gt 93600
+ test -d scratch/.git
+ test -f import-tars.perl
+ GIT_DIR=scratch/.git git tag -d ij
Deleted tag 'ij' (was 4577ce1)
+ GIT_DIR=scratch/.git perl import-tars.perl ij.tgz
warning: Not updating refs/heads/import-tars (new tip a5e64c6c3427df656ac09b2db98db93ebfb47a46 does not contain d19b65f8a22ab8cd46e81c015dba9d21981eb4a6)
+ cd scratch
+ git reset --hard ij
HEAD is now at a5e64c6 Imported from ij.tgz.
+ git clean -dfx
+ curl -O https://raw.githubusercontent.com/ctrueden/jrun/master/jrun
  % Total    % Received % Xferd  Average Speed   Time    Time     Time  Current
                                 Dload  Upload   Total   Spent    Left  Speed

  0     0    0     0    0     0      0      0 --:--:-- --:--:-- --:--:--     0
 58  7965   58  4686    0     0   3861      0  0:00:02  0:00:01  0:00:01  3863
100  7965  100  7965    0     0   6562      0  0:00:01  0:00:01 --:--:--  6566
+ chmod u+x jrun
+ pwd
+ ./jrun org.scijava:scijava-common:org.scijava.util.MirrorWebsite --threads 1 file:/home/jenkins-node/workspace/ImageJ-1.x-website-mirror/scratch/ /var/www/vhosts/mirror.imagej.net/httpdocs/
The 'mvn' utility is required but not found
Build step 'Execute shell' marked build as failure


From jenkins at imagej.net  Mon Mar  6 15:49:07 2017
From: jenkins at imagej.net (jenkins at imagej.net)
Date: Mon, 06 Mar 2017 15:49:07 -0600 (CST)
Subject: [ImageJ-builds] Jenkins build is back to normal :
	ImageJ-1.x-website-mirror #1711
In-Reply-To: <1561746756.715.1488833372893.JavaMail.jenkins@dev>
References: <1561746756.715.1488833372893.JavaMail.jenkins@dev>
Message-ID: <905405481.716.1488836947159.JavaMail.jenkins@dev>

See <http://jenkins.imagej.net/job/ImageJ-1.x-website-mirror/1711/>



From jenkins at imagej.net  Tue Mar  7 16:05:12 2017
From: jenkins at imagej.net (jenkins at imagej.net)
Date: Tue, 07 Mar 2017 16:05:12 -0600 (CST)
Subject: [ImageJ-builds] Build failed in Jenkins: Cross_Fader #5
Message-ID: <147753389.718.1488924312040.JavaMail.jenkins@dev>

See <http://jenkins.imagej.net/job/Cross_Fader/5/changes>

Changes:

[Curtis Rueden] Update parent to org.scijava:pom-scijava:14.0.0

[Curtis Rueden] Switch from Jenkins to Travis CI

[Curtis Rueden] README: fix weird whitespace

------------------------------------------
Started by an SCM change
Building remotely on maven in workspace <http://jenkins.imagej.net/job/Cross_Fader/ws/>
 > git rev-parse --is-inside-work-tree # timeout=10
Fetching changes from the remote Git repository
 > git config remote.origin.url git://github.com/fiji/Cross_Fader # timeout=10
Fetching upstream changes from git://github.com/fiji/Cross_Fader
 > git --version # timeout=10
 > git -c core.askpass=true fetch --tags --progress git://github.com/fiji/Cross_Fader +refs/heads/*:refs/remotes/origin/*
 > git rev-parse origin/master^{commit} # timeout=10
Checking out Revision 391c0325c2fb1318e33eaedd90a7c7d8c8dc19c9 (origin/master)
 > git config core.sparsecheckout # timeout=10
 > git checkout -f 391c0325c2fb1318e33eaedd90a7c7d8c8dc19c9
 > git rev-list 9fdc6d83ee7aec969d133b37c123fa0e9d8ea294 # timeout=10
 > git tag -a -f -m Jenkins Build #5 jenkins-Cross_Fader-5 # timeout=10
[Cross_Fader] $ /bin/sh -xe /tmp/hudson32731896747533008.sh
+ git clean -dfx
Removing target/
[Cross_Fader] $ /bin/sh -xe /tmp/hudson3623423089184444392.sh
+ mvn -U -Pdeploy-to-imagej clean deploy
[INFO] Scanning for projects...
[INFO]                                                                         
[INFO] ------------------------------------------------------------------------
[INFO] Building Cross Fader 1.0.1-SNAPSHOT
[INFO] ------------------------------------------------------------------------
[INFO] 
[INFO] --- maven-clean-plugin:3.0.0:clean (default-clean) @ Cross_Fader ---
[INFO] 
[INFO] --- maven-enforcer-plugin:1.4.1:enforce (enforce-rules) @ Cross_Fader ---
[INFO] 
[INFO] --- build-helper-maven-plugin:1.12:regex-property (sanitize-version) @ Cross_Fader ---
[INFO] 
[INFO] --- buildnumber-maven-plugin:1.4:create (default) @ Cross_Fader ---
[INFO] Executing: /bin/sh -c cd '/data/devel/jenkins-maven/workspace/Cross_Fader' && 'git' 'rev-parse' '--verify' 'HEAD'
[INFO] Working directory: /data/devel/jenkins-maven/workspace/Cross_Fader
[INFO] Storing buildNumber: 391c0325c2fb1318e33eaedd90a7c7d8c8dc19c9 at timestamp: 1488924310846
[WARNING] Cannot get the branch information from the git repository: 
Detecting the current branch failed: fatal: ref HEAD is not a symbolic ref

[INFO] Executing: /bin/sh -c cd '/data/devel/jenkins-maven/workspace/Cross_Fader' && 'git' 'rev-parse' '--verify' 'HEAD'
[INFO] Working directory: /data/devel/jenkins-maven/workspace/Cross_Fader
[INFO] Storing buildScmBranch: UNKNOWN
[INFO] 
[INFO] --- scijava-maven-plugin:1.0.0:set-rootdir (set-rootdir) @ Cross_Fader ---
[INFO] Setting rootdir: /data/devel/jenkins-maven/workspace/Cross_Fader
[INFO] 
[INFO] --- maven-resources-plugin:3.0.2:resources (default-resources) @ Cross_Fader ---
[INFO] Using 'UTF-8' encoding to copy filtered resources.
[INFO] Copying 1 resource
[INFO] 
[INFO] --- maven-compiler-plugin:3.6.0:compile (default-compile) @ Cross_Fader ---
[INFO] Compiling 1 source file to /data/devel/jenkins-maven/workspace/Cross_Fader/target/classes
[INFO] ------------------------------------------------------------------------
[INFO] BUILD FAILURE
[INFO] ------------------------------------------------------------------------
[INFO] Total time: 4.556s
[INFO] Finished at: Tue Mar 07 16:05:11 CST 2017
[INFO] Final Memory: 16M/360M
[INFO] ------------------------------------------------------------------------
[ERROR] Failed to execute goal org.apache.maven.plugins:maven-compiler-plugin:3.6.0:compile (default-compile) on project Cross_Fader: Fatal error compiling: invalid target release: 1.8 -> [Help 1]
[ERROR] 
[ERROR] To see the full stack trace of the errors, re-run Maven with the -e switch.
[ERROR] Re-run Maven using the -X switch to enable full debug logging.
[ERROR] 
[ERROR] For more information about the errors and possible solutions, please read the following articles:
[ERROR] [Help 1] http://cwiki.apache.org/confluence/display/MAVEN/MojoExecutionException
Build step 'Execute shell' marked build as failure
Archiving artifacts


From jenkins at imagej.net  Fri Mar 10 13:23:40 2017
From: jenkins at imagej.net (jenkins at imagej.net)
Date: Fri, 10 Mar 2017 13:23:40 -0600 (CST)
Subject: [ImageJ-builds] mail-watcher-plugin: Computer Windows marked
	temporarily offline
Message-ID: <1868221709.726.1489173820599.JavaMail.jenkins@dev>

Initiator: curtis
Url: http://jenkins.imagej.net/computer/Windows/


Disconnected by curtis : The ImageJ Jenkins Windows node no longer exists.

All Windows jobs are slated for migration to Appveyor.


From jenkins at imagej.net  Sat Mar 11 23:12:37 2017
From: jenkins at imagej.net (jenkins at imagej.net)
Date: Sat, 11 Mar 2017 23:12:37 -0600 (CST)
Subject: [ImageJ-builds] Build failed in Jenkins: BAR #59
Message-ID: <1440487890.733.1489295557744.JavaMail.jenkins@dev>

See <http://jenkins.imagej.net/job/BAR/59/changes>

Changes:

[tiagoalvespedrosa] Bug fix: Ensure optimized y-axis scale

[tiagoalvespedrosa] UI improvements and code cleanup

[tiagoalvespedrosa] Bug fix

[tiagoalvespedrosa] Ensure overlay remains accessible after Z/T swap

[tiagoalvespedrosa] UI improvements

------------------------------------------
[...truncated 91 lines...]
[INFO] Copying 13 resources
[INFO] 
[INFO] --- maven-compiler-plugin:3.5.1:compile (default-compile) @ BAR_ ---
[INFO] Compiling 13 source files to /data/devel/jenkins-maven/workspace/BAR/BAR/target/classes
[INFO] 
[INFO] --- maven-resources-plugin:3.0.1:testResources (default-testResources) @ BAR_ ---
[INFO] Using 'UTF-8' encoding to copy filtered resources.
[INFO] skip non existing resourceDirectory /data/devel/jenkins-maven/workspace/BAR/BAR/src/test/resources
[INFO] skip non existing resourceDirectory /data/devel/jenkins-maven/workspace/BAR/BAR/src/test/java
[INFO] 
[INFO] --- maven-compiler-plugin:3.5.1:testCompile (default-testCompile) @ BAR_ ---
[INFO] No sources to compile
[INFO] 
[INFO] --- maven-surefire-plugin:2.19.1:test (default-test) @ BAR_ ---
[INFO] No tests to run.
[INFO] 
[INFO] --- maven-jar-plugin:2.6:jar (default-jar) @ BAR_ ---
[INFO] Building jar: /data/devel/jenkins-maven/workspace/BAR/BAR/target/BAR_-1.1.13.jar
[INFO] 
[INFO] --- maven-javadoc-plugin:2.10.4:jar (attach-javadocs) @ BAR_ ---
[INFO] 
Loading source files for package bar...
Loading source files for package bar.plugin...
Constructing Javadoc information...
Standard Doclet version 1.8.0_111
Building tree for all the packages and classes...
Generating /data/devel/jenkins-maven/workspace/BAR/BAR/target/apidocs/bar/BAR.html...
Generating /data/devel/jenkins-maven/workspace/BAR/BAR/target/apidocs/bar/BAR.GCD.html...
Generating /data/devel/jenkins-maven/workspace/BAR/BAR/target/apidocs/bar/BARService.html...
Generating /data/devel/jenkins-maven/workspace/BAR/BAR/target/apidocs/bar/DefaultGCD.html...
Generating /data/devel/jenkins-maven/workspace/BAR/BAR/target/apidocs/bar/FileDrop.html...
Generating /data/devel/jenkins-maven/workspace/BAR/BAR/target/apidocs/bar/FileDrop.Event.html...
Generating /data/devel/jenkins-maven/workspace/BAR/BAR/target/apidocs/bar/FileDrop.Listener.html...
Generating /data/devel/jenkins-maven/workspace/BAR/BAR/target/apidocs/bar/FileDrop.TransferableObject.html...
Generating /data/devel/jenkins-maven/workspace/BAR/BAR/target/apidocs/bar/FileDrop.TransferableObject.Fetcher.html...
Generating /data/devel/jenkins-maven/workspace/BAR/BAR/target/apidocs/bar/PlotUtils.html...
Generating /data/devel/jenkins-maven/workspace/BAR/BAR/target/apidocs/bar/Runner.html...
Generating /data/devel/jenkins-maven/workspace/BAR/BAR/target/apidocs/bar/Utils.html...
Generating /data/devel/jenkins-maven/workspace/BAR/BAR/target/apidocs/bar/plugin/Commander.html...
Generating /data/devel/jenkins-maven/workspace/BAR/BAR/target/apidocs/bar/plugin/Help.html...
Generating /data/devel/jenkins-maven/workspace/BAR/BAR/target/apidocs/bar/plugin/InteractivePlotter.html...
Generating /data/devel/jenkins-maven/workspace/BAR/BAR/target/apidocs/bar/plugin/ShenCastan.html...
Generating /data/devel/jenkins-maven/workspace/BAR/BAR/target/apidocs/bar/plugin/SnippetCreator.html...
Generating /data/devel/jenkins-maven/workspace/BAR/BAR/target/apidocs/bar/plugin/Tutorials.html...
Generating /data/devel/jenkins-maven/workspace/BAR/BAR/target/apidocs/overview-frame.html...
Generating /data/devel/jenkins-maven/workspace/BAR/BAR/target/apidocs/bar/package-frame.html...
Generating /data/devel/jenkins-maven/workspace/BAR/BAR/target/apidocs/bar/package-summary.html...
Generating /data/devel/jenkins-maven/workspace/BAR/BAR/target/apidocs/bar/package-tree.html...
Generating /data/devel/jenkins-maven/workspace/BAR/BAR/target/apidocs/bar/plugin/package-frame.html...
Generating /data/devel/jenkins-maven/workspace/BAR/BAR/target/apidocs/bar/plugin/package-summary.html...
Generating /data/devel/jenkins-maven/workspace/BAR/BAR/target/apidocs/bar/plugin/package-tree.html...
Generating /data/devel/jenkins-maven/workspace/BAR/BAR/target/apidocs/constant-values.html...
Generating /data/devel/jenkins-maven/workspace/BAR/BAR/target/apidocs/serialized-form.html...
Building index for all the packages and classes...
Generating /data/devel/jenkins-maven/workspace/BAR/BAR/target/apidocs/overview-tree.html...
Generating /data/devel/jenkins-maven/workspace/BAR/BAR/target/apidocs/index-all.html...
Generating /data/devel/jenkins-maven/workspace/BAR/BAR/target/apidocs/deprecated-list.html...
Building index for all classes...
Generating /data/devel/jenkins-maven/workspace/BAR/BAR/target/apidocs/allclasses-frame.html...
Generating /data/devel/jenkins-maven/workspace/BAR/BAR/target/apidocs/allclasses-noframe.html...
Generating /data/devel/jenkins-maven/workspace/BAR/BAR/target/apidocs/index.html...
Generating /data/devel/jenkins-maven/workspace/BAR/BAR/target/apidocs/overview-summary.html...
Generating /data/devel/jenkins-maven/workspace/BAR/BAR/target/apidocs/help-doc.html...
[INFO] Building jar: /data/devel/jenkins-maven/workspace/BAR/BAR/target/BAR_-1.1.13-javadoc.jar
[INFO] 
[INFO] --- maven-source-plugin:3.0.1:jar-no-fork (default) @ BAR_ ---
[INFO] Building jar: /data/devel/jenkins-maven/workspace/BAR/BAR/target/BAR_-1.1.13-sources.jar
[INFO] 
[INFO] --- maven-source-plugin:3.0.1:jar-no-fork (attach-sources) @ BAR_ ---
[INFO] Building jar: /data/devel/jenkins-maven/workspace/BAR/BAR/target/BAR_-1.1.13-sources.jar
[WARNING] Artifact org.scijava:BAR_:java-source:sources:1.1.13 already attached to project, ignoring duplicate
[INFO] 
[INFO] --- maven-jar-plugin:2.6:test-jar (default) @ BAR_ ---
[INFO] Skipping packaging of the test-jar
[INFO] 
[INFO] --- maven-install-plugin:2.5.2:install (default-install) @ BAR_ ---
[INFO] Installing /data/devel/jenkins-maven/workspace/BAR/BAR/target/BAR_-1.1.13.jar to /var/lib/jenkins-maven/.m2/repository/org/scijava/BAR_/1.1.13/BAR_-1.1.13.jar
[INFO] Installing /data/devel/jenkins-maven/workspace/BAR/BAR/pom.xml to /var/lib/jenkins-maven/.m2/repository/org/scijava/BAR_/1.1.13/BAR_-1.1.13.pom
[INFO] Installing /data/devel/jenkins-maven/workspace/BAR/BAR/target/BAR_-1.1.13-javadoc.jar to /var/lib/jenkins-maven/.m2/repository/org/scijava/BAR_/1.1.13/BAR_-1.1.13-javadoc.jar
[INFO] Installing /data/devel/jenkins-maven/workspace/BAR/BAR/target/BAR_-1.1.13-sources.jar to /var/lib/jenkins-maven/.m2/repository/org/scijava/BAR_/1.1.13/BAR_-1.1.13-sources.jar
[INFO] 
[INFO] --- imagej-maven-plugin:0.6.0:copy-jars (copy-jars) @ BAR_ ---
[INFO] Property 'imagej.app.directory' unset; Skipping copy-jars
[INFO] 
[INFO] --- maven-deploy-plugin:2.8.2:deploy (default-deploy) @ BAR_ ---
Uploading: dav:http://maven.imagej.net/content/repositories/releases/org/scijava/BAR_/1.1.13/BAR_-1.1.13.jar
Mar 11, 2017 11:12:36 PM org.apache.commons.httpclient.auth.AuthChallengeProcessor selectAuthScheme
INFO: basic authentication scheme selected
4/262 KB    
8/262 KB   
12/262 KB   
16/262 KB   
20/262 KB   
24/262 KB   
28/262 KB   
32/262 KB   
36/262 KB   
40/262 KB   
44/262 KB   
48/262 KB   
52/262 KB   
56/262 KB   
60/262 KB   
64/262 KB   
68/262 KB   
72/262 KB   
76/262 KB   
80/262 KB   
84/262 KB   
88/262 KB   
92/262 KB   
96/262 KB   
100/262 KB   
104/262 KB   
108/262 KB   
112/262 KB   
116/262 KB   
120/262 KB   
124/262 KB   
128/262 KB   
132/262 KB   
136/262 KB   
140/262 KB   
144/262 KB   
148/262 KB   
152/262 KB   
156/262 KB   
160/262 KB   
164/262 KB   
168/262 KB   
172/262 KB   
176/262 KB   
180/262 KB   
184/262 KB   
188/262 KB   
192/262 KB   
196/262 KB   
200/262 KB   
204/262 KB   
208/262 KB   
212/262 KB   
216/262 KB   
220/262 KB   
224/262 KB   
228/262 KB   
232/262 KB   
236/262 KB   
240/262 KB   
244/262 KB   
248/262 KB   
252/262 KB   
256/262 KB   
260/262 KB   
262/262 KB   
Mar 11, 2017 11:12:37 PM org.apache.commons.httpclient.auth.AuthChallengeProcessor selectAuthScheme
INFO: basic authentication scheme selected
266/262 KB   
270/262 KB   
274/262 KB   
278/262 KB   
282/262 KB   
286/262 KB   
290/262 KB   
294/262 KB   
298/262 KB   
302/262 KB   
306/262 KB   
310/262 KB   
314/262 KB   
318/262 KB   
322/262 KB   
326/262 KB   
330/262 KB   
334/262 KB   
338/262 KB   
342/262 KB   
346/262 KB   
350/262 KB   
354/262 KB   
358/262 KB   
362/262 KB   
366/262 KB   
370/262 KB   
374/262 KB   
378/262 KB   
382/262 KB   
386/262 KB   
390/262 KB   
394/262 KB   
398/262 KB   
402/262 KB   
406/262 KB   
410/262 KB   
414/262 KB   
418/262 KB   
422/262 KB   
426/262 KB   
430/262 KB   
434/262 KB   
438/262 KB   
442/262 KB   
446/262 KB   
450/262 KB   
454/262 KB   
458/262 KB   
462/262 KB   
466/262 KB   
470/262 KB   
474/262 KB   
478/262 KB   
482/262 KB   
486/262 KB   
490/262 KB   
494/262 KB   
498/262 KB   
502/262 KB   
506/262 KB   
510/262 KB   
514/262 KB   
518/262 KB   
522/262 KB   
523/262 KB   
             
Uploading: http://maven.imagej.net/content/repositories/releases/org/scijava/BAR_/1.1.13/BAR_-1.1.13.pom
Mar 11, 2017 11:12:37 PM org.apache.commons.httpclient.auth.AuthChallengeProcessor selectAuthScheme
INFO: basic authentication scheme selected
4/6 KB       
6/6 KB   
Mar 11, 2017 11:12:37 PM org.apache.commons.httpclient.auth.AuthChallengeProcessor selectAuthScheme
INFO: basic authentication scheme selected
10/6 KB   
11/6 KB   
          
[INFO] ------------------------------------------------------------------------
[INFO] BUILD FAILURE
[INFO] ------------------------------------------------------------------------
[INFO] Total time: 45.760s
[INFO] Finished at: Sat Mar 11 23:12:37 CST 2017
[INFO] Final Memory: 39M/284M
[INFO] ------------------------------------------------------------------------
[ERROR] Failed to execute goal org.apache.maven.plugins:maven-deploy-plugin:2.8.2:deploy (default-deploy) on project BAR_: Failed to deploy artifacts: Could not transfer artifact org.scijava:BAR_:jar:1.1.13 from/to imagej.releases (dav:http://maven.imagej.net/content/repositories/releases): Failed to transfer file: http://maven.imagej.net/content/repositories/releases/org/scijava/BAR_/1.1.13/BAR_-1.1.13.jar. Return code is: 400 -> [Help 1]
[ERROR] 
[ERROR] To see the full stack trace of the errors, re-run Maven with the -e switch.
[ERROR] Re-run Maven using the -X switch to enable full debug logging.
[ERROR] 
[ERROR] For more information about the errors and possible solutions, please read the following articles:
[ERROR] [Help 1] http://cwiki.apache.org/confluence/display/MAVEN/MojoExecutionException
Build step 'Execute shell' marked build as failure
Archiving artifacts


From jenkins at imagej.net  Sat Mar 11 23:13:53 2017
From: jenkins at imagej.net (jenkins at imagej.net)
Date: Sat, 11 Mar 2017 23:13:53 -0600 (CST)
Subject: [ImageJ-builds] Jenkins build is back to normal : BAR #60
In-Reply-To: <1440487890.733.1489295557744.JavaMail.jenkins@dev>
References: <1440487890.733.1489295557744.JavaMail.jenkins@dev>
Message-ID: <180703630.734.1489295633255.JavaMail.jenkins@dev>

See <http://jenkins.imagej.net/job/BAR/60/changes>



From jenkins at imagej.net  Mon Mar 13 11:05:24 2017
From: jenkins at imagej.net (jenkins at imagej.net)
Date: Mon, 13 Mar 2017 11:05:24 -0500 (CDT)
Subject: [ImageJ-builds] mail-watcher-plugin: Computer open.microscopy
	marked offline
Message-ID: <174434338.738.1489421124390.JavaMail.jenkins@dev>

Initiator: SYSTEM
Url: http://jenkins.imagej.net/computer/open.microscopy/




From jenkins at imagej.net  Mon Mar 13 11:05:24 2017
From: jenkins at imagej.net (jenkins at imagej.net)
Date: Mon, 13 Mar 2017 11:05:24 -0500 (CDT)
Subject: [ImageJ-builds] mail-watcher-plugin: Computer skynet marked offline
Message-ID: <778420884.739.1489421124967.JavaMail.jenkins@dev>

Initiator: SYSTEM
Url: http://jenkins.imagej.net/computer/skynet/




From jenkins at imagej.net  Mon Mar 13 11:34:53 2017
From: jenkins at imagej.net (jenkins at imagej.net)
Date: Mon, 13 Mar 2017 11:34:53 -0500 (CDT)
Subject: [ImageJ-builds] mail-watcher-plugin: Computer skynet marked online
Message-ID: <1744928883.0.1489422893445.JavaMail.jenkins@dev>

Initiator: SYSTEM
Url: http://jenkins.imagej.net/computer/skynet/




From jenkins at imagej.net  Mon Mar 13 11:34:58 2017
From: jenkins at imagej.net (jenkins at imagej.net)
Date: Mon, 13 Mar 2017 11:34:58 -0500 (CDT)
Subject: [ImageJ-builds] mail-watcher-plugin: Computer open.microscopy
	marked online
Message-ID: <449775248.1.1489422898137.JavaMail.jenkins@dev>

Initiator: SYSTEM
Url: http://jenkins.imagej.net/computer/open.microscopy/




From jenkins at imagej.net  Mon Mar 13 11:37:25 2017
From: jenkins at imagej.net (jenkins at imagej.net)
Date: Mon, 13 Mar 2017 11:37:25 -0500 (CDT)
Subject: [ImageJ-builds] mail-watcher-plugin: Computer open.microscopy
	marked offline
Message-ID: <1296541918.4.1489423045613.JavaMail.jenkins@dev>

Initiator: SYSTEM
Url: http://jenkins.imagej.net/computer/open.microscopy/




From jenkins at imagej.net  Mon Mar 13 11:37:25 2017
From: jenkins at imagej.net (jenkins at imagej.net)
Date: Mon, 13 Mar 2017 11:37:25 -0500 (CDT)
Subject: [ImageJ-builds] mail-watcher-plugin: Computer skynet marked offline
Message-ID: <2016424081.5.1489423045902.JavaMail.jenkins@dev>

Initiator: SYSTEM
Url: http://jenkins.imagej.net/computer/skynet/




From jenkins at imagej.net  Mon Mar 13 11:39:31 2017
From: jenkins at imagej.net (jenkins at imagej.net)
Date: Mon, 13 Mar 2017 11:39:31 -0500 (CDT)
Subject: [ImageJ-builds] mail-watcher-plugin: Computer skynet marked online
Message-ID: <1157948455.0.1489423172018.JavaMail.jenkins@dev>

Initiator: SYSTEM
Url: http://jenkins.imagej.net/computer/skynet/




From jenkins at imagej.net  Mon Mar 13 11:39:32 2017
From: jenkins at imagej.net (jenkins at imagej.net)
Date: Mon, 13 Mar 2017 11:39:32 -0500 (CDT)
Subject: [ImageJ-builds] mail-watcher-plugin: Computer open.microscopy
	marked online
Message-ID: <1088145525.1.1489423172409.JavaMail.jenkins@dev>

Initiator: SYSTEM
Url: http://jenkins.imagej.net/computer/open.microscopy/




From jenkins at imagej.net  Mon Mar 13 11:41:19 2017
From: jenkins at imagej.net (jenkins at imagej.net)
Date: Mon, 13 Mar 2017 11:41:19 -0500 (CDT)
Subject: [ImageJ-builds] mail-watcher-plugin: Computer open.microscopy
	marked offline
Message-ID: <727213922.4.1489423279707.JavaMail.jenkins@dev>

Initiator: SYSTEM
Url: http://jenkins.imagej.net/computer/open.microscopy/




From jenkins at imagej.net  Mon Mar 13 11:41:20 2017
From: jenkins at imagej.net (jenkins at imagej.net)
Date: Mon, 13 Mar 2017 11:41:20 -0500 (CDT)
Subject: [ImageJ-builds] mail-watcher-plugin: Computer skynet marked offline
Message-ID: <563227766.5.1489423280064.JavaMail.jenkins@dev>

Initiator: SYSTEM
Url: http://jenkins.imagej.net/computer/skynet/




From jenkins at imagej.net  Mon Mar 13 11:41:38 2017
From: jenkins at imagej.net (jenkins at imagej.net)
Date: Mon, 13 Mar 2017 11:41:38 -0500 (CDT)
Subject: [ImageJ-builds] mail-watcher-plugin: Computer skynet marked online
Message-ID: <1644756974.0.1489423298601.JavaMail.jenkins@dev>

Initiator: SYSTEM
Url: http://jenkins.imagej.net/computer/skynet/




From jenkins at imagej.net  Mon Mar 13 11:41:38 2017
From: jenkins at imagej.net (jenkins at imagej.net)
Date: Mon, 13 Mar 2017 11:41:38 -0500 (CDT)
Subject: [ImageJ-builds] mail-watcher-plugin: Computer open.microscopy
	marked online
Message-ID: <201062187.2.1489423298995.JavaMail.jenkins@dev>

Initiator: SYSTEM
Url: http://jenkins.imagej.net/computer/open.microscopy/




From jenkins at imagej.net  Tue Mar 14 01:10:03 2017
From: jenkins at imagej.net (jenkins at imagej.net)
Date: Tue, 14 Mar 2017 01:10:03 -0500 (CDT)
Subject: [ImageJ-builds] Jenkins build is back to normal :
	IterativeDeconv-Git-SVN-Mirror #1528
In-Reply-To: <2005215347.629.1487488263044.JavaMail.jenkins@dev>
References: <2005215347.629.1487488263044.JavaMail.jenkins@dev>
Message-ID: <804930174.4.1489471803288.JavaMail.jenkins@dev>

See <http://jenkins.imagej.net/job/IterativeDeconv-Git-SVN-Mirror/1528/>



From jenkins at imagej.net  Tue Mar 14 01:14:02 2017
From: jenkins at imagej.net (jenkins at imagej.net)
Date: Tue, 14 Mar 2017 01:14:02 -0500 (CDT)
Subject: [ImageJ-builds] Jenkins build is back to normal :
	JMathLib-Git-SVN-Mirror #1511
In-Reply-To: <367900656.630.1487488500211.JavaMail.jenkins@dev>
References: <367900656.630.1487488500211.JavaMail.jenkins@dev>
Message-ID: <1816415326.5.1489472042113.JavaMail.jenkins@dev>

See <http://jenkins.imagej.net/job/JMathLib-Git-SVN-Mirror/1511/>



From jenkins at imagej.net  Tue Mar 14 01:16:04 2017
From: jenkins at imagej.net (jenkins at imagej.net)
Date: Tue, 14 Mar 2017 01:16:04 -0500 (CDT)
Subject: [ImageJ-builds] Jenkins build is back to normal :
	Scripting-Git-SVN-Mirror #1078
In-Reply-To: <1950949265.514.1483773421222.JavaMail.jenkins@dev>
References: <1950949265.514.1483773421222.JavaMail.jenkins@dev>
Message-ID: <381949181.6.1489472164408.JavaMail.jenkins@dev>

See <http://jenkins.imagej.net/job/Scripting-Git-SVN-Mirror/1078/>



From jenkins at imagej.net  Tue Mar 14 01:16:10 2017
From: jenkins at imagej.net (jenkins at imagej.net)
Date: Tue, 14 Mar 2017 01:16:10 -0500 (CDT)
Subject: [ImageJ-builds] Jenkins build is back to normal :
	MIPAV-Git-SVN-Mirror #1426
In-Reply-To: <1049039984.652.1487921685761.JavaMail.jenkins@dev>
References: <1049039984.652.1487921685761.JavaMail.jenkins@dev>
Message-ID: <1252052283.7.1489472170572.JavaMail.jenkins@dev>

See <http://jenkins.imagej.net/job/MIPAV-Git-SVN-Mirror/1426/>



From jenkins at imagej.net  Tue Mar 14 01:38:01 2017
From: jenkins at imagej.net (jenkins at imagej.net)
Date: Tue, 14 Mar 2017 01:38:01 -0500 (CDT)
Subject: [ImageJ-builds] Jenkins build is back to normal :
	SpectralDeconv-Git-SVN-Mirror #1509
In-Reply-To: <1773403468.631.1487489940185.JavaMail.jenkins@dev>
References: <1773403468.631.1487489940185.JavaMail.jenkins@dev>
Message-ID: <1962048693.8.1489473481906.JavaMail.jenkins@dev>

See <http://jenkins.imagej.net/job/SpectralDeconv-Git-SVN-Mirror/1509/>



From jenkins at imagej.net  Tue Mar 14 01:41:02 2017
From: jenkins at imagej.net (jenkins at imagej.net)
Date: Tue, 14 Mar 2017 01:41:02 -0500 (CDT)
Subject: [ImageJ-builds] Jenkins build is back to normal :
	WiiGee-Git-SVN-Mirror #1496
In-Reply-To: <572977933.632.1487490120333.JavaMail.jenkins@dev>
References: <572977933.632.1487490120333.JavaMail.jenkins@dev>
Message-ID: <1409063820.9.1489473662422.JavaMail.jenkins@dev>

See <http://jenkins.imagej.net/job/WiiGee-Git-SVN-Mirror/1496/>



From jenkins at imagej.net  Tue Mar 14 01:43:02 2017
From: jenkins at imagej.net (jenkins at imagej.net)
Date: Tue, 14 Mar 2017 01:43:02 -0500 (CDT)
Subject: [ImageJ-builds] Jenkins build is back to normal :
	Jython-Git-SVN-Mirror #1511
In-Reply-To: <1341867046.633.1487490240302.JavaMail.jenkins@dev>
References: <1341867046.633.1487490240302.JavaMail.jenkins@dev>
Message-ID: <1676456218.10.1489473782047.JavaMail.jenkins@dev>

See <http://jenkins.imagej.net/job/Jython-Git-SVN-Mirror/1511/>



From jenkins at imagej.net  Tue Mar 14 05:10:07 2017
From: jenkins at imagej.net (jenkins at imagej.net)
Date: Tue, 14 Mar 2017 05:10:07 -0500 (CDT)
Subject: [ImageJ-builds] Jenkins build is back to normal :
	EventBus-Git-SVN-Mirror #1296
In-Reply-To: <1518659076.655.1488021074564.JavaMail.jenkins@dev>
References: <1518659076.655.1488021074564.JavaMail.jenkins@dev>
Message-ID: <573855514.11.1489486207521.JavaMail.jenkins@dev>

See <http://jenkins.imagej.net/job/EventBus-Git-SVN-Mirror/1296/>



From jenkins at imagej.net  Wed Mar 22 15:25:45 2017
From: jenkins at imagej.net (jenkins at imagej.net)
Date: Wed, 22 Mar 2017 15:25:45 -0500 (CDT)
Subject: [ImageJ-builds] Build failed in Jenkins: ImageJ1-unit-tests #319
In-Reply-To: <955864253.607.1487158082143.JavaMail.jenkins@dev>
References: <955864253.607.1487158082143.JavaMail.jenkins@dev>
Message-ID: <549821384.23.1490214345965.JavaMail.jenkins@dev>

See <http://jenkins.imagej.net/job/ImageJ1-unit-tests/319/>

------------------------------------------
Started by upstream project "ImageJ1-deploy" build number 26
originally caused by:
 Started by upstream project "ImageJ1-sync-with-notes" build number 5190
 originally caused by:
  Started by user Curtis Rueden
 Started by upstream project "ImageJ1-sync-with-notes" build number 5190
Building remotely on maven in workspace <http://jenkins.imagej.net/job/ImageJ1-unit-tests/ws/>
 > git rev-parse --is-inside-work-tree # timeout=10
Fetching changes from the remote Git repository
 > git config remote.origin.url git://github.com/imagej/ij1-tests # timeout=10
Fetching upstream changes from git://github.com/imagej/ij1-tests
 > git --version # timeout=10
 > git -c core.askpass=true fetch --tags --progress git://github.com/imagej/ij1-tests +refs/heads/*:refs/remotes/origin/*
Seen branch in repository origin/master
Seen 1 remote branch
Checking out Revision d71cda9c466a3f9e360ac7f84b446be82cfa7198 (origin/master)
 > git config core.sparsecheckout # timeout=10
 > git checkout -f d71cda9c466a3f9e360ac7f84b446be82cfa7198
 > git rev-list d71cda9c466a3f9e360ac7f84b446be82cfa7198 # timeout=10
 > git tag -a -f -m Jenkins Build #319 jenkins-ImageJ1-unit-tests-319 # timeout=10
[ImageJ1-unit-tests] $ /bin/sh -xe /tmp/jenkins3595495207400859505.sh
+ mvn dependency:list
+ grep net.imagej:ij:jar
+ cut -d : -f 4
OpenJDK 64-Bit Server VM warning: ignoring option MaxPermSize=256m; support was removed in 8.0
+ printf \n======================\n Testing ImageJ 1.51k\n======================\n\n

======================
 Testing ImageJ 1.51k
======================

[ImageJ1-unit-tests] $ mvn -U clean test
OpenJDK 64-Bit Server VM warning: ignoring option MaxPermSize=256m; support was removed in 8.0
[INFO] Scanning for projects...
Downloading: http://maven.imagej.net/content/groups/public/org/scijava/pom-scijava/maven-metadata.xml
Downloading: http://repo.maven.apache.org/maven2/org/scijava/pom-scijava/maven-metadata.xml
4/9 KB   4/5 KB   4/9 KB   4/5 KB   8/9 KB   5/5 KB   8/9 KB   5/5 KB   9/9 KB                     Downloaded: http://maven.imagej.net/content/groups/public/org/scijava/pom-scijava/maven-metadata.xml (9 KB at 102.7 KB/sec)
                  Downloaded: http://repo.maven.apache.org/maven2/org/scijava/pom-scijava/maven-metadata.xml (5 KB at 52.7 KB/sec)
[INFO]                                                                         
[INFO] ------------------------------------------------------------------------
[INFO] Building ImageJ1 unit tests 1.0-SNAPSHOT
[INFO] ------------------------------------------------------------------------
Downloading: http://repo.maven.apache.org/maven2/net/imagej/ij/maven-metadata.xml
Downloading: http://maven.imagej.net/content/groups/public/net/imagej/ij/maven-metadata.xml
2/2 KB                     Downloaded: http://repo.maven.apache.org/maven2/net/imagej/ij/maven-metadata.xml (2 KB at 17.2 KB/sec)
4/5 KB   5/5 KB            Downloaded: http://maven.imagej.net/content/groups/public/net/imagej/ij/maven-metadata.xml (5 KB at 0.2 KB/sec)
[INFO] 
[INFO] --- maven-clean-plugin:3.0.0:clean (default-clean) @ ij1-tests ---
[INFO] Deleting /data/devel/jenkins-maven/workspace/ImageJ1-unit-tests/target
[INFO] 
[INFO] --- maven-enforcer-plugin:1.4.1:enforce (enforce-rules) @ ij1-tests ---
[INFO] 
[INFO] --- build-helper-maven-plugin:1.12:regex-property (sanitize-version) @ ij1-tests ---
[INFO] No match to regex '^([0-9]+)\.([0-9]+)\.([0-9]+).*$' found in '1.0-SNAPSHOT'. The initial value '1.0-SNAPSHOT' is left as-is...
[INFO] 
[INFO] --- buildnumber-maven-plugin:1.4:create (default) @ ij1-tests ---
[INFO] Executing: /bin/sh -c cd '/data/devel/jenkins-maven/workspace/ImageJ1-unit-tests' && 'git' 'rev-parse' '--verify' 'HEAD'
[INFO] Working directory: /data/devel/jenkins-maven/workspace/ImageJ1-unit-tests
[INFO] Storing buildNumber: d71cda9c466a3f9e360ac7f84b446be82cfa7198 at timestamp: 1490214324215
[WARNING] Cannot get the branch information from the git repository: 
Detecting the current branch failed: fatal: ref HEAD is not a symbolic ref

[INFO] Executing: /bin/sh -c cd '/data/devel/jenkins-maven/workspace/ImageJ1-unit-tests' && 'git' 'rev-parse' '--verify' 'HEAD'
[INFO] Working directory: /data/devel/jenkins-maven/workspace/ImageJ1-unit-tests
[INFO] Storing buildScmBranch: UNKNOWN
[INFO] 
[INFO] --- scijava-maven-plugin:1.0.0:set-rootdir (set-rootdir) @ ij1-tests ---
[INFO] Setting rootdir: /data/devel/jenkins-maven/workspace/ImageJ1-unit-tests
[INFO] 
[INFO] --- maven-resources-plugin:3.0.2:resources (default-resources) @ ij1-tests ---
[INFO] Using 'UTF-8' encoding to copy filtered resources.
[INFO] skip non existing resourceDirectory /data/devel/jenkins-maven/workspace/ImageJ1-unit-tests/src/main/resources
[INFO] 
[INFO] --- maven-compiler-plugin:3.6.0:compile (default-compile) @ ij1-tests ---
[INFO] No sources to compile
[INFO] 
[INFO] --- maven-resources-plugin:3.0.2:testResources (default-testResources) @ ij1-tests ---
[INFO] Using 'UTF-8' encoding to copy filtered resources.
[INFO] Copying 28 resources
[INFO] 
[INFO] --- maven-compiler-plugin:3.6.0:testCompile (default-testCompile) @ ij1-tests ---
[INFO] Compiling 85 source files to /data/devel/jenkins-maven/workspace/ImageJ1-unit-tests/target/test-classes
[INFO] /data/devel/jenkins-maven/workspace/ImageJ1-unit-tests/src/test/java/ij/gui/LineTest.java: Some input files use or override a deprecated API.
[INFO] /data/devel/jenkins-maven/workspace/ImageJ1-unit-tests/src/test/java/ij/gui/LineTest.java: Recompile with -Xlint:deprecation for details.
[INFO] 
[INFO] --- maven-surefire-plugin:2.19.1:test (default-test) @ ij1-tests ---

-------------------------------------------------------
 T E S T S
-------------------------------------------------------
Running ij.IJEventListenerTest
Tests run: 2, Failures: 0, Errors: 0, Skipped: 0, Time elapsed: 0.045 sec - in ij.IJEventListenerTest
Running ij.process.FloatProcessorTest
Tests run: 81, Failures: 0, Errors: 0, Skipped: 0, Time elapsed: 1.021 sec - in ij.process.FloatProcessorTest
Running ij.process.LUTTest
Tests run: 7, Failures: 0, Errors: 0, Skipped: 0, Time elapsed: 0.001 sec - in ij.process.LUTTest
Running ij.process.ByteProcessorTest
Tests run: 71, Failures: 0, Errors: 0, Skipped: 0, Time elapsed: 0.599 sec - in ij.process.ByteProcessorTest
Running ij.process.ShortProcessorTest
Tests run: 86, Failures: 0, Errors: 0, Skipped: 0, Time elapsed: 2.849 sec - in ij.process.ShortProcessorTest
Running ij.process.ColorProcessorTest
Tests run: 86, Failures: 1, Errors: 0, Skipped: 0, Time elapsed: 1.502 sec <<< FAILURE! - in ij.process.ColorProcessorTest
testFilter(ij.process.ColorProcessorTest)  Time elapsed: 0.042 sec  <<< FAILURE!
java.lang.AssertionError: expected:<241.0> but was:<239.0>
	at ij.process.ColorProcessorTest.testFilter(ColorProcessorTest.java:966)

Running ij.process.ImageProcessorTest
Tests run: 181, Failures: 1, Errors: 0, Skipped: 0, Time elapsed: 0.477 sec <<< FAILURE! - in ij.process.ImageProcessorTest
testSmooth(ij.process.ImageProcessorTest)  Time elapsed: 0.005 sec  <<< FAILURE!
org.junit.ComparisonFailure: expected:<...ount=64000, mean=71.[237984375, min=1.0, max=247].0]> but was:<...ount=64000, mean=71.[655234375, min=2.0, max=246].0]>
	at ij.process.ImageProcessorTest.testSmooth(ImageProcessorTest.java:1439)

Running ij.process.BinaryProcessorTest
Tests run: 5, Failures: 0, Errors: 0, Skipped: 0, Time elapsed: 0.144 sec - in ij.process.BinaryProcessorTest
Running ij.io.DirectoryChooserTest
Tests run: 3, Failures: 0, Errors: 0, Skipped: 0, Time elapsed: 0 sec - in ij.io.DirectoryChooserTest
Running ij.io.RandomAccessStreamTest
Tests run: 16, Failures: 0, Errors: 0, Skipped: 0, Time elapsed: 0.005 sec - in ij.io.RandomAccessStreamTest
Running ij.io.FileOpenerTest
Tests run: 8, Failures: 0, Errors: 0, Skipped: 0, Time elapsed: 0.55 sec - in ij.io.FileOpenerTest
Running ij.io.BitBufferTest
Tests run: 2, Failures: 0, Errors: 0, Skipped: 0, Time elapsed: 0 sec - in ij.io.BitBufferTest
Running ij.io.ImageWriterTest
Tests run: 1, Failures: 0, Errors: 0, Skipped: 0, Time elapsed: 0.026 sec - in ij.io.ImageWriterTest
Running ij.io.FileInfoTest
Tests run: 5, Failures: 0, Errors: 0, Skipped: 0, Time elapsed: 0.002 sec - in ij.io.FileInfoTest
Running ij.io.ImageReaderTest
java.net.MalformedURLException: no protocol: ashdjjfj
java.net.UnknownHostException: fred.joe.john.edu
java.io.FileNotFoundException: http://www.google.com/ooglywooglygugglychoogly.tiff
Tests run: 16, Failures: 0, Errors: 0, Skipped: 0, Time elapsed: 1.252 sec - in ij.io.ImageReaderTest
Running ij.CommandListenerTest
Tests run: 1, Failures: 0, Errors: 0, Skipped: 0, Time elapsed: 0 sec - in ij.CommandListenerTest
Running ij.ImagePlusTest
This command requires an area selection
This command requires an area selection
Unsupported format or not found
Tests run: 123, Failures: 0, Errors: 0, Skipped: 0, Time elapsed: 0.083 sec - in ij.ImagePlusTest
Running ij.VirtualStackTest
Tests run: 22, Failures: 0, Errors: 0, Skipped: 0, Time elapsed: 0.014 sec - in ij.VirtualStackTest
Running ij.macro.SymbolTest
Tests run: 4, Failures: 0, Errors: 0, Skipped: 0, Time elapsed: 0 sec - in ij.macro.SymbolTest
Running ij.macro.ReturnExceptionTest
Tests run: 1, Failures: 0, Errors: 0, Skipped: 0, Time elapsed: 0 sec - in ij.macro.ReturnExceptionTest
Running ij.ImageListenerTest
Tests run: 1, Failures: 0, Errors: 0, Skipped: 0, Time elapsed: 0.001 sec - in ij.ImageListenerTest
Running ij.CompositeImageTest
Tests run: 29, Failures: 0, Errors: 0, Skipped: 0, Time elapsed: 0.052 sec - in ij.CompositeImageTest
Running ij.util.ToolsTest
Tests run: 13, Failures: 0, Errors: 0, Skipped: 0, Time elapsed: 0.003 sec - in ij.util.ToolsTest
Running ij.util.StringSorterTest
Tests run: 1, Failures: 0, Errors: 0, Skipped: 0, Time elapsed: 0.001 sec - in ij.util.StringSorterTest
Running ij.UndoTest
Tests run: 1, Failures: 0, Errors: 0, Skipped: 0, Time elapsed: 0 sec - in ij.UndoTest
Running ij.ExecuterTest
Tests run: 5, Failures: 0, Errors: 0, Skipped: 0, Time elapsed: 1.003 sec - in ij.ExecuterTest
Running ij.LookUpTableTest
Tests run: 8, Failures: 0, Errors: 0, Skipped: 0, Time elapsed: 0.008 sec - in ij.LookUpTableTest
Running ij.ImageStackTest
Tests run: 27, Failures: 0, Errors: 0, Skipped: 0, Time elapsed: 0.638 sec - in ij.ImageStackTest
Running ij.measure.MeasurementsTest
Tests run: 1, Failures: 0, Errors: 0, Skipped: 0, Time elapsed: 0 sec - in ij.measure.MeasurementsTest
Running ij.measure.CalibrationTest
Tests run: 35, Failures: 0, Errors: 0, Skipped: 0, Time elapsed: 0.078 sec - in ij.measure.CalibrationTest
Running ij.measure.ResultsTableTest
version: 1.51k
Tests run: 37, Failures: 0, Errors: 0, Skipped: 0, Time elapsed: 0.647 sec - in ij.measure.ResultsTableTest
Running ij.measure.CurveFitterTest
Tests run: 24, Failures: 0, Errors: 0, Skipped: 0, Time elapsed: 0.142 sec - in ij.measure.CurveFitterTest
Running ij.measure.SplineFitterTest
Tests run: 2, Failures: 0, Errors: 0, Skipped: 0, Time elapsed: 0.001 sec - in ij.measure.SplineFitterTest
Running ij.gui.ArrowTest
Tests run: 13, Failures: 0, Errors: 0, Skipped: 0, Time elapsed: 0.002 sec - in ij.gui.ArrowTest
Running ij.gui.ProgressBarTest
Tests run: 8, Failures: 0, Errors: 0, Skipped: 0, Time elapsed: 0.001 sec - in ij.gui.ProgressBarTest
Running ij.gui.OverlayTest
Tests run: 12, Failures: 0, Errors: 0, Skipped: 0, Time elapsed: 0.002 sec - in ij.gui.OverlayTest
Running ij.gui.LineTest
Tests run: 16, Failures: 0, Errors: 0, Skipped: 0, Time elapsed: 0.009 sec - in ij.gui.LineTest
Running ij.gui.TrimmedButtonTest
Tests run: 1, Failures: 0, Errors: 0, Skipped: 0, Time elapsed: 0 sec - in ij.gui.TrimmedButtonTest
Running ij.gui.RoiTest
Tests run: 52, Failures: 0, Errors: 0, Skipped: 0, Time elapsed: 0.088 sec - in ij.gui.RoiTest
Running ij.gui.WandTest
Tests run: 8, Failures: 0, Errors: 0, Skipped: 0, Time elapsed: 0.001 sec - in ij.gui.WandTest
Running ij.gui.ToolbarTest
Tests run: 1, Failures: 0, Errors: 0, Skipped: 0, Time elapsed: 0 sec - in ij.gui.ToolbarTest
Running ij.gui.TextRoiTest
Tests run: 12, Failures: 0, Errors: 0, Skipped: 0, Time elapsed: 0.002 sec - in ij.gui.TextRoiTest
Running ij.gui.PolygonRoiTest
Tests run: 24, Failures: 0, Errors: 0, Skipped: 0, Time elapsed: 0.009 sec - in ij.gui.PolygonRoiTest
Running ij.gui.ImageRoiTest
Tests run: 5, Failures: 0, Errors: 0, Skipped: 0, Time elapsed: 0 sec - in ij.gui.ImageRoiTest
Running ij.gui.ProfilePlotTest
Tests run: 6, Failures: 0, Errors: 0, Skipped: 0, Time elapsed: 0.001 sec - in ij.gui.ProfilePlotTest
Running ij.gui.FreehandRoiTest
Tests run: 1, Failures: 0, Errors: 0, Skipped: 0, Time elapsed: 0 sec - in ij.gui.FreehandRoiTest
Running ij.gui.ShapeRoiTest
Tests run: 22, Failures: 0, Errors: 0, Skipped: 0, Time elapsed: 0.149 sec - in ij.gui.ShapeRoiTest
Running ij.gui.OvalRoiTest
Tests run: 9, Failures: 0, Errors: 0, Skipped: 0, Time elapsed: 0.002 sec - in ij.gui.OvalRoiTest
Running ij.gui.PlotTest
Tests run: 20, Failures: 0, Errors: 0, Skipped: 0, Time elapsed: 2.263 sec - in ij.gui.PlotTest
Running ij.gui.PointRoiTest
Tests run: 10, Failures: 0, Errors: 0, Skipped: 0, Time elapsed: 0.018 sec - in ij.gui.PointRoiTest

Results :

Failed tests: 
  ColorProcessorTest.testFilter:966 expected:<241.0> but was:<239.0>
  ImageProcessorTest.testSmooth:1439 expected:<...ount=64000, mean=71.[237984375, min=1.0, max=247].0]> but was:<...ount=64000, mean=71.[655234375, min=2.0, max=246].0]>

Tests run: 1125, Failures: 2, Errors: 0, Skipped: 0

[INFO] ------------------------------------------------------------------------
[INFO] BUILD FAILURE
[INFO] ------------------------------------------------------------------------
[INFO] Total time: 43.593s
[INFO] Finished at: Wed Mar 22 15:25:42 CDT 2017
[INFO] Final Memory: 27M/428M
[INFO] ------------------------------------------------------------------------
[ERROR] Failed to execute goal org.apache.maven.plugins:maven-surefire-plugin:2.19.1:test (default-test) on project ij1-tests: There are test failures.
[ERROR] 
[ERROR] Please refer to /data/devel/jenkins-maven/workspace/ImageJ1-unit-tests/target/surefire-reports for the individual test results.
[ERROR] -> [Help 1]
[ERROR] 
[ERROR] To see the full stack trace of the errors, re-run Maven with the -e switch.
[ERROR] Re-run Maven using the -X switch to enable full debug logging.
[ERROR] 
[ERROR] For more information about the errors and possible solutions, please read the following articles:
[ERROR] [Help 1] http://cwiki.apache.org/confluence/display/MAVEN/MojoFailureException
Build step 'Invoke top-level Maven targets' marked build as failure
Recording test results


From jenkins at imagej.net  Tue Mar 28 07:34:39 2017
From: jenkins at imagej.net (jenkins at imagej.net)
Date: Tue, 28 Mar 2017 07:34:39 -0500 (CDT)
Subject: [ImageJ-builds] Build failed in Jenkins: Image_Expression_Parser #30
Message-ID: <990219431.36.1490704479995.JavaMail.jenkins@dev>

See <http://jenkins.imagej.net/job/Image_Expression_Parser/30/changes>

Changes:

[Jean-Yves Tinevez] Fix failing test caused by improper test image size.

[Jean-Yves Tinevez] Fix javadoc errors.

[Jean-Yves Tinevez] Code style changes.

[Jean-Yves Tinevez] Fix Eclipse warnings.

------------------------------------------
Started by an SCM change
Building remotely on maven in workspace <http://jenkins.imagej.net/job/Image_Expression_Parser/ws/>
 > git rev-parse --is-inside-work-tree # timeout=10
Fetching changes from the remote Git repository
 > git config remote.origin.url git://github.com/fiji/Image_Expression_Parser # timeout=10
Fetching upstream changes from git://github.com/fiji/Image_Expression_Parser
 > git --version # timeout=10
 > git -c core.askpass=true fetch --tags --progress git://github.com/fiji/Image_Expression_Parser +refs/heads/*:refs/remotes/origin/*
 > git rev-parse origin/master^{commit} # timeout=10
Checking out Revision 4174d804f65a6ec20bb4d3ef177f62da6b62318d (origin/master)
 > git config core.sparsecheckout # timeout=10
 > git checkout -f 4174d804f65a6ec20bb4d3ef177f62da6b62318d
 > git rev-list 6e8f9c575b50c9557cb59bf19ac6040b2e61b83b # timeout=10
 > git tag -a -f -m Jenkins Build #30 jenkins-Image_Expression_Parser-30 # timeout=10
[Image_Expression_Parser] $ /bin/sh -xe /tmp/jenkins344255363754078106.sh
+ git clean -dfx
Removing target/
[Image_Expression_Parser] $ /bin/sh -xe /tmp/jenkins1918943696118218616.sh
+ mvn -U -Pdeploy-to-imagej clean deploy
[INFO] Scanning for projects...
[INFO]                                                                         
[INFO] ------------------------------------------------------------------------
[INFO] Building plugins/Image_Expression_Parser.jar 3.0.1-SNAPSHOT
[INFO] ------------------------------------------------------------------------
[INFO] 
[INFO] --- maven-clean-plugin:2.5:clean (default-clean) @ Image_Expression_Parser ---
[INFO] 
[INFO] --- maven-enforcer-plugin:1.3.1:enforce (enforce-rules) @ Image_Expression_Parser ---
Downloading: http://maven.imagej.net/content/groups/public/com/sun/tools/1.4.2/tools-1.4.2.pom
Downloading: http://repo.maven.apache.org/maven2/com/sun/tools/1.4.2/tools-1.4.2.pom
[INFO] Adding ignorable dependency: null:jcodings:null
[INFO]   Adding ignore: org/jcodings/*
[INFO] Adding ignorable dependency: null:jnr-constants:null
[INFO]   Adding ignore: com/kenai/constantine/*
[INFO]   Adding ignore: jnr/constants/*
[INFO] Adding ignorable dependency: null:jnr-ffi:null
[INFO]   Adding ignore: jnr/ffi/*
[INFO] Adding ignorable dependency: null:VIB-lib:null
[INFO]   Adding ignore: javax/media/j3d/
[INFO] Adding ignorable dependency: null:j3d-core:null
[INFO]   Adding ignore: javax/media/j3d/
[INFO] Adding ignorable dependency: null:joda-time:null
[INFO]   Adding ignore: *
[INFO] Adding ignorable dependency: null:slf4j-log4j12:null
[INFO]   Adding ignore: org/slf4j/impl/*
[INFO] Adding ignorable dependency: batik:batik:null
[INFO]   Adding ignore: *
[INFO] Adding ignorable dependency: jama:jama:null
[INFO]   Adding ignore: Jama/*
[INFO] Adding ignorable dependency: com.sun:tools:null
[INFO]   Adding ignore: *
[INFO] 
[INFO] --- buildnumber-maven-plugin:1.3:create (default) @ Image_Expression_Parser ---
[INFO] Executing: /bin/sh -c cd /data/devel/jenkins-maven/workspace/Image_Expression_Parser && git rev-parse --verify HEAD
[INFO] Working directory: /data/devel/jenkins-maven/workspace/Image_Expression_Parser
[INFO] Storing buildNumber: 4174d804f65a6ec20bb4d3ef177f62da6b62318d at timestamp: 1490704478506
[WARNING] Cannot get the branch information from the git repository: 
Detecting the current branch failed: fatal: ref HEAD is not a symbolic ref

[INFO] Executing: /bin/sh -c cd /data/devel/jenkins-maven/workspace/Image_Expression_Parser && git rev-parse --verify HEAD
[INFO] Working directory: /data/devel/jenkins-maven/workspace/Image_Expression_Parser
[INFO] Storing buildScmBranch: UNKNOWN
[INFO] 
[INFO] --- scijava-maven-plugin:0.4.3:set-rootdir (set-rootdir) @ Image_Expression_Parser ---
[INFO] Setting rootdir: /data/devel/jenkins-maven/workspace/Image_Expression_Parser
[INFO] 
[INFO] --- maven-resources-plugin:2.6:resources (default-resources) @ Image_Expression_Parser ---
[INFO] Using 'UTF-8' encoding to copy filtered resources.
[INFO] Copying 1 resource
[INFO] 
[INFO] --- maven-compiler-plugin:3.1:compile (default-compile) @ Image_Expression_Parser ---
[INFO] Changes detected - recompiling the module!
[INFO] Compiling 39 source files to /data/devel/jenkins-maven/workspace/Image_Expression_Parser/target/classes
[INFO] -------------------------------------------------------------
[ERROR] COMPILATION ERROR : 
[INFO] -------------------------------------------------------------
[ERROR] /data/devel/jenkins-maven/workspace/Image_Expression_Parser/src/main/java/fiji/process/IepGui.java:[233,84] illegal start of type
[ERROR] /data/devel/jenkins-maven/workspace/Image_Expression_Parser/src/main/java/fiji/process/IepGui.java:[239,100] illegal start of type
[ERROR] /data/devel/jenkins-maven/workspace/Image_Expression_Parser/src/main/java/fiji/process/IepGui.java:[548,69] illegal start of type
[ERROR] /data/devel/jenkins-maven/workspace/Image_Expression_Parser/src/main/java/fiji/process/IepGui.java:[643,64] illegal start of type
[ERROR] /data/devel/jenkins-maven/workspace/Image_Expression_Parser/src/main/java/fiji/process/IepGui.java:[1020,81] illegal start of type
[INFO] 5 errors 
[INFO] -------------------------------------------------------------
[INFO] ------------------------------------------------------------------------
[INFO] BUILD FAILURE
[INFO] ------------------------------------------------------------------------
[INFO] Total time: 7.852s
[INFO] Finished at: Tue Mar 28 07:34:39 CDT 2017
[INFO] Final Memory: 14M/355M
[INFO] ------------------------------------------------------------------------
[ERROR] Failed to execute goal org.apache.maven.plugins:maven-compiler-plugin:3.1:compile (default-compile) on project Image_Expression_Parser: Compilation failure: Compilation failure:
[ERROR] /data/devel/jenkins-maven/workspace/Image_Expression_Parser/src/main/java/fiji/process/IepGui.java:[233,84] illegal start of type
[ERROR] /data/devel/jenkins-maven/workspace/Image_Expression_Parser/src/main/java/fiji/process/IepGui.java:[239,100] illegal start of type
[ERROR] /data/devel/jenkins-maven/workspace/Image_Expression_Parser/src/main/java/fiji/process/IepGui.java:[548,69] illegal start of type
[ERROR] /data/devel/jenkins-maven/workspace/Image_Expression_Parser/src/main/java/fiji/process/IepGui.java:[643,64] illegal start of type
[ERROR] /data/devel/jenkins-maven/workspace/Image_Expression_Parser/src/main/java/fiji/process/IepGui.java:[1020,81] illegal start of type
[ERROR] -> [Help 1]
[ERROR] 
[ERROR] To see the full stack trace of the errors, re-run Maven with the -e switch.
[ERROR] Re-run Maven using the -X switch to enable full debug logging.
[ERROR] 
[ERROR] For more information about the errors and possible solutions, please read the following articles:
[ERROR] [Help 1] http://cwiki.apache.org/confluence/display/MAVEN/MojoFailureException
Build step 'Execute shell' marked build as failure
Archiving artifacts


From jenkins at imagej.net  Wed Mar 29 08:58:41 2017
From: jenkins at imagej.net (jenkins at imagej.net)
Date: Wed, 29 Mar 2017 08:58:41 -0500 (CDT)
Subject: [ImageJ-builds] Build failed in Jenkins: Image_Expression_Parser #31
In-Reply-To: <990219431.36.1490704479995.JavaMail.jenkins@dev>
References: <990219431.36.1490704479995.JavaMail.jenkins@dev>
Message-ID: <1777213385.38.1490795921464.JavaMail.jenkins@dev>

See <http://jenkins.imagej.net/job/Image_Expression_Parser/31/changes>

Changes:

[Curtis Rueden] Update parent to org.scijava:pom-scijava:14.0.0

[Curtis Rueden] Switch from Jenkins to Travis CI

------------------------------------------
Started by an SCM change
Building remotely on maven in workspace <http://jenkins.imagej.net/job/Image_Expression_Parser/ws/>
 > git rev-parse --is-inside-work-tree # timeout=10
Fetching changes from the remote Git repository
 > git config remote.origin.url git://github.com/fiji/Image_Expression_Parser # timeout=10
Fetching upstream changes from git://github.com/fiji/Image_Expression_Parser
 > git --version # timeout=10
 > git -c core.askpass=true fetch --tags --progress git://github.com/fiji/Image_Expression_Parser +refs/heads/*:refs/remotes/origin/*
 > git rev-parse origin/master^{commit} # timeout=10
Checking out Revision 6acf106eadecbfde24b0449fef7d311357e088c8 (origin/master)
 > git config core.sparsecheckout # timeout=10
 > git checkout -f 6acf106eadecbfde24b0449fef7d311357e088c8
 > git rev-list 4174d804f65a6ec20bb4d3ef177f62da6b62318d # timeout=10
 > git tag -a -f -m Jenkins Build #31 jenkins-Image_Expression_Parser-31 # timeout=10
[Image_Expression_Parser] $ /bin/sh -xe /tmp/jenkins8735972880951437324.sh
+ git clean -dfx
Removing target/
[Image_Expression_Parser] $ /bin/sh -xe /tmp/jenkins4886736310118989073.sh
+ mvn -U -Pdeploy-to-imagej clean deploy
[INFO] Scanning for projects...
[INFO]                                                                         
[INFO] ------------------------------------------------------------------------
[INFO] Building Image Expression Parser 3.0.1-SNAPSHOT
[INFO] ------------------------------------------------------------------------
[INFO] 
[INFO] --- maven-clean-plugin:3.0.0:clean (default-clean) @ Image_Expression_Parser ---
[INFO] 
[INFO] --- maven-enforcer-plugin:1.4.1:enforce (enforce-rules) @ Image_Expression_Parser ---
[INFO] 
[INFO] --- build-helper-maven-plugin:1.12:regex-property (sanitize-version) @ Image_Expression_Parser ---
[INFO] 
[INFO] --- buildnumber-maven-plugin:1.4:create (default) @ Image_Expression_Parser ---
[INFO] Executing: /bin/sh -c cd '/data/devel/jenkins-maven/workspace/Image_Expression_Parser' && 'git' 'rev-parse' '--verify' 'HEAD'
[INFO] Working directory: /data/devel/jenkins-maven/workspace/Image_Expression_Parser
[INFO] Storing buildNumber: 6acf106eadecbfde24b0449fef7d311357e088c8 at timestamp: 1490795920661
[WARNING] Cannot get the branch information from the git repository: 
Detecting the current branch failed: fatal: ref HEAD is not a symbolic ref

[INFO] Executing: /bin/sh -c cd '/data/devel/jenkins-maven/workspace/Image_Expression_Parser' && 'git' 'rev-parse' '--verify' 'HEAD'
[INFO] Working directory: /data/devel/jenkins-maven/workspace/Image_Expression_Parser
[INFO] Storing buildScmBranch: UNKNOWN
[INFO] 
[INFO] --- scijava-maven-plugin:1.0.0:set-rootdir (set-rootdir) @ Image_Expression_Parser ---
[INFO] Setting rootdir: /data/devel/jenkins-maven/workspace/Image_Expression_Parser
[INFO] 
[INFO] --- maven-resources-plugin:3.0.2:resources (default-resources) @ Image_Expression_Parser ---
[INFO] Using 'UTF-8' encoding to copy filtered resources.
[INFO] Copying 1 resource
[INFO] 
[INFO] --- maven-compiler-plugin:3.6.0:compile (default-compile) @ Image_Expression_Parser ---
[INFO] Compiling 39 source files to /data/devel/jenkins-maven/workspace/Image_Expression_Parser/target/classes
[INFO] ------------------------------------------------------------------------
[INFO] BUILD FAILURE
[INFO] ------------------------------------------------------------------------
[INFO] Total time: 6.327s
[INFO] Finished at: Wed Mar 29 08:58:41 CDT 2017
[INFO] Final Memory: 21M/459M
[INFO] ------------------------------------------------------------------------
[ERROR] Failed to execute goal org.apache.maven.plugins:maven-compiler-plugin:3.6.0:compile (default-compile) on project Image_Expression_Parser: Fatal error compiling: invalid target release: 1.8 -> [Help 1]
[ERROR] 
[ERROR] To see the full stack trace of the errors, re-run Maven with the -e switch.
[ERROR] Re-run Maven using the -X switch to enable full debug logging.
[ERROR] 
[ERROR] For more information about the errors and possible solutions, please read the following articles:
[ERROR] [Help 1] http://cwiki.apache.org/confluence/display/MAVEN/MojoExecutionException
Build step 'Execute shell' marked build as failure
Archiving artifacts


