From jenkins at imagej.net  Sun Jan  1 20:31:55 2017
From: jenkins at imagej.net (jenkins at imagej.net)
Date: Sun, 01 Jan 2017 20:31:55 -0600 (CST)
Subject: [ImageJ-builds] Build failed in Jenkins: scripting-renjin #19
Message-ID: <611972405.507.1483324315575.JavaMail.jenkins@dev>

See <http://jenkins.imagej.net/job/scripting-renjin/19/changes>

Changes:

[Curtis Rueden] Update parent to org.scijava:pom-scijava:12.0.0

[Curtis Rueden] Happy New Year 2017

------------------------------------------
Started by an SCM change
Building remotely on maven in workspace <http://jenkins.imagej.net/job/scripting-renjin/ws/>
 > git rev-parse --is-inside-work-tree # timeout=10
Fetching changes from the remote Git repository
 > git config remote.origin.url git://github.com/scijava/scripting-renjin # timeout=10
Fetching upstream changes from git://github.com/scijava/scripting-renjin
 > git --version # timeout=10
 > git -c core.askpass=true fetch --tags --progress git://github.com/scijava/scripting-renjin +refs/heads/master:refs/remotes/origin/master
 > git rev-parse origin/master^{commit} # timeout=10
Checking out Revision 5b9791272a537751bffbedf32176abbf994a1074 (origin/master)
 > git config core.sparsecheckout # timeout=10
 > git checkout -f 5b9791272a537751bffbedf32176abbf994a1074
 > git rev-list 27b121ecc426b65704dd27f6a61eb3ce02932887 # timeout=10
[scripting-renjin] $ /bin/sh -xe /tmp/hudson6279313454087236655.sh
+ git clean -dfx
Removing target/
[scripting-renjin] $ mvn -U -Pdeploy-to-imagej deploy javadoc:javadoc
OpenJDK 64-Bit Server VM warning: ignoring option MaxPermSize=256m; support was removed in 8.0
[INFO] Scanning for projects...
[INFO]                                                                         
[INFO] ------------------------------------------------------------------------
[INFO] Building SciJava Scripting: Renjin 0.2.2-SNAPSHOT
[INFO] ------------------------------------------------------------------------
[INFO] 
[INFO] --- maven-enforcer-plugin:1.4.1:enforce (enforce-rules) @ scripting-renjin ---
[INFO] 
[INFO] --- build-helper-maven-plugin:1.12:regex-property (sanitize-version) @ scripting-renjin ---
[INFO] 
[INFO] --- buildnumber-maven-plugin:1.4:create (default) @ scripting-renjin ---
[INFO] Executing: /bin/sh -c cd '/data/devel/jenkins-maven/workspace/scripting-renjin' && 'git' 'rev-parse' '--verify' 'HEAD'
[INFO] Working directory: /data/devel/jenkins-maven/workspace/scripting-renjin
[INFO] Storing buildNumber: 5b9791272a537751bffbedf32176abbf994a1074 at timestamp: 1483324310230
[WARNING] Cannot get the branch information from the git repository: 
Detecting the current branch failed: fatal: ref HEAD is not a symbolic ref

[INFO] Executing: /bin/sh -c cd '/data/devel/jenkins-maven/workspace/scripting-renjin' && 'git' 'rev-parse' '--verify' 'HEAD'
[INFO] Working directory: /data/devel/jenkins-maven/workspace/scripting-renjin
[INFO] Storing buildScmBranch: UNKNOWN
[INFO] 
[INFO] --- scijava-maven-plugin:1.0.0:set-rootdir (set-rootdir) @ scripting-renjin ---
[INFO] Setting rootdir: /data/devel/jenkins-maven/workspace/scripting-renjin
[INFO] 
[INFO] --- maven-resources-plugin:3.0.1:resources (default-resources) @ scripting-renjin ---
[INFO] Using 'UTF-8' encoding to copy filtered resources.
[INFO] Copying 3 resources
[INFO] 
[INFO] --- maven-compiler-plugin:3.5.1:compile (default-compile) @ scripting-renjin ---
[INFO] Compiling 2 source files to /data/devel/jenkins-maven/workspace/scripting-renjin/target/classes
[INFO] 
[INFO] --- maven-resources-plugin:3.0.1:testResources (default-testResources) @ scripting-renjin ---
[INFO] Using 'UTF-8' encoding to copy filtered resources.
[INFO] skip non existing resourceDirectory /data/devel/jenkins-maven/workspace/scripting-renjin/src/test/resources
[INFO] 
[INFO] --- maven-compiler-plugin:3.5.1:testCompile (default-testCompile) @ scripting-renjin ---
[INFO] Compiling 1 source file to /data/devel/jenkins-maven/workspace/scripting-renjin/target/test-classes
[INFO] 
[INFO] --- maven-surefire-plugin:2.19.1:test (default-test) @ scripting-renjin ---

-------------------------------------------------------
 T E S T S
-------------------------------------------------------
Running org.scijava.plugins.scripting.renjin.RenjinTest
[1] "Renjin"
Tests run: 5, Failures: 1, Errors: 0, Skipped: 0, Time elapsed: 3.04 sec <<< FAILURE! - in org.scijava.plugins.scripting.renjin.RenjinTest
testBasic(org.scijava.plugins.scripting.renjin.RenjinTest)  Time elapsed: 1.84 sec  <<< FAILURE!
org.junit.ComparisonFailure: expected:<[3]> but was:<[c(3L)]>
	at org.scijava.plugins.scripting.renjin.RenjinTest.testBasic(RenjinTest.java:61)


Results :

Failed tests: 
  RenjinTest.testBasic:61 expected:<[3]> but was:<[c(3L)]>

Tests run: 5, Failures: 1, Errors: 0, Skipped: 0

[INFO] ------------------------------------------------------------------------
[INFO] BUILD FAILURE
[INFO] ------------------------------------------------------------------------
[INFO] Total time: 10.482s
[INFO] Finished at: Sun Jan 01 20:31:55 CST 2017
[INFO] Final Memory: 29M/373M
[INFO] ------------------------------------------------------------------------
[ERROR] Failed to execute goal org.apache.maven.plugins:maven-surefire-plugin:2.19.1:test (default-test) on project scripting-renjin: There are test failures.
[ERROR] 
[ERROR] Please refer to /data/devel/jenkins-maven/workspace/scripting-renjin/target/surefire-reports for the individual test results.
[ERROR] -> [Help 1]
[ERROR] 
[ERROR] To see the full stack trace of the errors, re-run Maven with the -e switch.
[ERROR] Re-run Maven using the -X switch to enable full debug logging.
[ERROR] 
[ERROR] For more information about the errors and possible solutions, please read the following articles:
[ERROR] [Help 1] http://cwiki.apache.org/confluence/display/MAVEN/MojoFailureException
Build step 'Invoke top-level Maven targets' marked build as failure
Archiving artifacts
Publishing Javadoc
Recording test results


From jenkins at imagej.net  Sun Jan  1 20:36:49 2017
From: jenkins at imagej.net (jenkins at imagej.net)
Date: Sun, 01 Jan 2017 20:36:49 -0600 (CST)
Subject: [ImageJ-builds] Build failed in Jenkins: scripting-MATLAB #45
Message-ID: <1749988643.508.1483324609053.JavaMail.jenkins@dev>

See <http://jenkins.imagej.net/job/scripting-MATLAB/45/changes>

Changes:

[Curtis Rueden] Update parent to org.scijava:pom-scijava:12.0.0

[Curtis Rueden] Happy New Year 2017

------------------------------------------
Started by an SCM change
Building remotely on maven in workspace <http://jenkins.imagej.net/job/scripting-MATLAB/ws/>
 > git rev-parse --is-inside-work-tree # timeout=10
Fetching changes from the remote Git repository
 > git config remote.origin.url git://github.com/scijava/scripting-matlab # timeout=10
Fetching upstream changes from git://github.com/scijava/scripting-matlab
 > git --version # timeout=10
 > git -c core.askpass=true fetch --tags --progress git://github.com/scijava/scripting-matlab +refs/heads/master:refs/remotes/origin/master
 > git rev-parse origin/master^{commit} # timeout=10
Checking out Revision bde2fe63cf141c459325d2998ec61f0a0dcd0b60 (origin/master)
 > git config core.sparsecheckout # timeout=10
 > git checkout -f bde2fe63cf141c459325d2998ec61f0a0dcd0b60
 > git rev-list 7dfbbe7181f687a0049d1334d74eafdb3741cba2 # timeout=10
[scripting-MATLAB] $ /bin/sh -xe /tmp/hudson8727381936608818554.sh
+ git clean -dfx
Removing target/
[scripting-MATLAB] $ mvn -U -Pdeploy-to-imagej deploy javadoc:javadoc
[INFO] Scanning for projects...
[INFO]                                                                         
[INFO] ------------------------------------------------------------------------
[INFO] Building SciJava Scripting: MATLAB 0.5.2-SNAPSHOT
[INFO] ------------------------------------------------------------------------
[INFO] 
[INFO] --- maven-enforcer-plugin:1.4.1:enforce (enforce-rules) @ scripting-matlab ---
[INFO] 
[INFO] --- build-helper-maven-plugin:1.12:regex-property (sanitize-version) @ scripting-matlab ---
[INFO] 
[INFO] --- buildnumber-maven-plugin:1.4:create (default) @ scripting-matlab ---
[INFO] Executing: /bin/sh -c cd '/data/devel/jenkins-maven/workspace/scripting-MATLAB' && 'git' 'rev-parse' '--verify' 'HEAD'
[INFO] Working directory: /data/devel/jenkins-maven/workspace/scripting-MATLAB
[INFO] Storing buildNumber: bde2fe63cf141c459325d2998ec61f0a0dcd0b60 at timestamp: 1483324607410
[WARNING] Cannot get the branch information from the git repository: 
Detecting the current branch failed: fatal: ref HEAD is not a symbolic ref

[INFO] Executing: /bin/sh -c cd '/data/devel/jenkins-maven/workspace/scripting-MATLAB' && 'git' 'rev-parse' '--verify' 'HEAD'
[INFO] Working directory: /data/devel/jenkins-maven/workspace/scripting-MATLAB
[INFO] Storing buildScmBranch: UNKNOWN
[INFO] 
[INFO] --- scijava-maven-plugin:1.0.0:set-rootdir (set-rootdir) @ scripting-matlab ---
[INFO] Setting rootdir: /data/devel/jenkins-maven/workspace/scripting-MATLAB
[INFO] 
[INFO] --- maven-resources-plugin:3.0.1:resources (default-resources) @ scripting-matlab ---
[INFO] Using 'UTF-8' encoding to copy filtered resources.
[INFO] Copying 1 resource
[INFO] 
[INFO] --- maven-compiler-plugin:3.5.1:compile (default-compile) @ scripting-matlab ---
[INFO] Compiling 8 source files to /data/devel/jenkins-maven/workspace/scripting-MATLAB/target/classes
[INFO] ------------------------------------------------------------------------
[INFO] BUILD FAILURE
[INFO] ------------------------------------------------------------------------
[INFO] Total time: 14.628s
[INFO] Finished at: Sun Jan 01 20:36:48 CST 2017
[INFO] Final Memory: 16M/360M
[INFO] ------------------------------------------------------------------------
[ERROR] Failed to execute goal org.apache.maven.plugins:maven-compiler-plugin:3.5.1:compile (default-compile) on project scripting-matlab: Fatal error compiling: invalid target release: 1.8 -> [Help 1]
[ERROR] 
[ERROR] To see the full stack trace of the errors, re-run Maven with the -e switch.
[ERROR] Re-run Maven using the -X switch to enable full debug logging.
[ERROR] 
[ERROR] For more information about the errors and possible solutions, please read the following articles:
[ERROR] [Help 1] http://cwiki.apache.org/confluence/display/MAVEN/MojoExecutionException
Build step 'Invoke top-level Maven targets' marked build as failure
Archiving artifacts
Publishing Javadoc


From jenkins at imagej.net  Sun Jan  1 20:47:14 2017
From: jenkins at imagej.net (jenkins at imagej.net)
Date: Sun, 01 Jan 2017 20:47:14 -0600 (CST)
Subject: [ImageJ-builds] Build failed in Jenkins: scripting-Kotlin #2
In-Reply-To: <1092454401.15.1467999002017.JavaMail.jenkins@dev>
References: <1092454401.15.1467999002017.JavaMail.jenkins@dev>
Message-ID: <1419411468.509.1483325234752.JavaMail.jenkins@dev>

See <http://jenkins.imagej.net/job/scripting-Kotlin/2/changes>

Changes:

[Curtis Rueden] POM: tidy up

[Curtis Rueden] Update parent to org.scijava:pom-scijava:12.0.0

[Curtis Rueden] Happy New Year 2017

------------------------------------------
[...truncated 64 lines...]
Loading source files for package org.scijava.plugins.scripting.kotlin...
Constructing Javadoc information...
Standard Doclet version 1.8.0_91
Building tree for all the packages and classes...
Generating /data/devel/jenkins-maven/workspace/scripting-Kotlin/target/apidocs/org/scijava/plugins/scripting/kotlin/KotlinScriptLanguage.html...
Generating /data/devel/jenkins-maven/workspace/scripting-Kotlin/target/apidocs/org/scijava/plugins/scripting/kotlin/package-frame.html...
Generating /data/devel/jenkins-maven/workspace/scripting-Kotlin/target/apidocs/org/scijava/plugins/scripting/kotlin/package-summary.html...
Generating /data/devel/jenkins-maven/workspace/scripting-Kotlin/target/apidocs/org/scijava/plugins/scripting/kotlin/package-tree.html...
Generating /data/devel/jenkins-maven/workspace/scripting-Kotlin/target/apidocs/constant-values.html...
Building index for all the packages and classes...
Generating /data/devel/jenkins-maven/workspace/scripting-Kotlin/target/apidocs/overview-tree.html...
Generating /data/devel/jenkins-maven/workspace/scripting-Kotlin/target/apidocs/index-all.html...
Generating /data/devel/jenkins-maven/workspace/scripting-Kotlin/target/apidocs/deprecated-list.html...
Building index for all classes...
Generating /data/devel/jenkins-maven/workspace/scripting-Kotlin/target/apidocs/allclasses-frame.html...
Generating /data/devel/jenkins-maven/workspace/scripting-Kotlin/target/apidocs/allclasses-noframe.html...
Generating /data/devel/jenkins-maven/workspace/scripting-Kotlin/target/apidocs/index.html...
Generating /data/devel/jenkins-maven/workspace/scripting-Kotlin/target/apidocs/help-doc.html...
[INFO] Building jar: /data/devel/jenkins-maven/workspace/scripting-Kotlin/target/scripting-kotlin-0.1.0-SNAPSHOT-javadoc.jar
[INFO] 
[INFO] --- maven-source-plugin:3.0.1:jar-no-fork (default) @ scripting-kotlin ---
[INFO] Building jar: /data/devel/jenkins-maven/workspace/scripting-Kotlin/target/scripting-kotlin-0.1.0-SNAPSHOT-sources.jar
[INFO] 
[INFO] --- maven-source-plugin:3.0.1:jar-no-fork (attach-sources) @ scripting-kotlin ---
[INFO] Building jar: /data/devel/jenkins-maven/workspace/scripting-Kotlin/target/scripting-kotlin-0.1.0-SNAPSHOT-sources.jar
[WARNING] Artifact org.scijava:scripting-kotlin:java-source:sources:0.1.0-SNAPSHOT already attached to project, ignoring duplicate
[INFO] 
[INFO] --- maven-jar-plugin:2.6:test-jar (default) @ scripting-kotlin ---
[INFO] Skipping packaging of the test-jar
[INFO] 
[INFO] --- maven-install-plugin:2.5.2:install (default-install) @ scripting-kotlin ---
[INFO] Installing /data/devel/jenkins-maven/workspace/scripting-Kotlin/target/scripting-kotlin-0.1.0-SNAPSHOT.jar to /var/lib/jenkins-maven/.m2/repository/org/scijava/scripting-kotlin/0.1.0-SNAPSHOT/scripting-kotlin-0.1.0-SNAPSHOT.jar
[INFO] Installing /data/devel/jenkins-maven/workspace/scripting-Kotlin/pom.xml to /var/lib/jenkins-maven/.m2/repository/org/scijava/scripting-kotlin/0.1.0-SNAPSHOT/scripting-kotlin-0.1.0-SNAPSHOT.pom
[INFO] Installing /data/devel/jenkins-maven/workspace/scripting-Kotlin/target/scripting-kotlin-0.1.0-SNAPSHOT-javadoc.jar to /var/lib/jenkins-maven/.m2/repository/org/scijava/scripting-kotlin/0.1.0-SNAPSHOT/scripting-kotlin-0.1.0-SNAPSHOT-javadoc.jar
[INFO] Installing /data/devel/jenkins-maven/workspace/scripting-Kotlin/target/scripting-kotlin-0.1.0-SNAPSHOT-sources.jar to /var/lib/jenkins-maven/.m2/repository/org/scijava/scripting-kotlin/0.1.0-SNAPSHOT/scripting-kotlin-0.1.0-SNAPSHOT-sources.jar
[INFO] 
[INFO] --- imagej-maven-plugin:0.6.0:copy-jars (copy-jars) @ scripting-kotlin ---
[INFO] 
[INFO] --- maven-deploy-plugin:2.8.2:deploy (default-deploy) @ scripting-kotlin ---
Downloading: dav:http://maven.imagej.net/content/repositories/snapshots/org/scijava/scripting-kotlin/0.1.0-SNAPSHOT/maven-metadata.xml
991/991 B   
            
Downloaded: dav:http://maven.imagej.net/content/repositories/snapshots/org/scijava/scripting-kotlin/0.1.0-SNAPSHOT/maven-metadata.xml (991 B at 5.6 KB/sec)
Uploading: http://maven.imagej.net/content/repositories/snapshots/org/scijava/scripting-kotlin/0.1.0-SNAPSHOT/scripting-kotlin-0.1.0-20170102.024702-2.jar
Jan 01, 2017 8:47:02 PM org.apache.commons.httpclient.auth.AuthChallengeProcessor selectAuthScheme
INFO: basic authentication scheme selected
4/5 KB      
5/5 KB   
Jan 01, 2017 8:47:02 PM org.apache.commons.httpclient.auth.AuthChallengeProcessor selectAuthScheme
INFO: basic authentication scheme selected
9/5 KB   
9/5 KB   
Jan 01, 2017 8:47:02 PM org.apache.commons.httpclient.auth.AuthChallengeProcessor selectAuthScheme
INFO: basic authentication scheme selected
Jan 01, 2017 8:47:02 PM org.apache.commons.httpclient.auth.AuthChallengeProcessor selectAuthScheme
INFO: basic authentication scheme selected
Jan 01, 2017 8:47:02 PM org.apache.commons.httpclient.auth.AuthChallengeProcessor selectAuthScheme
INFO: basic authentication scheme selected
Jan 01, 2017 8:47:02 PM org.apache.commons.httpclient.auth.AuthChallengeProcessor selectAuthScheme
INFO: basic authentication scheme selected
         
Uploaded: http://maven.imagej.net/content/repositories/snapshots/org/scijava/scripting-kotlin/0.1.0-SNAPSHOT/scripting-kotlin-0.1.0-20170102.024702-2.jar (9 KB at 33.7 KB/sec)
Uploading: http://maven.imagej.net/content/repositories/snapshots/org/scijava/scripting-kotlin/0.1.0-SNAPSHOT/scripting-kotlin-0.1.0-20170102.024702-2.pom
Jan 01, 2017 8:47:02 PM org.apache.commons.httpclient.auth.AuthChallengeProcessor selectAuthScheme
INFO: basic authentication scheme selected
4/4 KB   
Jan 01, 2017 8:47:02 PM org.apache.commons.httpclient.auth.AuthChallengeProcessor selectAuthScheme
INFO: basic authentication scheme selected
7/4 KB   
Jan 01, 2017 8:47:02 PM org.apache.commons.httpclient.auth.AuthChallengeProcessor selectAuthScheme
INFO: basic authentication scheme selected
Jan 01, 2017 8:47:02 PM org.apache.commons.httpclient.auth.AuthChallengeProcessor selectAuthScheme
INFO: basic authentication scheme selected
Jan 01, 2017 8:47:02 PM org.apache.commons.httpclient.auth.AuthChallengeProcessor selectAuthScheme
INFO: basic authentication scheme selected
Jan 01, 2017 8:47:02 PM org.apache.commons.httpclient.auth.AuthChallengeProcessor selectAuthScheme
INFO: basic authentication scheme selected
         
Uploaded: http://maven.imagej.net/content/repositories/snapshots/org/scijava/scripting-kotlin/0.1.0-SNAPSHOT/scripting-kotlin-0.1.0-20170102.024702-2.pom (7 KB at 106.8 KB/sec)
Downloading: http://maven.imagej.net/content/repositories/snapshots/org/scijava/scripting-kotlin/maven-metadata.xml
287/287 B   
            
Downloaded: http://maven.imagej.net/content/repositories/snapshots/org/scijava/scripting-kotlin/maven-metadata.xml (287 B at 6.8 KB/sec)
Uploading: http://maven.imagej.net/content/repositories/snapshots/org/scijava/scripting-kotlin/0.1.0-SNAPSHOT/maven-metadata.xml
Jan 01, 2017 8:47:02 PM org.apache.commons.httpclient.auth.AuthChallengeProcessor selectAuthScheme
INFO: basic authentication scheme selected
991/991 B   
Jan 01, 2017 8:47:02 PM org.apache.commons.httpclient.auth.AuthChallengeProcessor selectAuthScheme
INFO: basic authentication scheme selected
1982/991 B   
Jan 01, 2017 8:47:02 PM org.apache.commons.httpclient.auth.AuthChallengeProcessor selectAuthScheme
INFO: basic authentication scheme selected
Jan 01, 2017 8:47:03 PM org.apache.commons.httpclient.auth.AuthChallengeProcessor selectAuthScheme
INFO: basic authentication scheme selected
Jan 01, 2017 8:47:03 PM org.apache.commons.httpclient.auth.AuthChallengeProcessor selectAuthScheme
INFO: basic authentication scheme selected
Jan 01, 2017 8:47:03 PM org.apache.commons.httpclient.auth.AuthChallengeProcessor selectAuthScheme
INFO: basic authentication scheme selected
             
Uploaded: http://maven.imagej.net/content/repositories/snapshots/org/scijava/scripting-kotlin/0.1.0-SNAPSHOT/maven-metadata.xml (2 KB at 12.5 KB/sec)
Uploading: http://maven.imagej.net/content/repositories/snapshots/org/scijava/scripting-kotlin/maven-metadata.xml
Jan 01, 2017 8:47:03 PM org.apache.commons.httpclient.auth.AuthChallengeProcessor selectAuthScheme
INFO: basic authentication scheme selected
287/287 B    
Jan 01, 2017 8:47:03 PM org.apache.commons.httpclient.auth.AuthChallengeProcessor selectAuthScheme
INFO: basic authentication scheme selected
574/287 B   
Jan 01, 2017 8:47:03 PM org.apache.commons.httpclient.auth.AuthChallengeProcessor selectAuthScheme
INFO: basic authentication scheme selected
Jan 01, 2017 8:47:03 PM org.apache.commons.httpclient.auth.AuthChallengeProcessor selectAuthScheme
INFO: basic authentication scheme selected
Jan 01, 2017 8:47:03 PM org.apache.commons.httpclient.auth.AuthChallengeProcessor selectAuthScheme
INFO: basic authentication scheme selected
Jan 01, 2017 8:47:03 PM org.apache.commons.httpclient.auth.AuthChallengeProcessor selectAuthScheme
INFO: basic authentication scheme selected
            
Uploaded: http://maven.imagej.net/content/repositories/snapshots/org/scijava/scripting-kotlin/maven-metadata.xml (574 B at 4.4 KB/sec)
Uploading: dav:http://maven.imagej.net/content/repositories/snapshots/org/scijava/scripting-kotlin/0.1.0-SNAPSHOT/scripting-kotlin-0.1.0-20170102.024702-2-javadoc.jar
Jan 01, 2017 8:47:03 PM org.apache.commons.httpclient.auth.AuthChallengeProcessor selectAuthScheme
INFO: basic authentication scheme selected
4/22 KB     
8/22 KB   
12/22 KB   
16/22 KB   
20/22 KB   
22/22 KB   
Jan 01, 2017 8:47:03 PM org.apache.commons.httpclient.auth.AuthChallengeProcessor selectAuthScheme
INFO: basic authentication scheme selected
26/22 KB   
30/22 KB   
34/22 KB   
38/22 KB   
42/22 KB   
44/22 KB   
Jan 01, 2017 8:47:03 PM org.apache.commons.httpclient.auth.AuthChallengeProcessor selectAuthScheme
INFO: basic authentication scheme selected
Jan 01, 2017 8:47:03 PM org.apache.commons.httpclient.auth.AuthChallengeProcessor selectAuthScheme
INFO: basic authentication scheme selected
Jan 01, 2017 8:47:03 PM org.apache.commons.httpclient.auth.AuthChallengeProcessor selectAuthScheme
INFO: basic authentication scheme selected
Jan 01, 2017 8:47:03 PM org.apache.commons.httpclient.auth.AuthChallengeProcessor selectAuthScheme
INFO: basic authentication scheme selected
           
Uploaded: dav:http://maven.imagej.net/content/repositories/snapshots/org/scijava/scripting-kotlin/0.1.0-SNAPSHOT/scripting-kotlin-0.1.0-20170102.024702-2-javadoc.jar (44 KB at 209.8 KB/sec)
Uploading: http://maven.imagej.net/content/repositories/snapshots/org/scijava/scripting-kotlin/0.1.0-SNAPSHOT/maven-metadata.xml
Jan 01, 2017 8:47:03 PM org.apache.commons.httpclient.auth.AuthChallengeProcessor selectAuthScheme
INFO: basic authentication scheme selected
2/2 KB     
Jan 01, 2017 8:47:03 PM org.apache.commons.httpclient.auth.AuthChallengeProcessor selectAuthScheme
INFO: basic authentication scheme selected
3/2 KB   
Jan 01, 2017 8:47:03 PM org.apache.commons.httpclient.auth.AuthChallengeProcessor selectAuthScheme
INFO: basic authentication scheme selected
Jan 01, 2017 8:47:03 PM org.apache.commons.httpclient.auth.AuthChallengeProcessor selectAuthScheme
INFO: basic authentication scheme selected
Jan 01, 2017 8:47:03 PM org.apache.commons.httpclient.auth.AuthChallengeProcessor selectAuthScheme
INFO: basic authentication scheme selected
Jan 01, 2017 8:47:03 PM org.apache.commons.httpclient.auth.AuthChallengeProcessor selectAuthScheme
INFO: basic authentication scheme selected
         
Uploaded: http://maven.imagej.net/content/repositories/snapshots/org/scijava/scripting-kotlin/0.1.0-SNAPSHOT/maven-metadata.xml (3 KB at 14.4 KB/sec)
Uploading: dav:http://maven.imagej.net/content/repositories/snapshots/org/scijava/scripting-kotlin/0.1.0-SNAPSHOT/scripting-kotlin-0.1.0-20170102.024702-2-sources.jar
Jan 01, 2017 8:47:03 PM org.apache.commons.httpclient.auth.AuthChallengeProcessor selectAuthScheme
INFO: basic authentication scheme selected
4/4 KB   
Jan 01, 2017 8:47:03 PM org.apache.commons.httpclient.auth.AuthChallengeProcessor selectAuthScheme
INFO: basic authentication scheme selected
8/4 KB   
Jan 01, 2017 8:47:03 PM org.apache.commons.httpclient.auth.AuthChallengeProcessor selectAuthScheme
INFO: basic authentication scheme selected
Jan 01, 2017 8:47:03 PM org.apache.commons.httpclient.auth.AuthChallengeProcessor selectAuthScheme
INFO: basic authentication scheme selected
Jan 01, 2017 8:47:03 PM org.apache.commons.httpclient.auth.AuthChallengeProcessor selectAuthScheme
INFO: basic authentication scheme selected
Jan 01, 2017 8:47:03 PM org.apache.commons.httpclient.auth.AuthChallengeProcessor selectAuthScheme
INFO: basic authentication scheme selected
         
Uploaded: dav:http://maven.imagej.net/content/repositories/snapshots/org/scijava/scripting-kotlin/0.1.0-SNAPSHOT/scripting-kotlin-0.1.0-20170102.024702-2-sources.jar (8 KB at 37.3 KB/sec)
Uploading: http://maven.imagej.net/content/repositories/snapshots/org/scijava/scripting-kotlin/0.1.0-SNAPSHOT/maven-metadata.xml
Jan 01, 2017 8:47:03 PM org.apache.commons.httpclient.auth.AuthChallengeProcessor selectAuthScheme
INFO: basic authentication scheme selected
2/2 KB   
Jan 01, 2017 8:47:03 PM org.apache.commons.httpclient.auth.AuthChallengeProcessor selectAuthScheme
INFO: basic authentication scheme selected
3/2 KB   
Jan 01, 2017 8:47:03 PM org.apache.commons.httpclient.auth.AuthChallengeProcessor selectAuthScheme
INFO: basic authentication scheme selected
Jan 01, 2017 8:47:03 PM org.apache.commons.httpclient.auth.AuthChallengeProcessor selectAuthScheme
INFO: basic authentication scheme selected
Jan 01, 2017 8:47:03 PM org.apache.commons.httpclient.auth.AuthChallengeProcessor selectAuthScheme
INFO: basic authentication scheme selected
Jan 01, 2017 8:47:03 PM org.apache.commons.httpclient.auth.AuthChallengeProcessor selectAuthScheme
INFO: basic authentication scheme selected
         
Uploaded: http://maven.imagej.net/content/repositories/snapshots/org/scijava/scripting-kotlin/0.1.0-SNAPSHOT/maven-metadata.xml (3 KB at 24.8 KB/sec)
[INFO] 
[INFO] >>> maven-javadoc-plugin:2.10.4:javadoc (default-cli) @ scripting-kotlin >>>
[INFO] 
[INFO] --- maven-enforcer-plugin:1.4.1:enforce (enforce-rules) @ scripting-kotlin ---
Downloading: http://maven.imagej.net/content/groups/public/org/scijava/scripting-kotlin/0.1.0-SNAPSHOT/scripting-kotlin-0.1.0-20170102.024702-2.pom
4/4 KB   
         
Downloaded: http://maven.imagej.net/content/groups/public/org/scijava/scripting-kotlin/0.1.0-SNAPSHOT/scripting-kotlin-0.1.0-20170102.024702-2.pom (4 KB at 8.6 KB/sec)
[INFO] 
[INFO] --- build-helper-maven-plugin:1.12:regex-property (sanitize-version) @ scripting-kotlin ---
[INFO] 
[INFO] --- buildnumber-maven-plugin:1.4:create (default) @ scripting-kotlin ---
[INFO] 
[INFO] --- scijava-maven-plugin:1.0.0:set-rootdir (set-rootdir) @ scripting-kotlin ---
[INFO] 
[INFO] <<< maven-javadoc-plugin:2.10.4:javadoc (default-cli) @ scripting-kotlin <<<
[INFO] 
[INFO] --- maven-javadoc-plugin:2.10.4:javadoc (default-cli) @ scripting-kotlin ---
[INFO] 
Loading source files for package org.scijava.plugins.scripting.kotlin...
Constructing Javadoc information...
Standard Doclet version 1.8.0_91
Building tree for all the packages and classes...
Generating /data/devel/jenkins-maven/workspace/scripting-Kotlin/target/site/apidocs/org/scijava/plugins/scripting/kotlin/KotlinScriptLanguage.html...
Generating /data/devel/jenkins-maven/workspace/scripting-Kotlin/target/site/apidocs/org/scijava/plugins/scripting/kotlin/package-frame.html...
Generating /data/devel/jenkins-maven/workspace/scripting-Kotlin/target/site/apidocs/org/scijava/plugins/scripting/kotlin/package-summary.html...
Generating /data/devel/jenkins-maven/workspace/scripting-Kotlin/target/site/apidocs/org/scijava/plugins/scripting/kotlin/package-tree.html...
Generating /data/devel/jenkins-maven/workspace/scripting-Kotlin/target/site/apidocs/constant-values.html...
Building index for all the packages and classes...
Generating /data/devel/jenkins-maven/workspace/scripting-Kotlin/target/site/apidocs/overview-tree.html...
Generating /data/devel/jenkins-maven/workspace/scripting-Kotlin/target/site/apidocs/index-all.html...
Generating /data/devel/jenkins-maven/workspace/scripting-Kotlin/target/site/apidocs/deprecated-list.html...
Building index for all classes...
Generating /data/devel/jenkins-maven/workspace/scripting-Kotlin/target/site/apidocs/allclasses-frame.html...
Generating /data/devel/jenkins-maven/workspace/scripting-Kotlin/target/site/apidocs/allclasses-noframe.html...
Generating /data/devel/jenkins-maven/workspace/scripting-Kotlin/target/site/apidocs/index.html...
Generating /data/devel/jenkins-maven/workspace/scripting-Kotlin/target/site/apidocs/help-doc.html...
[INFO] ------------------------------------------------------------------------
[INFO] BUILD SUCCESS
[INFO] ------------------------------------------------------------------------
[INFO] Total time: 42.338s
[INFO] Finished at: Sun Jan 01 20:47:14 CST 2017
[INFO] Final Memory: 87M/466M
[INFO] ------------------------------------------------------------------------
Archiving artifacts
Publishing Javadoc
Recording test results
ERROR: Step ‘Publish JUnit test result report’ failed: No test report files were found. Configuration error?
Performance: Percentage of errors greater or equal than 0% sets the build as unstable
Performance: Percentage of errors greater or equal than 0% sets the build as failure



Performance: Recording JUnit reports '**/TEST-*.xml'


From jenkins at imagej.net  Sun Jan  1 20:57:33 2017
From: jenkins at imagej.net (jenkins at imagej.net)
Date: Sun, 01 Jan 2017 20:57:33 -0600 (CST)
Subject: [ImageJ-builds] Build failed in Jenkins: scripting-JRuby #35
Message-ID: <1508036716.510.1483325853619.JavaMail.jenkins@dev>

See <http://jenkins.imagej.net/job/scripting-JRuby/35/changes>

Changes:

[Curtis Rueden] Update parent to org.scijava:pom-scijava:12.0.0

[Curtis Rueden] Happy New Year 2017

------------------------------------------
Started by an SCM change
Building remotely on maven in workspace <http://jenkins.imagej.net/job/scripting-JRuby/ws/>
 > git rev-parse --is-inside-work-tree # timeout=10
Fetching changes from the remote Git repository
 > git config remote.origin.url git://github.com/scijava/scripting-jruby # timeout=10
Fetching upstream changes from git://github.com/scijava/scripting-jruby
 > git --version # timeout=10
 > git -c core.askpass=true fetch --tags --progress git://github.com/scijava/scripting-jruby +refs/heads/master:refs/remotes/origin/master
 > git rev-parse origin/master^{commit} # timeout=10
Checking out Revision d93c6735b24a7ad9b4aba70fd0f331c83ec94069 (origin/master)
 > git config core.sparsecheckout # timeout=10
 > git checkout -f d93c6735b24a7ad9b4aba70fd0f331c83ec94069
 > git rev-list 61284df39f6a773edcd5125d0f87560074b1a6c9 # timeout=10
[scripting-JRuby] $ /bin/sh -xe /tmp/hudson4206165922394594975.sh
+ git clean -dfx
Removing target/
[scripting-JRuby] $ mvn -U -Pdeploy-to-imagej deploy javadoc:javadoc
[INFO] Scanning for projects...
[INFO]                                                                         
[INFO] ------------------------------------------------------------------------
[INFO] Building SciJava Scripting: JRuby 0.2.5-SNAPSHOT
[INFO] ------------------------------------------------------------------------
Downloading: http://repo.maven.apache.org/maven2/com/github/jnr/jffi/maven-metadata.xml
Downloading: https://oss.sonatype.org/content/repositories/snapshots/com/github/jnr/jffi/maven-metadata.xml
Downloading: https://oss.sonatype.org/content/repositories/snapshots/com/github/jnr/jffi/maven-metadata.xml
829/829 B   
            
Downloaded: http://repo.maven.apache.org/maven2/com/github/jnr/jffi/maven-metadata.xml (829 B at 3.3 KB/sec)
400/400 B   400/400 B   
400/400 B   400/400 B   
                        
Downloaded: https://oss.sonatype.org/content/repositories/snapshots/com/github/jnr/jffi/maven-metadata.xml (400 B at 0.6 KB/sec)
                        
Downloaded: https://oss.sonatype.org/content/repositories/snapshots/com/github/jnr/jffi/maven-metadata.xml (400 B at 0.6 KB/sec)
Downloading: http://repo.maven.apache.org/maven2/com/github/jnr/jffi/1.2.13/jffi-1.2.13.pom
                        
Downloaded: http://repo.maven.apache.org/maven2/com/github/jnr/jffi/1.2.13/jffi-1.2.13.pom (0 B at 0.0 KB/sec)
Downloading: http://repo.maven.apache.org/maven2/com/github/jnr/jffi/1.2.14/jffi-1.2.14.pom
                        
Downloaded: http://repo.maven.apache.org/maven2/com/github/jnr/jffi/1.2.14/jffi-1.2.14.pom (0 B at 0.0 KB/sec)
Downloading: https://oss.sonatype.org/content/repositories/snapshots/com/github/jnr/jffi/1.3.0-SNAPSHOT/maven-metadata.xml
Downloading: https://oss.sonatype.org/content/repositories/snapshots/com/github/jnr/jffi/1.3.0-SNAPSHOT/maven-metadata.xml
981/981 B               
981/981 B   981/981 B   
                        
                        
Downloaded: https://oss.sonatype.org/content/repositories/snapshots/com/github/jnr/jffi/1.3.0-SNAPSHOT/maven-metadata.xml (981 B at 5.2 KB/sec)
Downloaded: https://oss.sonatype.org/content/repositories/snapshots/com/github/jnr/jffi/1.3.0-SNAPSHOT/maven-metadata.xml (981 B at 5.3 KB/sec)
Downloading: http://repo.maven.apache.org/maven2/com/github/jnr/jnr-x86asm/maven-metadata.xml
Downloading: https://oss.sonatype.org/content/repositories/snapshots/com/github/jnr/jnr-x86asm/maven-metadata.xml
Downloading: https://oss.sonatype.org/content/repositories/snapshots/com/github/jnr/jnr-x86asm/maven-metadata.xml
362/362 B               
            
Downloaded: http://repo.maven.apache.org/maven2/com/github/jnr/jnr-x86asm/maven-metadata.xml (362 B at 7.5 KB/sec)
            
            
Downloading: http://repo.maven.apache.org/maven2/joda-time/joda-time/2.9.4/joda-time-2.9.4.jar
            
Downloaded: http://repo.maven.apache.org/maven2/joda-time/joda-time/2.9.4/joda-time-2.9.4.jar (0 B at 0.0 KB/sec)
[INFO] 
[INFO] --- maven-enforcer-plugin:1.4.1:enforce (enforce-rules) @ scripting-jruby ---
[INFO] artifact com.github.jnr:jffi: checking for updates from central
[INFO] artifact com.github.jnr:jffi: checking for updates from central
[INFO] artifact com.github.jnr:jnr-x86asm: checking for updates from central
[INFO] artifact com.github.jnr:jffi: checking for updates from central
[INFO] artifact com.github.jnr:jffi: checking for updates from central
[INFO] artifact com.github.jnr:jnr-x86asm: checking for updates from central
[INFO] artifact com.github.jnr:jffi: checking for updates from central
[INFO] artifact com.github.jnr:jffi: checking for updates from central
[INFO] artifact com.github.jnr:jnr-x86asm: checking for updates from central
[INFO] 
[INFO] --- build-helper-maven-plugin:1.12:regex-property (sanitize-version) @ scripting-jruby ---
[INFO] 
[INFO] --- buildnumber-maven-plugin:1.4:create (default) @ scripting-jruby ---
[INFO] Executing: /bin/sh -c cd '/data/devel/jenkins-maven/workspace/scripting-JRuby' && 'git' 'rev-parse' '--verify' 'HEAD'
[INFO] Working directory: /data/devel/jenkins-maven/workspace/scripting-JRuby
[INFO] Storing buildNumber: d93c6735b24a7ad9b4aba70fd0f331c83ec94069 at timestamp: 1483325852764
[WARNING] Cannot get the branch information from the git repository: 
Detecting the current branch failed: fatal: ref HEAD is not a symbolic ref

[INFO] Executing: /bin/sh -c cd '/data/devel/jenkins-maven/workspace/scripting-JRuby' && 'git' 'rev-parse' '--verify' 'HEAD'
[INFO] Working directory: /data/devel/jenkins-maven/workspace/scripting-JRuby
[INFO] Storing buildScmBranch: UNKNOWN
[INFO] 
[INFO] --- scijava-maven-plugin:1.0.0:set-rootdir (set-rootdir) @ scripting-jruby ---
[INFO] Setting rootdir: /data/devel/jenkins-maven/workspace/scripting-JRuby
[INFO] 
[INFO] --- maven-resources-plugin:3.0.1:resources (default-resources) @ scripting-jruby ---
[INFO] Using 'UTF-8' encoding to copy filtered resources.
[INFO] Copying 5 resources
[INFO] 
[INFO] --- maven-compiler-plugin:3.5.1:compile (default-compile) @ scripting-jruby ---
[INFO] Compiling 2 source files to /data/devel/jenkins-maven/workspace/scripting-JRuby/target/classes
[INFO] ------------------------------------------------------------------------
[INFO] BUILD FAILURE
[INFO] ------------------------------------------------------------------------
[INFO] Total time: 8.106s
[INFO] Finished at: Sun Jan 01 20:57:33 CST 2017
[INFO] Final Memory: 17M/361M
[INFO] ------------------------------------------------------------------------
[ERROR] Failed to execute goal org.apache.maven.plugins:maven-compiler-plugin:3.5.1:compile (default-compile) on project scripting-jruby: Fatal error compiling: invalid target release: 1.8 -> [Help 1]
[ERROR] 
[ERROR] To see the full stack trace of the errors, re-run Maven with the -e switch.
[ERROR] Re-run Maven using the -X switch to enable full debug logging.
[ERROR] 
[ERROR] For more information about the errors and possible solutions, please read the following articles:
[ERROR] [Help 1] http://cwiki.apache.org/confluence/display/MAVEN/MojoExecutionException
Build step 'Invoke top-level Maven targets' marked build as failure
Archiving artifacts
Publishing Javadoc
Recording test results
ERROR: Step ‘Publish JUnit test result report’ failed: No test report files were found. Configuration error?
Performance: Percentage of errors greater or equal than 0% sets the build as unstable
Performance: Percentage of errors greater or equal than 0% sets the build as failure



Performance: Recording JUnit reports '**/TEST-*.xml'


From jenkins at imagej.net  Sun Jan  1 21:02:28 2017
From: jenkins at imagej.net (jenkins at imagej.net)
Date: Sun, 01 Jan 2017 21:02:28 -0600 (CST)
Subject: [ImageJ-builds] Build failed in Jenkins: scripting-JavaScript #34
Message-ID: <570801323.511.1483326148387.JavaMail.jenkins@dev>

See <http://jenkins.imagej.net/job/scripting-JavaScript/34/changes>

Changes:

[Curtis Rueden] Update parent to org.scijava:pom-scijava:12.0.0

[Curtis Rueden] Happy New Year 2017

------------------------------------------
Started by an SCM change
Building remotely on maven in workspace <http://jenkins.imagej.net/job/scripting-JavaScript/ws/>
 > git rev-parse --is-inside-work-tree # timeout=10
Fetching changes from the remote Git repository
 > git config remote.origin.url git://github.com/scijava/scripting-javascript # timeout=10
Fetching upstream changes from git://github.com/scijava/scripting-javascript
 > git --version # timeout=10
 > git -c core.askpass=true fetch --tags --progress git://github.com/scijava/scripting-javascript +refs/heads/master:refs/remotes/origin/master
 > git rev-parse origin/master^{commit} # timeout=10
Checking out Revision 2e8f617f10f11bacfa1573a7af47be3cfaa5645c (origin/master)
 > git config core.sparsecheckout # timeout=10
 > git checkout -f 2e8f617f10f11bacfa1573a7af47be3cfaa5645c
 > git rev-list 2cea12955edb937e7f254931c583da5111b75286 # timeout=10
[scripting-JavaScript] $ /bin/sh -xe /tmp/hudson7015417561382032305.sh
+ git clean -dfx
Removing target/
[scripting-JavaScript] $ mvn -U -Pdeploy-to-imagej deploy javadoc:javadoc
[INFO] Scanning for projects...
[INFO]                                                                         
[INFO] ------------------------------------------------------------------------
[INFO] Building SciJava Scripting: JavaScript 0.4.4-SNAPSHOT
[INFO] ------------------------------------------------------------------------
[INFO] 
[INFO] --- maven-enforcer-plugin:1.4.1:enforce (enforce-rules) @ scripting-javascript ---
[INFO] 
[INFO] --- build-helper-maven-plugin:1.12:regex-property (sanitize-version) @ scripting-javascript ---
[INFO] 
[INFO] --- buildnumber-maven-plugin:1.4:create (default) @ scripting-javascript ---
[INFO] Executing: /bin/sh -c cd '/data/devel/jenkins-maven/workspace/scripting-JavaScript' && 'git' 'rev-parse' '--verify' 'HEAD'
[INFO] Working directory: /data/devel/jenkins-maven/workspace/scripting-JavaScript
[INFO] Storing buildNumber: 2e8f617f10f11bacfa1573a7af47be3cfaa5645c at timestamp: 1483326147619
[WARNING] Cannot get the branch information from the git repository: 
Detecting the current branch failed: fatal: ref HEAD is not a symbolic ref

[INFO] Executing: /bin/sh -c cd '/data/devel/jenkins-maven/workspace/scripting-JavaScript' && 'git' 'rev-parse' '--verify' 'HEAD'
[INFO] Working directory: /data/devel/jenkins-maven/workspace/scripting-JavaScript
[INFO] Storing buildScmBranch: UNKNOWN
[INFO] 
[INFO] --- scijava-maven-plugin:1.0.0:set-rootdir (set-rootdir) @ scripting-javascript ---
[INFO] Setting rootdir: /data/devel/jenkins-maven/workspace/scripting-JavaScript
[INFO] 
[INFO] --- maven-resources-plugin:3.0.1:resources (default-resources) @ scripting-javascript ---
[INFO] Using 'UTF-8' encoding to copy filtered resources.
[INFO] Copying 3 resources
[INFO] 
[INFO] --- maven-compiler-plugin:3.5.1:compile (default-compile) @ scripting-javascript ---
[INFO] Compiling 1 source file to /data/devel/jenkins-maven/workspace/scripting-JavaScript/target/classes
[INFO] ------------------------------------------------------------------------
[INFO] BUILD FAILURE
[INFO] ------------------------------------------------------------------------
[INFO] Total time: 3.532s
[INFO] Finished at: Sun Jan 01 21:02:28 CST 2017
[INFO] Final Memory: 16M/360M
[INFO] ------------------------------------------------------------------------
[ERROR] Failed to execute goal org.apache.maven.plugins:maven-compiler-plugin:3.5.1:compile (default-compile) on project scripting-javascript: Fatal error compiling: invalid target release: 1.8 -> [Help 1]
[ERROR] 
[ERROR] To see the full stack trace of the errors, re-run Maven with the -e switch.
[ERROR] Re-run Maven using the -X switch to enable full debug logging.
[ERROR] 
[ERROR] For more information about the errors and possible solutions, please read the following articles:
[ERROR] [Help 1] http://cwiki.apache.org/confluence/display/MAVEN/MojoExecutionException
Build step 'Invoke top-level Maven targets' marked build as failure
Archiving artifacts
Publishing Javadoc
Recording test results
ERROR: Step ‘Publish JUnit test result report’ failed: No test report files were found. Configuration error?
Performance: Percentage of errors greater or equal than 0% sets the build as unstable
Performance: Percentage of errors greater or equal than 0% sets the build as failure



Performance: Recording JUnit reports '**/TEST-*.xml'


From jenkins at imagej.net  Sat Jan  7 01:17:01 2017
From: jenkins at imagej.net (jenkins at imagej.net)
Date: Sat, 07 Jan 2017 01:17:01 -0600 (CST)
Subject: [ImageJ-builds] Build failed in Jenkins: Scripting-Git-SVN-Mirror
	#1077
Message-ID: <1950949265.514.1483773421222.JavaMail.jenkins@dev>

See <http://jenkins.imagej.net/job/Scripting-Git-SVN-Mirror/1077/>

------------------------------------------
Started by timer
Building on master in workspace <http://jenkins.imagej.net/job/Scripting-Git-SVN-Mirror/ws/>
Copied 1 artifact from "SciJava-scripts" build number 146
[workspace] $ /bin/sh -xe /tmp/hudson7395008825974509858.sh
+ sh -x bin/git-svn-synchronizer.sh https://svn.java.net/svn/scripting~svn dev:/srv/git/scripting.git
+ force=
+ reset=
+ test 2 -gt 0
+ break
+ test 2 -lt 2
+ set -e
+ SVN_URL=https://svn.java.net/svn/scripting~svn
+ shift
+ test -d .git
+ test -d .git/svn
+ git config svn-remote.svn.url
+ test ahttps://svn.java.net/svn/scripting~svn != ahttps://svn.java.net/svn/scripting~svn
+ git svn fetch
Repository has been moved: Repository moved temporarily to 'http://www.oracle.com/splash/java.net/maintenance/index.html'; please relocate at /usr/lib/git-core/git-svn line 2139

Build step 'Execute shell' marked build as failure
Build step 'Groovy Postbuild' marked build as failure


From jenkins at imagej.net  Mon Jan  9 11:29:23 2017
From: jenkins at imagej.net (jenkins at imagej.net)
Date: Mon, 09 Jan 2017 11:29:23 -0600 (CST)
Subject: [ImageJ-builds] Build failed in Jenkins: ImageJ-Ops #637
Message-ID: <982006264.517.1483982963461.JavaMail.jenkins@dev>

See <http://jenkins.imagej.net/job/ImageJ-Ops/637/changes>

Changes:

[stefan.helfrich] Fix consistency tests for several methods

[stefan.helfrich] LocalThresholdTest: clean up

[stefan.helfrich] LocalThresholdTest: switch assertEquals' params

------------------------------------------
[...truncated 1151 lines...]
Performance: File TEST-net.imagej.ops.morphology.erode.ErosionTest.xml reported 0.0% of errors [SUCCESS]. Build status is: FAILURE



TEST-net.imagej.ops.morphology.open.OpeningTest.xml has an average of: 51
Performance: File TEST-net.imagej.ops.morphology.open.OpeningTest.xml reported 0.0% of errors [SUCCESS]. Build status is: FAILURE



TEST-net.imagej.ops.morphology.topHat.TopHatTest.xml has an average of: 96
Performance: File TEST-net.imagej.ops.morphology.topHat.TopHatTest.xml reported 0.0% of errors [SUCCESS]. Build status is: FAILURE



TEST-net.imagej.ops.slice.SliceTest.xml has an average of: 65
Performance: File TEST-net.imagej.ops.slice.SliceTest.xml reported 0.0% of errors [SUCCESS]. Build status is: FAILURE



TEST-net.imagej.ops.special.SpecialOpMatchingTest.xml has an average of: 26
Performance: File TEST-net.imagej.ops.special.SpecialOpMatchingTest.xml reported 0.0% of errors [SUCCESS]. Build status is: FAILURE



TEST-net.imagej.ops.stats.MeanTest.xml has an average of: 35
Performance: File TEST-net.imagej.ops.stats.MeanTest.xml reported 0.0% of errors [SUCCESS]. Build status is: FAILURE



TEST-net.imagej.ops.stats.StatisticsTest.xml has an average of: 41
Performance: File TEST-net.imagej.ops.stats.StatisticsTest.xml reported 0.0% of errors [SUCCESS]. Build status is: FAILURE



TEST-net.imagej.ops.stats.StatsNamespaceTest.xml has an average of: 83
Performance: File TEST-net.imagej.ops.stats.StatsNamespaceTest.xml reported 0.0% of errors [SUCCESS]. Build status is: FAILURE



TEST-net.imagej.ops.thread.ChunkerBenchmarkTest.xml has an average of: 0
Performance: File TEST-net.imagej.ops.thread.ChunkerBenchmarkTest.xml reported 0.0% of errors [SUCCESS]. Build status is: FAILURE



TEST-net.imagej.ops.threshold.ComputeThresholdTest.xml has an average of: 26
Performance: File TEST-net.imagej.ops.threshold.ComputeThresholdTest.xml reported 0.0% of errors [SUCCESS]. Build status is: FAILURE



TEST-net.imagej.ops.threshold.ThresholdNamespaceTest.xml has an average of: 59
Performance: File TEST-net.imagej.ops.threshold.ThresholdNamespaceTest.xml reported 0.0% of errors [SUCCESS]. Build status is: FAILURE



TEST-net.imagej.ops.threshold.apply.ApplyManualThresholdTest.xml has an average of: 29
Performance: File TEST-net.imagej.ops.threshold.apply.ApplyManualThresholdTest.xml reported 0.0% of errors [SUCCESS]. Build status is: FAILURE



TEST-net.imagej.ops.threshold.apply.LocalThresholdTest.xml has an average of: 127
Performance: File TEST-net.imagej.ops.threshold.apply.LocalThresholdTest.xml reported 11.428571428571429% of errors [FAILURE]. Build status is: FAILURE



TEST-net.imagej.ops.topology.TopologyNamespaceTest.xml has an average of: 26
Performance: File TEST-net.imagej.ops.topology.TopologyNamespaceTest.xml reported 0.0% of errors [FAILURE]. Build status is: FAILURE



TEST-net.imagej.ops.topology.eulerCharacteristic.EulerCharacteristic26NFloatingTest.xml has an average of: 26
Performance: File TEST-net.imagej.ops.topology.eulerCharacteristic.EulerCharacteristic26NFloatingTest.xml reported 0.0% of errors [FAILURE]. Build status is: FAILURE



TEST-net.imagej.ops.topology.eulerCharacteristic.EulerCharacteristic26NTest.xml has an average of: 27
Performance: File TEST-net.imagej.ops.topology.eulerCharacteristic.EulerCharacteristic26NTest.xml reported 0.0% of errors [FAILURE]. Build status is: FAILURE



TEST-net.imagej.ops.topology.eulerCharacteristic.EulerCorrectionTest.xml has an average of: 30
Performance: File TEST-net.imagej.ops.topology.eulerCharacteristic.EulerCorrectionTest.xml reported 0.0% of errors [FAILURE]. Build status is: FAILURE



TEST-net.imagej.ops.topology.eulerCharacteristic.OctantTest.xml has an average of: 0
Performance: File TEST-net.imagej.ops.topology.eulerCharacteristic.OctantTest.xml reported 0.0% of errors [FAILURE]. Build status is: FAILURE



TEST-net.imagej.ops.transform.TransformNamespaceTest.xml has an average of: 22
Performance: File TEST-net.imagej.ops.transform.TransformNamespaceTest.xml reported 0.0% of errors [FAILURE]. Build status is: FAILURE



TEST-net.imagej.ops.transform.addDimensionView.AddDimensionViewTest.xml has an average of: 22
Performance: File TEST-net.imagej.ops.transform.addDimensionView.AddDimensionViewTest.xml reported 0.0% of errors [FAILURE]. Build status is: FAILURE



TEST-net.imagej.ops.transform.collapseNumericView.CollapseNumericViewTest.xml has an average of: 25
Performance: File TEST-net.imagej.ops.transform.collapseNumericView.CollapseNumericViewTest.xml reported 0.0% of errors [FAILURE]. Build status is: FAILURE



TEST-net.imagej.ops.transform.collapseRealView.CollapseRealViewTest.xml has an average of: 23
Performance: File TEST-net.imagej.ops.transform.collapseRealView.CollapseRealViewTest.xml reported 0.0% of errors [FAILURE]. Build status is: FAILURE



TEST-net.imagej.ops.transform.collapseView.CollapseViewTest.xml has an average of: 22
Performance: File TEST-net.imagej.ops.transform.collapseView.CollapseViewTest.xml reported 0.0% of errors [FAILURE]. Build status is: FAILURE



TEST-net.imagej.ops.transform.crop.CropTest.xml has an average of: 25
Performance: File TEST-net.imagej.ops.transform.crop.CropTest.xml reported 0.0% of errors [FAILURE]. Build status is: FAILURE



TEST-net.imagej.ops.transform.dropSingleDimensionsView.DropSingletonDimensionsViewTest.xml has an average of: 22
Performance: File TEST-net.imagej.ops.transform.dropSingleDimensionsView.DropSingletonDimensionsViewTest.xml reported 0.0% of errors [FAILURE]. Build status is: FAILURE



TEST-net.imagej.ops.transform.extendBorderView.ExtendBorderViewTest.xml has an average of: 22
Performance: File TEST-net.imagej.ops.transform.extendBorderView.ExtendBorderViewTest.xml reported 0.0% of errors [FAILURE]. Build status is: FAILURE



TEST-net.imagej.ops.transform.extendMirrorDoubleView.ExtendMirrorDoubleViewTest.xml has an average of: 22
Performance: File TEST-net.imagej.ops.transform.extendMirrorDoubleView.ExtendMirrorDoubleViewTest.xml reported 0.0% of errors [FAILURE]. Build status is: FAILURE



TEST-net.imagej.ops.transform.extendMirrorSingleView.ExtendMirrorSingleViewTest.xml has an average of: 23
Performance: File TEST-net.imagej.ops.transform.extendMirrorSingleView.ExtendMirrorSingleViewTest.xml reported 0.0% of errors [FAILURE]. Build status is: FAILURE



TEST-net.imagej.ops.transform.extendPeriodicView.ExtendPeriodicViewTest.xml has an average of: 23
Performance: File TEST-net.imagej.ops.transform.extendPeriodicView.ExtendPeriodicViewTest.xml reported 0.0% of errors [FAILURE]. Build status is: FAILURE



TEST-net.imagej.ops.transform.extendRandomView.ExtendRandomViewTest.xml has an average of: 25
Performance: File TEST-net.imagej.ops.transform.extendRandomView.ExtendRandomViewTest.xml reported 0.0% of errors [FAILURE]. Build status is: FAILURE



TEST-net.imagej.ops.transform.extendValueView.ExtendValueViewTest.xml has an average of: 23
Performance: File TEST-net.imagej.ops.transform.extendValueView.ExtendValueViewTest.xml reported 0.0% of errors [FAILURE]. Build status is: FAILURE



TEST-net.imagej.ops.transform.extendView.ExtendViewTest.xml has an average of: 23
Performance: File TEST-net.imagej.ops.transform.extendView.ExtendViewTest.xml reported 0.0% of errors [FAILURE]. Build status is: FAILURE



TEST-net.imagej.ops.transform.extendZeroView.ExtendZeroViewTest.xml has an average of: 22
Performance: File TEST-net.imagej.ops.transform.extendZeroView.ExtendZeroViewTest.xml reported 0.0% of errors [FAILURE]. Build status is: FAILURE



TEST-net.imagej.ops.transform.flatIterableView.FlatIterableViewTest.xml has an average of: 23
Performance: File TEST-net.imagej.ops.transform.flatIterableView.FlatIterableViewTest.xml reported 0.0% of errors [FAILURE]. Build status is: FAILURE



TEST-net.imagej.ops.transform.hyperSliceView.HyperSliceViewTest.xml has an average of: 23
Performance: File TEST-net.imagej.ops.transform.hyperSliceView.HyperSliceViewTest.xml reported 0.0% of errors [FAILURE]. Build status is: FAILURE



TEST-net.imagej.ops.transform.interpolateView.InterpolateViewTest.xml has an average of: 32
Performance: File TEST-net.imagej.ops.transform.interpolateView.InterpolateViewTest.xml reported 0.0% of errors [FAILURE]. Build status is: FAILURE



TEST-net.imagej.ops.transform.intervalView.IntervalViewTest.xml has an average of: 25
Performance: File TEST-net.imagej.ops.transform.intervalView.IntervalViewTest.xml reported 0.0% of errors [FAILURE]. Build status is: FAILURE



TEST-net.imagej.ops.transform.invertAxisView.InvertAxisViewTest.xml has an average of: 22
Performance: File TEST-net.imagej.ops.transform.invertAxisView.InvertAxisViewTest.xml reported 0.0% of errors [FAILURE]. Build status is: FAILURE



TEST-net.imagej.ops.transform.offsetView.OffsetViewTest.xml has an average of: 22
Performance: File TEST-net.imagej.ops.transform.offsetView.OffsetViewTest.xml reported 0.0% of errors [FAILURE]. Build status is: FAILURE



TEST-net.imagej.ops.transform.permuteView.PermuteViewTest.xml has an average of: 24
Performance: File TEST-net.imagej.ops.transform.permuteView.PermuteViewTest.xml reported 0.0% of errors [FAILURE]. Build status is: FAILURE



TEST-net.imagej.ops.transform.project.ProjectTest.xml has an average of: 36
Performance: File TEST-net.imagej.ops.transform.project.ProjectTest.xml reported 0.0% of errors [FAILURE]. Build status is: FAILURE



TEST-net.imagej.ops.transform.rasterView.RasterViewTest.xml has an average of: 23
Performance: File TEST-net.imagej.ops.transform.rasterView.RasterViewTest.xml reported 0.0% of errors [FAILURE]. Build status is: FAILURE



TEST-net.imagej.ops.transform.rotateView.RotateViewTest.xml has an average of: 23
Performance: File TEST-net.imagej.ops.transform.rotateView.RotateViewTest.xml reported 0.0% of errors [FAILURE]. Build status is: FAILURE



TEST-net.imagej.ops.transform.scaleView.ScaleViewTest.xml has an average of: 26
Performance: File TEST-net.imagej.ops.transform.scaleView.ScaleViewTest.xml reported 0.0% of errors [FAILURE]. Build status is: FAILURE



TEST-net.imagej.ops.transform.shearView.ShearViewTest.xml has an average of: 22
Performance: File TEST-net.imagej.ops.transform.shearView.ShearViewTest.xml reported 0.0% of errors [FAILURE]. Build status is: FAILURE



TEST-net.imagej.ops.transform.stackView.StackViewTest.xml has an average of: 22
Performance: File TEST-net.imagej.ops.transform.stackView.StackViewTest.xml reported 0.0% of errors [FAILURE]. Build status is: FAILURE



TEST-net.imagej.ops.transform.subsampleView.SubsampleViewTest.xml has an average of: 23
Performance: File TEST-net.imagej.ops.transform.subsampleView.SubsampleViewTest.xml reported 0.0% of errors [FAILURE]. Build status is: FAILURE



TEST-net.imagej.ops.transform.translateView.TranslateViewTest.xml has an average of: 23
Performance: File TEST-net.imagej.ops.transform.translateView.TranslateViewTest.xml reported 0.0% of errors [FAILURE]. Build status is: FAILURE



TEST-net.imagej.ops.transform.unshearView.UnshearViewTest.xml has an average of: 24
Performance: File TEST-net.imagej.ops.transform.unshearView.UnshearViewTest.xml reported 0.0% of errors [FAILURE]. Build status is: FAILURE



TEST-net.imagej.ops.transform.zeroMinView.ZeroMinViewTest.xml has an average of: 22
Performance: File TEST-net.imagej.ops.transform.zeroMinView.ZeroMinViewTest.xml reported 0.0% of errors [FAILURE]. Build status is: FAILURE





From jenkins at imagej.net  Mon Jan  9 11:55:24 2017
From: jenkins at imagej.net (jenkins at imagej.net)
Date: Mon, 09 Jan 2017 11:55:24 -0600 (CST)
Subject: [ImageJ-builds] Jenkins build is back to normal : ImageJ-Ops #638
In-Reply-To: <982006264.517.1483982963461.JavaMail.jenkins@dev>
References: <982006264.517.1483982963461.JavaMail.jenkins@dev>
Message-ID: <1512151358.518.1483984524505.JavaMail.jenkins@dev>

See <http://jenkins.imagej.net/job/ImageJ-Ops/638/changes>



From jenkins at imagej.net  Tue Jan 10 14:24:13 2017
From: jenkins at imagej.net (jenkins at imagej.net)
Date: Tue, 10 Jan 2017 14:24:13 -0600 (CST)
Subject: [ImageJ-builds] Build failed in Jenkins: SciJava-UI-Swing #63
Message-ID: <1787950925.519.1484079853097.JavaMail.jenkins@dev>

See <http://jenkins.imagej.net/job/SciJava-UI-Swing/63/changes>

Changes:

[Curtis Rueden] Update parent to org.scijava:pom-scijava:12.0.0

[Curtis Rueden] OptionsLookAndFeel: use the diamond syntax

[Curtis Rueden] OptionsLookAndFeel: deprecate undesired methods

[Curtis Rueden] OptionsLookAndFeel: use UIService as parameter

[Curtis Rueden] OptionsLookAndFeel: refactor L&F refresh logic

[Curtis Rueden] OptionsLookAndFeel: improve L&F refresh logic

------------------------------------------
Started by an SCM change
Building remotely on maven in workspace <http://jenkins.imagej.net/job/SciJava-UI-Swing/ws/>
 > git rev-parse --is-inside-work-tree # timeout=10
Fetching changes from the remote Git repository
 > git config remote.origin.url git://github.com/scijava/scijava-ui-swing # timeout=10
Fetching upstream changes from git://github.com/scijava/scijava-ui-swing
 > git --version # timeout=10
 > git -c core.askpass=true fetch --tags --progress git://github.com/scijava/scijava-ui-swing +refs/heads/*:refs/remotes/origin/*
 > git rev-parse origin/master^{commit} # timeout=10
Checking out Revision 66f39295b0609a95df4480b800560bf7c86bb105 (origin/master)
 > git config core.sparsecheckout # timeout=10
 > git checkout -f 66f39295b0609a95df4480b800560bf7c86bb105
 > git rev-list 1c93f967599dff6d85726c43bd9f05a69b13614f # timeout=10
[SciJava-UI-Swing] $ /bin/sh -xe /tmp/hudson3304155809142002576.sh
+ git clean -dfx
Removing target/
[SciJava-UI-Swing] $ mvn -U -Pdeploy-to-imagej clean deploy javadoc:javadoc
[INFO] Scanning for projects...
[INFO]                                                                         
[INFO] ------------------------------------------------------------------------
[INFO] Building SciJava UI: Swing 0.9.1-SNAPSHOT
[INFO] ------------------------------------------------------------------------
[INFO] 
[INFO] --- maven-clean-plugin:3.0.0:clean (default-clean) @ scijava-ui-swing ---
[INFO] 
[INFO] --- maven-enforcer-plugin:1.4.1:enforce (enforce-rules) @ scijava-ui-swing ---
[INFO] 
[INFO] --- build-helper-maven-plugin:1.12:regex-property (sanitize-version) @ scijava-ui-swing ---
[INFO] 
[INFO] --- buildnumber-maven-plugin:1.4:create (default) @ scijava-ui-swing ---
[INFO] Executing: /bin/sh -c cd '/data/devel/jenkins-maven/workspace/SciJava-UI-Swing' && 'git' 'rev-parse' '--verify' 'HEAD'
[INFO] Working directory: /data/devel/jenkins-maven/workspace/SciJava-UI-Swing
[INFO] Storing buildNumber: 66f39295b0609a95df4480b800560bf7c86bb105 at timestamp: 1484079852178
[WARNING] Cannot get the branch information from the git repository: 
Detecting the current branch failed: fatal: ref HEAD is not a symbolic ref

[INFO] Executing: /bin/sh -c cd '/data/devel/jenkins-maven/workspace/SciJava-UI-Swing' && 'git' 'rev-parse' '--verify' 'HEAD'
[INFO] Working directory: /data/devel/jenkins-maven/workspace/SciJava-UI-Swing
[INFO] Storing buildScmBranch: UNKNOWN
[INFO] 
[INFO] --- scijava-maven-plugin:1.0.0:set-rootdir (set-rootdir) @ scijava-ui-swing ---
[INFO] Setting rootdir: /data/devel/jenkins-maven/workspace/SciJava-UI-Swing
[INFO] 
[INFO] --- maven-resources-plugin:3.0.1:resources (default-resources) @ scijava-ui-swing ---
[INFO] Using 'UTF-8' encoding to copy filtered resources.
[INFO] skip non existing resourceDirectory /data/devel/jenkins-maven/workspace/SciJava-UI-Swing/src/main/resources
[INFO] 
[INFO] --- maven-compiler-plugin:3.5.1:compile (default-compile) @ scijava-ui-swing ---
[INFO] Compiling 54 source files to /data/devel/jenkins-maven/workspace/SciJava-UI-Swing/target/classes
[INFO] ------------------------------------------------------------------------
[INFO] BUILD FAILURE
[INFO] ------------------------------------------------------------------------
[INFO] Total time: 4.682s
[INFO] Finished at: Tue Jan 10 14:24:12 CST 2017
[INFO] Final Memory: 16M/360M
[INFO] ------------------------------------------------------------------------
[ERROR] Failed to execute goal org.apache.maven.plugins:maven-compiler-plugin:3.5.1:compile (default-compile) on project scijava-ui-swing: Fatal error compiling: invalid target release: 1.8 -> [Help 1]
[ERROR] 
[ERROR] To see the full stack trace of the errors, re-run Maven with the -e switch.
[ERROR] Re-run Maven using the -X switch to enable full debug logging.
[ERROR] 
[ERROR] For more information about the errors and possible solutions, please read the following articles:
[ERROR] [Help 1] http://cwiki.apache.org/confluence/display/MAVEN/MojoExecutionException
Build step 'Invoke top-level Maven targets' marked build as failure
Archiving artifacts
Publishing Javadoc


From jenkins at imagej.net  Thu Jan 12 14:34:48 2017
From: jenkins at imagej.net (jenkins at imagej.net)
Date: Thu, 12 Jan 2017 14:34:48 -0600 (CST)
Subject: [ImageJ-builds] Build failed in Jenkins: ImageJ-mesh #1
Message-ID: <217227421.522.1484253288689.JavaMail.jenkins@dev>

See <http://jenkins.imagej.net/job/ImageJ-mesh/1/>

------------------------------------------
Started by user Curtis Rueden
Building remotely on maven in workspace <http://jenkins.imagej.net/job/ImageJ-mesh/ws/>
Cloning the remote Git repository
Cloning repository git://github.com/imagej/imagej-mesh
 > git init <http://jenkins.imagej.net/job/ImageJ-mesh/ws/> # timeout=10
Fetching upstream changes from git://github.com/imagej/imagej-mesh
 > git --version # timeout=10
 > git -c core.askpass=true fetch --tags --progress git://github.com/imagej/imagej-mesh +refs/heads/*:refs/remotes/origin/*
 > git config remote.origin.url git://github.com/imagej/imagej-mesh # timeout=10
 > git config --add remote.origin.fetch +refs/heads/*:refs/remotes/origin/* # timeout=10
 > git config remote.origin.url git://github.com/imagej/imagej-mesh # timeout=10
Fetching upstream changes from git://github.com/imagej/imagej-mesh
 > git -c core.askpass=true fetch --tags --progress git://github.com/imagej/imagej-mesh +refs/heads/master:refs/remotes/origin/master
 > git rev-parse origin/master^{commit} # timeout=10
Checking out Revision 9345b4fc49e4c62c36a44d319a3baece28e60781 (origin/master)
 > git config core.sparsecheckout # timeout=10
 > git checkout -f 9345b4fc49e4c62c36a44d319a3baece28e60781
First time build. Skipping changelog.
 > git tag -a -f -m Jenkins Build #1 jenkins-ImageJ-mesh-1 # timeout=10
[ImageJ-mesh] $ /bin/sh -xe /tmp/hudson4307575460245925207.sh
+ git clean -dfx
[ImageJ-mesh] $ mvn -U -Pdeploy-to-imagej clean deploy javadoc:javadoc
OpenJDK 64-Bit Server VM warning: ignoring option MaxPermSize=256m; support was removed in 8.0
[INFO] Scanning for projects...
[INFO]                                                                         
[INFO] ------------------------------------------------------------------------
[INFO] Building ImageJ Plugins: Mesh I/O 0.1.0-SNAPSHOT
[INFO] ------------------------------------------------------------------------
[INFO] 
[INFO] --- maven-clean-plugin:3.0.0:clean (default-clean) @ imagej-plugins-io-mesh ---
[INFO] 
[INFO] --- maven-enforcer-plugin:1.4.1:enforce (enforce-rules) @ imagej-plugins-io-mesh ---
[INFO] 
[INFO] --- build-helper-maven-plugin:1.12:regex-property (sanitize-version) @ imagej-plugins-io-mesh ---
[INFO] 
[INFO] --- buildnumber-maven-plugin:1.4:create (default) @ imagej-plugins-io-mesh ---
[INFO] Executing: /bin/sh -c cd '/data/devel/jenkins-maven/workspace/ImageJ-mesh' && 'git' 'rev-parse' '--verify' 'HEAD'
[INFO] Working directory: /data/devel/jenkins-maven/workspace/ImageJ-mesh
[INFO] Storing buildNumber: 9345b4fc49e4c62c36a44d319a3baece28e60781 at timestamp: 1484253286827
[WARNING] Cannot get the branch information from the git repository: 
Detecting the current branch failed: fatal: ref HEAD is not a symbolic ref

[INFO] Executing: /bin/sh -c cd '/data/devel/jenkins-maven/workspace/ImageJ-mesh' && 'git' 'rev-parse' '--verify' 'HEAD'
[INFO] Working directory: /data/devel/jenkins-maven/workspace/ImageJ-mesh
[INFO] Storing buildScmBranch: UNKNOWN
[INFO] 
[INFO] --- scijava-maven-plugin:1.0.0:set-rootdir (set-rootdir) @ imagej-plugins-io-mesh ---
[INFO] Setting rootdir: /data/devel/jenkins-maven/workspace/ImageJ-mesh
[INFO] 
[INFO] --- maven-resources-plugin:3.0.1:resources (default-resources) @ imagej-plugins-io-mesh ---
[INFO] Using 'UTF-8' encoding to copy filtered resources.
[INFO] skip non existing resourceDirectory /data/devel/jenkins-maven/workspace/ImageJ-mesh/src/main/resources
[INFO] 
[INFO] --- maven-compiler-plugin:3.5.1:compile (default-compile) @ imagej-plugins-io-mesh ---
[INFO] Compiling 13 source files to /data/devel/jenkins-maven/workspace/ImageJ-mesh/target/classes
[INFO] /data/devel/jenkins-maven/workspace/ImageJ-mesh/src/main/java/net/imagej/mesh/stl/STLIOPlugin.java: /data/devel/jenkins-maven/workspace/ImageJ-mesh/src/main/java/net/imagej/mesh/stl/STLIOPlugin.java uses unchecked or unsafe operations.
[INFO] /data/devel/jenkins-maven/workspace/ImageJ-mesh/src/main/java/net/imagej/mesh/stl/STLIOPlugin.java: Recompile with -Xlint:unchecked for details.
[INFO] 
[INFO] --- maven-resources-plugin:3.0.1:testResources (default-testResources) @ imagej-plugins-io-mesh ---
[INFO] Using 'UTF-8' encoding to copy filtered resources.
[INFO] skip non existing resourceDirectory /data/devel/jenkins-maven/workspace/ImageJ-mesh/src/test/resources
[INFO] 
[INFO] --- maven-compiler-plugin:3.5.1:testCompile (default-testCompile) @ imagej-plugins-io-mesh ---
[INFO] Compiling 1 source file to /data/devel/jenkins-maven/workspace/ImageJ-mesh/target/test-classes
[INFO] -------------------------------------------------------------
[ERROR] COMPILATION ERROR : 
[INFO] -------------------------------------------------------------
[ERROR] /data/devel/jenkins-maven/workspace/ImageJ-mesh/src/test/java/net/imagej/mesh/stl/BinarySTLFormatTest.java:[41,27] package com.sun.javafx.geom does not exist
[INFO] 1 error
[INFO] -------------------------------------------------------------
[INFO] ------------------------------------------------------------------------
[INFO] BUILD FAILURE
[INFO] ------------------------------------------------------------------------
[INFO] Total time: 4.129s
[INFO] Finished at: Thu Jan 12 14:34:48 CST 2017
[INFO] Final Memory: 30M/497M
[INFO] ------------------------------------------------------------------------
[ERROR] Failed to execute goal org.apache.maven.plugins:maven-compiler-plugin:3.5.1:testCompile (default-testCompile) on project imagej-plugins-io-mesh: Compilation failure
[ERROR] /data/devel/jenkins-maven/workspace/ImageJ-mesh/src/test/java/net/imagej/mesh/stl/BinarySTLFormatTest.java:[41,27] package com.sun.javafx.geom does not exist
[ERROR] -> [Help 1]
[ERROR] 
[ERROR] To see the full stack trace of the errors, re-run Maven with the -e switch.
[ERROR] Re-run Maven using the -X switch to enable full debug logging.
[ERROR] 
[ERROR] For more information about the errors and possible solutions, please read the following articles:
[ERROR] [Help 1] http://cwiki.apache.org/confluence/display/MAVEN/MojoFailureException
Build step 'Invoke top-level Maven targets' marked build as failure
Archiving artifacts
Publishing Javadoc
Build step 'Groovy Postbuild' marked build as failure
Recording test results
ERROR: Step ‘Publish JUnit test result report’ failed: No test report files were found. Configuration error?



From jenkins at imagej.net  Thu Jan 12 20:26:59 2017
From: jenkins at imagej.net (jenkins at imagej.net)
Date: Thu, 12 Jan 2017 20:26:59 -0600 (CST)
Subject: [ImageJ-builds] Jenkins build is back to normal : scripting-JRuby
	#36
In-Reply-To: <1508036716.510.1483325853619.JavaMail.jenkins@dev>
References: <1508036716.510.1483325853619.JavaMail.jenkins@dev>
Message-ID: <1762255551.523.1484274419157.JavaMail.jenkins@dev>

See <http://jenkins.imagej.net/job/scripting-JRuby/36/>



From jenkins at imagej.net  Thu Jan 12 20:27:25 2017
From: jenkins at imagej.net (jenkins at imagej.net)
Date: Thu, 12 Jan 2017 20:27:25 -0600 (CST)
Subject: [ImageJ-builds] Build failed in Jenkins: Bio-Formats-Fiji #1194
Message-ID: <166388186.524.1484274445487.JavaMail.jenkins@dev>

See <http://jenkins.imagej.net/job/Bio-Formats-Fiji/1194/>

------------------------------------------
[...truncated 308 lines...]
[WARNING] Could not update from site 'Fiji': java.net.ConnectException: Connection refused
Could not update from site 'Bio-Formats': java.net.ConnectException: Connection refused

No GUI detected.  Falling back to headless mode.
No GUI detected.  Falling back to headless mode.
Updating the index of available files (Updating from ImageJ site: http://up...
Updating from ImageJ site: http://update.imagej.net/ done
java.net.ConnectException: Connection refused
	at sun.reflect.NativeConstructorAccessorImpl.newInstance0(Native Method)
	at sun.reflect.NativeConstructorAccessorImpl.newInstance(NativeConstructorAccessorImpl.java:39)
	at sun.reflect.DelegatingConstructorAccessorImpl.newInstance(DelegatingConstructorAccessorImpl.java:27)
	at java.lang.reflect.Constructor.newInstance(Constructor.java:513)
	at sun.net.www.protocol.http.HttpURLConnection$6.run(HttpURLConnection.java:1491)
	at java.security.AccessController.doPrivileged(Native Method)
	at sun.net.www.protocol.http.HttpURLConnection.getChainedException(HttpURLConnection.java:1485)
	at sun.net.www.protocol.http.HttpURLConnection.getInputStream(HttpURLConnection.java:1139)
	at net.imagej.updater.XMLFileDownloader.start(XMLFileDownloader.java:92)
	at net.imagej.updater.FilesCollection.downloadIndexAndChecksum(FilesCollection.java:1147)
	at net.imagej.updater.CommandLine.ensureChecksummed(CommandLine.java:122)
	at net.imagej.updater.CommandLine.uploadCompleteSite(CommandLine.java:948)
	at net.imagej.updater.CommandLine.main(CommandLine.java:1462)
	at net.imagej.updater.CommandLine.main(CommandLine.java:1375)
	at sun.reflect.NativeMethodAccessorImpl.invoke0(Native Method)
	at sun.reflect.NativeMethodAccessorImpl.invoke(NativeMethodAccessorImpl.java:39)
	at sun.reflect.DelegatingMethodAccessorImpl.invoke(DelegatingMethodAccessorImpl.java:25)
	at java.lang.reflect.Method.invoke(Method.java:597)
	at net.imagej.launcher.ClassLauncher.launch(ClassLauncher.java:279)
	at net.imagej.launcher.ClassLauncher.run(ClassLauncher.java:186)
	at net.imagej.launcher.ClassLauncher.main(ClassLauncher.java:77)
Caused by: java.net.ConnectException: Connection refused
	at java.net.PlainSocketImpl.socketConnect(Native Method)
	at java.net.PlainSocketImpl.doConnect(PlainSocketImpl.java:351)
	at java.net.PlainSocketImpl.connectToAddress(PlainSocketImpl.java:213)
	at java.net.PlainSocketImpl.connect(PlainSocketImpl.java:200)
	at java.net.SocksSocketImpl.connect(SocksSocketImpl.java:366)
	at java.net.Socket.connect(Socket.java:529)
	at java.net.Socket.connect(Socket.java:478)
	at sun.net.NetworkClient.doConnect(NetworkClient.java:163)
	at sun.net.www.http.HttpClient.openServer(HttpClient.java:394)
	at sun.net.www.http.HttpClient.openServer(HttpClient.java:529)
	at sun.net.www.http.HttpClient.<init>(HttpClient.java:233)
	at sun.net.www.http.HttpClient.New(HttpClient.java:306)
	at sun.net.www.http.HttpClient.New(HttpClient.java:323)
	at sun.net.www.protocol.http.HttpURLConnection.getNewHttpClient(HttpURLConnection.java:970)
	at sun.net.www.protocol.http.HttpURLConnection.plainConnect(HttpURLConnection.java:911)
	at sun.net.www.protocol.http.HttpURLConnection.connect(HttpURLConnection.java:836)
	at sun.net.www.protocol.http.HttpURLConnection.getInputStream(HttpURLConnection.java:1172)
	at sun.net.www.protocol.http.HttpURLConnection.getHeaderField(HttpURLConnection.java:2304)
	at java.net.HttpURLConnection.getHeaderFieldDate(HttpURLConnection.java:450)
	at java.net.URLConnection.getLastModified(URLConnection.java:532)
	at net.imagej.updater.XMLFileDownloader.start(XMLFileDownloader.java:89)
	... 12 more
Updating from Fiji site: http://update.fiji.sc/ done
java.net.ConnectException: Connection refused
	at sun.reflect.NativeConstructorAccessorImpl.newInstance0(Native Method)
	at sun.reflect.NativeConstructorAccessorImpl.newInstance(NativeConstructorAccessorImpl.java:39)
	at sun.reflect.DelegatingConstructorAccessorImpl.newInstance(DelegatingConstructorAccessorImpl.java:27)
	at java.lang.reflect.Constructor.newInstance(Constructor.java:513)
	at sun.net.www.protocol.http.HttpURLConnection$6.run(HttpURLConnection.java:1491)
	at java.security.AccessController.doPrivileged(Native Method)
	at sun.net.www.protocol.http.HttpURLConnection.getChainedException(HttpURLConnection.java:1485)
	at sun.net.www.protocol.http.HttpURLConnection.getInputStream(HttpURLConnection.java:1139)
	at net.imagej.updater.XMLFileDownloader.start(XMLFileDownloader.java:92)
	at net.imagej.updater.FilesCollection.downloadIndexAndChecksum(FilesCollection.java:1147)
	at net.imagej.updater.CommandLine.ensureChecksummed(CommandLine.java:122)
	at net.imagej.updater.CommandLine.uploadCompleteSite(CommandLine.java:948)
	at net.imagej.updater.CommandLine.main(CommandLine.java:1462)
	at net.imagej.updater.CommandLine.main(CommandLine.java:1375)
	at sun.reflect.NativeMethodAccessorImpl.invoke0(Native Method)
	at sun.reflect.NativeMethodAccessorImpl.invoke(NativeMethodAccessorImpl.java:39)
	at sun.reflect.DelegatingMethodAccessorImpl.invoke(DelegatingMethodAccessorImpl.java:25)
	at java.lang.reflect.Method.invoke(Method.java:597)
	at net.imagej.launcher.ClassLauncher.launch(ClassLauncher.java:279)
	at net.imagej.launcher.ClassLauncher.run(ClassLauncher.java:186)
	at net.imagej.launcher.ClassLauncher.main(ClassLauncher.java:77)
Caused by: java.net.ConnectException: Connection refused
	at java.net.PlainSocketImpl.socketConnect(Native Method)
	at java.net.PlainSocketImpl.doConnect(PlainSocketImpl.java:351)
	at java.net.PlainSocketImpl.connectToAddress(PlainSocketImpl.java:213)
	at java.net.PlainSocketImpl.connect(PlainSocketImpl.java:200)
	at java.net.SocksSocketImpl.connect(SocksSocketImpl.java:366)
	at java.net.Socket.connect(Socket.java:529)
	at java.net.Socket.connect(Socket.java:478)
	at sun.net.NetworkClient.doConnect(NetworkClient.java:163)
	at sun.net.www.http.HttpClient.openServer(HttpClient.java:394)
	at sun.net.www.http.HttpClient.openServer(HttpClient.java:529)
	at sun.net.www.http.HttpClient.<init>(HttpClient.java:233)
	at sun.net.www.http.HttpClient.New(HttpClient.java:306)
	at sun.net.www.http.HttpClient.New(HttpClient.java:323)
	at sun.net.www.protocol.http.HttpURLConnection.getNewHttpClient(HttpURLConnection.java:970)
	at sun.net.www.protocol.http.HttpURLConnection.plainConnect(HttpURLConnection.java:911)
	at sun.net.www.protocol.http.HttpURLConnection.connect(HttpURLConnection.java:836)
	at sun.net.www.protocol.http.HttpURLConnection.getInputStream(HttpURLConnection.java:1172)
	at sun.net.www.protocol.http.HttpURLConnection.getHeaderField(HttpURLConnection.java:2304)
	at java.net.HttpURLConnection.getHeaderFieldDate(HttpURLConnection.java:450)
	at java.net.URLConnection.getLastModified(URLConnection.java:532)
	at net.imagej.updater.XMLFileDownloader.start(XMLFileDownloader.java:89)
	... 12 more
Updating from Bio-Formats site: http://sites.imagej.net/Bio-Formats/ done
................................................................................
................................................................................
.................................................
Done: Checksummer

[WARNING] Could not update from site 'Fiji': java.net.ConnectException: Connection refused
Could not update from site 'Bio-Formats': java.net.ConnectException: Connection refused

[INFO] Uploading 6 (removing 0) to Bio-Formats (webdav:Bio-Formats:<password>:./)
java.net.ConnectException: Connection refused
	at java.net.PlainSocketImpl.socketConnect(Native Method)
	at java.net.PlainSocketImpl.doConnect(PlainSocketImpl.java:351)
	at java.net.PlainSocketImpl.connectToAddress(PlainSocketImpl.java:213)
	at java.net.PlainSocketImpl.connect(PlainSocketImpl.java:200)
	at java.net.SocksSocketImpl.connect(SocksSocketImpl.java:366)
	at java.net.Socket.connect(Socket.java:529)
	at java.net.Socket.connect(Socket.java:478)
	at sun.net.NetworkClient.doConnect(NetworkClient.java:163)
	at sun.net.www.http.HttpClient.openServer(HttpClient.java:394)
	at sun.net.www.http.HttpClient.openServer(HttpClient.java:529)
	at sun.net.www.http.HttpClient.<init>(HttpClient.java:233)
	at sun.net.www.http.HttpClient.New(HttpClient.java:306)
	at sun.net.www.http.HttpClient.New(HttpClient.java:323)
	at sun.net.www.protocol.http.HttpURLConnection.getNewHttpClient(HttpURLConnection.java:970)
	at sun.net.www.protocol.http.HttpURLConnection.plainConnect(HttpURLConnection.java:911)
	at sun.net.www.protocol.http.HttpURLConnection.connect(HttpURLConnection.java:836)
	at net.imagej.plugins.uploaders.webdav.WebDAVUploader.isAllowed(WebDAVUploader.java:414)
	at net.imagej.plugins.uploaders.webdav.WebDAVUploader.login(WebDAVUploader.java:154)
	at net.imagej.updater.FilesUploader.login(FilesUploader.java:410)
	at net.imagej.updater.CommandLine.upload(CommandLine.java:1100)
	at net.imagej.updater.CommandLine.uploadCompleteSite(CommandLine.java:1078)
	at net.imagej.updater.CommandLine.main(CommandLine.java:1462)
	at net.imagej.updater.CommandLine.main(CommandLine.java:1375)
	at sun.reflect.NativeMethodAccessorImpl.invoke0(Native Method)
	at sun.reflect.NativeMethodAccessorImpl.invoke(NativeMethodAccessorImpl.java:39)
	at sun.reflect.DelegatingMethodAccessorImpl.invoke(DelegatingMethodAccessorImpl.java:25)
	at java.lang.reflect.Method.invoke(Method.java:597)
	at net.imagej.launcher.ClassLauncher.launch(ClassLauncher.java:279)
	at net.imagej.launcher.ClassLauncher.run(ClassLauncher.java:186)
	at net.imagej.launcher.ClassLauncher.main(ClassLauncher.java:77)
[ERROR] User Bio-Formats lacks upload permissions for http://sites.imagej.net/Bio-Formats/
[ERROR] Login failed!
No GUI detected.  Falling back to headless mode.
No GUI detected.  Falling back to headless mode.
Updating the index of available files (Updating from ImageJ site: http://up...
Updating from ImageJ site: http://update.imagej.net/ done
java.net.ConnectException: Connection refused
	at sun.reflect.NativeConstructorAccessorImpl.newInstance0(Native Method)
	at sun.reflect.NativeConstructorAccessorImpl.newInstance(NativeConstructorAccessorImpl.java:39)
	at sun.reflect.DelegatingConstructorAccessorImpl.newInstance(DelegatingConstructorAccessorImpl.java:27)
	at java.lang.reflect.Constructor.newInstance(Constructor.java:513)
	at sun.net.www.protocol.http.HttpURLConnection$6.run(HttpURLConnection.java:1491)
	at java.security.AccessController.doPrivileged(Native Method)
	at sun.net.www.protocol.http.HttpURLConnection.getChainedException(HttpURLConnection.java:1485)
	at sun.net.www.protocol.http.HttpURLConnection.getInputStream(HttpURLConnection.java:1139)
	at net.imagej.updater.XMLFileDownloader.start(XMLFileDownloader.java:92)
	at net.imagej.updater.FilesCollection.downloadIndexAndChecksum(FilesCollection.java:1147)
	at net.imagej.updater.CommandLine.ensureChecksummed(CommandLine.java:122)
	at net.imagej.updater.CommandLine.addOrEditUploadSite(CommandLine.java:1249)
	at net.imagej.updater.CommandLine.addOrEditUploadSite(CommandLine.java:1241)
	at net.imagej.updater.CommandLine.main(CommandLine.java:1468)
	at net.imagej.updater.CommandLine.main(CommandLine.java:1375)
	at sun.reflect.NativeMethodAccessorImpl.invoke0(Native Method)
	at sun.reflect.NativeMethodAccessorImpl.invoke(NativeMethodAccessorImpl.java:39)
	at sun.reflect.DelegatingMethodAccessorImpl.invoke(DelegatingMethodAccessorImpl.java:25)
	at java.lang.reflect.Method.invoke(Method.java:597)
	at net.imagej.launcher.ClassLauncher.launch(ClassLauncher.java:279)
	at net.imagej.launcher.ClassLauncher.run(ClassLauncher.java:186)
	at net.imagej.launcher.ClassLauncher.main(ClassLauncher.java:77)
Caused by: java.net.ConnectException: Connection refused
	at java.net.PlainSocketImpl.socketConnect(Native Method)
	at java.net.PlainSocketImpl.doConnect(PlainSocketImpl.java:351)
	at java.net.PlainSocketImpl.connectToAddress(PlainSocketImpl.java:213)
	at java.net.PlainSocketImpl.connect(PlainSocketImpl.java:200)
	at java.net.SocksSocketImpl.connect(SocksSocketImpl.java:366)
	at java.net.Socket.connect(Socket.java:529)
	at java.net.Socket.connect(Socket.java:478)
	at sun.net.NetworkClient.doConnect(NetworkClient.java:163)
	at sun.net.www.http.HttpClient.openServer(HttpClient.java:394)
	at sun.net.www.http.HttpClient.openServer(HttpClient.java:529)
	at sun.net.www.http.HttpClient.<init>(HttpClient.java:233)
	at sun.net.www.http.HttpClient.New(HttpClient.java:306)
	at sun.net.www.http.HttpClient.New(HttpClient.java:323)
	at sun.net.www.protocol.http.HttpURLConnection.getNewHttpClient(HttpURLConnection.java:970)
	at sun.net.www.protocol.http.HttpURLConnection.plainConnect(HttpURLConnection.java:911)
	at sun.net.www.protocol.http.HttpURLConnection.connect(HttpURLConnection.java:836)
	at sun.net.www.protocol.http.HttpURLConnection.getInputStream(HttpURLConnection.java:1172)
	at sun.net.www.protocol.http.HttpURLConnection.getHeaderField(HttpURLConnection.java:2304)
	at java.net.HttpURLConnection.getHeaderFieldDate(HttpURLConnection.java:450)
	at java.net.URLConnection.getLastModified(URLConnection.java:532)
	at net.imagej.updater.XMLFileDownloader.start(XMLFileDownloader.java:89)
	... 13 more
Updating from Fiji site: http://update.fiji.sc/ done
java.net.ConnectException: Connection refused
	at sun.reflect.NativeConstructorAccessorImpl.newInstance0(Native Method)
	at sun.reflect.NativeConstructorAccessorImpl.newInstance(NativeConstructorAccessorImpl.java:39)
	at sun.reflect.DelegatingConstructorAccessorImpl.newInstance(DelegatingConstructorAccessorImpl.java:27)
	at java.lang.reflect.Constructor.newInstance(Constructor.java:513)
	at sun.net.www.protocol.http.HttpURLConnection$6.run(HttpURLConnection.java:1491)
	at java.security.AccessController.doPrivileged(Native Method)
	at sun.net.www.protocol.http.HttpURLConnection.getChainedException(HttpURLConnection.java:1485)
	at sun.net.www.protocol.http.HttpURLConnection.getInputStream(HttpURLConnection.java:1139)
	at net.imagej.updater.XMLFileDownloader.start(XMLFileDownloader.java:92)
	at net.imagej.updater.FilesCollection.downloadIndexAndChecksum(FilesCollection.java:1147)
	at net.imagej.updater.CommandLine.ensureChecksummed(CommandLine.java:122)
	at net.imagej.updater.CommandLine.addOrEditUploadSite(CommandLine.java:1249)
	at net.imagej.updater.CommandLine.addOrEditUploadSite(CommandLine.java:1241)
	at net.imagej.updater.CommandLine.main(CommandLine.java:1468)
	at net.imagej.updater.CommandLine.main(CommandLine.java:1375)
	at sun.reflect.NativeMethodAccessorImpl.invoke0(Native Method)
	at sun.reflect.NativeMethodAccessorImpl.invoke(NativeMethodAccessorImpl.java:39)
	at sun.reflect.DelegatingMethodAccessorImpl.invoke(DelegatingMethodAccessorImpl.java:25)
	at java.lang.reflect.Method.invoke(Method.java:597)
	at net.imagej.launcher.ClassLauncher.launch(ClassLauncher.java:279)
	at net.imagej.launcher.ClassLauncher.run(ClassLauncher.java:186)
	at net.imagej.launcher.ClassLauncher.main(ClassLauncher.java:77)
Caused by: java.net.ConnectException: Connection refused
	at java.net.PlainSocketImpl.socketConnect(Native Method)
	at java.net.PlainSocketImpl.doConnect(PlainSocketImpl.java:351)
	at java.net.PlainSocketImpl.connectToAddress(PlainSocketImpl.java:213)
	at java.net.PlainSocketImpl.connect(PlainSocketImpl.java:200)
	at java.net.SocksSocketImpl.connect(SocksSocketImpl.java:366)
	at java.net.Socket.connect(Socket.java:529)
	at java.net.Socket.connect(Socket.java:478)
	at sun.net.NetworkClient.doConnect(NetworkClient.java:163)
	at sun.net.www.http.HttpClient.openServer(HttpClient.java:394)
	at sun.net.www.http.HttpClient.openServer(HttpClient.java:529)
	at sun.net.www.http.HttpClient.<init>(HttpClient.java:233)
	at sun.net.www.http.HttpClient.New(HttpClient.java:306)
	at sun.net.www.http.HttpClient.New(HttpClient.java:323)
	at sun.net.www.protocol.http.HttpURLConnection.getNewHttpClient(HttpURLConnection.java:970)
	at sun.net.www.protocol.http.HttpURLConnection.plainConnect(HttpURLConnection.java:911)
	at sun.net.www.protocol.http.HttpURLConnection.connect(HttpURLConnection.java:836)
	at sun.net.www.protocol.http.HttpURLConnection.getInputStream(HttpURLConnection.java:1172)
	at sun.net.www.protocol.http.HttpURLConnection.getHeaderField(HttpURLConnection.java:2304)
	at java.net.HttpURLConnection.getHeaderFieldDate(HttpURLConnection.java:450)
	at java.net.URLConnection.getLastModified(URLConnection.java:532)
	at net.imagej.updater.XMLFileDownloader.start(XMLFileDownloader.java:89)
	... 13 more
Updating from Bio-Formats site: http://sites.imagej.net/Bio-Formats/ done
................................................................................
................................................................................
.................................................
Done: Checksummer

[WARNING] Could not update from site 'Fiji': java.net.ConnectException: Connection refused
Could not update from site 'Bio-Formats': java.net.ConnectException: Connection refused

Build step 'Groovy Postbuild' changed build result to FAILURE
Build step 'Groovy Postbuild' marked build as failure


From jenkins at imagej.net  Thu Jan 12 20:28:58 2017
From: jenkins at imagej.net (jenkins at imagej.net)
Date: Thu, 12 Jan 2017 20:28:58 -0600 (CST)
Subject: [ImageJ-builds] Jenkins build is back to normal : scripting-MATLAB
	#46
In-Reply-To: <1749988643.508.1483324609053.JavaMail.jenkins@dev>
References: <1749988643.508.1483324609053.JavaMail.jenkins@dev>
Message-ID: <755733214.525.1484274538373.JavaMail.jenkins@dev>

See <http://jenkins.imagej.net/job/scripting-MATLAB/46/>



From jenkins at imagej.net  Thu Jan 12 20:31:20 2017
From: jenkins at imagej.net (jenkins at imagej.net)
Date: Thu, 12 Jan 2017 20:31:20 -0600 (CST)
Subject: [ImageJ-builds] Jenkins build is back to normal :
	scripting-JavaScript #35
In-Reply-To: <570801323.511.1483326148387.JavaMail.jenkins@dev>
References: <570801323.511.1483326148387.JavaMail.jenkins@dev>
Message-ID: <168225191.527.1484274680159.JavaMail.jenkins@dev>

See <http://jenkins.imagej.net/job/scripting-JavaScript/35/>



From jenkins at imagej.net  Thu Jan 12 20:33:17 2017
From: jenkins at imagej.net (jenkins at imagej.net)
Date: Thu, 12 Jan 2017 20:33:17 -0600 (CST)
Subject: [ImageJ-builds] Jenkins build is back to normal :
	Descriptor_based_registration #67
In-Reply-To: <1676190674.322.1478876604350.JavaMail.jenkins@dev>
References: <1676190674.322.1478876604350.JavaMail.jenkins@dev>
Message-ID: <1753174736.529.1484274797041.JavaMail.jenkins@dev>

See <http://jenkins.imagej.net/job/Descriptor_based_registration/67/>



From jenkins at imagej.net  Thu Jan 12 20:33:49 2017
From: jenkins at imagej.net (jenkins at imagej.net)
Date: Thu, 12 Jan 2017 20:33:49 -0600 (CST)
Subject: [ImageJ-builds] Jenkins build is back to normal : fiji-lib #28
In-Reply-To: <1615589086.497.1482854081569.JavaMail.jenkins@dev>
References: <1615589086.497.1482854081569.JavaMail.jenkins@dev>
Message-ID: <855116308.530.1484274829749.JavaMail.jenkins@dev>

See <http://jenkins.imagej.net/job/fiji-lib/28/>



From jenkins at imagej.net  Thu Jan 12 20:35:10 2017
From: jenkins at imagej.net (jenkins at imagej.net)
Date: Thu, 12 Jan 2017 20:35:10 -0600 (CST)
Subject: [ImageJ-builds] Jenkins build is back to normal : mij #15
In-Reply-To: <1996306305.500.1482863512611.JavaMail.jenkins@dev>
References: <1996306305.500.1482863512611.JavaMail.jenkins@dev>
Message-ID: <750074286.531.1484274910593.JavaMail.jenkins@dev>

See <http://jenkins.imagej.net/job/mij/15/>



From jenkins at imagej.net  Thu Jan 12 20:35:33 2017
From: jenkins at imagej.net (jenkins at imagej.net)
Date: Thu, 12 Jan 2017 20:35:33 -0600 (CST)
Subject: [ImageJ-builds] Jenkins build is back to normal : SciJava-UI-Swing
	#64
In-Reply-To: <1787950925.519.1484079853097.JavaMail.jenkins@dev>
References: <1787950925.519.1484079853097.JavaMail.jenkins@dev>
Message-ID: <146387266.532.1484274933993.JavaMail.jenkins@dev>

See <http://jenkins.imagej.net/job/SciJava-UI-Swing/64/>



From jenkins at imagej.net  Thu Jan 12 20:36:06 2017
From: jenkins at imagej.net (jenkins at imagej.net)
Date: Thu, 12 Jan 2017 20:36:06 -0600 (CST)
Subject: [ImageJ-builds] Jenkins build is back to normal :
	JOGL-Git-SVN-Mirror #1456
In-Reply-To: <1082019371.469.1481958604254.JavaMail.jenkins@dev>
References: <1082019371.469.1481958604254.JavaMail.jenkins@dev>
Message-ID: <1597342281.533.1484274966626.JavaMail.jenkins@dev>

See <http://jenkins.imagej.net/job/JOGL-Git-SVN-Mirror/1456/>



From jenkins at imagej.net  Fri Jan 13 02:26:53 2017
From: jenkins at imagej.net (jenkins at imagej.net)
Date: Fri, 13 Jan 2017 02:26:53 -0600 (CST)
Subject: [ImageJ-builds] Build failed in Jenkins: Validate-javadoc #662
Message-ID: <16694410.535.1484296013419.JavaMail.jenkins@dev>

See <http://jenkins.imagej.net/job/Validate-javadoc/662/>

------------------------------------------
Started by upstream project "ImgLib2-javadoc" build number 58
originally caused by:
 Started by timer
Building on master in workspace <http://jenkins.imagej.net/job/Validate-javadoc/ws/>
 > git rev-parse --is-inside-work-tree # timeout=10
Fetching changes from the remote Git repository
 > git config remote.origin.url git://github.com/imagej/imagej-javadoc # timeout=10
Fetching upstream changes from git://github.com/imagej/imagej-javadoc
 > git --version # timeout=10
 > git -c core.askpass=true fetch --tags --progress git://github.com/imagej/imagej-javadoc +refs/heads/*:refs/remotes/origin/*
 > git rev-parse origin/master^{commit} # timeout=10
Checking out Revision 740f941ddc1a6a5dfd545630b5075a47acc636e3 (origin/master)
 > git config core.sparsecheckout # timeout=10
 > git checkout -f 740f941ddc1a6a5dfd545630b5075a47acc636e3
 > git rev-list 740f941ddc1a6a5dfd545630b5075a47acc636e3 # timeout=10
[workspace] $ /bin/sh -xe /tmp/hudson6881692421526804435.sh
+ cram tests
!
--- proxies.t
+++ proxies.t.err
@@ -1,147 +1,79 @@
 Ensure URL proxies all still work:
 
   $ curl -Is http://javadoc.imagej.net/ImageJ/index.html | head -n 1
-  HTTP/1.1 200 OK
   $ curl -Is http://javadoc.imagej.net/ImgLib2/index.html | head -n 1
-  HTTP/1.1 200 OK
   $ curl -Is http://javadoc.imagej.net/SCIFIO/index.html | head -n 1
-  HTTP/1.1 200 OK
   $ curl -Is http://javadoc.imagej.net/SciJava/index.html | head -n 1
-  HTTP/1.1 200 OK
   $ curl -Is http://javadoc.imagej.net/Fiji/index.html | head -n 1
-  HTTP/1.1 200 OK
   $ curl -Is http://javadoc.imagej.net/ImageJ1/index.html | head -n 1
-  HTTP/1.1 200 OK
   $ curl -Is http://javadoc.imagej.net/Bio-Formats/index.html | head -n 1
-  HTTP/1.1 200 OK
   $ curl -Is http://javadoc.imagej.net/SLIM-Curve/index.html | head -n 1
-  HTTP/1.1 200 OK
   $ curl -Is http://javadoc.imagej.net/Micro-Manager-Core/index.html | head -n 1
-  HTTP/1.1 200 OK
   $ curl -Is http://javadoc.imagej.net/Micro-Manager-Studio/index.html | head -n 1
-  HTTP/1.1 200 OK
   $ curl -Is http://javadoc.imagej.net/KNIME/index.html | head -n 1
-  HTTP/1.1 200 OK
   $ curl -Is http://javadoc.imagej.net/OMERO/index.html | head -n 1
-  HTTP/1.1 200 OK
   $ curl -Is http://javadoc.imagej.net/Icy/index.html | head -n 1
-  HTTP/1.1 200 OK
   $ curl -Is http://javadoc.imagej.net/Alida/index.html | head -n 1
-  HTTP/1.1 200 OK
   $ curl -Is http://javadoc.imagej.net/MiToBo/index.html | head -n 1
-  HTTP/1.1 200 OK
   $ curl -Is http://javadoc.imagej.net/Eclipse/ | head -n 1
-  HTTP/1.1 302 Found
   $ curl -Is http://javadoc.imagej.net/NetBeans/index.html | head -n 1
-  HTTP/1.1 200 OK
   $ curl -Is http://javadoc.imagej.net/LOCI/index.html | head -n 1
-  HTTP/1.1 200 OK
   $ curl -Is http://javadoc.imagej.net/MPI-CBG/index.html | head -n 1
-  HTTP/1.1 200 OK
   $ curl -Is http://javadoc.imagej.net/Pivot/index.html | head -n 1
-  HTTP/1.1 200 OK
   $ curl -Is http://javadoc.imagej.net/MigLayout/index.html | head -n 1
-  HTTP/1.1 200 OK
   $ curl -Is http://javadoc.imagej.net/Javassist/index.html | head -n 1
-  HTTP/1.1 200 OK
   $ curl -Is http://javadoc.imagej.net/JHotDraw/index.html | head -n 1
-  HTTP/1.1 200 OK
   $ curl -Is http://javadoc.imagej.net/Apache-Commons-Lang/index.html | head -n 1
-  HTTP/1.1 200 OK
   $ curl -Is http://javadoc.imagej.net/Apache-Commons-Math/index.html | head -n 1
-  HTTP/1.1 200 OK
   $ curl -Is http://javadoc.imagej.net/JFreeChart/index.html | head -n 1
-  HTTP/1.1 200 OK
   $ curl -Is http://javadoc.imagej.net/JGraphT/ | head -n 1
-  HTTP/1.1 302 Found
   $ curl -Is http://javadoc.imagej.net/Java6/index.html | head -n 1
-  HTTP/1.1 200 OK
   $ curl -Is http://javadoc.imagej.net/Java7/index.html | head -n 1
-  HTTP/1.1 200 OK
   $ curl -Is http://javadoc.imagej.net/Java8/index.html | head -n 1
-  HTTP/1.1 200 OK
   $ curl -Is http://javadoc.imagej.net/Java3D/index.html | head -n 1
-  HTTP/1.1 200 OK
 
 Check a couple of secondary aliases:
 
   $ curl -Is http://javadoc.imagej.net/ImageJ2/index.html | head -n 1
-  HTTP/1.1 200 OK
   $ curl -Is http://javadoc.imagej.net/Java/index.html | head -n 1
-  HTTP/1.1 200 OK
 
 Check that URLs work without trailing slashes:
 
   $ curl -Is http://javadoc.imagej.net/ImageJ | head -n 1
-  HTTP/1.1 301 Moved Permanently
   $ curl -Is http://javadoc.imagej.net/ImgLib2 | head -n 1
-  HTTP/1.1 301 Moved Permanently
   $ curl -Is http://javadoc.imagej.net/SCIFIO | head -n 1
-  HTTP/1.1 301 Moved Permanently
   $ curl -Is http://javadoc.imagej.net/SciJava | head -n 1
-  HTTP/1.1 301 Moved Permanently
   $ curl -Is http://javadoc.imagej.net/Fiji | head -n 1
-  HTTP/1.1 301 Moved Permanently
   $ curl -Is http://javadoc.imagej.net/ImageJ1 | head -n 1
-  HTTP/1.1 301 Moved Permanently
   $ curl -Is http://javadoc.imagej.net/Bio-Formats | head -n 1
-  HTTP/1.1 301 Moved Permanently
   $ curl -Is http://javadoc.imagej.net/SLIM-Curve | head -n 1
-  HTTP/1.1 301 Moved Permanently
   $ curl -Is http://javadoc.imagej.net/Micro-Manager-Core | head -n 1
-  HTTP/1.1 301 Moved Permanently
   $ curl -Is http://javadoc.imagej.net/Micro-Manager-Studio | head -n 1
-  HTTP/1.1 301 Moved Permanently
   $ curl -Is http://javadoc.imagej.net/KNIME | head -n 1
-  HTTP/1.1 301 Moved Permanently
   $ curl -Is http://javadoc.imagej.net/OMERO | head -n 1
-  HTTP/1.1 301 Moved Permanently
   $ curl -Is http://javadoc.imagej.net/Icy | head -n 1
-  HTTP/1.1 301 Moved Permanently
   $ curl -Is http://javadoc.imagej.net/Alida | head -n 1
-  HTTP/1.1 301 Moved Permanently
   $ curl -Is http://javadoc.imagej.net/MiToBo | head -n 1
-  HTTP/1.1 301 Moved Permanently
   $ curl -Is http://javadoc.imagej.net/Eclipse | head -n 1
-  HTTP/1.1 301 Moved Permanently
   $ curl -Is http://javadoc.imagej.net/NetBeans | head -n 1
-  HTTP/1.1 301 Moved Permanently
   $ curl -Is http://javadoc.imagej.net/LOCI | head -n 1
-  HTTP/1.1 301 Moved Permanently
   $ curl -Is http://javadoc.imagej.net/MPI-CBG | head -n 1
-  HTTP/1.1 301 Moved Permanently
   $ curl -Is http://javadoc.imagej.net/Pivot | head -n 1
-  HTTP/1.1 301 Moved Permanently
   $ curl -Is http://javadoc.imagej.net/MigLayout | head -n 1
-  HTTP/1.1 301 Moved Permanently
   $ curl -Is http://javadoc.imagej.net/Javassist | head -n 1
-  HTTP/1.1 301 Moved Permanently
   $ curl -Is http://javadoc.imagej.net/JHotDraw | head -n 1
-  HTTP/1.1 301 Moved Permanently
   $ curl -Is http://javadoc.imagej.net/Apache-Commons-Lang | head -n 1
-  HTTP/1.1 301 Moved Permanently
   $ curl -Is http://javadoc.imagej.net/Apache-Commons-Math | head -n 1
-  HTTP/1.1 301 Moved Permanently
   $ curl -Is http://javadoc.imagej.net/JFreeChart | head -n 1
-  HTTP/1.1 301 Moved Permanently
   $ curl -Is http://javadoc.imagej.net/JGraphT | head -n 1
-  HTTP/1.1 301 Moved Permanently
   $ curl -Is http://javadoc.imagej.net/Java6 | head -n 1
-  HTTP/1.1 301 Moved Permanently
   $ curl -Is http://javadoc.imagej.net/Java7 | head -n 1
-  HTTP/1.1 301 Moved Permanently
   $ curl -Is http://javadoc.imagej.net/Java8 | head -n 1
-  HTTP/1.1 301 Moved Permanently
   $ curl -Is http://javadoc.imagej.net/Java3D | head -n 1
-  HTTP/1.1 301 Moved Permanently
 
 Test the ImageJ "catch-all" redirects:
 
   $ curl -Is http://javadoc.imagej.net/ImageJ1000 | head -n 1
-  HTTP/1.1 404 Not Found
   $ curl -Is http://javadoc.imagej.net/ImageJ2000 | head -n 1
-  HTTP/1.1 404 Not Found
   $ curl -Is http://javadoc.imagej.net/ImageJ3000 | head -n 1
-  HTTP/1.1 404 Not Found
   $ curl -Is http://javadoc.imagej.net/ImageJ3 | head -n 1
-  HTTP/1.1 404 Not Found

# Ran 1 tests, 0 skipped, 1 failed.
Build step 'Execute shell' marked build as failure


From jenkins at imagej.net  Fri Jan 13 04:38:29 2017
From: jenkins at imagej.net (jenkins at imagej.net)
Date: Fri, 13 Jan 2017 04:38:29 -0600 (CST)
Subject: [ImageJ-builds] Build failed in Jenkins: Validate-javadoc #663
In-Reply-To: <16694410.535.1484296013419.JavaMail.jenkins@dev>
References: <16694410.535.1484296013419.JavaMail.jenkins@dev>
Message-ID: <918949326.536.1484303909024.JavaMail.jenkins@dev>

See <http://jenkins.imagej.net/job/Validate-javadoc/663/>

------------------------------------------
Started by upstream project "LOCI-javadoc" build number 59
originally caused by:
 Started by timer
Building on master in workspace <http://jenkins.imagej.net/job/Validate-javadoc/ws/>
 > git rev-parse --is-inside-work-tree # timeout=10
Fetching changes from the remote Git repository
 > git config remote.origin.url git://github.com/imagej/imagej-javadoc # timeout=10
Fetching upstream changes from git://github.com/imagej/imagej-javadoc
 > git --version # timeout=10
 > git -c core.askpass=true fetch --tags --progress git://github.com/imagej/imagej-javadoc +refs/heads/*:refs/remotes/origin/*
 > git rev-parse origin/master^{commit} # timeout=10
Checking out Revision 740f941ddc1a6a5dfd545630b5075a47acc636e3 (origin/master)
 > git config core.sparsecheckout # timeout=10
 > git checkout -f 740f941ddc1a6a5dfd545630b5075a47acc636e3
 > git rev-list 740f941ddc1a6a5dfd545630b5075a47acc636e3 # timeout=10
[workspace] $ /bin/sh -xe /tmp/hudson7337905745043176515.sh
+ cram tests
!
--- proxies.t
+++ proxies.t.err
@@ -1,147 +1,79 @@
 Ensure URL proxies all still work:
 
   $ curl -Is http://javadoc.imagej.net/ImageJ/index.html | head -n 1
-  HTTP/1.1 200 OK
   $ curl -Is http://javadoc.imagej.net/ImgLib2/index.html | head -n 1
-  HTTP/1.1 200 OK
   $ curl -Is http://javadoc.imagej.net/SCIFIO/index.html | head -n 1
-  HTTP/1.1 200 OK
   $ curl -Is http://javadoc.imagej.net/SciJava/index.html | head -n 1
-  HTTP/1.1 200 OK
   $ curl -Is http://javadoc.imagej.net/Fiji/index.html | head -n 1
-  HTTP/1.1 200 OK
   $ curl -Is http://javadoc.imagej.net/ImageJ1/index.html | head -n 1
-  HTTP/1.1 200 OK
   $ curl -Is http://javadoc.imagej.net/Bio-Formats/index.html | head -n 1
-  HTTP/1.1 200 OK
   $ curl -Is http://javadoc.imagej.net/SLIM-Curve/index.html | head -n 1
-  HTTP/1.1 200 OK
   $ curl -Is http://javadoc.imagej.net/Micro-Manager-Core/index.html | head -n 1
-  HTTP/1.1 200 OK
   $ curl -Is http://javadoc.imagej.net/Micro-Manager-Studio/index.html | head -n 1
-  HTTP/1.1 200 OK
   $ curl -Is http://javadoc.imagej.net/KNIME/index.html | head -n 1
-  HTTP/1.1 200 OK
   $ curl -Is http://javadoc.imagej.net/OMERO/index.html | head -n 1
-  HTTP/1.1 200 OK
   $ curl -Is http://javadoc.imagej.net/Icy/index.html | head -n 1
-  HTTP/1.1 200 OK
   $ curl -Is http://javadoc.imagej.net/Alida/index.html | head -n 1
-  HTTP/1.1 200 OK
   $ curl -Is http://javadoc.imagej.net/MiToBo/index.html | head -n 1
-  HTTP/1.1 200 OK
   $ curl -Is http://javadoc.imagej.net/Eclipse/ | head -n 1
-  HTTP/1.1 302 Found
   $ curl -Is http://javadoc.imagej.net/NetBeans/index.html | head -n 1
-  HTTP/1.1 200 OK
   $ curl -Is http://javadoc.imagej.net/LOCI/index.html | head -n 1
-  HTTP/1.1 200 OK
   $ curl -Is http://javadoc.imagej.net/MPI-CBG/index.html | head -n 1
-  HTTP/1.1 200 OK
   $ curl -Is http://javadoc.imagej.net/Pivot/index.html | head -n 1
-  HTTP/1.1 200 OK
   $ curl -Is http://javadoc.imagej.net/MigLayout/index.html | head -n 1
-  HTTP/1.1 200 OK
   $ curl -Is http://javadoc.imagej.net/Javassist/index.html | head -n 1
-  HTTP/1.1 200 OK
   $ curl -Is http://javadoc.imagej.net/JHotDraw/index.html | head -n 1
-  HTTP/1.1 200 OK
   $ curl -Is http://javadoc.imagej.net/Apache-Commons-Lang/index.html | head -n 1
-  HTTP/1.1 200 OK
   $ curl -Is http://javadoc.imagej.net/Apache-Commons-Math/index.html | head -n 1
-  HTTP/1.1 200 OK
   $ curl -Is http://javadoc.imagej.net/JFreeChart/index.html | head -n 1
-  HTTP/1.1 200 OK
   $ curl -Is http://javadoc.imagej.net/JGraphT/ | head -n 1
-  HTTP/1.1 302 Found
   $ curl -Is http://javadoc.imagej.net/Java6/index.html | head -n 1
-  HTTP/1.1 200 OK
   $ curl -Is http://javadoc.imagej.net/Java7/index.html | head -n 1
-  HTTP/1.1 200 OK
   $ curl -Is http://javadoc.imagej.net/Java8/index.html | head -n 1
-  HTTP/1.1 200 OK
   $ curl -Is http://javadoc.imagej.net/Java3D/index.html | head -n 1
-  HTTP/1.1 200 OK
 
 Check a couple of secondary aliases:
 
   $ curl -Is http://javadoc.imagej.net/ImageJ2/index.html | head -n 1
-  HTTP/1.1 200 OK
   $ curl -Is http://javadoc.imagej.net/Java/index.html | head -n 1
-  HTTP/1.1 200 OK
 
 Check that URLs work without trailing slashes:
 
   $ curl -Is http://javadoc.imagej.net/ImageJ | head -n 1
-  HTTP/1.1 301 Moved Permanently
   $ curl -Is http://javadoc.imagej.net/ImgLib2 | head -n 1
-  HTTP/1.1 301 Moved Permanently
   $ curl -Is http://javadoc.imagej.net/SCIFIO | head -n 1
-  HTTP/1.1 301 Moved Permanently
   $ curl -Is http://javadoc.imagej.net/SciJava | head -n 1
-  HTTP/1.1 301 Moved Permanently
   $ curl -Is http://javadoc.imagej.net/Fiji | head -n 1
-  HTTP/1.1 301 Moved Permanently
   $ curl -Is http://javadoc.imagej.net/ImageJ1 | head -n 1
-  HTTP/1.1 301 Moved Permanently
   $ curl -Is http://javadoc.imagej.net/Bio-Formats | head -n 1
-  HTTP/1.1 301 Moved Permanently
   $ curl -Is http://javadoc.imagej.net/SLIM-Curve | head -n 1
-  HTTP/1.1 301 Moved Permanently
   $ curl -Is http://javadoc.imagej.net/Micro-Manager-Core | head -n 1
-  HTTP/1.1 301 Moved Permanently
   $ curl -Is http://javadoc.imagej.net/Micro-Manager-Studio | head -n 1
-  HTTP/1.1 301 Moved Permanently
   $ curl -Is http://javadoc.imagej.net/KNIME | head -n 1
-  HTTP/1.1 301 Moved Permanently
   $ curl -Is http://javadoc.imagej.net/OMERO | head -n 1
-  HTTP/1.1 301 Moved Permanently
   $ curl -Is http://javadoc.imagej.net/Icy | head -n 1
-  HTTP/1.1 301 Moved Permanently
   $ curl -Is http://javadoc.imagej.net/Alida | head -n 1
-  HTTP/1.1 301 Moved Permanently
   $ curl -Is http://javadoc.imagej.net/MiToBo | head -n 1
-  HTTP/1.1 301 Moved Permanently
   $ curl -Is http://javadoc.imagej.net/Eclipse | head -n 1
-  HTTP/1.1 301 Moved Permanently
   $ curl -Is http://javadoc.imagej.net/NetBeans | head -n 1
-  HTTP/1.1 301 Moved Permanently
   $ curl -Is http://javadoc.imagej.net/LOCI | head -n 1
-  HTTP/1.1 301 Moved Permanently
   $ curl -Is http://javadoc.imagej.net/MPI-CBG | head -n 1
-  HTTP/1.1 301 Moved Permanently
   $ curl -Is http://javadoc.imagej.net/Pivot | head -n 1
-  HTTP/1.1 301 Moved Permanently
   $ curl -Is http://javadoc.imagej.net/MigLayout | head -n 1
-  HTTP/1.1 301 Moved Permanently
   $ curl -Is http://javadoc.imagej.net/Javassist | head -n 1
-  HTTP/1.1 301 Moved Permanently
   $ curl -Is http://javadoc.imagej.net/JHotDraw | head -n 1
-  HTTP/1.1 301 Moved Permanently
   $ curl -Is http://javadoc.imagej.net/Apache-Commons-Lang | head -n 1
-  HTTP/1.1 301 Moved Permanently
   $ curl -Is http://javadoc.imagej.net/Apache-Commons-Math | head -n 1
-  HTTP/1.1 301 Moved Permanently
   $ curl -Is http://javadoc.imagej.net/JFreeChart | head -n 1
-  HTTP/1.1 301 Moved Permanently
   $ curl -Is http://javadoc.imagej.net/JGraphT | head -n 1
-  HTTP/1.1 301 Moved Permanently
   $ curl -Is http://javadoc.imagej.net/Java6 | head -n 1
-  HTTP/1.1 301 Moved Permanently
   $ curl -Is http://javadoc.imagej.net/Java7 | head -n 1
-  HTTP/1.1 301 Moved Permanently
   $ curl -Is http://javadoc.imagej.net/Java8 | head -n 1
-  HTTP/1.1 301 Moved Permanently
   $ curl -Is http://javadoc.imagej.net/Java3D | head -n 1
-  HTTP/1.1 301 Moved Permanently
 
 Test the ImageJ "catch-all" redirects:
 
   $ curl -Is http://javadoc.imagej.net/ImageJ1000 | head -n 1
-  HTTP/1.1 404 Not Found
   $ curl -Is http://javadoc.imagej.net/ImageJ2000 | head -n 1
-  HTTP/1.1 404 Not Found
   $ curl -Is http://javadoc.imagej.net/ImageJ3000 | head -n 1
-  HTTP/1.1 404 Not Found
   $ curl -Is http://javadoc.imagej.net/ImageJ3 | head -n 1
-  HTTP/1.1 404 Not Found

# Ran 1 tests, 0 skipped, 1 failed.
Build step 'Execute shell' marked build as failure


From jenkins at imagej.net  Fri Jan 13 20:27:55 2017
From: jenkins at imagej.net (jenkins at imagej.net)
Date: Fri, 13 Jan 2017 20:27:55 -0600 (CST)
Subject: [ImageJ-builds] Jenkins build is back to normal : Bio-Formats-Fiji
	#1195
In-Reply-To: <166388186.524.1484274445487.JavaMail.jenkins@dev>
References: <166388186.524.1484274445487.JavaMail.jenkins@dev>
Message-ID: <1481988720.539.1484360875211.JavaMail.jenkins@dev>

See <http://jenkins.imagej.net/job/Bio-Formats-Fiji/1195/>



From jenkins at imagej.net  Sat Jan 14 05:51:13 2017
From: jenkins at imagej.net (jenkins at imagej.net)
Date: Sat, 14 Jan 2017 05:51:13 -0600 (CST)
Subject: [ImageJ-builds] Jenkins build is back to normal : Validate-javadoc
	#664
In-Reply-To: <918949326.536.1484303909024.JavaMail.jenkins@dev>
References: <918949326.536.1484303909024.JavaMail.jenkins@dev>
Message-ID: <775452929.540.1484394673517.JavaMail.jenkins@dev>

See <http://jenkins.imagej.net/job/Validate-javadoc/664/>



From jenkins at imagej.net  Mon Jan 16 23:02:53 2017
From: jenkins at imagej.net (jenkins at imagej.net)
Date: Mon, 16 Jan 2017 23:02:53 -0600 (CST)
Subject: [ImageJ-builds] Jenkins build is back to normal : Sholl-Analysis
	#153
Message-ID: <1370090899.542.1484629373985.JavaMail.jenkins@dev>

See <http://jenkins.imagej.net/job/Sholl-Analysis/153/changes>



From jenkins at imagej.net  Tue Jan 17 12:08:12 2017
From: jenkins at imagej.net (jenkins at imagej.net)
Date: Tue, 17 Jan 2017 12:08:12 -0600 (CST)
Subject: [ImageJ-builds] Jenkins build is back to normal : scripting-renjin
	#20
In-Reply-To: <611972405.507.1483324315575.JavaMail.jenkins@dev>
References: <611972405.507.1483324315575.JavaMail.jenkins@dev>
Message-ID: <225418909.543.1484676492880.JavaMail.jenkins@dev>

See <http://jenkins.imagej.net/job/scripting-renjin/20/changes>



From jenkins at imagej.net  Fri Jan 20 11:34:57 2017
From: jenkins at imagej.net (jenkins at imagej.net)
Date: Fri, 20 Jan 2017 11:34:57 -0600 (CST)
Subject: [ImageJ-builds] Build failed in Jenkins: SciJava-common #1097
Message-ID: <1327442185.546.1484933697828.JavaMail.jenkins@dev>

See <http://jenkins.imagej.net/job/SciJava-common/1097/changes>

Changes:

[Curtis Rueden] Test that enum multiple choice parameters work

------------------------------------------
Started by an SCM change
Building remotely on maven in workspace <http://jenkins.imagej.net/job/SciJava-common/ws/>
 > git rev-parse --is-inside-work-tree # timeout=10
Fetching changes from the remote Git repository
 > git config remote.origin.url git://github.com/scijava/scijava-common # timeout=10
Fetching upstream changes from git://github.com/scijava/scijava-common
 > git --version # timeout=10
 > git -c core.askpass=true fetch --tags --progress git://github.com/scijava/scijava-common +refs/heads/*:refs/remotes/origin/*
 > git rev-parse origin/master^{commit} # timeout=10
Checking out Revision 832c671183d3ea88663dbd42670f5fe217aa89ee (origin/master)
 > git config core.sparsecheckout # timeout=10
 > git checkout -f 832c671183d3ea88663dbd42670f5fe217aa89ee
 > git rev-list 4772b6687e159e0b0fe76425b95ec559eb7eece9 # timeout=10
 > git tag -a -f -m Jenkins Build #1097 jenkins-SciJava-common-1097 # timeout=10
[SciJava-common] $ /bin/sh -xe /tmp/hudson6524995928038998447.sh
+ git clean -dfx
Removing target/
[SciJava-common] $ mvn -U -Prun-its clean install javadoc:javadoc
OpenJDK 64-Bit Server VM warning: ignoring option MaxPermSize=256m; support was removed in 8.0
[INFO] Scanning for projects...
[INFO]                                                                         
[INFO] ------------------------------------------------------------------------
[INFO] Building SciJava Common 2.62.1-SNAPSHOT
[INFO] ------------------------------------------------------------------------
[INFO] 
[INFO] --- maven-clean-plugin:3.0.0:clean (default-clean) @ scijava-common ---
[INFO] 
[INFO] --- maven-enforcer-plugin:1.4.1:enforce (enforce-rules) @ scijava-common ---
[INFO] 
[INFO] --- build-helper-maven-plugin:1.12:regex-property (sanitize-version) @ scijava-common ---
[INFO] 
[INFO] --- buildnumber-maven-plugin:1.4:create (default) @ scijava-common ---
[INFO] Executing: /bin/sh -c cd '/data/devel/jenkins-maven/workspace/SciJava-common' && 'git' 'rev-parse' '--verify' 'HEAD'
[INFO] Working directory: /data/devel/jenkins-maven/workspace/SciJava-common
[INFO] Storing buildNumber: 832c671183d3ea88663dbd42670f5fe217aa89ee at timestamp: 1484933690283
[WARNING] Cannot get the branch information from the git repository: 
Detecting the current branch failed: fatal: ref HEAD is not a symbolic ref

[INFO] Executing: /bin/sh -c cd '/data/devel/jenkins-maven/workspace/SciJava-common' && 'git' 'rev-parse' '--verify' 'HEAD'
[INFO] Working directory: /data/devel/jenkins-maven/workspace/SciJava-common
[INFO] Storing buildScmBranch: UNKNOWN
[INFO] 
[INFO] --- scijava-maven-plugin:1.0.0:set-rootdir (set-rootdir) @ scijava-common ---
[INFO] Setting rootdir: /data/devel/jenkins-maven/workspace/SciJava-common
[INFO] 
[INFO] --- maven-resources-plugin:3.0.1:resources (default-resources) @ scijava-common ---
[INFO] Using 'UTF-8' encoding to copy filtered resources.
[INFO] Copying 3 resources
[INFO] 
[INFO] --- maven-compiler-plugin:3.5.1:compile (default-compile) @ scijava-common ---
[INFO] Compiling 519 source files to /data/devel/jenkins-maven/workspace/SciJava-common/target/classes
[INFO] /data/devel/jenkins-maven/workspace/SciJava-common/src/main/java/org/scijava/Gateway.java: Some input files use or override a deprecated API.
[INFO] /data/devel/jenkins-maven/workspace/SciJava-common/src/main/java/org/scijava/Gateway.java: Recompile with -Xlint:deprecation for details.
[INFO] /data/devel/jenkins-maven/workspace/SciJava-common/src/main/java/org/scijava/convert/NumberToNumberConverter.java: Some input files use unchecked or unsafe operations.
[INFO] /data/devel/jenkins-maven/workspace/SciJava-common/src/main/java/org/scijava/convert/NumberToNumberConverter.java: Recompile with -Xlint:unchecked for details.
[INFO] 
[INFO] --- exec-maven-plugin:1.5.0:java (default) @ scijava-common ---
[ECLIPSE HELPER] Indexing annotations...
[INFO] 
[INFO] --- maven-resources-plugin:3.0.1:testResources (default-testResources) @ scijava-common ---
[INFO] Using 'UTF-8' encoding to copy filtered resources.
[INFO] Copying 3 resources
[INFO] 
[INFO] --- maven-compiler-plugin:3.5.1:testCompile (default-testCompile) @ scijava-common ---
[INFO] Compiling 103 source files to /data/devel/jenkins-maven/workspace/SciJava-common/target/test-classes
[INFO] /data/devel/jenkins-maven/workspace/SciJava-common/src/test/java/org/scijava/convert/ConvertServiceTest.java: Some input files use or override a deprecated API.
[INFO] /data/devel/jenkins-maven/workspace/SciJava-common/src/test/java/org/scijava/convert/ConvertServiceTest.java: Recompile with -Xlint:deprecation for details.
[INFO] /data/devel/jenkins-maven/workspace/SciJava-common/src/test/java/org/scijava/convert/ConvertServiceTest.java: Some input files use unchecked or unsafe operations.
[INFO] /data/devel/jenkins-maven/workspace/SciJava-common/src/test/java/org/scijava/convert/ConvertServiceTest.java: Recompile with -Xlint:unchecked for details.
[INFO] -------------------------------------------------------------
[ERROR] COMPILATION ERROR : 
[INFO] -------------------------------------------------------------
[ERROR] /data/devel/jenkins-maven/workspace/SciJava-common/src/test/java/org/scijava/command/CommandInfoTest.java:[97,10] cannot find symbol
  symbol:   class Plugin
  location: class org.scijava.command.CommandInfoTest
[INFO] 1 error
[INFO] -------------------------------------------------------------
[INFO] ------------------------------------------------------------------------
[INFO] BUILD FAILURE
[INFO] ------------------------------------------------------------------------
[INFO] Total time: 9.285s
[INFO] Finished at: Fri Jan 20 11:34:57 CST 2017
[INFO] Final Memory: 29M/472M
[INFO] ------------------------------------------------------------------------
[ERROR] Failed to execute goal org.apache.maven.plugins:maven-compiler-plugin:3.5.1:testCompile (default-testCompile) on project scijava-common: Compilation failure
[ERROR] /data/devel/jenkins-maven/workspace/SciJava-common/src/test/java/org/scijava/command/CommandInfoTest.java:[97,10] cannot find symbol
[ERROR] symbol:   class Plugin
[ERROR] location: class org.scijava.command.CommandInfoTest
[ERROR] -> [Help 1]
[ERROR] 
[ERROR] To see the full stack trace of the errors, re-run Maven with the -e switch.
[ERROR] Re-run Maven using the -X switch to enable full debug logging.
[ERROR] 
[ERROR] For more information about the errors and possible solutions, please read the following articles:
[ERROR] [Help 1] http://cwiki.apache.org/confluence/display/MAVEN/MojoFailureException
Build step 'Invoke top-level Maven targets' marked build as failure
Archiving artifacts
Publishing Javadoc
Recording test results
ERROR: Step ‘Publish JUnit test result report’ failed: No test report files were found. Configuration error?
Performance: Percentage of errors greater or equal than 0% sets the build as unstable
Performance: Percentage of errors greater or equal than 0% sets the build as failure



Performance: Recording JUnit reports '**/TEST-*.xml'


From jenkins at imagej.net  Fri Jan 20 11:36:17 2017
From: jenkins at imagej.net (jenkins at imagej.net)
Date: Fri, 20 Jan 2017 11:36:17 -0600 (CST)
Subject: [ImageJ-builds] Build failed in Jenkins: SciJava-common #1098
In-Reply-To: <1327442185.546.1484933697828.JavaMail.jenkins@dev>
References: <1327442185.546.1484933697828.JavaMail.jenkins@dev>
Message-ID: <1943734164.547.1484933777112.JavaMail.jenkins@dev>

See <http://jenkins.imagej.net/job/SciJava-common/1098/changes>

Changes:

[Curtis Rueden] Happy New Year 2017

------------------------------------------
Started by an SCM change
Building remotely on maven in workspace <http://jenkins.imagej.net/job/SciJava-common/ws/>
 > git rev-parse --is-inside-work-tree # timeout=10
Fetching changes from the remote Git repository
 > git config remote.origin.url git://github.com/scijava/scijava-common # timeout=10
Fetching upstream changes from git://github.com/scijava/scijava-common
 > git --version # timeout=10
 > git -c core.askpass=true fetch --tags --progress git://github.com/scijava/scijava-common +refs/heads/*:refs/remotes/origin/*
 > git rev-parse origin/master^{commit} # timeout=10
Checking out Revision 608831075023f9ddf053691a82c2be24458f337c (origin/master)
 > git config core.sparsecheckout # timeout=10
 > git checkout -f 608831075023f9ddf053691a82c2be24458f337c
 > git rev-list 832c671183d3ea88663dbd42670f5fe217aa89ee # timeout=10
 > git tag -a -f -m Jenkins Build #1098 jenkins-SciJava-common-1098 # timeout=10
[SciJava-common] $ /bin/sh -xe /tmp/hudson6111835705379414495.sh
+ git clean -dfx
Removing target/
[SciJava-common] $ mvn -U -Prun-its clean install javadoc:javadoc
OpenJDK 64-Bit Server VM warning: ignoring option MaxPermSize=256m; support was removed in 8.0
[INFO] Scanning for projects...
[INFO]                                                                         
[INFO] ------------------------------------------------------------------------
[INFO] Building SciJava Common 2.62.1-SNAPSHOT
[INFO] ------------------------------------------------------------------------
[INFO] 
[INFO] --- maven-clean-plugin:3.0.0:clean (default-clean) @ scijava-common ---
[INFO] 
[INFO] --- maven-enforcer-plugin:1.4.1:enforce (enforce-rules) @ scijava-common ---
[INFO] 
[INFO] --- build-helper-maven-plugin:1.12:regex-property (sanitize-version) @ scijava-common ---
[INFO] 
[INFO] --- buildnumber-maven-plugin:1.4:create (default) @ scijava-common ---
[INFO] Executing: /bin/sh -c cd '/data/devel/jenkins-maven/workspace/SciJava-common' && 'git' 'rev-parse' '--verify' 'HEAD'
[INFO] Working directory: /data/devel/jenkins-maven/workspace/SciJava-common
[INFO] Storing buildNumber: 608831075023f9ddf053691a82c2be24458f337c at timestamp: 1484933770967
[WARNING] Cannot get the branch information from the git repository: 
Detecting the current branch failed: fatal: ref HEAD is not a symbolic ref

[INFO] Executing: /bin/sh -c cd '/data/devel/jenkins-maven/workspace/SciJava-common' && 'git' 'rev-parse' '--verify' 'HEAD'
[INFO] Working directory: /data/devel/jenkins-maven/workspace/SciJava-common
[INFO] Storing buildScmBranch: UNKNOWN
[INFO] 
[INFO] --- scijava-maven-plugin:1.0.0:set-rootdir (set-rootdir) @ scijava-common ---
[INFO] Setting rootdir: /data/devel/jenkins-maven/workspace/SciJava-common
[INFO] 
[INFO] --- maven-resources-plugin:3.0.1:resources (default-resources) @ scijava-common ---
[INFO] Using 'UTF-8' encoding to copy filtered resources.
[INFO] Copying 3 resources
[INFO] 
[INFO] --- maven-compiler-plugin:3.5.1:compile (default-compile) @ scijava-common ---
[INFO] Compiling 519 source files to /data/devel/jenkins-maven/workspace/SciJava-common/target/classes
[INFO] /data/devel/jenkins-maven/workspace/SciJava-common/src/main/java/org/scijava/Gateway.java: Some input files use or override a deprecated API.
[INFO] /data/devel/jenkins-maven/workspace/SciJava-common/src/main/java/org/scijava/Gateway.java: Recompile with -Xlint:deprecation for details.
[INFO] /data/devel/jenkins-maven/workspace/SciJava-common/src/main/java/org/scijava/convert/NumberToNumberConverter.java: Some input files use unchecked or unsafe operations.
[INFO] /data/devel/jenkins-maven/workspace/SciJava-common/src/main/java/org/scijava/convert/NumberToNumberConverter.java: Recompile with -Xlint:unchecked for details.
[INFO] 
[INFO] --- exec-maven-plugin:1.5.0:java (default) @ scijava-common ---
[ECLIPSE HELPER] Indexing annotations...
[INFO] 
[INFO] --- maven-resources-plugin:3.0.1:testResources (default-testResources) @ scijava-common ---
[INFO] Using 'UTF-8' encoding to copy filtered resources.
[INFO] Copying 3 resources
[INFO] 
[INFO] --- maven-compiler-plugin:3.5.1:testCompile (default-testCompile) @ scijava-common ---
[INFO] Compiling 103 source files to /data/devel/jenkins-maven/workspace/SciJava-common/target/test-classes
[INFO] /data/devel/jenkins-maven/workspace/SciJava-common/src/test/java/org/scijava/convert/ConvertServiceTest.java: Some input files use or override a deprecated API.
[INFO] /data/devel/jenkins-maven/workspace/SciJava-common/src/test/java/org/scijava/convert/ConvertServiceTest.java: Recompile with -Xlint:deprecation for details.
[INFO] /data/devel/jenkins-maven/workspace/SciJava-common/src/test/java/org/scijava/convert/ConvertServiceTest.java: Some input files use unchecked or unsafe operations.
[INFO] /data/devel/jenkins-maven/workspace/SciJava-common/src/test/java/org/scijava/convert/ConvertServiceTest.java: Recompile with -Xlint:unchecked for details.
[INFO] -------------------------------------------------------------
[ERROR] COMPILATION ERROR : 
[INFO] -------------------------------------------------------------
[ERROR] /data/devel/jenkins-maven/workspace/SciJava-common/src/test/java/org/scijava/command/CommandInfoTest.java:[97,10] cannot find symbol
  symbol:   class Plugin
  location: class org.scijava.command.CommandInfoTest
[INFO] 1 error
[INFO] -------------------------------------------------------------
[INFO] ------------------------------------------------------------------------
[INFO] BUILD FAILURE
[INFO] ------------------------------------------------------------------------
[INFO] Total time: 7.479s
[INFO] Finished at: Fri Jan 20 11:36:16 CST 2017
[INFO] Final Memory: 30M/471M
[INFO] ------------------------------------------------------------------------
[ERROR] Failed to execute goal org.apache.maven.plugins:maven-compiler-plugin:3.5.1:testCompile (default-testCompile) on project scijava-common: Compilation failure
[ERROR] /data/devel/jenkins-maven/workspace/SciJava-common/src/test/java/org/scijava/command/CommandInfoTest.java:[97,10] cannot find symbol
[ERROR] symbol:   class Plugin
[ERROR] location: class org.scijava.command.CommandInfoTest
[ERROR] -> [Help 1]
[ERROR] 
[ERROR] To see the full stack trace of the errors, re-run Maven with the -e switch.
[ERROR] Re-run Maven using the -X switch to enable full debug logging.
[ERROR] 
[ERROR] For more information about the errors and possible solutions, please read the following articles:
[ERROR] [Help 1] http://cwiki.apache.org/confluence/display/MAVEN/MojoFailureException
Build step 'Invoke top-level Maven targets' marked build as failure
Archiving artifacts
Publishing Javadoc
Recording test results
ERROR: Step ‘Publish JUnit test result report’ failed: No test report files were found. Configuration error?
Performance: Percentage of errors greater or equal than 0% sets the build as unstable
Performance: Percentage of errors greater or equal than 0% sets the build as failure



Performance: Recording JUnit reports '**/TEST-*.xml'


From jenkins at imagej.net  Fri Jan 20 13:17:23 2017
From: jenkins at imagej.net (jenkins at imagej.net)
Date: Fri, 20 Jan 2017 13:17:23 -0600 (CST)
Subject: [ImageJ-builds] Jenkins build is back to normal : SciJava-common
	#1099
In-Reply-To: <1943734164.547.1484933777112.JavaMail.jenkins@dev>
References: <1943734164.547.1484933777112.JavaMail.jenkins@dev>
Message-ID: <641143610.548.1484939843758.JavaMail.jenkins@dev>

See <http://jenkins.imagej.net/job/SciJava-common/1099/changes>



From jenkins at imagej.net  Fri Jan 20 14:01:53 2017
From: jenkins at imagej.net (jenkins at imagej.net)
Date: Fri, 20 Jan 2017 14:01:53 -0600 (CST)
Subject: [ImageJ-builds] mail-watcher-plugin: Computer open.microscopy
	marked offline
Message-ID: <266184817.549.1484942513292.JavaMail.jenkins@dev>

Initiator: unknown
Url: http://jenkins.imagej.net/computer/open.microscopy/


Connection was broken: java.io.IOException: Unexpected termination of the channel
	at hudson.remoting.SynchronousCommandTransport$ReaderThread.run(SynchronousCommandTransport.java:50)
Caused by: java.io.EOFException
	at java.io.ObjectInputStream$PeekInputStream.readFully(ObjectInputStream.java:2353)
	at java.io.ObjectInputStream$BlockDataInputStream.readShort(ObjectInputStream.java:2822)
	at java.io.ObjectInputStream.readStreamHeader(ObjectInputStream.java:804)
	at java.io.ObjectInputStream.<init>(ObjectInputStream.java:301)
	at hudson.remoting.ObjectInputStreamEx.<init>(ObjectInputStreamEx.java:48)
	at hudson.remoting.AbstractSynchronousByteArrayCommandTransport.read(AbstractSynchronousByteArrayCommandTransport.java:34)
	at hudson.remoting.SynchronousCommandTransport$ReaderThread.run(SynchronousCommandTransport.java:48)


From jenkins at imagej.net  Fri Jan 20 14:24:20 2017
From: jenkins at imagej.net (jenkins at imagej.net)
Date: Fri, 20 Jan 2017 14:24:20 -0600 (CST)
Subject: [ImageJ-builds] mail-watcher-plugin: Computer open.microscopy
	marked online
Message-ID: <1293208402.550.1484943860328.JavaMail.jenkins@dev>

Initiator: SYSTEM
Url: http://jenkins.imagej.net/computer/open.microscopy/




From jenkins at imagej.net  Mon Jan 30 10:31:19 2017
From: jenkins at imagej.net (jenkins at imagej.net)
Date: Mon, 30 Jan 2017 10:31:19 -0600 (CST)
Subject: [ImageJ-builds] Build failed in Jenkins: SciJava-plugins-platforms
	#23
Message-ID: <1909175333.561.1485793879371.JavaMail.jenkins@dev>

See <http://jenkins.imagej.net/job/SciJava-plugins-platforms/23/changes>

Changes:

[Curtis Rueden] Update parent to org.scijava:pom-scijava:12.0.0

------------------------------------------
Started by an SCM change
Building remotely on maven in workspace <http://jenkins.imagej.net/job/SciJava-plugins-platforms/ws/>
 > git rev-parse --is-inside-work-tree # timeout=10
Fetching changes from the remote Git repository
 > git config remote.origin.url git://github.com/scijava/scijava-plugins-platforms # timeout=10
Fetching upstream changes from git://github.com/scijava/scijava-plugins-platforms
 > git --version # timeout=10
 > git -c core.askpass=true fetch --tags --progress git://github.com/scijava/scijava-plugins-platforms +refs/heads/*:refs/remotes/origin/*
 > git rev-parse origin/master^{commit} # timeout=10
Checking out Revision ea3294dc98e258edd8e45c1741305e3d1524eeac (origin/master)
 > git config core.sparsecheckout # timeout=10
 > git checkout -f ea3294dc98e258edd8e45c1741305e3d1524eeac
 > git rev-list 30df47bdef435012f6b936deac543ba1ba016dd7 # timeout=10
[SciJava-plugins-platforms] $ /bin/sh -xe /tmp/hudson7103924351204202872.sh
+ git clean -dfx
Removing target/
[SciJava-plugins-platforms] $ mvn -U -Pdeploy-to-imagej clean deploy javadoc:javadoc
[INFO] Scanning for projects...
[INFO]                                                                         
[INFO] ------------------------------------------------------------------------
[INFO] Building SciJava Plugins: Platforms 0.2.1-SNAPSHOT
[INFO] ------------------------------------------------------------------------
[INFO] 
[INFO] --- maven-clean-plugin:3.0.0:clean (default-clean) @ scijava-plugins-platforms ---
[INFO] 
[INFO] --- maven-enforcer-plugin:1.4.1:enforce (enforce-rules) @ scijava-plugins-platforms ---
[INFO] 
[INFO] --- build-helper-maven-plugin:1.12:regex-property (sanitize-version) @ scijava-plugins-platforms ---
[INFO] 
[INFO] --- buildnumber-maven-plugin:1.4:create (default) @ scijava-plugins-platforms ---
[INFO] Executing: /bin/sh -c cd '/data/devel/jenkins-maven/workspace/SciJava-plugins-platforms' && 'git' 'rev-parse' '--verify' 'HEAD'
[INFO] Working directory: /data/devel/jenkins-maven/workspace/SciJava-plugins-platforms
[INFO] Storing buildNumber: ea3294dc98e258edd8e45c1741305e3d1524eeac at timestamp: 1485793878470
[WARNING] Cannot get the branch information from the git repository: 
Detecting the current branch failed: fatal: ref HEAD is not a symbolic ref

[INFO] Executing: /bin/sh -c cd '/data/devel/jenkins-maven/workspace/SciJava-plugins-platforms' && 'git' 'rev-parse' '--verify' 'HEAD'
[INFO] Working directory: /data/devel/jenkins-maven/workspace/SciJava-plugins-platforms
[INFO] Storing buildScmBranch: UNKNOWN
[INFO] 
[INFO] --- scijava-maven-plugin:1.0.0:set-rootdir (set-rootdir) @ scijava-plugins-platforms ---
[INFO] Setting rootdir: /data/devel/jenkins-maven/workspace/SciJava-plugins-platforms
[INFO] 
[INFO] --- maven-resources-plugin:3.0.1:resources (default-resources) @ scijava-plugins-platforms ---
[INFO] Using 'UTF-8' encoding to copy filtered resources.
[INFO] skip non existing resourceDirectory /data/devel/jenkins-maven/workspace/SciJava-plugins-platforms/src/main/resources
[INFO] 
[INFO] --- maven-compiler-plugin:3.5.1:compile (default-compile) @ scijava-plugins-platforms ---
[INFO] Compiling 3 source files to /data/devel/jenkins-maven/workspace/SciJava-plugins-platforms/target/classes
[INFO] ------------------------------------------------------------------------
[INFO] BUILD FAILURE
[INFO] ------------------------------------------------------------------------
[INFO] Total time: 4.451s
[INFO] Finished at: Mon Jan 30 10:31:19 CST 2017
[INFO] Final Memory: 18M/455M
[INFO] ------------------------------------------------------------------------
[ERROR] Failed to execute goal org.apache.maven.plugins:maven-compiler-plugin:3.5.1:compile (default-compile) on project scijava-plugins-platforms: Fatal error compiling: invalid target release: 1.8 -> [Help 1]
[ERROR] 
[ERROR] To see the full stack trace of the errors, re-run Maven with the -e switch.
[ERROR] Re-run Maven using the -X switch to enable full debug logging.
[ERROR] 
[ERROR] For more information about the errors and possible solutions, please read the following articles:
[ERROR] [Help 1] http://cwiki.apache.org/confluence/display/MAVEN/MojoExecutionException
Build step 'Invoke top-level Maven targets' marked build as failure
Archiving artifacts
Publishing Javadoc


From jenkins at imagej.net  Mon Jan 30 10:38:32 2017
From: jenkins at imagej.net (jenkins at imagej.net)
Date: Mon, 30 Jan 2017 10:38:32 -0600 (CST)
Subject: [ImageJ-builds] Jenkins build is back to normal :
	SciJava-plugins-platforms #24
In-Reply-To: <1909175333.561.1485793879371.JavaMail.jenkins@dev>
References: <1909175333.561.1485793879371.JavaMail.jenkins@dev>
Message-ID: <2118847686.562.1485794312207.JavaMail.jenkins@dev>

See <http://jenkins.imagej.net/job/SciJava-plugins-platforms/24/changes>



From jenkins at imagej.net  Mon Jan 30 14:39:07 2017
From: jenkins at imagej.net (jenkins at imagej.net)
Date: Mon, 30 Jan 2017 14:39:07 -0600 (CST)
Subject: [ImageJ-builds] Build failed in Jenkins: legacy-imglib1 #37
Message-ID: <2131812533.565.1485808747184.JavaMail.jenkins@dev>

See <http://jenkins.imagej.net/job/legacy-imglib1/37/changes>

Changes:

[Curtis Rueden] Update parent to org.scijava:pom-scijava:13.0.0

------------------------------------------
[...truncated 747 lines...]
736/1266 KB   637/637 KB   760/1016 KB   672/672 KB   
736/1266 KB   637/637 KB   764/1016 KB   672/672 KB   
740/1266 KB   637/637 KB   764/1016 KB   672/672 KB   
740/1266 KB   637/637 KB   768/1016 KB   672/672 KB   
744/1266 KB   637/637 KB   768/1016 KB   672/672 KB   
744/1266 KB   637/637 KB   772/1016 KB   672/672 KB   
744/1266 KB   637/637 KB   776/1016 KB   672/672 KB   
748/1266 KB   637/637 KB   776/1016 KB   672/672 KB   
748/1266 KB   637/637 KB   780/1016 KB   672/672 KB   
752/1266 KB   637/637 KB   780/1016 KB   672/672 KB   
752/1266 KB   637/637 KB   784/1016 KB   672/672 KB   
756/1266 KB   637/637 KB   784/1016 KB   672/672 KB   
756/1266 KB   637/637 KB   788/1016 KB   672/672 KB   
760/1266 KB   637/637 KB   792/1016 KB   672/672 KB   
760/1266 KB   637/637 KB   792/1016 KB   672/672 KB   
764/1266 KB   637/637 KB   796/1016 KB   672/672 KB   
764/1266 KB   637/637 KB   796/1016 KB   672/672 KB   
764/1266 KB   637/637 KB   800/1016 KB   672/672 KB   
768/1266 KB   637/637 KB   800/1016 KB   672/672 KB   
768/1266 KB   637/637 KB   804/1016 KB   672/672 KB   
772/1266 KB   637/637 KB   804/1016 KB   672/672 KB   
772/1266 KB   637/637 KB   808/1016 KB   672/672 KB   
776/1266 KB   637/637 KB   808/1016 KB   672/672 KB   
776/1266 KB   637/637 KB   812/1016 KB   672/672 KB   
780/1266 KB   637/637 KB   816/1016 KB   672/672 KB   
780/1266 KB   637/637 KB   816/1016 KB   672/672 KB   
780/1266 KB   637/637 KB   820/1016 KB   672/672 KB   
784/1266 KB   637/637 KB   820/1016 KB   672/672 KB   
784/1266 KB   637/637 KB   824/1016 KB   672/672 KB   
788/1266 KB   637/637 KB   824/1016 KB   672/672 KB   
788/1266 KB   637/637 KB   828/1016 KB   672/672 KB   
792/1266 KB   637/637 KB   828/1016 KB   672/672 KB   
792/1266 KB   637/637 KB   832/1016 KB   672/672 KB   
792/1266 KB   637/637 KB   836/1016 KB   672/672 KB   
796/1266 KB   637/637 KB   836/1016 KB   672/672 KB   
796/1266 KB   637/637 KB   840/1016 KB   672/672 KB   
800/1266 KB   637/637 KB   840/1016 KB   672/672 KB   
800/1266 KB   637/637 KB   844/1016 KB   672/672 KB   
804/1266 KB   637/637 KB   848/1016 KB   672/672 KB   
804/1266 KB   637/637 KB   848/1016 KB   672/672 KB   
808/1266 KB   637/637 KB   848/1016 KB   672/672 KB   
808/1266 KB   637/637 KB   852/1016 KB   672/672 KB   
812/1266 KB   637/637 KB   856/1016 KB   672/672 KB   
812/1266 KB   637/637 KB   856/1016 KB   672/672 KB   
812/1266 KB   637/637 KB   860/1016 KB   672/672 KB   
816/1266 KB   637/637 KB   860/1016 KB   672/672 KB   
816/1266 KB   637/637 KB   864/1016 KB   672/672 KB   
820/1266 KB   637/637 KB   864/1016 KB   672/672 KB   
820/1266 KB   637/637 KB   868/1016 KB   672/672 KB   
824/1266 KB   637/637 KB   868/1016 KB   672/672 KB   
824/1266 KB   637/637 KB   872/1016 KB   672/672 KB   
828/1266 KB   637/637 KB   876/1016 KB   672/672 KB   
828/1266 KB   637/637 KB   876/1016 KB   672/672 KB   
                                                      
                                                      
Downloaded: http://maven.imagej.net/content/groups/public/ome/formats-bsd/5.3.2/formats-bsd-5.3.2.jar (672 KB at 5939.3 KB/sec)
Downloaded: http://maven.imagej.net/content/groups/public/org/openmicroscopy/specification/5.3.1/specification-5.3.1.jar (637 KB at 5738.4 KB/sec)
828/1266 KB   880/1016 KB                             
832/1266 KB   880/1016 KB   
832/1266 KB   884/1016 KB   
836/1266 KB   884/1016 KB   
836/1266 KB   888/1016 KB   
840/1266 KB   888/1016 KB   
840/1266 KB   892/1016 KB   
844/1266 KB   892/1016 KB   
844/1266 KB   896/1016 KB   
844/1266 KB   900/1016 KB   
848/1266 KB   900/1016 KB   
848/1266 KB   904/1016 KB   
852/1266 KB   904/1016 KB   
852/1266 KB   908/1016 KB   
856/1266 KB   908/1016 KB   
856/1266 KB   912/1016 KB   
860/1266 KB   916/1016 KB   
860/1266 KB   916/1016 KB   
860/1266 KB   920/1016 KB   
864/1266 KB   920/1016 KB   
864/1266 KB   924/1016 KB   
868/1266 KB   924/1016 KB   
868/1266 KB   928/1016 KB   
872/1266 KB   928/1016 KB   
872/1266 KB   932/1016 KB   
876/1266 KB   936/1016 KB   
876/1266 KB   936/1016 KB   
876/1266 KB   940/1016 KB   
880/1266 KB   940/1016 KB   
880/1266 KB   944/1016 KB   
884/1266 KB   944/1016 KB   
884/1266 KB   948/1016 KB   
888/1266 KB   948/1016 KB   
888/1266 KB   952/1016 KB   
892/1266 KB   952/1016 KB   
892/1266 KB   956/1016 KB   
892/1266 KB   960/1016 KB   
896/1266 KB   960/1016 KB   
896/1266 KB   964/1016 KB   
900/1266 KB   964/1016 KB   
900/1266 KB   968/1016 KB   
904/1266 KB   968/1016 KB   
904/1266 KB   972/1016 KB   
908/1266 KB   972/1016 KB   
908/1266 KB   976/1016 KB   
908/1266 KB   980/1016 KB   
912/1266 KB   980/1016 KB   
912/1266 KB   984/1016 KB   
916/1266 KB   984/1016 KB   
916/1266 KB   988/1016 KB   
920/1266 KB   988/1016 KB   
920/1266 KB   992/1016 KB   
920/1266 KB   996/1016 KB   
924/1266 KB   996/1016 KB   
924/1266 KB   1000/1016 KB   
928/1266 KB   1000/1016 KB   
928/1266 KB   1004/1016 KB   
932/1266 KB   1004/1016 KB   
932/1266 KB   1008/1016 KB   
936/1266 KB   1012/1016 KB   
936/1266 KB   1012/1016 KB   
940/1266 KB   1016/1016 KB   
940/1266 KB   1016/1016 KB   
944/1266 KB   1016/1016 KB   
948/1266 KB   1016/1016 KB   
952/1266 KB   1016/1016 KB   
956/1266 KB   1016/1016 KB   
960/1266 KB   1016/1016 KB   
964/1266 KB   1016/1016 KB   
968/1266 KB   1016/1016 KB   
972/1266 KB   1016/1016 KB   
976/1266 KB   1016/1016 KB   
980/1266 KB   1016/1016 KB   
984/1266 KB   1016/1016 KB   
988/1266 KB   1016/1016 KB   
992/1266 KB   1016/1016 KB   
996/1266 KB   1016/1016 KB   
1000/1266 KB   1016/1016 KB   
1004/1266 KB   1016/1016 KB   
1008/1266 KB   1016/1016 KB   
1012/1266 KB   1016/1016 KB   
1016/1266 KB   1016/1016 KB   
1020/1266 KB   1016/1016 KB   
1024/1266 KB   1016/1016 KB   
1028/1266 KB   1016/1016 KB   
1032/1266 KB   1016/1016 KB   
1036/1266 KB   1016/1016 KB   
1040/1266 KB   1016/1016 KB   
1044/1266 KB   1016/1016 KB   
1048/1266 KB   1016/1016 KB   
1052/1266 KB   1016/1016 KB   
1056/1266 KB   1016/1016 KB   
1060/1266 KB   1016/1016 KB   
1064/1266 KB   1016/1016 KB   
1068/1266 KB   1016/1016 KB   
1072/1266 KB   1016/1016 KB   
1076/1266 KB   1016/1016 KB   
1080/1266 KB   1016/1016 KB   
1084/1266 KB   1016/1016 KB   
1088/1266 KB   1016/1016 KB   
1092/1266 KB   1016/1016 KB   
1096/1266 KB   1016/1016 KB   
1100/1266 KB   1016/1016 KB   
1104/1266 KB   1016/1016 KB   
1108/1266 KB   1016/1016 KB   
1112/1266 KB   1016/1016 KB   
1116/1266 KB   1016/1016 KB   
1120/1266 KB   1016/1016 KB   
1124/1266 KB   1016/1016 KB   
1128/1266 KB   1016/1016 KB   
1132/1266 KB   1016/1016 KB   
1136/1266 KB   1016/1016 KB   
                              
1140/1266 KB                  
Downloaded: http://maven.imagej.net/content/groups/public/ome/jai_imageio/5.3.2/jai_imageio-5.3.2.jar (1016 KB at 8253.5 KB/sec)
1144/1266 KB   
1148/1266 KB   
1152/1266 KB   
1156/1266 KB   
1160/1266 KB   
1164/1266 KB   
1168/1266 KB   
1172/1266 KB   
1176/1266 KB   
1180/1266 KB   
1184/1266 KB   
1188/1266 KB   
1192/1266 KB   
1196/1266 KB   
1200/1266 KB   
1204/1266 KB   
1208/1266 KB   
1212/1266 KB   
1216/1266 KB   
1220/1266 KB   
1224/1266 KB   
1228/1266 KB   
1232/1266 KB   
1236/1266 KB   
1240/1266 KB   
1244/1266 KB   
1248/1266 KB   
1252/1266 KB   
1256/1266 KB   
1260/1266 KB   
1264/1266 KB   
1266/1266 KB   
               
Downloaded: http://maven.imagej.net/content/groups/public/ome/turbojpeg/5.3.2/turbojpeg-5.3.2.jar (1266 KB at 10635.3 KB/sec)
[INFO] 
[INFO] --- maven-clean-plugin:3.0.0:clean (default-clean) @ legacy-imglib1 ---
[INFO] 
[INFO] --- maven-enforcer-plugin:1.4.1:enforce (enforce-rules) @ legacy-imglib1 ---
[INFO] 
[INFO] --- build-helper-maven-plugin:1.12:regex-property (sanitize-version) @ legacy-imglib1 ---
[INFO] 
[INFO] --- buildnumber-maven-plugin:1.4:create (default) @ legacy-imglib1 ---
[INFO] Executing: /bin/sh -c cd '/data/devel/jenkins-maven/workspace/legacy-imglib1' && 'git' 'rev-parse' '--verify' 'HEAD'
[INFO] Working directory: /data/devel/jenkins-maven/workspace/legacy-imglib1
[INFO] Storing buildNumber: 8803a127230ca62d3567018997c3ad21246668ba at timestamp: 1485808746074
[WARNING] Cannot get the branch information from the git repository: 
Detecting the current branch failed: fatal: ref HEAD is not a symbolic ref

[INFO] Executing: /bin/sh -c cd '/data/devel/jenkins-maven/workspace/legacy-imglib1' && 'git' 'rev-parse' '--verify' 'HEAD'
[INFO] Working directory: /data/devel/jenkins-maven/workspace/legacy-imglib1
[INFO] Storing buildScmBranch: UNKNOWN
[INFO] 
[INFO] --- scijava-maven-plugin:1.0.0:set-rootdir (set-rootdir) @ legacy-imglib1 ---
[INFO] Setting rootdir: /data/devel/jenkins-maven/workspace/legacy-imglib1
[INFO] 
[INFO] --- maven-resources-plugin:3.0.1:resources (default-resources) @ legacy-imglib1 ---
[INFO] Using 'UTF-8' encoding to copy filtered resources.
[INFO] skip non existing resourceDirectory /data/devel/jenkins-maven/workspace/legacy-imglib1/src/main/resources
[INFO] 
[INFO] --- maven-compiler-plugin:3.5.1:compile (default-compile) @ legacy-imglib1 ---
[INFO] Compiling 520 source files to /data/devel/jenkins-maven/workspace/legacy-imglib1/target/classes
[INFO] ------------------------------------------------------------------------
[INFO] BUILD FAILURE
[INFO] ------------------------------------------------------------------------
[INFO] Total time: 6.990s
[INFO] Finished at: Mon Jan 30 14:39:06 CST 2017
[INFO] Final Memory: 24M/450M
[INFO] ------------------------------------------------------------------------
[ERROR] Failed to execute goal org.apache.maven.plugins:maven-compiler-plugin:3.5.1:compile (default-compile) on project legacy-imglib1: Fatal error compiling: invalid target release: 1.8 -> [Help 1]
[ERROR] 
[ERROR] To see the full stack trace of the errors, re-run Maven with the -e switch.
[ERROR] Re-run Maven using the -X switch to enable full debug logging.
[ERROR] 
[ERROR] For more information about the errors and possible solutions, please read the following articles:
[ERROR] [Help 1] http://cwiki.apache.org/confluence/display/MAVEN/MojoExecutionException
Build step 'Execute shell' marked build as failure
Archiving artifacts


From jenkins at imagej.net  Mon Jan 30 14:50:11 2017
From: jenkins at imagej.net (jenkins at imagej.net)
Date: Mon, 30 Jan 2017 14:50:11 -0600 (CST)
Subject: [ImageJ-builds] Build failed in Jenkins: legacy-imglib1 #38
In-Reply-To: <2131812533.565.1485808747184.JavaMail.jenkins@dev>
References: <2131812533.565.1485808747184.JavaMail.jenkins@dev>
Message-ID: <1253008822.566.1485809411935.JavaMail.jenkins@dev>

See <http://jenkins.imagej.net/job/legacy-imglib1/38/changes>

Changes:

[Curtis Rueden] Bump to next development cycle

------------------------------------------
Started by an SCM change
Started by an SCM change
Building remotely on maven in workspace <http://jenkins.imagej.net/job/legacy-imglib1/ws/>
 > git rev-parse --is-inside-work-tree # timeout=10
Fetching changes from the remote Git repository
 > git config remote.origin.url git://github.com/fiji/legacy-imglib1 # timeout=10
Fetching upstream changes from git://github.com/fiji/legacy-imglib1
 > git --version # timeout=10
 > git -c core.askpass=true fetch --tags --progress git://github.com/fiji/legacy-imglib1 +refs/heads/*:refs/remotes/origin/*
 > git rev-parse origin/master^{commit} # timeout=10
Checking out Revision 51dd6980ff09c62cfcbbe49f262ea7ed8fea0ea2 (origin/master)
 > git config core.sparsecheckout # timeout=10
 > git checkout -f 51dd6980ff09c62cfcbbe49f262ea7ed8fea0ea2
 > git rev-list 8803a127230ca62d3567018997c3ad21246668ba # timeout=10
 > git tag -a -f -m Jenkins Build #38 jenkins-legacy-imglib1-38 # timeout=10
[legacy-imglib1] $ /bin/sh -xe /tmp/hudson4036311659828386844.sh
+ git clean -dfx
Removing target/
[legacy-imglib1] $ /bin/sh -xe /tmp/hudson3773811421616794749.sh
+ mvn -U -Pdeploy-to-imagej clean deploy
[INFO] Scanning for projects...
[INFO]                                                                         
[INFO] ------------------------------------------------------------------------
[INFO] Building Legacy ImgLib1 1.1.7-SNAPSHOT
[INFO] ------------------------------------------------------------------------
[INFO] 
[INFO] --- maven-clean-plugin:3.0.0:clean (default-clean) @ legacy-imglib1 ---
[INFO] 
[INFO] --- maven-enforcer-plugin:1.4.1:enforce (enforce-rules) @ legacy-imglib1 ---
[INFO] 
[INFO] --- build-helper-maven-plugin:1.12:regex-property (sanitize-version) @ legacy-imglib1 ---
[INFO] 
[INFO] --- buildnumber-maven-plugin:1.4:create (default) @ legacy-imglib1 ---
[INFO] Executing: /bin/sh -c cd '/data/devel/jenkins-maven/workspace/legacy-imglib1' && 'git' 'rev-parse' '--verify' 'HEAD'
[INFO] Working directory: /data/devel/jenkins-maven/workspace/legacy-imglib1
[INFO] Storing buildNumber: 51dd6980ff09c62cfcbbe49f262ea7ed8fea0ea2 at timestamp: 1485809410864
[WARNING] Cannot get the branch information from the git repository: 
Detecting the current branch failed: fatal: ref HEAD is not a symbolic ref

[INFO] Executing: /bin/sh -c cd '/data/devel/jenkins-maven/workspace/legacy-imglib1' && 'git' 'rev-parse' '--verify' 'HEAD'
[INFO] Working directory: /data/devel/jenkins-maven/workspace/legacy-imglib1
[INFO] Storing buildScmBranch: UNKNOWN
[INFO] 
[INFO] --- scijava-maven-plugin:1.0.0:set-rootdir (set-rootdir) @ legacy-imglib1 ---
[INFO] Setting rootdir: /data/devel/jenkins-maven/workspace/legacy-imglib1
[INFO] 
[INFO] --- maven-resources-plugin:3.0.1:resources (default-resources) @ legacy-imglib1 ---
[INFO] Using 'UTF-8' encoding to copy filtered resources.
[INFO] skip non existing resourceDirectory /data/devel/jenkins-maven/workspace/legacy-imglib1/src/main/resources
[INFO] 
[INFO] --- maven-compiler-plugin:3.5.1:compile (default-compile) @ legacy-imglib1 ---
[INFO] Compiling 520 source files to /data/devel/jenkins-maven/workspace/legacy-imglib1/target/classes
[INFO] ------------------------------------------------------------------------
[INFO] BUILD FAILURE
[INFO] ------------------------------------------------------------------------
[INFO] Total time: 7.762s
[INFO] Finished at: Mon Jan 30 14:50:11 CST 2017
[INFO] Final Memory: 26M/577M
[INFO] ------------------------------------------------------------------------
[ERROR] Failed to execute goal org.apache.maven.plugins:maven-compiler-plugin:3.5.1:compile (default-compile) on project legacy-imglib1: Fatal error compiling: invalid target release: 1.8 -> [Help 1]
[ERROR] 
[ERROR] To see the full stack trace of the errors, re-run Maven with the -e switch.
[ERROR] Re-run Maven using the -X switch to enable full debug logging.
[ERROR] 
[ERROR] For more information about the errors and possible solutions, please read the following articles:
[ERROR] [Help 1] http://cwiki.apache.org/confluence/display/MAVEN/MojoExecutionException
Build step 'Execute shell' marked build as failure
Archiving artifacts


From jenkins at imagej.net  Mon Jan 30 14:54:35 2017
From: jenkins at imagej.net (jenkins at imagej.net)
Date: Mon, 30 Jan 2017 14:54:35 -0600 (CST)
Subject: [ImageJ-builds] Build failed in Jenkins: legacy-imglib1 #39
In-Reply-To: <1253008822.566.1485809411935.JavaMail.jenkins@dev>
References: <1253008822.566.1485809411935.JavaMail.jenkins@dev>
Message-ID: <52822342.567.1485809675263.JavaMail.jenkins@dev>

See <http://jenkins.imagej.net/job/legacy-imglib1/39/changes>

Changes:

[Curtis Rueden] POM: add missing groupId, and revert version

------------------------------------------
Started by an SCM change
Building remotely on maven in workspace <http://jenkins.imagej.net/job/legacy-imglib1/ws/>
 > git rev-parse --is-inside-work-tree # timeout=10
Fetching changes from the remote Git repository
 > git config remote.origin.url git://github.com/fiji/legacy-imglib1 # timeout=10
Fetching upstream changes from git://github.com/fiji/legacy-imglib1
 > git --version # timeout=10
 > git -c core.askpass=true fetch --tags --progress git://github.com/fiji/legacy-imglib1 +refs/heads/*:refs/remotes/origin/*
 > git rev-parse origin/master^{commit} # timeout=10
Checking out Revision 6ab4a857e77f59ed6fcb4aff5f0da382d4102b26 (origin/master)
 > git config core.sparsecheckout # timeout=10
 > git checkout -f 6ab4a857e77f59ed6fcb4aff5f0da382d4102b26
 > git rev-list 51dd6980ff09c62cfcbbe49f262ea7ed8fea0ea2 # timeout=10
 > git tag -a -f -m Jenkins Build #39 jenkins-legacy-imglib1-39 # timeout=10
[legacy-imglib1] $ /bin/sh -xe /tmp/hudson3316633645075655021.sh
+ git clean -dfx
Removing target/
[legacy-imglib1] $ /bin/sh -xe /tmp/hudson1615311165173903102.sh
+ mvn -U -Pdeploy-to-imagej clean deploy
[INFO] Scanning for projects...
[INFO]                                                                         
[INFO] ------------------------------------------------------------------------
[INFO] Building Legacy ImgLib1 1.1.6-SNAPSHOT
[INFO] ------------------------------------------------------------------------
[INFO] 
[INFO] --- maven-clean-plugin:3.0.0:clean (default-clean) @ legacy-imglib1 ---
[INFO] 
[INFO] --- maven-enforcer-plugin:1.4.1:enforce (enforce-rules) @ legacy-imglib1 ---
[INFO] 
[INFO] --- build-helper-maven-plugin:1.12:regex-property (sanitize-version) @ legacy-imglib1 ---
[INFO] 
[INFO] --- buildnumber-maven-plugin:1.4:create (default) @ legacy-imglib1 ---
[INFO] Executing: /bin/sh -c cd '/data/devel/jenkins-maven/workspace/legacy-imglib1' && 'git' 'rev-parse' '--verify' 'HEAD'
[INFO] Working directory: /data/devel/jenkins-maven/workspace/legacy-imglib1
[INFO] Storing buildNumber: 6ab4a857e77f59ed6fcb4aff5f0da382d4102b26 at timestamp: 1485809674243
[WARNING] Cannot get the branch information from the git repository: 
Detecting the current branch failed: fatal: ref HEAD is not a symbolic ref

[INFO] Executing: /bin/sh -c cd '/data/devel/jenkins-maven/workspace/legacy-imglib1' && 'git' 'rev-parse' '--verify' 'HEAD'
[INFO] Working directory: /data/devel/jenkins-maven/workspace/legacy-imglib1
[INFO] Storing buildScmBranch: UNKNOWN
[INFO] 
[INFO] --- scijava-maven-plugin:1.0.0:set-rootdir (set-rootdir) @ legacy-imglib1 ---
[INFO] Setting rootdir: /data/devel/jenkins-maven/workspace/legacy-imglib1
[INFO] 
[INFO] --- maven-resources-plugin:3.0.1:resources (default-resources) @ legacy-imglib1 ---
[INFO] Using 'UTF-8' encoding to copy filtered resources.
[INFO] skip non existing resourceDirectory /data/devel/jenkins-maven/workspace/legacy-imglib1/src/main/resources
[INFO] 
[INFO] --- maven-compiler-plugin:3.5.1:compile (default-compile) @ legacy-imglib1 ---
[INFO] Compiling 520 source files to /data/devel/jenkins-maven/workspace/legacy-imglib1/target/classes
[INFO] ------------------------------------------------------------------------
[INFO] BUILD FAILURE
[INFO] ------------------------------------------------------------------------
[INFO] Total time: 6.546s
[INFO] Finished at: Mon Jan 30 14:54:34 CST 2017
[INFO] Final Memory: 26M/577M
[INFO] ------------------------------------------------------------------------
[ERROR] Failed to execute goal org.apache.maven.plugins:maven-compiler-plugin:3.5.1:compile (default-compile) on project legacy-imglib1: Fatal error compiling: invalid target release: 1.8 -> [Help 1]
[ERROR] 
[ERROR] To see the full stack trace of the errors, re-run Maven with the -e switch.
[ERROR] Re-run Maven using the -X switch to enable full debug logging.
[ERROR] 
[ERROR] For more information about the errors and possible solutions, please read the following articles:
[ERROR] [Help 1] http://cwiki.apache.org/confluence/display/MAVEN/MojoExecutionException
Build step 'Execute shell' marked build as failure
Archiving artifacts


From jenkins at imagej.net  Mon Jan 30 14:56:56 2017
From: jenkins at imagej.net (jenkins at imagej.net)
Date: Mon, 30 Jan 2017 14:56:56 -0600 (CST)
Subject: [ImageJ-builds] Jenkins build is back to normal : legacy-imglib1 #40
In-Reply-To: <52822342.567.1485809675263.JavaMail.jenkins@dev>
References: <52822342.567.1485809675263.JavaMail.jenkins@dev>
Message-ID: <1232009829.568.1485809816955.JavaMail.jenkins@dev>

See <http://jenkins.imagej.net/job/legacy-imglib1/40/changes>



From jenkins at imagej.net  Mon Jan 30 14:58:37 2017
From: jenkins at imagej.net (jenkins at imagej.net)
Date: Mon, 30 Jan 2017 14:58:37 -0600 (CST)
Subject: [ImageJ-builds] Build failed in Jenkins: Stitching #70
Message-ID: <488758383.569.1485809917041.JavaMail.jenkins@dev>

See <http://jenkins.imagej.net/job/Stitching/70/changes>

Changes:

[Curtis Rueden] POM: remove obsolete configuration

[Curtis Rueden] Add missing license headers and project license

[Curtis Rueden] Update parent to org.scijava:pom-scijava:13.0.0

------------------------------------------
[...truncated 846 lines...]
800/855 KB   760/1227 KB   492/492 KB   668/930 KB   
804/855 KB   760/1227 KB   492/492 KB   668/930 KB   
804/855 KB   764/1227 KB   492/492 KB   668/930 KB   
804/855 KB   764/1227 KB   492/492 KB   672/930 KB   
808/855 KB   764/1227 KB   492/492 KB   672/930 KB   
808/855 KB   768/1227 KB   492/492 KB   672/930 KB   
808/855 KB   768/1227 KB   492/492 KB   676/930 KB   
808/855 KB   772/1227 KB   492/492 KB   676/930 KB   
812/855 KB   772/1227 KB   492/492 KB   676/930 KB   
812/855 KB   776/1227 KB   492/492 KB   680/930 KB   
812/855 KB   776/1227 KB   492/492 KB   680/930 KB   
816/855 KB   776/1227 KB   492/492 KB   680/930 KB   
816/855 KB   780/1227 KB   492/492 KB   680/930 KB   
816/855 KB   780/1227 KB   492/492 KB   684/930 KB   
820/855 KB   780/1227 KB   492/492 KB   684/930 KB   
820/855 KB   784/1227 KB   492/492 KB   684/930 KB   
820/855 KB   784/1227 KB   492/492 KB   688/930 KB   
824/855 KB   788/1227 KB   492/492 KB   688/930 KB   
824/855 KB   788/1227 KB   492/492 KB   688/930 KB   
824/855 KB   788/1227 KB   492/492 KB   692/930 KB   
828/855 KB   792/1227 KB   492/492 KB   692/930 KB   
828/855 KB   792/1227 KB   492/492 KB   692/930 KB   
828/855 KB   792/1227 KB   492/492 KB   696/930 KB   
832/855 KB   796/1227 KB   492/492 KB   696/930 KB   
832/855 KB   796/1227 KB   492/492 KB   696/930 KB   
832/855 KB   796/1227 KB   492/492 KB   700/930 KB   
836/855 KB   796/1227 KB   492/492 KB   700/930 KB   
836/855 KB   800/1227 KB   492/492 KB   704/930 KB   
836/855 KB   800/1227 KB   492/492 KB   704/930 KB   
840/855 KB   800/1227 KB   492/492 KB   704/930 KB   
840/855 KB   804/1227 KB   492/492 KB   708/930 KB   
840/855 KB   804/1227 KB   492/492 KB   708/930 KB   
844/855 KB   804/1227 KB   492/492 KB   708/930 KB   
844/855 KB   808/1227 KB   492/492 KB   712/930 KB   
844/855 KB   808/1227 KB   492/492 KB   712/930 KB   
848/855 KB   808/1227 KB   492/492 KB   712/930 KB   
848/855 KB   812/1227 KB   492/492 KB   716/930 KB   
852/855 KB   812/1227 KB   492/492 KB   716/930 KB   
848/855 KB   812/1227 KB   492/492 KB   716/930 KB   
855/855 KB   816/1227 KB   492/492 KB   720/930 KB   
855/855 KB   816/1227 KB   492/492 KB   720/930 KB   
855/855 KB   816/1227 KB   492/492 KB   720/930 KB   
855/855 KB   820/1227 KB   492/492 KB   724/930 KB   
855/855 KB   820/1227 KB   492/492 KB   724/930 KB   
855/855 KB   824/1227 KB   492/492 KB   728/930 KB   
855/855 KB   824/1227 KB   492/492 KB   728/930 KB   
855/855 KB   828/1227 KB   492/492 KB   732/930 KB   
855/855 KB   828/1227 KB   492/492 KB   732/930 KB   
855/855 KB   828/1227 KB   492/492 KB   736/930 KB   
855/855 KB   832/1227 KB   492/492 KB   736/930 KB   
855/855 KB   836/1227 KB   492/492 KB   740/930 KB   
855/855 KB   836/1227 KB   492/492 KB   740/930 KB   
855/855 KB   840/1227 KB   492/492 KB   744/930 KB   
855/855 KB   840/1227 KB   492/492 KB   744/930 KB   
855/855 KB   844/1227 KB   492/492 KB   748/930 KB   
855/855 KB   844/1227 KB   492/492 KB   748/930 KB   
                                                     
855/855 KB   844/1227 KB   752/930 KB                
855/855 KB   848/1227 KB   752/930 KB   
Downloaded: http://maven.imagej.net/content/groups/public/ome/jxrlib-all/0.2.1/jxrlib-all-0.2.1.jar (492 KB at 12294.1 KB/sec)
855/855 KB   852/1227 KB   756/930 KB   
855/855 KB   852/1227 KB   756/930 KB   
855/855 KB   856/1227 KB   760/930 KB   
855/855 KB   856/1227 KB   760/930 KB   
855/855 KB   860/1227 KB   764/930 KB   
855/855 KB   860/1227 KB   764/930 KB   
855/855 KB   864/1227 KB   768/930 KB   
855/855 KB   864/1227 KB   768/930 KB   
855/855 KB   868/1227 KB   772/930 KB   
855/855 KB   868/1227 KB   772/930 KB   
855/855 KB   872/1227 KB   776/930 KB   
855/855 KB   872/1227 KB   776/930 KB   
855/855 KB   876/1227 KB   780/930 KB   
855/855 KB   876/1227 KB   780/930 KB   
855/855 KB   880/1227 KB   784/930 KB   
855/855 KB   880/1227 KB   784/930 KB   
855/855 KB   884/1227 KB   788/930 KB   
855/855 KB   884/1227 KB   788/930 KB   
855/855 KB   888/1227 KB   792/930 KB   
855/855 KB   888/1227 KB   792/930 KB   
855/855 KB   888/1227 KB   796/930 KB   
855/855 KB   892/1227 KB   796/930 KB   
855/855 KB   892/1227 KB   800/930 KB   
855/855 KB   896/1227 KB   800/930 KB   
855/855 KB   896/1227 KB   804/930 KB   
855/855 KB   900/1227 KB   804/930 KB   
855/855 KB   904/1227 KB   808/930 KB   
855/855 KB   904/1227 KB   808/930 KB   
855/855 KB   904/1227 KB   812/930 KB   
855/855 KB   908/1227 KB   812/930 KB   
855/855 KB   912/1227 KB   816/930 KB   
855/855 KB   912/1227 KB   816/930 KB   
855/855 KB   916/1227 KB   820/930 KB   
855/855 KB   916/1227 KB   820/930 KB   
855/855 KB   920/1227 KB   824/930 KB   
855/855 KB   920/1227 KB   824/930 KB   
855/855 KB   924/1227 KB   828/930 KB   
855/855 KB   924/1227 KB   828/930 KB   
855/855 KB   928/1227 KB   832/930 KB   
855/855 KB   928/1227 KB   832/930 KB   
855/855 KB   932/1227 KB   836/930 KB   
855/855 KB   932/1227 KB   836/930 KB   
855/855 KB   936/1227 KB   840/930 KB   
855/855 KB   936/1227 KB   840/930 KB   
855/855 KB   940/1227 KB   840/930 KB   
855/855 KB   940/1227 KB   844/930 KB   
855/855 KB   944/1227 KB   844/930 KB   
855/855 KB   944/1227 KB   848/930 KB   
855/855 KB   948/1227 KB   848/930 KB   
855/855 KB   948/1227 KB   852/930 KB   
855/855 KB   952/1227 KB   852/930 KB   
855/855 KB   952/1227 KB   856/930 KB   
855/855 KB   956/1227 KB   856/930 KB   
855/855 KB   956/1227 KB   860/930 KB   
855/855 KB   960/1227 KB   860/930 KB   
855/855 KB   960/1227 KB   864/930 KB   
855/855 KB   964/1227 KB   864/930 KB   
855/855 KB   964/1227 KB   868/930 KB   
855/855 KB   968/1227 KB   868/930 KB   
855/855 KB   968/1227 KB   872/930 KB   
855/855 KB   972/1227 KB   872/930 KB   
855/855 KB   972/1227 KB   876/930 KB   
855/855 KB   976/1227 KB   876/930 KB   
855/855 KB   976/1227 KB   880/930 KB   
855/855 KB   980/1227 KB   880/930 KB   
855/855 KB   980/1227 KB   884/930 KB   
855/855 KB   984/1227 KB   884/930 KB   
855/855 KB   984/1227 KB   888/930 KB   
855/855 KB   988/1227 KB   888/930 KB   
855/855 KB   988/1227 KB   892/930 KB   
855/855 KB   992/1227 KB   892/930 KB   
855/855 KB   992/1227 KB   896/930 KB   
855/855 KB   996/1227 KB   896/930 KB   
855/855 KB   996/1227 KB   900/930 KB   
                                        
1000/1227 KB   900/930 KB               
1000/1227 KB   904/930 KB   
Downloaded: http://maven.imagej.net/content/groups/public/sc/fiji/legacy-imglib1/1.1.6/legacy-imglib1-1.1.6.jar (855 KB at 8456.7 KB/sec)
1004/1227 KB   904/930 KB   
1004/1227 KB   908/930 KB   
1008/1227 KB   908/930 KB   
1008/1227 KB   912/930 KB   
1012/1227 KB   912/930 KB   
1012/1227 KB   916/930 KB   
1016/1227 KB   916/930 KB   
1016/1227 KB   920/930 KB   
1020/1227 KB   920/930 KB   
1020/1227 KB   924/930 KB   
1024/1227 KB   924/930 KB   
1024/1227 KB   928/930 KB   
1028/1227 KB   928/930 KB   
1028/1227 KB   930/930 KB   
1032/1227 KB   930/930 KB   
1036/1227 KB   930/930 KB   
1040/1227 KB   930/930 KB   
1044/1227 KB   930/930 KB   
1048/1227 KB   930/930 KB   
1052/1227 KB   930/930 KB   
1056/1227 KB   930/930 KB   
1060/1227 KB   930/930 KB   
1064/1227 KB   930/930 KB   
1068/1227 KB   930/930 KB   
1072/1227 KB   930/930 KB   
1076/1227 KB   930/930 KB   
1080/1227 KB   930/930 KB   
1084/1227 KB   930/930 KB   
1088/1227 KB   930/930 KB   
1092/1227 KB   930/930 KB   
1096/1227 KB   930/930 KB   
1100/1227 KB   930/930 KB   
1104/1227 KB   930/930 KB   
1108/1227 KB   930/930 KB   
1112/1227 KB   930/930 KB   
1116/1227 KB   930/930 KB   
1120/1227 KB   930/930 KB   
1124/1227 KB   930/930 KB   
1128/1227 KB   930/930 KB   
1132/1227 KB   930/930 KB   
1136/1227 KB   930/930 KB   
1140/1227 KB   930/930 KB   
1144/1227 KB   930/930 KB   
1148/1227 KB   930/930 KB   
1152/1227 KB   930/930 KB   
1156/1227 KB   930/930 KB   
1160/1227 KB   930/930 KB   
1164/1227 KB   930/930 KB   
1168/1227 KB   930/930 KB   
1172/1227 KB   930/930 KB   
1176/1227 KB   930/930 KB   
1180/1227 KB   930/930 KB   
1184/1227 KB   930/930 KB   
1188/1227 KB   930/930 KB   
1192/1227 KB   930/930 KB   
1196/1227 KB   930/930 KB   
1200/1227 KB   930/930 KB   
1204/1227 KB   930/930 KB   
1208/1227 KB   930/930 KB   
1212/1227 KB   930/930 KB   
1216/1227 KB   930/930 KB   
1220/1227 KB   930/930 KB   
1224/1227 KB   930/930 KB   
1227/1227 KB   930/930 KB   
                            
Downloaded: http://maven.imagej.net/content/groups/public/org/openmicroscopy/ome-poi/5.3.1/ome-poi-5.3.1.jar (930 KB at 13277.2 KB/sec)
                            
Downloaded: http://maven.imagej.net/content/groups/public/ome/formats-gpl/5.3.2/formats-gpl-5.3.2.jar (1227 KB at 9659.8 KB/sec)
[INFO] 
[INFO] --- maven-clean-plugin:3.0.0:clean (default-clean) @ Stitching_ ---
[INFO] 
[INFO] --- maven-enforcer-plugin:1.4.1:enforce (enforce-rules) @ Stitching_ ---
[INFO] 
[INFO] --- build-helper-maven-plugin:1.12:regex-property (sanitize-version) @ Stitching_ ---
[INFO] 
[INFO] --- buildnumber-maven-plugin:1.4:create (default) @ Stitching_ ---
[INFO] Executing: /bin/sh -c cd '/data/devel/jenkins-maven/workspace/Stitching' && 'git' 'rev-parse' '--verify' 'HEAD'
[INFO] Working directory: /data/devel/jenkins-maven/workspace/Stitching
[INFO] Storing buildNumber: 0451414fd523466fa90e5604b623204a1de37e1b at timestamp: 1485809916254
[WARNING] Cannot get the branch information from the git repository: 
Detecting the current branch failed: fatal: ref HEAD is not a symbolic ref

[INFO] Executing: /bin/sh -c cd '/data/devel/jenkins-maven/workspace/Stitching' && 'git' 'rev-parse' '--verify' 'HEAD'
[INFO] Working directory: /data/devel/jenkins-maven/workspace/Stitching
[INFO] Storing buildScmBranch: UNKNOWN
[INFO] 
[INFO] --- scijava-maven-plugin:1.0.0:set-rootdir (set-rootdir) @ Stitching_ ---
[INFO] Setting rootdir: /data/devel/jenkins-maven/workspace/Stitching
[INFO] 
[INFO] --- maven-resources-plugin:3.0.1:resources (default-resources) @ Stitching_ ---
[INFO] Using 'UTF-8' encoding to copy filtered resources.
[INFO] Copying 21 resources
[INFO] 
[INFO] --- maven-compiler-plugin:3.5.1:compile (default-compile) @ Stitching_ ---
[INFO] Compiling 71 source files to /data/devel/jenkins-maven/workspace/Stitching/target/classes
[INFO] ------------------------------------------------------------------------
[INFO] BUILD FAILURE
[INFO] ------------------------------------------------------------------------
[INFO] Total time: 8.274s
[INFO] Finished at: Mon Jan 30 14:58:36 CST 2017
[INFO] Final Memory: 26M/568M
[INFO] ------------------------------------------------------------------------
[ERROR] Failed to execute goal org.apache.maven.plugins:maven-compiler-plugin:3.5.1:compile (default-compile) on project Stitching_: Fatal error compiling: invalid target release: 1.8 -> [Help 1]
[ERROR] 
[ERROR] To see the full stack trace of the errors, re-run Maven with the -e switch.
[ERROR] Re-run Maven using the -X switch to enable full debug logging.
[ERROR] 
[ERROR] For more information about the errors and possible solutions, please read the following articles:
[ERROR] [Help 1] http://cwiki.apache.org/confluence/display/MAVEN/MojoExecutionException
Build step 'Execute shell' marked build as failure
Archiving artifacts


From jenkins at imagej.net  Mon Jan 30 15:03:03 2017
From: jenkins at imagej.net (jenkins at imagej.net)
Date: Mon, 30 Jan 2017 15:03:03 -0600 (CST)
Subject: [ImageJ-builds] Jenkins build is back to normal : Stitching #71
In-Reply-To: <488758383.569.1485809917041.JavaMail.jenkins@dev>
References: <488758383.569.1485809917041.JavaMail.jenkins@dev>
Message-ID: <1473064854.570.1485810183941.JavaMail.jenkins@dev>

See <http://jenkins.imagej.net/job/Stitching/71/>



From jenkins at imagej.net  Mon Jan 30 15:44:22 2017
From: jenkins at imagej.net (jenkins at imagej.net)
Date: Mon, 30 Jan 2017 15:44:22 -0600 (CST)
Subject: [ImageJ-builds] Build failed in Jenkins: MorphoLibJ #1
Message-ID: <1187836924.571.1485812662206.JavaMail.jenkins@dev>

See <http://jenkins.imagej.net/job/MorphoLibJ/1/>

------------------------------------------
[...truncated 356 lines...]
Performance: File TEST-inra.ijpb.binary.geodesic.GeodesicDiameterFloatTest.xml reported 0.0% of errors [SUCCESS]. Build status is: FAILURE



TEST-inra.ijpb.binary.geodesic.GeodesicDistanceTransform3DFloatTest.xml has an average of: 4
Performance: File TEST-inra.ijpb.binary.geodesic.GeodesicDistanceTransform3DFloatTest.xml reported 0.0% of errors [SUCCESS]. Build status is: FAILURE



TEST-inra.ijpb.binary.geodesic.GeodesicDistanceTransformFloat5x5Test.xml has an average of: 7
Performance: File TEST-inra.ijpb.binary.geodesic.GeodesicDistanceTransformFloat5x5Test.xml reported 0.0% of errors [SUCCESS]. Build status is: FAILURE



TEST-inra.ijpb.binary.geodesic.GeodesicDistanceTransformFloatTest.xml has an average of: 42
Performance: File TEST-inra.ijpb.binary.geodesic.GeodesicDistanceTransformFloatTest.xml reported 0.0% of errors [SUCCESS]. Build status is: FAILURE



TEST-inra.ijpb.binary.geodesic.GeodesicDistanceTransformShort5x5Test.xml has an average of: 55
Performance: File TEST-inra.ijpb.binary.geodesic.GeodesicDistanceTransformShort5x5Test.xml reported 0.0% of errors [SUCCESS]. Build status is: FAILURE



TEST-inra.ijpb.binary.geodesic.GeodesicDistanceTransformShortTest.xml has an average of: 33
Performance: File TEST-inra.ijpb.binary.geodesic.GeodesicDistanceTransformShortTest.xml reported 0.0% of errors [SUCCESS]. Build status is: FAILURE



TEST-inra.ijpb.label.LabelImagesTest.xml has an average of: 7
Performance: File TEST-inra.ijpb.label.LabelImagesTest.xml reported 0.0% of errors [SUCCESS]. Build status is: FAILURE



TEST-inra.ijpb.measure.GeometricMeasures2DTest.xml has an average of: 1
Performance: File TEST-inra.ijpb.measure.GeometricMeasures2DTest.xml reported 0.0% of errors [SUCCESS]. Build status is: FAILURE



TEST-inra.ijpb.measure.GeometricMeasures3DTest.xml has an average of: 76
Performance: File TEST-inra.ijpb.measure.GeometricMeasures3DTest.xml reported 0.0% of errors [SUCCESS]. Build status is: FAILURE



TEST-inra.ijpb.measure.GeometryUtilsTest.xml has an average of: 0
Performance: File TEST-inra.ijpb.measure.GeometryUtilsTest.xml reported 0.0% of errors [SUCCESS]. Build status is: FAILURE



TEST-inra.ijpb.measure.RegionAdjacencyGraphTest.xml has an average of: 0
Performance: File TEST-inra.ijpb.measure.RegionAdjacencyGraphTest.xml reported 0.0% of errors [SUCCESS]. Build status is: FAILURE



TEST-inra.ijpb.measure.Vector3dTest.xml has an average of: 0
Performance: File TEST-inra.ijpb.measure.Vector3dTest.xml reported 0.0% of errors [SUCCESS]. Build status is: FAILURE



TEST-inra.ijpb.morphology.FloodFill3DTest.xml has an average of: 31
Performance: File TEST-inra.ijpb.morphology.FloodFill3DTest.xml reported 0.0% of errors [SUCCESS]. Build status is: FAILURE



TEST-inra.ijpb.morphology.FloodFillTest.xml has an average of: 0
Performance: File TEST-inra.ijpb.morphology.FloodFillTest.xml reported 0.0% of errors [SUCCESS]. Build status is: FAILURE



TEST-inra.ijpb.morphology.GeodesicReconstruction3DTest.xml has an average of: 177
Performance: File TEST-inra.ijpb.morphology.GeodesicReconstruction3DTest.xml reported 0.0% of errors [SUCCESS]. Build status is: FAILURE



TEST-inra.ijpb.morphology.GeodesicReconstructionTest.xml has an average of: 0
Performance: File TEST-inra.ijpb.morphology.GeodesicReconstructionTest.xml reported 0.0% of errors [SUCCESS]. Build status is: FAILURE



TEST-inra.ijpb.morphology.MinimaAndMaxima3DTest.xml has an average of: 79
Performance: File TEST-inra.ijpb.morphology.MinimaAndMaxima3DTest.xml reported 0.0% of errors [SUCCESS]. Build status is: FAILURE



TEST-inra.ijpb.morphology.MinimaAndMaximaTest.xml has an average of: 11
Performance: File TEST-inra.ijpb.morphology.MinimaAndMaximaTest.xml reported 0.0% of errors [SUCCESS]. Build status is: FAILURE



TEST-inra.ijpb.morphology.MorphologyTest.xml has an average of: 19
Performance: File TEST-inra.ijpb.morphology.MorphologyTest.xml reported 0.0% of errors [SUCCESS]. Build status is: FAILURE



TEST-inra.ijpb.morphology.StrelTest.xml has an average of: 4
Performance: File TEST-inra.ijpb.morphology.StrelTest.xml reported 0.0% of errors [SUCCESS]. Build status is: FAILURE



TEST-inra.ijpb.morphology.attrfilt.AreaOpeningQueueTest.xml has an average of: 0
Performance: File TEST-inra.ijpb.morphology.attrfilt.AreaOpeningQueueTest.xml reported 0.0% of errors [SUCCESS]. Build status is: FAILURE



TEST-inra.ijpb.morphology.attrfilt.SizeOpening3DQueueTest.xml has an average of: 4
Performance: File TEST-inra.ijpb.morphology.attrfilt.SizeOpening3DQueueTest.xml reported 0.0% of errors [SUCCESS]. Build status is: FAILURE



TEST-inra.ijpb.morphology.extrema.RegionalExtrema3DByFloodingTest.xml has an average of: 19
Performance: File TEST-inra.ijpb.morphology.extrema.RegionalExtrema3DByFloodingTest.xml reported 0.0% of errors [SUCCESS]. Build status is: FAILURE



TEST-inra.ijpb.morphology.extrema.RegionalExtremaByFloodingTest.xml has an average of: 100
Performance: File TEST-inra.ijpb.morphology.extrema.RegionalExtremaByFloodingTest.xml reported 0.0% of errors [SUCCESS]. Build status is: FAILURE



TEST-inra.ijpb.morphology.geodrec.GeodesicReconstruction3DHybrid0Gray16Test.xml has an average of: 237
Performance: File TEST-inra.ijpb.morphology.geodrec.GeodesicReconstruction3DHybrid0Gray16Test.xml reported 0.0% of errors [SUCCESS]. Build status is: FAILURE



TEST-inra.ijpb.morphology.geodrec.GeodesicReconstruction3DHybrid0Gray8Test.xml has an average of: 181
Performance: File TEST-inra.ijpb.morphology.geodrec.GeodesicReconstruction3DHybrid0Gray8Test.xml reported 0.0% of errors [SUCCESS]. Build status is: FAILURE



TEST-inra.ijpb.morphology.geodrec.GeodesicReconstruction3DHybrid1Image3DTest.xml has an average of: 352
Performance: File TEST-inra.ijpb.morphology.geodrec.GeodesicReconstruction3DHybrid1Image3DTest.xml reported 0.0% of errors [SUCCESS]. Build status is: FAILURE



TEST-inra.ijpb.morphology.geodrec.GeodesicReconstructionByDilation3DGray8Test.xml has an average of: 952
Performance: File TEST-inra.ijpb.morphology.geodrec.GeodesicReconstructionByDilation3DGray8Test.xml reported 0.0% of errors [SUCCESS]. Build status is: FAILURE



TEST-inra.ijpb.morphology.geodrec.GeodesicReconstructionByDilation3DScanningGray8Test.xml has an average of: 669
Performance: File TEST-inra.ijpb.morphology.geodrec.GeodesicReconstructionByDilation3DScanningGray8Test.xml reported 0.0% of errors [SUCCESS]. Build status is: FAILURE



TEST-inra.ijpb.morphology.geodrec.GeodesicReconstructionByDilation3DScanningTest.xml has an average of: 551
Performance: File TEST-inra.ijpb.morphology.geodrec.GeodesicReconstructionByDilation3DScanningTest.xml reported 0.0% of errors [SUCCESS]. Build status is: FAILURE



TEST-inra.ijpb.morphology.geodrec.GeodesicReconstructionByDilation3DTest.xml has an average of: 2203
Performance: File TEST-inra.ijpb.morphology.geodrec.GeodesicReconstructionByDilation3DTest.xml reported 0.0% of errors [SUCCESS]. Build status is: FAILURE



TEST-inra.ijpb.morphology.geodrec.GeodesicReconstructionByErosion3DGray8Test.xml has an average of: 934
Performance: File TEST-inra.ijpb.morphology.geodrec.GeodesicReconstructionByErosion3DGray8Test.xml reported 0.0% of errors [SUCCESS]. Build status is: FAILURE



TEST-inra.ijpb.morphology.geodrec.GeodesicReconstructionByErosion3DScanningTest.xml has an average of: 2770
Performance: File TEST-inra.ijpb.morphology.geodrec.GeodesicReconstructionByErosion3DScanningTest.xml reported 0.0% of errors [SUCCESS]. Build status is: FAILURE



TEST-inra.ijpb.morphology.geodrec.GeodesicReconstructionHybridTest.xml has an average of: 0
Performance: File TEST-inra.ijpb.morphology.geodrec.GeodesicReconstructionHybridTest.xml reported 0.0% of errors [SUCCESS]. Build status is: FAILURE



TEST-inra.ijpb.morphology.geodrec.GeodesicReconstructionScanningTest.xml has an average of: 1
Performance: File TEST-inra.ijpb.morphology.geodrec.GeodesicReconstructionScanningTest.xml reported 0.0% of errors [SUCCESS]. Build status is: FAILURE



TEST-inra.ijpb.morphology.strel.Cross3x3StrelTest.xml has an average of: 0
Performance: File TEST-inra.ijpb.morphology.strel.Cross3x3StrelTest.xml reported 0.0% of errors [SUCCESS]. Build status is: FAILURE



TEST-inra.ijpb.morphology.strel.DiamondStrelTest.xml has an average of: 0
Performance: File TEST-inra.ijpb.morphology.strel.DiamondStrelTest.xml reported 0.0% of errors [SUCCESS]. Build status is: FAILURE



TEST-inra.ijpb.morphology.strel.DiskStrelTest.xml has an average of: 3
Performance: File TEST-inra.ijpb.morphology.strel.DiskStrelTest.xml reported 0.0% of errors [SUCCESS]. Build status is: FAILURE



TEST-inra.ijpb.morphology.strel.LinearDiagDownStrelTest.xml has an average of: 0
Performance: File TEST-inra.ijpb.morphology.strel.LinearDiagDownStrelTest.xml reported 0.0% of errors [SUCCESS]. Build status is: FAILURE



TEST-inra.ijpb.morphology.strel.LinearDiagUpStrelTest.xml has an average of: 0
Performance: File TEST-inra.ijpb.morphology.strel.LinearDiagUpStrelTest.xml reported 0.0% of errors [SUCCESS]. Build status is: FAILURE



TEST-inra.ijpb.morphology.strel.LinearHorizontalStrelTest.xml has an average of: 0
Performance: File TEST-inra.ijpb.morphology.strel.LinearHorizontalStrelTest.xml reported 0.0% of errors [SUCCESS]. Build status is: FAILURE



TEST-inra.ijpb.morphology.strel.LinearVerticalStrelTest.xml has an average of: 0
Performance: File TEST-inra.ijpb.morphology.strel.LinearVerticalStrelTest.xml reported 0.0% of errors [SUCCESS]. Build status is: FAILURE



TEST-inra.ijpb.morphology.strel.OctagonStrelTest.xml has an average of: 4
Performance: File TEST-inra.ijpb.morphology.strel.OctagonStrelTest.xml reported 0.0% of errors [SUCCESS]. Build status is: FAILURE



TEST-inra.ijpb.morphology.strel.ShiftedCross3x3Strel_LeftTest.xml has an average of: 0
Performance: File TEST-inra.ijpb.morphology.strel.ShiftedCross3x3Strel_LeftTest.xml reported 0.0% of errors [SUCCESS]. Build status is: FAILURE



TEST-inra.ijpb.morphology.strel.ShiftedCross3x3Strel_RightTest.xml has an average of: 0
Performance: File TEST-inra.ijpb.morphology.strel.ShiftedCross3x3Strel_RightTest.xml reported 0.0% of errors [SUCCESS]. Build status is: FAILURE



TEST-inra.ijpb.morphology.strel.SquareStrelTest.xml has an average of: 0
Performance: File TEST-inra.ijpb.morphology.strel.SquareStrelTest.xml reported 0.0% of errors [SUCCESS]. Build status is: FAILURE



TEST-inra.ijpb.plugins.ExtendBordersPluginTest.xml has an average of: 8
Performance: File TEST-inra.ijpb.plugins.ExtendBordersPluginTest.xml reported 0.0% of errors [SUCCESS]. Build status is: FAILURE



TEST-inra.ijpb.plugins.GeodesicDistanceMapPluginTest.xml has an average of: 4
Performance: File TEST-inra.ijpb.plugins.GeodesicDistanceMapPluginTest.xml reported 0.0% of errors [SUCCESS]. Build status is: FAILURE



TEST-inra.ijpb.plugins.TestMorphologicalSegmentation.xml has an average of: 250
Performance: File TEST-inra.ijpb.plugins.TestMorphologicalSegmentation.xml reported 0.0% of errors [SUCCESS]. Build status is: FAILURE



TEST-inra.ijpb.util.ColorMapsTest.xml has an average of: 0
Performance: File TEST-inra.ijpb.util.ColorMapsTest.xml reported 0.0% of errors [SUCCESS]. Build status is: FAILURE





From jenkins at imagej.net  Tue Jan 31 07:37:00 2017
From: jenkins at imagej.net (jenkins at imagej.net)
Date: Tue, 31 Jan 2017 07:37:00 -0600 (CST)
Subject: [ImageJ-builds] Jenkins build is back to normal : MorphoLibJ #2
In-Reply-To: <1187836924.571.1485812662206.JavaMail.jenkins@dev>
References: <1187836924.571.1485812662206.JavaMail.jenkins@dev>
Message-ID: <182670685.572.1485869820597.JavaMail.jenkins@dev>

See <http://jenkins.imagej.net/job/MorphoLibJ/2/changes>



From jenkins at imagej.net  Tue Jan 31 07:43:33 2017
From: jenkins at imagej.net (jenkins at imagej.net)
Date: Tue, 31 Jan 2017 07:43:33 -0600 (CST)
Subject: [ImageJ-builds] Build failed in Jenkins: SPIM_Registration #350
Message-ID: <1232773504.573.1485870213157.JavaMail.jenkins@dev>

See <http://jenkins.imagej.net/job/SPIM_Registration/350/changes>

Changes:

[richard] Fix reading multi-channel diSPIM images and reading single capture from

[richard] fixed to clean slidebook angle, image and channel names to remove

------------------------------------------
[...truncated 1504 lines...]
2275/1579 KB   
2279/1579 KB   
2283/1579 KB   
2287/1579 KB   
2291/1579 KB   
2295/1579 KB   
2299/1579 KB   
2303/1579 KB   
2307/1579 KB   
2311/1579 KB   
2315/1579 KB   
2319/1579 KB   
2323/1579 KB   
2327/1579 KB   
2331/1579 KB   
2335/1579 KB   
2339/1579 KB   
2343/1579 KB   
2347/1579 KB   
2351/1579 KB   
2355/1579 KB   
2359/1579 KB   
2363/1579 KB   
2367/1579 KB   
2371/1579 KB   
2375/1579 KB   
2379/1579 KB   
2383/1579 KB   
2387/1579 KB   
2391/1579 KB   
2395/1579 KB   
2399/1579 KB   
2403/1579 KB   
2407/1579 KB   
2411/1579 KB   
2415/1579 KB   
2419/1579 KB   
2423/1579 KB   
2427/1579 KB   
2431/1579 KB   
2435/1579 KB   
2439/1579 KB   
2443/1579 KB   
2447/1579 KB   
2451/1579 KB   
2455/1579 KB   
2459/1579 KB   
2463/1579 KB   
2467/1579 KB   
2471/1579 KB   
2475/1579 KB   
2479/1579 KB   
2483/1579 KB   
2487/1579 KB   
2491/1579 KB   
2495/1579 KB   
2499/1579 KB   
2503/1579 KB   
2507/1579 KB   
2511/1579 KB   
2515/1579 KB   
2519/1579 KB   
2523/1579 KB   
2527/1579 KB   
2531/1579 KB   
2535/1579 KB   
2539/1579 KB   
2543/1579 KB   
2547/1579 KB   
2551/1579 KB   
2555/1579 KB   
2559/1579 KB   
2563/1579 KB   
2567/1579 KB   
2571/1579 KB   
2575/1579 KB   
2579/1579 KB   
2583/1579 KB   
2587/1579 KB   
2591/1579 KB   
2595/1579 KB   
2599/1579 KB   
2603/1579 KB   
2607/1579 KB   
2611/1579 KB   
2615/1579 KB   
2619/1579 KB   
2623/1579 KB   
2627/1579 KB   
2631/1579 KB   
2635/1579 KB   
2639/1579 KB   
2643/1579 KB   
2647/1579 KB   
2651/1579 KB   
2655/1579 KB   
2659/1579 KB   
2663/1579 KB   
2667/1579 KB   
2671/1579 KB   
2675/1579 KB   
2679/1579 KB   
2683/1579 KB   
2687/1579 KB   
2691/1579 KB   
2695/1579 KB   
2699/1579 KB   
2703/1579 KB   
2707/1579 KB   
2711/1579 KB   
2715/1579 KB   
2719/1579 KB   
2723/1579 KB   
2727/1579 KB   
2731/1579 KB   
2735/1579 KB   
2739/1579 KB   
2743/1579 KB   
2747/1579 KB   
2751/1579 KB   
2755/1579 KB   
2759/1579 KB   
2763/1579 KB   
2767/1579 KB   
2771/1579 KB   
2775/1579 KB   
2779/1579 KB   
2783/1579 KB   
2787/1579 KB   
2791/1579 KB   
2795/1579 KB   
2799/1579 KB   
2803/1579 KB   
2807/1579 KB   
2811/1579 KB   
2815/1579 KB   
2819/1579 KB   
2823/1579 KB   
2827/1579 KB   
2831/1579 KB   
2835/1579 KB   
2839/1579 KB   
2843/1579 KB   
2847/1579 KB   
2851/1579 KB   
2855/1579 KB   
2859/1579 KB   
2863/1579 KB   
2867/1579 KB   
2871/1579 KB   
2875/1579 KB   
2879/1579 KB   
2883/1579 KB   
2887/1579 KB   
2891/1579 KB   
2895/1579 KB   
2899/1579 KB   
2903/1579 KB   
2907/1579 KB   
2911/1579 KB   
2915/1579 KB   
2919/1579 KB   
2923/1579 KB   
2927/1579 KB   
2931/1579 KB   
2935/1579 KB   
2939/1579 KB   
2943/1579 KB   
2947/1579 KB   
2951/1579 KB   
2955/1579 KB   
2959/1579 KB   
2963/1579 KB   
2967/1579 KB   
2971/1579 KB   
2975/1579 KB   
2979/1579 KB   
2983/1579 KB   
2987/1579 KB   
2991/1579 KB   
2995/1579 KB   
2999/1579 KB   
3003/1579 KB   
3007/1579 KB   
3011/1579 KB   
3015/1579 KB   
3019/1579 KB   
3023/1579 KB   
3027/1579 KB   
3031/1579 KB   
3035/1579 KB   
3039/1579 KB   
3043/1579 KB   
3047/1579 KB   
3051/1579 KB   
3055/1579 KB   
3059/1579 KB   
3063/1579 KB   
3067/1579 KB   
3071/1579 KB   
3075/1579 KB   
3079/1579 KB   
3083/1579 KB   
3087/1579 KB   
3091/1579 KB   
3095/1579 KB   
3099/1579 KB   
3103/1579 KB   
3107/1579 KB   
3111/1579 KB   
3115/1579 KB   
3119/1579 KB   
3123/1579 KB   
3127/1579 KB   
3131/1579 KB   
3135/1579 KB   
3139/1579 KB   
3143/1579 KB   
3147/1579 KB   
3151/1579 KB   
3155/1579 KB   
3158/1579 KB   
               
Uploading: http://maven.imagej.net/content/repositories/releases/sc/fiji/SPIM_Registration/5.0.8/SPIM_Registration-5.0.8.pom
Jan 31, 2017 7:43:32 AM org.apache.commons.httpclient.auth.AuthChallengeProcessor selectAuthScheme
INFO: basic authentication scheme selected
4/7 KB         
7/7 KB   
Jan 31, 2017 7:43:32 AM org.apache.commons.httpclient.auth.AuthChallengeProcessor selectAuthScheme
INFO: basic authentication scheme selected
11/7 KB   
14/7 KB   
          
[INFO] ------------------------------------------------------------------------
[INFO] BUILD FAILURE
[INFO] ------------------------------------------------------------------------
[INFO] Total time: 37.050s
[INFO] Finished at: Tue Jan 31 07:43:32 CST 2017
[INFO] Final Memory: 42M/531M
[INFO] ------------------------------------------------------------------------
[ERROR] Failed to execute goal org.apache.maven.plugins:maven-deploy-plugin:2.8.1:deploy (default-deploy) on project SPIM_Registration: Failed to deploy artifacts: Could not transfer artifact sc.fiji:SPIM_Registration:jar:5.0.8 from/to imagej.releases (dav:http://maven.imagej.net/content/repositories/releases): Failed to transfer file: http://maven.imagej.net/content/repositories/releases/sc/fiji/SPIM_Registration/5.0.8/SPIM_Registration-5.0.8.jar. Return code is: 400 -> [Help 1]
[ERROR] 
[ERROR] To see the full stack trace of the errors, re-run Maven with the -e switch.
[ERROR] Re-run Maven using the -X switch to enable full debug logging.
[ERROR] 
[ERROR] For more information about the errors and possible solutions, please read the following articles:
[ERROR] [Help 1] http://cwiki.apache.org/confluence/display/MAVEN/MojoExecutionException
Build step 'Execute shell' marked build as failure
Archiving artifacts


From jenkins at imagej.net  Tue Jan 31 08:54:20 2017
From: jenkins at imagej.net (jenkins at imagej.net)
Date: Tue, 31 Jan 2017 08:54:20 -0600 (CST)
Subject: [ImageJ-builds] Jenkins build is back to normal : SPIM_Registration
	#351
In-Reply-To: <1232773504.573.1485870213157.JavaMail.jenkins@dev>
References: <1232773504.573.1485870213157.JavaMail.jenkins@dev>
Message-ID: <228885424.574.1485874460587.JavaMail.jenkins@dev>

See <http://jenkins.imagej.net/job/SPIM_Registration/351/changes>



