<!DOCTYPE HTML PUBLIC "-//W3C//DTD HTML 4.01 Transitional//EN">
<HTML>
 <HEAD>
   <TITLE> [ImageJ-builds] Build failed in Jenkins: MTrackJ #17
   </TITLE>
   <LINK REL="Index" HREF="index.html" >
   <LINK REL="made" HREF="mailto:imagej-builds%40imagej.net?Subject=Re%3A%20%5BImageJ-builds%5D%20Build%20failed%20in%20Jenkins%3A%20MTrackJ%20%2317&In-Reply-To=%3C23758665.7.1440173579798.JavaMail.jenkins%40dev%3E">
   <META NAME="robots" CONTENT="index,nofollow">
   <style type="text/css">
       pre {
           white-space: pre-wrap;       /* css-2.1, curent FF, Opera, Safari */
           }
   </style>
   <META http-equiv="Content-Type" content="text/html; charset=us-ascii">
   <LINK REL="Previous"  HREF="011165.html">
   <LINK REL="Next"  HREF="011164.html">
 </HEAD>
 <BODY BGCOLOR="#ffffff">
   <H1>[ImageJ-builds] Build failed in Jenkins: MTrackJ #17</H1>
    <B>jenkins at imagej.net</B> 
    <A HREF="mailto:imagej-builds%40imagej.net?Subject=Re%3A%20%5BImageJ-builds%5D%20Build%20failed%20in%20Jenkins%3A%20MTrackJ%20%2317&In-Reply-To=%3C23758665.7.1440173579798.JavaMail.jenkins%40dev%3E"
       TITLE="[ImageJ-builds] Build failed in Jenkins: MTrackJ #17">jenkins at imagej.net
       </A><BR>
    <I>Fri Aug 21 11:12:59 CDT 2015</I>
    <P><UL>
        <LI>Previous message: <A HREF="011165.html">[ImageJ-builds] Jenkins build is back to normal : RandomJ #18
</A></li>
        <LI>Next message: <A HREF="011164.html">[ImageJ-builds] Jenkins build is back to normal : MTrackJ #18
</A></li>
         <LI> <B>Messages sorted by:</B> 
              <a href="date.html#11157">[ date ]</a>
              <a href="thread.html#11157">[ thread ]</a>
              <a href="subject.html#11157">[ subject ]</a>
              <a href="author.html#11157">[ author ]</a>
         </LI>
       </UL>
    <HR>  
<!--beginarticle-->
<PRE>See &lt;<A HREF="http://jenkins.imagej.net/job/MTrackJ/17/changes">http://jenkins.imagej.net/job/MTrackJ/17/changes</A>&gt;

Changes:

[emeijering] ImageScience3 Compliant

------------------------------------------
Started by an SCM change
Building on master in workspace &lt;<A HREF="http://jenkins.imagej.net/job/MTrackJ/ws/">http://jenkins.imagej.net/job/MTrackJ/ws/</A>&gt;
 &gt; git rev-parse --is-inside-work-tree # timeout=10
Fetching changes from the remote Git repository
 &gt; git config remote.origin.url <A HREF="git://github.com/fiji/MTrackJ">git://github.com/fiji/MTrackJ</A> # timeout=10
Fetching upstream changes from <A HREF="git://github.com/fiji/MTrackJ">git://github.com/fiji/MTrackJ</A>
 &gt; git --version # timeout=10
 &gt; git -c core.askpass=true fetch --tags --progress <A HREF="git://github.com/fiji/MTrackJ">git://github.com/fiji/MTrackJ</A> +refs/heads/*:refs/remotes/origin/*
 &gt; git rev-parse origin/master^{commit} # timeout=10
Checking out Revision 33d28b3c0bf53459b2f110c9cc4a97714f5a18ee (origin/master)
 &gt; git config core.sparsecheckout # timeout=10
 &gt; git checkout -f 33d28b3c0bf53459b2f110c9cc4a97714f5a18ee
 &gt; git rev-list cd5df4a46caa02403543af4c5cbb6487251a5cdc # timeout=10
 &gt; git tag -a -f -m Jenkins Build #17 jenkins-MTrackJ-17 # timeout=10
[workspace] $ /bin/sh -xe /tmp/hudson2172028266488937477.sh
+ git clean -dfx
Removing target/
[workspace] $ /bin/sh -xe /tmp/hudson8936150481251520357.sh
+ mvn -U -Pdeploy-to-imagej deploy
[INFO] Scanning for projects...
[INFO]                                                                         
[INFO] ------------------------------------------------------------------------
[INFO] Building plugins/MTrackJ_.jar 1.5.4
[INFO] ------------------------------------------------------------------------
[INFO] 
[INFO] --- maven-enforcer-plugin:1.3.1:enforce (enforce-rules) @ MTrackJ_ ---
Downloading: <A HREF="http://maven.imagej.net/content/groups/public/com/sun/tools/1.4.2/tools-1.4.2.pom">http://maven.imagej.net/content/groups/public/com/sun/tools/1.4.2/tools-1.4.2.pom</A>

Downloading: <A HREF="http://repo.maven.apache.org/maven2/com/sun/tools/1.4.2/tools-1.4.2.pom">http://repo.maven.apache.org/maven2/com/sun/tools/1.4.2/tools-1.4.2.pom</A>

[INFO] Adding ignorable dependency: null:jcodings:null
[INFO]   Adding ignore: org/jcodings/*
[INFO] Adding ignorable dependency: null:jnr-constants:null
[INFO]   Adding ignore: com/kenai/constantine/*
[INFO]   Adding ignore: jnr/constants/*
[INFO] Adding ignorable dependency: null:jnr-ffi:null
[INFO]   Adding ignore: jnr/ffi/*
[INFO] Adding ignorable dependency: null:VIB-lib:null
[INFO]   Adding ignore: javax/media/j3d/
[INFO] Adding ignorable dependency: null:j3d-core:null
[INFO]   Adding ignore: javax/media/j3d/
[INFO] Adding ignorable dependency: null:joda-time:null
[INFO]   Adding ignore: *
[INFO] Adding ignorable dependency: null:slf4j-log4j12:null
[INFO]   Adding ignore: org/slf4j/impl/*
[INFO] Adding ignorable dependency: batik:batik:null
[INFO]   Adding ignore: *
[INFO] Adding ignorable dependency: jama:jama:null
[INFO]   Adding ignore: Jama/*
[INFO] Adding ignorable dependency: com.sun:tools:null
[INFO]   Adding ignore: *
[INFO] 
[INFO] --- buildnumber-maven-plugin:1.3:create (default) @ MTrackJ_ ---
[INFO] Executing: /bin/sh -c cd /data/devel/jenkins/jobs/MTrackJ/workspace &amp;&amp; git rev-parse --verify HEAD
[INFO] Working directory: /data/devel/jenkins/jobs/MTrackJ/workspace
[INFO] Storing buildNumber: 33d28b3c0bf53459b2f110c9cc4a97714f5a18ee at timestamp: 1440173577498
[WARNING] Cannot get the branch information from the git repository: 
Detecting the current branch failed: fatal: ref HEAD is not a symbolic ref

[INFO] Executing: /bin/sh -c cd /data/devel/jenkins/jobs/MTrackJ/workspace &amp;&amp; git rev-parse --verify HEAD
[INFO] Working directory: /data/devel/jenkins/jobs/MTrackJ/workspace
[INFO] Storing buildScmBranch: UNKNOWN
[INFO] 
[INFO] --- scijava-maven-plugin:0.4.3:set-rootdir (set-rootdir) @ MTrackJ_ ---
[INFO] Setting rootdir: /data/devel/jenkins/jobs/MTrackJ/workspace
[INFO] 
[INFO] --- maven-resources-plugin:2.6:resources (default-resources) @ MTrackJ_ ---
[INFO] Using 'UTF-8' encoding to copy filtered resources.
[INFO] Copying 2 resources
[INFO] 
[INFO] --- maven-compiler-plugin:3.1:compile (default-compile) @ MTrackJ_ ---
[INFO] Changes detected - recompiling the module!
[INFO] Compiling 5 source files to /data/devel/jenkins/jobs/MTrackJ/workspace/target/classes
[INFO] -------------------------------------------------------------
[WARNING] COMPILATION WARNING : 
[INFO] -------------------------------------------------------------
[WARNING] /data/devel/jenkins/jobs/MTrackJ/workspace/src/main/java/MTJGenial.java: /data/devel/jenkins/jobs/MTrackJ/workspace/src/main/java/MTJGenial.java uses unchecked or unsafe operations.
[WARNING] /data/devel/jenkins/jobs/MTrackJ/workspace/src/main/java/MTJGenial.java: Recompile with -Xlint:unchecked for details.
[INFO] 2 warnings 
[INFO] -------------------------------------------------------------
[INFO] -------------------------------------------------------------
[ERROR] COMPILATION ERROR : 
[INFO] -------------------------------------------------------------
[ERROR] /data/devel/jenkins/jobs/MTrackJ/workspace/src/main/java/MTrackJ_.java:[25,20] package imagescience does not exist
[ERROR] /data/devel/jenkins/jobs/MTrackJ/workspace/src/main/java/MTrackJ_.java:[106,29] cannot find symbol
  symbol:   variable ImageScience
  location: class MTrackJ_
[ERROR] /data/devel/jenkins/jobs/MTrackJ/workspace/src/main/java/MTrackJ_.java:[223,56] cannot find symbol
  symbol:   variable ImageScience
  location: class MTrackJ
[ERROR] /data/devel/jenkins/jobs/MTrackJ/workspace/src/main/java/MTrackJ_.java:[1742,73] cannot find symbol
  symbol:   variable PLUS
  location: class imagescience.utility.MouseCursor
[ERROR] /data/devel/jenkins/jobs/MTrackJ/workspace/src/main/java/MTrackJ_.java:[1821,41] cannot find symbol
  symbol:   variable PLUS
  location: class imagescience.utility.MouseCursor
[ERROR] /data/devel/jenkins/jobs/MTrackJ/workspace/src/main/java/MTrackJ_.java:[1849,41] cannot find symbol
  symbol:   variable PLUS
  location: class imagescience.utility.MouseCursor
[ERROR] /data/devel/jenkins/jobs/MTrackJ/workspace/src/main/java/MTrackJ_.java:[1849,78] cannot find symbol
  symbol:   variable PLUS
  location: class imagescience.utility.MouseCursor
[ERROR] /data/devel/jenkins/jobs/MTrackJ/workspace/src/main/java/MTrackJ_.java:[6536,49] cannot find symbol
  symbol:   variable ImageScience
  location: class MTJCatcher
[ERROR] /data/devel/jenkins/jobs/MTrackJ/workspace/src/main/java/MTrackJ_.java:[5191,20] cannot find symbol
  symbol:   method status(java.lang.String)
  location: variable pgs of type imagescience.utility.Progressor
[ERROR] /data/devel/jenkins/jobs/MTrackJ/workspace/src/main/java/MTrackJ_.java:[5399,20] cannot find symbol
  symbol:   method status(java.lang.String)
  location: variable pgs of type imagescience.utility.Progressor
[ERROR] /data/devel/jenkins/jobs/MTrackJ/workspace/src/main/java/MTrackJ_.java:[6252,20] cannot find symbol
  symbol:   method status(java.lang.String)
  location: variable pgs of type imagescience.utility.Progressor
[ERROR] /data/devel/jenkins/jobs/MTrackJ/workspace/src/main/java/MTrackJ_.java:[6459,20] cannot find symbol
  symbol:   method status(java.lang.String)
  location: variable pgs of type imagescience.utility.Progressor
[INFO] 12 errors 
[INFO] -------------------------------------------------------------
[INFO] ------------------------------------------------------------------------
[INFO] BUILD FAILURE
[INFO] ------------------------------------------------------------------------
[INFO] Total time: 5.161s
[INFO] Finished at: Fri Aug 21 11:12:59 CDT 2015
[INFO] Final Memory: 23M/577M
[INFO] ------------------------------------------------------------------------
[ERROR] Failed to execute goal org.apache.maven.plugins:maven-compiler-plugin:3.1:compile (default-compile) on project MTrackJ_: Compilation failure: Compilation failure:
[ERROR] /data/devel/jenkins/jobs/MTrackJ/workspace/src/main/java/MTrackJ_.java:[25,20] package imagescience does not exist
[ERROR] /data/devel/jenkins/jobs/MTrackJ/workspace/src/main/java/MTrackJ_.java:[106,29] cannot find symbol
[ERROR] symbol:   variable ImageScience
[ERROR] location: class MTrackJ_
[ERROR] /data/devel/jenkins/jobs/MTrackJ/workspace/src/main/java/MTrackJ_.java:[223,56] cannot find symbol
[ERROR] symbol:   variable ImageScience
[ERROR] location: class MTrackJ
[ERROR] /data/devel/jenkins/jobs/MTrackJ/workspace/src/main/java/MTrackJ_.java:[1742,73] cannot find symbol
[ERROR] symbol:   variable PLUS
[ERROR] location: class imagescience.utility.MouseCursor
[ERROR] /data/devel/jenkins/jobs/MTrackJ/workspace/src/main/java/MTrackJ_.java:[1821,41] cannot find symbol
[ERROR] symbol:   variable PLUS
[ERROR] location: class imagescience.utility.MouseCursor
[ERROR] /data/devel/jenkins/jobs/MTrackJ/workspace/src/main/java/MTrackJ_.java:[1849,41] cannot find symbol
[ERROR] symbol:   variable PLUS
[ERROR] location: class imagescience.utility.MouseCursor
[ERROR] /data/devel/jenkins/jobs/MTrackJ/workspace/src/main/java/MTrackJ_.java:[1849,78] cannot find symbol
[ERROR] symbol:   variable PLUS
[ERROR] location: class imagescience.utility.MouseCursor
[ERROR] /data/devel/jenkins/jobs/MTrackJ/workspace/src/main/java/MTrackJ_.java:[6536,49] cannot find symbol
[ERROR] symbol:   variable ImageScience
[ERROR] location: class MTJCatcher
[ERROR] /data/devel/jenkins/jobs/MTrackJ/workspace/src/main/java/MTrackJ_.java:[5191,20] cannot find symbol
[ERROR] symbol:   method status(java.lang.String)
[ERROR] location: variable pgs of type imagescience.utility.Progressor
[ERROR] /data/devel/jenkins/jobs/MTrackJ/workspace/src/main/java/MTrackJ_.java:[5399,20] cannot find symbol
[ERROR] symbol:   method status(java.lang.String)
[ERROR] location: variable pgs of type imagescience.utility.Progressor
[ERROR] /data/devel/jenkins/jobs/MTrackJ/workspace/src/main/java/MTrackJ_.java:[6252,20] cannot find symbol
[ERROR] symbol:   method status(java.lang.String)
[ERROR] location: variable pgs of type imagescience.utility.Progressor
[ERROR] /data/devel/jenkins/jobs/MTrackJ/workspace/src/main/java/MTrackJ_.java:[6459,20] cannot find symbol
[ERROR] symbol:   method status(java.lang.String)
[ERROR] location: variable pgs of type imagescience.utility.Progressor
[ERROR] -&gt; [Help 1]
[ERROR] 
[ERROR] To see the full stack trace of the errors, re-run Maven with the -e switch.
[ERROR] Re-run Maven using the -X switch to enable full debug logging.
[ERROR] 
[ERROR] For more information about the errors and possible solutions, please read the following articles:
[ERROR] [Help 1] <A HREF="http://cwiki.apache.org/confluence/display/MAVEN/MojoFailureException">http://cwiki.apache.org/confluence/display/MAVEN/MojoFailureException</A>
Build step 'Execute shell' marked build as failure
Archiving artifacts

</PRE>































<!--endarticle-->
    <HR>
    <P><UL>
        <!--threads-->
	<LI>Previous message: <A HREF="011165.html">[ImageJ-builds] Jenkins build is back to normal : RandomJ #18
</A></li>
	<LI>Next message: <A HREF="011164.html">[ImageJ-builds] Jenkins build is back to normal : MTrackJ #18
</A></li>
         <LI> <B>Messages sorted by:</B> 
              <a href="date.html#11157">[ date ]</a>
              <a href="thread.html#11157">[ thread ]</a>
              <a href="subject.html#11157">[ subject ]</a>
              <a href="author.html#11157">[ author ]</a>
         </LI>
       </UL>

<hr>
<a href="http://imagej.net/mailman/listinfo/imagej-builds">More information about the ImageJ-builds
mailing list</a><br>
</body></html>
