<!DOCTYPE HTML PUBLIC "-//W3C//DTD HTML 4.01 Transitional//EN">
<HTML>
 <HEAD>
   <TITLE> [ImageJ-builds] Build failed in Jenkins: TransformJ #25
   </TITLE>
   <LINK REL="Index" HREF="index.html" >
   <LINK REL="made" HREF="mailto:imagej-builds%40imagej.net?Subject=Re%3A%20%5BImageJ-builds%5D%20Build%20failed%20in%20Jenkins%3A%20TransformJ%20%2325&In-Reply-To=%3C1352108667.5.1440172616205.JavaMail.jenkins%40dev%3E">
   <META NAME="robots" CONTENT="index,nofollow">
   <style type="text/css">
       pre {
           white-space: pre-wrap;       /* css-2.1, curent FF, Opera, Safari */
           }
   </style>
   <META http-equiv="Content-Type" content="text/html; charset=us-ascii">
   <LINK REL="Previous"  HREF="011137.html">
   <LINK REL="Next"  HREF="011163.html">
 </HEAD>
 <BODY BGCOLOR="#ffffff">
   <H1>[ImageJ-builds] Build failed in Jenkins: TransformJ #25</H1>
    <B>jenkins at imagej.net</B> 
    <A HREF="mailto:imagej-builds%40imagej.net?Subject=Re%3A%20%5BImageJ-builds%5D%20Build%20failed%20in%20Jenkins%3A%20TransformJ%20%2325&In-Reply-To=%3C1352108667.5.1440172616205.JavaMail.jenkins%40dev%3E"
       TITLE="[ImageJ-builds] Build failed in Jenkins: TransformJ #25">jenkins at imagej.net
       </A><BR>
    <I>Fri Aug 21 10:56:56 CDT 2015</I>
    <P><UL>
        <LI>Previous message: <A HREF="011137.html">[ImageJ-builds] Build failed in Jenkins: TransformJ #24
</A></li>
        <LI>Next message: <A HREF="011163.html">[ImageJ-builds] Jenkins build is back to normal : TransformJ #26
</A></li>
         <LI> <B>Messages sorted by:</B> 
              <a href="date.html#11155">[ date ]</a>
              <a href="thread.html#11155">[ thread ]</a>
              <a href="subject.html#11155">[ subject ]</a>
              <a href="author.html#11155">[ author ]</a>
         </LI>
       </UL>
    <HR>  
<!--beginarticle-->
<PRE>See &lt;<A HREF="http://jenkins.imagej.net/job/TransformJ/25/changes">http://jenkins.imagej.net/job/TransformJ/25/changes</A>&gt;

Changes:

[emeijering] Major Revision 4

------------------------------------------
Started by an SCM change
Building on master in workspace &lt;<A HREF="http://jenkins.imagej.net/job/TransformJ/ws/">http://jenkins.imagej.net/job/TransformJ/ws/</A>&gt;
 &gt; git rev-parse --is-inside-work-tree # timeout=10
Fetching changes from the remote Git repository
 &gt; git config remote.origin.url <A HREF="git://github.com/fiji/TransformJ">git://github.com/fiji/TransformJ</A> # timeout=10
Fetching upstream changes from <A HREF="git://github.com/fiji/TransformJ">git://github.com/fiji/TransformJ</A>
 &gt; git --version # timeout=10
 &gt; git -c core.askpass=true fetch --tags --progress <A HREF="git://github.com/fiji/TransformJ">git://github.com/fiji/TransformJ</A> +refs/heads/*:refs/remotes/origin/*
 &gt; git rev-parse origin/master^{commit} # timeout=10
Checking out Revision 6fa9920543e90a439c85c310ab2c24b494a9455b (origin/master)
 &gt; git config core.sparsecheckout # timeout=10
 &gt; git checkout -f 6fa9920543e90a439c85c310ab2c24b494a9455b
 &gt; git rev-list c5e0db61890949cfb05c13a828a83edb951d7733 # timeout=10
 &gt; git tag -a -f -m Jenkins Build #25 jenkins-TransformJ-25 # timeout=10
[workspace] $ /bin/sh -xe /tmp/hudson5294214819773560315.sh
+ git clean -dfx
Removing target/
[workspace] $ /bin/sh -xe /tmp/hudson9120116943955603754.sh
+ mvn -U -Pdeploy-to-imagej deploy
[INFO] Scanning for projects...
[INFO]                                                                         
[INFO] ------------------------------------------------------------------------
[INFO] Building plugins/TransformJ_.jar 4.0.0
[INFO] ------------------------------------------------------------------------
[INFO] 
[INFO] --- maven-enforcer-plugin:1.3.1:enforce (enforce-rules) @ TransformJ_ ---
Downloading: <A HREF="http://maven.imagej.net/content/groups/public/com/sun/tools/1.4.2/tools-1.4.2.pom">http://maven.imagej.net/content/groups/public/com/sun/tools/1.4.2/tools-1.4.2.pom</A>

Downloading: <A HREF="http://repo.maven.apache.org/maven2/com/sun/tools/1.4.2/tools-1.4.2.pom">http://repo.maven.apache.org/maven2/com/sun/tools/1.4.2/tools-1.4.2.pom</A>

[INFO] Adding ignorable dependency: null:jcodings:null
[INFO]   Adding ignore: org/jcodings/*
[INFO] Adding ignorable dependency: null:jnr-constants:null
[INFO]   Adding ignore: com/kenai/constantine/*
[INFO]   Adding ignore: jnr/constants/*
[INFO] Adding ignorable dependency: null:jnr-ffi:null
[INFO]   Adding ignore: jnr/ffi/*
[INFO] Adding ignorable dependency: null:VIB-lib:null
[INFO]   Adding ignore: javax/media/j3d/
[INFO] Adding ignorable dependency: null:j3d-core:null
[INFO]   Adding ignore: javax/media/j3d/
[INFO] Adding ignorable dependency: null:joda-time:null
[INFO]   Adding ignore: *
[INFO] Adding ignorable dependency: null:slf4j-log4j12:null
[INFO]   Adding ignore: org/slf4j/impl/*
[INFO] Adding ignorable dependency: batik:batik:null
[INFO]   Adding ignore: *
[INFO] Adding ignorable dependency: jama:jama:null
[INFO]   Adding ignore: Jama/*
[INFO] Adding ignorable dependency: com.sun:tools:null
[INFO]   Adding ignore: *
[INFO] 
[INFO] --- buildnumber-maven-plugin:1.3:create (default) @ TransformJ_ ---
[INFO] Executing: /bin/sh -c cd /data/devel/jenkins/jobs/TransformJ/workspace &amp;&amp; git rev-parse --verify HEAD
[INFO] Working directory: /data/devel/jenkins/jobs/TransformJ/workspace
[INFO] Storing buildNumber: 6fa9920543e90a439c85c310ab2c24b494a9455b at timestamp: 1440172614351
[WARNING] Cannot get the branch information from the git repository: 
Detecting the current branch failed: fatal: ref HEAD is not a symbolic ref

[INFO] Executing: /bin/sh -c cd /data/devel/jenkins/jobs/TransformJ/workspace &amp;&amp; git rev-parse --verify HEAD
[INFO] Working directory: /data/devel/jenkins/jobs/TransformJ/workspace
[INFO] Storing buildScmBranch: UNKNOWN
[INFO] 
[INFO] --- scijava-maven-plugin:0.4.3:set-rootdir (set-rootdir) @ TransformJ_ ---
[INFO] Setting rootdir: /data/devel/jenkins/jobs/TransformJ/workspace
[INFO] 
[INFO] --- maven-resources-plugin:2.6:resources (default-resources) @ TransformJ_ ---
[INFO] Using 'UTF-8' encoding to copy filtered resources.
[INFO] Copying 2 resources
[INFO] 
[INFO] --- maven-compiler-plugin:3.1:compile (default-compile) @ TransformJ_ ---
[INFO] Changes detected - recompiling the module!
[INFO] Compiling 14 source files to /data/devel/jenkins/jobs/TransformJ/workspace/target/classes
[INFO] -------------------------------------------------------------
[ERROR] COMPILATION ERROR : 
[INFO] -------------------------------------------------------------
[ERROR] /data/devel/jenkins/jobs/TransformJ/workspace/src/main/java/transformj/TJ.java:[12,20] package imagescience does not exist
[ERROR] /data/devel/jenkins/jobs/TransformJ/workspace/src/main/java/transformj/TJ.java:[46,29] cannot find symbol
  symbol:   variable ImageScience
  location: class transformj.TJ
[ERROR] /data/devel/jenkins/jobs/TransformJ/workspace/src/main/java/transformj/TJ_Affine.java:[119,53] method run in class imagescience.transform.Affine cannot be applied to given types;
  required: imagescience.image.Image,imagescience.transform.Transform,int,boolean,boolean
  found: imagescience.image.Image,imagescience.transform.Transform,int,boolean,boolean,boolean
  reason: actual and formal argument lists differ in length
[ERROR] /data/devel/jenkins/jobs/TransformJ/workspace/src/main/java/transformj/TJ_Rotate.java:[95,53] method run in class imagescience.transform.Rotate cannot be applied to given types;
  required: imagescience.image.Image,double,double,double,int,boolean,boolean
  found: imagescience.image.Image,double,double,double,int,boolean,boolean,boolean
  reason: actual and formal argument lists differ in length
[INFO] 4 errors 
[INFO] -------------------------------------------------------------
[INFO] ------------------------------------------------------------------------
[INFO] BUILD FAILURE
[INFO] ------------------------------------------------------------------------
[INFO] Total time: 5.512s
[INFO] Finished at: Fri Aug 21 10:56:56 CDT 2015
[INFO] Final Memory: 21M/361M
[INFO] ------------------------------------------------------------------------
[ERROR] Failed to execute goal org.apache.maven.plugins:maven-compiler-plugin:3.1:compile (default-compile) on project TransformJ_: Compilation failure: Compilation failure:
[ERROR] /data/devel/jenkins/jobs/TransformJ/workspace/src/main/java/transformj/TJ.java:[12,20] package imagescience does not exist
[ERROR] /data/devel/jenkins/jobs/TransformJ/workspace/src/main/java/transformj/TJ.java:[46,29] cannot find symbol
[ERROR] symbol:   variable ImageScience
[ERROR] location: class transformj.TJ
[ERROR] /data/devel/jenkins/jobs/TransformJ/workspace/src/main/java/transformj/TJ_Affine.java:[119,53] method run in class imagescience.transform.Affine cannot be applied to given types;
[ERROR] required: imagescience.image.Image,imagescience.transform.Transform,int,boolean,boolean
[ERROR] found: imagescience.image.Image,imagescience.transform.Transform,int,boolean,boolean,boolean
[ERROR] reason: actual and formal argument lists differ in length
[ERROR] /data/devel/jenkins/jobs/TransformJ/workspace/src/main/java/transformj/TJ_Rotate.java:[95,53] method run in class imagescience.transform.Rotate cannot be applied to given types;
[ERROR] required: imagescience.image.Image,double,double,double,int,boolean,boolean
[ERROR] found: imagescience.image.Image,double,double,double,int,boolean,boolean,boolean
[ERROR] reason: actual and formal argument lists differ in length
[ERROR] -&gt; [Help 1]
[ERROR] 
[ERROR] To see the full stack trace of the errors, re-run Maven with the -e switch.
[ERROR] Re-run Maven using the -X switch to enable full debug logging.
[ERROR] 
[ERROR] For more information about the errors and possible solutions, please read the following articles:
[ERROR] [Help 1] <A HREF="http://cwiki.apache.org/confluence/display/MAVEN/MojoFailureException">http://cwiki.apache.org/confluence/display/MAVEN/MojoFailureException</A>
Build step 'Execute shell' marked build as failure
Archiving artifacts

</PRE>



























<!--endarticle-->
    <HR>
    <P><UL>
        <!--threads-->
	<LI>Previous message: <A HREF="011137.html">[ImageJ-builds] Build failed in Jenkins: TransformJ #24
</A></li>
	<LI>Next message: <A HREF="011163.html">[ImageJ-builds] Jenkins build is back to normal : TransformJ #26
</A></li>
         <LI> <B>Messages sorted by:</B> 
              <a href="date.html#11155">[ date ]</a>
              <a href="thread.html#11155">[ thread ]</a>
              <a href="subject.html#11155">[ subject ]</a>
              <a href="author.html#11155">[ author ]</a>
         </LI>
       </UL>

<hr>
<a href="http://imagej.net/mailman/listinfo/imagej-builds">More information about the ImageJ-builds
mailing list</a><br>
</body></html>
