<!DOCTYPE HTML PUBLIC "-//W3C//DTD HTML 4.01 Transitional//EN">
<HTML>
 <HEAD>
   <TITLE> [ImageJ-builds] Build failed in Jenkins: ImageJ-legacy #264
   </TITLE>
   <LINK REL="Index" HREF="index.html" >
   <LINK REL="made" HREF="mailto:imagej-builds%40imagej.net?Subject=Re%3A%20%5BImageJ-builds%5D%20Build%20failed%20in%20Jenkins%3A%20ImageJ-legacy%20%23264&In-Reply-To=%3C1000159065.148.1440643247583.JavaMail.jenkins%40dev%3E">
   <META NAME="robots" CONTENT="index,nofollow">
   <style type="text/css">
       pre {
           white-space: pre-wrap;       /* css-2.1, curent FF, Opera, Safari */
           }
   </style>
   <META http-equiv="Content-Type" content="text/html; charset=us-ascii">
   <LINK REL="Previous"  HREF="011282.html">
   <LINK REL="Next"  HREF="011284.html">
 </HEAD>
 <BODY BGCOLOR="#ffffff">
   <H1>[ImageJ-builds] Build failed in Jenkins: ImageJ-legacy #264</H1>
    <B>jenkins at imagej.net</B> 
    <A HREF="mailto:imagej-builds%40imagej.net?Subject=Re%3A%20%5BImageJ-builds%5D%20Build%20failed%20in%20Jenkins%3A%20ImageJ-legacy%20%23264&In-Reply-To=%3C1000159065.148.1440643247583.JavaMail.jenkins%40dev%3E"
       TITLE="[ImageJ-builds] Build failed in Jenkins: ImageJ-legacy #264">jenkins at imagej.net
       </A><BR>
    <I>Wed Aug 26 21:40:47 CDT 2015</I>
    <P><UL>
        <LI>Previous message: <A HREF="011282.html">[ImageJ-builds] Build failed in Jenkins: ImageJ-legacy #263
</A></li>
        <LI>Next message: <A HREF="011284.html">[ImageJ-builds] Jenkins build is back to normal : ImageJ-legacy #265
</A></li>
         <LI> <B>Messages sorted by:</B> 
              <a href="date.html#11283">[ date ]</a>
              <a href="thread.html#11283">[ thread ]</a>
              <a href="subject.html#11283">[ subject ]</a>
              <a href="author.html#11283">[ author ]</a>
         </LI>
       </UL>
    <HR>  
<!--beginarticle-->
<PRE>See &lt;<A HREF="http://jenkins.imagej.net/job/ImageJ-legacy/264/changes">http://jenkins.imagej.net/job/ImageJ-legacy/264/changes</A>&gt;

Changes:

[Curtis Rueden] IJ1Helper: update javadoc for LegacyEventDelegator

[Curtis Rueden] IJHelper: remove unused runMacroFriendly parameter

[Curtis Rueden] MacroRecorderPostprocessor: organize imports

[Curtis Rueden] MacroRecorderPostprocessor: split stringization

[Curtis Rueden] Use title for ImagePlus inputs in macro recorder

------------------------------------------
Started by an SCM change
Building on master in workspace &lt;<A HREF="http://jenkins.imagej.net/job/ImageJ-legacy/ws/">http://jenkins.imagej.net/job/ImageJ-legacy/ws/</A>&gt;
 &gt; git rev-parse --is-inside-work-tree # timeout=10
Fetching changes from the remote Git repository
 &gt; git config remote.origin.url <A HREF="git://github.com/imagej/imagej-legacy">git://github.com/imagej/imagej-legacy</A> # timeout=10
Fetching upstream changes from <A HREF="git://github.com/imagej/imagej-legacy">git://github.com/imagej/imagej-legacy</A>
 &gt; git --version # timeout=10
 &gt; git -c core.askpass=true fetch --tags --progress <A HREF="git://github.com/imagej/imagej-legacy">git://github.com/imagej/imagej-legacy</A> +refs/heads/master:refs/remotes/origin/master
 &gt; git rev-parse origin/master^{commit} # timeout=10
Checking out Revision 61a004c40988581529c35c0d1e312b0d20c0a7bb (origin/master)
 &gt; git config core.sparsecheckout # timeout=10
 &gt; git checkout -f 61a004c40988581529c35c0d1e312b0d20c0a7bb
 &gt; git rev-list 8cc4e7f37777bfe4d391e147d515238a8d0eaa23 # timeout=10
 &gt; git tag -a -f -m Jenkins Build #264 jenkins-ImageJ-legacy-264 # timeout=10
[workspace] $ /bin/sh -xe /tmp/hudson4477228535443207826.sh
+ git clean -dfx
Removing target/
[workspace] $ mvn -U -Pdeploy-to-imagej -Prun-its deploy
[INFO] Scanning for projects...
[INFO]                                                                         
[INFO] ------------------------------------------------------------------------
[INFO] Building ImageJ Legacy Bridge 0.17.3-SNAPSHOT
[INFO] ------------------------------------------------------------------------
[INFO] 
[INFO] --- maven-enforcer-plugin:1.3.1:enforce (enforce-rules) @ imagej-legacy ---
Downloading: <A HREF="http://maven.imagej.net/content/groups/public/com/sun/tools/1.4.2/tools-1.4.2.pom">http://maven.imagej.net/content/groups/public/com/sun/tools/1.4.2/tools-1.4.2.pom</A>

Downloading: <A HREF="http://repo.maven.apache.org/maven2/com/sun/tools/1.4.2/tools-1.4.2.pom">http://repo.maven.apache.org/maven2/com/sun/tools/1.4.2/tools-1.4.2.pom</A>

[INFO] Adding ignorable dependency: null:jcodings:null
[INFO]   Adding ignore: org/jcodings/*
[INFO] Adding ignorable dependency: null:jnr-constants:null
[INFO]   Adding ignore: com/kenai/constantine/*
[INFO]   Adding ignore: jnr/constants/*
[INFO] Adding ignorable dependency: null:jnr-ffi:null
[INFO]   Adding ignore: jnr/ffi/*
[INFO] Adding ignorable dependency: null:VIB-lib:null
[INFO]   Adding ignore: javax/media/j3d/
[INFO] Adding ignorable dependency: null:j3d-core:null
[INFO]   Adding ignore: javax/media/j3d/
[INFO] Adding ignorable dependency: null:joda-time:null
[INFO]   Adding ignore: *
[INFO] Adding ignorable dependency: null:slf4j-log4j12:null
[INFO]   Adding ignore: org/slf4j/impl/*
[INFO] Adding ignorable dependency: batik:batik:null
[INFO]   Adding ignore: *
[INFO] Adding ignorable dependency: jama:jama:null
[INFO]   Adding ignore: Jama/*
[INFO] Adding ignorable dependency: com.sun:tools:null
[INFO]   Adding ignore: *
[INFO] 
[INFO] --- build-helper-maven-plugin:1.9.1:regex-property (sanitize-version) @ imagej-legacy ---
[INFO] 
[INFO] --- buildnumber-maven-plugin:1.3:create (default) @ imagej-legacy ---
[INFO] Executing: /bin/sh -c cd /data/devel/jenkins/jobs/ImageJ-legacy/workspace &amp;&amp; git rev-parse --verify HEAD
[INFO] Working directory: /data/devel/jenkins/jobs/ImageJ-legacy/workspace
[INFO] Storing buildNumber: 61a004c40988581529c35c0d1e312b0d20c0a7bb at timestamp: 1440643237911
[WARNING] Cannot get the branch information from the git repository: 
Detecting the current branch failed: fatal: ref HEAD is not a symbolic ref

[INFO] Executing: /bin/sh -c cd /data/devel/jenkins/jobs/ImageJ-legacy/workspace &amp;&amp; git rev-parse --verify HEAD
[INFO] Working directory: /data/devel/jenkins/jobs/ImageJ-legacy/workspace
[INFO] Storing buildScmBranch: UNKNOWN
[INFO] 
[INFO] --- maven-resources-plugin:2.6:resources (default-resources) @ imagej-legacy ---
[INFO] Using 'UTF-8' encoding to copy filtered resources.
[INFO] Copying 32 resources
[INFO] 
[INFO] --- maven-compiler-plugin:3.1:compile (default-compile) @ imagej-legacy ---
[INFO] Changes detected - recompiling the module!
[INFO] Compiling 78 source files to /data/devel/jenkins/jobs/ImageJ-legacy/workspace/target/classes
[WARNING] Note: Some input files use or override a deprecated API.
[WARNING] Note: Recompile with -Xlint:deprecation for details.
[INFO] 
[INFO] --- maven-resources-plugin:2.6:testResources (default-testResources) @ imagej-legacy ---
[INFO] Using 'UTF-8' encoding to copy filtered resources.
[INFO] Copying 1 resource
[INFO] 
[INFO] --- maven-compiler-plugin:3.1:testCompile (default-testCompile) @ imagej-legacy ---
[INFO] Changes detected - recompiling the module!
[INFO] Compiling 14 source files to /data/devel/jenkins/jobs/ImageJ-legacy/workspace/target/test-classes
[WARNING] Note: Some input files use or override a deprecated API.
[WARNING] Note: Recompile with -Xlint:deprecation for details.
[INFO] 
[INFO] --- maven-surefire-plugin:2.17:test (default-test) @ imagej-legacy ---
[INFO] Surefire report directory: /data/devel/jenkins/jobs/ImageJ-legacy/workspace/target/surefire-reports

-------------------------------------------------------
 T E S T S
-------------------------------------------------------
Running net.imagej.legacy.ImageJ1EncapsulationTest
Tests run: 1, Failures: 0, Errors: 0, Skipped: 0, Time elapsed: 1.093 sec - in net.imagej.legacy.ImageJ1EncapsulationTest
Running net.imagej.legacy.OverlayHarmonizerTest
[ECLIPSE HELPER] Indexing annotations...
[WARNING] ====&gt; Roi class = ij.gui.ShapeRoi
[WARNING] ====&gt; COMPOSITE: Roi[Composite, x=6, y=9, width=5, height=6]
[WARNING] ====&gt; Roi class = ij.gui.PolygonRoi
[WARNING] ====&gt; POLYGON: Roi[Polygon, x=0, y=0, width=5, height=5]
[WARNING] ====&gt; Roi class = ij.gui.PolygonRoi
[WARNING] ====&gt; POLYGON: Roi[Polygon, x=3, y=5, width=5, height=4]
[WARNING] ====&gt; Roi class = ij.gui.PolygonRoi
[WARNING] ====&gt; POLYGON: Roi[Polygon, x=1, y=2, width=5, height=62]
[WARNING] ====&gt; Roi class = ij.gui.PolygonRoi
[WARNING] ====&gt; FREEROI: Roi[Freehand, x=6, y=9, width=5, height=6]
[WARNING] ====&gt; Roi class = ij.gui.ShapeRoi
[WARNING] ====&gt; COMPOSITE: Roi[Composite, x=3, y=3, width=7, height=7]
[WARNING] ====&gt; Roi class = ij.gui.PolygonRoi
[WARNING] ====&gt; POLYGON: Roi[Polygon, x=0, y=0, width=5, height=5]
Tests run: 10, Failures: 0, Errors: 0, Skipped: 0, Time elapsed: 1.772 sec - in net.imagej.legacy.OverlayHarmonizerTest
Running net.imagej.legacy.LegacyServiceTest
Tests run: 2, Failures: 0, Errors: 0, Skipped: 0, Time elapsed: 0.115 sec - in net.imagej.legacy.LegacyServiceTest
Running net.imagej.legacy.SwitchToModernTest
Tests run: 1, Failures: 0, Errors: 0, Skipped: 1, Time elapsed: 0 sec - in net.imagej.legacy.SwitchToModernTest
Running net.imagej.legacy.LegacyImageMapTest
Tests run: 3, Failures: 0, Errors: 0, Skipped: 0, Time elapsed: 0.078 sec - in net.imagej.legacy.LegacyImageMapTest
Running net.imagej.legacy.ShutdownTest
Tests run: 3, Failures: 0, Errors: 0, Skipped: 3, Time elapsed: 0 sec - in net.imagej.legacy.ShutdownTest
Running net.imagej.legacy.MacroTest
Compiling 1 file in /tmp/java3625822298967468978
Tests run: 2, Failures: 0, Errors: 0, Skipped: 0, Time elapsed: 1.572 sec - in net.imagej.legacy.MacroTest
Running net.imagej.legacy.LegacyOpenerTest
Oh no!
[WARNING] Ignoring unsupported output: nResults [java.lang.Integer]
Tests run: 3, Failures: 1, Errors: 0, Skipped: 0, Time elapsed: 0.511 sec &lt;&lt;&lt; FAILURE! - in net.imagej.legacy.LegacyOpenerTest
testPaulsMacro(net.imagej.legacy.LegacyOpenerTest)  Time elapsed: 0.102 sec  &lt;&lt;&lt; FAILURE!
java.lang.AssertionError: expected:&lt;3&gt; but was:&lt;0&gt;
	at org.junit.Assert.fail(Assert.java:88)
	at org.junit.Assert.failNotEquals(Assert.java:743)
	at org.junit.Assert.assertEquals(Assert.java:118)
	at org.junit.Assert.assertEquals(Assert.java:555)
	at org.junit.Assert.assertEquals(Assert.java:542)
	at net.imagej.legacy.LegacyOpenerTest.testPaulsMacro(LegacyOpenerTest.java:87)

Running net.imagej.legacy.translate.MergedRgbVirtualStackTest
Tests run: 1, Failures: 0, Errors: 0, Skipped: 0, Time elapsed: 0.03 sec - in net.imagej.legacy.translate.MergedRgbVirtualStackTest
Running net.imagej.legacy.translate.LegacyUtilsTest
Tests run: 2, Failures: 0, Errors: 0, Skipped: 0, Time elapsed: 0.001 sec - in net.imagej.legacy.translate.LegacyUtilsTest

Results :

Failed tests: 
  LegacyOpenerTest.testPaulsMacro:87 expected:&lt;3&gt; but was:&lt;0&gt;

Tests run: 28, Failures: 1, Errors: 0, Skipped: 4

[INFO] ------------------------------------------------------------------------
[INFO] BUILD FAILURE
[INFO] ------------------------------------------------------------------------
[INFO] Total time: 17.589s
[INFO] Finished at: Wed Aug 26 21:40:47 CDT 2015
[INFO] Final Memory: 31M/559M
[INFO] ------------------------------------------------------------------------
[ERROR] Failed to execute goal org.apache.maven.plugins:maven-surefire-plugin:2.17:test (default-test) on project imagej-legacy: There are test failures.
[ERROR] 
[ERROR] Please refer to /data/devel/jenkins/jobs/ImageJ-legacy/workspace/target/surefire-reports for the individual test results.
[ERROR] -&gt; [Help 1]
[ERROR] 
[ERROR] To see the full stack trace of the errors, re-run Maven with the -e switch.
[ERROR] Re-run Maven using the -X switch to enable full debug logging.
[ERROR] 
[ERROR] For more information about the errors and possible solutions, please read the following articles:
[ERROR] [Help 1] <A HREF="http://cwiki.apache.org/confluence/display/MAVEN/MojoFailureException">http://cwiki.apache.org/confluence/display/MAVEN/MojoFailureException</A>
Build step 'Invoke top-level Maven targets' marked build as failure
Archiving artifacts
Build step 'Groovy Postbuild' marked build as failure
Recording test results
Performance: Percentage of errors greater or equal than 0% sets the build as unstable
Performance: Percentage of errors greater or equal than 0% sets the build as failure



Performance: Recording JUnit reports '**/TEST-*.xml'
Performance: Parsing JMeter report file '/var/lib/jenkins/jobs/ImageJ-legacy/builds/264/performance-reports/JUnit/TEST-net.imagej.legacy.ImageJ1EncapsulationTest.xml'.
Performance: Parsing JMeter report file '/var/lib/jenkins/jobs/ImageJ-legacy/builds/264/performance-reports/JUnit/TEST-net.imagej.legacy.LegacyImageMapTest.xml'.
Performance: Parsing JMeter report file '/var/lib/jenkins/jobs/ImageJ-legacy/builds/264/performance-reports/JUnit/TEST-net.imagej.legacy.LegacyOpenerTest.xml'.
Performance: Parsing JMeter report file '/var/lib/jenkins/jobs/ImageJ-legacy/builds/264/performance-reports/JUnit/TEST-net.imagej.legacy.LegacyServiceTest.xml'.
Performance: Parsing JMeter report file '/var/lib/jenkins/jobs/ImageJ-legacy/builds/264/performance-reports/JUnit/TEST-net.imagej.legacy.MacroTest.xml'.
Performance: Parsing JMeter report file '/var/lib/jenkins/jobs/ImageJ-legacy/builds/264/performance-reports/JUnit/TEST-net.imagej.legacy.OverlayHarmonizerTest.xml'.
Performance: Parsing JMeter report file '/var/lib/jenkins/jobs/ImageJ-legacy/builds/264/performance-reports/JUnit/TEST-net.imagej.legacy.ShutdownTest.xml'.
Performance: Parsing JMeter report file '/var/lib/jenkins/jobs/ImageJ-legacy/builds/264/performance-reports/JUnit/TEST-net.imagej.legacy.SwitchToModernTest.xml'.
Performance: Parsing JMeter report file '/var/lib/jenkins/jobs/ImageJ-legacy/builds/264/performance-reports/JUnit/TEST-net.imagej.legacy.translate.LegacyUtilsTest.xml'.
Performance: Parsing JMeter report file '/var/lib/jenkins/jobs/ImageJ-legacy/builds/264/performance-reports/JUnit/TEST-net.imagej.legacy.translate.MergedRgbVirtualStackTest.xml'.
TEST-net.imagej.legacy.ImageJ1EncapsulationTest.xml has an average of: 163
Performance: File TEST-net.imagej.legacy.ImageJ1EncapsulationTest.xml reported 0.0% of errors [SUCCESS]. Build status is: FAILURE



TEST-net.imagej.legacy.LegacyImageMapTest.xml has an average of: 26
Performance: File TEST-net.imagej.legacy.LegacyImageMapTest.xml reported 0.0% of errors [SUCCESS]. Build status is: FAILURE



TEST-net.imagej.legacy.LegacyOpenerTest.xml has an average of: 170
Performance: File TEST-net.imagej.legacy.LegacyOpenerTest.xml reported 33.33333333333333% of errors [FAILURE]. Build status is: FAILURE



TEST-net.imagej.legacy.LegacyServiceTest.xml has an average of: 57
Performance: File TEST-net.imagej.legacy.LegacyServiceTest.xml reported 0.0% of errors [FAILURE]. Build status is: FAILURE



TEST-net.imagej.legacy.MacroTest.xml has an average of: 786
Performance: File TEST-net.imagej.legacy.MacroTest.xml reported 0.0% of errors [FAILURE]. Build status is: FAILURE



TEST-net.imagej.legacy.OverlayHarmonizerTest.xml has an average of: 176
Performance: File TEST-net.imagej.legacy.OverlayHarmonizerTest.xml reported 0.0% of errors [FAILURE]. Build status is: FAILURE



TEST-net.imagej.legacy.ShutdownTest.xml has an average of: 0
Performance: File TEST-net.imagej.legacy.ShutdownTest.xml reported 0.0% of errors [FAILURE]. Build status is: FAILURE



TEST-net.imagej.legacy.SwitchToModernTest.xml has an average of: 0
Performance: File TEST-net.imagej.legacy.SwitchToModernTest.xml reported 0.0% of errors [FAILURE]. Build status is: FAILURE



TEST-net.imagej.legacy.translate.LegacyUtilsTest.xml has an average of: 0
Performance: File TEST-net.imagej.legacy.translate.LegacyUtilsTest.xml reported 0.0% of errors [FAILURE]. Build status is: FAILURE



TEST-net.imagej.legacy.translate.MergedRgbVirtualStackTest.xml has an average of: 3
Performance: File TEST-net.imagej.legacy.translate.MergedRgbVirtualStackTest.xml reported 0.0% of errors [FAILURE]. Build status is: FAILURE




</PRE>









<!--endarticle-->
    <HR>
    <P><UL>
        <!--threads-->
	<LI>Previous message: <A HREF="011282.html">[ImageJ-builds] Build failed in Jenkins: ImageJ-legacy #263
</A></li>
	<LI>Next message: <A HREF="011284.html">[ImageJ-builds] Jenkins build is back to normal : ImageJ-legacy #265
</A></li>
         <LI> <B>Messages sorted by:</B> 
              <a href="date.html#11283">[ date ]</a>
              <a href="thread.html#11283">[ thread ]</a>
              <a href="subject.html#11283">[ subject ]</a>
              <a href="author.html#11283">[ author ]</a>
         </LI>
       </UL>

<hr>
<a href="http://imagej.net/mailman/listinfo/imagej-builds">More information about the ImageJ-builds
mailing list</a><br>
</body></html>
