<!DOCTYPE HTML PUBLIC "-//W3C//DTD HTML 4.01 Transitional//EN">
<HTML>
 <HEAD>
   <TITLE> [ImageJ-builds] Build failed in Jenkins: ImageJ-Ops #336
   </TITLE>
   <LINK REL="Index" HREF="index.html" >
   <LINK REL="made" HREF="mailto:imagej-builds%40imagej.net?Subject=Re%3A%20%5BImageJ-builds%5D%20Build%20failed%20in%20Jenkins%3A%20ImageJ-Ops%20%23336&In-Reply-To=%3C1549382977.173.1440768995748.JavaMail.jenkins%40dev%3E">
   <META NAME="robots" CONTENT="index,nofollow">
   <style type="text/css">
       pre {
           white-space: pre-wrap;       /* css-2.1, curent FF, Opera, Safari */
           }
   </style>
   <META http-equiv="Content-Type" content="text/html; charset=us-ascii">
   <LINK REL="Previous"  HREF="011293.html">
   <LINK REL="Next"  HREF="011295.html">
 </HEAD>
 <BODY BGCOLOR="#ffffff">
   <H1>[ImageJ-builds] Build failed in Jenkins: ImageJ-Ops #336</H1>
    <B>jenkins at imagej.net</B> 
    <A HREF="mailto:imagej-builds%40imagej.net?Subject=Re%3A%20%5BImageJ-builds%5D%20Build%20failed%20in%20Jenkins%3A%20ImageJ-Ops%20%23336&In-Reply-To=%3C1549382977.173.1440768995748.JavaMail.jenkins%40dev%3E"
       TITLE="[ImageJ-builds] Build failed in Jenkins: ImageJ-Ops #336">jenkins at imagej.net
       </A><BR>
    <I>Fri Aug 28 08:36:35 CDT 2015</I>
    <P><UL>
        <LI>Previous message: <A HREF="011293.html">[ImageJ-builds] Jenkins build is back to normal : ImageJ-Ops #335
</A></li>
        <LI>Next message: <A HREF="011295.html">[ImageJ-builds] Jenkins build is back to normal : ImageJ-Ops #337
</A></li>
         <LI> <B>Messages sorted by:</B> 
              <a href="date.html#11294">[ date ]</a>
              <a href="thread.html#11294">[ thread ]</a>
              <a href="subject.html#11294">[ subject ]</a>
              <a href="author.html#11294">[ author ]</a>
         </LI>
       </UL>
    <HR>  
<!--beginarticle-->
<PRE>See &lt;<A HREF="http://jenkins.imagej.net/job/ImageJ-Ops/336/changes">http://jenkins.imagej.net/job/ImageJ-Ops/336/changes</A>&gt;

Changes:

[squareys] Refactor local thresholding

[squareys] Add LocalContrast thresholding method

[squareys] Add LocalMedian thresholding method

[squareys] Add LocalMidGrey thresholding method

[squareys] Add LocalNiblack thresholding method

[squareys] Add LocalBernsen thresholding method

[squareys] Test local thresholding opmethods

------------------------------------------
[...truncated 547 lines...]
Performance: File TEST-net.imagej.ops.deconvolve.DeconvolveTest.xml reported 0.0% of errors [SUCCESS]. Build status is: FAILURE



TEST-net.imagej.ops.eval.EvalTest.xml has an average of: 67
Performance: File TEST-net.imagej.ops.eval.EvalTest.xml reported 0.0% of errors [SUCCESS]. Build status is: FAILURE



TEST-net.imagej.ops.filter.FFTTest.xml has an average of: 0
Performance: File TEST-net.imagej.ops.filter.FFTTest.xml reported 0.0% of errors [SUCCESS]. Build status is: FAILURE



TEST-net.imagej.ops.filter.FilterNamespaceTest.xml has an average of: 73
Performance: File TEST-net.imagej.ops.filter.FilterNamespaceTest.xml reported 0.0% of errors [SUCCESS]. Build status is: FAILURE



TEST-net.imagej.ops.filter.convolve.ConvolveTest.xml has an average of: 267
Performance: File TEST-net.imagej.ops.filter.convolve.ConvolveTest.xml reported 0.0% of errors [SUCCESS]. Build status is: FAILURE



TEST-net.imagej.ops.filter.dog.DoGTest.xml has an average of: 49
Performance: File TEST-net.imagej.ops.filter.dog.DoGTest.xml reported 0.0% of errors [SUCCESS]. Build status is: FAILURE



TEST-net.imagej.ops.filter.gauss.GaussTest.xml has an average of: 32
Performance: File TEST-net.imagej.ops.filter.gauss.GaussTest.xml reported 0.0% of errors [SUCCESS]. Build status is: FAILURE



TEST-net.imagej.ops.identity.IdentityTest.xml has an average of: 923
Performance: File TEST-net.imagej.ops.identity.IdentityTest.xml reported 0.0% of errors [SUCCESS]. Build status is: FAILURE



TEST-net.imagej.ops.image.ImageNamespaceTest.xml has an average of: 21
Performance: File TEST-net.imagej.ops.image.ImageNamespaceTest.xml reported 0.0% of errors [SUCCESS]. Build status is: FAILURE



TEST-net.imagej.ops.image.crop.CropTest.xml has an average of: 11
Performance: File TEST-net.imagej.ops.image.crop.CropTest.xml reported 0.0% of errors [SUCCESS]. Build status is: FAILURE



TEST-net.imagej.ops.image.invert.InvertTest.xml has an average of: 15
Performance: File TEST-net.imagej.ops.image.invert.InvertTest.xml reported 0.0% of errors [SUCCESS]. Build status is: FAILURE



TEST-net.imagej.ops.image.normalize.NormalizeTest.xml has an average of: 16
Performance: File TEST-net.imagej.ops.image.normalize.NormalizeTest.xml reported 0.0% of errors [SUCCESS]. Build status is: FAILURE



TEST-net.imagej.ops.image.project.ProjectTest.xml has an average of: 21
Performance: File TEST-net.imagej.ops.image.project.ProjectTest.xml reported 0.0% of errors [SUCCESS]. Build status is: FAILURE



TEST-net.imagej.ops.image.scale.ScaleImgTest.xml has an average of: 24
Performance: File TEST-net.imagej.ops.image.scale.ScaleImgTest.xml reported 0.0% of errors [SUCCESS]. Build status is: FAILURE



TEST-net.imagej.ops.join.JoinTest.xml has an average of: 22
Performance: File TEST-net.imagej.ops.join.JoinTest.xml reported 0.0% of errors [SUCCESS]. Build status is: FAILURE



TEST-net.imagej.ops.labeling.LabelingNamespaceTest.xml has an average of: 16
Performance: File TEST-net.imagej.ops.labeling.LabelingNamespaceTest.xml reported 0.0% of errors [SUCCESS]. Build status is: FAILURE



TEST-net.imagej.ops.logic.AndConditionTest.xml has an average of: 12
Performance: File TEST-net.imagej.ops.logic.AndConditionTest.xml reported 0.0% of errors [SUCCESS]. Build status is: FAILURE



TEST-net.imagej.ops.logic.BooleanConditionTest.xml has an average of: 11
Performance: File TEST-net.imagej.ops.logic.BooleanConditionTest.xml reported 0.0% of errors [SUCCESS]. Build status is: FAILURE



TEST-net.imagej.ops.logic.ComparableGreaterThanOrEqualTest.xml has an average of: 11
Performance: File TEST-net.imagej.ops.logic.ComparableGreaterThanOrEqualTest.xml reported 0.0% of errors [SUCCESS]. Build status is: FAILURE



TEST-net.imagej.ops.logic.ComparableGreaterThanTest.xml has an average of: 11
Performance: File TEST-net.imagej.ops.logic.ComparableGreaterThanTest.xml reported 0.0% of errors [SUCCESS]. Build status is: FAILURE



TEST-net.imagej.ops.logic.ComparableLessThanOrEqualTest.xml has an average of: 12
Performance: File TEST-net.imagej.ops.logic.ComparableLessThanOrEqualTest.xml reported 0.0% of errors [SUCCESS]. Build status is: FAILURE



TEST-net.imagej.ops.logic.ComparableLessThanTest.xml has an average of: 9
Performance: File TEST-net.imagej.ops.logic.ComparableLessThanTest.xml reported 0.0% of errors [SUCCESS]. Build status is: FAILURE



TEST-net.imagej.ops.logic.ComparisonTest.xml has an average of: 11
Performance: File TEST-net.imagej.ops.logic.ComparisonTest.xml reported 0.0% of errors [SUCCESS]. Build status is: FAILURE



TEST-net.imagej.ops.logic.IntersectionConditionTest.xml has an average of: 12
Performance: File TEST-net.imagej.ops.logic.IntersectionConditionTest.xml reported 0.0% of errors [SUCCESS]. Build status is: FAILURE



TEST-net.imagej.ops.logic.LogicNamespaceTest.xml has an average of: 28
Performance: File TEST-net.imagej.ops.logic.LogicNamespaceTest.xml reported 0.0% of errors [SUCCESS]. Build status is: FAILURE



TEST-net.imagej.ops.logic.NotConditionTest.xml has an average of: 11
Performance: File TEST-net.imagej.ops.logic.NotConditionTest.xml reported 0.0% of errors [SUCCESS]. Build status is: FAILURE



TEST-net.imagej.ops.logic.ObjectsEqualTest.xml has an average of: 10
Performance: File TEST-net.imagej.ops.logic.ObjectsEqualTest.xml reported 0.0% of errors [SUCCESS]. Build status is: FAILURE



TEST-net.imagej.ops.logic.OrConditionTest.xml has an average of: 12
Performance: File TEST-net.imagej.ops.logic.OrConditionTest.xml reported 0.0% of errors [SUCCESS]. Build status is: FAILURE



TEST-net.imagej.ops.logic.PrimitiveLogicTest.xml has an average of: 10
Performance: File TEST-net.imagej.ops.logic.PrimitiveLogicTest.xml reported 0.0% of errors [SUCCESS]. Build status is: FAILURE



TEST-net.imagej.ops.logic.UnionConditionTest.xml has an average of: 11
Performance: File TEST-net.imagej.ops.logic.UnionConditionTest.xml reported 0.0% of errors [SUCCESS]. Build status is: FAILURE



TEST-net.imagej.ops.logic.XorConditionTest.xml has an average of: 13
Performance: File TEST-net.imagej.ops.logic.XorConditionTest.xml reported 0.0% of errors [SUCCESS]. Build status is: FAILURE



TEST-net.imagej.ops.loop.LoopTest.xml has an average of: 30
Performance: File TEST-net.imagej.ops.loop.LoopTest.xml reported 0.0% of errors [SUCCESS]. Build status is: FAILURE



TEST-net.imagej.ops.map.MapTest.xml has an average of: 15
Performance: File TEST-net.imagej.ops.map.MapTest.xml reported 0.0% of errors [SUCCESS]. Build status is: FAILURE



TEST-net.imagej.ops.map.MapViewTest.xml has an average of: 21
Performance: File TEST-net.imagej.ops.map.MapViewTest.xml reported 0.0% of errors [SUCCESS]. Build status is: FAILURE



TEST-net.imagej.ops.map.ThreadedMapTest.xml has an average of: 28
Performance: File TEST-net.imagej.ops.map.ThreadedMapTest.xml reported 0.0% of errors [SUCCESS]. Build status is: FAILURE



TEST-net.imagej.ops.map.neighborhood.MapNeighborhoodTest.xml has an average of: 17
Performance: File TEST-net.imagej.ops.map.neighborhood.MapNeighborhoodTest.xml reported 0.0% of errors [SUCCESS]. Build status is: FAILURE



TEST-net.imagej.ops.math.MathNamespaceTest.xml has an average of: 49
Performance: File TEST-net.imagej.ops.math.MathNamespaceTest.xml reported 0.0% of errors [SUCCESS]. Build status is: FAILURE



TEST-net.imagej.ops.math.PrimitiveMathTest.xml has an average of: 12
Performance: File TEST-net.imagej.ops.math.PrimitiveMathTest.xml reported 0.0% of errors [SUCCESS]. Build status is: FAILURE



TEST-net.imagej.ops.math.RealBinaryMathTest.xml has an average of: 11
Performance: File TEST-net.imagej.ops.math.RealBinaryMathTest.xml reported 0.0% of errors [SUCCESS]. Build status is: FAILURE



TEST-net.imagej.ops.math.RealMathTest.xml has an average of: 12
Performance: File TEST-net.imagej.ops.math.RealMathTest.xml reported 0.0% of errors [SUCCESS]. Build status is: FAILURE



TEST-net.imagej.ops.math.add.AddConstantToNumericTypeTest.xml has an average of: 15
Performance: File TEST-net.imagej.ops.math.add.AddConstantToNumericTypeTest.xml reported 0.0% of errors [SUCCESS]. Build status is: FAILURE



TEST-net.imagej.ops.slicewise.HypersliceTest.xml has an average of: 120
Performance: File TEST-net.imagej.ops.slicewise.HypersliceTest.xml reported 0.0% of errors [SUCCESS]. Build status is: FAILURE



TEST-net.imagej.ops.stats.MeanTest.xml has an average of: 62
Performance: File TEST-net.imagej.ops.stats.MeanTest.xml reported 0.0% of errors [SUCCESS]. Build status is: FAILURE



TEST-net.imagej.ops.stats.StatisticsTest.xml has an average of: 130
Performance: File TEST-net.imagej.ops.stats.StatisticsTest.xml reported 0.0% of errors [SUCCESS]. Build status is: FAILURE



TEST-net.imagej.ops.stats.StatsNamespaceTest.xml has an average of: 81
Performance: File TEST-net.imagej.ops.stats.StatsNamespaceTest.xml reported 0.0% of errors [SUCCESS]. Build status is: FAILURE



TEST-net.imagej.ops.thread.ChunkerBenchmarkTest.xml has an average of: 0
Performance: File TEST-net.imagej.ops.thread.ChunkerBenchmarkTest.xml reported 0.0% of errors [SUCCESS]. Build status is: FAILURE



TEST-net.imagej.ops.threshold.ComputeThresholdTest.xml has an average of: 19
Performance: File TEST-net.imagej.ops.threshold.ComputeThresholdTest.xml reported 0.0% of errors [SUCCESS]. Build status is: FAILURE



TEST-net.imagej.ops.threshold.ThresholdNamespaceTest.xml has an average of: 34
Performance: File TEST-net.imagej.ops.threshold.ThresholdNamespaceTest.xml reported 0.0% of errors [SUCCESS]. Build status is: FAILURE



TEST-net.imagej.ops.threshold.apply.ApplyManualThresholdTest.xml has an average of: 3
Performance: File TEST-net.imagej.ops.threshold.apply.ApplyManualThresholdTest.xml reported 0.0% of errors [SUCCESS]. Build status is: FAILURE



TEST-net.imagej.ops.threshold.apply.LocalThresholdTest.xml has an average of: 28
Performance: File TEST-net.imagej.ops.threshold.apply.LocalThresholdTest.xml reported 14.285714285714285% of errors [FAILURE]. Build status is: FAILURE




</PRE>






<!--endarticle-->
    <HR>
    <P><UL>
        <!--threads-->
	<LI>Previous message: <A HREF="011293.html">[ImageJ-builds] Jenkins build is back to normal : ImageJ-Ops #335
</A></li>
	<LI>Next message: <A HREF="011295.html">[ImageJ-builds] Jenkins build is back to normal : ImageJ-Ops #337
</A></li>
         <LI> <B>Messages sorted by:</B> 
              <a href="date.html#11294">[ date ]</a>
              <a href="thread.html#11294">[ thread ]</a>
              <a href="subject.html#11294">[ subject ]</a>
              <a href="author.html#11294">[ author ]</a>
         </LI>
       </UL>

<hr>
<a href="http://imagej.net/mailman/listinfo/imagej-builds">More information about the ImageJ-builds
mailing list</a><br>
</body></html>
