<!DOCTYPE HTML PUBLIC "-//W3C//DTD HTML 4.01 Transitional//EN">
<HTML>
 <HEAD>
   <TITLE> [ImageJ-builds] Build failed in Jenkins: ImageJ #4267
   </TITLE>
   <LINK REL="Index" HREF="index.html" >
   <LINK REL="made" HREF="mailto:imagej-builds%40imagej.net?Subject=Re%3A%20%5BImageJ-builds%5D%20Build%20failed%20in%20Jenkins%3A%20ImageJ%20%234267&In-Reply-To=%3C1518908333.38.1365382075058.JavaMail.jenkins%40dev%3E">
   <META NAME="robots" CONTENT="index,nofollow">
   <style type="text/css">
       pre {
           white-space: pre-wrap;       /* css-2.1, curent FF, Opera, Safari */
           }
   </style>
   <META http-equiv="Content-Type" content="text/html; charset=us-ascii">
   <LINK REL="Previous"  HREF="001630.html">
   <LINK REL="Next"  HREF="001633.html">
 </HEAD>
 <BODY BGCOLOR="#ffffff">
   <H1>[ImageJ-builds] Build failed in Jenkins: ImageJ #4267</H1>
    <B>jenkins at imagej.net</B> 
    <A HREF="mailto:imagej-builds%40imagej.net?Subject=Re%3A%20%5BImageJ-builds%5D%20Build%20failed%20in%20Jenkins%3A%20ImageJ%20%234267&In-Reply-To=%3C1518908333.38.1365382075058.JavaMail.jenkins%40dev%3E"
       TITLE="[ImageJ-builds] Build failed in Jenkins: ImageJ #4267">jenkins at imagej.net
       </A><BR>
    <I>Sun Apr  7 19:47:55 CDT 2013</I>
    <P><UL>
        <LI>Previous message: <A HREF="001630.html">[ImageJ-builds] Jenkins build is back to normal : fiji-windows-core	#379
</A></li>
        <LI>Next message: <A HREF="001633.html">[ImageJ-builds] Jenkins build is back to normal : ImageJ #4268
</A></li>
         <LI> <B>Messages sorted by:</B> 
              <a href="date.html#1632">[ date ]</a>
              <a href="thread.html#1632">[ thread ]</a>
              <a href="subject.html#1632">[ subject ]</a>
              <a href="author.html#1632">[ author ]</a>
         </LI>
       </UL>
    <HR>  
<!--beginarticle-->
<PRE>See &lt;<A HREF="http://jenkins.imagej.net/job/ImageJ/4267/">http://jenkins.imagej.net/job/ImageJ/4267/</A>&gt;

------------------------------------------
[...truncated 1596 lines...]
[INFO] Created service: org.scijava.log.StderrLogService
[INFO] Created service: org.scijava.thread.DefaultThreadService
[INFO] Created service: org.scijava.event.DefaultEventService
[INFO] Found 37 plugins.
[INFO] Created service: org.scijava.plugin.DefaultPluginService
[INFO] Found 1 upload mechanisms.
[INFO] Created service: imagej.updater.core.DefaultUploaderService
Uploading 2 (removing 1) to ImageJ (file:localhost:/tmp/testUpdaterWebRoot4906369189286361543/)
[DEBUG] Creating service: imagej.updater.core.DefaultUploaderService
[DEBUG] Creating service: org.scijava.log.StderrLogService
[INFO] Created service: org.scijava.log.StderrLogService
[INFO] Created service: org.scijava.thread.DefaultThreadService
[INFO] Created service: org.scijava.event.DefaultEventService
[INFO] Found 37 plugins.
[INFO] Created service: org.scijava.plugin.DefaultPluginService
[INFO] Found 1 upload mechanisms.
[INFO] Created service: imagej.updater.core.DefaultUploaderService
[DEBUG] Creating service: imagej.updater.core.DefaultUploaderService
[DEBUG] Creating service: org.scijava.log.StderrLogService
[INFO] Created service: org.scijava.log.StderrLogService
[INFO] Created service: org.scijava.thread.DefaultThreadService
[INFO] Created service: org.scijava.event.DefaultEventService
[INFO] Found 37 plugins.
[INFO] Created service: org.scijava.plugin.DefaultPluginService
[INFO] Found 1 upload mechanisms.
[INFO] Created service: imagej.updater.core.DefaultUploaderService
Uploading new file 'macros/test.ijm' to  site 'ImageJ'
Uploading to ImageJ (file:localhost:/tmp/testUpdaterWebRoot6545160168266322914/)
[DEBUG] Creating service: imagej.updater.core.DefaultUploaderService
[DEBUG] Creating service: org.scijava.log.StderrLogService
[INFO] Created service: org.scijava.log.StderrLogService
[INFO] Created service: org.scijava.thread.DefaultThreadService
[INFO] Created service: org.scijava.event.DefaultEventService
[INFO] Found 37 plugins.
[INFO] Created service: org.scijava.plugin.DefaultPluginService
[INFO] Found 1 upload mechanisms.
[INFO] Created service: imagej.updater.core.DefaultUploaderService
[DEBUG] Creating service: imagej.updater.core.DefaultUploaderService
[DEBUG] Creating service: org.scijava.log.StderrLogService
[INFO] Created service: org.scijava.log.StderrLogService
[INFO] Created service: org.scijava.thread.DefaultThreadService
[INFO] Created service: org.scijava.event.DefaultEventService
[INFO] Found 37 plugins.
[INFO] Created service: org.scijava.plugin.DefaultPluginService
[INFO] Found 1 upload mechanisms.
[INFO] Created service: imagej.updater.core.DefaultUploaderService
[DEBUG] Creating service: imagej.updater.core.DefaultUploaderService
[DEBUG] Creating service: org.scijava.log.StderrLogService
[INFO] Created service: org.scijava.log.StderrLogService
[INFO] Created service: org.scijava.thread.DefaultThreadService
[INFO] Created service: org.scijava.event.DefaultEventService
[INFO] Found 37 plugins.
[INFO] Created service: org.scijava.plugin.DefaultPluginService
[INFO] Found 1 upload mechanisms.
[INFO] Created service: imagej.updater.core.DefaultUploaderService
Removing file 'macros/obsolete.ijm'
Uploading to ImageJ (file:localhost:/tmp/testUpdaterWebRoot1558224787125558561/)
[DEBUG] Creating service: imagej.updater.core.DefaultUploaderService
[DEBUG] Creating service: org.scijava.log.StderrLogService
[INFO] Created service: org.scijava.log.StderrLogService
[INFO] Created service: org.scijava.thread.DefaultThreadService
[INFO] Created service: org.scijava.event.DefaultEventService
[INFO] Found 37 plugins.
[INFO] Created service: org.scijava.plugin.DefaultPluginService
[INFO] Found 1 upload mechanisms.
[INFO] Created service: imagej.updater.core.DefaultUploaderService
[DEBUG] Creating service: imagej.updater.core.DefaultUploaderService
[DEBUG] Creating service: org.scijava.log.StderrLogService
[INFO] Created service: org.scijava.log.StderrLogService
[INFO] Created service: org.scijava.thread.DefaultThreadService
[INFO] Created service: org.scijava.event.DefaultEventService
[INFO] Found 37 plugins.
[INFO] Created service: org.scijava.plugin.DefaultPluginService
[INFO] Found 1 upload mechanisms.
[INFO] Created service: imagej.updater.core.DefaultUploaderService
Updating the index of available files (Updating from ImageJ site: file:/tmp/testUpdaterWebRoot1558224787125558561//) 
Updating the index of available files 0/1
Updating from ImageJ site: file:/tmp/testUpdaterWebRoot1558224787125558561// done
Checksummer (macros/test.ijm) 
macros/test.ijm done
Checksummer (macros/obsolete.ijm) 
macros/obsolete.ijm done
Done: Checksummer

[ERROR] java.io.FileNotFoundException: /tmp/update-site-second7954670910896493358/db.xml.gz (No such file or directory)
	at java.io.FileInputStream.open(Native Method)
	at java.io.FileInputStream.&lt;init&gt;(FileInputStream.java:120)
	at java.io.FileInputStream.&lt;init&gt;(FileInputStream.java:79)
	at sun.net.www.protocol.file.FileURLConnection.connect(FileURLConnection.java:70)
	at sun.net.www.protocol.file.FileURLConnection.getInputStream(FileURLConnection.java:161)
	at imagej.updater.core.XMLFileDownloader.start(XMLFileDownloader.java:95)
	at imagej.updater.core.FilesCollection.downloadIndexAndChecksum(FilesCollection.java:977)
	at imagej.updater.ui.CommandLine.ensureChecksummed(CommandLine.java:109)
	at imagej.updater.ui.CommandLine.uploadCompleteSite(CommandLine.java:407)
	at imagej.updater.ui.CommandLine.main(CommandLine.java:725)
	at imagej.updater.ui.CommandLine.main(CommandLine.java:672)
	at imagej.updater.core.UpdaterTestUtils.main(UpdaterTestUtils.java:127)
	at imagej.updater.core.CommandLineUpdaterTest.testUploadCompleteSiteWithShadow(CommandLineUpdaterTest.java:119)
	at sun.reflect.NativeMethodAccessorImpl.invoke0(Native Method)
	at sun.reflect.NativeMethodAccessorImpl.invoke(NativeMethodAccessorImpl.java:39)
	at sun.reflect.DelegatingMethodAccessorImpl.invoke(DelegatingMethodAccessorImpl.java:25)
	at java.lang.reflect.Method.invoke(Method.java:597)
	at org.junit.runners.model.FrameworkMethod$1.runReflectiveCall(FrameworkMethod.java:44)
	at org.junit.internal.runners.model.ReflectiveCallable.run(ReflectiveCallable.java:15)
	at org.junit.runners.model.FrameworkMethod.invokeExplosively(FrameworkMethod.java:41)
	at org.junit.internal.runners.statements.InvokeMethod.evaluate(InvokeMethod.java:20)
	at org.junit.internal.runners.statements.RunAfters.evaluate(RunAfters.java:31)
	at org.junit.runners.BlockJUnit4ClassRunner.runChild(BlockJUnit4ClassRunner.java:76)
	at org.junit.runners.BlockJUnit4ClassRunner.runChild(BlockJUnit4ClassRunner.java:50)
	at org.junit.runners.ParentRunner$3.run(ParentRunner.java:193)
	at org.junit.runners.ParentRunner$1.schedule(ParentRunner.java:52)
	at org.junit.runners.ParentRunner.runChildren(ParentRunner.java:191)
	at org.junit.runners.ParentRunner.access$000(ParentRunner.java:42)
	at org.junit.runners.ParentRunner$2.evaluate(ParentRunner.java:184)
	at org.junit.runners.ParentRunner.run(ParentRunner.java:236)
	at org.apache.maven.surefire.junit4.JUnit4Provider.execute(JUnit4Provider.java:236)
	at org.apache.maven.surefire.junit4.JUnit4Provider.executeTestSet(JUnit4Provider.java:134)
	at org.apache.maven.surefire.junit4.JUnit4Provider.invoke(JUnit4Provider.java:113)
	at sun.reflect.NativeMethodAccessorImpl.invoke0(Native Method)
	at sun.reflect.NativeMethodAccessorImpl.invoke(NativeMethodAccessorImpl.java:39)
	at sun.reflect.DelegatingMethodAccessorImpl.invoke(DelegatingMethodAccessorImpl.java:25)
	at java.lang.reflect.Method.invoke(Method.java:597)
	at org.apache.maven.surefire.util.ReflectionUtils.invokeMethodWithArray(ReflectionUtils.java:189)
	at org.apache.maven.surefire.booter.ProviderFactory$ProviderProxy.invoke(ProviderFactory.java:165)
	at org.apache.maven.surefire.booter.ProviderFactory.invokeProvider(ProviderFactory.java:85)
	at org.apache.maven.surefire.booter.ForkedBooter.runSuitesInProcess(ForkedBooter.java:103)
	at org.apache.maven.surefire.booter.ForkedBooter.main(ForkedBooter.java:74)
Could not update from site 'second': java.io.FileNotFoundException: /tmp/update-site-second7954670910896493358/db.xml.gz (No such file or directory)
Uploading 2 (removing 0) to second (file:localhost:/tmp/update-site-second7954670910896493358/)
[DEBUG] Creating service: imagej.updater.core.DefaultUploaderService
[DEBUG] Creating service: org.scijava.log.StderrLogService
[INFO] Created service: org.scijava.log.StderrLogService
[INFO] Created service: org.scijava.thread.DefaultThreadService
[INFO] Created service: org.scijava.event.DefaultEventService
[INFO] Found 37 plugins.
[INFO] Created service: org.scijava.plugin.DefaultPluginService
[INFO] Found 1 upload mechanisms.
[INFO] Created service: imagej.updater.core.DefaultUploaderService
[ERROR] java.io.FileNotFoundException: /tmp/update-site-second7954670910896493358/db.xml.gz (No such file or directory)
	at java.io.FileInputStream.open(Native Method)
	at java.io.FileInputStream.&lt;init&gt;(FileInputStream.java:120)
	at java.io.FileInputStream.&lt;init&gt;(FileInputStream.java:79)
	at sun.net.www.protocol.file.FileURLConnection.connect(FileURLConnection.java:70)
	at sun.net.www.protocol.file.FileURLConnection.getInputStream(FileURLConnection.java:161)
	at imagej.updater.core.FilesUploader.getCurrentLastModified(FilesUploader.java:331)
	at imagej.updater.core.FilesUploader.verifyTimestamp(FilesUploader.java:347)
	at imagej.updater.core.FilesUploader$VerifyTimestamp.addItem(FilesUploader.java:287)
	at imagej.updater.util.AbstractProgressable.addItem(AbstractProgressable.java:79)
	at imagej.updater.core.FileUploader.upload(FileUploader.java:88)
	at imagej.updater.core.FilesUploader.upload(FilesUploader.java:209)
	at imagej.updater.ui.CommandLine.upload(CommandLine.java:485)
	at imagej.updater.ui.CommandLine.uploadCompleteSite(CommandLine.java:465)
	at imagej.updater.ui.CommandLine.main(CommandLine.java:725)
	at imagej.updater.ui.CommandLine.main(CommandLine.java:672)
	at imagej.updater.core.UpdaterTestUtils.main(UpdaterTestUtils.java:127)
	at imagej.updater.core.CommandLineUpdaterTest.testUploadCompleteSiteWithShadow(CommandLineUpdaterTest.java:119)
	at sun.reflect.NativeMethodAccessorImpl.invoke0(Native Method)
	at sun.reflect.NativeMethodAccessorImpl.invoke(NativeMethodAccessorImpl.java:39)
	at sun.reflect.DelegatingMethodAccessorImpl.invoke(DelegatingMethodAccessorImpl.java:25)
	at java.lang.reflect.Method.invoke(Method.java:597)
	at org.junit.runners.model.FrameworkMethod$1.runReflectiveCall(FrameworkMethod.java:44)
	at org.junit.internal.runners.model.ReflectiveCallable.run(ReflectiveCallable.java:15)
	at org.junit.runners.model.FrameworkMethod.invokeExplosively(FrameworkMethod.java:41)
	at org.junit.internal.runners.statements.InvokeMethod.evaluate(InvokeMethod.java:20)
	at org.junit.internal.runners.statements.RunAfters.evaluate(RunAfters.java:31)
	at org.junit.runners.BlockJUnit4ClassRunner.runChild(BlockJUnit4ClassRunner.java:76)
	at org.junit.runners.BlockJUnit4ClassRunner.runChild(BlockJUnit4ClassRunner.java:50)
	at org.junit.runners.ParentRunner$3.run(ParentRunner.java:193)
	at org.junit.runners.ParentRunner$1.schedule(ParentRunner.java:52)
	at org.junit.runners.ParentRunner.runChildren(ParentRunner.java:191)
	at org.junit.runners.ParentRunner.access$000(ParentRunner.java:42)
	at org.junit.runners.ParentRunner$2.evaluate(ParentRunner.java:184)
	at org.junit.runners.ParentRunner.run(ParentRunner.java:236)
	at org.apache.maven.surefire.junit4.JUnit4Provider.execute(JUnit4Provider.java:236)
	at org.apache.maven.surefire.junit4.JUnit4Provider.executeTestSet(JUnit4Provider.java:134)
	at org.apache.maven.surefire.junit4.JUnit4Provider.invoke(JUnit4Provider.java:113)
	at sun.reflect.NativeMethodAccessorImpl.invoke0(Native Method)
	at sun.reflect.NativeMethodAccessorImpl.invoke(NativeMethodAccessorImpl.java:39)
	at sun.reflect.DelegatingMethodAccessorImpl.invoke(DelegatingMethodAccessorImpl.java:25)
	at java.lang.reflect.Method.invoke(Method.java:597)
	at org.apache.maven.surefire.util.ReflectionUtils.invokeMethodWithArray(ReflectionUtils.java:189)
	at org.apache.maven.surefire.booter.ProviderFactory$ProviderProxy.invoke(ProviderFactory.java:165)
	at org.apache.maven.surefire.booter.ProviderFactory.invokeProvider(ProviderFactory.java:85)
	at org.apache.maven.surefire.booter.ForkedBooter.runSuitesInProcess(ForkedBooter.java:103)
	at org.apache.maven.surefire.booter.ForkedBooter.main(ForkedBooter.java:74)
[WARN] 'macros/test.ijm' from update site 'second' shadows the one from update site 'ImageJ'
[WARN] 'macros/test.ijm' from update site 'second' shadows the one from update site 'ImageJ'
Tests run: 3, Failures: 0, Errors: 1, Skipped: 0, Time elapsed: 0.227 sec &lt;&lt;&lt; FAILURE!

Results :

Tests in error: 
  testUpload(imagej.updater.core.CommandLineUpdaterTest): Invalid action requested for file macros/test.ijm(Upload it, NEW)

Tests run: 35, Failures: 0, Errors: 1, Skipped: 0

[INFO] ------------------------------------------------------------------------
[ERROR] BUILD FAILURE
[INFO] ------------------------------------------------------------------------
[INFO] There are test failures.

Please refer to /data/devel/jenkins/jobs/ImageJ/workspace/core/updater/target/surefire-reports for the individual test results.
[INFO] ------------------------------------------------------------------------
[INFO] For more information, run Maven with the -e switch
[INFO] ------------------------------------------------------------------------
[INFO] Total time: 32 seconds
[INFO] Finished at: Sun Apr 07 19:47:54 CDT 2013
[INFO] Final Memory: 83M/1396M
[INFO] ------------------------------------------------------------------------
Build step 'Invoke top-level Maven targets' marked build as failure
Archiving artifacts
Recording test results
Performance: No threshold configured for making the test unstable
Performance: No threshold configured for making the test failure
Performance: Recording JUnit reports '**/TEST-*.xml'
Performance: Parsing JUnit report file TEST-imagej.command.CommandServiceTest.xml
Performance: Parsing JUnit report file TEST-imagej.display.DisplayTest.xml
Performance: Parsing JUnit report file TEST-imagej.menu.ShadowMenuTest.xml
Performance: Parsing JUnit report file TEST-imagej.script.JavascriptTest.xml
Performance: Parsing JUnit report file TEST-imagej.util.ColorRGBTest.xml
Performance: Parsing JUnit report file TEST-imagej.util.PrefsTest.xml
Performance: Parsing JUnit report file TEST-imagej.util.UnitUtilsTest.xml
Performance: Parsing JUnit report file TEST-imagej.data.DatasetTest.xml
Performance: Parsing JUnit report file TEST-imagej.data.ExtentsTest.xml
Performance: Parsing JUnit report file TEST-imagej.data.PositionTest.xml
Performance: Parsing JUnit report file TEST-imagej.data.TestCursorSpeeds.xml
Performance: Parsing JUnit report file TEST-imagej.data.display.ImageCanvasTest.xml
Performance: Parsing JUnit report file TEST-imagej.data.overlay.TestBinaryMaskOverlay.xml
Performance: Parsing JUnit report file TEST-imagej.data.table.DefaultResultsTableTest.xml
Performance: Parsing JUnit report file TEST-imagej.updater.core.CommandLineUpdaterTest.xml
Performance: Parsing JUnit report file TEST-imagej.updater.core.LocalhostUploaderTest.xml
Performance: Parsing JUnit report file TEST-imagej.updater.core.UpdaterTest.xml
Performance: File TEST-imagej.command.CommandServiceTest.xml reported 0.0% of errors [SUCCESS]. Build status is: FAILURE
Performance: File TEST-imagej.display.DisplayTest.xml reported 0.0% of errors [SUCCESS]. Build status is: FAILURE
Performance: File TEST-imagej.menu.ShadowMenuTest.xml reported 0.0% of errors [SUCCESS]. Build status is: FAILURE
Performance: File TEST-imagej.script.JavascriptTest.xml reported 0.0% of errors [SUCCESS]. Build status is: FAILURE
Performance: File TEST-imagej.util.ColorRGBTest.xml reported 0.0% of errors [SUCCESS]. Build status is: FAILURE
Performance: File TEST-imagej.util.PrefsTest.xml reported 0.0% of errors [SUCCESS]. Build status is: FAILURE
Performance: File TEST-imagej.util.UnitUtilsTest.xml reported 0.0% of errors [SUCCESS]. Build status is: FAILURE
Performance: File TEST-imagej.data.DatasetTest.xml reported 0.0% of errors [SUCCESS]. Build status is: FAILURE
Performance: File TEST-imagej.data.ExtentsTest.xml reported 0.0% of errors [SUCCESS]. Build status is: FAILURE
Performance: File TEST-imagej.data.PositionTest.xml reported 0.0% of errors [SUCCESS]. Build status is: FAILURE
Performance: File TEST-imagej.data.TestCursorSpeeds.xml reported 0.0% of errors [SUCCESS]. Build status is: FAILURE
Performance: File TEST-imagej.data.display.ImageCanvasTest.xml reported 0.0% of errors [SUCCESS]. Build status is: FAILURE
Performance: File TEST-imagej.data.overlay.TestBinaryMaskOverlay.xml reported 0.0% of errors [SUCCESS]. Build status is: FAILURE
Performance: File TEST-imagej.data.table.DefaultResultsTableTest.xml reported 0.0% of errors [SUCCESS]. Build status is: FAILURE
Performance: File TEST-imagej.updater.core.CommandLineUpdaterTest.xml reported 0.0% of errors [SUCCESS]. Build status is: FAILURE
Performance: File TEST-imagej.updater.core.LocalhostUploaderTest.xml reported 0.0% of errors [SUCCESS]. Build status is: FAILURE
Performance: File TEST-imagej.updater.core.UpdaterTest.xml reported 0.0% of errors [SUCCESS]. Build status is: FAILURE

</PRE>


<!--endarticle-->
    <HR>
    <P><UL>
        <!--threads-->
	<LI>Previous message: <A HREF="001630.html">[ImageJ-builds] Jenkins build is back to normal : fiji-windows-core	#379
</A></li>
	<LI>Next message: <A HREF="001633.html">[ImageJ-builds] Jenkins build is back to normal : ImageJ #4268
</A></li>
         <LI> <B>Messages sorted by:</B> 
              <a href="date.html#1632">[ date ]</a>
              <a href="thread.html#1632">[ thread ]</a>
              <a href="subject.html#1632">[ subject ]</a>
              <a href="author.html#1632">[ author ]</a>
         </LI>
       </UL>

<hr>
<a href="http://imagej.net/mailman/listinfo/imagej-builds">More information about the ImageJ-builds
mailing list</a><br>
</body></html>
