<!DOCTYPE HTML PUBLIC "-//W3C//DTD HTML 4.01 Transitional//EN">
<HTML>
 <HEAD>
   <TITLE> [ImageJ-builds] Build failed in Jenkins: ImageJ #4256
   </TITLE>
   <LINK REL="Index" HREF="index.html" >
   <LINK REL="made" HREF="mailto:imagej-builds%40imagej.net?Subject=Re%3A%20%5BImageJ-builds%5D%20Build%20failed%20in%20Jenkins%3A%20ImageJ%20%234256&In-Reply-To=%3C436146814.27.1365194314045.JavaMail.jenkins%40dev%3E">
   <META NAME="robots" CONTENT="index,nofollow">
   <style type="text/css">
       pre {
           white-space: pre-wrap;       /* css-2.1, curent FF, Opera, Safari */
           }
   </style>
   <META http-equiv="Content-Type" content="text/html; charset=us-ascii">
   <LINK REL="Previous"  HREF="001619.html">
   <LINK REL="Next"  HREF="001621.html">
 </HEAD>
 <BODY BGCOLOR="#ffffff">
   <H1>[ImageJ-builds] Build failed in Jenkins: ImageJ #4256</H1>
    <B>jenkins at imagej.net</B> 
    <A HREF="mailto:imagej-builds%40imagej.net?Subject=Re%3A%20%5BImageJ-builds%5D%20Build%20failed%20in%20Jenkins%3A%20ImageJ%20%234256&In-Reply-To=%3C436146814.27.1365194314045.JavaMail.jenkins%40dev%3E"
       TITLE="[ImageJ-builds] Build failed in Jenkins: ImageJ #4256">jenkins at imagej.net
       </A><BR>
    <I>Fri Apr  5 15:38:34 CDT 2013</I>
    <P><UL>
        <LI>Previous message: <A HREF="001619.html">[ImageJ-builds] Build failed in Jenkins: ImageJ #4255
</A></li>
        <LI>Next message: <A HREF="001621.html">[ImageJ-builds] Build failed in Jenkins: ImageJ #4257
</A></li>
         <LI> <B>Messages sorted by:</B> 
              <a href="date.html#1620">[ date ]</a>
              <a href="thread.html#1620">[ thread ]</a>
              <a href="subject.html#1620">[ subject ]</a>
              <a href="author.html#1620">[ author ]</a>
         </LI>
       </UL>
    <HR>  
<!--beginarticle-->
<PRE>See &lt;<A HREF="http://jenkins.imagej.net/job/ImageJ/4256/">http://jenkins.imagej.net/job/ImageJ/4256/</A>&gt;

------------------------------------------
[...truncated 2020 lines...]
Running imagej.core.commands.upload.InteractiveUploadTest
Tests run: 0, Failures: 0, Errors: 0, Skipped: 0, Time elapsed: 0 sec

Results :

Tests run: 0, Failures: 0, Errors: 0, Skipped: 0

[INFO] [jar:jar {execution: default-jar}]
[INFO] Building jar: /data/devel/jenkins/jobs/ImageJ/workspace/plugins/commands/target/ij-commands-2.0.0-SNAPSHOT.jar
[INFO] Preparing source:jar
[WARNING] Removing: jar from forked lifecycle, to prevent recursive invocation.
[INFO] [imagej:set-rootdir {execution: set-rootdir}]
[INFO] [buildnumber:create {execution: default}]
[INFO] [source:jar {execution: default}]
[INFO] Building jar: /data/devel/jenkins/jobs/ImageJ/workspace/plugins/commands/target/ij-commands-2.0.0-SNAPSHOT-sources.jar
[INFO] [jar:test-jar {execution: default}]
[INFO] Building jar: /data/devel/jenkins/jobs/ImageJ/workspace/plugins/commands/target/ij-commands-2.0.0-SNAPSHOT-tests.jar
[INFO] [install:install {execution: default-install}]
[INFO] Installing /data/devel/jenkins/jobs/ImageJ/workspace/plugins/commands/target/ij-commands-2.0.0-SNAPSHOT.jar to /var/lib/jenkins/.m2/repository/net/imagej/ij-commands/2.0.0-SNAPSHOT/ij-commands-2.0.0-SNAPSHOT.jar
[INFO] Installing /data/devel/jenkins/jobs/ImageJ/workspace/plugins/commands/target/ij-commands-2.0.0-SNAPSHOT-sources.jar to /var/lib/jenkins/.m2/repository/net/imagej/ij-commands/2.0.0-SNAPSHOT/ij-commands-2.0.0-SNAPSHOT-sources.jar
[INFO] Installing /data/devel/jenkins/jobs/ImageJ/workspace/plugins/commands/target/ij-commands-2.0.0-SNAPSHOT-tests.jar to /var/lib/jenkins/.m2/repository/net/imagej/ij-commands/2.0.0-SNAPSHOT/ij-commands-2.0.0-SNAPSHOT-tests.jar
[INFO] [imagej:copy-jars {execution: copy-jars}]
[INFO] Property 'imagej.app.directory' unset; Skipping copy-jars
[INFO] ------------------------------------------------------------------------
[INFO] Building ImageJ POM: User Interface
[INFO]    task-segment: [clean, install]
[INFO] ------------------------------------------------------------------------
[INFO] [clean:clean {execution: default-clean}]
[INFO] [imagej:set-rootdir {execution: set-rootdir}]
[INFO] [buildnumber:create {execution: default}]
[INFO] [site:attach-descriptor {execution: default-attach-descriptor}]
[INFO] Preparing source:jar
[WARNING] Removing: jar from forked lifecycle, to prevent recursive invocation.
[INFO] [imagej:set-rootdir {execution: set-rootdir}]
[INFO] [buildnumber:create {execution: default}]
[INFO] [source:jar {execution: default}]
[INFO] [jar:test-jar {execution: default}]
[WARNING] JAR will be empty - no content was marked for inclusion!
[INFO] Building jar: /data/devel/jenkins/jobs/ImageJ/workspace/ui/target/pom-ij-ui-2.0.0-SNAPSHOT-tests.jar
[INFO] [install:install {execution: default-install}]
[INFO] Installing /data/devel/jenkins/jobs/ImageJ/workspace/ui/pom.xml to /var/lib/jenkins/.m2/repository/net/imagej/pom-ij-ui/2.0.0-SNAPSHOT/pom-ij-ui-2.0.0-SNAPSHOT.pom
[INFO] Installing /data/devel/jenkins/jobs/ImageJ/workspace/ui/target/pom-ij-ui-2.0.0-SNAPSHOT-tests.jar to /var/lib/jenkins/.m2/repository/net/imagej/pom-ij-ui/2.0.0-SNAPSHOT/pom-ij-ui-2.0.0-SNAPSHOT-tests.jar
[INFO] [imagej:copy-jars {execution: copy-jars}]
[INFO] Property 'imagej.app.directory' unset; Skipping copy-jars
[INFO] ------------------------------------------------------------------------
[INFO] Building ImageJ POM: AWT and Swing UIs
[INFO]    task-segment: [clean, install]
[INFO] ------------------------------------------------------------------------
[INFO] [clean:clean {execution: default-clean}]
[INFO] [imagej:set-rootdir {execution: set-rootdir}]
[INFO] [buildnumber:create {execution: default}]
[INFO] [site:attach-descriptor {execution: default-attach-descriptor}]
[INFO] Preparing source:jar
[WARNING] Removing: jar from forked lifecycle, to prevent recursive invocation.
[INFO] [imagej:set-rootdir {execution: set-rootdir}]
[INFO] [buildnumber:create {execution: default}]
[INFO] [source:jar {execution: default}]
[INFO] [jar:test-jar {execution: default}]
[WARNING] JAR will be empty - no content was marked for inclusion!
[INFO] Building jar: /data/devel/jenkins/jobs/ImageJ/workspace/ui/awt-swing/target/pom-ij-ui-awt-swing-2.0.0-SNAPSHOT-tests.jar
[INFO] [install:install {execution: default-install}]
[INFO] Installing /data/devel/jenkins/jobs/ImageJ/workspace/ui/awt-swing/pom.xml to /var/lib/jenkins/.m2/repository/net/imagej/pom-ij-ui-awt-swing/2.0.0-SNAPSHOT/pom-ij-ui-awt-swing-2.0.0-SNAPSHOT.pom
[INFO] Installing /data/devel/jenkins/jobs/ImageJ/workspace/ui/awt-swing/target/pom-ij-ui-awt-swing-2.0.0-SNAPSHOT-tests.jar to /var/lib/jenkins/.m2/repository/net/imagej/pom-ij-ui-awt-swing/2.0.0-SNAPSHOT/pom-ij-ui-awt-swing-2.0.0-SNAPSHOT-tests.jar
[INFO] [imagej:copy-jars {execution: copy-jars}]
[INFO] Property 'imagej.app.directory' unset; Skipping copy-jars
[INFO] ------------------------------------------------------------------------
[INFO] Building ImageJ Utility Classes: AWT
[INFO]    task-segment: [clean, install]
[INFO] ------------------------------------------------------------------------
[INFO] [clean:clean {execution: default-clean}]
[INFO] [imagej:set-rootdir {execution: set-rootdir}]
[INFO] [buildnumber:create {execution: default}]
[debug] execute contextualize
[INFO] [resources:resources {execution: default-resources}]
[INFO] Using 'UTF-8' encoding to copy filtered resources.
[INFO] skip non existing resourceDirectory /data/devel/jenkins/jobs/ImageJ/workspace/ui/awt-swing/util/src/main/resources
[INFO] [compiler:compile {execution: default-compile}]
[INFO] Compiling 3 source files to /data/devel/jenkins/jobs/ImageJ/workspace/ui/awt-swing/util/target/classes
[debug] execute contextualize
[INFO] [resources:testResources {execution: default-testResources}]
[INFO] Using 'UTF-8' encoding to copy filtered resources.
[INFO] skip non existing resourceDirectory /data/devel/jenkins/jobs/ImageJ/workspace/ui/awt-swing/util/src/test/resources
[INFO] [compiler:testCompile {execution: default-testCompile}]
[INFO] No sources to compile
[INFO] [surefire:test {execution: default-test}]
[INFO] No tests to run.
[INFO] Surefire report directory: /data/devel/jenkins/jobs/ImageJ/workspace/ui/awt-swing/util/target/surefire-reports

-------------------------------------------------------
 T E S T S
-------------------------------------------------------

Results :

Tests run: 0, Failures: 0, Errors: 0, Skipped: 0

[INFO] [jar:jar {execution: default-jar}]
[INFO] Building jar: /data/devel/jenkins/jobs/ImageJ/workspace/ui/awt-swing/util/target/ij-util-awt-2.0.0-SNAPSHOT.jar
[INFO] Preparing source:jar
[WARNING] Removing: jar from forked lifecycle, to prevent recursive invocation.
[INFO] [imagej:set-rootdir {execution: set-rootdir}]
[INFO] [buildnumber:create {execution: default}]
[INFO] [source:jar {execution: default}]
[INFO] Building jar: /data/devel/jenkins/jobs/ImageJ/workspace/ui/awt-swing/util/target/ij-util-awt-2.0.0-SNAPSHOT-sources.jar
[INFO] [jar:test-jar {execution: default}]
[WARNING] JAR will be empty - no content was marked for inclusion!
[INFO] Building jar: /data/devel/jenkins/jobs/ImageJ/workspace/ui/awt-swing/util/target/ij-util-awt-2.0.0-SNAPSHOT-tests.jar
[INFO] [install:install {execution: default-install}]
[INFO] Installing /data/devel/jenkins/jobs/ImageJ/workspace/ui/awt-swing/util/target/ij-util-awt-2.0.0-SNAPSHOT.jar to /var/lib/jenkins/.m2/repository/net/imagej/ij-util-awt/2.0.0-SNAPSHOT/ij-util-awt-2.0.0-SNAPSHOT.jar
[INFO] Installing /data/devel/jenkins/jobs/ImageJ/workspace/ui/awt-swing/util/target/ij-util-awt-2.0.0-SNAPSHOT-sources.jar to /var/lib/jenkins/.m2/repository/net/imagej/ij-util-awt/2.0.0-SNAPSHOT/ij-util-awt-2.0.0-SNAPSHOT-sources.jar
[INFO] Installing /data/devel/jenkins/jobs/ImageJ/workspace/ui/awt-swing/util/target/ij-util-awt-2.0.0-SNAPSHOT-tests.jar to /var/lib/jenkins/.m2/repository/net/imagej/ij-util-awt/2.0.0-SNAPSHOT/ij-util-awt-2.0.0-SNAPSHOT-tests.jar
[INFO] [imagej:copy-jars {execution: copy-jars}]
[INFO] Property 'imagej.app.directory' unset; Skipping copy-jars
[INFO] ------------------------------------------------------------------------
[INFO] Building ImageJ Legacy Bridge
[INFO]    task-segment: [clean, install]
[INFO] ------------------------------------------------------------------------
[INFO] [clean:clean {execution: default-clean}]
[INFO] [imagej:set-rootdir {execution: set-rootdir}]
[INFO] [buildnumber:create {execution: default}]
[debug] execute contextualize
[INFO] [resources:resources {execution: default-resources}]
[INFO] Using 'UTF-8' encoding to copy filtered resources.
[INFO] Copying 2 resources
[INFO] artifact net.imagej:ij: checking for updates from imagej.releases
[INFO] artifact net.imagej:ij: checking for updates from imagej.snapshots
[INFO] artifact net.imagej:ij: checking for updates from imagej.thirdparty
[INFO] artifact net.imagej:ij: checking for updates from java.net
[INFO] artifact net.imagej:ij: checking for updates from central
[INFO] [compiler:compile {execution: default-compile}]
[INFO] Compiling 44 source files to /data/devel/jenkins/jobs/ImageJ/workspace/core/legacy/target/classes
[debug] execute contextualize
[INFO] [resources:testResources {execution: default-testResources}]
[INFO] Using 'UTF-8' encoding to copy filtered resources.
[INFO] skip non existing resourceDirectory /data/devel/jenkins/jobs/ImageJ/workspace/core/legacy/src/test/resources
[INFO] [compiler:testCompile {execution: default-testCompile}]
[INFO] Compiling 5 source files to /data/devel/jenkins/jobs/ImageJ/workspace/core/legacy/target/test-classes
[INFO] [surefire:test {execution: default-test}]
[INFO] Surefire report directory: /data/devel/jenkins/jobs/ImageJ/workspace/core/legacy/target/surefire-reports

-------------------------------------------------------
 T E S T S
-------------------------------------------------------
Running imagej.legacy.OverlayHarmonizerTest
Tests run: 20, Failures: 0, Errors: 20, Skipped: 0, Time elapsed: 0.064 sec &lt;&lt;&lt; FAILURE!
Running imagej.legacy.LegacyImageMapTest
WARN: Ignoring non-Maven build directory: /data/devel/jenkins/jobs/ImageJ/workspace/core/legacy/target/test-classes
WARN: Updating the annotation index in /data/devel/jenkins/jobs/ImageJ/workspace/core/legacy/target/classes
SezPoz generated annotations.
[DEBUG] Creating service: imagej.data.DefaultDatasetService
[DEBUG] Creating service: org.scijava.object.DefaultObjectService
[DEBUG] Creating service: org.scijava.event.DefaultEventService
[DEBUG] Creating service: org.scijava.log.StderrLogService
[INFO] Created service: org.scijava.log.StderrLogService
[INFO] Created service: org.scijava.thread.DefaultThreadService
[INFO] Created service: org.scijava.event.DefaultEventService
[INFO] Created service: org.scijava.object.DefaultObjectService
[INFO] Created service: imagej.data.DefaultDatasetService
Tests run: 3, Failures: 0, Errors: 0, Skipped: 0, Time elapsed: 1.493 sec
Running imagej.legacy.translate.LegacyUtilsTest
Tests run: 2, Failures: 0, Errors: 0, Skipped: 2, Time elapsed: 0.001 sec

Results :

Tests in error: 
  testUpdateDisplay(imagej.legacy.OverlayHarmonizerTest): got: &lt;false&gt;, expected: is &lt;true&gt;
  testUpdateDisplay(imagej.legacy.OverlayHarmonizerTest)
  testUpdateImagePlus(imagej.legacy.OverlayHarmonizerTest): got: &lt;false&gt;, expected: is &lt;true&gt;
  testUpdateImagePlus(imagej.legacy.OverlayHarmonizerTest)
  testGetOverlays(imagej.legacy.OverlayHarmonizerTest): got: &lt;false&gt;, expected: is &lt;true&gt;
  testGetOverlays(imagej.legacy.OverlayHarmonizerTest)
  testSetOverlays(imagej.legacy.OverlayHarmonizerTest): got: &lt;false&gt;, expected: is &lt;true&gt;
  testSetOverlays(imagej.legacy.OverlayHarmonizerTest)
  testPolygonOverlay(imagej.legacy.OverlayHarmonizerTest): got: &lt;false&gt;, expected: is &lt;true&gt;
  testPolygonOverlay(imagej.legacy.OverlayHarmonizerTest)
  testPolygonROI(imagej.legacy.OverlayHarmonizerTest): got: &lt;false&gt;, expected: is &lt;true&gt;
  testPolygonROI(imagej.legacy.OverlayHarmonizerTest)
  testCompositeRoi(imagej.legacy.OverlayHarmonizerTest): got: &lt;false&gt;, expected: is &lt;true&gt;
  testCompositeRoi(imagej.legacy.OverlayHarmonizerTest)
  testDonut(imagej.legacy.OverlayHarmonizerTest): got: &lt;false&gt;, expected: is &lt;true&gt;
  testDonut(imagej.legacy.OverlayHarmonizerTest)
  testCreateBinaryMaskOverlay(imagej.legacy.OverlayHarmonizerTest): got: &lt;false&gt;, expected: is &lt;true&gt;
  testCreateBinaryMaskOverlay(imagej.legacy.OverlayHarmonizerTest)
  testCreateBinaryMaskROI(imagej.legacy.OverlayHarmonizerTest): got: &lt;false&gt;, expected: is &lt;true&gt;
  testCreateBinaryMaskROI(imagej.legacy.OverlayHarmonizerTest)

Tests run: 25, Failures: 0, Errors: 20, Skipped: 2

[INFO] ------------------------------------------------------------------------
[ERROR] BUILD FAILURE
[INFO] ------------------------------------------------------------------------
[INFO] There are test failures.

Please refer to /data/devel/jenkins/jobs/ImageJ/workspace/core/legacy/target/surefire-reports for the individual test results.
[INFO] ------------------------------------------------------------------------
[INFO] For more information, run Maven with the -e switch
[INFO] ------------------------------------------------------------------------
[INFO] Total time: 34 seconds
[INFO] Finished at: Fri Apr 05 15:38:33 CDT 2013
[INFO] Final Memory: 82M/1399M
[INFO] ------------------------------------------------------------------------
Build step 'Invoke top-level Maven targets' marked build as failure
Archiving artifacts
Recording test results
Performance: No threshold configured for making the test unstable
Performance: No threshold configured for making the test failure
Performance: Recording JUnit reports '**/TEST-*.xml'
Performance: Parsing JUnit report file TEST-imagej.command.CommandServiceTest.xml
Performance: Parsing JUnit report file TEST-imagej.display.DisplayTest.xml
Performance: Parsing JUnit report file TEST-imagej.menu.ShadowMenuTest.xml
Performance: Parsing JUnit report file TEST-imagej.script.JavascriptTest.xml
Performance: Parsing JUnit report file TEST-imagej.util.ColorRGBTest.xml
Performance: Parsing JUnit report file TEST-imagej.util.PrefsTest.xml
Performance: Parsing JUnit report file TEST-imagej.util.UnitUtilsTest.xml
Performance: Parsing JUnit report file TEST-imagej.data.DatasetTest.xml
Performance: Parsing JUnit report file TEST-imagej.data.ExtentsTest.xml
Performance: Parsing JUnit report file TEST-imagej.data.PositionTest.xml
Performance: Parsing JUnit report file TEST-imagej.data.TestCursorSpeeds.xml
Performance: Parsing JUnit report file TEST-imagej.data.display.ImageCanvasTest.xml
Performance: Parsing JUnit report file TEST-imagej.data.overlay.TestBinaryMaskOverlay.xml
Performance: Parsing JUnit report file TEST-imagej.data.table.DefaultResultsTableTest.xml
Performance: Parsing JUnit report file TEST-imagej.legacy.LegacyImageMapTest.xml
Performance: Parsing JUnit report file TEST-imagej.legacy.OverlayHarmonizerTest.xml
Performance: Parsing JUnit report file TEST-imagej.legacy.translate.LegacyUtilsTest.xml
Performance: Parsing JUnit report file TEST-imagej.updater.core.CommandLineUpdaterTest.xml
Performance: Parsing JUnit report file TEST-imagej.updater.core.LocalhostUploaderTest.xml
Performance: Parsing JUnit report file TEST-imagej.updater.core.UpdaterTest.xml
Performance: Parsing JUnit report file TEST-imagej.core.commands.upload.InteractiveUploadTest.xml
Performance: File TEST-imagej.command.CommandServiceTest.xml reported 0.0% of errors [SUCCESS]. Build status is: FAILURE
Performance: File TEST-imagej.display.DisplayTest.xml reported 0.0% of errors [SUCCESS]. Build status is: FAILURE
Performance: File TEST-imagej.menu.ShadowMenuTest.xml reported 0.0% of errors [SUCCESS]. Build status is: FAILURE
Performance: File TEST-imagej.script.JavascriptTest.xml reported 0.0% of errors [SUCCESS]. Build status is: FAILURE
Performance: File TEST-imagej.util.ColorRGBTest.xml reported 0.0% of errors [SUCCESS]. Build status is: FAILURE
Performance: File TEST-imagej.util.PrefsTest.xml reported 0.0% of errors [SUCCESS]. Build status is: FAILURE
Performance: File TEST-imagej.util.UnitUtilsTest.xml reported 0.0% of errors [SUCCESS]. Build status is: FAILURE
Performance: File TEST-imagej.data.DatasetTest.xml reported 0.0% of errors [SUCCESS]. Build status is: FAILURE
Performance: File TEST-imagej.data.ExtentsTest.xml reported 0.0% of errors [SUCCESS]. Build status is: FAILURE
Performance: File TEST-imagej.data.PositionTest.xml reported 0.0% of errors [SUCCESS]. Build status is: FAILURE
Performance: File TEST-imagej.data.TestCursorSpeeds.xml reported 0.0% of errors [SUCCESS]. Build status is: FAILURE
Performance: File TEST-imagej.data.display.ImageCanvasTest.xml reported 0.0% of errors [SUCCESS]. Build status is: FAILURE
Performance: File TEST-imagej.data.overlay.TestBinaryMaskOverlay.xml reported 0.0% of errors [SUCCESS]. Build status is: FAILURE
Performance: File TEST-imagej.data.table.DefaultResultsTableTest.xml reported 0.0% of errors [SUCCESS]. Build status is: FAILURE
Performance: File TEST-imagej.legacy.LegacyImageMapTest.xml reported 0.0% of errors [SUCCESS]. Build status is: FAILURE
Performance: File TEST-imagej.legacy.OverlayHarmonizerTest.xml reported 0.0% of errors [SUCCESS]. Build status is: FAILURE
Performance: File TEST-imagej.legacy.translate.LegacyUtilsTest.xml reported 0.0% of errors [SUCCESS]. Build status is: FAILURE
Performance: File TEST-imagej.updater.core.CommandLineUpdaterTest.xml reported 0.0% of errors [SUCCESS]. Build status is: FAILURE
Performance: File TEST-imagej.updater.core.LocalhostUploaderTest.xml reported 0.0% of errors [SUCCESS]. Build status is: FAILURE
Performance: File TEST-imagej.updater.core.UpdaterTest.xml reported 0.0% of errors [SUCCESS]. Build status is: FAILURE
Performance: File TEST-imagej.core.commands.upload.InteractiveUploadTest.xml reported 0.0% of errors [SUCCESS]. Build status is: FAILURE

</PRE>


<!--endarticle-->
    <HR>
    <P><UL>
        <!--threads-->
	<LI>Previous message: <A HREF="001619.html">[ImageJ-builds] Build failed in Jenkins: ImageJ #4255
</A></li>
	<LI>Next message: <A HREF="001621.html">[ImageJ-builds] Build failed in Jenkins: ImageJ #4257
</A></li>
         <LI> <B>Messages sorted by:</B> 
              <a href="date.html#1620">[ date ]</a>
              <a href="thread.html#1620">[ thread ]</a>
              <a href="subject.html#1620">[ subject ]</a>
              <a href="author.html#1620">[ author ]</a>
         </LI>
       </UL>

<hr>
<a href="http://imagej.net/mailman/listinfo/imagej-builds">More information about the ImageJ-builds
mailing list</a><br>
</body></html>
