<!DOCTYPE HTML PUBLIC "-//W3C//DTD HTML 4.01 Transitional//EN">
<HTML>
 <HEAD>
   <TITLE> [ImageJ-builds] Build failed in Jenkins: ImgLib2 #2401
   </TITLE>
   <LINK REL="Index" HREF="index.html" >
   <LINK REL="made" HREF="mailto:imagej-builds%40imagej.net?Subject=Re%3A%20%5BImageJ-builds%5D%20Build%20failed%20in%20Jenkins%3A%20ImgLib2%20%232401&In-Reply-To=%3C1808945203.19.1453204002055.JavaMail.jenkins%40dev%3E">
   <META NAME="robots" CONTENT="index,nofollow">
   <style type="text/css">
       pre {
           white-space: pre-wrap;       /* css-2.1, curent FF, Opera, Safari */
           }
   </style>
   <META http-equiv="Content-Type" content="text/html; charset=us-ascii">
   <LINK REL="Previous"  HREF="011873.html">
   <LINK REL="Next"  HREF="011881.html">
 </HEAD>
 <BODY BGCOLOR="#ffffff">
   <H1>[ImageJ-builds] Build failed in Jenkins: ImgLib2 #2401</H1>
    <B>jenkins at imagej.net</B> 
    <A HREF="mailto:imagej-builds%40imagej.net?Subject=Re%3A%20%5BImageJ-builds%5D%20Build%20failed%20in%20Jenkins%3A%20ImgLib2%20%232401&In-Reply-To=%3C1808945203.19.1453204002055.JavaMail.jenkins%40dev%3E"
       TITLE="[ImageJ-builds] Build failed in Jenkins: ImgLib2 #2401">jenkins at imagej.net
       </A><BR>
    <I>Tue Jan 19 05:46:42 CST 2016</I>
    <P><UL>
        <LI>Previous message: <A HREF="011873.html">[ImageJ-builds] mail-watcher-plugin: Computer Windows marked online
</A></li>
        <LI>Next message: <A HREF="011881.html">[ImageJ-builds] Jenkins build is back to normal : ImgLib2 #2402
</A></li>
         <LI> <B>Messages sorted by:</B> 
              <a href="date.html#11880">[ date ]</a>
              <a href="thread.html#11880">[ thread ]</a>
              <a href="subject.html#11880">[ subject ]</a>
              <a href="author.html#11880">[ author ]</a>
         </LI>
       </UL>
    <HR>  
<!--beginarticle-->
<PRE>See &lt;<A HREF="http://jenkins.imagej.net/job/ImgLib2/2401/">http://jenkins.imagej.net/job/ImgLib2/2401/</A>&gt;

------------------------------------------
[...truncated 1399 lines...]
Performance: File TEST-net.imglib2.img.cell.CellContainerTest.xml reported 0.0% of errors [SUCCESS]. Build status is: FAILURE



TEST-net.imglib2.img.cell.CellCursorTest.xml has an average of: 10
Performance: File TEST-net.imglib2.img.cell.CellCursorTest.xml reported 0.0% of errors [SUCCESS]. Build status is: FAILURE



TEST-net.imglib2.img.cell.CellImgTest.xml has an average of: 2650
Performance: File TEST-net.imglib2.img.cell.CellImgTest.xml reported 0.0% of errors [SUCCESS]. Build status is: FAILURE



TEST-net.imglib2.img.cell.CellTest.xml has an average of: 5
Performance: File TEST-net.imglib2.img.cell.CellTest.xml reported 0.0% of errors [SUCCESS]. Build status is: FAILURE



TEST-net.imglib2.img.cell.CopyTest.xml has an average of: 58
Performance: File TEST-net.imglib2.img.cell.CopyTest.xml reported 0.0% of errors [SUCCESS]. Build status is: FAILURE



TEST-net.imglib2.img.list.CopyTest.xml has an average of: 63
Performance: File TEST-net.imglib2.img.list.CopyTest.xml reported 0.0% of errors [SUCCESS]. Build status is: FAILURE



TEST-net.imglib2.img.planar.CopyTest.xml has an average of: 60
Performance: File TEST-net.imglib2.img.planar.CopyTest.xml reported 0.0% of errors [SUCCESS]. Build status is: FAILURE



TEST-net.imglib2.img.planar.PlanarImgTest.xml has an average of: 2739
Performance: File TEST-net.imglib2.img.planar.PlanarImgTest.xml reported 0.0% of errors [SUCCESS]. Build status is: FAILURE



TEST-net.imglib2.img.planar.PlanarIterableSubIntervalCursorTest.xml has an average of: 25
Performance: File TEST-net.imglib2.img.planar.PlanarIterableSubIntervalCursorTest.xml reported 0.0% of errors [SUCCESS]. Build status is: FAILURE



TEST-net.imglib2.img.sparse.NtreeTest.xml has an average of: 0
Performance: File TEST-net.imglib2.img.sparse.NtreeTest.xml reported 0.0% of errors [SUCCESS]. Build status is: FAILURE



TEST-net.imglib2.nearestneighbor.KDTreeTest.xml has an average of: 38
Performance: File TEST-net.imglib2.nearestneighbor.KDTreeTest.xml reported 0.0% of errors [SUCCESS]. Build status is: FAILURE



TEST-net.imglib2.nearestneighbor.NearestNeighborSearchOnIterableRealIntervalTest.xml has an average of: 0
Performance: File TEST-net.imglib2.nearestneighbor.NearestNeighborSearchOnIterableRealIntervalTest.xml reported 0.0% of errors [SUCCESS]. Build status is: FAILURE



TEST-net.imglib2.outofbounds.OutOfBoundsBorderTest.xml has an average of: 1
Performance: File TEST-net.imglib2.outofbounds.OutOfBoundsBorderTest.xml reported 0.0% of errors [SUCCESS]. Build status is: FAILURE



TEST-net.imglib2.outofbounds.OutOfBoundsMirrorDoubleBoundaryTest.xml has an average of: 2
Performance: File TEST-net.imglib2.outofbounds.OutOfBoundsMirrorDoubleBoundaryTest.xml reported 0.0% of errors [SUCCESS]. Build status is: FAILURE



TEST-net.imglib2.outofbounds.OutOfBoundsMirrorSingleBoundaryTest.xml has an average of: 3
Performance: File TEST-net.imglib2.outofbounds.OutOfBoundsMirrorSingleBoundaryTest.xml reported 0.0% of errors [SUCCESS]. Build status is: FAILURE



TEST-net.imglib2.outofbounds.OutOfBoundsPeriodicTest.xml has an average of: 2
Performance: File TEST-net.imglib2.outofbounds.OutOfBoundsPeriodicTest.xml reported 0.0% of errors [SUCCESS]. Build status is: FAILURE



TEST-net.imglib2.position.transform.FloorOffsetTest.xml has an average of: 0
Performance: File TEST-net.imglib2.position.transform.FloorOffsetTest.xml reported 0.0% of errors [SUCCESS]. Build status is: FAILURE



TEST-net.imglib2.transform.integer.permutation.AbstractPermutationTransformTest.xml has an average of: 1
Performance: File TEST-net.imglib2.transform.integer.permutation.AbstractPermutationTransformTest.xml reported 0.0% of errors [SUCCESS]. Build status is: FAILURE



TEST-net.imglib2.transform.integer.permutation.PermutationTransformTest.xml has an average of: 10
Performance: File TEST-net.imglib2.transform.integer.permutation.PermutationTransformTest.xml reported 0.0% of errors [SUCCESS]. Build status is: FAILURE



TEST-net.imglib2.transform.integer.permutation.SingleDimensionPermutationTransformTest.xml has an average of: 61
Performance: File TEST-net.imglib2.transform.integer.permutation.SingleDimensionPermutationTransformTest.xml reported 0.0% of errors [SUCCESS]. Build status is: FAILURE



TEST-net.imglib2.transform.integer.shear.ShearTransformTest.xml has an average of: 37
Performance: File TEST-net.imglib2.transform.integer.shear.ShearTransformTest.xml reported 0.0% of errors [SUCCESS]. Build status is: FAILURE



TEST-net.imglib2.type.logic.BitTypeTest.xml has an average of: 2
Performance: File TEST-net.imglib2.type.logic.BitTypeTest.xml reported 0.0% of errors [SUCCESS]. Build status is: FAILURE



TEST-net.imglib2.type.numeric.complex.ComplexDoubleTypeTest.xml has an average of: 0
Performance: File TEST-net.imglib2.type.numeric.complex.ComplexDoubleTypeTest.xml reported 0.0% of errors [SUCCESS]. Build status is: FAILURE



TEST-net.imglib2.type.numeric.complex.ComplexFloatTypeTest.xml has an average of: 0
Performance: File TEST-net.imglib2.type.numeric.complex.ComplexFloatTypeTest.xml reported 0.0% of errors [SUCCESS]. Build status is: FAILURE



TEST-net.imglib2.type.numeric.integer.ByteTypeTest.xml has an average of: 0
Performance: File TEST-net.imglib2.type.numeric.integer.ByteTypeTest.xml reported 0.0% of errors [SUCCESS]. Build status is: FAILURE



TEST-net.imglib2.type.numeric.integer.IntTypeTest.xml has an average of: 0
Performance: File TEST-net.imglib2.type.numeric.integer.IntTypeTest.xml reported 0.0% of errors [SUCCESS]. Build status is: FAILURE



TEST-net.imglib2.type.numeric.integer.LongTypeTest.xml has an average of: 0
Performance: File TEST-net.imglib2.type.numeric.integer.LongTypeTest.xml reported 0.0% of errors [SUCCESS]. Build status is: FAILURE



TEST-net.imglib2.type.numeric.integer.ShortTypeTest.xml has an average of: 0
Performance: File TEST-net.imglib2.type.numeric.integer.ShortTypeTest.xml reported 0.0% of errors [SUCCESS]. Build status is: FAILURE



TEST-net.imglib2.type.numeric.integer.Unsigned128BitTypeTest.xml has an average of: 11
Performance: File TEST-net.imglib2.type.numeric.integer.Unsigned128BitTypeTest.xml reported 0.0% of errors [SUCCESS]. Build status is: FAILURE



TEST-net.imglib2.type.numeric.integer.Unsigned12BitTypeTest.xml has an average of: 1
Performance: File TEST-net.imglib2.type.numeric.integer.Unsigned12BitTypeTest.xml reported 0.0% of errors [SUCCESS]. Build status is: FAILURE



TEST-net.imglib2.type.numeric.integer.Unsigned2BitTypeTest.xml has an average of: 1
Performance: File TEST-net.imglib2.type.numeric.integer.Unsigned2BitTypeTest.xml reported 0.0% of errors [SUCCESS]. Build status is: FAILURE



TEST-net.imglib2.type.numeric.integer.Unsigned4BitTypeTest.xml has an average of: 0
Performance: File TEST-net.imglib2.type.numeric.integer.Unsigned4BitTypeTest.xml reported 0.0% of errors [SUCCESS]. Build status is: FAILURE



TEST-net.imglib2.type.numeric.integer.UnsignedByteTypeTest.xml has an average of: 0
Performance: File TEST-net.imglib2.type.numeric.integer.UnsignedByteTypeTest.xml reported 0.0% of errors [SUCCESS]. Build status is: FAILURE



TEST-net.imglib2.type.numeric.integer.UnsignedIntTypeTest.xml has an average of: 0
Performance: File TEST-net.imglib2.type.numeric.integer.UnsignedIntTypeTest.xml reported 0.0% of errors [SUCCESS]. Build status is: FAILURE



TEST-net.imglib2.type.numeric.integer.UnsignedLongTypeTest.xml has an average of: 0
Performance: File TEST-net.imglib2.type.numeric.integer.UnsignedLongTypeTest.xml reported 0.0% of errors [SUCCESS]. Build status is: FAILURE



TEST-net.imglib2.type.numeric.integer.UnsignedShortTypeTest.xml has an average of: 0
Performance: File TEST-net.imglib2.type.numeric.integer.UnsignedShortTypeTest.xml reported 0.0% of errors [SUCCESS]. Build status is: FAILURE



TEST-net.imglib2.type.numeric.integer.UnsignedVariableBitLengthTypeTest.xml has an average of: 0
Performance: File TEST-net.imglib2.type.numeric.integer.UnsignedVariableBitLengthTypeTest.xml reported 0.0% of errors [SUCCESS]. Build status is: FAILURE



TEST-net.imglib2.util.ImgUtilTest.xml has an average of: 0
Performance: File TEST-net.imglib2.util.ImgUtilTest.xml reported 0.0% of errors [SUCCESS]. Build status is: FAILURE



TEST-net.imglib2.util.KthElementTest.xml has an average of: 0
Performance: File TEST-net.imglib2.util.KthElementTest.xml reported 0.0% of errors [SUCCESS]. Build status is: FAILURE



TEST-net.imglib2.util.LinAlgHelpersTest.xml has an average of: 0
Performance: File TEST-net.imglib2.util.LinAlgHelpersTest.xml reported 0.0% of errors [SUCCESS]. Build status is: FAILURE



TEST-net.imglib2.util.PartitionTest.xml has an average of: 0
Performance: File TEST-net.imglib2.util.PartitionTest.xml reported 0.0% of errors [SUCCESS]. Build status is: FAILURE



TEST-net.imglib2.util.RealSumTest.xml has an average of: 30
Performance: File TEST-net.imglib2.util.RealSumTest.xml reported 0.0% of errors [SUCCESS]. Build status is: FAILURE



TEST-net.imglib2.view.MixedTransformConcatenateTest.xml has an average of: 0
Performance: File TEST-net.imglib2.view.MixedTransformConcatenateTest.xml reported 0.0% of errors [SUCCESS]. Build status is: FAILURE



TEST-net.imglib2.view.RandomAccessTest.xml has an average of: 43
Performance: File TEST-net.imglib2.view.RandomAccessTest.xml reported 0.0% of errors [SUCCESS]. Build status is: FAILURE



TEST-net.imglib2.view.RandomAccessibleIntervalCursorTest.xml has an average of: 39
Performance: File TEST-net.imglib2.view.RandomAccessibleIntervalCursorTest.xml reported 0.0% of errors [SUCCESS]. Build status is: FAILURE



TEST-net.imglib2.view.SequentializeTransformTest.xml has an average of: 0
Performance: File TEST-net.imglib2.view.SequentializeTransformTest.xml reported 0.0% of errors [SUCCESS]. Build status is: FAILURE



TEST-net.imglib2.view.SlicingTransformConcatenateTest.xml has an average of: 0
Performance: File TEST-net.imglib2.view.SlicingTransformConcatenateTest.xml reported 0.0% of errors [SUCCESS]. Build status is: FAILURE



TEST-net.imglib2.view.StackRandomAccessibleIntervalsTest.xml has an average of: 7
Performance: File TEST-net.imglib2.view.StackRandomAccessibleIntervalsTest.xml reported 0.0% of errors [SUCCESS]. Build status is: FAILURE



TEST-net.imglib2.view.TranslationTransformConcatenateTest.xml has an average of: 0
Performance: File TEST-net.imglib2.view.TranslationTransformConcatenateTest.xml reported 0.0% of errors [SUCCESS]. Build status is: FAILURE



TEST-tests.BasicTest.xml has an average of: 0
Performance: File TEST-tests.BasicTest.xml reported 0.0% of errors [SUCCESS]. Build status is: FAILURE




</PRE>









<!--endarticle-->
    <HR>
    <P><UL>
        <!--threads-->
	<LI>Previous message: <A HREF="011873.html">[ImageJ-builds] mail-watcher-plugin: Computer Windows marked online
</A></li>
	<LI>Next message: <A HREF="011881.html">[ImageJ-builds] Jenkins build is back to normal : ImgLib2 #2402
</A></li>
         <LI> <B>Messages sorted by:</B> 
              <a href="date.html#11880">[ date ]</a>
              <a href="thread.html#11880">[ thread ]</a>
              <a href="subject.html#11880">[ subject ]</a>
              <a href="author.html#11880">[ author ]</a>
         </LI>
       </UL>

<hr>
<a href="http://imagej.net/mailman/listinfo/imagej-builds">More information about the ImageJ-builds
mailing list</a><br>
</body></html>
