<!DOCTYPE HTML PUBLIC "-//W3C//DTD HTML 4.01 Transitional//EN">
<HTML>
 <HEAD>
   <TITLE> [ImageJ-builds] Build failed in Jenkins: Trainable_Segmentation #30
   </TITLE>
   <LINK REL="Index" HREF="index.html" >
   <LINK REL="made" HREF="mailto:imagej-builds%40imagej.net?Subject=Re%3A%20%5BImageJ-builds%5D%20Build%20failed%20in%20Jenkins%3A%20Trainable_Segmentation%20%2330&In-Reply-To=%3C1998147851.7.1412283916018.JavaMail.jenkins%40dev%3E">
   <META NAME="robots" CONTENT="index,nofollow">
   <style type="text/css">
       pre {
           white-space: pre-wrap;       /* css-2.1, curent FF, Opera, Safari */
           }
   </style>
   <META http-equiv="Content-Type" content="text/html; charset=us-ascii">
   <LINK REL="Previous"  HREF="009533.html">
   <LINK REL="Next"  HREF="009535.html">
 </HEAD>
 <BODY BGCOLOR="#ffffff">
   <H1>[ImageJ-builds] Build failed in Jenkins: Trainable_Segmentation #30</H1>
    <B>jenkins at imagej.net</B> 
    <A HREF="mailto:imagej-builds%40imagej.net?Subject=Re%3A%20%5BImageJ-builds%5D%20Build%20failed%20in%20Jenkins%3A%20Trainable_Segmentation%20%2330&In-Reply-To=%3C1998147851.7.1412283916018.JavaMail.jenkins%40dev%3E"
       TITLE="[ImageJ-builds] Build failed in Jenkins: Trainable_Segmentation #30">jenkins at imagej.net
       </A><BR>
    <I>Thu Oct  2 16:05:16 CDT 2014</I>
    <P><UL>
        <LI>Previous message: <A HREF="009533.html">[ImageJ-builds] Jenkins build is back to normal :	TrackMate-examples #13
</A></li>
        <LI>Next message: <A HREF="009535.html">[ImageJ-builds] Jenkins build is back to normal :	Trainable_Segmentation #31
</A></li>
         <LI> <B>Messages sorted by:</B> 
              <a href="date.html#9534">[ date ]</a>
              <a href="thread.html#9534">[ thread ]</a>
              <a href="subject.html#9534">[ subject ]</a>
              <a href="author.html#9534">[ author ]</a>
         </LI>
       </UL>
    <HR>  
<!--beginarticle-->
<PRE>See &lt;<A HREF="http://jenkins.imagej.net/job/Trainable_Segmentation/30/changes">http://jenkins.imagej.net/job/Trainable_Segmentation/30/changes</A>&gt;

Changes:

[Curtis Rueden] POM: remove unused dependencies

------------------------------------------
[...truncated 259 lines...]
[WARNING] /data/devel/jenkins/jobs/Trainable_Segmentation/workspace/src/main/java/trainableSegmentation/Trainable_Segmentation.java:1139: warning - @param argument &quot;prob&quot; is not a parameter name.
[WARNING] /data/devel/jenkins/jobs/Trainable_Segmentation/workspace/src/main/java/trainableSegmentation/WekaSegmentation.java:1717: warning - Parameter &quot;mask&quot; is documented more than once.
[WARNING] /data/devel/jenkins/jobs/Trainable_Segmentation/workspace/src/main/java/trainableSegmentation/WekaSegmentation.java:4827: warning - @param argument &quot;list&quot; is not a parameter name.
[WARNING] /data/devel/jenkins/jobs/Trainable_Segmentation/workspace/src/main/java/trainableSegmentation/WekaSegmentation.java:5826: warning - @param argument &quot;udpateFeatures&quot; is not a parameter name.
[WARNING] /data/devel/jenkins/jobs/Trainable_Segmentation/workspace/src/main/java/trainableSegmentation/filters/Entropy_Filter.java:125: warning - @param argument &quot;numBin&quot; is not a parameter name.
[WARNING] /data/devel/jenkins/jobs/Trainable_Segmentation/workspace/src/main/java/trainableSegmentation/metrics/WarpingError.java:512: warning - @param argument &quot;verbose&quot; is not a parameter name.
[WARNING] /data/devel/jenkins/jobs/Trainable_Segmentation/workspace/src/main/java/trainableSegmentation/metrics/WarpingError.java:870: warning - @param argument &quot;verbose&quot; is not a parameter name.
[WARNING] /data/devel/jenkins/jobs/Trainable_Segmentation/workspace/src/main/java/trainableSegmentation/utils/Utils.java:208: warning - @param argument &quot;tcurve&quot; is not a parameter name.
[INFO] Fixed Javadoc frame injection vulnerability (CVE-2013-1571) in 1 files.
[INFO] Building jar: /data/devel/jenkins/jobs/Trainable_Segmentation/workspace/target/Trainable_Segmentation-2.1.0-javadoc.jar
[INFO] 
[INFO] --- maven-jar-plugin:2.5:test-jar (default) @ Trainable_Segmentation ---
[INFO] Building jar: /data/devel/jenkins/jobs/Trainable_Segmentation/workspace/target/Trainable_Segmentation-2.1.0-tests.jar
[INFO] 
[INFO] --- maven-install-plugin:2.5.1:install (default-install) @ Trainable_Segmentation ---
[INFO] Installing /data/devel/jenkins/jobs/Trainable_Segmentation/workspace/target/Trainable_Segmentation-2.1.0.jar to /var/lib/jenkins/.m2/repository/sc/fiji/Trainable_Segmentation/2.1.0/Trainable_Segmentation-2.1.0.jar
[INFO] Installing /data/devel/jenkins/jobs/Trainable_Segmentation/workspace/pom.xml to /var/lib/jenkins/.m2/repository/sc/fiji/Trainable_Segmentation/2.1.0/Trainable_Segmentation-2.1.0.pom
[INFO] Installing /data/devel/jenkins/jobs/Trainable_Segmentation/workspace/target/Trainable_Segmentation-2.1.0-sources.jar to /var/lib/jenkins/.m2/repository/sc/fiji/Trainable_Segmentation/2.1.0/Trainable_Segmentation-2.1.0-sources.jar
[INFO] Installing /data/devel/jenkins/jobs/Trainable_Segmentation/workspace/target/Trainable_Segmentation-2.1.0-javadoc.jar to /var/lib/jenkins/.m2/repository/sc/fiji/Trainable_Segmentation/2.1.0/Trainable_Segmentation-2.1.0-javadoc.jar
[INFO] Installing /data/devel/jenkins/jobs/Trainable_Segmentation/workspace/target/Trainable_Segmentation-2.1.0-tests.jar to /var/lib/jenkins/.m2/repository/sc/fiji/Trainable_Segmentation/2.1.0/Trainable_Segmentation-2.1.0-tests.jar
[INFO] 
[INFO] --- imagej-maven-plugin:0.5.4:copy-jars (copy-jars) @ Trainable_Segmentation ---
[INFO] Property 'imagej.app.directory' unset; Skipping copy-jars
[INFO] 
[INFO] --- maven-deploy-plugin:2.8.1:deploy (default-deploy) @ Trainable_Segmentation ---
Uploading: dav:<A HREF="http://maven.imagej.net/content/repositories/releases/sc/fiji/Trainable_Segmentation/2.1.0/Trainable_Segmentation-2.1.0.jar">http://maven.imagej.net/content/repositories/releases/sc/fiji/Trainable_Segmentation/2.1.0/Trainable_Segmentation-2.1.0.jar</A>
Oct 2, 2014 4:05:15 PM org.apache.commons.httpclient.auth.AuthChallengeProcessor selectAuthScheme
INFO: basic authentication scheme selected
4/386 KB     
8/386 KB   
12/386 KB   
16/386 KB   
20/386 KB   
24/386 KB   
28/386 KB   
32/386 KB   
36/386 KB   
40/386 KB   
44/386 KB   
48/386 KB   
52/386 KB   
56/386 KB   
60/386 KB   
64/386 KB   
68/386 KB   
72/386 KB   
76/386 KB   
80/386 KB   
84/386 KB   
88/386 KB   
92/386 KB   
96/386 KB   
100/386 KB   
104/386 KB   
108/386 KB   
112/386 KB   
116/386 KB   
120/386 KB   
124/386 KB   
128/386 KB   
132/386 KB   
136/386 KB   
140/386 KB   
144/386 KB   
148/386 KB   
152/386 KB   
156/386 KB   
160/386 KB   
164/386 KB   
168/386 KB   
172/386 KB   
176/386 KB   
180/386 KB   
184/386 KB   
188/386 KB   
192/386 KB   
196/386 KB   
200/386 KB   
204/386 KB   
208/386 KB   
212/386 KB   
216/386 KB   
220/386 KB   
224/386 KB   
228/386 KB   
232/386 KB   
236/386 KB   
240/386 KB   
244/386 KB   
248/386 KB   
252/386 KB   
256/386 KB   
260/386 KB   
264/386 KB   
268/386 KB   
272/386 KB   
276/386 KB   
280/386 KB   
284/386 KB   
288/386 KB   
292/386 KB   
296/386 KB   
300/386 KB   
304/386 KB   
308/386 KB   
312/386 KB   
316/386 KB   
320/386 KB   
324/386 KB   
328/386 KB   
332/386 KB   
336/386 KB   
340/386 KB   
344/386 KB   
348/386 KB   
352/386 KB   
356/386 KB   
360/386 KB   
364/386 KB   
368/386 KB   
372/386 KB   
376/386 KB   
380/386 KB   
384/386 KB   
386/386 KB   
Oct 2, 2014 4:05:15 PM org.apache.commons.httpclient.auth.AuthChallengeProcessor selectAuthScheme
INFO: basic authentication scheme selected
390/386 KB   
394/386 KB   
398/386 KB   
402/386 KB   
406/386 KB   
410/386 KB   
414/386 KB   
418/386 KB   
422/386 KB   
426/386 KB   
430/386 KB   
434/386 KB   
438/386 KB   
442/386 KB   
446/386 KB   
450/386 KB   
454/386 KB   
458/386 KB   
462/386 KB   
466/386 KB   
470/386 KB   
474/386 KB   
478/386 KB   
482/386 KB   
486/386 KB   
490/386 KB   
494/386 KB   
498/386 KB   
502/386 KB   
506/386 KB   
510/386 KB   
514/386 KB   
518/386 KB   
522/386 KB   
526/386 KB   
530/386 KB   
534/386 KB   
538/386 KB   
542/386 KB   
546/386 KB   
550/386 KB   
554/386 KB   
558/386 KB   
562/386 KB   
566/386 KB   
570/386 KB   
574/386 KB   
578/386 KB   
582/386 KB   
586/386 KB   
590/386 KB   
594/386 KB   
598/386 KB   
602/386 KB   
606/386 KB   
610/386 KB   
614/386 KB   
618/386 KB   
622/386 KB   
626/386 KB   
630/386 KB   
634/386 KB   
638/386 KB   
642/386 KB   
646/386 KB   
650/386 KB   
654/386 KB   
658/386 KB   
662/386 KB   
666/386 KB   
670/386 KB   
674/386 KB   
678/386 KB   
682/386 KB   
686/386 KB   
690/386 KB   
694/386 KB   
698/386 KB   
702/386 KB   
706/386 KB   
710/386 KB   
714/386 KB   
718/386 KB   
722/386 KB   
726/386 KB   
730/386 KB   
734/386 KB   
738/386 KB   
742/386 KB   
746/386 KB   
750/386 KB   
754/386 KB   
758/386 KB   
762/386 KB   
766/386 KB   
770/386 KB   
772/386 KB   
             
Uploading: <A HREF="http://maven.imagej.net/content/repositories/releases/sc/fiji/Trainable_Segmentation/2.1.0/Trainable_Segmentation-2.1.0.pom">http://maven.imagej.net/content/repositories/releases/sc/fiji/Trainable_Segmentation/2.1.0/Trainable_Segmentation-2.1.0.pom</A>
Oct 2, 2014 4:05:15 PM org.apache.commons.httpclient.auth.AuthChallengeProcessor selectAuthScheme
INFO: basic authentication scheme selected
3/3 KB       
Oct 2, 2014 4:05:15 PM org.apache.commons.httpclient.auth.AuthChallengeProcessor selectAuthScheme
INFO: basic authentication scheme selected
6/3 KB   
         
[INFO] ------------------------------------------------------------------------
[INFO] BUILD FAILURE
[INFO] ------------------------------------------------------------------------
[INFO] Total time: 17.280s
[INFO] Finished at: Thu Oct 02 16:05:15 CDT 2014
[INFO] Final Memory: 55M/444M
[INFO] ------------------------------------------------------------------------
[ERROR] Failed to execute goal org.apache.maven.plugins:maven-deploy-plugin:2.8.1:deploy (default-deploy) on project Trainable_Segmentation: Failed to deploy artifacts: Could not transfer artifact sc.fiji:Trainable_Segmentation:jar:2.1.0 from/to imagej.releases (dav:<A HREF="http://maven.imagej.net/content/repositories/releases">http://maven.imagej.net/content/repositories/releases</A>): Failed to transfer file: <A HREF="http://maven.imagej.net/content/repositories/releases/sc/fiji/Trainable_Segmentation/2.1.0/Trainable_Segmentation-2.1.0.jar.">http://maven.imagej.net/content/repositories/releases/sc/fiji/Trainable_Segmentation/2.1.0/Trainable_Segmentation-2.1.0.jar.</A> Return code is: 400 -&gt; [Help 1]
[ERROR] 
[ERROR] To see the full stack trace of the errors, re-run Maven with the -e switch.
[ERROR] Re-run Maven using the -X switch to enable full debug logging.
[ERROR] 
[ERROR] For more information about the errors and possible solutions, please read the following articles:
[ERROR] [Help 1] <A HREF="http://cwiki.apache.org/confluence/display/MAVEN/MojoExecutionException">http://cwiki.apache.org/confluence/display/MAVEN/MojoExecutionException</A>
Build step 'Execute shell' marked build as failure
Archiving artifacts

</PRE>


<!--endarticle-->
    <HR>
    <P><UL>
        <!--threads-->
	<LI>Previous message: <A HREF="009533.html">[ImageJ-builds] Jenkins build is back to normal :	TrackMate-examples #13
</A></li>
	<LI>Next message: <A HREF="009535.html">[ImageJ-builds] Jenkins build is back to normal :	Trainable_Segmentation #31
</A></li>
         <LI> <B>Messages sorted by:</B> 
              <a href="date.html#9534">[ date ]</a>
              <a href="thread.html#9534">[ thread ]</a>
              <a href="subject.html#9534">[ subject ]</a>
              <a href="author.html#9534">[ author ]</a>
         </LI>
       </UL>

<hr>
<a href="http://imagej.net/mailman/listinfo/imagej-builds">More information about the ImageJ-builds
mailing list</a><br>
</body></html>
