<!DOCTYPE HTML PUBLIC "-//W3C//DTD HTML 4.01 Transitional//EN">
<HTML>
 <HEAD>
   <TITLE> [ImageJ-builds] Build failed in Jenkins: NAR-Maven-Plugin-windows	#111
   </TITLE>
   <LINK REL="Index" HREF="index.html" >
   <LINK REL="made" HREF="mailto:imagej-builds%40imagej.net?Subject=Re%3A%20%5BImageJ-builds%5D%20Build%20failed%20in%20Jenkins%3A%20NAR-Maven-Plugin-windows%0A%09%23111&In-Reply-To=%3C550561436.403.1479765019617.JavaMail.jenkins%40dev%3E">
   <META NAME="robots" CONTENT="index,nofollow">
   <style type="text/css">
       pre {
           white-space: pre-wrap;       /* css-2.1, curent FF, Opera, Safari */
           }
   </style>
   <META http-equiv="Content-Type" content="text/html; charset=utf-8">
   <LINK REL="Previous"  HREF="012501.html">
   <LINK REL="Next"  HREF="012518.html">
 </HEAD>
 <BODY BGCOLOR="#ffffff">
   <H1>[ImageJ-builds] Build failed in Jenkins: NAR-Maven-Plugin-windows	#111</H1>
    <B>jenkins at imagej.net</B> 
    <A HREF="mailto:imagej-builds%40imagej.net?Subject=Re%3A%20%5BImageJ-builds%5D%20Build%20failed%20in%20Jenkins%3A%20NAR-Maven-Plugin-windows%0A%09%23111&In-Reply-To=%3C550561436.403.1479765019617.JavaMail.jenkins%40dev%3E"
       TITLE="[ImageJ-builds] Build failed in Jenkins: NAR-Maven-Plugin-windows	#111">jenkins at imagej.net
       </A><BR>
    <I>Mon Nov 21 15:50:19 CST 2016</I>
    <P><UL>
        <LI>Previous message (by thread): <A HREF="012501.html">[ImageJ-builds] Jenkins build is back to normal : BAR #39
</A></li>
        <LI>Next message (by thread): <A HREF="012518.html">[ImageJ-builds] Build failed in Jenkins: bUnwarpJ #31
</A></li>
         <LI> <B>Messages sorted by:</B> 
              <a href="date.html#12515">[ date ]</a>
              <a href="thread.html#12515">[ thread ]</a>
              <a href="subject.html#12515">[ subject ]</a>
              <a href="author.html#12515">[ author ]</a>
         </LI>
       </UL>
    <HR>  
<!--beginarticle-->
<PRE>See &lt;<A HREF="http://jenkins.imagej.net/job/NAR-Maven-Plugin-windows/111/changes">http://jenkins.imagej.net/job/NAR-Maven-Plugin-windows/111/changes</A>&gt;

Changes:

[sameer.misger] Fixing squid:S1066--Collapsible &quot;if&quot; statements should be merged

[Curtis Rueden] Fix CC version detection

[Curtis Rueden] Add SPARC 64-bit architecture

[Curtis Rueden] Fall back to static binding if no shared library

[manoharreddy_paduri] Linker default dependency Lib Order #236

[Jenkins] Bump to next development cycle

[jef.blanc] Correction for mingw on Windows. nar-maven-plugin doesn't work anymore

[Curtis Rueden] Add helper methods for detecting use of MSVC

[jef.blanc] GCC WindresResourceCompiler, bad output folder for objects. The method

[Curtis Rueden] Use the official BCEL 6.0 release

[Curtis Rueden] POM: update developers and contributors

[Curtis Rueden] POM: fix syntax errors

[Jenkins] Bump to next development cycle

[Curtis Rueden] README.md: update recommended version to 3.5.1

[hboutemy] Add support for aol.properties inheritance/override #122

------------------------------------------
[...truncated 8252 lines...]
5555/6047 KB   
5559/6047 KB   
5563/6047 KB   
5567/6047 KB   
5571/6047 KB   
5575/6047 KB   
5579/6047 KB   
5583/6047 KB   
5587/6047 KB   
5591/6047 KB   
5595/6047 KB   
5599/6047 KB   
5603/6047 KB   
5607/6047 KB   
5611/6047 KB   
5615/6047 KB   
5619/6047 KB   
5623/6047 KB   
5627/6047 KB   
5631/6047 KB   
5635/6047 KB   
5639/6047 KB   
5643/6047 KB   
5647/6047 KB   
5651/6047 KB   
5655/6047 KB   
5659/6047 KB   
5663/6047 KB   
5667/6047 KB   
5671/6047 KB   
5675/6047 KB   
5679/6047 KB   
5683/6047 KB   
5687/6047 KB   
5691/6047 KB   
5695/6047 KB   
5699/6047 KB   
5703/6047 KB   
5707/6047 KB   
5711/6047 KB   
5715/6047 KB   
5719/6047 KB   
5723/6047 KB   
5727/6047 KB   
5731/6047 KB   
5735/6047 KB   
5739/6047 KB   
5743/6047 KB   
5747/6047 KB   
5751/6047 KB   
5755/6047 KB   
5759/6047 KB   
5763/6047 KB   
5767/6047 KB   
5771/6047 KB   
5775/6047 KB   
5779/6047 KB   
5783/6047 KB   
5787/6047 KB   
5791/6047 KB   
5795/6047 KB   
5799/6047 KB   
5803/6047 KB   
5807/6047 KB   
5811/6047 KB   
5815/6047 KB   
5819/6047 KB   
5823/6047 KB   
5827/6047 KB   
5831/6047 KB   
5835/6047 KB   
5839/6047 KB   
5843/6047 KB   
5847/6047 KB   
5851/6047 KB   
5855/6047 KB   
5859/6047 KB   
5863/6047 KB   
5867/6047 KB   
5871/6047 KB   
5875/6047 KB   
5879/6047 KB   
5883/6047 KB   
5887/6047 KB   
5891/6047 KB   
5895/6047 KB   
5899/6047 KB   
5903/6047 KB   
5907/6047 KB   
5911/6047 KB   
5915/6047 KB   
5919/6047 KB   
5923/6047 KB   
5927/6047 KB   
5931/6047 KB   
5935/6047 KB   
5939/6047 KB   
5943/6047 KB   
5947/6047 KB   
5951/6047 KB   
5955/6047 KB   
5959/6047 KB   
5963/6047 KB   
5967/6047 KB   
5971/6047 KB   
5975/6047 KB   
5979/6047 KB   
5983/6047 KB   
5987/6047 KB   
5991/6047 KB   
5995/6047 KB   
5999/6047 KB   
6003/6047 KB   
6007/6047 KB   
6011/6047 KB   
6015/6047 KB   
6019/6047 KB   
6023/6047 KB   
6027/6047 KB   
6031/6047 KB   
6035/6047 KB   
6039/6047 KB   
6043/6047 KB   
6047/6047 KB   
6047/6047 KB   
               
Downloaded: <A HREF="http://repo.maven.apache.org/maven2/org/codehaus/groovy/groovy-all/2.0.1/groovy-all-2.0.1.jar">http://repo.maven.apache.org/maven2/org/codehaus/groovy/groovy-all/2.0.1/groovy-all-2.0.1.jar</A> (6047 KB at 6871.4 KB/sec)
[INFO] Installing &lt;<A HREF="http://jenkins.imagej.net/job/NAR-Maven-Plugin-windows/ws/pom.xml">http://jenkins.imagej.net/job/NAR-Maven-Plugin-windows/ws/pom.xml</A>&gt; to &lt;<A HREF="http://jenkins.imagej.net/job/NAR-Maven-Plugin-windows/ws/target\it-repo\com\github\maven-nar\nar-maven-plugin\3.5.2-SNAPSHOT\nar-maven-plugin-3.5.2-SNAPSHOT.pom">http://jenkins.imagej.net/job/NAR-Maven-Plugin-windows/ws/target\it-repo\com\github\maven-nar\nar-maven-plugin\3.5.2-SNAPSHOT\nar-maven-plugin-3.5.2-SNAPSHOT.pom</A>&gt;
[INFO] Installing &lt;<A HREF="http://jenkins.imagej.net/job/NAR-Maven-Plugin-windows/ws/target\nar-maven-plugin-3.5.2-SNAPSHOT.jar">http://jenkins.imagej.net/job/NAR-Maven-Plugin-windows/ws/target\nar-maven-plugin-3.5.2-SNAPSHOT.jar</A>&gt; to &lt;<A HREF="http://jenkins.imagej.net/job/NAR-Maven-Plugin-windows/ws/target\it-repo\com\github\maven-nar\nar-maven-plugin\3.5.2-SNAPSHOT\nar-maven-plugin-3.5.2-SNAPSHOT.jar">http://jenkins.imagej.net/job/NAR-Maven-Plugin-windows/ws/target\it-repo\com\github\maven-nar\nar-maven-plugin\3.5.2-SNAPSHOT\nar-maven-plugin-3.5.2-SNAPSHOT.jar</A>&gt;
[INFO] 
[INFO] --- maven-invoker-plugin:1.8:run (integration-test) @ nar-maven-plugin ---
[INFO] Building: it-parent\pom.xml
[INFO] ..SUCCESS (5.0 s)
[INFO] Building: it0003-jni\pom.xml
[INFO] ..FAILED (5.1 s)
[INFO]   The build exited with code 1. See &lt;<A HREF="http://jenkins.imagej.net/job/NAR-Maven-Plugin-windows/ws/target\it\it0003-jni\build.log">http://jenkins.imagej.net/job/NAR-Maven-Plugin-windows/ws/target\it\it0003-jni\build.log</A>&gt; for details.
[INFO] Building: it0007-lib-shared\pom.xml
[INFO] ..FAILED (3.0 s)
[INFO]   The build exited with code 1. See &lt;<A HREF="http://jenkins.imagej.net/job/NAR-Maven-Plugin-windows/ws/target\it\it0007-lib-shared\build.log">http://jenkins.imagej.net/job/NAR-Maven-Plugin-windows/ws/target\it\it0007-lib-shared\build.log</A>&gt; for details.
[INFO] Building: it0010-lib-static\pom.xml
[INFO] ..FAILED (2.9 s)
[INFO]   The build exited with code 1. See &lt;<A HREF="http://jenkins.imagej.net/job/NAR-Maven-Plugin-windows/ws/target\it\it0010-lib-static\build.log">http://jenkins.imagej.net/job/NAR-Maven-Plugin-windows/ws/target\it\it0010-lib-static\build.log</A>&gt; for details.
[INFO] Building: it0020-lib-3rdparty\pom.xml
[INFO] ..FAILED (2.7 s)
[INFO]   The build exited with code 1. See &lt;<A HREF="http://jenkins.imagej.net/job/NAR-Maven-Plugin-windows/ws/target\it\it0020-lib-3rdparty\build.log">http://jenkins.imagej.net/job/NAR-Maven-Plugin-windows/ws/target\it\it0020-lib-3rdparty\build.log</A>&gt; for details.
[INFO] Building: it0026-native-lib-loader\pom.xml
[INFO] ..FAILED (3.6 s)
[INFO]   The build exited with code 1. See &lt;<A HREF="http://jenkins.imagej.net/job/NAR-Maven-Plugin-windows/ws/target\it\it0026-native-lib-loader\build.log">http://jenkins.imagej.net/job/NAR-Maven-Plugin-windows/ws/target\it\it0026-native-lib-loader\build.log</A>&gt; for details.
[INFO] Building: it0001-executable\pom.xml
[INFO] ..FAILED (3.0 s)
[INFO]   The build exited with code 1. See &lt;<A HREF="http://jenkins.imagej.net/job/NAR-Maven-Plugin-windows/ws/target\it\it0001-executable\build.log">http://jenkins.imagej.net/job/NAR-Maven-Plugin-windows/ws/target\it\it0001-executable\build.log</A>&gt; for details.
[INFO] Building: it0002-executable-static\pom.xml
[INFO] ..FAILED (2.9 s)
[INFO]   The build exited with code 1. See &lt;<A HREF="http://jenkins.imagej.net/job/NAR-Maven-Plugin-windows/ws/target\it\it0002-executable-static\build.log">http://jenkins.imagej.net/job/NAR-Maven-Plugin-windows/ws/target\it\it0002-executable-static\build.log</A>&gt; for details.
[INFO] Building: it0004-java-dep-jni\pom.xml
[INFO] run script setup.bsh
[INFO] ..ERROR (0.1 s)
[INFO]   The pre-build script did not succeed. Null Pointer while evaluating: artifacts.length
[INFO] Building: it0005-jni-static\pom.xml
[INFO] ..FAILED (2.7 s)
[INFO]   The build exited with code 1. See &lt;<A HREF="http://jenkins.imagej.net/job/NAR-Maven-Plugin-windows/ws/target\it\it0005-jni-static\build.log">http://jenkins.imagej.net/job/NAR-Maven-Plugin-windows/ws/target\it\it0005-jni-static\build.log</A>&gt; for details.
[INFO] Building: it0006-jni-3rdparty\pom.xml
[INFO] ..FAILED (2.7 s)
[INFO]   The build exited with code 1. See &lt;<A HREF="http://jenkins.imagej.net/job/NAR-Maven-Plugin-windows/ws/target\it\it0006-jni-3rdparty\build.log">http://jenkins.imagej.net/job/NAR-Maven-Plugin-windows/ws/target\it\it0006-jni-3rdparty\build.log</A>&gt; for details.
[INFO] Building: it0008-executable-dep-lib-shared\pom.xml
[INFO] ..FAILED (2.5 s)
[INFO]   The build exited with code 1. See &lt;<A HREF="http://jenkins.imagej.net/job/NAR-Maven-Plugin-windows/ws/target\it\it0008-executable-dep-lib-shared\build.log">http://jenkins.imagej.net/job/NAR-Maven-Plugin-windows/ws/target\it\it0008-executable-dep-lib-shared\build.log</A>&gt; for details.
[INFO] Building: it0009-jni-dep-lib-shared\pom.xml
[INFO] ..FAILED (2.4 s)
[INFO]   The build exited with code 1. See &lt;<A HREF="http://jenkins.imagej.net/job/NAR-Maven-Plugin-windows/ws/target\it\it0009-jni-dep-lib-shared\build.log">http://jenkins.imagej.net/job/NAR-Maven-Plugin-windows/ws/target\it\it0009-jni-dep-lib-shared\build.log</A>&gt; for details.
[INFO] Building: it0011-executable-dep-lib-static\pom.xml
[INFO] ..FAILED (2.6 s)
[INFO]   The build exited with code 1. See &lt;<A HREF="http://jenkins.imagej.net/job/NAR-Maven-Plugin-windows/ws/target\it\it0011-executable-dep-lib-static\build.log">http://jenkins.imagej.net/job/NAR-Maven-Plugin-windows/ws/target\it\it0011-executable-dep-lib-static\build.log</A>&gt; for details.
[INFO] Building: it0012-jni-dep-lib-static\pom.xml
[INFO] ..FAILED (2.6 s)
[INFO]   The build exited with code 1. See &lt;<A HREF="http://jenkins.imagej.net/job/NAR-Maven-Plugin-windows/ws/target\it\it0012-jni-dep-lib-static\build.log">http://jenkins.imagej.net/job/NAR-Maven-Plugin-windows/ws/target\it\it0012-jni-dep-lib-static\build.log</A>&gt; for details.
[INFO] Building: it0014-multi-module\pom.xml
[INFO] ..FAILED (2.8 s)
[INFO]   The build exited with code 1. See &lt;<A HREF="http://jenkins.imagej.net/job/NAR-Maven-Plugin-windows/ws/target\it\it0014-multi-module\build.log">http://jenkins.imagej.net/job/NAR-Maven-Plugin-windows/ws/target\it\it0014-multi-module\build.log</A>&gt; for details.
[INFO] Building: it0015-cpp-executable\pom.xml
[INFO] ..FAILED (2.7 s)
[INFO]   The build exited with code 1. See &lt;<A HREF="http://jenkins.imagej.net/job/NAR-Maven-Plugin-windows/ws/target\it\it0015-cpp-executable\build.log">http://jenkins.imagej.net/job/NAR-Maven-Plugin-windows/ws/target\it\it0015-cpp-executable\build.log</A>&gt; for details.
[INFO] Building: it0016-layout\pom.xml
[INFO] ..FAILED (2.9 s)
[INFO]   The build exited with code 1. See &lt;<A HREF="http://jenkins.imagej.net/job/NAR-Maven-Plugin-windows/ws/target\it\it0016-layout\build.log">http://jenkins.imagej.net/job/NAR-Maven-Plugin-windows/ws/target\it\it0016-layout\build.log</A>&gt; for details.
[INFO] Building: it0019-compiler\pom.xml
[INFO] ..SUCCESS (7.0 s)
[INFO] Building: it0023-local-aol-properties\pom.xml
[INFO] ..FAILED (2.7 s)
[INFO]   The build exited with code 1. See &lt;<A HREF="http://jenkins.imagej.net/job/NAR-Maven-Plugin-windows/ws/target\it\it0023-local-aol-properties\build.log">http://jenkins.imagej.net/job/NAR-Maven-Plugin-windows/ws/target\it\it0023-local-aol-properties\build.log</A>&gt; for details.
[INFO] Building: it0024-namedout\pom.xml
[INFO] ..FAILED (2.9 s)
[INFO]   The build exited with code 1. See &lt;<A HREF="http://jenkins.imagej.net/job/NAR-Maven-Plugin-windows/ws/target\it\it0024-namedout\build.log">http://jenkins.imagej.net/job/NAR-Maven-Plugin-windows/ws/target\it\it0024-namedout\build.log</A>&gt; for details.
[INFO] Building: it0025-jar-dep-jni\pom.xml
[INFO] ..FAILED (3.5 s)
[INFO]   The build exited with code 1. See &lt;<A HREF="http://jenkins.imagej.net/job/NAR-Maven-Plugin-windows/ws/target\it\it0025-jar-dep-jni\build.log">http://jenkins.imagej.net/job/NAR-Maven-Plugin-windows/ws/target\it\it0025-jar-dep-jni\build.log</A>&gt; for details.
[INFO] Building: it0027-dep-jni-native-lib-loader\pom.xml
[INFO] ..FAILED (2.8 s)
[INFO]   The build exited with code 1. See &lt;<A HREF="http://jenkins.imagej.net/job/NAR-Maven-Plugin-windows/ws/target\it\it0027-dep-jni-native-lib-loader\build.log">http://jenkins.imagej.net/job/NAR-Maven-Plugin-windows/ws/target\it\it0027-dep-jni-native-lib-loader\build.log</A>&gt; for details.
[INFO] Building: it0028-scope\pom.xml
[INFO] ..FAILED (3.0 s)
[INFO]   The build exited with code 1. See &lt;<A HREF="http://jenkins.imagej.net/job/NAR-Maven-Plugin-windows/ws/target\it\it0028-scope\build.log">http://jenkins.imagej.net/job/NAR-Maven-Plugin-windows/ws/target\it\it0028-scope\build.log</A>&gt; for details.
[INFO] Building: it0030-multiple-aol-properties\pom.xml
[INFO] ..FAILED (2.8 s)
[INFO]   The build exited with code 1. See &lt;<A HREF="http://jenkins.imagej.net/job/NAR-Maven-Plugin-windows/ws/target\it\it0030-multiple-aol-properties\build.log">http://jenkins.imagej.net/job/NAR-Maven-Plugin-windows/ws/target\it\it0030-multiple-aol-properties\build.log</A>&gt; for details.
[INFO] -------------------------------------------------
[INFO] Build Summary:
[INFO]   Passed: 2, Failed: 22, Errors: 1, Skipped: 0
[INFO] -------------------------------------------------
[ERROR] The following builds failed:
[ERROR] *  it0003-jni\pom.xml
[ERROR] *  it0007-lib-shared\pom.xml
[ERROR] *  it0010-lib-static\pom.xml
[ERROR] *  it0020-lib-3rdparty\pom.xml
[ERROR] *  it0026-native-lib-loader\pom.xml
[ERROR] *  it0001-executable\pom.xml
[ERROR] *  it0002-executable-static\pom.xml
[ERROR] *  it0005-jni-static\pom.xml
[ERROR] *  it0006-jni-3rdparty\pom.xml
[ERROR] *  it0008-executable-dep-lib-shared\pom.xml
[ERROR] *  it0009-jni-dep-lib-shared\pom.xml
[ERROR] *  it0011-executable-dep-lib-static\pom.xml
[ERROR] *  it0012-jni-dep-lib-static\pom.xml
[ERROR] *  it0014-multi-module\pom.xml
[ERROR] *  it0015-cpp-executable\pom.xml
[ERROR] *  it0016-layout\pom.xml
[ERROR] *  it0023-local-aol-properties\pom.xml
[ERROR] *  it0024-namedout\pom.xml
[ERROR] *  it0025-jar-dep-jni\pom.xml
[ERROR] *  it0027-dep-jni-native-lib-loader\pom.xml
[ERROR] *  it0028-scope\pom.xml
[ERROR] *  it0030-multiple-aol-properties\pom.xml
[INFO] -------------------------------------------------
[INFO] ------------------------------------------------------------------------
[INFO] BUILD FAILURE
[INFO] ------------------------------------------------------------------------
[INFO] Total time: 2:13.555s
[INFO] Finished at: Mon Nov 21 15:50:17 CST 2016
[INFO] Final Memory: 36M/90M
[INFO] ------------------------------------------------------------------------
[ERROR] Failed to execute goal org.apache.maven.plugins:maven-invoker-plugin:1.8:run (integration-test) on project nar-maven-plugin: 22 builds failed. See console output above for details. -&gt; [Help 1]
[ERROR] 
[ERROR] To see the full stack trace of the errors, re-run Maven with the -e switch.
[ERROR] Re-run Maven using the -X switch to enable full debug logging.
[ERROR] 
[ERROR] For more information about the errors and possible solutions, please read the following articles:
[ERROR] [Help 1] <A HREF="http://cwiki.apache.org/confluence/display/MAVEN/MojoFailureException">http://cwiki.apache.org/confluence/display/MAVEN/MojoFailureException</A>
Java HotSpot(TM) Client VM warning: ignoring option MaxPermSize=256m; support was removed in 8.0
Build step 'Execute shell' marked build as failure

</PRE>





<!--endarticle-->
    <HR>
    <P><UL>
        <!--threads-->
	<LI>Previous message (by thread): <A HREF="012501.html">[ImageJ-builds] Jenkins build is back to normal : BAR #39
</A></li>
	<LI>Next message (by thread): <A HREF="012518.html">[ImageJ-builds] Build failed in Jenkins: bUnwarpJ #31
</A></li>
         <LI> <B>Messages sorted by:</B> 
              <a href="date.html#12515">[ date ]</a>
              <a href="thread.html#12515">[ thread ]</a>
              <a href="subject.html#12515">[ subject ]</a>
              <a href="author.html#12515">[ author ]</a>
         </LI>
       </UL>

<hr>
<a href="http://imagej.net/mailman/listinfo/imagej-builds">More information about the ImageJ-builds
mailing list</a><br>
</body></html>
