<!DOCTYPE HTML PUBLIC "-//W3C//DTD HTML 4.01 Transitional//EN">
<HTML>
 <HEAD>
   <TITLE> [ImageJ-builds] Build failed in Jenkins: ImageJ1-unit-tests #325
   </TITLE>
   <LINK REL="Index" HREF="index.html" >
   <LINK REL="made" HREF="mailto:imagej-builds%40imagej.net?Subject=Re%3A%20%5BImageJ-builds%5D%20Build%20failed%20in%20Jenkins%3A%20ImageJ1-unit-tests%20%23325&In-Reply-To=%3C1090243458.33.1496900530365.JavaMail.jenkins%40dev%3E">
   <META NAME="robots" CONTENT="index,nofollow">
   <style type="text/css">
       pre {
           white-space: pre-wrap;       /* css-2.1, curent FF, Opera, Safari */
           }
   </style>
   <META http-equiv="Content-Type" content="text/html; charset=utf-8">
   
   <LINK REL="Next"  HREF="012797.html">
 </HEAD>
 <BODY BGCOLOR="#ffffff">
   <H1>[ImageJ-builds] Build failed in Jenkins: ImageJ1-unit-tests #325</H1>
    <B>jenkins at imagej.net</B> 
    <A HREF="mailto:imagej-builds%40imagej.net?Subject=Re%3A%20%5BImageJ-builds%5D%20Build%20failed%20in%20Jenkins%3A%20ImageJ1-unit-tests%20%23325&In-Reply-To=%3C1090243458.33.1496900530365.JavaMail.jenkins%40dev%3E"
       TITLE="[ImageJ-builds] Build failed in Jenkins: ImageJ1-unit-tests #325">jenkins at imagej.net
       </A><BR>
    <I>Thu Jun  8 00:42:10 CDT 2017</I>
    <P><UL>
        
        <LI>Next message (by thread): <A HREF="012797.html">[ImageJ-builds] Build failed in Jenkins: ImageJ1-unit-tests #326
</A></li>
         <LI> <B>Messages sorted by:</B> 
              <a href="date.html#12796">[ date ]</a>
              <a href="thread.html#12796">[ thread ]</a>
              <a href="subject.html#12796">[ subject ]</a>
              <a href="author.html#12796">[ author ]</a>
         </LI>
       </UL>
    <HR>  
<!--beginarticle-->
<PRE>See &lt;<A HREF="http://jenkins.imagej.net/job/ImageJ1-unit-tests/325/display/redirect">http://jenkins.imagej.net/job/ImageJ1-unit-tests/325/display/redirect</A>&gt;

------------------------------------------
[...truncated 5.01 KB...]
 &gt; git rev-parse refs/tags/jenkins-ImageJ1-unit-tests-312^{commit} # timeout=10
 &gt; git rev-parse refs/tags/jenkins-ImageJ1-unit-tests-313^{commit} # timeout=10
 &gt; git rev-parse refs/tags/jenkins-ImageJ1-unit-tests-314^{commit} # timeout=10
 &gt; git rev-parse refs/tags/jenkins-ImageJ1-unit-tests-315^{commit} # timeout=10
 &gt; git rev-parse refs/tags/jenkins-ImageJ1-unit-tests-316^{commit} # timeout=10
 &gt; git rev-parse refs/tags/jenkins-ImageJ1-unit-tests-317^{commit} # timeout=10
 &gt; git rev-parse refs/tags/jenkins-ImageJ1-unit-tests-318^{commit} # timeout=10
 &gt; git rev-parse refs/tags/jenkins-ImageJ1-unit-tests-319^{commit} # timeout=10
 &gt; git rev-parse refs/tags/jenkins-ImageJ1-unit-tests-280^{commit} # timeout=10
 &gt; git rev-parse refs/tags/jenkins-ImageJ1-unit-tests-281^{commit} # timeout=10
 &gt; git rev-parse refs/tags/jenkins-ImageJ1-unit-tests-282^{commit} # timeout=10
 &gt; git rev-parse refs/tags/jenkins-ImageJ1-unit-tests-283^{commit} # timeout=10
 &gt; git rev-parse refs/tags/jenkins-ImageJ1-unit-tests-284^{commit} # timeout=10
 &gt; git rev-parse refs/tags/jenkins-ImageJ1-unit-tests-285^{commit} # timeout=10
 &gt; git rev-parse refs/tags/jenkins-ImageJ1-unit-tests-286^{commit} # timeout=10
 &gt; git rev-parse refs/tags/jenkins-ImageJ1-unit-tests-287^{commit} # timeout=10
 &gt; git rev-parse refs/tags/jenkins-ImageJ1-unit-tests-320^{commit} # timeout=10
 &gt; git rev-parse refs/tags/jenkins-ImageJ1-unit-tests-288^{commit} # timeout=10
 &gt; git rev-parse refs/tags/jenkins-ImageJ1-unit-tests-321^{commit} # timeout=10
Checking out Revision d71cda9c466a3f9e360ac7f84b446be82cfa7198 (origin/master, refs/tags/jenkins-ImageJ1-unit-tests-322, refs/tags/jenkins-ImageJ1-unit-tests-323, refs/tags/jenkins-ImageJ1-unit-tests-324, refs/tags/jenkins-ImageJ1-unit-tests-317, refs/tags/jenkins-ImageJ1-unit-tests-318, refs/tags/jenkins-ImageJ1-unit-tests-319, refs/tags/jenkins-ImageJ1-unit-tests-320, refs/tags/jenkins-ImageJ1-unit-tests-321)
 &gt; git config core.sparsecheckout # timeout=10
 &gt; git checkout -f d71cda9c466a3f9e360ac7f84b446be82cfa7198
 &gt; git rev-list d71cda9c466a3f9e360ac7f84b446be82cfa7198 # timeout=10
 &gt; git rev-list d71cda9c466a3f9e360ac7f84b446be82cfa7198 # timeout=10
 &gt; git rev-list d71cda9c466a3f9e360ac7f84b446be82cfa7198 # timeout=10
 &gt; git rev-list d71cda9c466a3f9e360ac7f84b446be82cfa7198 # timeout=10
 &gt; git rev-list d71cda9c466a3f9e360ac7f84b446be82cfa7198 # timeout=10
 &gt; git rev-list d71cda9c466a3f9e360ac7f84b446be82cfa7198 # timeout=10
 &gt; git rev-list d71cda9c466a3f9e360ac7f84b446be82cfa7198 # timeout=10
 &gt; git rev-list d71cda9c466a3f9e360ac7f84b446be82cfa7198 # timeout=10
 &gt; git tag -a -f -m Jenkins Build #325 jenkins-ImageJ1-unit-tests-325 # timeout=10
[ImageJ1-unit-tests] $ /bin/sh -xe /tmp/jenkins9013416865030519145.sh
+ mvn dependency:list
+ grep net.imagej:ij:jar
+ cut -d : -f 4
OpenJDK 64-Bit Server VM warning: ignoring option MaxPermSize=256m; support was removed in 8.0
+ printf \n======================\n Testing ImageJ 1.51o\n======================\n\n

======================
 Testing ImageJ 1.51o
======================

[ImageJ1-unit-tests] $ mvn -U clean test
OpenJDK 64-Bit Server VM warning: ignoring option MaxPermSize=256m; support was removed in 8.0
[INFO] Scanning for projects...
Downloading: <A HREF="http://maven.imagej.net/content/groups/public/org/scijava/pom-scijava/maven-metadata.xml">http://maven.imagej.net/content/groups/public/org/scijava/pom-scijava/maven-metadata.xml</A>
Downloading: <A HREF="http://repo.maven.apache.org/maven2/org/scijava/pom-scijava/maven-metadata.xml">http://repo.maven.apache.org/maven2/org/scijava/pom-scijava/maven-metadata.xml</A>
4/5 KB   5/5 KB   4/9 KB   5/5 KB   8/9 KB   5/5 KB   9/9 KB   5/5 KB                     Downloaded: <A HREF="http://maven.imagej.net/content/groups/public/org/scijava/pom-scijava/maven-metadata.xml">http://maven.imagej.net/content/groups/public/org/scijava/pom-scijava/maven-metadata.xml</A> (9 KB at 114.3 KB/sec)
                  Downloaded: <A HREF="http://repo.maven.apache.org/maven2/org/scijava/pom-scijava/maven-metadata.xml">http://repo.maven.apache.org/maven2/org/scijava/pom-scijava/maven-metadata.xml</A> (5 KB at 62.0 KB/sec)
[INFO]                                                                         
[INFO] ------------------------------------------------------------------------
[INFO] Building ImageJ1 unit tests 1.0-SNAPSHOT
[INFO] ------------------------------------------------------------------------
Downloading: <A HREF="http://repo.maven.apache.org/maven2/net/imagej/ij/maven-metadata.xml">http://repo.maven.apache.org/maven2/net/imagej/ij/maven-metadata.xml</A>
Downloading: <A HREF="http://maven.imagej.net/content/groups/public/net/imagej/ij/maven-metadata.xml">http://maven.imagej.net/content/groups/public/net/imagej/ij/maven-metadata.xml</A>
2/2 KB                     Downloaded: <A HREF="http://repo.maven.apache.org/maven2/net/imagej/ij/maven-metadata.xml">http://repo.maven.apache.org/maven2/net/imagej/ij/maven-metadata.xml</A> (2 KB at 63.3 KB/sec)
4/5 KB   5/5 KB            Downloaded: <A HREF="http://maven.imagej.net/content/groups/public/net/imagej/ij/maven-metadata.xml">http://maven.imagej.net/content/groups/public/net/imagej/ij/maven-metadata.xml</A> (5 KB at 4.2 KB/sec)
[INFO] 
[INFO] --- maven-clean-plugin:3.0.0:clean (default-clean) @ ij1-tests ---
[INFO] Deleting /data/devel/jenkins-maven/workspace/ImageJ1-unit-tests/target
[INFO] 
[INFO] --- maven-enforcer-plugin:1.4.1:enforce (enforce-rules) @ ij1-tests ---
[INFO] 
[INFO] --- build-helper-maven-plugin:1.12:regex-property (sanitize-version) @ ij1-tests ---
[INFO] No match to regex '^([0-9]+)\.([0-9]+)\.([0-9]+).*$' found in '1.0-SNAPSHOT'. The initial value '1.0-SNAPSHOT' is left as-is...
[INFO] 
[INFO] --- buildnumber-maven-plugin:1.4:create (default) @ ij1-tests ---
[INFO] Executing: /bin/sh -c cd '/data/devel/jenkins-maven/workspace/ImageJ1-unit-tests' &amp;&amp; 'git' 'rev-parse' '--verify' 'HEAD'
[INFO] Working directory: /data/devel/jenkins-maven/workspace/ImageJ1-unit-tests
[INFO] Storing buildNumber: d71cda9c466a3f9e360ac7f84b446be82cfa7198 at timestamp: 1496900509649
[WARNING] Cannot get the branch information from the git repository: 
Detecting the current branch failed: fatal: ref HEAD is not a symbolic ref

[INFO] Executing: /bin/sh -c cd '/data/devel/jenkins-maven/workspace/ImageJ1-unit-tests' &amp;&amp; 'git' 'rev-parse' '--verify' 'HEAD'
[INFO] Working directory: /data/devel/jenkins-maven/workspace/ImageJ1-unit-tests
[INFO] Storing buildScmBranch: UNKNOWN
[INFO] 
[INFO] --- scijava-maven-plugin:1.0.0:set-rootdir (set-rootdir) @ ij1-tests ---
[INFO] Setting rootdir: /data/devel/jenkins-maven/workspace/ImageJ1-unit-tests
[INFO] 
[INFO] --- maven-resources-plugin:3.0.2:resources (default-resources) @ ij1-tests ---
[INFO] Using 'UTF-8' encoding to copy filtered resources.
[INFO] skip non existing resourceDirectory /data/devel/jenkins-maven/workspace/ImageJ1-unit-tests/src/main/resources
[INFO] 
[INFO] --- maven-compiler-plugin:3.6.0:compile (default-compile) @ ij1-tests ---
[INFO] No sources to compile
[INFO] 
[INFO] --- maven-resources-plugin:3.0.2:testResources (default-testResources) @ ij1-tests ---
[INFO] Using 'UTF-8' encoding to copy filtered resources.
[INFO] Copying 28 resources
[INFO] 
[INFO] --- maven-compiler-plugin:3.6.0:testCompile (default-testCompile) @ ij1-tests ---
[INFO] Compiling 85 source files to /data/devel/jenkins-maven/workspace/ImageJ1-unit-tests/target/test-classes
[INFO] /data/devel/jenkins-maven/workspace/ImageJ1-unit-tests/src/test/java/ij/gui/LineTest.java: Some input files use or override a deprecated API.
[INFO] /data/devel/jenkins-maven/workspace/ImageJ1-unit-tests/src/test/java/ij/gui/LineTest.java: Recompile with -Xlint:deprecation for details.
[INFO] 
[INFO] --- maven-surefire-plugin:2.19.1:test (default-test) @ ij1-tests ---

-------------------------------------------------------
 T E S T S
-------------------------------------------------------
Running ij.IJEventListenerTest
Tests run: 2, Failures: 0, Errors: 0, Skipped: 0, Time elapsed: 0.05 sec - in ij.IJEventListenerTest
Running ij.process.FloatProcessorTest
Tests run: 81, Failures: 0, Errors: 0, Skipped: 0, Time elapsed: 1.143 sec - in ij.process.FloatProcessorTest
Running ij.process.LUTTest
Tests run: 7, Failures: 0, Errors: 0, Skipped: 0, Time elapsed: 0 sec - in ij.process.LUTTest
Running ij.process.ByteProcessorTest
Tests run: 71, Failures: 0, Errors: 0, Skipped: 0, Time elapsed: 0.683 sec - in ij.process.ByteProcessorTest
Running ij.process.ShortProcessorTest
Tests run: 86, Failures: 0, Errors: 0, Skipped: 0, Time elapsed: 3.255 sec - in ij.process.ShortProcessorTest
Running ij.process.ColorProcessorTest
Tests run: 86, Failures: 1, Errors: 0, Skipped: 0, Time elapsed: 1.741 sec &lt;&lt;&lt; FAILURE! - in ij.process.ColorProcessorTest
testFilter(ij.process.ColorProcessorTest)  Time elapsed: 0.045 sec  &lt;&lt;&lt; FAILURE!
java.lang.AssertionError: expected:&lt;241.0&gt; but was:&lt;239.0&gt;
	at ij.process.ColorProcessorTest.testFilter(ColorProcessorTest.java:966)

Running ij.process.ImageProcessorTest
Tests run: 181, Failures: 2, Errors: 0, Skipped: 0, Time elapsed: 0.511 sec &lt;&lt;&lt; FAILURE! - in ij.process.ImageProcessorTest
testGetLine(ij.process.ImageProcessorTest)  Time elapsed: 0.001 sec  &lt;&lt;&lt; FAILURE!
java.lang.AssertionError: expected:&lt;143.6666717529297&gt; but was:&lt;147.6666717529297&gt;
	at ij.process.ImageProcessorTest.testGetLine(ImageProcessorTest.java:1150)

testSmooth(ij.process.ImageProcessorTest)  Time elapsed: 0.008 sec  &lt;&lt;&lt; FAILURE!
org.junit.ComparisonFailure: expected:&lt;...ount=64000, mean=71.[237984375, min=1.0, max=247].0]&gt; but was:&lt;...ount=64000, mean=71.[655234375, min=2.0, max=246].0]&gt;
	at ij.process.ImageProcessorTest.testSmooth(ImageProcessorTest.java:1439)

Running ij.process.BinaryProcessorTest
Tests run: 5, Failures: 0, Errors: 0, Skipped: 0, Time elapsed: 0.144 sec - in ij.process.BinaryProcessorTest
Running ij.io.DirectoryChooserTest
Tests run: 3, Failures: 0, Errors: 0, Skipped: 0, Time elapsed: 0 sec - in ij.io.DirectoryChooserTest
Running ij.io.RandomAccessStreamTest
Tests run: 16, Failures: 0, Errors: 0, Skipped: 0, Time elapsed: 0.005 sec - in ij.io.RandomAccessStreamTest
Running ij.io.FileOpenerTest
Tests run: 8, Failures: 0, Errors: 0, Skipped: 0, Time elapsed: 0.544 sec - in ij.io.FileOpenerTest
Running ij.io.BitBufferTest
Tests run: 2, Failures: 0, Errors: 0, Skipped: 0, Time elapsed: 0 sec - in ij.io.BitBufferTest
Running ij.io.ImageWriterTest
Tests run: 1, Failures: 0, Errors: 0, Skipped: 0, Time elapsed: 0.027 sec - in ij.io.ImageWriterTest
Running ij.io.FileInfoTest
Tests run: 5, Failures: 0, Errors: 0, Skipped: 0, Time elapsed: 0.002 sec - in ij.io.FileInfoTest
Running ij.io.ImageReaderTest
java.net.MalformedURLException: no protocol: ashdjjfj
java.net.UnknownHostException: fred.joe.john.edu
java.io.FileNotFoundException: <A HREF="http://www.google.com/ooglywooglygugglychoogly.tiff">http://www.google.com/ooglywooglygugglychoogly.tiff</A>
Tests run: 16, Failures: 0, Errors: 0, Skipped: 0, Time elapsed: 1.118 sec - in ij.io.ImageReaderTest
Running ij.CommandListenerTest
Tests run: 1, Failures: 0, Errors: 0, Skipped: 0, Time elapsed: 0 sec - in ij.CommandListenerTest
Running ij.ImagePlusTest
This command requires an area selection
This command requires an area selection
Unsupported format or not found
Tests run: 123, Failures: 0, Errors: 0, Skipped: 0, Time elapsed: 0.136 sec - in ij.ImagePlusTest
Running ij.VirtualStackTest
Tests run: 22, Failures: 0, Errors: 0, Skipped: 0, Time elapsed: 0.015 sec - in ij.VirtualStackTest
Running ij.macro.SymbolTest
Tests run: 4, Failures: 0, Errors: 0, Skipped: 0, Time elapsed: 0.001 sec - in ij.macro.SymbolTest
Running ij.macro.ReturnExceptionTest
Tests run: 1, Failures: 0, Errors: 0, Skipped: 0, Time elapsed: 0 sec - in ij.macro.ReturnExceptionTest
Running ij.ImageListenerTest
Tests run: 1, Failures: 0, Errors: 0, Skipped: 0, Time elapsed: 0.007 sec - in ij.ImageListenerTest
Running ij.CompositeImageTest
Tests run: 29, Failures: 0, Errors: 0, Skipped: 0, Time elapsed: 0.107 sec - in ij.CompositeImageTest
Running ij.util.ToolsTest
Tests run: 13, Failures: 0, Errors: 0, Skipped: 0, Time elapsed: 0.002 sec - in ij.util.ToolsTest
Running ij.util.StringSorterTest
Tests run: 1, Failures: 0, Errors: 0, Skipped: 0, Time elapsed: 0.001 sec - in ij.util.StringSorterTest
Running ij.UndoTest
Tests run: 1, Failures: 0, Errors: 0, Skipped: 0, Time elapsed: 0 sec - in ij.UndoTest
Running ij.ExecuterTest
Tests run: 5, Failures: 0, Errors: 0, Skipped: 0, Time elapsed: 1.004 sec - in ij.ExecuterTest
Running ij.LookUpTableTest
Tests run: 8, Failures: 0, Errors: 0, Skipped: 0, Time elapsed: 0.011 sec - in ij.LookUpTableTest
Running ij.ImageStackTest
Tests run: 27, Failures: 0, Errors: 0, Skipped: 0, Time elapsed: 0.742 sec - in ij.ImageStackTest
Running ij.measure.MeasurementsTest
Tests run: 1, Failures: 0, Errors: 0, Skipped: 0, Time elapsed: 0 sec - in ij.measure.MeasurementsTest
Running ij.measure.CalibrationTest
Tests run: 35, Failures: 0, Errors: 0, Skipped: 0, Time elapsed: 0.081 sec - in ij.measure.CalibrationTest
Running ij.measure.ResultsTableTest
version: 1.51o
Tests run: 37, Failures: 0, Errors: 0, Skipped: 0, Time elapsed: 0.649 sec - in ij.measure.ResultsTableTest
Running ij.measure.CurveFitterTest
Tests run: 24, Failures: 0, Errors: 0, Skipped: 0, Time elapsed: 0.186 sec - in ij.measure.CurveFitterTest
Running ij.measure.SplineFitterTest
Tests run: 2, Failures: 0, Errors: 0, Skipped: 0, Time elapsed: 0 sec - in ij.measure.SplineFitterTest
Running ij.gui.ArrowTest
Tests run: 13, Failures: 0, Errors: 0, Skipped: 0, Time elapsed: 0.003 sec - in ij.gui.ArrowTest
Running ij.gui.ProgressBarTest
Tests run: 8, Failures: 0, Errors: 0, Skipped: 0, Time elapsed: 0.002 sec - in ij.gui.ProgressBarTest
Running ij.gui.OverlayTest
Tests run: 12, Failures: 0, Errors: 0, Skipped: 0, Time elapsed: 0.001 sec - in ij.gui.OverlayTest
Running ij.gui.LineTest
Tests run: 16, Failures: 0, Errors: 0, Skipped: 0, Time elapsed: 0.01 sec - in ij.gui.LineTest
Running ij.gui.TrimmedButtonTest
Tests run: 1, Failures: 0, Errors: 0, Skipped: 0, Time elapsed: 0 sec - in ij.gui.TrimmedButtonTest
Running ij.gui.RoiTest
Tests run: 52, Failures: 0, Errors: 0, Skipped: 0, Time elapsed: 0.09 sec - in ij.gui.RoiTest
Running ij.gui.WandTest
Tests run: 8, Failures: 0, Errors: 0, Skipped: 0, Time elapsed: 0 sec - in ij.gui.WandTest
Running ij.gui.ToolbarTest
Tests run: 1, Failures: 0, Errors: 0, Skipped: 0, Time elapsed: 0 sec - in ij.gui.ToolbarTest
Running ij.gui.TextRoiTest
Tests run: 12, Failures: 0, Errors: 0, Skipped: 0, Time elapsed: 0.001 sec - in ij.gui.TextRoiTest
Running ij.gui.PolygonRoiTest
Tests run: 24, Failures: 0, Errors: 0, Skipped: 0, Time elapsed: 0.009 sec - in ij.gui.PolygonRoiTest
Running ij.gui.ImageRoiTest
Tests run: 5, Failures: 0, Errors: 0, Skipped: 0, Time elapsed: 0 sec - in ij.gui.ImageRoiTest
Running ij.gui.ProfilePlotTest
Tests run: 6, Failures: 0, Errors: 0, Skipped: 0, Time elapsed: 0 sec - in ij.gui.ProfilePlotTest
Running ij.gui.FreehandRoiTest
Tests run: 1, Failures: 0, Errors: 0, Skipped: 0, Time elapsed: 0 sec - in ij.gui.FreehandRoiTest
Running ij.gui.ShapeRoiTest
Tests run: 22, Failures: 0, Errors: 0, Skipped: 0, Time elapsed: 0.141 sec - in ij.gui.ShapeRoiTest
Running ij.gui.OvalRoiTest
Tests run: 9, Failures: 0, Errors: 0, Skipped: 0, Time elapsed: 0.002 sec - in ij.gui.OvalRoiTest
Running ij.gui.PlotTest
Tests run: 20, Failures: 0, Errors: 0, Skipped: 0, Time elapsed: 2.063 sec - in ij.gui.PlotTest
Running ij.gui.PointRoiTest
Tests run: 10, Failures: 0, Errors: 0, Skipped: 0, Time elapsed: 0.019 sec - in ij.gui.PointRoiTest

Results :

Failed tests: 
  ColorProcessorTest.testFilter:966 expected:&lt;241.0&gt; but was:&lt;239.0&gt;
  ImageProcessorTest.testGetLine:1150 expected:&lt;143.6666717529297&gt; but was:&lt;147.6666717529297&gt;
  ImageProcessorTest.testSmooth:1439 expected:&lt;...ount=64000, mean=71.[237984375, min=1.0, max=247].0]&gt; but was:&lt;...ount=64000, mean=71.[655234375, min=2.0, max=246].0]&gt;

Tests run: 1125, Failures: 3, Errors: 0, Skipped: 0

[INFO] ------------------------------------------------------------------------
[INFO] BUILD FAILURE
[INFO] ------------------------------------------------------------------------
[INFO] Total time: 22.928s
[INFO] Finished at: Thu Jun 08 00:42:08 CDT 2017
[INFO] Final Memory: 28M/447M
[INFO] ------------------------------------------------------------------------
[ERROR] Failed to execute goal org.apache.maven.plugins:maven-surefire-plugin:2.19.1:test (default-test) on project ij1-tests: There are test failures.
[ERROR] 
[ERROR] Please refer to /data/devel/jenkins-maven/workspace/ImageJ1-unit-tests/target/surefire-reports for the individual test results.
[ERROR] -&gt; [Help 1]
[ERROR] 
[ERROR] To see the full stack trace of the errors, re-run Maven with the -e switch.
[ERROR] Re-run Maven using the -X switch to enable full debug logging.
[ERROR] 
[ERROR] For more information about the errors and possible solutions, please read the following articles:
[ERROR] [Help 1] <A HREF="http://cwiki.apache.org/confluence/display/MAVEN/MojoFailureException">http://cwiki.apache.org/confluence/display/MAVEN/MojoFailureException</A>
Build step 'Invoke top-level Maven targets' marked build as failure
Recording test results

</PRE>


<!--endarticle-->
    <HR>
    <P><UL>
        <!--threads-->
	
	<LI>Next message (by thread): <A HREF="012797.html">[ImageJ-builds] Build failed in Jenkins: ImageJ1-unit-tests #326
</A></li>
         <LI> <B>Messages sorted by:</B> 
              <a href="date.html#12796">[ date ]</a>
              <a href="thread.html#12796">[ thread ]</a>
              <a href="subject.html#12796">[ subject ]</a>
              <a href="author.html#12796">[ author ]</a>
         </LI>
       </UL>

<hr>
<a href="http://imagej.net/mailman/listinfo/imagej-builds">More information about the ImageJ-builds
mailing list</a><br>
</body></html>
