<!DOCTYPE HTML PUBLIC "-//W3C//DTD HTML 4.01 Transitional//EN">
<HTML>
 <HEAD>
   <TITLE> [ImageJ-devel] Build failed in Jenkins: ImgLib #825
   </TITLE>
   <LINK REL="Index" HREF="index.html" >
   <LINK REL="made" HREF="mailto:imagej-devel%40imagej.net?Subject=Re%3A%20%5BImageJ-devel%5D%20Build%20failed%20in%20Jenkins%3A%20ImgLib%20%23825&In-Reply-To=%3C1607675027.154.1337181532749.JavaMail.jenkins%40dev%3E">
   <META NAME="robots" CONTENT="index,nofollow">
   <style type="text/css">
       pre {
           white-space: pre-wrap;       /* css-2.1, curent FF, Opera, Safari */
           }
   </style>
   <META http-equiv="Content-Type" content="text/html; charset=us-ascii">
   <LINK REL="Previous"  HREF="000946.html">
   <LINK REL="Next"  HREF="000955.html">
 </HEAD>
 <BODY BGCOLOR="#ffffff">
   <H1>[ImageJ-devel] Build failed in Jenkins: ImgLib #825</H1>
    <B>jenkins at imagej.net</B> 
    <A HREF="mailto:imagej-devel%40imagej.net?Subject=Re%3A%20%5BImageJ-devel%5D%20Build%20failed%20in%20Jenkins%3A%20ImgLib%20%23825&In-Reply-To=%3C1607675027.154.1337181532749.JavaMail.jenkins%40dev%3E"
       TITLE="[ImageJ-devel] Build failed in Jenkins: ImgLib #825">jenkins at imagej.net
       </A><BR>
    <I>Wed May 16 10:18:52 CDT 2012</I>
    <P><UL>
        <LI>Previous message: <A HREF="000946.html">[ImageJ-devel] Migrating to Git from SVN [was: Re: SVN authors	file]
</A></li>
        <LI>Next message: <A HREF="000955.html">[ImageJ-devel] Jenkins build is back to normal : ImgLib #826
</A></li>
         <LI> <B>Messages sorted by:</B> 
              <a href="date.html#954">[ date ]</a>
              <a href="thread.html#954">[ thread ]</a>
              <a href="subject.html#954">[ subject ]</a>
              <a href="author.html#954">[ author ]</a>
         </LI>
       </UL>
    <HR>  
<!--beginarticle-->
<PRE>See &lt;<A HREF="http://jenkins.imagej.net/job/ImgLib/825/changes">http://jenkins.imagej.net/job/ImgLib/825/changes</A>&gt;

Changes:

[Albert Cardona] Add binary files *class and *jar to .gitignore

[Albert Cardona] An Img that wraps a BufferedImage, for a subset of supported types.

------------------------------------------
[...truncated 1824 lines...]
12/35K
16/35K
20/35K
24/35K
28/35K
32/35K
35/35K
35K uploaded  (imglib2-realtransform-2.0.0-20120516.151706-191.jar)
[INFO] Retrieving previous metadata from imagej.snapshots
[INFO] Uploading repository metadata for: 'snapshot net.imglib2:imglib2-realtransform:2.0.0-SNAPSHOT'
May 16, 2012 10:18:49 AM org.apache.commons.httpclient.auth.AuthChallengeProcessor selectAuthScheme
INFO: basic authentication scheme selected
[INFO] Uploading project information for imglib2-realtransform 2.0.0-20120516.151706-191
May 16, 2012 10:18:49 AM org.apache.commons.httpclient.auth.AuthChallengeProcessor selectAuthScheme
INFO: basic authentication scheme selected
[INFO] Retrieving previous metadata from imagej.snapshots
[INFO] Uploading repository metadata for: 'artifact net.imglib2:imglib2-realtransform'
May 16, 2012 10:18:49 AM org.apache.commons.httpclient.auth.AuthChallengeProcessor selectAuthScheme
INFO: basic authentication scheme selected
[INFO] ------------------------------------------------------------------------
[INFO] Building ImgLib2 Scripting
[INFO]    task-segment: [clean, deploy]
[INFO] ------------------------------------------------------------------------
[INFO] [clean:clean {execution: default-clean}]
[INFO] Deleting /data/devel/jenkins/jobs/ImgLib/workspace/imglib2/scripting/target
[debug] execute contextualize
[INFO] [resources:resources {execution: default-resources}]
[INFO] Using 'UTF-8' encoding to copy filtered resources.
[INFO] skip non existing resourceDirectory /data/devel/jenkins/jobs/ImgLib/workspace/imglib2/scripting/src/main/resources
[INFO] [compiler:compile {execution: default-compile}]
[INFO] Compiling 144 source files to /data/devel/jenkins/jobs/ImgLib/workspace/imglib2/scripting/target/classes
[INFO] -------------------------------------------------------------
[ERROR] COMPILATION ERROR : 
[INFO] -------------------------------------------------------------
[ERROR] BufferedImageImg.java:[24,25] invalid inferred types for T; inferred type does not conform to declared bound(s)
inferred: java.lang.Object
bound(s): java.lang.Object,net.imglib2.type.numeric.NumericType&lt;java.lang.Object&gt;,net.imglib2.type.NativeType&lt;java.lang.Object&gt;
[ERROR] BufferedImageImg.java:[34,18] inconvertible types
found   : net.imglib2.img.array.ArrayImg&lt;net.imglib2.type.numeric.integer.ByteType,net.imglib2.img.basictypeaccess.array.ByteArray&gt;
required: net.imglib2.img.Img&lt;T&gt;
[ERROR] BufferedImageImg.java:[39,18] inconvertible types
found   : net.imglib2.img.array.ArrayImg&lt;net.imglib2.type.numeric.integer.UnsignedShortType,net.imglib2.img.basictypeaccess.array.ShortArray&gt;
required: net.imglib2.img.Img&lt;T&gt;
[ERROR] BufferedImageImg.java:[45,18] inconvertible types
found   : net.imglib2.img.array.ArrayImg&lt;net.imglib2.type.numeric.ARGBType,net.imglib2.img.basictypeaccess.array.IntArray&gt;
required: net.imglib2.img.Img&lt;T&gt;
[INFO] 4 errors 
[INFO] -------------------------------------------------------------
[INFO] ------------------------------------------------------------------------
[ERROR] BUILD FAILURE
[INFO] ------------------------------------------------------------------------
[INFO] Compilation failure

BufferedImageImg.java:[24,25] invalid inferred types for T; inferred type does not conform to declared bound(s)
inferred: java.lang.Object
bound(s): java.lang.Object,net.imglib2.type.numeric.NumericType&lt;java.lang.Object&gt;,net.imglib2.type.NativeType&lt;java.lang.Object&gt;
BufferedImageImg.java:[34,18] inconvertible types
found   : net.imglib2.img.array.ArrayImg&lt;net.imglib2.type.numeric.integer.ByteType,net.imglib2.img.basictypeaccess.array.ByteArray&gt;
required: net.imglib2.img.Img&lt;T&gt;
BufferedImageImg.java:[39,18] inconvertible types
found   : net.imglib2.img.array.ArrayImg&lt;net.imglib2.type.numeric.integer.UnsignedShortType,net.imglib2.img.basictypeaccess.array.ShortArray&gt;
required: net.imglib2.img.Img&lt;T&gt;
BufferedImageImg.java:[45,18] inconvertible types
found   : net.imglib2.img.array.ArrayImg&lt;net.imglib2.type.numeric.ARGBType,net.imglib2.img.basictypeaccess.array.IntArray&gt;
required: net.imglib2.img.Img&lt;T&gt;

[INFO] ------------------------------------------------------------------------
[INFO] For more information, run Maven with the -e switch
[INFO] ------------------------------------------------------------------------
[INFO] Total time: 1 minute 49 seconds
[INFO] Finished at: Wed May 16 10:18:51 CDT 2012
[INFO] Final Memory: 168M/1477M
[INFO] ------------------------------------------------------------------------
Archiving artifacts
Performance: No threshold configured for making the test unstable
Performance: No threshold configured for making the test failure
Performance: Recording JUnit reports '**/TEST-*.xml'
Performance: Parsing JUnit report file TEST-HistogramTest.xml
Performance: Parsing JUnit report file TEST-tests.labeling.AllConnectedComponentsTest.xml
Performance: Parsing JUnit report file TEST-tests.labeling.WatershedTest.xml
Performance: Parsing JUnit report file TEST-tests.BasicTest.xml
Performance: Parsing JUnit report file TEST-tests.TestSortedGrayLevelIterator.xml
Performance: Parsing JUnit report file TEST-tests.labeling.LabelingTest.xml
Performance: Parsing JUnit report file TEST-SquareTest.xml
Performance: Parsing JUnit report file TEST-imglib.ops.Rev2FunctionalIdeasTest.xml
Performance: Parsing JUnit report file TEST-script.imglib.test.TestPlot.xml
Performance: Parsing JUnit report file TEST-net.imglib2.algorithm.kdtree.VolumetricSearchTest.xml
Performance: Parsing JUnit report file TEST-tests.labeling.AllConnectedComponentsTest.xml
Performance: Parsing JUnit report file TEST-tests.labeling.WatershedTest.xml
Performance: Parsing JUnit report file TEST-net.imglib2.algorithm.region.BresenhamLineTest.xml
Performance: Parsing JUnit report file TEST-net.imglib2.algorithm.region.localneighborhood.DomainCursorTest.xml
Performance: Parsing JUnit report file TEST-net.imglib2.IterableIntervalSubsetTest.xml
Performance: Parsing JUnit report file TEST-net.imglib2.PointTest.xml
Performance: Parsing JUnit report file TEST-net.imglib2.RealPointTest.xml
Performance: Parsing JUnit report file TEST-net.imglib2.TestAbstractRealLocalizable.xml
Performance: Parsing JUnit report file TEST-net.imglib2.collection.RealPointSampleListTest.xml
Performance: Parsing JUnit report file TEST-net.imglib2.img.cell.CellContainerFactoryTest.xml
Performance: Parsing JUnit report file TEST-net.imglib2.img.cell.CellContainerTest.xml
Performance: Parsing JUnit report file TEST-net.imglib2.img.cell.CellCursorTest.xml
Performance: Parsing JUnit report file TEST-net.imglib2.img.cell.CellTest.xml
Performance: Parsing JUnit report file TEST-net.imglib2.img.cell.CopyTest.xml
Performance: Parsing JUnit report file TEST-net.imglib2.img.list.CopyTest.xml
Performance: Parsing JUnit report file TEST-net.imglib2.img.planar.CopyTest.xml
Performance: Parsing JUnit report file TEST-net.imglib2.img.sparse.NtreeTest.xml
Performance: Parsing JUnit report file TEST-net.imglib2.img.transform.ImgTranslationAdapterTest.xml
Performance: Parsing JUnit report file TEST-net.imglib2.nearestneighbor.KDTreeTest.xml
Performance: Parsing JUnit report file TEST-net.imglib2.nearestneighbor.NearestNeighborSearchOnIterableRealIntervalTest.xml
Performance: Parsing JUnit report file TEST-net.imglib2.outofbounds.OutOfBoundsMirrorDoubleBoundaryTest.xml
Performance: Parsing JUnit report file TEST-net.imglib2.outofbounds.OutOfBoundsMirrorSingleBoundaryTest.xml
Performance: Parsing JUnit report file TEST-net.imglib2.outofbounds.OutOfBoundsPeriodicTest.xml
Performance: Parsing JUnit report file TEST-net.imglib2.position.transform.FloorOffsetTest.xml
Performance: Parsing JUnit report file TEST-net.imglib2.roi.BinaryMaskRegionOfInterestTest.xml
Performance: Parsing JUnit report file TEST-net.imglib2.roi.CompositeRegionOfInterestTest.xml
Performance: Parsing JUnit report file TEST-net.imglib2.roi.EllipseRegionOfInterestTest.xml
Performance: Parsing JUnit report file TEST-net.imglib2.roi.PolygonRegionOfInterestTest.xml
Performance: Parsing JUnit report file TEST-net.imglib2.roi.RectangleRegionOfInterestTest.xml
Performance: Parsing JUnit report file TEST-net.imglib2.sampler.special.TestConstantRandomAccessible.xml
Performance: Parsing JUnit report file TEST-net.imglib2.sampler.special.TestConstantRealRandomAccessible.xml
Performance: Parsing JUnit report file TEST-net.imglib2.util.ImgUtilTest.xml
Performance: Parsing JUnit report file TEST-net.imglib2.util.KthElementTest.xml
Performance: Parsing JUnit report file TEST-net.imglib2.util.PartitionTest.xml
Performance: Parsing JUnit report file TEST-net.imglib2.util.RealSumTest.xml
Performance: Parsing JUnit report file TEST-net.imglib2.view.RandomAccessTest.xml
Performance: Parsing JUnit report file TEST-net.imglib2.view.RandomAccessibleIntervalCursorTest.xml
Performance: Parsing JUnit report file TEST-net.imglib2.view.SequentializeTransformTest.xml
Performance: Parsing JUnit report file TEST-tests.BasicTest.xml
Performance: Parsing JUnit report file TEST-tests.labeling.LabelingOutOfBoundsTest.xml
Performance: Parsing JUnit report file TEST-tests.labeling.LabelingTest.xml
Performance: Parsing JUnit report file TEST-tests.labeling.SparseLabelingTest.xml
Performance: Parsing JUnit report file TEST-tests.roi.TestAbstractRegionOfInterest.xml
Performance: Parsing JUnit report file TEST-tests.subimg.SubImgTest.xml
Performance: Parsing JUnit report file TEST-net.imglib2.img.ImgTest.xml
Performance: Parsing JUnit report file TEST-net.imglib2.io.img.virtual.VirtualImgTest.xml
Performance: Parsing JUnit report file TEST-net.imglib2.ops.example.Example10Test.xml
Performance: Parsing JUnit report file TEST-net.imglib2.ops.example.Example11Test.xml
Performance: Parsing JUnit report file TEST-net.imglib2.ops.example.Example12Test.xml
Performance: Parsing JUnit report file TEST-net.imglib2.ops.example.Example1Test.xml
Performance: Parsing JUnit report file TEST-net.imglib2.ops.example.Example2Test.xml
Performance: Parsing JUnit report file TEST-net.imglib2.ops.example.Example3Test.xml
Performance: Parsing JUnit report file TEST-net.imglib2.ops.example.Example4Test.xml
Performance: Parsing JUnit report file TEST-net.imglib2.ops.example.Example5Test.xml
Performance: Parsing JUnit report file TEST-net.imglib2.ops.example.Example6Test.xml
Performance: Parsing JUnit report file TEST-net.imglib2.ops.example.Example7Test.xml
Performance: Parsing JUnit report file TEST-net.imglib2.ops.example.Example8Test.xml
Performance: Parsing JUnit report file TEST-net.imglib2.ops.example.Example9Test.xml
Performance: Parsing JUnit report file TEST-net.imglib2.ops.operation.binary.bool.BinaryAndNotTest.xml
Performance: Parsing JUnit report file TEST-net.imglib2.ops.operation.binary.bool.BinaryXorTest.xml
Performance: Parsing JUnit report file TEST-net.imglib2.ops.operation.binary.complex.ComplexAddTest.xml
Performance: Parsing JUnit report file TEST-net.imglib2.ops.operation.binary.complex.ComplexAvgTest.xml
Performance: Parsing JUnit report file TEST-net.imglib2.ops.operation.binary.complex.ComplexCopyLeftTest.xml
Performance: Parsing JUnit report file TEST-net.imglib2.ops.operation.binary.complex.ComplexCopyRightTest.xml
Performance: Parsing JUnit report file TEST-net.imglib2.ops.operation.binary.complex.ComplexDifferenceTest.xml
Performance: Parsing JUnit report file TEST-net.imglib2.ops.operation.binary.complex.ComplexDivideTest.xml
Performance: Parsing JUnit report file TEST-net.imglib2.ops.operation.binary.complex.ComplexMultiplyTest.xml
Performance: Parsing JUnit report file TEST-net.imglib2.ops.operation.binary.complex.ComplexPowerTest.xml
Performance: Parsing JUnit report file TEST-net.imglib2.ops.operation.binary.complex.ComplexSubtractTest.xml
Performance: Parsing JUnit report file TEST-net.imglib2.ops.operation.unary.complex.ComplexExpTest.xml
Performance: Parsing JUnit report file TEST-net.imglib2.ops.operation.unary.complex.ComplexIntegerPowerTest.xml
Performance: Parsing JUnit report file TEST-net.imglib2.ops.operation.unary.complex.ComplexLogTest.xml
Performance: Parsing JUnit report file TEST-net.imglib2.ops.operation.unary.complex.ComplexReciprocalTest.xml
Performance: Parsing JUnit report file TEST-net.imglib2.view.MixedTransformConcatenateTest.xml
Performance: Parsing JUnit report file TEST-net.imglib2.view.SlicingTransformConcatenateTest.xml
Performance: Parsing JUnit report file TEST-net.imglib2.view.TranslationTransformConcatenateTest.xml
Performance: File TEST-HistogramTest.xml reported 0.0% of errors [SUCCESS]. Build status is: FAILURE
Performance: File TEST-tests.labeling.AllConnectedComponentsTest.xml reported 0.0% of errors [SUCCESS]. Build status is: FAILURE
Performance: File TEST-tests.labeling.WatershedTest.xml reported 0.0% of errors [SUCCESS]. Build status is: FAILURE
Performance: File TEST-tests.BasicTest.xml reported 0.0% of errors [SUCCESS]. Build status is: FAILURE
Performance: File TEST-tests.TestSortedGrayLevelIterator.xml reported 0.0% of errors [SUCCESS]. Build status is: FAILURE
Performance: File TEST-tests.labeling.LabelingTest.xml reported 0.0% of errors [SUCCESS]. Build status is: FAILURE
Performance: File TEST-SquareTest.xml reported 0.0% of errors [SUCCESS]. Build status is: FAILURE
Performance: File TEST-imglib.ops.Rev2FunctionalIdeasTest.xml reported 0.0% of errors [SUCCESS]. Build status is: FAILURE
Performance: File TEST-script.imglib.test.TestPlot.xml reported 0.0% of errors [SUCCESS]. Build status is: FAILURE
Performance: File TEST-net.imglib2.algorithm.kdtree.VolumetricSearchTest.xml reported 0.0% of errors [SUCCESS]. Build status is: FAILURE
Performance: File TEST-tests.labeling.AllConnectedComponentsTest.xml reported 0.0% of errors [SUCCESS]. Build status is: FAILURE
Performance: File TEST-tests.labeling.WatershedTest.xml reported 0.0% of errors [SUCCESS]. Build status is: FAILURE
Performance: File TEST-net.imglib2.algorithm.region.BresenhamLineTest.xml reported 0.0% of errors [SUCCESS]. Build status is: FAILURE
Performance: File TEST-net.imglib2.algorithm.region.localneighborhood.DomainCursorTest.xml reported 0.0% of errors [SUCCESS]. Build status is: FAILURE
Performance: File TEST-net.imglib2.IterableIntervalSubsetTest.xml reported 0.0% of errors [SUCCESS]. Build status is: FAILURE
Performance: File TEST-net.imglib2.PointTest.xml reported 0.0% of errors [SUCCESS]. Build status is: FAILURE
Performance: File TEST-net.imglib2.RealPointTest.xml reported 0.0% of errors [SUCCESS]. Build status is: FAILURE
Performance: File TEST-net.imglib2.TestAbstractRealLocalizable.xml reported 0.0% of errors [SUCCESS]. Build status is: FAILURE
Performance: File TEST-net.imglib2.collection.RealPointSampleListTest.xml reported 0.0% of errors [SUCCESS]. Build status is: FAILURE
Performance: File TEST-net.imglib2.img.cell.CellContainerFactoryTest.xml reported 0.0% of errors [SUCCESS]. Build status is: FAILURE
Performance: File TEST-net.imglib2.img.cell.CellContainerTest.xml reported 0.0% of errors [SUCCESS]. Build status is: FAILURE
Performance: File TEST-net.imglib2.img.cell.CellCursorTest.xml reported 0.0% of errors [SUCCESS]. Build status is: FAILURE
Performance: File TEST-net.imglib2.img.cell.CellTest.xml reported 0.0% of errors [SUCCESS]. Build status is: FAILURE
Performance: File TEST-net.imglib2.img.cell.CopyTest.xml reported 0.0% of errors [SUCCESS]. Build status is: FAILURE
Performance: File TEST-net.imglib2.img.list.CopyTest.xml reported 0.0% of errors [SUCCESS]. Build status is: FAILURE
Performance: File TEST-net.imglib2.img.planar.CopyTest.xml reported 0.0% of errors [SUCCESS]. Build status is: FAILURE
Performance: File TEST-net.imglib2.img.sparse.NtreeTest.xml reported 0.0% of errors [SUCCESS]. Build status is: FAILURE
Performance: File TEST-net.imglib2.img.transform.ImgTranslationAdapterTest.xml reported 0.0% of errors [SUCCESS]. Build status is: FAILURE
Performance: File TEST-net.imglib2.nearestneighbor.KDTreeTest.xml reported 0.0% of errors [SUCCESS]. Build status is: FAILURE
Performance: File TEST-net.imglib2.nearestneighbor.NearestNeighborSearchOnIterableRealIntervalTest.xml reported 0.0% of errors [SUCCESS]. Build status is: FAILURE
Performance: File TEST-net.imglib2.outofbounds.OutOfBoundsMirrorDoubleBoundaryTest.xml reported 0.0% of errors [SUCCESS]. Build status is: FAILURE
Performance: File TEST-net.imglib2.outofbounds.OutOfBoundsMirrorSingleBoundaryTest.xml reported 0.0% of errors [SUCCESS]. Build status is: FAILURE
Performance: File TEST-net.imglib2.outofbounds.OutOfBoundsPeriodicTest.xml reported 0.0% of errors [SUCCESS]. Build status is: FAILURE
Performance: File TEST-net.imglib2.position.transform.FloorOffsetTest.xml reported 0.0% of errors [SUCCESS]. Build status is: FAILURE
Performance: File TEST-net.imglib2.roi.BinaryMaskRegionOfInterestTest.xml reported 0.0% of errors [SUCCESS]. Build status is: FAILURE
Performance: File TEST-net.imglib2.roi.CompositeRegionOfInterestTest.xml reported 0.0% of errors [SUCCESS]. Build status is: FAILURE
Performance: File TEST-net.imglib2.roi.EllipseRegionOfInterestTest.xml reported 0.0% of errors [SUCCESS]. Build status is: FAILURE
Performance: File TEST-net.imglib2.roi.PolygonRegionOfInterestTest.xml reported 0.0% of errors [SUCCESS]. Build status is: FAILURE
Performance: File TEST-net.imglib2.roi.RectangleRegionOfInterestTest.xml reported 0.0% of errors [SUCCESS]. Build status is: FAILURE
Performance: File TEST-net.imglib2.sampler.special.TestConstantRandomAccessible.xml reported 0.0% of errors [SUCCESS]. Build status is: FAILURE
Performance: File TEST-net.imglib2.sampler.special.TestConstantRealRandomAccessible.xml reported 0.0% of errors [SUCCESS]. Build status is: FAILURE
Performance: File TEST-net.imglib2.util.ImgUtilTest.xml reported 0.0% of errors [SUCCESS]. Build status is: FAILURE
Performance: File TEST-net.imglib2.util.KthElementTest.xml reported 0.0% of errors [SUCCESS]. Build status is: FAILURE
Performance: File TEST-net.imglib2.util.PartitionTest.xml reported 0.0% of errors [SUCCESS]. Build status is: FAILURE
Performance: File TEST-net.imglib2.util.RealSumTest.xml reported 0.0% of errors [SUCCESS]. Build status is: FAILURE
Performance: File TEST-net.imglib2.view.RandomAccessTest.xml reported 0.0% of errors [SUCCESS]. Build status is: FAILURE
Performance: File TEST-net.imglib2.view.RandomAccessibleIntervalCursorTest.xml reported 0.0% of errors [SUCCESS]. Build status is: FAILURE
Performance: File TEST-net.imglib2.view.SequentializeTransformTest.xml reported 0.0% of errors [SUCCESS]. Build status is: FAILURE
Performance: File TEST-tests.BasicTest.xml reported 0.0% of errors [SUCCESS]. Build status is: FAILURE
Performance: File TEST-tests.labeling.LabelingOutOfBoundsTest.xml reported 0.0% of errors [SUCCESS]. Build status is: FAILURE
Performance: File TEST-tests.labeling.LabelingTest.xml reported 0.0% of errors [SUCCESS]. Build status is: FAILURE
Performance: File TEST-tests.labeling.SparseLabelingTest.xml reported 0.0% of errors [SUCCESS]. Build status is: FAILURE
Performance: File TEST-tests.roi.TestAbstractRegionOfInterest.xml reported 0.0% of errors [SUCCESS]. Build status is: FAILURE
Performance: File TEST-tests.subimg.SubImgTest.xml reported 0.0% of errors [SUCCESS]. Build status is: FAILURE
Performance: File TEST-net.imglib2.img.ImgTest.xml reported 0.0% of errors [SUCCESS]. Build status is: FAILURE
Performance: File TEST-net.imglib2.io.img.virtual.VirtualImgTest.xml reported 0.0% of errors [SUCCESS]. Build status is: FAILURE
Performance: File TEST-net.imglib2.ops.example.Example10Test.xml reported 0.0% of errors [SUCCESS]. Build status is: FAILURE
Performance: File TEST-net.imglib2.ops.example.Example11Test.xml reported 0.0% of errors [SUCCESS]. Build status is: FAILURE
Performance: File TEST-net.imglib2.ops.example.Example12Test.xml reported 0.0% of errors [SUCCESS]. Build status is: FAILURE
Performance: File TEST-net.imglib2.ops.example.Example1Test.xml reported 0.0% of errors [SUCCESS]. Build status is: FAILURE
Performance: File TEST-net.imglib2.ops.example.Example2Test.xml reported 0.0% of errors [SUCCESS]. Build status is: FAILURE
Performance: File TEST-net.imglib2.ops.example.Example3Test.xml reported 0.0% of errors [SUCCESS]. Build status is: FAILURE
Performance: File TEST-net.imglib2.ops.example.Example4Test.xml reported 0.0% of errors [SUCCESS]. Build status is: FAILURE
Performance: File TEST-net.imglib2.ops.example.Example5Test.xml reported 0.0% of errors [SUCCESS]. Build status is: FAILURE
Performance: File TEST-net.imglib2.ops.example.Example6Test.xml reported 0.0% of errors [SUCCESS]. Build status is: FAILURE
Performance: File TEST-net.imglib2.ops.example.Example7Test.xml reported 0.0% of errors [SUCCESS]. Build status is: FAILURE
Performance: File TEST-net.imglib2.ops.example.Example8Test.xml reported 0.0% of errors [SUCCESS]. Build status is: FAILURE
Performance: File TEST-net.imglib2.ops.example.Example9Test.xml reported 0.0% of errors [SUCCESS]. Build status is: FAILURE
Performance: File TEST-net.imglib2.ops.operation.binary.bool.BinaryAndNotTest.xml reported 0.0% of errors [SUCCESS]. Build status is: FAILURE
Performance: File TEST-net.imglib2.ops.operation.binary.bool.BinaryXorTest.xml reported 0.0% of errors [SUCCESS]. Build status is: FAILURE
Performance: File TEST-net.imglib2.ops.operation.binary.complex.ComplexAddTest.xml reported 0.0% of errors [SUCCESS]. Build status is: FAILURE
Performance: File TEST-net.imglib2.ops.operation.binary.complex.ComplexAvgTest.xml reported 0.0% of errors [SUCCESS]. Build status is: FAILURE
Performance: File TEST-net.imglib2.ops.operation.binary.complex.ComplexCopyLeftTest.xml reported 0.0% of errors [SUCCESS]. Build status is: FAILURE
Performance: File TEST-net.imglib2.ops.operation.binary.complex.ComplexCopyRightTest.xml reported 0.0% of errors [SUCCESS]. Build status is: FAILURE
Performance: File TEST-net.imglib2.ops.operation.binary.complex.ComplexDifferenceTest.xml reported 0.0% of errors [SUCCESS]. Build status is: FAILURE
Performance: File TEST-net.imglib2.ops.operation.binary.complex.ComplexDivideTest.xml reported 0.0% of errors [SUCCESS]. Build status is: FAILURE
Performance: File TEST-net.imglib2.ops.operation.binary.complex.ComplexMultiplyTest.xml reported 0.0% of errors [SUCCESS]. Build status is: FAILURE
Performance: File TEST-net.imglib2.ops.operation.binary.complex.ComplexPowerTest.xml reported 0.0% of errors [SUCCESS]. Build status is: FAILURE
Performance: File TEST-net.imglib2.ops.operation.binary.complex.ComplexSubtractTest.xml reported 0.0% of errors [SUCCESS]. Build status is: FAILURE
Performance: File TEST-net.imglib2.ops.operation.unary.complex.ComplexExpTest.xml reported 0.0% of errors [SUCCESS]. Build status is: FAILURE
Performance: File TEST-net.imglib2.ops.operation.unary.complex.ComplexIntegerPowerTest.xml reported 0.0% of errors [SUCCESS]. Build status is: FAILURE
Performance: File TEST-net.imglib2.ops.operation.unary.complex.ComplexLogTest.xml reported 0.0% of errors [SUCCESS]. Build status is: FAILURE
Performance: File TEST-net.imglib2.ops.operation.unary.complex.ComplexReciprocalTest.xml reported 0.0% of errors [SUCCESS]. Build status is: FAILURE
Performance: File TEST-net.imglib2.view.MixedTransformConcatenateTest.xml reported 0.0% of errors [SUCCESS]. Build status is: FAILURE
Performance: File TEST-net.imglib2.view.SlicingTransformConcatenateTest.xml reported 0.0% of errors [SUCCESS]. Build status is: FAILURE
Performance: File TEST-net.imglib2.view.TranslationTransformConcatenateTest.xml reported 0.0% of errors [SUCCESS]. Build status is: FAILURE

</PRE>




<!--endarticle-->
    <HR>
    <P><UL>
        <!--threads-->
	<LI>Previous message: <A HREF="000946.html">[ImageJ-devel] Migrating to Git from SVN [was: Re: SVN authors	file]
</A></li>
	<LI>Next message: <A HREF="000955.html">[ImageJ-devel] Jenkins build is back to normal : ImgLib #826
</A></li>
         <LI> <B>Messages sorted by:</B> 
              <a href="date.html#954">[ date ]</a>
              <a href="thread.html#954">[ thread ]</a>
              <a href="subject.html#954">[ subject ]</a>
              <a href="author.html#954">[ author ]</a>
         </LI>
       </UL>

<hr>
<a href="http://imagej.net/mailman/listinfo/imagej-devel">More information about the ImageJ-devel
mailing list</a><br>
</body></html>
