<!DOCTYPE HTML PUBLIC "-//W3C//DTD HTML 4.01 Transitional//EN">
<HTML>
 <HEAD>
   <TITLE> [ImageJ-devel] Build failed in Jenkins: ImgLib #840
   </TITLE>
   <LINK REL="Index" HREF="index.html" >
   <LINK REL="made" HREF="mailto:imagej-devel%40imagej.net?Subject=Re%3A%20%5BImageJ-devel%5D%20Build%20failed%20in%20Jenkins%3A%20ImgLib%20%23840&In-Reply-To=%3C1337350360.2088.24.camel%40saalfeld-thinkpad%3E">
   <META NAME="robots" CONTENT="index,nofollow">
   <style type="text/css">
       pre {
           white-space: pre-wrap;       /* css-2.1, curent FF, Opera, Safari */
           }
   </style>
   <META http-equiv="Content-Type" content="text/html; charset=us-ascii">
   <LINK REL="Previous"  HREF="000963.html">
   <LINK REL="Next"  HREF="000965.html">
 </HEAD>
 <BODY BGCOLOR="#ffffff">
   <H1>[ImageJ-devel] Build failed in Jenkins: ImgLib #840</H1>
    <B>Stephan Saalfeld</B> 
    <A HREF="mailto:imagej-devel%40imagej.net?Subject=Re%3A%20%5BImageJ-devel%5D%20Build%20failed%20in%20Jenkins%3A%20ImgLib%20%23840&In-Reply-To=%3C1337350360.2088.24.camel%40saalfeld-thinkpad%3E"
       TITLE="[ImageJ-devel] Build failed in Jenkins: ImgLib #840">saalfeld at mpi-cbg.de
       </A><BR>
    <I>Fri May 18 09:12:40 CDT 2012</I>
    <P><UL>
        <LI>Previous message: <A HREF="000963.html">[ImageJ-devel] Build failed in Jenkins: ImgLib #840
</A></li>
        <LI>Next message: <A HREF="000965.html">[ImageJ-devel] Jenkins build is back to normal : ImgLib #841
</A></li>
         <LI> <B>Messages sorted by:</B> 
              <a href="date.html#964">[ date ]</a>
              <a href="thread.html#964">[ thread ]</a>
              <a href="subject.html#964">[ subject ]</a>
              <a href="author.html#964">[ author ]</a>
         </LI>
       </UL>
    <HR>  
<!--beginarticle-->
<PRE>Tested on my machine using mvn outside eclipse where it compiles
flawlessly.  Just to prevent the usual comment...

Testing with Fiji now...




On Fri, 2012-05-18 at 09:03 -0500, <A HREF="http://imagej.net/mailman/listinfo/imagej-devel">jenkins at imagej.net</A> wrote: 
&gt;<i> See &lt;<A HREF="http://jenkins.imagej.net/job/ImgLib/840/changes">http://jenkins.imagej.net/job/ImgLib/840/changes</A>&gt;
</I>&gt;<i> 
</I>&gt;<i> Changes:
</I>&gt;<i> 
</I>&gt;<i> [Stephan Saalfeld] first preliminary version of convenience constructors for Imgs
</I>&gt;<i> 
</I>&gt;<i> [Stephan Saalfeld] specialized generic type in ArrayImg from DataAccess to ArrayDataAccess
</I>&gt;<i> 
</I>&gt;<i> [Stephan Saalfeld] moved convenience factory methods into img specific factory collections
</I>&gt;<i> 
</I>&gt;<i> [Stephan Saalfeld] added factory methods for ArrayImg that re-use a pre-allocated
</I>&gt;<i> 
</I>&gt;<i> [Stephan Saalfeld] despecialize ArrayImg again (I cannot track where that came from!)
</I>&gt;<i> 
</I>&gt;<i> [Stephan Saalfeld] casting madness workaround for Oracle javac bug
</I>&gt;<i> 
</I>&gt;<i> ------------------------------------------
</I>&gt;<i> [...truncated 1372 lines...]
</I>&gt;<i> 52/109K
</I>&gt;<i> 56/109K
</I>&gt;<i> 60/109K
</I>&gt;<i> 64/109K
</I>&gt;<i> 68/109K
</I>&gt;<i> 72/109K
</I>&gt;<i> 76/109K
</I>&gt;<i> 80/109K
</I>&gt;<i> 84/109K
</I>&gt;<i> 88/109K
</I>&gt;<i> 92/109K
</I>&gt;<i> 96/109K
</I>&gt;<i> 100/109K
</I>&gt;<i> 104/109K
</I>&gt;<i> 108/109K
</I>&gt;<i> 109/109K
</I>&gt;<i> 109K uploaded  (imglib2-algorithms-gpl-2.0.0-20120518.140209-210.jar)
</I>&gt;<i> [INFO] Retrieving previous metadata from imagej.snapshots
</I>&gt;<i> [INFO] Uploading repository metadata for: 'snapshot net.imglib2:imglib2-algorithms-gpl:2.0.0-SNAPSHOT'
</I>&gt;<i> May 18, 2012 9:03:23 AM org.apache.commons.httpclient.auth.AuthChallengeProcessor selectAuthScheme
</I>&gt;<i> INFO: basic authentication scheme selected
</I>&gt;<i> [INFO] Uploading project information for imglib2-algorithms-gpl 2.0.0-20120518.140209-210
</I>&gt;<i> May 18, 2012 9:03:23 AM org.apache.commons.httpclient.auth.AuthChallengeProcessor selectAuthScheme
</I>&gt;<i> INFO: basic authentication scheme selected
</I>&gt;<i> [INFO] Retrieving previous metadata from imagej.snapshots
</I>&gt;<i> [INFO] Uploading repository metadata for: 'artifact net.imglib2:imglib2-algorithms-gpl'
</I>&gt;<i> May 18, 2012 9:03:24 AM org.apache.commons.httpclient.auth.AuthChallengeProcessor selectAuthScheme
</I>&gt;<i> INFO: basic authentication scheme selected
</I>&gt;<i> [INFO] ------------------------------------------------------------------------
</I>&gt;<i> [INFO] Building ImgLib2 ImageJ
</I>&gt;<i> [INFO]    task-segment: [clean, deploy]
</I>&gt;<i> [INFO] ------------------------------------------------------------------------
</I>&gt;<i> [INFO] [clean:clean {execution: default-clean}]
</I>&gt;<i> [INFO] Deleting /data/devel/jenkins/jobs/ImgLib/workspace/imglib2/ij/target
</I>&gt;<i> [debug] execute contextualize
</I>&gt;<i> [INFO] [resources:resources {execution: default-resources}]
</I>&gt;<i> [INFO] Using 'UTF-8' encoding to copy filtered resources.
</I>&gt;<i> [INFO] skip non existing resourceDirectory /data/devel/jenkins/jobs/ImgLib/workspace/imglib2/ij/src/main/resources
</I>&gt;<i> [INFO] [compiler:compile {execution: default-compile}]
</I>&gt;<i> [INFO] Compiling 15 source files to /data/devel/jenkins/jobs/ImgLib/workspace/imglib2/ij/target/classes
</I>&gt;<i> [INFO] -------------------------------------------------------------
</I>&gt;<i> [ERROR] COMPILATION ERROR : 
</I>&gt;<i> [INFO] -------------------------------------------------------------
</I>&gt;<i> [ERROR] ImagePlusImgs.java:[214,64] invalid inferred types for T; inferred type does not conform to declared bound(s)
</I>&gt;<i> inferred: java.lang.Object
</I>&gt;<i> bound(s): java.lang.Object,net.imglib2.type.numeric.NumericType&lt;java.lang.Object&gt;,net.imglib2.type.NativeType&lt;java.lang.Object&gt;
</I>&gt;<i> [INFO] 1 error
</I>&gt;<i> [INFO] -------------------------------------------------------------
</I>&gt;<i> [INFO] ------------------------------------------------------------------------
</I>&gt;<i> [ERROR] BUILD FAILURE
</I>&gt;<i> [INFO] ------------------------------------------------------------------------
</I>&gt;<i> [INFO] Compilation failure
</I>&gt;<i> ImagePlusImgs.java:[214,64] invalid inferred types for T; inferred type does not conform to declared bound(s)
</I>&gt;<i> inferred: java.lang.Object
</I>&gt;<i> bound(s): java.lang.Object,net.imglib2.type.numeric.NumericType&lt;java.lang.Object&gt;,net.imglib2.type.NativeType&lt;java.lang.Object&gt;
</I>&gt;<i> 
</I>&gt;<i> [INFO] ------------------------------------------------------------------------
</I>&gt;<i> [INFO] For more information, run Maven with the -e switch
</I>&gt;<i> [INFO] ------------------------------------------------------------------------
</I>&gt;<i> [INFO] Total time: 1 minute 22 seconds
</I>&gt;<i> [INFO] Finished at: Fri May 18 09:03:25 CDT 2012
</I>&gt;<i> [INFO] Final Memory: 133M/986M
</I>&gt;<i> [INFO] ------------------------------------------------------------------------
</I>&gt;<i> Archiving artifacts
</I>&gt;<i> Performance: No threshold configured for making the test unstable
</I>&gt;<i> Performance: No threshold configured for making the test failure
</I>&gt;<i> Performance: Recording JUnit reports '**/TEST-*.xml'
</I>&gt;<i> Performance: Parsing JUnit report file TEST-HistogramTest.xml
</I>&gt;<i> Performance: Parsing JUnit report file TEST-tests.labeling.AllConnectedComponentsTest.xml
</I>&gt;<i> Performance: Parsing JUnit report file TEST-tests.labeling.WatershedTest.xml
</I>&gt;<i> Performance: Parsing JUnit report file TEST-tests.BasicTest.xml
</I>&gt;<i> Performance: Parsing JUnit report file TEST-tests.TestSortedGrayLevelIterator.xml
</I>&gt;<i> Performance: Parsing JUnit report file TEST-tests.labeling.LabelingTest.xml
</I>&gt;<i> Performance: Parsing JUnit report file TEST-SquareTest.xml
</I>&gt;<i> Performance: Parsing JUnit report file TEST-imglib.ops.Rev2FunctionalIdeasTest.xml
</I>&gt;<i> Performance: Parsing JUnit report file TEST-script.imglib.test.TestPlot.xml
</I>&gt;<i> Performance: Parsing JUnit report file TEST-net.imglib2.algorithm.kdtree.VolumetricSearchTest.xml
</I>&gt;<i> Performance: Parsing JUnit report file TEST-tests.labeling.AllConnectedComponentsTest.xml
</I>&gt;<i> Performance: Parsing JUnit report file TEST-tests.labeling.WatershedTest.xml
</I>&gt;<i> Performance: Parsing JUnit report file TEST-net.imglib2.algorithm.region.BresenhamLineTest.xml
</I>&gt;<i> Performance: Parsing JUnit report file TEST-net.imglib2.algorithm.region.localneighborhood.DomainCursorTest.xml
</I>&gt;<i> Performance: Parsing JUnit report file TEST-net.imglib2.IterableIntervalSubsetTest.xml
</I>&gt;<i> Performance: Parsing JUnit report file TEST-net.imglib2.PointTest.xml
</I>&gt;<i> Performance: Parsing JUnit report file TEST-net.imglib2.RealPointTest.xml
</I>&gt;<i> Performance: Parsing JUnit report file TEST-net.imglib2.TestAbstractRealLocalizable.xml
</I>&gt;<i> Performance: Parsing JUnit report file TEST-net.imglib2.collection.RealPointSampleListTest.xml
</I>&gt;<i> Performance: Parsing JUnit report file TEST-net.imglib2.img.cell.CellContainerFactoryTest.xml
</I>&gt;<i> Performance: Parsing JUnit report file TEST-net.imglib2.img.cell.CellContainerTest.xml
</I>&gt;<i> Performance: Parsing JUnit report file TEST-net.imglib2.img.cell.CellCursorTest.xml
</I>&gt;<i> Performance: Parsing JUnit report file TEST-net.imglib2.img.cell.CellTest.xml
</I>&gt;<i> Performance: Parsing JUnit report file TEST-net.imglib2.img.cell.CopyTest.xml
</I>&gt;<i> Performance: Parsing JUnit report file TEST-net.imglib2.img.list.CopyTest.xml
</I>&gt;<i> Performance: Parsing JUnit report file TEST-net.imglib2.img.planar.CopyTest.xml
</I>&gt;<i> Performance: Parsing JUnit report file TEST-net.imglib2.img.sparse.NtreeTest.xml
</I>&gt;<i> Performance: Parsing JUnit report file TEST-net.imglib2.img.transform.ImgTranslationAdapterTest.xml
</I>&gt;<i> Performance: Parsing JUnit report file TEST-net.imglib2.nearestneighbor.KDTreeTest.xml
</I>&gt;<i> Performance: Parsing JUnit report file TEST-net.imglib2.nearestneighbor.NearestNeighborSearchOnIterableRealIntervalTest.xml
</I>&gt;<i> Performance: Parsing JUnit report file TEST-net.imglib2.outofbounds.OutOfBoundsMirrorDoubleBoundaryTest.xml
</I>&gt;<i> Performance: Parsing JUnit report file TEST-net.imglib2.outofbounds.OutOfBoundsMirrorSingleBoundaryTest.xml
</I>&gt;<i> Performance: Parsing JUnit report file TEST-net.imglib2.outofbounds.OutOfBoundsPeriodicTest.xml
</I>&gt;<i> Performance: Parsing JUnit report file TEST-net.imglib2.position.transform.FloorOffsetTest.xml
</I>&gt;<i> Performance: Parsing JUnit report file TEST-net.imglib2.roi.BinaryMaskRegionOfInterestTest.xml
</I>&gt;<i> Performance: Parsing JUnit report file TEST-net.imglib2.roi.CompositeRegionOfInterestTest.xml
</I>&gt;<i> Performance: Parsing JUnit report file TEST-net.imglib2.roi.EllipseRegionOfInterestTest.xml
</I>&gt;<i> Performance: Parsing JUnit report file TEST-net.imglib2.roi.PolygonRegionOfInterestTest.xml
</I>&gt;<i> Performance: Parsing JUnit report file TEST-net.imglib2.roi.RectangleRegionOfInterestTest.xml
</I>&gt;<i> Performance: Parsing JUnit report file TEST-net.imglib2.sampler.special.TestConstantRandomAccessible.xml
</I>&gt;<i> Performance: Parsing JUnit report file TEST-net.imglib2.sampler.special.TestConstantRealRandomAccessible.xml
</I>&gt;<i> Performance: Parsing JUnit report file TEST-net.imglib2.util.ImgUtilTest.xml
</I>&gt;<i> Performance: Parsing JUnit report file TEST-net.imglib2.util.KthElementTest.xml
</I>&gt;<i> Performance: Parsing JUnit report file TEST-net.imglib2.util.PartitionTest.xml
</I>&gt;<i> Performance: Parsing JUnit report file TEST-net.imglib2.util.RealSumTest.xml
</I>&gt;<i> Performance: Parsing JUnit report file TEST-net.imglib2.view.RandomAccessTest.xml
</I>&gt;<i> Performance: Parsing JUnit report file TEST-net.imglib2.view.RandomAccessibleIntervalCursorTest.xml
</I>&gt;<i> Performance: Parsing JUnit report file TEST-net.imglib2.view.SequentializeTransformTest.xml
</I>&gt;<i> Performance: Parsing JUnit report file TEST-tests.BasicTest.xml
</I>&gt;<i> Performance: Parsing JUnit report file TEST-tests.labeling.LabelingOutOfBoundsTest.xml
</I>&gt;<i> Performance: Parsing JUnit report file TEST-tests.labeling.LabelingTest.xml
</I>&gt;<i> Performance: Parsing JUnit report file TEST-tests.labeling.SparseLabelingTest.xml
</I>&gt;<i> Performance: Parsing JUnit report file TEST-tests.roi.TestAbstractRegionOfInterest.xml
</I>&gt;<i> Performance: Parsing JUnit report file TEST-tests.subimg.SubImgTest.xml
</I>&gt;<i> Performance: Parsing JUnit report file TEST-net.imglib2.io.img.virtual.VirtualImgTest.xml
</I>&gt;<i> Performance: Parsing JUnit report file TEST-net.imglib2.ops.example.Example10Test.xml
</I>&gt;<i> Performance: Parsing JUnit report file TEST-net.imglib2.ops.example.Example11Test.xml
</I>&gt;<i> Performance: Parsing JUnit report file TEST-net.imglib2.ops.example.Example12Test.xml
</I>&gt;<i> Performance: Parsing JUnit report file TEST-net.imglib2.ops.example.Example1Test.xml
</I>&gt;<i> Performance: Parsing JUnit report file TEST-net.imglib2.ops.example.Example2Test.xml
</I>&gt;<i> Performance: Parsing JUnit report file TEST-net.imglib2.ops.example.Example3Test.xml
</I>&gt;<i> Performance: Parsing JUnit report file TEST-net.imglib2.ops.example.Example4Test.xml
</I>&gt;<i> Performance: Parsing JUnit report file TEST-net.imglib2.ops.example.Example5Test.xml
</I>&gt;<i> Performance: Parsing JUnit report file TEST-net.imglib2.ops.example.Example6Test.xml
</I>&gt;<i> Performance: Parsing JUnit report file TEST-net.imglib2.ops.example.Example7Test.xml
</I>&gt;<i> Performance: Parsing JUnit report file TEST-net.imglib2.ops.example.Example8Test.xml
</I>&gt;<i> Performance: Parsing JUnit report file TEST-net.imglib2.ops.example.Example9Test.xml
</I>&gt;<i> Performance: Parsing JUnit report file TEST-net.imglib2.ops.operation.binary.bool.BinaryAndNotTest.xml
</I>&gt;<i> Performance: Parsing JUnit report file TEST-net.imglib2.ops.operation.binary.bool.BinaryXorTest.xml
</I>&gt;<i> Performance: Parsing JUnit report file TEST-net.imglib2.ops.operation.binary.complex.ComplexAddTest.xml
</I>&gt;<i> Performance: Parsing JUnit report file TEST-net.imglib2.ops.operation.binary.complex.ComplexAvgTest.xml
</I>&gt;<i> Performance: Parsing JUnit report file TEST-net.imglib2.ops.operation.binary.complex.ComplexCopyLeftTest.xml
</I>&gt;<i> Performance: Parsing JUnit report file TEST-net.imglib2.ops.operation.binary.complex.ComplexCopyRightTest.xml
</I>&gt;<i> Performance: Parsing JUnit report file TEST-net.imglib2.ops.operation.binary.complex.ComplexDifferenceTest.xml
</I>&gt;<i> Performance: Parsing JUnit report file TEST-net.imglib2.ops.operation.binary.complex.ComplexDivideTest.xml
</I>&gt;<i> Performance: Parsing JUnit report file TEST-net.imglib2.ops.operation.binary.complex.ComplexMultiplyTest.xml
</I>&gt;<i> Performance: Parsing JUnit report file TEST-net.imglib2.ops.operation.binary.complex.ComplexPowerTest.xml
</I>&gt;<i> Performance: Parsing JUnit report file TEST-net.imglib2.ops.operation.binary.complex.ComplexSubtractTest.xml
</I>&gt;<i> Performance: Parsing JUnit report file TEST-net.imglib2.ops.operation.unary.complex.ComplexExpTest.xml
</I>&gt;<i> Performance: Parsing JUnit report file TEST-net.imglib2.ops.operation.unary.complex.ComplexIntegerPowerTest.xml
</I>&gt;<i> Performance: Parsing JUnit report file TEST-net.imglib2.ops.operation.unary.complex.ComplexLogTest.xml
</I>&gt;<i> Performance: Parsing JUnit report file TEST-net.imglib2.ops.operation.unary.complex.ComplexReciprocalTest.xml
</I>&gt;<i> Performance: Parsing JUnit report file TEST-script.imglib.test.TestBufferedImageImg.xml
</I>&gt;<i> Performance: Parsing JUnit report file TEST-script.imglib.test.TestExtend.xml
</I>&gt;<i> Performance: Parsing JUnit report file TEST-script.imglib.test.TestIntegralImage.xml
</I>&gt;<i> Performance: Parsing JUnit report file TEST-script.imglib.test.TestIntegralImagePerformance.xml
</I>&gt;<i> Performance: Parsing JUnit report file TEST-script.imglib.test.TestReduce.xml
</I>&gt;<i> Performance: Parsing JUnit report file TEST-script.imglib.test.TestTransformations.xml
</I>&gt;<i> Performance: Parsing JUnit report file TEST-net.imglib2.view.MixedTransformConcatenateTest.xml
</I>&gt;<i> Performance: Parsing JUnit report file TEST-net.imglib2.view.SlicingTransformConcatenateTest.xml
</I>&gt;<i> Performance: Parsing JUnit report file TEST-net.imglib2.view.TranslationTransformConcatenateTest.xml
</I>&gt;<i> Performance: File TEST-HistogramTest.xml reported 0.0% of errors [SUCCESS]. Build status is: FAILURE
</I>&gt;<i> Performance: File TEST-tests.labeling.AllConnectedComponentsTest.xml reported 0.0% of errors [SUCCESS]. Build status is: FAILURE
</I>&gt;<i> Performance: File TEST-tests.labeling.WatershedTest.xml reported 0.0% of errors [SUCCESS]. Build status is: FAILURE
</I>&gt;<i> Performance: File TEST-tests.BasicTest.xml reported 0.0% of errors [SUCCESS]. Build status is: FAILURE
</I>&gt;<i> Performance: File TEST-tests.TestSortedGrayLevelIterator.xml reported 0.0% of errors [SUCCESS]. Build status is: FAILURE
</I>&gt;<i> Performance: File TEST-tests.labeling.LabelingTest.xml reported 0.0% of errors [SUCCESS]. Build status is: FAILURE
</I>&gt;<i> Performance: File TEST-SquareTest.xml reported 0.0% of errors [SUCCESS]. Build status is: FAILURE
</I>&gt;<i> Performance: File TEST-imglib.ops.Rev2FunctionalIdeasTest.xml reported 0.0% of errors [SUCCESS]. Build status is: FAILURE
</I>&gt;<i> Performance: File TEST-script.imglib.test.TestPlot.xml reported 0.0% of errors [SUCCESS]. Build status is: FAILURE
</I>&gt;<i> Performance: File TEST-net.imglib2.algorithm.kdtree.VolumetricSearchTest.xml reported 0.0% of errors [SUCCESS]. Build status is: FAILURE
</I>&gt;<i> Performance: File TEST-tests.labeling.AllConnectedComponentsTest.xml reported 0.0% of errors [SUCCESS]. Build status is: FAILURE
</I>&gt;<i> Performance: File TEST-tests.labeling.WatershedTest.xml reported 0.0% of errors [SUCCESS]. Build status is: FAILURE
</I>&gt;<i> Performance: File TEST-net.imglib2.algorithm.region.BresenhamLineTest.xml reported 0.0% of errors [SUCCESS]. Build status is: FAILURE
</I>&gt;<i> Performance: File TEST-net.imglib2.algorithm.region.localneighborhood.DomainCursorTest.xml reported 0.0% of errors [SUCCESS]. Build status is: FAILURE
</I>&gt;<i> Performance: File TEST-net.imglib2.IterableIntervalSubsetTest.xml reported 0.0% of errors [SUCCESS]. Build status is: FAILURE
</I>&gt;<i> Performance: File TEST-net.imglib2.PointTest.xml reported 0.0% of errors [SUCCESS]. Build status is: FAILURE
</I>&gt;<i> Performance: File TEST-net.imglib2.RealPointTest.xml reported 0.0% of errors [SUCCESS]. Build status is: FAILURE
</I>&gt;<i> Performance: File TEST-net.imglib2.TestAbstractRealLocalizable.xml reported 0.0% of errors [SUCCESS]. Build status is: FAILURE
</I>&gt;<i> Performance: File TEST-net.imglib2.collection.RealPointSampleListTest.xml reported 0.0% of errors [SUCCESS]. Build status is: FAILURE
</I>&gt;<i> Performance: File TEST-net.imglib2.img.cell.CellContainerFactoryTest.xml reported 0.0% of errors [SUCCESS]. Build status is: FAILURE
</I>&gt;<i> Performance: File TEST-net.imglib2.img.cell.CellContainerTest.xml reported 0.0% of errors [SUCCESS]. Build status is: FAILURE
</I>&gt;<i> Performance: File TEST-net.imglib2.img.cell.CellCursorTest.xml reported 0.0% of errors [SUCCESS]. Build status is: FAILURE
</I>&gt;<i> Performance: File TEST-net.imglib2.img.cell.CellTest.xml reported 0.0% of errors [SUCCESS]. Build status is: FAILURE
</I>&gt;<i> Performance: File TEST-net.imglib2.img.cell.CopyTest.xml reported 0.0% of errors [SUCCESS]. Build status is: FAILURE
</I>&gt;<i> Performance: File TEST-net.imglib2.img.list.CopyTest.xml reported 0.0% of errors [SUCCESS]. Build status is: FAILURE
</I>&gt;<i> Performance: File TEST-net.imglib2.img.planar.CopyTest.xml reported 0.0% of errors [SUCCESS]. Build status is: FAILURE
</I>&gt;<i> Performance: File TEST-net.imglib2.img.sparse.NtreeTest.xml reported 0.0% of errors [SUCCESS]. Build status is: FAILURE
</I>&gt;<i> Performance: File TEST-net.imglib2.img.transform.ImgTranslationAdapterTest.xml reported 0.0% of errors [SUCCESS]. Build status is: FAILURE
</I>&gt;<i> Performance: File TEST-net.imglib2.nearestneighbor.KDTreeTest.xml reported 0.0% of errors [SUCCESS]. Build status is: FAILURE
</I>&gt;<i> Performance: File TEST-net.imglib2.nearestneighbor.NearestNeighborSearchOnIterableRealIntervalTest.xml reported 0.0% of errors [SUCCESS]. Build status is: FAILURE
</I>&gt;<i> Performance: File TEST-net.imglib2.outofbounds.OutOfBoundsMirrorDoubleBoundaryTest.xml reported 0.0% of errors [SUCCESS]. Build status is: FAILURE
</I>&gt;<i> Performance: File TEST-net.imglib2.outofbounds.OutOfBoundsMirrorSingleBoundaryTest.xml reported 0.0% of errors [SUCCESS]. Build status is: FAILURE
</I>&gt;<i> Performance: File TEST-net.imglib2.outofbounds.OutOfBoundsPeriodicTest.xml reported 0.0% of errors [SUCCESS]. Build status is: FAILURE
</I>&gt;<i> Performance: File TEST-net.imglib2.position.transform.FloorOffsetTest.xml reported 0.0% of errors [SUCCESS]. Build status is: FAILURE
</I>&gt;<i> Performance: File TEST-net.imglib2.roi.BinaryMaskRegionOfInterestTest.xml reported 0.0% of errors [SUCCESS]. Build status is: FAILURE
</I>&gt;<i> Performance: File TEST-net.imglib2.roi.CompositeRegionOfInterestTest.xml reported 0.0% of errors [SUCCESS]. Build status is: FAILURE
</I>&gt;<i> Performance: File TEST-net.imglib2.roi.EllipseRegionOfInterestTest.xml reported 0.0% of errors [SUCCESS]. Build status is: FAILURE
</I>&gt;<i> Performance: File TEST-net.imglib2.roi.PolygonRegionOfInterestTest.xml reported 0.0% of errors [SUCCESS]. Build status is: FAILURE
</I>&gt;<i> Performance: File TEST-net.imglib2.roi.RectangleRegionOfInterestTest.xml reported 0.0% of errors [SUCCESS]. Build status is: FAILURE
</I>&gt;<i> Performance: File TEST-net.imglib2.sampler.special.TestConstantRandomAccessible.xml reported 0.0% of errors [SUCCESS]. Build status is: FAILURE
</I>&gt;<i> Performance: File TEST-net.imglib2.sampler.special.TestConstantRealRandomAccessible.xml reported 0.0% of errors [SUCCESS]. Build status is: FAILURE
</I>&gt;<i> Performance: File TEST-net.imglib2.util.ImgUtilTest.xml reported 0.0% of errors [SUCCESS]. Build status is: FAILURE
</I>&gt;<i> Performance: File TEST-net.imglib2.util.KthElementTest.xml reported 0.0% of errors [SUCCESS]. Build status is: FAILURE
</I>&gt;<i> Performance: File TEST-net.imglib2.util.PartitionTest.xml reported 0.0% of errors [SUCCESS]. Build status is: FAILURE
</I>&gt;<i> Performance: File TEST-net.imglib2.util.RealSumTest.xml reported 0.0% of errors [SUCCESS]. Build status is: FAILURE
</I>&gt;<i> Performance: File TEST-net.imglib2.view.RandomAccessTest.xml reported 0.0% of errors [SUCCESS]. Build status is: FAILURE
</I>&gt;<i> Performance: File TEST-net.imglib2.view.RandomAccessibleIntervalCursorTest.xml reported 0.0% of errors [SUCCESS]. Build status is: FAILURE
</I>&gt;<i> Performance: File TEST-net.imglib2.view.SequentializeTransformTest.xml reported 0.0% of errors [SUCCESS]. Build status is: FAILURE
</I>&gt;<i> Performance: File TEST-tests.BasicTest.xml reported 0.0% of errors [SUCCESS]. Build status is: FAILURE
</I>&gt;<i> Performance: File TEST-tests.labeling.LabelingOutOfBoundsTest.xml reported 0.0% of errors [SUCCESS]. Build status is: FAILURE
</I>&gt;<i> Performance: File TEST-tests.labeling.LabelingTest.xml reported 0.0% of errors [SUCCESS]. Build status is: FAILURE
</I>&gt;<i> Performance: File TEST-tests.labeling.SparseLabelingTest.xml reported 0.0% of errors [SUCCESS]. Build status is: FAILURE
</I>&gt;<i> Performance: File TEST-tests.roi.TestAbstractRegionOfInterest.xml reported 0.0% of errors [SUCCESS]. Build status is: FAILURE
</I>&gt;<i> Performance: File TEST-tests.subimg.SubImgTest.xml reported 0.0% of errors [SUCCESS]. Build status is: FAILURE
</I>&gt;<i> Performance: File TEST-net.imglib2.io.img.virtual.VirtualImgTest.xml reported 0.0% of errors [SUCCESS]. Build status is: FAILURE
</I>&gt;<i> Performance: File TEST-net.imglib2.ops.example.Example10Test.xml reported 0.0% of errors [SUCCESS]. Build status is: FAILURE
</I>&gt;<i> Performance: File TEST-net.imglib2.ops.example.Example11Test.xml reported 0.0% of errors [SUCCESS]. Build status is: FAILURE
</I>&gt;<i> Performance: File TEST-net.imglib2.ops.example.Example12Test.xml reported 0.0% of errors [SUCCESS]. Build status is: FAILURE
</I>&gt;<i> Performance: File TEST-net.imglib2.ops.example.Example1Test.xml reported 0.0% of errors [SUCCESS]. Build status is: FAILURE
</I>&gt;<i> Performance: File TEST-net.imglib2.ops.example.Example2Test.xml reported 0.0% of errors [SUCCESS]. Build status is: FAILURE
</I>&gt;<i> Performance: File TEST-net.imglib2.ops.example.Example3Test.xml reported 0.0% of errors [SUCCESS]. Build status is: FAILURE
</I>&gt;<i> Performance: File TEST-net.imglib2.ops.example.Example4Test.xml reported 0.0% of errors [SUCCESS]. Build status is: FAILURE
</I>&gt;<i> Performance: File TEST-net.imglib2.ops.example.Example5Test.xml reported 0.0% of errors [SUCCESS]. Build status is: FAILURE
</I>&gt;<i> Performance: File TEST-net.imglib2.ops.example.Example6Test.xml reported 0.0% of errors [SUCCESS]. Build status is: FAILURE
</I>&gt;<i> Performance: File TEST-net.imglib2.ops.example.Example7Test.xml reported 0.0% of errors [SUCCESS]. Build status is: FAILURE
</I>&gt;<i> Performance: File TEST-net.imglib2.ops.example.Example8Test.xml reported 0.0% of errors [SUCCESS]. Build status is: FAILURE
</I>&gt;<i> Performance: File TEST-net.imglib2.ops.example.Example9Test.xml reported 0.0% of errors [SUCCESS]. Build status is: FAILURE
</I>&gt;<i> Performance: File TEST-net.imglib2.ops.operation.binary.bool.BinaryAndNotTest.xml reported 0.0% of errors [SUCCESS]. Build status is: FAILURE
</I>&gt;<i> Performance: File TEST-net.imglib2.ops.operation.binary.bool.BinaryXorTest.xml reported 0.0% of errors [SUCCESS]. Build status is: FAILURE
</I>&gt;<i> Performance: File TEST-net.imglib2.ops.operation.binary.complex.ComplexAddTest.xml reported 0.0% of errors [SUCCESS]. Build status is: FAILURE
</I>&gt;<i> Performance: File TEST-net.imglib2.ops.operation.binary.complex.ComplexAvgTest.xml reported 0.0% of errors [SUCCESS]. Build status is: FAILURE
</I>&gt;<i> Performance: File TEST-net.imglib2.ops.operation.binary.complex.ComplexCopyLeftTest.xml reported 0.0% of errors [SUCCESS]. Build status is: FAILURE
</I>&gt;<i> Performance: File TEST-net.imglib2.ops.operation.binary.complex.ComplexCopyRightTest.xml reported 0.0% of errors [SUCCESS]. Build status is: FAILURE
</I>&gt;<i> Performance: File TEST-net.imglib2.ops.operation.binary.complex.ComplexDifferenceTest.xml reported 0.0% of errors [SUCCESS]. Build status is: FAILURE
</I>&gt;<i> Performance: File TEST-net.imglib2.ops.operation.binary.complex.ComplexDivideTest.xml reported 0.0% of errors [SUCCESS]. Build status is: FAILURE
</I>&gt;<i> Performance: File TEST-net.imglib2.ops.operation.binary.complex.ComplexMultiplyTest.xml reported 0.0% of errors [SUCCESS]. Build status is: FAILURE
</I>&gt;<i> Performance: File TEST-net.imglib2.ops.operation.binary.complex.ComplexPowerTest.xml reported 0.0% of errors [SUCCESS]. Build status is: FAILURE
</I>&gt;<i> Performance: File TEST-net.imglib2.ops.operation.binary.complex.ComplexSubtractTest.xml reported 0.0% of errors [SUCCESS]. Build status is: FAILURE
</I>&gt;<i> Performance: File TEST-net.imglib2.ops.operation.unary.complex.ComplexExpTest.xml reported 0.0% of errors [SUCCESS]. Build status is: FAILURE
</I>&gt;<i> Performance: File TEST-net.imglib2.ops.operation.unary.complex.ComplexIntegerPowerTest.xml reported 0.0% of errors [SUCCESS]. Build status is: FAILURE
</I>&gt;<i> Performance: File TEST-net.imglib2.ops.operation.unary.complex.ComplexLogTest.xml reported 0.0% of errors [SUCCESS]. Build status is: FAILURE
</I>&gt;<i> Performance: File TEST-net.imglib2.ops.operation.unary.complex.ComplexReciprocalTest.xml reported 0.0% of errors [SUCCESS]. Build status is: FAILURE
</I>&gt;<i> Performance: File TEST-script.imglib.test.TestBufferedImageImg.xml reported 0.0% of errors [SUCCESS]. Build status is: FAILURE
</I>&gt;<i> Performance: File TEST-script.imglib.test.TestExtend.xml reported 0.0% of errors [SUCCESS]. Build status is: FAILURE
</I>&gt;<i> Performance: File TEST-script.imglib.test.TestIntegralImage.xml reported 0.0% of errors [SUCCESS]. Build status is: FAILURE
</I>&gt;<i> Performance: File TEST-script.imglib.test.TestIntegralImagePerformance.xml reported 0.0% of errors [SUCCESS]. Build status is: FAILURE
</I>&gt;<i> Performance: File TEST-script.imglib.test.TestReduce.xml reported 0.0% of errors [SUCCESS]. Build status is: FAILURE
</I>&gt;<i> Performance: File TEST-script.imglib.test.TestTransformations.xml reported 0.0% of errors [SUCCESS]. Build status is: FAILURE
</I>&gt;<i> Performance: File TEST-net.imglib2.view.MixedTransformConcatenateTest.xml reported 0.0% of errors [SUCCESS]. Build status is: FAILURE
</I>&gt;<i> Performance: File TEST-net.imglib2.view.SlicingTransformConcatenateTest.xml reported 0.0% of errors [SUCCESS]. Build status is: FAILURE
</I>&gt;<i> Performance: File TEST-net.imglib2.view.TranslationTransformConcatenateTest.xml reported 0.0% of errors [SUCCESS]. Build status is: FAILURE
</I>

</PRE>




<!--endarticle-->
    <HR>
    <P><UL>
        <!--threads-->
	<LI>Previous message: <A HREF="000963.html">[ImageJ-devel] Build failed in Jenkins: ImgLib #840
</A></li>
	<LI>Next message: <A HREF="000965.html">[ImageJ-devel] Jenkins build is back to normal : ImgLib #841
</A></li>
         <LI> <B>Messages sorted by:</B> 
              <a href="date.html#964">[ date ]</a>
              <a href="thread.html#964">[ thread ]</a>
              <a href="subject.html#964">[ subject ]</a>
              <a href="author.html#964">[ author ]</a>
         </LI>
       </UL>

<hr>
<a href="http://imagej.net/mailman/listinfo/imagej-devel">More information about the ImageJ-devel
mailing list</a><br>
</body></html>
