<!DOCTYPE HTML PUBLIC "-//W3C//DTD HTML 4.01 Transitional//EN">
<HTML>
 <HEAD>
   <TITLE> [ImageJ-devel] Build failed in Jenkins: ImageJ1-unit-tests #24
   </TITLE>
   <LINK REL="Index" HREF="index.html" >
   <LINK REL="made" HREF="mailto:imagej-devel%40imagej.net?Subject=Re%3A%20%5BImageJ-devel%5D%20Build%20failed%20in%20Jenkins%3A%20ImageJ1-unit-tests%20%2324&In-Reply-To=%3C1629108570.172.1337365294992.JavaMail.jenkins%40dev%3E">
   <META NAME="robots" CONTENT="index,nofollow">
   <style type="text/css">
       pre {
           white-space: pre-wrap;       /* css-2.1, curent FF, Opera, Safari */
           }
   </style>
   <META http-equiv="Content-Type" content="text/html; charset=us-ascii">
   <LINK REL="Previous"  HREF="000973.html">
   <LINK REL="Next"  HREF="000944.html">
 </HEAD>
 <BODY BGCOLOR="#ffffff">
   <H1>[ImageJ-devel] Build failed in Jenkins: ImageJ1-unit-tests #24</H1>
    <B>jenkins at imagej.net</B> 
    <A HREF="mailto:imagej-devel%40imagej.net?Subject=Re%3A%20%5BImageJ-devel%5D%20Build%20failed%20in%20Jenkins%3A%20ImageJ1-unit-tests%20%2324&In-Reply-To=%3C1629108570.172.1337365294992.JavaMail.jenkins%40dev%3E"
       TITLE="[ImageJ-devel] Build failed in Jenkins: ImageJ1-unit-tests #24">jenkins at imagej.net
       </A><BR>
    <I>Fri May 18 13:21:34 CDT 2012</I>
    <P><UL>
        <LI>Previous message: <A HREF="000973.html">[ImageJ-devel] Build failed in Jenkins: ImageJ1-unit-tests #23
</A></li>
        <LI>Next message: <A HREF="000944.html">[ImageJ-devel] SVN authors file
</A></li>
         <LI> <B>Messages sorted by:</B> 
              <a href="date.html#974">[ date ]</a>
              <a href="thread.html#974">[ thread ]</a>
              <a href="subject.html#974">[ subject ]</a>
              <a href="author.html#974">[ author ]</a>
         </LI>
       </UL>
    <HR>  
<!--beginarticle-->
<PRE>See &lt;<A HREF="http://jenkins.imagej.net/job/ImageJ1-unit-tests/24/">http://jenkins.imagej.net/job/ImageJ1-unit-tests/24/</A>&gt;

------------------------------------------
Started by upstream project &quot;Synchronize-and-deploy-IJ1&quot; build number 1417
Building on master
Checkout:workspace / &lt;<A HREF="http://jenkins.imagej.net/job/ImageJ1-unit-tests/ws/">http://jenkins.imagej.net/job/ImageJ1-unit-tests/ws/</A>&gt; - <A HREF="http://imagej.net/mailman/listinfo/imagej-devel">hudson.remoting.LocalChannel at 1752c491</A>
Using strategy: Default
Last Built Revision: Revision 183bac3c8ee148d3d50d7286164fa61b8b98a362 (origin/master)
Checkout:workspace / &lt;<A HREF="http://jenkins.imagej.net/job/ImageJ1-unit-tests/ws/">http://jenkins.imagej.net/job/ImageJ1-unit-tests/ws/</A>&gt; - <A HREF="http://imagej.net/mailman/listinfo/imagej-devel">hudson.remoting.LocalChannel at 1752c491</A>
GitAPI created
Fetching changes from the remote Git repository
Fetching upstream changes from <A HREF="git://github.com/imagej/ij1-tests">git://github.com/imagej/ij1-tests</A>
[workspace] $ git fetch -t <A HREF="git://github.com/imagej/ij1-tests">git://github.com/imagej/ij1-tests</A> +refs/heads/*:refs/remotes/origin/*
[workspace] $ git ls-tree HEAD
Seen branch in repository origin/master
Commencing build of Revision 183bac3c8ee148d3d50d7286164fa61b8b98a362 (origin/master)
GitAPI created
Checking out Revision 183bac3c8ee148d3d50d7286164fa61b8b98a362 (origin/master)
[workspace] $ git checkout -f 183bac3c8ee148d3d50d7286164fa61b8b98a362
[workspace] $ git tag -a -f -m &quot;Hudson Build #24&quot; hudson-ImageJ1-unit-tests-24
Recording changes in branch origin/master
[workspace] $ git whatchanged --no-abbrev -M --pretty=raw 183bac3c8ee148d3d50d7286164fa61b8b98a362..183bac3c8ee148d3d50d7286164fa61b8b98a362
[workspace] $ mvn clean test
[INFO] Scanning for projects...
[INFO] ------------------------------------------------------------------------
[INFO] Building ImageJ1 unit tests
[INFO]    task-segment: [clean, test]
[INFO] ------------------------------------------------------------------------
[INFO] [clean:clean {execution: default-clean}]
[INFO] Deleting /data/devel/jenkins/jobs/ImageJ1-unit-tests/workspace/target
[debug] execute contextualize
[INFO] [resources:resources {execution: default-resources}]
[INFO] Using 'UTF-8' encoding to copy filtered resources.
[INFO] skip non existing resourceDirectory /data/devel/jenkins/jobs/ImageJ1-unit-tests/workspace/src/main/resources
[INFO] [compiler:compile {execution: default-compile}]
[INFO] No sources to compile
[debug] execute contextualize
[INFO] [resources:testResources {execution: default-testResources}]
[INFO] Using 'UTF-8' encoding to copy filtered resources.
[INFO] Copying 28 resources
[INFO] [compiler:testCompile {execution: default-testCompile}]
[INFO] Compiling 85 source files to /data/devel/jenkins/jobs/ImageJ1-unit-tests/workspace/target/test-classes
[INFO] [surefire:test {execution: default-test}]
[INFO] Surefire report directory: /data/devel/jenkins/jobs/ImageJ1-unit-tests/workspace/target/surefire-reports

-------------------------------------------------------
 T E S T S
-------------------------------------------------------
Running ij.IJEventListenerTest
Tests run: 2, Failures: 0, Errors: 0, Skipped: 0, Time elapsed: 0.03 sec
Running ij.process.FloatProcessorTest
Tests run: 81, Failures: 0, Errors: 0, Skipped: 0, Time elapsed: 0.868 sec
Running ij.process.LUTTest
Tests run: 7, Failures: 0, Errors: 0, Skipped: 0, Time elapsed: 0.006 sec
Running ij.process.ByteProcessorTest
Tests run: 71, Failures: 0, Errors: 0, Skipped: 0, Time elapsed: 0.611 sec
Running ij.process.ShortProcessorTest
Tests run: 86, Failures: 0, Errors: 0, Skipped: 0, Time elapsed: 6.521 sec
Running ij.process.ColorProcessorTest
Tests run: 86, Failures: 0, Errors: 0, Skipped: 0, Time elapsed: 1.311 sec
Running ij.process.ImageProcessorTest
Tests run: 184, Failures: 0, Errors: 0, Skipped: 0, Time elapsed: 1.331 sec
Running ij.process.BinaryProcessorTest
Tests run: 5, Failures: 0, Errors: 0, Skipped: 0, Time elapsed: 0.133 sec
Running ij.io.DirectoryChooserTest
Tests run: 3, Failures: 0, Errors: 0, Skipped: 0, Time elapsed: 0 sec
Running ij.io.RandomAccessStreamTest
Tests run: 16, Failures: 0, Errors: 0, Skipped: 0, Time elapsed: 0.008 sec
Running ij.io.FileOpenerTest
Tests run: 8, Failures: 0, Errors: 0, Skipped: 0, Time elapsed: 0.479 sec
Running ij.io.BitBufferTest
Tests run: 2, Failures: 0, Errors: 0, Skipped: 0, Time elapsed: 0 sec
Running ij.io.ImageWriterTest
Tests run: 1, Failures: 0, Errors: 0, Skipped: 0, Time elapsed: 0.033 sec
Running ij.io.FileInfoTest
Tests run: 6, Failures: 0, Errors: 0, Skipped: 0, Time elapsed: 0.004 sec
Running ij.io.ImageReaderTest
java.net.MalformedURLException: no protocol: ashdjjfj
java.net.UnknownHostException: fred.joe.john.edu
java.io.FileNotFoundException: <A HREF="http://www.google.com/ooglywooglygugglychoogly.tiff">http://www.google.com/ooglywooglygugglychoogly.tiff</A>
Tests run: 16, Failures: 1, Errors: 0, Skipped: 0, Time elapsed: 1.172 sec &lt;&lt;&lt; FAILURE!
Running ij.CommandListenerTest
Tests run: 1, Failures: 0, Errors: 0, Skipped: 0, Time elapsed: 0 sec
Running ij.ImagePlusTest
The Cut and Copy commands require
an area selection, or no selection.
The Cut and Copy commands require
an area selection, or no selection.
Tests run: 125, Failures: 2, Errors: 0, Skipped: 0, Time elapsed: 0.085 sec &lt;&lt;&lt; FAILURE!
Running ij.VirtualStackTest
Tests run: 22, Failures: 0, Errors: 0, Skipped: 0, Time elapsed: 0.028 sec
Running ij.macro.SymbolTest
Tests run: 4, Failures: 0, Errors: 0, Skipped: 0, Time elapsed: 0.001 sec
Running ij.macro.ReturnExceptionTest
Tests run: 1, Failures: 0, Errors: 0, Skipped: 0, Time elapsed: 0 sec
Running ij.ImageListenerTest
Tests run: 1, Failures: 0, Errors: 0, Skipped: 0, Time elapsed: 0 sec
Running ij.CompositeImageTest
Tests run: 29, Failures: 1, Errors: 0, Skipped: 0, Time elapsed: 0.044 sec &lt;&lt;&lt; FAILURE!
Running ij.util.ToolsTest
Tests run: 13, Failures: 0, Errors: 0, Skipped: 0, Time elapsed: 0.004 sec
Running ij.util.StringSorterTest
Tests run: 1, Failures: 0, Errors: 0, Skipped: 0, Time elapsed: 0 sec
Running ij.UndoTest
Tests run: 1, Failures: 0, Errors: 0, Skipped: 0, Time elapsed: 0 sec
Running ij.ExecuterTest
Tests run: 6, Failures: 0, Errors: 0, Skipped: 0, Time elapsed: 1.004 sec
Running ij.LookUpTableTest
Tests run: 8, Failures: 0, Errors: 0, Skipped: 0, Time elapsed: 0.001 sec
Running ij.ImageStackTest
Tests run: 27, Failures: 0, Errors: 0, Skipped: 0, Time elapsed: 1.024 sec
Running ij.measure.MeasurementsTest
Tests run: 1, Failures: 0, Errors: 0, Skipped: 0, Time elapsed: 0 sec
Running ij.measure.CalibrationTest
Tests run: 35, Failures: 2, Errors: 0, Skipped: 0, Time elapsed: 0.051 sec &lt;&lt;&lt; FAILURE!
Running ij.measure.ResultsTableTest
Tests run: 37, Failures: 0, Errors: 0, Skipped: 0, Time elapsed: 0.715 sec
Running ij.measure.CurveFitterTest
Tests run: 24, Failures: 6, Errors: 5, Skipped: 0, Time elapsed: 0.145 sec &lt;&lt;&lt; FAILURE!
Running ij.measure.SplineFitterTest
Tests run: 2, Failures: 0, Errors: 0, Skipped: 0, Time elapsed: 0 sec
Running ij.gui.ArrowTest
Tests run: 13, Failures: 0, Errors: 0, Skipped: 0, Time elapsed: 0.003 sec
Running ij.gui.ProgressBarTest
Tests run: 8, Failures: 0, Errors: 0, Skipped: 0, Time elapsed: 0.002 sec
Running ij.gui.OverlayTest
Tests run: 12, Failures: 0, Errors: 0, Skipped: 0, Time elapsed: 0.003 sec
Running ij.gui.LineTest
Tests run: 16, Failures: 0, Errors: 0, Skipped: 0, Time elapsed: 0.009 sec
Running ij.gui.TrimmedButtonTest
Tests run: 1, Failures: 0, Errors: 0, Skipped: 0, Time elapsed: 0.001 sec
Running ij.gui.RoiTest
Tests run: 52, Failures: 1, Errors: 0, Skipped: 0, Time elapsed: 0.022 sec &lt;&lt;&lt; FAILURE!
Running ij.gui.WandTest
Tests run: 8, Failures: 0, Errors: 0, Skipped: 0, Time elapsed: 0.002 sec
Running ij.gui.ToolbarTest
Tests run: 1, Failures: 0, Errors: 0, Skipped: 0, Time elapsed: 0 sec
Running ij.gui.TextRoiTest
Tests run: 14, Failures: 0, Errors: 0, Skipped: 0, Time elapsed: 0.005 sec
Running ij.gui.PolygonRoiTest
Tests run: 24, Failures: 1, Errors: 5, Skipped: 0, Time elapsed: 0.014 sec &lt;&lt;&lt; FAILURE!
Running ij.gui.ImageRoiTest
Tests run: 5, Failures: 0, Errors: 0, Skipped: 0, Time elapsed: 0.001 sec
Running ij.gui.ProfilePlotTest
Tests run: 6, Failures: 0, Errors: 0, Skipped: 0, Time elapsed: 0.002 sec
Running ij.gui.FreehandRoiTest
Tests run: 1, Failures: 0, Errors: 0, Skipped: 0, Time elapsed: 0 sec
Running ij.gui.ShapeRoiTest
Tests run: 22, Failures: 0, Errors: 0, Skipped: 0, Time elapsed: 0.132 sec
Running ij.gui.OvalRoiTest
Tests run: 9, Failures: 0, Errors: 0, Skipped: 0, Time elapsed: 0.003 sec
Running ij.gui.PlotTest
Tests run: 20, Failures: 0, Errors: 0, Skipped: 0, Time elapsed: 0.134 sec
Running ij.gui.PointRoiTest
Tests run: 10, Failures: 0, Errors: 5, Skipped: 0, Time elapsed: 0.019 sec &lt;&lt;&lt; FAILURE!

Results :

Failed tests:   testLzwUncompress(ij.io.ImageReaderTest): array lengths differed, expected.length=13 actual.length=0
  testToString(ij.ImagePlusTest): expected:&lt;imp[Arckle [2x1x1]]&gt; but was:&lt;imp[Arckle [(2x1x1x1x1)]]&gt;
  testGetFileInfo(ij.ImagePlusTest): expected:&lt;12&gt; but was:&lt;2&gt;
  testSetChannelLutLUT(ij.CompositeImageTest)
  testGetCValueInt(ij.measure.CalibrationTest): expected:&lt;-12.815510557964274&gt; but was:&lt;NaN&gt;
  testGetCValueDouble(ij.measure.CalibrationTest): expected:&lt;-12.815510557964274&gt; but was:&lt;NaN&gt;
  testConstants(ij.measure.CurveFitterTest): expected:&lt;y = [b*(x-a)^c*exp(-(x-a])/d)&gt; but was:&lt;y = [a*(x-b)^c*exp(-(x-b])/d)&gt;
  testDoFitIntBoolean(ij.measure.CurveFitterTest): Assert.assertDoubleArraysEqual(double[],double[]) items differ at index 0: expected 2.0 and got 2.0011829468898386
  testFIntDoubleArrayDouble(ij.measure.CurveFitterTest)
  testGetResiduals(ij.measure.CurveFitterTest): expected:&lt;-46.14286&gt; but was:&lt;0.0&gt;
  testGetResultString(ij.measure.CurveFitterTest): expected:&lt;...d+(a-d)/(1+(x/c)^b)
  testGetFit(ij.measure.CurveFitterTest): expected:&lt;20&gt; but was:&lt;100&gt;
  testGetStrokeWidth(ij.gui.RoiTest): expected:&lt;1.0&gt; but was:&lt;0.0&gt;
  testDrawPixelsImageProcessor(ij.gui.PolygonRoiTest): expected:&lt;33&gt; but was:&lt;0&gt;

Tests in error: 
  testDoCustomFit(ij.measure.CurveFitterTest): 2
  testGetNumParams(ij.measure.CurveFitterTest): 3
  testFDoubleArrayDouble(ij.measure.CurveFitterTest): 2
  testGetName(ij.measure.CurveFitterTest): 2
  testGetFormula(ij.measure.CurveFitterTest): 2
  testGetPolygon(ij.gui.PolygonRoiTest): npoints&lt;1
  testPolygonRoiIntArrayIntArrayIntInt(ij.gui.PolygonRoiTest): npoints&lt;1
  testPolygonRoiPolygonInt(ij.gui.PolygonRoiTest): npoints&lt;1
  testGetFloatPolygon(ij.gui.PolygonRoiTest): npoints&lt;1
  testGetUncalibratedLength(ij.gui.PolygonRoiTest): npoints&lt;1
  testGetMask(ij.gui.PointRoiTest): points&lt;=0
  testDrawPixelsImageProcessor(ij.gui.PointRoiTest): points&lt;=0
  testPointRoiIntArrayIntArrayInt(ij.gui.PointRoiTest): Null argument
  testAddPointIntInt(ij.gui.PointRoiTest): points&lt;=0
  testSubtractPointsRoi(ij.gui.PointRoiTest): npoints&lt;1

Tests run: 1134, Failures: 14, Errors: 15, Skipped: 0

[INFO] ------------------------------------------------------------------------
[ERROR] BUILD FAILURE
[INFO] ------------------------------------------------------------------------
[INFO] There are test failures.

Please refer to /data/devel/jenkins/jobs/ImageJ1-unit-tests/workspace/target/surefire-reports for the individual test results.
[INFO] ------------------------------------------------------------------------
[INFO] For more information, run Maven with the -e switch
[INFO] ------------------------------------------------------------------------
[INFO] Total time: 20 seconds
[INFO] Finished at: Fri May 18 13:21:34 CDT 2012
[INFO] Final Memory: 28M/456M
[INFO] ------------------------------------------------------------------------

</PRE>

<!--endarticle-->
    <HR>
    <P><UL>
        <!--threads-->
	<LI>Previous message: <A HREF="000973.html">[ImageJ-devel] Build failed in Jenkins: ImageJ1-unit-tests #23
</A></li>
	<LI>Next message: <A HREF="000944.html">[ImageJ-devel] SVN authors file
</A></li>
         <LI> <B>Messages sorted by:</B> 
              <a href="date.html#974">[ date ]</a>
              <a href="thread.html#974">[ thread ]</a>
              <a href="subject.html#974">[ subject ]</a>
              <a href="author.html#974">[ author ]</a>
         </LI>
       </UL>

<hr>
<a href="http://imagej.net/mailman/listinfo/imagej-devel">More information about the ImageJ-devel
mailing list</a><br>
</body></html>
