<!DOCTYPE HTML PUBLIC "-//W3C//DTD HTML 4.01 Transitional//EN">
<HTML>
 <HEAD>
   <TITLE> [ImageJ-devel] Build failed in Jenkins: ImageJ #3229
   </TITLE>
   <LINK REL="Index" HREF="index.html" >
   <LINK REL="made" HREF="mailto:imagej-devel%40imagej.net?Subject=Re%3A%20%5BImageJ-devel%5D%20Build%20failed%20in%20Jenkins%3A%20ImageJ%20%233229&In-Reply-To=%3C933386460.175.1337977042441.JavaMail.jenkins%40dev%3E">
   <META NAME="robots" CONTENT="index,nofollow">
   <style type="text/css">
       pre {
           white-space: pre-wrap;       /* css-2.1, curent FF, Opera, Safari */
           }
   </style>
   <META http-equiv="Content-Type" content="text/html; charset=us-ascii">
   <LINK REL="Previous"  HREF="000977.html">
   <LINK REL="Next"  HREF="000979.html">
 </HEAD>
 <BODY BGCOLOR="#ffffff">
   <H1>[ImageJ-devel] Build failed in Jenkins: ImageJ #3229</H1>
    <B>jenkins at imagej.net</B> 
    <A HREF="mailto:imagej-devel%40imagej.net?Subject=Re%3A%20%5BImageJ-devel%5D%20Build%20failed%20in%20Jenkins%3A%20ImageJ%20%233229&In-Reply-To=%3C933386460.175.1337977042441.JavaMail.jenkins%40dev%3E"
       TITLE="[ImageJ-devel] Build failed in Jenkins: ImageJ #3229">jenkins at imagej.net
       </A><BR>
    <I>Fri May 25 15:17:22 CDT 2012</I>
    <P><UL>
        <LI>Previous message: <A HREF="000977.html">[ImageJ-devel] (imglib2) Re: out of bounds that extends forever the	border value
</A></li>
        <LI>Next message: <A HREF="000979.html">[ImageJ-devel] Build failed in Jenkins: ImageJ #3229
</A></li>
         <LI> <B>Messages sorted by:</B> 
              <a href="date.html#978">[ date ]</a>
              <a href="thread.html#978">[ thread ]</a>
              <a href="subject.html#978">[ subject ]</a>
              <a href="author.html#978">[ author ]</a>
         </LI>
       </UL>
    <HR>  
<!--beginarticle-->
<PRE>See &lt;<A HREF="http://jenkins.imagej.net/job/ImageJ/3229/changes">http://jenkins.imagej.net/job/ImageJ/3229/changes</A>&gt;

Changes:

[Barry DeZonia] Allow overlays to be duplicated and moved

------------------------------------------
[...truncated 234 lines...]
[INFO ] Created service: imagej.ext.plugin.DefaultPluginService
[INFO ] Created service: imagej.ext.display.DefaultDisplayService
[INFO ] Created service: imagej.event.DefaultEventService
[INFO ] Created service: imagej.object.DefaultObjectService
[INFO ] Created service: imagej.thread.DefaultThreadService
[INFO ] Created service: imagej.ext.module.DefaultModuleService
[INFO ] Found 10 plugins.
[INFO ] Created service: imagej.ext.plugin.DefaultPluginService
[INFO ] Created service: imagej.ext.display.DefaultDisplayService
Tests run: 3, Failures: 0, Errors: 0, Skipped: 0, Time elapsed: 0.328 sec
Running imagej.ext.menu.ShadowMenuTest
[INFO ] Created service: imagej.event.DefaultEventService
[INFO ] Created service: imagej.thread.DefaultThreadService
[INFO ] Created service: imagej.ext.module.DefaultModuleService
[INFO ] Found 10 plugins.
[INFO ] Created service: imagej.ext.plugin.DefaultPluginService
[INFO ] Created service: imagej.ext.menu.DefaultMenuService
[INFO ] Created service: imagej.event.DefaultEventService
[INFO ] Created service: imagej.thread.DefaultThreadService
[INFO ] Created service: imagej.ext.module.DefaultModuleService
[INFO ] Found 10 plugins.
[INFO ] Created service: imagej.ext.plugin.DefaultPluginService
[INFO ] Created service: imagej.ext.menu.DefaultMenuService
[INFO ] Created service: imagej.event.DefaultEventService
[INFO ] Created service: imagej.thread.DefaultThreadService
[INFO ] Created service: imagej.ext.module.DefaultModuleService
[INFO ] Found 10 plugins.
[INFO ] Created service: imagej.ext.plugin.DefaultPluginService
[INFO ] Created service: imagej.ext.menu.DefaultMenuService
[INFO ] Created service: imagej.event.DefaultEventService
[INFO ] Created service: imagej.thread.DefaultThreadService
[INFO ] Created service: imagej.ext.module.DefaultModuleService
[INFO ] Found 10 plugins.
[INFO ] Created service: imagej.ext.plugin.DefaultPluginService
[INFO ] Created service: imagej.ext.menu.DefaultMenuService
Tests run: 4, Failures: 0, Errors: 0, Skipped: 0, Time elapsed: 0.035 sec

Results :

Tests run: 7, Failures: 0, Errors: 0, Skipped: 0

[INFO] [jar:jar {execution: default-jar}]
[INFO] Building jar: /data/devel/jenkins/jobs/ImageJ/workspace/core/ext/target/ij-ext-2.0.0-SNAPSHOT.jar
[INFO] [install:install {execution: default-install}]
[INFO] Installing /data/devel/jenkins/jobs/ImageJ/workspace/core/ext/target/ij-ext-2.0.0-SNAPSHOT.jar to /var/lib/jenkins/.m2/repository/net/imagej/ij-ext/2.0.0-SNAPSHOT/ij-ext-2.0.0-SNAPSHOT.jar
[INFO] [deploy:deploy {execution: default-deploy}]
[INFO] Retrieving previous build number from imagej.snapshots
Uploading: <A HREF="http://maven.imagej.net/content/repositories/snapshots/net/imagej/ij-ext/2.0.0-SNAPSHOT/ij-ext-2.0.0-20120525.201704-326.jar">http://maven.imagej.net/content/repositories/snapshots/net/imagej/ij-ext/2.0.0-SNAPSHOT/ij-ext-2.0.0-20120525.201704-326.jar</A>
May 25, 2012 3:17:15 PM org.apache.commons.httpclient.auth.AuthChallengeProcessor selectAuthScheme
INFO: basic authentication scheme selected
4/157K
8/157K
12/157K
16/157K
20/157K
24/157K
28/157K
32/157K
36/157K
40/157K
44/157K
48/157K
52/157K
56/157K
60/157K
64/157K
68/157K
72/157K
76/157K
80/157K
84/157K
88/157K
92/157K
96/157K
100/157K
104/157K
108/157K
112/157K
116/157K
120/157K
124/157K
128/157K
132/157K
136/157K
140/157K
144/157K
148/157K
152/157K
156/157K
157/157K
157K uploaded  (ij-ext-2.0.0-20120525.201704-326.jar)
[INFO] Retrieving previous metadata from imagej.snapshots
[INFO] Uploading repository metadata for: 'snapshot net.imagej:ij-ext:2.0.0-SNAPSHOT'
May 25, 2012 3:17:15 PM org.apache.commons.httpclient.auth.AuthChallengeProcessor selectAuthScheme
INFO: basic authentication scheme selected
[INFO] Retrieving previous metadata from imagej.snapshots
[INFO] Uploading repository metadata for: 'artifact net.imagej:ij-ext'
May 25, 2012 3:17:15 PM org.apache.commons.httpclient.auth.AuthChallengeProcessor selectAuthScheme
INFO: basic authentication scheme selected
[INFO] Uploading project information for ij-ext 2.0.0-20120525.201704-326
May 25, 2012 3:17:15 PM org.apache.commons.httpclient.auth.AuthChallengeProcessor selectAuthScheme
INFO: basic authentication scheme selected
[INFO] ------------------------------------------------------------------------
[INFO] Building ImageJ Data Model
[INFO]    task-segment: [clean, deploy]
[INFO] ------------------------------------------------------------------------
[INFO] [clean:clean {execution: default-clean}]
[INFO] Deleting /data/devel/jenkins/jobs/ImageJ/workspace/core/data/target
[INFO] [buildnumber:create {execution: default}]
[debug] execute contextualize
[INFO] [resources:resources {execution: default-resources}]
[INFO] Using 'UTF-8' encoding to copy filtered resources.
[INFO] skip non existing resourceDirectory /data/devel/jenkins/jobs/ImageJ/workspace/core/data/src/main/resources
[INFO] snapshot net.imglib2:imglib2:2.0.0-SNAPSHOT: checking for updates from imagej.releases
[INFO] snapshot net.imglib2:imglib2:2.0.0-SNAPSHOT: checking for updates from imagej.snapshots
[INFO] snapshot net.imglib2:imglib2:2.0.0-SNAPSHOT: checking for updates from loci.releases
[INFO] snapshot net.imglib2:imglib2:2.0.0-SNAPSHOT: checking for updates from loci.snapshots
[INFO] snapshot net.imglib2:imglib2:2.0.0-SNAPSHOT: checking for updates from imagej.thirdparty
[INFO] snapshot net.imglib2:imglib2:2.0.0-SNAPSHOT: checking for updates from java.net
[INFO] snapshot net.imglib2:pom-imglib2:2.0.0-SNAPSHOT: checking for updates from imagej.releases
[INFO] snapshot net.imglib2:pom-imglib2:2.0.0-SNAPSHOT: checking for updates from imagej.snapshots
[INFO] snapshot net.imglib2:pom-imglib2:2.0.0-SNAPSHOT: checking for updates from imagej.releases
[INFO] snapshot net.imglib2:pom-imglib2:2.0.0-SNAPSHOT: checking for updates from imagej.snapshots
[INFO] snapshot net.imglib2:pom-imglib2:2.0.0-SNAPSHOT: checking for updates from loci.releases
[INFO] snapshot net.imglib2:pom-imglib2:2.0.0-SNAPSHOT: checking for updates from loci.snapshots
[INFO] snapshot net.imglib2:pom-imglib2:2.0.0-SNAPSHOT: checking for updates from imagej.thirdparty
[INFO] snapshot net.imglib2:pom-imglib2:2.0.0-SNAPSHOT: checking for updates from java.net
[INFO] snapshot net.imglib2:pom-imglib:2.0.0-SNAPSHOT: checking for updates from imagej.releases
[INFO] snapshot net.imglib2:pom-imglib:2.0.0-SNAPSHOT: checking for updates from imagej.snapshots
[INFO] snapshot net.imglib2:pom-imglib:2.0.0-SNAPSHOT: checking for updates from imagej.releases
[INFO] snapshot net.imglib2:pom-imglib:2.0.0-SNAPSHOT: checking for updates from imagej.snapshots
[INFO] snapshot net.imglib2:pom-imglib:2.0.0-SNAPSHOT: checking for updates from loci.releases
[INFO] snapshot net.imglib2:pom-imglib:2.0.0-SNAPSHOT: checking for updates from loci.snapshots
[INFO] snapshot net.imglib2:pom-imglib:2.0.0-SNAPSHOT: checking for updates from imagej.thirdparty
[INFO] snapshot net.imglib2:pom-imglib:2.0.0-SNAPSHOT: checking for updates from java.net
[INFO] snapshot net.imglib2:imglib2-ops:2.0.0-SNAPSHOT: checking for updates from imagej.releases
[INFO] snapshot net.imglib2:imglib2-ops:2.0.0-SNAPSHOT: checking for updates from imagej.snapshots
[INFO] snapshot net.imglib2:imglib2-ops:2.0.0-SNAPSHOT: checking for updates from loci.releases
[INFO] snapshot net.imglib2:imglib2-ops:2.0.0-SNAPSHOT: checking for updates from loci.snapshots
[INFO] snapshot net.imglib2:imglib2-ops:2.0.0-SNAPSHOT: checking for updates from imagej.thirdparty
[INFO] snapshot net.imglib2:imglib2-ops:2.0.0-SNAPSHOT: checking for updates from java.net
[INFO] snapshot net.imglib2:imglib2-algorithms:2.0.0-SNAPSHOT: checking for updates from imagej.releases
[INFO] snapshot net.imglib2:imglib2-algorithms:2.0.0-SNAPSHOT: checking for updates from imagej.snapshots
[INFO] snapshot net.imglib2:imglib2-algorithms:2.0.0-SNAPSHOT: checking for updates from loci.releases
[INFO] snapshot net.imglib2:imglib2-algorithms:2.0.0-SNAPSHOT: checking for updates from loci.snapshots
[INFO] snapshot net.imglib2:imglib2-algorithms:2.0.0-SNAPSHOT: checking for updates from imagej.thirdparty
[INFO] snapshot net.imglib2:imglib2-algorithms:2.0.0-SNAPSHOT: checking for updates from java.net
[INFO] snapshot net.imglib2:pom-imglib2-algorithms:2.0.0-SNAPSHOT: checking for updates from imagej.releases
[INFO] snapshot net.imglib2:pom-imglib2-algorithms:2.0.0-SNAPSHOT: checking for updates from imagej.snapshots
[INFO] snapshot net.imglib2:pom-imglib2-algorithms:2.0.0-SNAPSHOT: checking for updates from imagej.releases
[INFO] snapshot net.imglib2:pom-imglib2-algorithms:2.0.0-SNAPSHOT: checking for updates from imagej.snapshots
[INFO] snapshot net.imglib2:pom-imglib2-algorithms:2.0.0-SNAPSHOT: checking for updates from loci.releases
[INFO] snapshot net.imglib2:pom-imglib2-algorithms:2.0.0-SNAPSHOT: checking for updates from loci.snapshots
[INFO] snapshot net.imglib2:pom-imglib2-algorithms:2.0.0-SNAPSHOT: checking for updates from imagej.thirdparty
[INFO] snapshot net.imglib2:pom-imglib2-algorithms:2.0.0-SNAPSHOT: checking for updates from java.net
[INFO] [compiler:compile {execution: default-compile}]
[INFO] Compiling 74 source files to /data/devel/jenkins/jobs/ImageJ/workspace/core/data/target/classes
[INFO] -------------------------------------------------------------
[ERROR] COMPILATION ERROR : 
[INFO] -------------------------------------------------------------
[ERROR] BinaryMaskOverlay.java:[118,28] cannot find symbol
symbol  : method getOrigin()
location: class net.imglib2.roi.BinaryMaskRegionOfInterest&lt;U,V&gt;
[ERROR] BinaryMaskOverlay.java:[203,23] cannot find symbol
symbol  : method move(double[])
location: class net.imglib2.roi.BinaryMaskRegionOfInterest&lt;U,V&gt;
[ERROR] BinaryMaskOverlay.java:[220,65] cannot find symbol
symbol  : method getImg()
location: class net.imglib2.roi.BinaryMaskRegionOfInterest&lt;U,V&gt;
[ERROR] BinaryMaskOverlay.java:[237,23] cannot find symbol
symbol  : method move(double[])
location: class net.imglib2.roi.BinaryMaskRegionOfInterest&lt;U,V&gt;
[ERROR] AngleOverlay.java:[192,23] cannot find symbol
symbol  : method move(double[])
location: class net.imglib2.roi.RectangleRegionOfInterest
[ERROR] PointOverlay.java:[148,23] cannot find symbol
symbol  : method move(double[])
location: class net.imglib2.roi.RectangleRegionOfInterest
[ERROR] PolygonOverlay.java:[123,23] cannot find symbol
symbol  : method move(double[])
location: class net.imglib2.roi.PolygonRegionOfInterest
[ERROR] CompositeOverlay.java:[90,23] cannot find symbol
symbol  : method move(double[])
location: class net.imglib2.roi.CompositeRegionOfInterest
[INFO] 8 errors 
[INFO] -------------------------------------------------------------
[INFO] ------------------------------------------------------------------------
[ERROR] BUILD FAILURE
[INFO] ------------------------------------------------------------------------
[INFO] Compilation failure

BinaryMaskOverlay.java:[118,28] cannot find symbol
symbol  : method getOrigin()
location: class net.imglib2.roi.BinaryMaskRegionOfInterest&lt;U,V&gt;
BinaryMaskOverlay.java:[203,23] cannot find symbol
symbol  : method move(double[])
location: class net.imglib2.roi.BinaryMaskRegionOfInterest&lt;U,V&gt;
BinaryMaskOverlay.java:[220,65] cannot find symbol
symbol  : method getImg()
location: class net.imglib2.roi.BinaryMaskRegionOfInterest&lt;U,V&gt;
BinaryMaskOverlay.java:[237,23] cannot find symbol
symbol  : method move(double[])
location: class net.imglib2.roi.BinaryMaskRegionOfInterest&lt;U,V&gt;
AngleOverlay.java:[192,23] cannot find symbol
symbol  : method move(double[])
location: class net.imglib2.roi.RectangleRegionOfInterest
PointOverlay.java:[148,23] cannot find symbol
symbol  : method move(double[])
location: class net.imglib2.roi.RectangleRegionOfInterest
PolygonOverlay.java:[123,23] cannot find symbol
symbol  : method move(double[])
location: class net.imglib2.roi.PolygonRegionOfInterest
CompositeOverlay.java:[90,23] cannot find symbol
symbol  : method move(double[])
location: class net.imglib2.roi.CompositeRegionOfInterest

[INFO] ------------------------------------------------------------------------
[INFO] For more information, run Maven with the -e switch
[INFO] ------------------------------------------------------------------------
[INFO] Total time: 25 seconds
[INFO] Finished at: Fri May 25 15:17:21 CDT 2012
[INFO] Final Memory: 80M/1467M
[INFO] ------------------------------------------------------------------------
Archiving artifacts
Performance: No threshold configured for making the test unstable
Performance: No threshold configured for making the test failure
Performance: Recording JUnit reports '**/TEST-*.xml'
Performance: Parsing JUnit report file TEST-imagej.object.ObjectIndexTest.xml
Performance: Parsing JUnit report file TEST-imagej.util.ColorRGBTest.xml
Performance: Parsing JUnit report file TEST-imagej.util.FileUtilsTest.xml
Performance: Parsing JUnit report file TEST-imagej.util.UnitUtilsTest.xml
Performance: Parsing JUnit report file TEST-imagej.ext.display.DisplayTest.xml
Performance: Parsing JUnit report file TEST-imagej.ext.menu.ShadowMenuTest.xml
Performance: Parsing JUnit report file TEST-imagej.legacy.LegacyImageMapTest.xml
Performance: Parsing JUnit report file TEST-imagej.legacy.OverlayHarmonizerTest.xml
Performance: Parsing JUnit report file TEST-imagej.legacy.translate.LegacyUtilsTest.xml
Performance: Parsing JUnit report file TEST-imagej.updater.core.UpdaterTest.xml
Performance: Parsing JUnit report file TEST-imagej.updater.UpdaterGUITest.xml
Performance: File TEST-imagej.object.ObjectIndexTest.xml reported 0.0% of errors [SUCCESS]. Build status is: FAILURE
Performance: File TEST-imagej.util.ColorRGBTest.xml reported 0.0% of errors [SUCCESS]. Build status is: FAILURE
Performance: File TEST-imagej.util.FileUtilsTest.xml reported 0.0% of errors [SUCCESS]. Build status is: FAILURE
Performance: File TEST-imagej.util.UnitUtilsTest.xml reported 0.0% of errors [SUCCESS]. Build status is: FAILURE
Performance: File TEST-imagej.ext.display.DisplayTest.xml reported 0.0% of errors [SUCCESS]. Build status is: FAILURE
Performance: File TEST-imagej.ext.menu.ShadowMenuTest.xml reported 0.0% of errors [SUCCESS]. Build status is: FAILURE
Performance: File TEST-imagej.legacy.LegacyImageMapTest.xml reported 0.0% of errors [SUCCESS]. Build status is: FAILURE
Performance: File TEST-imagej.legacy.OverlayHarmonizerTest.xml reported 0.0% of errors [SUCCESS]. Build status is: FAILURE
Performance: File TEST-imagej.legacy.translate.LegacyUtilsTest.xml reported 0.0% of errors [SUCCESS]. Build status is: FAILURE
Performance: File TEST-imagej.updater.core.UpdaterTest.xml reported 0.0% of errors [SUCCESS]. Build status is: FAILURE
Performance: File TEST-imagej.updater.UpdaterGUITest.xml reported 0.0% of errors [SUCCESS]. Build status is: FAILURE

</PRE>


<!--endarticle-->
    <HR>
    <P><UL>
        <!--threads-->
	<LI>Previous message: <A HREF="000977.html">[ImageJ-devel] (imglib2) Re: out of bounds that extends forever the	border value
</A></li>
	<LI>Next message: <A HREF="000979.html">[ImageJ-devel] Build failed in Jenkins: ImageJ #3229
</A></li>
         <LI> <B>Messages sorted by:</B> 
              <a href="date.html#978">[ date ]</a>
              <a href="thread.html#978">[ thread ]</a>
              <a href="subject.html#978">[ subject ]</a>
              <a href="author.html#978">[ author ]</a>
         </LI>
       </UL>

<hr>
<a href="http://imagej.net/mailman/listinfo/imagej-devel">More information about the ImageJ-devel
mailing list</a><br>
</body></html>
