<!DOCTYPE HTML PUBLIC "-//W3C//DTD HTML 4.01 Transitional//EN">
<HTML>
 <HEAD>
   <TITLE> [ImageJ-builds] Build failed in Jenkins: ImgLib2-Algorithm #40
   </TITLE>
   <LINK REL="Index" HREF="index.html" >
   <LINK REL="made" HREF="mailto:imagej-builds%40imagej.net?Subject=Re%3A%20%5BImageJ-builds%5D%20Build%20failed%20in%20Jenkins%3A%20ImgLib2-Algorithm%20%2340&In-Reply-To=%3C917121099.277.1461589680461.JavaMail.jenkins%40dev%3E">
   <META NAME="robots" CONTENT="index,nofollow">
   <style type="text/css">
       pre {
           white-space: pre-wrap;       /* css-2.1, curent FF, Opera, Safari */
           }
   </style>
   <META http-equiv="Content-Type" content="text/html; charset=us-ascii">
   <LINK REL="Previous"  HREF="012290.html">
   <LINK REL="Next"  HREF="012291.html">
 </HEAD>
 <BODY BGCOLOR="#ffffff">
   <H1>[ImageJ-builds] Build failed in Jenkins: ImgLib2-Algorithm #40</H1>
    <B>jenkins at imagej.net</B> 
    <A HREF="mailto:imagej-builds%40imagej.net?Subject=Re%3A%20%5BImageJ-builds%5D%20Build%20failed%20in%20Jenkins%3A%20ImgLib2-Algorithm%20%2340&In-Reply-To=%3C917121099.277.1461589680461.JavaMail.jenkins%40dev%3E"
       TITLE="[ImageJ-builds] Build failed in Jenkins: ImgLib2-Algorithm #40">jenkins at imagej.net
       </A><BR>
    <I>Mon Apr 25 08:08:00 CDT 2016</I>
    <P><UL>
        <LI>Previous message: <A HREF="012290.html">[ImageJ-builds] Jenkins build is back to normal : ImgLib2 #2417
</A></li>
        <LI>Next message: <A HREF="012291.html">[ImageJ-builds] Build failed in Jenkins: ImgLib2-Algorithm #41
</A></li>
         <LI> <B>Messages sorted by:</B> 
              <a href="date.html#12287">[ date ]</a>
              <a href="thread.html#12287">[ thread ]</a>
              <a href="subject.html#12287">[ subject ]</a>
              <a href="author.html#12287">[ author ]</a>
         </LI>
       </UL>
    <HR>  
<!--beginarticle-->
<PRE>See &lt;<A HREF="http://jenkins.imagej.net/job/ImgLib2-Algorithm/40/changes">http://jenkins.imagej.net/job/ImgLib2-Algorithm/40/changes</A>&gt;

Changes:

[Tobias Pietzsch] bump parent pom

------------------------------------------
Started by an SCM change
Building remotely on maven in workspace &lt;<A HREF="http://jenkins.imagej.net/job/ImgLib2-Algorithm/ws/">http://jenkins.imagej.net/job/ImgLib2-Algorithm/ws/</A>&gt;
 &gt; git rev-parse --is-inside-work-tree # timeout=10
Fetching changes from the remote Git repository
 &gt; git config remote.origin.url <A HREF="git://github.com/imglib/imglib2-algorithm">git://github.com/imglib/imglib2-algorithm</A> # timeout=10
Fetching upstream changes from <A HREF="git://github.com/imglib/imglib2-algorithm">git://github.com/imglib/imglib2-algorithm</A>
 &gt; git --version # timeout=10
 &gt; git -c core.askpass=true fetch --tags --progress <A HREF="git://github.com/imglib/imglib2-algorithm">git://github.com/imglib/imglib2-algorithm</A> +refs/heads/*:refs/remotes/origin/*
 &gt; git rev-parse origin/master^{commit} # timeout=10
Checking out Revision eebdf60cd7e6c612f8976f97593aa083e6ab3bde (origin/master)
 &gt; git config core.sparsecheckout # timeout=10
 &gt; git checkout -f eebdf60cd7e6c612f8976f97593aa083e6ab3bde
 &gt; git rev-list 6ee4eeeaada9d75c6b6a663c3611c40812447fd2 # timeout=10
 &gt; git tag -a -f -m Jenkins Build #40 jenkins-ImgLib2-Algorithm-40 # timeout=10
[ImgLib2-Algorithm] $ /bin/sh -xe /tmp/hudson6555735199051112671.sh
+ git clean -dfx
Removing target/
[ImgLib2-Algorithm] $ mvn -U -Pdeploy-to-imagej clean deploy javadoc:javadoc
[INFO] Scanning for projects...
[INFO]                                                                         
[INFO] ------------------------------------------------------------------------
[INFO] Building ImgLib2 Algorithms 0.5.0-SNAPSHOT
[INFO] ------------------------------------------------------------------------
Downloading: <A HREF="http://maven.imagej.net/content/groups/public/net/imglib2/imglib2/2.9.0/imglib2-2.9.0.pom">http://maven.imagej.net/content/groups/public/net/imglib2/imglib2/2.9.0/imglib2-2.9.0.pom</A>

Downloading: <A HREF="http://repo.maven.apache.org/maven2/net/imglib2/imglib2/2.9.0/imglib2-2.9.0.pom">http://repo.maven.apache.org/maven2/net/imglib2/imglib2/2.9.0/imglib2-2.9.0.pom</A>

[WARNING] The POM for net.imglib2:imglib2:jar:2.9.0 is missing, no dependency information available
Downloading: <A HREF="http://maven.imagej.net/content/groups/public/net/imglib2/imglib2/2.9.0/imglib2-2.9.0.jar">http://maven.imagej.net/content/groups/public/net/imglib2/imglib2/2.9.0/imglib2-2.9.0.jar</A>

Downloading: <A HREF="http://repo.maven.apache.org/maven2/net/imglib2/imglib2/2.9.0/imglib2-2.9.0.jar">http://repo.maven.apache.org/maven2/net/imglib2/imglib2/2.9.0/imglib2-2.9.0.jar</A>

[INFO] ------------------------------------------------------------------------
[INFO] BUILD FAILURE
[INFO] ------------------------------------------------------------------------
[INFO] Total time: 2.153s
[INFO] Finished at: Mon Apr 25 08:08:00 CDT 2016
[INFO] Final Memory: 13M/455M
[INFO] ------------------------------------------------------------------------
[ERROR] Failed to execute goal on project imglib2-algorithm: Could not resolve dependencies for project net.imglib2:imglib2-algorithm:jar:0.5.0-SNAPSHOT: Could not find artifact net.imglib2:imglib2:jar:2.9.0 in imagej.public (<A HREF="http://maven.imagej.net/content/groups/public">http://maven.imagej.net/content/groups/public</A>) -&gt; [Help 1]
[ERROR] 
[ERROR] To see the full stack trace of the errors, re-run Maven with the -e switch.
[ERROR] Re-run Maven using the -X switch to enable full debug logging.
[ERROR] 
[ERROR] For more information about the errors and possible solutions, please read the following articles:
[ERROR] [Help 1] <A HREF="http://cwiki.apache.org/confluence/display/MAVEN/DependencyResolutionException">http://cwiki.apache.org/confluence/display/MAVEN/DependencyResolutionException</A>
Build step 'Invoke top-level Maven targets' marked build as failure
Archiving artifacts
Publishing Javadoc
Build step 'Groovy Postbuild' marked build as failure
Recording test results
ERROR: Step &#8216;Publish JUnit test result report&#8217; failed: No test report files were found. Configuration error?
Performance: Percentage of errors greater or equal than 0% sets the build as unstable
Performance: Percentage of errors greater or equal than 0% sets the build as failure




</PRE>





<!--endarticle-->
    <HR>
    <P><UL>
        <!--threads-->
	<LI>Previous message: <A HREF="012290.html">[ImageJ-builds] Jenkins build is back to normal : ImgLib2 #2417
</A></li>
	<LI>Next message: <A HREF="012291.html">[ImageJ-builds] Build failed in Jenkins: ImgLib2-Algorithm #41
</A></li>
         <LI> <B>Messages sorted by:</B> 
              <a href="date.html#12287">[ date ]</a>
              <a href="thread.html#12287">[ thread ]</a>
              <a href="subject.html#12287">[ subject ]</a>
              <a href="author.html#12287">[ author ]</a>
         </LI>
       </UL>

<hr>
<a href="http://imagej.net/mailman/listinfo/imagej-builds">More information about the ImageJ-builds
mailing list</a><br>
</body></html>
