<!DOCTYPE HTML PUBLIC "-//W3C//DTD HTML 4.01 Transitional//EN">
<HTML>
 <HEAD>
   <TITLE> [ImageJ-builds] Build failed in Jenkins: ImageJ-launcher-deploy	#1198
   </TITLE>
   <LINK REL="Index" HREF="index.html" >
   <LINK REL="made" HREF="mailto:imagej-builds%40imagej.net?Subject=Re%3A%20%5BImageJ-builds%5D%20Build%20failed%20in%20Jenkins%3A%20ImageJ-launcher-deploy%0A%09%231198&In-Reply-To=%3C327081822.258.1461348336114.JavaMail.jenkins%40dev%3E">
   <META NAME="robots" CONTENT="index,nofollow">
   <style type="text/css">
       pre {
           white-space: pre-wrap;       /* css-2.1, curent FF, Opera, Safari */
           }
   </style>
   <META http-equiv="Content-Type" content="text/html; charset=us-ascii">
   <LINK REL="Previous"  HREF="012267.html">
   <LINK REL="Next"  HREF="012269.html">
 </HEAD>
 <BODY BGCOLOR="#ffffff">
   <H1>[ImageJ-builds] Build failed in Jenkins: ImageJ-launcher-deploy	#1198</H1>
    <B>jenkins at imagej.net</B> 
    <A HREF="mailto:imagej-builds%40imagej.net?Subject=Re%3A%20%5BImageJ-builds%5D%20Build%20failed%20in%20Jenkins%3A%20ImageJ-launcher-deploy%0A%09%231198&In-Reply-To=%3C327081822.258.1461348336114.JavaMail.jenkins%40dev%3E"
       TITLE="[ImageJ-builds] Build failed in Jenkins: ImageJ-launcher-deploy	#1198">jenkins at imagej.net
       </A><BR>
    <I>Fri Apr 22 13:05:36 CDT 2016</I>
    <P><UL>
        <LI>Previous message: <A HREF="012267.html">[ImageJ-builds] Build failed in Jenkins: ImageJ-launcher-deploy	#1197
</A></li>
        <LI>Next message: <A HREF="012269.html">[ImageJ-builds] Build failed in Jenkins: ImageJ-launcher-deploy	#1199
</A></li>
         <LI> <B>Messages sorted by:</B> 
              <a href="date.html#12268">[ date ]</a>
              <a href="thread.html#12268">[ thread ]</a>
              <a href="subject.html#12268">[ subject ]</a>
              <a href="author.html#12268">[ author ]</a>
         </LI>
       </UL>
    <HR>  
<!--beginarticle-->
<PRE>See &lt;<A HREF="http://jenkins.imagej.net/job/ImageJ-launcher-deploy/1198/">http://jenkins.imagej.net/job/ImageJ-launcher-deploy/1198/</A>&gt;

------------------------------------------
[...truncated 574 lines...]
+ dest=target/ImageJ-win64.exe
+ [ -f target/ImageJ-win64.exe ]
+ mkdir -p target
+ cp ./windows/target/ImageJ-win64.exe target/ImageJ-win64.exe
+ dest=target/test-classes/net/imagej/launcher/RemoteUpdaterTestDrive.class
+ [ -f target/test-classes/net/imagej/launcher/RemoteUpdaterTestDrive.class ]
+ cmp ./windows/target/test-classes/net/imagej/launcher/RemoteUpdaterTestDrive.class target/test-classes/net/imagej/launcher/RemoteUpdaterTestDrive.class
+ continue
+ dest=target/test-classes/net/imagej/launcher/ChangeIcon.class
+ [ -f target/test-classes/net/imagej/launcher/ChangeIcon.class ]
+ cmp ./windows/target/test-classes/net/imagej/launcher/ChangeIcon.class target/test-classes/net/imagej/launcher/ChangeIcon.class
+ continue
+ dest=pom.xml
+ [ -f pom.xml ]
+ cmp ./windows/pom.xml pom.xml
+ continue
+ export GIT_AUTHOR_NAME=Curtis Rueden
+ export GIT_AUTHOR_EMAIL=<A HREF="http://imagej.net/mailman/listinfo/imagej-builds">ctrueden at wisc.edu</A>
+ export PATH=/var/lib/jenkins-maven/.mvn.gnupg:/usr/lib/jvm/java-6-sun/bin:/usr/lib/jvm/java-6-sun/bin:/usr/local/sbin:/usr/local/bin:/usr/sbin:/usr/bin:/sbin:/bin:/usr/games
+ mvn -Psonatype-oss-release deploy
[INFO] Scanning for projects...
[INFO] Inspecting build with total of 1 modules...
[INFO] Installing Nexus Staging features:
[INFO]   ... total of 1 executions of maven-deploy-plugin replaced with nexus-staging-maven-plugin
[INFO]                                                                         
[INFO] ------------------------------------------------------------------------
[INFO] Building ImageJ Launcher 4.0.6-SNAPSHOT
[INFO] ------------------------------------------------------------------------
[INFO] 
[INFO] --- nar-maven-plugin:3.2.0:nar-validate (default-nar-validate) @ imagej-launcher ---
[INFO] Using AOL: amd64-Linux-gcc
[INFO] 
[INFO] --- maven-enforcer-plugin:1.3.1:enforce (enforce-rules) @ imagej-launcher ---
[INFO] Adding ignorable dependency: null:jcodings:null
[INFO]   Adding ignore: org/jcodings/*
[INFO] Adding ignorable dependency: null:jnr-constants:null
[INFO]   Adding ignore: com/kenai/constantine/*
[INFO]   Adding ignore: jnr/constants/*
[INFO] Adding ignorable dependency: null:jnr-ffi:null
[INFO]   Adding ignore: jnr/ffi/*
[INFO] Adding ignorable dependency: null:VIB-lib:null
[INFO]   Adding ignore: javax/media/j3d/
[INFO] Adding ignorable dependency: null:j3d-core:null
[INFO]   Adding ignore: javax/media/j3d/
[INFO] Adding ignorable dependency: null:joda-time:null
[INFO]   Adding ignore: *
[INFO] Adding ignorable dependency: null:slf4j-log4j12:null
[INFO]   Adding ignore: org/slf4j/impl/*
[INFO] Adding ignorable dependency: batik:batik:null
[INFO]   Adding ignore: *
[INFO] Adding ignorable dependency: jama:jama:null
[INFO]   Adding ignore: Jama/*
[INFO] Adding ignorable dependency: com.sun:tools:null
[INFO]   Adding ignore: *
[INFO] 
[INFO] --- build-helper-maven-plugin:1.9.1:regex-property (sanitize-version) @ imagej-launcher ---
[INFO] 
[INFO] --- buildnumber-maven-plugin:1.3:create (default) @ imagej-launcher ---
[INFO] Executing: /bin/sh -c cd /data/devel/jenkins-maven/workspace/ImageJ-launcher-deploy &amp;&amp; git rev-parse --verify HEAD
[INFO] Working directory: /data/devel/jenkins-maven/workspace/ImageJ-launcher-deploy
[INFO] Storing buildNumber: UNKNOWN at timestamp: 1461348330773
[WARNING] Cannot get the branch information from the git repository: 
Detecting the current branch failed: fatal: Not a git repository (or any parent up to mount parent )
Stopping at filesystem boundary (GIT_DISCOVERY_ACROSS_FILESYSTEM not set).

[INFO] Executing: /bin/sh -c cd /data/devel/jenkins-maven/workspace/ImageJ-launcher-deploy &amp;&amp; git rev-parse --verify HEAD
[INFO] Working directory: /data/devel/jenkins-maven/workspace/ImageJ-launcher-deploy
[INFO] Storing buildScmBranch: UNKNOWN_BRANCH
[INFO] 
[INFO] --- nar-maven-plugin:3.2.0:nar-download (default-nar-download) @ imagej-launcher ---
[INFO] Preparing Nar dependencies
[INFO] Unpacking 0 dependencies to /data/devel/jenkins-maven/workspace/ImageJ-launcher-deploy/target/nar
[INFO] 
[INFO] --- nar-maven-plugin:3.2.0:nar-unpack (default-nar-unpack) @ imagej-launcher ---
[INFO] Unpacking 0 dependencies to /data/devel/jenkins-maven/workspace/ImageJ-launcher-deploy/target/nar
[INFO] 
[INFO] --- nar-maven-plugin:3.2.0:nar-gnu-configure (default-nar-gnu-configure) @ imagej-launcher ---
[INFO] 
[INFO] --- nar-maven-plugin:3.2.0:nar-system-generate (default-nar-system-generate) @ imagej-launcher ---
[INFO] 
[INFO] --- maven-resources-plugin:2.6:resources (default-resources) @ imagej-launcher ---
[INFO] Using 'UTF-8' encoding to copy filtered resources.
[INFO] skip non existing resourceDirectory /data/devel/jenkins-maven/workspace/ImageJ-launcher-deploy/src/main/resources
[INFO] 
[INFO] --- nar-maven-plugin:3.2.0:nar-resources (default-nar-resources) @ imagej-launcher ---
[INFO] Copied 0 resources
[INFO] 
[INFO] --- nar-maven-plugin:3.2.0:nar-gnu-resources (default-nar-gnu-resources) @ imagej-launcher ---
[INFO] 
[INFO] --- nar-maven-plugin:3.2.0:nar-vcproj (default-nar-vcproj) @ imagej-launcher ---
[INFO] 
[INFO] --- maven-compiler-plugin:3.1:compile (default-compile) @ imagej-launcher ---
[INFO] No sources to compile
[INFO] 
[INFO] --- nar-maven-plugin:3.2.0:nar-javah (default-nar-javah) @ imagej-launcher ---
[INFO] 
[INFO] --- nar-maven-plugin:3.2.0:nar-gnu-make (default-nar-gnu-make) @ imagej-launcher ---
[INFO] 
[INFO] --- nar-maven-plugin:3.2.0:nar-compile (default-nar-compile) @ imagej-launcher ---
[INFO] Preparing Nar dependencies
[INFO] Unpacking 0 dependencies to /data/devel/jenkins-maven/workspace/ImageJ-launcher-deploy/target/nar
[INFO] Nothing to compile
[INFO] 
[INFO] --- nar-maven-plugin:3.2.0:nar-gnu-process (default-nar-gnu-process) @ imagej-launcher ---
[INFO] 
[INFO] --- nar-maven-plugin:3.2.0:nar-process-libraries (default-nar-process-libraries) @ imagej-launcher ---
[info] Running process libraries
[info] Processing library Library: type: executable
[INFO] 
[INFO] --- nar-maven-plugin:3.2.0:nar-prepare-package (default-nar-prepare-package) @ imagej-launcher ---
[INFO] 
[INFO] --- maven-resources-plugin:2.6:testResources (default-testResources) @ imagej-launcher ---
[INFO] Using 'UTF-8' encoding to copy filtered resources.
[INFO] skip non existing resourceDirectory /data/devel/jenkins-maven/workspace/ImageJ-launcher-deploy/src/test/resources
[INFO] 
[INFO] --- maven-compiler-plugin:3.1:testCompile (default-testCompile) @ imagej-launcher ---
[INFO] No sources to compile
[INFO] 
[INFO] --- nar-maven-plugin:3.2.0:nar-testCompile (default-nar-testCompile) @ imagej-launcher ---
[INFO] Preparing Nar dependencies
[INFO] Unpacking 0 dependencies to /data/devel/jenkins-maven/workspace/ImageJ-launcher-deploy/target/test-nar
[INFO] Unpacking 0 dependencies to /data/devel/jenkins-maven/workspace/ImageJ-launcher-deploy/target/test-nar
[INFO] 
[INFO] --- maven-surefire-plugin:2.17:test (default-test) @ imagej-launcher ---
[INFO] Tests are skipped.
[INFO] 
[INFO] --- nar-maven-plugin:3.2.0:nar-test (default-nar-test) @ imagej-launcher ---
[INFO] Preparing Nar dependencies
[INFO] Unpacking 0 dependencies to /data/devel/jenkins-maven/workspace/ImageJ-launcher-deploy/target/test-nar
[INFO] 
[INFO] --- exec-maven-plugin:1.3.1:java (default) @ imagej-launcher ---
[WARNING] Warning: killAfter is now deprecated. Do you need it ? Please comment on MEXEC-6.
Cannot find '/data/devel/jenkins-maven/workspace/ImageJ-launcher-deploy/target/nar/imagej-launcher-4.0.6-SNAPSHOT-amd64-Linux-gcc-executable/bin/amd64-Linux-gcc/imagej-launcher.exe'; not changing icon
[INFO] 
[INFO] --- nar-maven-plugin:3.2.0:nar-prepare-package (default-nar-prepare-package-1) @ imagej-launcher ---
[INFO] 
[INFO] --- nar-maven-plugin:3.2.0:nar-package (default-nar-package) @ imagej-launcher ---
[INFO] Building zip: /data/devel/jenkins-maven/workspace/ImageJ-launcher-deploy/target/imagej-launcher-4.0.6-SNAPSHOT-noarch.nar
[INFO] Building zip: /data/devel/jenkins-maven/workspace/ImageJ-launcher-deploy/target/imagej-launcher-4.0.6-SNAPSHOT-x86_64-MacOSX-gcc-executable.nar
[INFO] Building zip: /data/devel/jenkins-maven/workspace/ImageJ-launcher-deploy/target/imagej-launcher-4.0.6-SNAPSHOT-amd64-Windows-gcc-executable.nar
[INFO] Building zip: /data/devel/jenkins-maven/workspace/ImageJ-launcher-deploy/target/imagej-launcher-4.0.6-SNAPSHOT-x86-Windows-gcc-executable.nar
[INFO] Building zip: /data/devel/jenkins-maven/workspace/ImageJ-launcher-deploy/target/imagej-launcher-4.0.6-SNAPSHOT-i386-Linux-gcc-executable.nar
[INFO] Building zip: /data/devel/jenkins-maven/workspace/ImageJ-launcher-deploy/target/imagej-launcher-4.0.6-SNAPSHOT-amd64-Linux-gcc-executable.nar
[INFO] 
[INFO] --- maven-jar-plugin:2.5:jar (default-jar) @ imagej-launcher ---
[INFO] Building jar: /data/devel/jenkins-maven/workspace/ImageJ-launcher-deploy/target/imagej-launcher-4.0.6-SNAPSHOT.jar
[INFO] 
[INFO] --- maven-source-plugin:2.3:jar-no-fork (default) @ imagej-launcher ---
[INFO] No sources in project. Archive not created.
[INFO] 
[INFO] --- maven-source-plugin:2.3:jar-no-fork (attach-sources) @ imagej-launcher ---
[INFO] No sources in project. Archive not created.
[INFO] 
[INFO] --- maven-jar-plugin:2.5:test-jar (default) @ imagej-launcher ---
[INFO] Building jar: /data/devel/jenkins-maven/workspace/ImageJ-launcher-deploy/target/imagej-launcher-4.0.6-SNAPSHOT-tests.jar
[INFO] 
[INFO] --- maven-javadoc-plugin:2.9.1:jar (attach-javadocs) @ imagej-launcher ---
[INFO] 
[INFO] --- nar-maven-plugin:3.2.0:nar-integration-test (default-nar-integration-test) @ imagej-launcher ---
[INFO] Preparing Nar dependencies
[INFO] Unpacking 0 dependencies to /data/devel/jenkins-maven/workspace/ImageJ-launcher-deploy/target/test-nar
[INFO] Surefire report directory: /data/devel/jenkins-maven/workspace/ImageJ-launcher-deploy/target/surefire-reports
[INFO] 
[INFO] --- maven-gpg-plugin:1.5:sign (sign-artifacts) @ imagej-launcher ---
[INFO] 
[INFO] --- maven-install-plugin:2.5.1:install (default-install) @ imagej-launcher ---
[INFO] Installing /data/devel/jenkins-maven/workspace/ImageJ-launcher-deploy/target/imagej-launcher-4.0.6-SNAPSHOT.jar to /var/lib/jenkins-maven/.m2/repository/net/imagej/imagej-launcher/4.0.6-SNAPSHOT/imagej-launcher-4.0.6-SNAPSHOT.nar
[INFO] Installing /data/devel/jenkins-maven/workspace/ImageJ-launcher-deploy/pom.xml to /var/lib/jenkins-maven/.m2/repository/net/imagej/imagej-launcher/4.0.6-SNAPSHOT/imagej-launcher-4.0.6-SNAPSHOT.pom
[INFO] Installing /data/devel/jenkins-maven/workspace/ImageJ-launcher-deploy/target/imagej-launcher-4.0.6-SNAPSHOT-noarch.nar to /var/lib/jenkins-maven/.m2/repository/net/imagej/imagej-launcher/4.0.6-SNAPSHOT/imagej-launcher-4.0.6-SNAPSHOT-noarch.nar
[INFO] Installing /data/devel/jenkins-maven/workspace/ImageJ-launcher-deploy/target/imagej-launcher-4.0.6-SNAPSHOT-x86_64-MacOSX-gcc-executable.nar to /var/lib/jenkins-maven/.m2/repository/net/imagej/imagej-launcher/4.0.6-SNAPSHOT/imagej-launcher-4.0.6-SNAPSHOT-x86_64-MacOSX-gcc-executable.nar
[INFO] Installing /data/devel/jenkins-maven/workspace/ImageJ-launcher-deploy/target/imagej-launcher-4.0.6-SNAPSHOT-amd64-Windows-gcc-executable.nar to /var/lib/jenkins-maven/.m2/repository/net/imagej/imagej-launcher/4.0.6-SNAPSHOT/imagej-launcher-4.0.6-SNAPSHOT-amd64-Windows-gcc-executable.nar
[INFO] Installing /data/devel/jenkins-maven/workspace/ImageJ-launcher-deploy/target/imagej-launcher-4.0.6-SNAPSHOT-x86-Windows-gcc-executable.nar to /var/lib/jenkins-maven/.m2/repository/net/imagej/imagej-launcher/4.0.6-SNAPSHOT/imagej-launcher-4.0.6-SNAPSHOT-x86-Windows-gcc-executable.nar
[INFO] Installing /data/devel/jenkins-maven/workspace/ImageJ-launcher-deploy/target/imagej-launcher-4.0.6-SNAPSHOT-i386-Linux-gcc-executable.nar to /var/lib/jenkins-maven/.m2/repository/net/imagej/imagej-launcher/4.0.6-SNAPSHOT/imagej-launcher-4.0.6-SNAPSHOT-i386-Linux-gcc-executable.nar
[INFO] Installing /data/devel/jenkins-maven/workspace/ImageJ-launcher-deploy/target/imagej-launcher-4.0.6-SNAPSHOT-amd64-Linux-gcc-executable.nar to /var/lib/jenkins-maven/.m2/repository/net/imagej/imagej-launcher/4.0.6-SNAPSHOT/imagej-launcher-4.0.6-SNAPSHOT-amd64-Linux-gcc-executable.nar
[INFO] Installing /data/devel/jenkins-maven/workspace/ImageJ-launcher-deploy/target/imagej-launcher-4.0.6-SNAPSHOT-tests.jar to /var/lib/jenkins-maven/.m2/repository/net/imagej/imagej-launcher/4.0.6-SNAPSHOT/imagej-launcher-4.0.6-SNAPSHOT-tests.jar
[INFO] Installing /data/devel/jenkins-maven/workspace/ImageJ-launcher-deploy/target/imagej-launcher-4.0.6-SNAPSHOT.jar.asc to /var/lib/jenkins-maven/.m2/repository/net/imagej/imagej-launcher/4.0.6-SNAPSHOT/imagej-launcher-4.0.6-SNAPSHOT.nar.asc
[INFO] Installing /data/devel/jenkins-maven/workspace/ImageJ-launcher-deploy/target/imagej-launcher-4.0.6-SNAPSHOT.pom.asc to /var/lib/jenkins-maven/.m2/repository/net/imagej/imagej-launcher/4.0.6-SNAPSHOT/imagej-launcher-4.0.6-SNAPSHOT.pom.asc
[INFO] Installing /data/devel/jenkins-maven/workspace/ImageJ-launcher-deploy/target/imagej-launcher-4.0.6-SNAPSHOT-noarch.nar.asc to /var/lib/jenkins-maven/.m2/repository/net/imagej/imagej-launcher/4.0.6-SNAPSHOT/imagej-launcher-4.0.6-SNAPSHOT-noarch.nar.asc
[INFO] Installing /data/devel/jenkins-maven/workspace/ImageJ-launcher-deploy/target/imagej-launcher-4.0.6-SNAPSHOT-x86_64-MacOSX-gcc-executable.nar.asc to /var/lib/jenkins-maven/.m2/repository/net/imagej/imagej-launcher/4.0.6-SNAPSHOT/imagej-launcher-4.0.6-SNAPSHOT-x86_64-MacOSX-gcc-executable.nar.asc
[INFO] Installing /data/devel/jenkins-maven/workspace/ImageJ-launcher-deploy/target/imagej-launcher-4.0.6-SNAPSHOT-amd64-Windows-gcc-executable.nar.asc to /var/lib/jenkins-maven/.m2/repository/net/imagej/imagej-launcher/4.0.6-SNAPSHOT/imagej-launcher-4.0.6-SNAPSHOT-amd64-Windows-gcc-executable.nar.asc
[INFO] Installing /data/devel/jenkins-maven/workspace/ImageJ-launcher-deploy/target/imagej-launcher-4.0.6-SNAPSHOT-x86-Windows-gcc-executable.nar.asc to /var/lib/jenkins-maven/.m2/repository/net/imagej/imagej-launcher/4.0.6-SNAPSHOT/imagej-launcher-4.0.6-SNAPSHOT-x86-Windows-gcc-executable.nar.asc
[INFO] Installing /data/devel/jenkins-maven/workspace/ImageJ-launcher-deploy/target/imagej-launcher-4.0.6-SNAPSHOT-i386-Linux-gcc-executable.nar.asc to /var/lib/jenkins-maven/.m2/repository/net/imagej/imagej-launcher/4.0.6-SNAPSHOT/imagej-launcher-4.0.6-SNAPSHOT-i386-Linux-gcc-executable.nar.asc
[INFO] Installing /data/devel/jenkins-maven/workspace/ImageJ-launcher-deploy/target/imagej-launcher-4.0.6-SNAPSHOT-amd64-Linux-gcc-executable.nar.asc to /var/lib/jenkins-maven/.m2/repository/net/imagej/imagej-launcher/4.0.6-SNAPSHOT/imagej-launcher-4.0.6-SNAPSHOT-amd64-Linux-gcc-executable.nar.asc
[INFO] Installing /data/devel/jenkins-maven/workspace/ImageJ-launcher-deploy/target/imagej-launcher-4.0.6-SNAPSHOT-tests.jar.asc to /var/lib/jenkins-maven/.m2/repository/net/imagej/imagej-launcher/4.0.6-SNAPSHOT/imagej-launcher-4.0.6-SNAPSHOT-tests.jar.asc
[INFO] 
[INFO] --- imagej-maven-plugin:0.5.4:copy-jars (copy-jars) @ imagej-launcher ---
[INFO] 
[INFO] --- nexus-staging-maven-plugin:1.6.2:deploy (injected-nexus-deploy) @ imagej-launcher ---
[INFO] Performing deferred deploys (gathering into &quot;/data/devel/jenkins-maven/workspace/ImageJ-launcher-deploy/target/nexus-staging/deferred&quot;)...
[INFO] Installing /data/devel/jenkins-maven/workspace/ImageJ-launcher-deploy/target/imagej-launcher-4.0.6-SNAPSHOT.jar to /data/devel/jenkins-maven/workspace/ImageJ-launcher-deploy/target/nexus-staging/deferred/net/imagej/imagej-launcher/4.0.6-SNAPSHOT/imagej-launcher-4.0.6-SNAPSHOT.nar
[INFO] Installing /data/devel/jenkins-maven/workspace/ImageJ-launcher-deploy/pom.xml to /data/devel/jenkins-maven/workspace/ImageJ-launcher-deploy/target/nexus-staging/deferred/net/imagej/imagej-launcher/4.0.6-SNAPSHOT/imagej-launcher-4.0.6-SNAPSHOT.pom
[INFO] Installing /data/devel/jenkins-maven/workspace/ImageJ-launcher-deploy/target/imagej-launcher-4.0.6-SNAPSHOT-noarch.nar to /data/devel/jenkins-maven/workspace/ImageJ-launcher-deploy/target/nexus-staging/deferred/net/imagej/imagej-launcher/4.0.6-SNAPSHOT/imagej-launcher-4.0.6-SNAPSHOT-noarch.nar
[INFO] Installing /data/devel/jenkins-maven/workspace/ImageJ-launcher-deploy/target/imagej-launcher-4.0.6-SNAPSHOT-x86_64-MacOSX-gcc-executable.nar to /data/devel/jenkins-maven/workspace/ImageJ-launcher-deploy/target/nexus-staging/deferred/net/imagej/imagej-launcher/4.0.6-SNAPSHOT/imagej-launcher-4.0.6-SNAPSHOT-x86_64-MacOSX-gcc-executable.nar
[INFO] Installing /data/devel/jenkins-maven/workspace/ImageJ-launcher-deploy/target/imagej-launcher-4.0.6-SNAPSHOT-amd64-Windows-gcc-executable.nar to /data/devel/jenkins-maven/workspace/ImageJ-launcher-deploy/target/nexus-staging/deferred/net/imagej/imagej-launcher/4.0.6-SNAPSHOT/imagej-launcher-4.0.6-SNAPSHOT-amd64-Windows-gcc-executable.nar
[INFO] Installing /data/devel/jenkins-maven/workspace/ImageJ-launcher-deploy/target/imagej-launcher-4.0.6-SNAPSHOT-x86-Windows-gcc-executable.nar to /data/devel/jenkins-maven/workspace/ImageJ-launcher-deploy/target/nexus-staging/deferred/net/imagej/imagej-launcher/4.0.6-SNAPSHOT/imagej-launcher-4.0.6-SNAPSHOT-x86-Windows-gcc-executable.nar
[INFO] Installing /data/devel/jenkins-maven/workspace/ImageJ-launcher-deploy/target/imagej-launcher-4.0.6-SNAPSHOT-i386-Linux-gcc-executable.nar to /data/devel/jenkins-maven/workspace/ImageJ-launcher-deploy/target/nexus-staging/deferred/net/imagej/imagej-launcher/4.0.6-SNAPSHOT/imagej-launcher-4.0.6-SNAPSHOT-i386-Linux-gcc-executable.nar
[INFO] Installing /data/devel/jenkins-maven/workspace/ImageJ-launcher-deploy/target/imagej-launcher-4.0.6-SNAPSHOT-amd64-Linux-gcc-executable.nar to /data/devel/jenkins-maven/workspace/ImageJ-launcher-deploy/target/nexus-staging/deferred/net/imagej/imagej-launcher/4.0.6-SNAPSHOT/imagej-launcher-4.0.6-SNAPSHOT-amd64-Linux-gcc-executable.nar
[INFO] Installing /data/devel/jenkins-maven/workspace/ImageJ-launcher-deploy/target/imagej-launcher-4.0.6-SNAPSHOT-tests.jar to /data/devel/jenkins-maven/workspace/ImageJ-launcher-deploy/target/nexus-staging/deferred/net/imagej/imagej-launcher/4.0.6-SNAPSHOT/imagej-launcher-4.0.6-SNAPSHOT-tests.jar
[INFO] Installing /data/devel/jenkins-maven/workspace/ImageJ-launcher-deploy/target/imagej-launcher-4.0.6-SNAPSHOT.jar.asc to /data/devel/jenkins-maven/workspace/ImageJ-launcher-deploy/target/nexus-staging/deferred/net/imagej/imagej-launcher/4.0.6-SNAPSHOT/imagej-launcher-4.0.6-SNAPSHOT.nar.asc
[INFO] Installing /data/devel/jenkins-maven/workspace/ImageJ-launcher-deploy/target/imagej-launcher-4.0.6-SNAPSHOT.pom.asc to /data/devel/jenkins-maven/workspace/ImageJ-launcher-deploy/target/nexus-staging/deferred/net/imagej/imagej-launcher/4.0.6-SNAPSHOT/imagej-launcher-4.0.6-SNAPSHOT.pom.asc
[INFO] Installing /data/devel/jenkins-maven/workspace/ImageJ-launcher-deploy/target/imagej-launcher-4.0.6-SNAPSHOT-noarch.nar.asc to /data/devel/jenkins-maven/workspace/ImageJ-launcher-deploy/target/nexus-staging/deferred/net/imagej/imagej-launcher/4.0.6-SNAPSHOT/imagej-launcher-4.0.6-SNAPSHOT-noarch.nar.asc
[INFO] Installing /data/devel/jenkins-maven/workspace/ImageJ-launcher-deploy/target/imagej-launcher-4.0.6-SNAPSHOT-x86_64-MacOSX-gcc-executable.nar.asc to /data/devel/jenkins-maven/workspace/ImageJ-launcher-deploy/target/nexus-staging/deferred/net/imagej/imagej-launcher/4.0.6-SNAPSHOT/imagej-launcher-4.0.6-SNAPSHOT-x86_64-MacOSX-gcc-executable.nar.asc
[INFO] Installing /data/devel/jenkins-maven/workspace/ImageJ-launcher-deploy/target/imagej-launcher-4.0.6-SNAPSHOT-amd64-Windows-gcc-executable.nar.asc to /data/devel/jenkins-maven/workspace/ImageJ-launcher-deploy/target/nexus-staging/deferred/net/imagej/imagej-launcher/4.0.6-SNAPSHOT/imagej-launcher-4.0.6-SNAPSHOT-amd64-Windows-gcc-executable.nar.asc
[INFO] Installing /data/devel/jenkins-maven/workspace/ImageJ-launcher-deploy/target/imagej-launcher-4.0.6-SNAPSHOT-x86-Windows-gcc-executable.nar.asc to /data/devel/jenkins-maven/workspace/ImageJ-launcher-deploy/target/nexus-staging/deferred/net/imagej/imagej-launcher/4.0.6-SNAPSHOT/imagej-launcher-4.0.6-SNAPSHOT-x86-Windows-gcc-executable.nar.asc
[INFO] Installing /data/devel/jenkins-maven/workspace/ImageJ-launcher-deploy/target/imagej-launcher-4.0.6-SNAPSHOT-i386-Linux-gcc-executable.nar.asc to /data/devel/jenkins-maven/workspace/ImageJ-launcher-deploy/target/nexus-staging/deferred/net/imagej/imagej-launcher/4.0.6-SNAPSHOT/imagej-launcher-4.0.6-SNAPSHOT-i386-Linux-gcc-executable.nar.asc
[INFO] Installing /data/devel/jenkins-maven/workspace/ImageJ-launcher-deploy/target/imagej-launcher-4.0.6-SNAPSHOT-amd64-Linux-gcc-executable.nar.asc to /data/devel/jenkins-maven/workspace/ImageJ-launcher-deploy/target/nexus-staging/deferred/net/imagej/imagej-launcher/4.0.6-SNAPSHOT/imagej-launcher-4.0.6-SNAPSHOT-amd64-Linux-gcc-executable.nar.asc
[INFO] Installing /data/devel/jenkins-maven/workspace/ImageJ-launcher-deploy/target/imagej-launcher-4.0.6-SNAPSHOT-tests.jar.asc to /data/devel/jenkins-maven/workspace/ImageJ-launcher-deploy/target/nexus-staging/deferred/net/imagej/imagej-launcher/4.0.6-SNAPSHOT/imagej-launcher-4.0.6-SNAPSHOT-tests.jar.asc
[INFO] Deploying remotely...
[INFO] Bulk deploying locally gathered artifacts from directory: 
[INFO]  * Bulk deploying locally gathered snapshot artifacts to URL <A HREF="https://oss.sonatype.org/content/repositories/snapshots/">https://oss.sonatype.org/content/repositories/snapshots/</A>
Downloading: <A HREF="https://oss.sonatype.org/content/repositories/snapshots/net/imagej/imagej-launcher/4.0.6-SNAPSHOT/maven-metadata.xml">https://oss.sonatype.org/content/repositories/snapshots/net/imagej/imagej-launcher/4.0.6-SNAPSHOT/maven-metadata.xml</A>

Uploading: <A HREF="https://oss.sonatype.org/content/repositories/snapshots/net/imagej/imagej-launcher/4.0.6-SNAPSHOT/imagej-launcher-4.0.6-20160422.180535-1.nar">https://oss.sonatype.org/content/repositories/snapshots/net/imagej/imagej-launcher/4.0.6-SNAPSHOT/imagej-launcher-4.0.6-20160422.180535-1.nar</A>
4/23 KB   
8/23 KB   
12/23 KB   
16/23 KB   
20/23 KB   
23/23 KB   
Apr 22, 2016 1:05:35 PM org.apache.commons.httpclient.auth.AuthChallengeProcessor selectAuthScheme
INFO: basic authentication scheme selected
Apr 22, 2016 1:05:35 PM org.apache.commons.httpclient.HttpMethodDirector processWWWAuthChallenge
INFO: No credentials available for BASIC 'Sonatype Nexus Repository Manager'@oss.sonatype.org:443
           
Uploading: <A HREF="https://oss.sonatype.org/content/repositories/snapshots/net/imagej/imagej-launcher/4.0.6-SNAPSHOT/imagej-launcher-4.0.6-20160422.180535-1.pom">https://oss.sonatype.org/content/repositories/snapshots/net/imagej/imagej-launcher/4.0.6-SNAPSHOT/imagej-launcher-4.0.6-20160422.180535-1.pom</A>
4/15 KB    
8/15 KB   
12/15 KB   
15/15 KB   
Apr 22, 2016 1:05:35 PM org.apache.commons.httpclient.auth.AuthChallengeProcessor selectAuthScheme
INFO: basic authentication scheme selected
Apr 22, 2016 1:05:35 PM org.apache.commons.httpclient.HttpMethodDirector processWWWAuthChallenge
INFO: No credentials available for BASIC 'Sonatype Nexus Repository Manager'@oss.sonatype.org:443
           
[INFO] ------------------------------------------------------------------------
[INFO] BUILD FAILURE
[INFO] ------------------------------------------------------------------------
[INFO] Total time: 8.789s
[INFO] Finished at: Fri Apr 22 13:05:35 CDT 2016
[INFO] Final Memory: 25M/568M
[INFO] ------------------------------------------------------------------------
[ERROR] Failed to execute goal org.sonatype.plugins:nexus-staging-maven-plugin:1.6.2:deploy (injected-nexus-deploy) on project imagej-launcher: Failed to deploy artifacts: Could not transfer artifact net.imagej:imagej-launcher:nar:4.0.6-20160422.180535-1 from/to sonatype-nexus-snapshots (<A HREF="https://oss.sonatype.org/content/repositories/snapshots/">https://oss.sonatype.org/content/repositories/snapshots/</A>): Failed to transfer file: <A HREF="https://oss.sonatype.org/content/repositories/snapshots//net/imagej/imagej-launcher/4.0.6-SNAPSHOT/imagej-launcher-4.0.6-20160422.180535-1.nar.">https://oss.sonatype.org/content/repositories/snapshots//net/imagej/imagej-launcher/4.0.6-SNAPSHOT/imagej-launcher-4.0.6-20160422.180535-1.nar.</A> Return code is: 401 -&gt; [Help 1]
[ERROR] 
[ERROR] To see the full stack trace of the errors, re-run Maven with the -e switch.
[ERROR] Re-run Maven using the -X switch to enable full debug logging.
[ERROR] 
[ERROR] For more information about the errors and possible solutions, please read the following articles:
[ERROR] [Help 1] <A HREF="http://cwiki.apache.org/confluence/display/MAVEN/MojoExecutionException">http://cwiki.apache.org/confluence/display/MAVEN/MojoExecutionException</A>
Build step 'Execute shell' marked build as failure

</PRE>



<!--endarticle-->
    <HR>
    <P><UL>
        <!--threads-->
	<LI>Previous message: <A HREF="012267.html">[ImageJ-builds] Build failed in Jenkins: ImageJ-launcher-deploy	#1197
</A></li>
	<LI>Next message: <A HREF="012269.html">[ImageJ-builds] Build failed in Jenkins: ImageJ-launcher-deploy	#1199
</A></li>
         <LI> <B>Messages sorted by:</B> 
              <a href="date.html#12268">[ date ]</a>
              <a href="thread.html#12268">[ thread ]</a>
              <a href="subject.html#12268">[ subject ]</a>
              <a href="author.html#12268">[ author ]</a>
         </LI>
       </UL>

<hr>
<a href="http://imagej.net/mailman/listinfo/imagej-builds">More information about the ImageJ-builds
mailing list</a><br>
</body></html>
