<!DOCTYPE HTML PUBLIC "-//W3C//DTD HTML 4.01 Transitional//EN">
<HTML>
 <HEAD>
   <TITLE> [ImageJ-builds] Build failed in Jenkins: ImageJ-launcher-deploy	#1200
   </TITLE>
   <LINK REL="Index" HREF="index.html" >
   <LINK REL="made" HREF="mailto:imagej-builds%40imagej.net?Subject=Re%3A%20%5BImageJ-builds%5D%20Build%20failed%20in%20Jenkins%3A%20ImageJ-launcher-deploy%0A%09%231200&In-Reply-To=%3C9194255.260.1461349422155.JavaMail.jenkins%40dev%3E">
   <META NAME="robots" CONTENT="index,nofollow">
   <style type="text/css">
       pre {
           white-space: pre-wrap;       /* css-2.1, curent FF, Opera, Safari */
           }
   </style>
   <META http-equiv="Content-Type" content="text/html; charset=us-ascii">
   <LINK REL="Previous"  HREF="012269.html">
   <LINK REL="Next"  HREF="012271.html">
 </HEAD>
 <BODY BGCOLOR="#ffffff">
   <H1>[ImageJ-builds] Build failed in Jenkins: ImageJ-launcher-deploy	#1200</H1>
    <B>jenkins at imagej.net</B> 
    <A HREF="mailto:imagej-builds%40imagej.net?Subject=Re%3A%20%5BImageJ-builds%5D%20Build%20failed%20in%20Jenkins%3A%20ImageJ-launcher-deploy%0A%09%231200&In-Reply-To=%3C9194255.260.1461349422155.JavaMail.jenkins%40dev%3E"
       TITLE="[ImageJ-builds] Build failed in Jenkins: ImageJ-launcher-deploy	#1200">jenkins at imagej.net
       </A><BR>
    <I>Fri Apr 22 13:23:42 CDT 2016</I>
    <P><UL>
        <LI>Previous message: <A HREF="012269.html">[ImageJ-builds] Build failed in Jenkins: ImageJ-launcher-deploy	#1199
</A></li>
        <LI>Next message: <A HREF="012271.html">[ImageJ-builds] Build failed in Jenkins: ImageJ-launcher-deploy	#1201
</A></li>
         <LI> <B>Messages sorted by:</B> 
              <a href="date.html#12270">[ date ]</a>
              <a href="thread.html#12270">[ thread ]</a>
              <a href="subject.html#12270">[ subject ]</a>
              <a href="author.html#12270">[ author ]</a>
         </LI>
       </UL>
    <HR>  
<!--beginarticle-->
<PRE>See &lt;<A HREF="http://jenkins.imagej.net/job/ImageJ-launcher-deploy/1200/">http://jenkins.imagej.net/job/ImageJ-launcher-deploy/1200/</A>&gt;

------------------------------------------
[...truncated 506 lines...]
+ cp ./windows/target/nar/obj/amd64-Windows-gcc/file-funcs.o target/nar/obj/amd64-Windows-gcc/file-funcs.o
+ dest=target/nar/obj/amd64-Windows-gcc/config.o
+ [ -f target/nar/obj/amd64-Windows-gcc/config.o ]
+ mkdir -p target/nar/obj/amd64-Windows-gcc
+ cp ./windows/target/nar/obj/amd64-Windows-gcc/config.o target/nar/obj/amd64-Windows-gcc/config.o
+ dest=target/nar/obj/amd64-Windows-gcc/ImageJ.o
+ [ -f target/nar/obj/amd64-Windows-gcc/ImageJ.o ]
+ mkdir -p target/nar/obj/amd64-Windows-gcc
+ cp ./windows/target/nar/obj/amd64-Windows-gcc/ImageJ.o target/nar/obj/amd64-Windows-gcc/ImageJ.o
+ dest=target/nar/imagej-launcher-4.0.6-SNAPSHOT-x86-Windows-gcc-executable/bin/x86-Windows-gcc/debug.exe
+ [ -f target/nar/imagej-launcher-4.0.6-SNAPSHOT-x86-Windows-gcc-executable/bin/x86-Windows-gcc/debug.exe ]
+ mkdir -p target/nar/imagej-launcher-4.0.6-SNAPSHOT-x86-Windows-gcc-executable/bin/x86-Windows-gcc
+ cp ./windows/target/nar/imagej-launcher-4.0.6-SNAPSHOT-x86-Windows-gcc-executable/bin/x86-Windows-gcc/debug.exe target/nar/imagej-launcher-4.0.6-SNAPSHOT-x86-Windows-gcc-executable/bin/x86-Windows-gcc/debug.exe
+ dest=target/nar/imagej-launcher-4.0.6-SNAPSHOT-x86-Windows-gcc-executable/bin/x86-Windows-gcc/history.xml
+ [ -f target/nar/imagej-launcher-4.0.6-SNAPSHOT-x86-Windows-gcc-executable/bin/x86-Windows-gcc/history.xml ]
+ mkdir -p target/nar/imagej-launcher-4.0.6-SNAPSHOT-x86-Windows-gcc-executable/bin/x86-Windows-gcc
+ cp ./windows/target/nar/imagej-launcher-4.0.6-SNAPSHOT-x86-Windows-gcc-executable/bin/x86-Windows-gcc/history.xml target/nar/imagej-launcher-4.0.6-SNAPSHOT-x86-Windows-gcc-executable/bin/x86-Windows-gcc/history.xml
+ dest=target/nar/imagej-launcher-4.0.6-SNAPSHOT-x86-Windows-gcc-executable/bin/x86-Windows-gcc/imagej-launcher.exe
+ [ -f target/nar/imagej-launcher-4.0.6-SNAPSHOT-x86-Windows-gcc-executable/bin/x86-Windows-gcc/imagej-launcher.exe ]
+ mkdir -p target/nar/imagej-launcher-4.0.6-SNAPSHOT-x86-Windows-gcc-executable/bin/x86-Windows-gcc
+ cp ./windows/target/nar/imagej-launcher-4.0.6-SNAPSHOT-x86-Windows-gcc-executable/bin/x86-Windows-gcc/imagej-launcher.exe target/nar/imagej-launcher-4.0.6-SNAPSHOT-x86-Windows-gcc-executable/bin/x86-Windows-gcc/imagej-launcher.exe
+ dest=target/imagej-launcher-4.0.6-SNAPSHOT-x86-Windows-gcc-executable.nar
+ [ -f target/imagej-launcher-4.0.6-SNAPSHOT-x86-Windows-gcc-executable.nar ]
+ mkdir -p target
+ cp ./windows/target/imagej-launcher-4.0.6-SNAPSHOT-x86-Windows-gcc-executable.nar target/imagej-launcher-4.0.6-SNAPSHOT-x86-Windows-gcc-executable.nar
+ dest=target/ImageJ-win32.exe
+ [ -f target/ImageJ-win32.exe ]
+ mkdir -p target
+ cp ./windows/target/ImageJ-win32.exe target/ImageJ-win32.exe
+ dest=target/classes/META-INF/nar/net.imagej/imagej-launcher/nar.properties
+ [ -f target/classes/META-INF/nar/net.imagej/imagej-launcher/nar.properties ]
+ dos2unix ./windows/target/classes/META-INF/nar/net.imagej/imagej-launcher/nar.properties
dos2unix: converting file ./windows/target/classes/META-INF/nar/net.imagej/imagej-launcher/nar.properties to Unix format ...
+ + uniq
sort target/classes/META-INF/nar/net.imagej/imagej-launcher/nar.properties ./windows/target/classes/META-INF/nar/net.imagej/imagej-launcher/nar.properties
+ mv target/classes/META-INF/nar/net.imagej/imagej-launcher/nar.properties_tmp target/classes/META-INF/nar/net.imagej/imagej-launcher/nar.properties
+ continue
+ dest=target/classes/net/imagej/launcher/ClassLoaderPlus$FatJarFileComparator.class
+ [ -f target/classes/net/imagej/launcher/ClassLoaderPlus$FatJarFileComparator.class ]
+ cmp ./windows/target/classes/net/imagej/launcher/ClassLoaderPlus$FatJarFileComparator.class target/classes/net/imagej/launcher/ClassLoaderPlus$FatJarFileComparator.class
+ continue
+ dest=target/classes/net/imagej/launcher/JarLauncher.class
+ [ -f target/classes/net/imagej/launcher/JarLauncher.class ]
+ cmp ./windows/target/classes/net/imagej/launcher/JarLauncher.class target/classes/net/imagej/launcher/JarLauncher.class
+ continue
+ dest=target/classes/net/imagej/launcher/RemoteUpdater.class
+ [ -f target/classes/net/imagej/launcher/RemoteUpdater.class ]
+ cmp ./windows/target/classes/net/imagej/launcher/RemoteUpdater.class target/classes/net/imagej/launcher/RemoteUpdater.class
+ continue
+ dest=target/classes/net/imagej/launcher/ClassLoaderPlus.class
+ [ -f target/classes/net/imagej/launcher/ClassLoaderPlus.class ]
+ continue
+ dest=target/classes/net/imagej/launcher/ClassLoaderPlus$1.class
+ [ -f target/classes/net/imagej/launcher/ClassLoaderPlus$1.class ]
+ cmp ./windows/target/classes/net/imagej/launcher/ClassLoaderPlus$1.class target/classes/net/imagej/launcher/ClassLoaderPlus$1.class
+ continue
+ dest=target/classes/net/imagej/launcher/ClassLauncher.class
+ [ -f target/classes/net/imagej/launcher/ClassLauncher.class ]
+ cmp ./windows/target/classes/net/imagej/launcher/ClassLauncher.class target/classes/net/imagej/launcher/ClassLauncher.class
+ continue
+ dest=target/classes/imagej/ClassLauncher.class
+ [ -f target/classes/imagej/ClassLauncher.class ]
+ cmp ./windows/target/classes/imagej/ClassLauncher.class target/classes/imagej/ClassLauncher.class
+ continue
+ dest=target/imagej-launcher-4.0.6-SNAPSHOT-amd64-Windows-gcc-executable.nar
+ [ -f target/imagej-launcher-4.0.6-SNAPSHOT-amd64-Windows-gcc-executable.nar ]
+ mkdir -p target
+ cp ./windows/target/imagej-launcher-4.0.6-SNAPSHOT-amd64-Windows-gcc-executable.nar target/imagej-launcher-4.0.6-SNAPSHOT-amd64-Windows-gcc-executable.nar
+ dest=target/ImageJ-win64.exe
+ [ -f target/ImageJ-win64.exe ]
+ mkdir -p target
+ cp ./windows/target/ImageJ-win64.exe target/ImageJ-win64.exe
+ dest=target/test-classes/net/imagej/launcher/RemoteUpdaterTestDrive.class
+ [ -f target/test-classes/net/imagej/launcher/RemoteUpdaterTestDrive.class ]
+ cmp ./windows/target/test-classes/net/imagej/launcher/RemoteUpdaterTestDrive.class target/test-classes/net/imagej/launcher/RemoteUpdaterTestDrive.class
+ continue
+ dest=target/test-classes/net/imagej/launcher/ChangeIcon.class
+ [ -f target/test-classes/net/imagej/launcher/ChangeIcon.class ]
+ cmp ./windows/target/test-classes/net/imagej/launcher/ChangeIcon.class target/test-classes/net/imagej/launcher/ChangeIcon.class
+ continue
+ dest=pom.xml
+ [ -f pom.xml ]
+ cmp ./windows/pom.xml pom.xml
+ continue
+ set +x
+ export GIT_AUTHOR_NAME=Curtis Rueden
+ export GIT_AUTHOR_EMAIL=<A HREF="http://imagej.net/mailman/listinfo/imagej-builds">ctrueden at wisc.edu</A>
+ mvn -Psonatype-oss-release -Dgpg.keyname=<A HREF="http://imagej.net/mailman/listinfo/imagej-builds">ctrueden at wisc.edu</A> -Dgpg.passphrase= deploy
[INFO] Scanning for projects...
[INFO] Inspecting build with total of 1 modules...
[INFO] Installing Nexus Staging features:
[INFO]   ... total of 1 executions of maven-deploy-plugin replaced with nexus-staging-maven-plugin
[INFO]                                                                         
[INFO] ------------------------------------------------------------------------
[INFO] Building ImageJ Launcher 4.0.6-SNAPSHOT
[INFO] ------------------------------------------------------------------------
[INFO] 
[INFO] --- nar-maven-plugin:3.2.0:nar-validate (default-nar-validate) @ imagej-launcher ---
[INFO] Using AOL: amd64-Linux-gcc
[INFO] 
[INFO] --- maven-enforcer-plugin:1.3.1:enforce (enforce-rules) @ imagej-launcher ---
[INFO] Adding ignorable dependency: null:jcodings:null
[INFO]   Adding ignore: org/jcodings/*
[INFO] Adding ignorable dependency: null:jnr-constants:null
[INFO]   Adding ignore: com/kenai/constantine/*
[INFO]   Adding ignore: jnr/constants/*
[INFO] Adding ignorable dependency: null:jnr-ffi:null
[INFO]   Adding ignore: jnr/ffi/*
[INFO] Adding ignorable dependency: null:VIB-lib:null
[INFO]   Adding ignore: javax/media/j3d/
[INFO] Adding ignorable dependency: null:j3d-core:null
[INFO]   Adding ignore: javax/media/j3d/
[INFO] Adding ignorable dependency: null:joda-time:null
[INFO]   Adding ignore: *
[INFO] Adding ignorable dependency: null:slf4j-log4j12:null
[INFO]   Adding ignore: org/slf4j/impl/*
[INFO] Adding ignorable dependency: batik:batik:null
[INFO]   Adding ignore: *
[INFO] Adding ignorable dependency: jama:jama:null
[INFO]   Adding ignore: Jama/*
[INFO] Adding ignorable dependency: com.sun:tools:null
[INFO]   Adding ignore: *
[INFO] 
[INFO] --- build-helper-maven-plugin:1.9.1:regex-property (sanitize-version) @ imagej-launcher ---
[INFO] 
[INFO] --- buildnumber-maven-plugin:1.3:create (default) @ imagej-launcher ---
[INFO] Executing: /bin/sh -c cd /data/devel/jenkins-maven/workspace/ImageJ-launcher-deploy &amp;&amp; git rev-parse --verify HEAD
[INFO] Working directory: /data/devel/jenkins-maven/workspace/ImageJ-launcher-deploy
[INFO] Storing buildNumber: UNKNOWN at timestamp: 1461349419423
[WARNING] Cannot get the branch information from the git repository: 
Detecting the current branch failed: fatal: Not a git repository (or any parent up to mount parent )
Stopping at filesystem boundary (GIT_DISCOVERY_ACROSS_FILESYSTEM not set).

[INFO] Executing: /bin/sh -c cd /data/devel/jenkins-maven/workspace/ImageJ-launcher-deploy &amp;&amp; git rev-parse --verify HEAD
[INFO] Working directory: /data/devel/jenkins-maven/workspace/ImageJ-launcher-deploy
[INFO] Storing buildScmBranch: UNKNOWN_BRANCH
[INFO] 
[INFO] --- nar-maven-plugin:3.2.0:nar-download (default-nar-download) @ imagej-launcher ---
[INFO] Preparing Nar dependencies
[INFO] Unpacking 0 dependencies to /data/devel/jenkins-maven/workspace/ImageJ-launcher-deploy/target/nar
[INFO] 
[INFO] --- nar-maven-plugin:3.2.0:nar-unpack (default-nar-unpack) @ imagej-launcher ---
[INFO] Unpacking 0 dependencies to /data/devel/jenkins-maven/workspace/ImageJ-launcher-deploy/target/nar
[INFO] 
[INFO] --- nar-maven-plugin:3.2.0:nar-gnu-configure (default-nar-gnu-configure) @ imagej-launcher ---
[INFO] 
[INFO] --- nar-maven-plugin:3.2.0:nar-system-generate (default-nar-system-generate) @ imagej-launcher ---
[INFO] 
[INFO] --- maven-resources-plugin:2.6:resources (default-resources) @ imagej-launcher ---
[INFO] Using 'UTF-8' encoding to copy filtered resources.
[INFO] skip non existing resourceDirectory /data/devel/jenkins-maven/workspace/ImageJ-launcher-deploy/src/main/resources
[INFO] 
[INFO] --- nar-maven-plugin:3.2.0:nar-resources (default-nar-resources) @ imagej-launcher ---
[INFO] Copied 0 resources
[INFO] 
[INFO] --- nar-maven-plugin:3.2.0:nar-gnu-resources (default-nar-gnu-resources) @ imagej-launcher ---
[INFO] 
[INFO] --- nar-maven-plugin:3.2.0:nar-vcproj (default-nar-vcproj) @ imagej-launcher ---
[INFO] 
[INFO] --- maven-compiler-plugin:3.1:compile (default-compile) @ imagej-launcher ---
[INFO] No sources to compile
[INFO] 
[INFO] --- nar-maven-plugin:3.2.0:nar-javah (default-nar-javah) @ imagej-launcher ---
[INFO] 
[INFO] --- nar-maven-plugin:3.2.0:nar-gnu-make (default-nar-gnu-make) @ imagej-launcher ---
[INFO] 
[INFO] --- nar-maven-plugin:3.2.0:nar-compile (default-nar-compile) @ imagej-launcher ---
[INFO] Preparing Nar dependencies
[INFO] Unpacking 0 dependencies to /data/devel/jenkins-maven/workspace/ImageJ-launcher-deploy/target/nar
[INFO] Nothing to compile
[INFO] 
[INFO] --- nar-maven-plugin:3.2.0:nar-gnu-process (default-nar-gnu-process) @ imagej-launcher ---
[INFO] 
[INFO] --- nar-maven-plugin:3.2.0:nar-process-libraries (default-nar-process-libraries) @ imagej-launcher ---
[info] Running process libraries
[info] Processing library Library: type: executable
[INFO] 
[INFO] --- nar-maven-plugin:3.2.0:nar-prepare-package (default-nar-prepare-package) @ imagej-launcher ---
[INFO] 
[INFO] --- maven-resources-plugin:2.6:testResources (default-testResources) @ imagej-launcher ---
[INFO] Using 'UTF-8' encoding to copy filtered resources.
[INFO] skip non existing resourceDirectory /data/devel/jenkins-maven/workspace/ImageJ-launcher-deploy/src/test/resources
[INFO] 
[INFO] --- maven-compiler-plugin:3.1:testCompile (default-testCompile) @ imagej-launcher ---
[INFO] No sources to compile
[INFO] 
[INFO] --- nar-maven-plugin:3.2.0:nar-testCompile (default-nar-testCompile) @ imagej-launcher ---
[INFO] Preparing Nar dependencies
[INFO] Unpacking 0 dependencies to /data/devel/jenkins-maven/workspace/ImageJ-launcher-deploy/target/test-nar
[INFO] Unpacking 0 dependencies to /data/devel/jenkins-maven/workspace/ImageJ-launcher-deploy/target/test-nar
[INFO] 
[INFO] --- maven-surefire-plugin:2.17:test (default-test) @ imagej-launcher ---
[INFO] Tests are skipped.
[INFO] 
[INFO] --- nar-maven-plugin:3.2.0:nar-test (default-nar-test) @ imagej-launcher ---
[INFO] Preparing Nar dependencies
[INFO] Unpacking 0 dependencies to /data/devel/jenkins-maven/workspace/ImageJ-launcher-deploy/target/test-nar
[INFO] 
[INFO] --- exec-maven-plugin:1.3.1:java (default) @ imagej-launcher ---
[WARNING] Warning: killAfter is now deprecated. Do you need it ? Please comment on MEXEC-6.
Cannot find '/data/devel/jenkins-maven/workspace/ImageJ-launcher-deploy/target/nar/imagej-launcher-4.0.6-SNAPSHOT-amd64-Linux-gcc-executable/bin/amd64-Linux-gcc/imagej-launcher.exe'; not changing icon
[INFO] 
[INFO] --- nar-maven-plugin:3.2.0:nar-prepare-package (default-nar-prepare-package-1) @ imagej-launcher ---
[INFO] 
[INFO] --- nar-maven-plugin:3.2.0:nar-package (default-nar-package) @ imagej-launcher ---
[INFO] Building zip: /data/devel/jenkins-maven/workspace/ImageJ-launcher-deploy/target/imagej-launcher-4.0.6-SNAPSHOT-noarch.nar
[INFO] Building zip: /data/devel/jenkins-maven/workspace/ImageJ-launcher-deploy/target/imagej-launcher-4.0.6-SNAPSHOT-x86_64-MacOSX-gcc-executable.nar
[INFO] Building zip: /data/devel/jenkins-maven/workspace/ImageJ-launcher-deploy/target/imagej-launcher-4.0.6-SNAPSHOT-amd64-Windows-gcc-executable.nar
[INFO] Building zip: /data/devel/jenkins-maven/workspace/ImageJ-launcher-deploy/target/imagej-launcher-4.0.6-SNAPSHOT-x86-Windows-gcc-executable.nar
[INFO] Building zip: /data/devel/jenkins-maven/workspace/ImageJ-launcher-deploy/target/imagej-launcher-4.0.6-SNAPSHOT-i386-Linux-gcc-executable.nar
[INFO] Building zip: /data/devel/jenkins-maven/workspace/ImageJ-launcher-deploy/target/imagej-launcher-4.0.6-SNAPSHOT-amd64-Linux-gcc-executable.nar
[INFO] 
[INFO] --- maven-jar-plugin:2.5:jar (default-jar) @ imagej-launcher ---
[INFO] Building jar: /data/devel/jenkins-maven/workspace/ImageJ-launcher-deploy/target/imagej-launcher-4.0.6-SNAPSHOT.jar
[INFO] 
[INFO] --- maven-source-plugin:2.3:jar-no-fork (default) @ imagej-launcher ---
[INFO] No sources in project. Archive not created.
[INFO] 
[INFO] --- maven-source-plugin:2.3:jar-no-fork (attach-sources) @ imagej-launcher ---
[INFO] No sources in project. Archive not created.
[INFO] 
[INFO] --- maven-jar-plugin:2.5:test-jar (default) @ imagej-launcher ---
[INFO] Building jar: /data/devel/jenkins-maven/workspace/ImageJ-launcher-deploy/target/imagej-launcher-4.0.6-SNAPSHOT-tests.jar
[INFO] 
[INFO] --- maven-javadoc-plugin:2.9.1:jar (attach-javadocs) @ imagej-launcher ---
[INFO] 
[INFO] --- nar-maven-plugin:3.2.0:nar-integration-test (default-nar-integration-test) @ imagej-launcher ---
[INFO] Preparing Nar dependencies
[INFO] Unpacking 0 dependencies to /data/devel/jenkins-maven/workspace/ImageJ-launcher-deploy/target/test-nar
[INFO] Surefire report directory: /data/devel/jenkins-maven/workspace/ImageJ-launcher-deploy/target/surefire-reports
[INFO] 
[INFO] --- maven-gpg-plugin:1.5:sign (sign-artifacts) @ imagej-launcher ---
gpg: skipped &quot;<A HREF="http://imagej.net/mailman/listinfo/imagej-builds">ctrueden at wisc.edu</A>&quot;: bad passphrase
gpg: signing failed: bad passphrase
[INFO] ------------------------------------------------------------------------
[INFO] BUILD FAILURE
[INFO] ------------------------------------------------------------------------
[INFO] Total time: 6.382s
[INFO] Finished at: Fri Apr 22 13:23:41 CDT 2016
[INFO] Final Memory: 24M/567M
[INFO] ------------------------------------------------------------------------
[ERROR] Failed to execute goal org.apache.maven.plugins:maven-gpg-plugin:1.5:sign (sign-artifacts) on project imagej-launcher: Exit code: 2 -&gt; [Help 1]
[ERROR] 
[ERROR] To see the full stack trace of the errors, re-run Maven with the -e switch.
[ERROR] Re-run Maven using the -X switch to enable full debug logging.
[ERROR] 
[ERROR] For more information about the errors and possible solutions, please read the following articles:
[ERROR] [Help 1] <A HREF="http://cwiki.apache.org/confluence/display/MAVEN/MojoExecutionException">http://cwiki.apache.org/confluence/display/MAVEN/MojoExecutionException</A>
Build step 'Execute shell' marked build as failure

</PRE>



<!--endarticle-->
    <HR>
    <P><UL>
        <!--threads-->
	<LI>Previous message: <A HREF="012269.html">[ImageJ-builds] Build failed in Jenkins: ImageJ-launcher-deploy	#1199
</A></li>
	<LI>Next message: <A HREF="012271.html">[ImageJ-builds] Build failed in Jenkins: ImageJ-launcher-deploy	#1201
</A></li>
         <LI> <B>Messages sorted by:</B> 
              <a href="date.html#12270">[ date ]</a>
              <a href="thread.html#12270">[ thread ]</a>
              <a href="subject.html#12270">[ subject ]</a>
              <a href="author.html#12270">[ author ]</a>
         </LI>
       </UL>

<hr>
<a href="http://imagej.net/mailman/listinfo/imagej-builds">More information about the ImageJ-builds
mailing list</a><br>
</body></html>
