<!DOCTYPE HTML PUBLIC "-//W3C//DTD HTML 4.01 Transitional//EN">
<HTML>
 <HEAD>
   <TITLE> [ImageJ-builds] Build failed in Jenkins: MorphoLibJ #15
   </TITLE>
   <LINK REL="Index" HREF="index.html" >
   <LINK REL="made" HREF="mailto:imagej-builds%40imagej.net?Subject=Re%3A%20%5BImageJ-builds%5D%20Build%20failed%20in%20Jenkins%3A%20MorphoLibJ%20%2315&In-Reply-To=%3C1793128749.15.1500978510694.JavaMail.jenkins%40dev%3E">
   <META NAME="robots" CONTENT="index,nofollow">
   <style type="text/css">
       pre {
           white-space: pre-wrap;       /* css-2.1, curent FF, Opera, Safari */
           }
   </style>
   <META http-equiv="Content-Type" content="text/html; charset=utf-8">
   <LINK REL="Previous"  HREF="012819.html">
   <LINK REL="Next"  HREF="012816.html">
 </HEAD>
 <BODY BGCOLOR="#ffffff">
   <H1>[ImageJ-builds] Build failed in Jenkins: MorphoLibJ #15</H1>
    <B>jenkins at imagej.net</B> 
    <A HREF="mailto:imagej-builds%40imagej.net?Subject=Re%3A%20%5BImageJ-builds%5D%20Build%20failed%20in%20Jenkins%3A%20MorphoLibJ%20%2315&In-Reply-To=%3C1793128749.15.1500978510694.JavaMail.jenkins%40dev%3E"
       TITLE="[ImageJ-builds] Build failed in Jenkins: MorphoLibJ #15">jenkins at imagej.net
       </A><BR>
    <I>Tue Jul 25 05:28:30 CDT 2017</I>
    <P><UL>
        <LI>Previous message (by thread): <A HREF="012819.html">[ImageJ-builds] Build failed in Jenkins: ASM-Git-SVN-Mirror #1697
</A></li>
        <LI>Next message (by thread): <A HREF="012816.html">[ImageJ-builds] Build failed in Jenkins: MorphoLibJ #16
</A></li>
         <LI> <B>Messages sorted by:</B> 
              <a href="date.html#12815">[ date ]</a>
              <a href="thread.html#12815">[ thread ]</a>
              <a href="subject.html#12815">[ subject ]</a>
              <a href="author.html#12815">[ author ]</a>
         </LI>
       </UL>
    <HR>  
<!--beginarticle-->
<PRE>See &lt;<A HREF="http://jenkins.imagej.net/job/MorphoLibJ/15/display/redirect?page=changes">http://jenkins.imagej.net/job/MorphoLibJ/15/display/redirect?page=changes</A>&gt;

Changes:

[david.legland] rename GeodesicReconstruction to Reconstruction (keep compatibility)

[david.legland] rename GeodesicReconstruction3D to Reconstruction3D (keep

[david.legland] add support to morphological reconstruction on RGB images

[david.legland] Interactive Morphological Reconstruction plugin now works also on RGB

[david.legland] add ColorImages split/merge channels for 3D images

[david.legland] implements morphological reconstruction for 3D color images

[david.legland] make InteractiveMorphologicalReconstruction3D.java works for RGB stacks

------------------------------------------
[...truncated 8.83 KB...]
Running inra.ijpb.morphology.strel.SquareStrelTest
Tests run: 12, Failures: 0, Errors: 0, Skipped: 0, Time elapsed: 0.004 sec - in inra.ijpb.morphology.strel.SquareStrelTest
Running inra.ijpb.morphology.strel.OctagonStrelTest
Tests run: 14, Failures: 0, Errors: 0, Skipped: 0, Time elapsed: 0.062 sec - in inra.ijpb.morphology.strel.OctagonStrelTest
Running inra.ijpb.morphology.strel.ShiftedCross3x3Strel_LeftTest
Tests run: 8, Failures: 0, Errors: 0, Skipped: 0, Time elapsed: 0.001 sec - in inra.ijpb.morphology.strel.ShiftedCross3x3Strel_LeftTest
Running inra.ijpb.morphology.strel.LinearVerticalStrelTest
Tests run: 8, Failures: 0, Errors: 0, Skipped: 0, Time elapsed: 0.001 sec - in inra.ijpb.morphology.strel.LinearVerticalStrelTest
Running inra.ijpb.morphology.strel.LinearHorizontalStrelTest
Tests run: 8, Failures: 0, Errors: 0, Skipped: 0, Time elapsed: 0.002 sec - in inra.ijpb.morphology.strel.LinearHorizontalStrelTest
Running inra.ijpb.morphology.ReconstructionTest
Tests run: 7, Failures: 1, Errors: 0, Skipped: 0, Time elapsed: 0.009 sec &lt;&lt;&lt; FAILURE! - in inra.ijpb.morphology.ReconstructionTest
testReconstructByDilation_RGB_C4(inra.ijpb.morphology.ReconstructionTest)  Time elapsed: 0.008 sec  &lt;&lt;&lt; FAILURE!
java.lang.AssertionError: expected:&lt;0&gt; but was:&lt;-16777216&gt;
	at inra.ijpb.morphology.ReconstructionTest.testReconstructByDilation_RGB_C4(ReconstructionTest.java:217)

Running inra.ijpb.morphology.MorphologyTest
Tests run: 9, Failures: 0, Errors: 0, Skipped: 0, Time elapsed: 0.172 sec - in inra.ijpb.morphology.MorphologyTest
Running inra.ijpb.morphology.StrelTest
Tests run: 7, Failures: 0, Errors: 0, Skipped: 0, Time elapsed: 0.026 sec - in inra.ijpb.morphology.StrelTest
Running inra.ijpb.label.LabelImagesTest
Tests run: 8, Failures: 0, Errors: 0, Skipped: 0, Time elapsed: 0.06 sec - in inra.ijpb.label.LabelImagesTest
Running inra.ijpb.binary.BinaryImagesTest
Tests run: 8, Failures: 0, Errors: 0, Skipped: 0, Time elapsed: 0.114 sec - in inra.ijpb.binary.BinaryImagesTest
Running inra.ijpb.binary.conncomp.FloodFillComponentsLabelingTest
Tests run: 3, Failures: 0, Errors: 0, Skipped: 0, Time elapsed: 0 sec - in inra.ijpb.binary.conncomp.FloodFillComponentsLabelingTest
Running inra.ijpb.binary.conncomp.FloodFillComponentsLabeling3DTest
Tests run: 3, Failures: 0, Errors: 0, Skipped: 0, Time elapsed: 0.001 sec - in inra.ijpb.binary.conncomp.FloodFillComponentsLabeling3DTest
Running inra.ijpb.binary.distmap.DistanceTransform3DShortTest
Tests run: 2, Failures: 0, Errors: 0, Skipped: 0, Time elapsed: 0.018 sec - in inra.ijpb.binary.distmap.DistanceTransform3DShortTest
Running inra.ijpb.binary.distmap.DistanceTransform5x5ShortTest
Tests run: 7, Failures: 0, Errors: 0, Skipped: 0, Time elapsed: 0.003 sec - in inra.ijpb.binary.distmap.DistanceTransform5x5ShortTest
Running inra.ijpb.binary.distmap.DistanceTransform5x5FloatTest
Tests run: 6, Failures: 0, Errors: 0, Skipped: 0, Time elapsed: 0.002 sec - in inra.ijpb.binary.distmap.DistanceTransform5x5FloatTest
Running inra.ijpb.binary.distmap.DistanceTransform3DFloatTest
Tests run: 2, Failures: 0, Errors: 0, Skipped: 0, Time elapsed: 0.038 sec - in inra.ijpb.binary.distmap.DistanceTransform3DFloatTest
Running inra.ijpb.binary.distmap.DistanceTransform3x3ShortTest
Tests run: 5, Failures: 0, Errors: 0, Skipped: 0, Time elapsed: 0.001 sec - in inra.ijpb.binary.distmap.DistanceTransform3x3ShortTest
Running inra.ijpb.binary.distmap.DistanceTransform3x3FloatTest
Tests run: 5, Failures: 0, Errors: 0, Skipped: 0, Time elapsed: 0.001 sec - in inra.ijpb.binary.distmap.DistanceTransform3x3FloatTest
Running inra.ijpb.binary.geodesic.GeodesicDistanceTransformFloatTest
Tests run: 1, Failures: 0, Errors: 0, Skipped: 0, Time elapsed: 0.045 sec - in inra.ijpb.binary.geodesic.GeodesicDistanceTransformFloatTest
Running inra.ijpb.binary.geodesic.GeodesicDiameter3DFloatTest
Tests run: 1, Failures: 0, Errors: 0, Skipped: 0, Time elapsed: 1.107 sec - in inra.ijpb.binary.geodesic.GeodesicDiameter3DFloatTest
Running inra.ijpb.binary.geodesic.GeodesicDistanceTransformShort5x5Test
Tests run: 1, Failures: 0, Errors: 0, Skipped: 0, Time elapsed: 0.058 sec - in inra.ijpb.binary.geodesic.GeodesicDistanceTransformShort5x5Test
Running inra.ijpb.binary.geodesic.GeodesicDistanceTransform3DFloatTest
Tests run: 3, Failures: 0, Errors: 0, Skipped: 0, Time elapsed: 0.01 sec - in inra.ijpb.binary.geodesic.GeodesicDistanceTransform3DFloatTest
Running inra.ijpb.binary.geodesic.GeodesicDiameterFloatTest
Tests run: 4, Failures: 0, Errors: 0, Skipped: 0, Time elapsed: 0.298 sec - in inra.ijpb.binary.geodesic.GeodesicDiameterFloatTest
Running inra.ijpb.binary.geodesic.GeodesicDistanceTransformFloat5x5Test
Tests run: 1, Failures: 0, Errors: 0, Skipped: 0, Time elapsed: 0.006 sec - in inra.ijpb.binary.geodesic.GeodesicDistanceTransformFloat5x5Test
Running inra.ijpb.binary.geodesic.GeodesicDistanceTransformShortTest
Tests run: 1, Failures: 0, Errors: 0, Skipped: 0, Time elapsed: 0.035 sec - in inra.ijpb.binary.geodesic.GeodesicDistanceTransformShortTest
Running inra.ijpb.util.ColorMapsTest
Tests run: 1, Failures: 0, Errors: 0, Skipped: 0, Time elapsed: 0 sec - in inra.ijpb.util.ColorMapsTest
Running inra.ijpb.measure.GeometricMeasures2DTest
Tests run: 8, Failures: 0, Errors: 0, Skipped: 0, Time elapsed: 0.009 sec - in inra.ijpb.measure.GeometricMeasures2DTest
Running inra.ijpb.measure.GeometricMeasures3DTest
Tests run: 8, Failures: 0, Errors: 0, Skipped: 0, Time elapsed: 0.487 sec - in inra.ijpb.measure.GeometricMeasures3DTest
Running inra.ijpb.measure.RegionAdjacencyGraphTest
Tests run: 1, Failures: 0, Errors: 0, Skipped: 0, Time elapsed: 0 sec - in inra.ijpb.measure.RegionAdjacencyGraphTest
Running inra.ijpb.measure.GeometryUtilsTest
Tests run: 4, Failures: 0, Errors: 0, Skipped: 0, Time elapsed: 0.001 sec - in inra.ijpb.measure.GeometryUtilsTest
Running inra.ijpb.measure.Vector3dTest
Tests run: 9, Failures: 0, Errors: 0, Skipped: 0, Time elapsed: 0.001 sec - in inra.ijpb.measure.Vector3dTest
Running inra.ijpb.plugins.TestMorphologicalSegmentation
  Extracting voxel values...
  Extraction took 52 ms.
  Flooding from 12045 voxels...
  Flooding took: 90 ms
  Extracting voxel values...
  Extraction took 13 ms.
  Flooding from 12045 voxels...
  Flooding took: 77 ms
  Extracting voxel values...
  Extraction took 7 ms.
  Flooding from 12045 voxels...
  Flooding took: 42 ms
  Extracting voxel values...
  Extraction took 7 ms.
  Flooding from 12045 voxels...
  Flooding took: 94 ms
  Extracting voxel values...
  Extraction took 6 ms.
  Flooding from 12045 voxels...
  Flooding took: 73 ms
  Extracting voxel values...
  Extraction took 7 ms.
  Flooding from 12045 voxels...
  Flooding took: 49 ms
Tests run: 1, Failures: 0, Errors: 0, Skipped: 0, Time elapsed: 0.987 sec - in inra.ijpb.plugins.TestMorphologicalSegmentation
Running inra.ijpb.plugins.GeodesicDistanceMapPluginTest
Tests run: 2, Failures: 0, Errors: 0, Skipped: 0, Time elapsed: 0.019 sec - in inra.ijpb.plugins.GeodesicDistanceMapPluginTest
Running inra.ijpb.plugins.ExtendBordersPluginTest
Tests run: 1, Failures: 0, Errors: 0, Skipped: 0, Time elapsed: 0.01 sec - in inra.ijpb.plugins.ExtendBordersPluginTest

Results :

Failed tests: 
  ReconstructionTest.testReconstructByDilation_RGB_C4:217 expected:&lt;0&gt; but was:&lt;-16777216&gt;

Tests run: 336, Failures: 1, Errors: 0, Skipped: 0

[INFO] ------------------------------------------------------------------------
[INFO] BUILD FAILURE
[INFO] ------------------------------------------------------------------------
[INFO] Total time: 39.826s
[INFO] Finished at: Tue Jul 25 05:28:29 CDT 2017
[INFO] Final Memory: 27M/455M
[INFO] ------------------------------------------------------------------------
[ERROR] Failed to execute goal org.apache.maven.plugins:maven-surefire-plugin:2.19.1:test (default-test) on project MorphoLibJ_: There are test failures.
[ERROR] 
[ERROR] Please refer to /data/devel/jenkins-maven/workspace/MorphoLibJ/target/surefire-reports for the individual test results.
[ERROR] -&gt; [Help 1]
[ERROR] 
[ERROR] To see the full stack trace of the errors, re-run Maven with the -e switch.
[ERROR] Re-run Maven using the -X switch to enable full debug logging.
[ERROR] 
[ERROR] For more information about the errors and possible solutions, please read the following articles:
[ERROR] [Help 1] <A HREF="http://cwiki.apache.org/confluence/display/MAVEN/MojoFailureException">http://cwiki.apache.org/confluence/display/MAVEN/MojoFailureException</A>
Build step 'Execute shell' marked build as failure
Archiving artifacts
Publishing Javadoc
Recording test results
Performance: Recording JUnit reports '**/TEST-*.xml'
Performance: Parsing JMeter report file '/var/lib/jenkins/jobs/MorphoLibJ/builds/15/performance-reports/JUnit/TEST-inra.ijpb.binary.BinaryImagesTest.xml'.
Performance: Parsing JMeter report file '/var/lib/jenkins/jobs/MorphoLibJ/builds/15/performance-reports/JUnit/TEST-inra.ijpb.binary.conncomp.FloodFillComponentsLabeling3DTest.xml'.
Performance: Parsing JMeter report file '/var/lib/jenkins/jobs/MorphoLibJ/builds/15/performance-reports/JUnit/TEST-inra.ijpb.binary.conncomp.FloodFillComponentsLabelingTest.xml'.
Performance: Parsing JMeter report file '/var/lib/jenkins/jobs/MorphoLibJ/builds/15/performance-reports/JUnit/TEST-inra.ijpb.binary.distmap.DistanceTransform3DFloatTest.xml'.
Performance: Parsing JMeter report file '/var/lib/jenkins/jobs/MorphoLibJ/builds/15/performance-reports/JUnit/TEST-inra.ijpb.binary.distmap.DistanceTransform3DShortTest.xml'.
Performance: Parsing JMeter report file '/var/lib/jenkins/jobs/MorphoLibJ/builds/15/performance-reports/JUnit/TEST-inra.ijpb.binary.distmap.DistanceTransform3x3FloatTest.xml'.
Performance: Parsing JMeter report file '/var/lib/jenkins/jobs/MorphoLibJ/builds/15/performance-reports/JUnit/TEST-inra.ijpb.binary.distmap.DistanceTransform3x3ShortTest.xml'.
Performance: Parsing JMeter report file '/var/lib/jenkins/jobs/MorphoLibJ/builds/15/performance-reports/JUnit/TEST-inra.ijpb.binary.distmap.DistanceTransform5x5FloatTest.xml'.
Performance: Parsing JMeter report file '/var/lib/jenkins/jobs/MorphoLibJ/builds/15/performance-reports/JUnit/TEST-inra.ijpb.binary.distmap.DistanceTransform5x5ShortTest.xml'.
Performance: Parsing JMeter report file '/var/lib/jenkins/jobs/MorphoLibJ/builds/15/performance-reports/JUnit/TEST-inra.ijpb.binary.geodesic.GeodesicDiameter3DFloatTest.xml'.
Performance: Parsing JMeter report file '/var/lib/jenkins/jobs/MorphoLibJ/builds/15/performance-reports/JUnit/TEST-inra.ijpb.binary.geodesic.GeodesicDiameterFloatTest.xml'.
Performance: Parsing JMeter report file '/var/lib/jenkins/jobs/MorphoLibJ/builds/15/performance-reports/JUnit/TEST-inra.ijpb.binary.geodesic.GeodesicDistanceTransform3DFloatTest.xml'.
Performance: Parsing JMeter report file '/var/lib/jenkins/jobs/MorphoLibJ/builds/15/performance-reports/JUnit/TEST-inra.ijpb.binary.geodesic.GeodesicDistanceTransformFloat5x5Test.xml'.
Performance: Parsing JMeter report file '/var/lib/jenkins/jobs/MorphoLibJ/builds/15/performance-reports/JUnit/TEST-inra.ijpb.binary.geodesic.GeodesicDistanceTransformFloatTest.xml'.
Performance: Parsing JMeter report file '/var/lib/jenkins/jobs/MorphoLibJ/builds/15/performance-reports/JUnit/TEST-inra.ijpb.binary.geodesic.GeodesicDistanceTransformShort5x5Test.xml'.
Performance: Parsing JMeter report file '/var/lib/jenkins/jobs/MorphoLibJ/builds/15/performance-reports/JUnit/TEST-inra.ijpb.binary.geodesic.GeodesicDistanceTransformShortTest.xml'.
Performance: Parsing JMeter report file '/var/lib/jenkins/jobs/MorphoLibJ/builds/15/performance-reports/JUnit/TEST-inra.ijpb.label.LabelImagesTest.xml'.
Performance: Parsing JMeter report file '/var/lib/jenkins/jobs/MorphoLibJ/builds/15/performance-reports/JUnit/TEST-inra.ijpb.measure.GeometricMeasures2DTest.xml'.
Performance: Parsing JMeter report file '/var/lib/jenkins/jobs/MorphoLibJ/builds/15/performance-reports/JUnit/TEST-inra.ijpb.measure.GeometricMeasures3DTest.xml'.
Performance: Parsing JMeter report file '/var/lib/jenkins/jobs/MorphoLibJ/builds/15/performance-reports/JUnit/TEST-inra.ijpb.measure.GeometryUtilsTest.xml'.
Performance: Parsing JMeter report file '/var/lib/jenkins/jobs/MorphoLibJ/builds/15/performance-reports/JUnit/TEST-inra.ijpb.measure.RegionAdjacencyGraphTest.xml'.
Performance: Parsing JMeter report file '/var/lib/jenkins/jobs/MorphoLibJ/builds/15/performance-reports/JUnit/TEST-inra.ijpb.measure.Vector3dTest.xml'.
Performance: Parsing JMeter report file '/var/lib/jenkins/jobs/MorphoLibJ/builds/15/performance-reports/JUnit/TEST-inra.ijpb.morphology.FloodFill3DTest.xml'.
Performance: Parsing JMeter report file '/var/lib/jenkins/jobs/MorphoLibJ/builds/15/performance-reports/JUnit/TEST-inra.ijpb.morphology.FloodFillTest.xml'.
Performance: Parsing JMeter report file '/var/lib/jenkins/jobs/MorphoLibJ/builds/15/performance-reports/JUnit/TEST-inra.ijpb.morphology.MinimaAndMaxima3DTest.xml'.
Performance: Parsing JMeter report file '/var/lib/jenkins/jobs/MorphoLibJ/builds/15/performance-reports/JUnit/TEST-inra.ijpb.morphology.MinimaAndMaximaTest.xml'.
Performance: Parsing JMeter report file '/var/lib/jenkins/jobs/MorphoLibJ/builds/15/performance-reports/JUnit/TEST-inra.ijpb.morphology.MorphologyTest.xml'.
Performance: Parsing JMeter report file '/var/lib/jenkins/jobs/MorphoLibJ/builds/15/performance-reports/JUnit/TEST-inra.ijpb.morphology.Reconstruction3DTest.xml'.
Performance: Parsing JMeter report file '/var/lib/jenkins/jobs/MorphoLibJ/builds/15/performance-reports/JUnit/TEST-inra.ijpb.morphology.ReconstructionTest.xml'.
Performance: Parsing JMeter report file '/var/lib/jenkins/jobs/MorphoLibJ/builds/15/performance-reports/JUnit/TEST-inra.ijpb.morphology.StrelTest.xml'.
Performance: Parsing JMeter report file '/var/lib/jenkins/jobs/MorphoLibJ/builds/15/performance-reports/JUnit/TEST-inra.ijpb.morphology.attrfilt.AreaOpeningQueueTest.xml'.
Performance: Parsing JMeter report file '/var/lib/jenkins/jobs/MorphoLibJ/builds/15/performance-reports/JUnit/TEST-inra.ijpb.morphology.attrfilt.SizeOpening3DQueueTest.xml'.
Performance: Parsing JMeter report file '/var/lib/jenkins/jobs/MorphoLibJ/builds/15/performance-reports/JUnit/TEST-inra.ijpb.morphology.extrema.RegionalExtrema3DByFloodingTest.xml'.
Performance: Parsing JMeter report file '/var/lib/jenkins/jobs/MorphoLibJ/builds/15/performance-reports/JUnit/TEST-inra.ijpb.morphology.extrema.RegionalExtremaByFloodingTest.xml'.
Performance: Parsing JMeter report file '/var/lib/jenkins/jobs/MorphoLibJ/builds/15/performance-reports/JUnit/TEST-inra.ijpb.morphology.geodrec.GeodesicReconstruction3DHybrid0Gray16Test.xml'.
Performance: Parsing JMeter report file '/var/lib/jenkins/jobs/MorphoLibJ/builds/15/performance-reports/JUnit/TEST-inra.ijpb.morphology.geodrec.GeodesicReconstruction3DHybrid0Gray8Test.xml'.
Performance: Parsing JMeter report file '/var/lib/jenkins/jobs/MorphoLibJ/builds/15/performance-reports/JUnit/TEST-inra.ijpb.morphology.geodrec.GeodesicReconstruction3DHybrid1Image3DTest.xml'.
Performance: Parsing JMeter report file '/var/lib/jenkins/jobs/MorphoLibJ/builds/15/performance-reports/JUnit/TEST-inra.ijpb.morphology.geodrec.GeodesicReconstructionByDilation3DGray8Test.xml'.
Performance: Parsing JMeter report file '/var/lib/jenkins/jobs/MorphoLibJ/builds/15/performance-reports/JUnit/TEST-inra.ijpb.morphology.geodrec.GeodesicReconstructionByDilation3DScanningGray8Test.xml'.
Performance: Parsing JMeter report file '/var/lib/jenkins/jobs/MorphoLibJ/builds/15/performance-reports/JUnit/TEST-inra.ijpb.morphology.geodrec.GeodesicReconstructionByDilation3DScanningTest.xml'.
Performance: Parsing JMeter report file '/var/lib/jenkins/jobs/MorphoLibJ/builds/15/performance-reports/JUnit/TEST-inra.ijpb.morphology.geodrec.GeodesicReconstructionByDilation3DTest.xml'.
Performance: Parsing JMeter report file '/var/lib/jenkins/jobs/MorphoLibJ/builds/15/performance-reports/JUnit/TEST-inra.ijpb.morphology.geodrec.GeodesicReconstructionByErosion3DGray8Test.xml'.
Performance: Parsing JMeter report file '/var/lib/jenkins/jobs/MorphoLibJ/builds/15/performance-reports/JUnit/TEST-inra.ijpb.morphology.geodrec.GeodesicReconstructionByErosion3DScanningTest.xml'.
Performance: Parsing JMeter report file '/var/lib/jenkins/jobs/MorphoLibJ/builds/15/performance-reports/JUnit/TEST-inra.ijpb.morphology.geodrec.GeodesicReconstructionHybridTest.xml'.
Performance: Parsing JMeter report file '/var/lib/jenkins/jobs/MorphoLibJ/builds/15/performance-reports/JUnit/TEST-inra.ijpb.morphology.geodrec.GeodesicReconstructionScanningTest.xml'.
Performance: Parsing JMeter report file '/var/lib/jenkins/jobs/MorphoLibJ/builds/15/performance-reports/JUnit/TEST-inra.ijpb.morphology.strel.Cross3x3StrelTest.xml'.
Performance: Parsing JMeter report file '/var/lib/jenkins/jobs/MorphoLibJ/builds/15/performance-reports/JUnit/TEST-inra.ijpb.morphology.strel.DiamondStrelTest.xml'.
Performance: Parsing JMeter report file '/var/lib/jenkins/jobs/MorphoLibJ/builds/15/performance-reports/JUnit/TEST-inra.ijpb.morphology.strel.DiskStrelTest.xml'.
Performance: Parsing JMeter report file '/var/lib/jenkins/jobs/MorphoLibJ/builds/15/performance-reports/JUnit/TEST-inra.ijpb.morphology.strel.LinearDiagDownStrelTest.xml'.
Performance: Parsing JMeter report file '/var/lib/jenkins/jobs/MorphoLibJ/builds/15/performance-reports/JUnit/TEST-inra.ijpb.morphology.strel.LinearDiagUpStrelTest.xml'.
Performance: Parsing JMeter report file '/var/lib/jenkins/jobs/MorphoLibJ/builds/15/performance-reports/JUnit/TEST-inra.ijpb.morphology.strel.LinearHorizontalStrelTest.xml'.
Performance: Parsing JMeter report file '/var/lib/jenkins/jobs/MorphoLibJ/builds/15/performance-reports/JUnit/TEST-inra.ijpb.morphology.strel.LinearVerticalStrelTest.xml'.
Performance: Parsing JMeter report file '/var/lib/jenkins/jobs/MorphoLibJ/builds/15/performance-reports/JUnit/TEST-inra.ijpb.morphology.strel.OctagonStrelTest.xml'.
Performance: Parsing JMeter report file '/var/lib/jenkins/jobs/MorphoLibJ/builds/15/performance-reports/JUnit/TEST-inra.ijpb.morphology.strel.ShiftedCross3x3Strel_LeftTest.xml'.
Performance: Parsing JMeter report file '/var/lib/jenkins/jobs/MorphoLibJ/builds/15/performance-reports/JUnit/TEST-inra.ijpb.morphology.strel.ShiftedCross3x3Strel_RightTest.xml'.
Performance: Parsing JMeter report file '/var/lib/jenkins/jobs/MorphoLibJ/builds/15/performance-reports/JUnit/TEST-inra.ijpb.morphology.strel.SquareStrelTest.xml'.
Performance: Parsing JMeter report file '/var/lib/jenkins/jobs/MorphoLibJ/builds/15/performance-reports/JUnit/TEST-inra.ijpb.plugins.ExtendBordersPluginTest.xml'.
Performance: Parsing JMeter report file '/var/lib/jenkins/jobs/MorphoLibJ/builds/15/performance-reports/JUnit/TEST-inra.ijpb.plugins.GeodesicDistanceMapPluginTest.xml'.
Performance: Parsing JMeter report file '/var/lib/jenkins/jobs/MorphoLibJ/builds/15/performance-reports/JUnit/TEST-inra.ijpb.plugins.TestMorphologicalSegmentation.xml'.
Performance: Parsing JMeter report file '/var/lib/jenkins/jobs/MorphoLibJ/builds/15/performance-reports/JUnit/TEST-inra.ijpb.util.ColorMapsTest.xml'.
Performance: Percentage of errors greater or equal than 0% sets the build as unstable
Performance: Percentage of errors greater or equal than 0% sets the build as failure
Performance: File TEST-inra.ijpb.binary.BinaryImagesTest.xml reported 0.0% of errors [SUCCESS]. Build status is: FAILURE
Performance: File TEST-inra.ijpb.binary.conncomp.FloodFillComponentsLabeling3DTest.xml reported 0.0% of errors [SUCCESS]. Build status is: FAILURE
Performance: File TEST-inra.ijpb.binary.conncomp.FloodFillComponentsLabelingTest.xml reported 0.0% of errors [SUCCESS]. Build status is: FAILURE
Performance: File TEST-inra.ijpb.binary.distmap.DistanceTransform3DFloatTest.xml reported 0.0% of errors [SUCCESS]. Build status is: FAILURE
Performance: File TEST-inra.ijpb.binary.distmap.DistanceTransform3DShortTest.xml reported 0.0% of errors [SUCCESS]. Build status is: FAILURE
Performance: File TEST-inra.ijpb.binary.distmap.DistanceTransform3x3FloatTest.xml reported 0.0% of errors [SUCCESS]. Build status is: FAILURE
Performance: File TEST-inra.ijpb.binary.distmap.DistanceTransform3x3ShortTest.xml reported 0.0% of errors [SUCCESS]. Build status is: FAILURE
Performance: File TEST-inra.ijpb.binary.distmap.DistanceTransform5x5FloatTest.xml reported 0.0% of errors [SUCCESS]. Build status is: FAILURE
Performance: File TEST-inra.ijpb.binary.distmap.DistanceTransform5x5ShortTest.xml reported 0.0% of errors [SUCCESS]. Build status is: FAILURE
Performance: File TEST-inra.ijpb.binary.geodesic.GeodesicDiameter3DFloatTest.xml reported 0.0% of errors [SUCCESS]. Build status is: FAILURE
Performance: File TEST-inra.ijpb.binary.geodesic.GeodesicDiameterFloatTest.xml reported 0.0% of errors [SUCCESS]. Build status is: FAILURE
Performance: File TEST-inra.ijpb.binary.geodesic.GeodesicDistanceTransform3DFloatTest.xml reported 0.0% of errors [SUCCESS]. Build status is: FAILURE
Performance: File TEST-inra.ijpb.binary.geodesic.GeodesicDistanceTransformFloat5x5Test.xml reported 0.0% of errors [SUCCESS]. Build status is: FAILURE
Performance: File TEST-inra.ijpb.binary.geodesic.GeodesicDistanceTransformFloatTest.xml reported 0.0% of errors [SUCCESS]. Build status is: FAILURE
Performance: File TEST-inra.ijpb.binary.geodesic.GeodesicDistanceTransformShort5x5Test.xml reported 0.0% of errors [SUCCESS]. Build status is: FAILURE
Performance: File TEST-inra.ijpb.binary.geodesic.GeodesicDistanceTransformShortTest.xml reported 0.0% of errors [SUCCESS]. Build status is: FAILURE
Performance: File TEST-inra.ijpb.label.LabelImagesTest.xml reported 0.0% of errors [SUCCESS]. Build status is: FAILURE
Performance: File TEST-inra.ijpb.measure.GeometricMeasures2DTest.xml reported 0.0% of errors [SUCCESS]. Build status is: FAILURE
Performance: File TEST-inra.ijpb.measure.GeometricMeasures3DTest.xml reported 0.0% of errors [SUCCESS]. Build status is: FAILURE
Performance: File TEST-inra.ijpb.measure.GeometryUtilsTest.xml reported 0.0% of errors [SUCCESS]. Build status is: FAILURE
Performance: File TEST-inra.ijpb.measure.RegionAdjacencyGraphTest.xml reported 0.0% of errors [SUCCESS]. Build status is: FAILURE
Performance: File TEST-inra.ijpb.measure.Vector3dTest.xml reported 0.0% of errors [SUCCESS]. Build status is: FAILURE
Performance: File TEST-inra.ijpb.morphology.FloodFill3DTest.xml reported 0.0% of errors [SUCCESS]. Build status is: FAILURE
Performance: File TEST-inra.ijpb.morphology.FloodFillTest.xml reported 0.0% of errors [SUCCESS]. Build status is: FAILURE
Performance: File TEST-inra.ijpb.morphology.MinimaAndMaxima3DTest.xml reported 0.0% of errors [SUCCESS]. Build status is: FAILURE
Performance: File TEST-inra.ijpb.morphology.MinimaAndMaximaTest.xml reported 0.0% of errors [SUCCESS]. Build status is: FAILURE
Performance: File TEST-inra.ijpb.morphology.MorphologyTest.xml reported 0.0% of errors [SUCCESS]. Build status is: FAILURE
Performance: File TEST-inra.ijpb.morphology.Reconstruction3DTest.xml reported 0.0% of errors [SUCCESS]. Build status is: FAILURE
Performance: File TEST-inra.ijpb.morphology.ReconstructionTest.xml reported 14.286% of errors [FAILURE]. Build status is: FAILURE
Performance: File TEST-inra.ijpb.morphology.StrelTest.xml reported 0.0% of errors [FAILURE]. Build status is: FAILURE
Performance: File TEST-inra.ijpb.morphology.attrfilt.AreaOpeningQueueTest.xml reported 0.0% of errors [FAILURE]. Build status is: FAILURE
Performance: File TEST-inra.ijpb.morphology.attrfilt.SizeOpening3DQueueTest.xml reported 0.0% of errors [FAILURE]. Build status is: FAILURE
Performance: File TEST-inra.ijpb.morphology.extrema.RegionalExtrema3DByFloodingTest.xml reported 0.0% of errors [FAILURE]. Build status is: FAILURE
Performance: File TEST-inra.ijpb.morphology.extrema.RegionalExtremaByFloodingTest.xml reported 0.0% of errors [FAILURE]. Build status is: FAILURE
Performance: File TEST-inra.ijpb.morphology.geodrec.GeodesicReconstruction3DHybrid0Gray16Test.xml reported 0.0% of errors [FAILURE]. Build status is: FAILURE
Performance: File TEST-inra.ijpb.morphology.geodrec.GeodesicReconstruction3DHybrid0Gray8Test.xml reported 0.0% of errors [FAILURE]. Build status is: FAILURE
Performance: File TEST-inra.ijpb.morphology.geodrec.GeodesicReconstruction3DHybrid1Image3DTest.xml reported 0.0% of errors [FAILURE]. Build status is: FAILURE
Performance: File TEST-inra.ijpb.morphology.geodrec.GeodesicReconstructionByDilation3DGray8Test.xml reported 0.0% of errors [FAILURE]. Build status is: FAILURE
Performance: File TEST-inra.ijpb.morphology.geodrec.GeodesicReconstructionByDilation3DScanningGray8Test.xml reported 0.0% of errors [FAILURE]. Build status is: FAILURE
Performance: File TEST-inra.ijpb.morphology.geodrec.GeodesicReconstructionByDilation3DScanningTest.xml reported 0.0% of errors [FAILURE]. Build status is: FAILURE
Performance: File TEST-inra.ijpb.morphology.geodrec.GeodesicReconstructionByDilation3DTest.xml reported 0.0% of errors [FAILURE]. Build status is: FAILURE
Performance: File TEST-inra.ijpb.morphology.geodrec.GeodesicReconstructionByErosion3DGray8Test.xml reported 0.0% of errors [FAILURE]. Build status is: FAILURE
Performance: File TEST-inra.ijpb.morphology.geodrec.GeodesicReconstructionByErosion3DScanningTest.xml reported 0.0% of errors [FAILURE]. Build status is: FAILURE
Performance: File TEST-inra.ijpb.morphology.geodrec.GeodesicReconstructionHybridTest.xml reported 0.0% of errors [FAILURE]. Build status is: FAILURE
Performance: File TEST-inra.ijpb.morphology.geodrec.GeodesicReconstructionScanningTest.xml reported 0.0% of errors [FAILURE]. Build status is: FAILURE
Performance: File TEST-inra.ijpb.morphology.strel.Cross3x3StrelTest.xml reported 0.0% of errors [FAILURE]. Build status is: FAILURE
Performance: File TEST-inra.ijpb.morphology.strel.DiamondStrelTest.xml reported 0.0% of errors [FAILURE]. Build status is: FAILURE
Performance: File TEST-inra.ijpb.morphology.strel.DiskStrelTest.xml reported 0.0% of errors [FAILURE]. Build status is: FAILURE
Performance: File TEST-inra.ijpb.morphology.strel.LinearDiagDownStrelTest.xml reported 0.0% of errors [FAILURE]. Build status is: FAILURE
Performance: File TEST-inra.ijpb.morphology.strel.LinearDiagUpStrelTest.xml reported 0.0% of errors [FAILURE]. Build status is: FAILURE
Performance: File TEST-inra.ijpb.morphology.strel.LinearHorizontalStrelTest.xml reported 0.0% of errors [FAILURE]. Build status is: FAILURE
Performance: File TEST-inra.ijpb.morphology.strel.LinearVerticalStrelTest.xml reported 0.0% of errors [FAILURE]. Build status is: FAILURE
Performance: File TEST-inra.ijpb.morphology.strel.OctagonStrelTest.xml reported 0.0% of errors [FAILURE]. Build status is: FAILURE
Performance: File TEST-inra.ijpb.morphology.strel.ShiftedCross3x3Strel_LeftTest.xml reported 0.0% of errors [FAILURE]. Build status is: FAILURE
Performance: File TEST-inra.ijpb.morphology.strel.ShiftedCross3x3Strel_RightTest.xml reported 0.0% of errors [FAILURE]. Build status is: FAILURE
Performance: File TEST-inra.ijpb.morphology.strel.SquareStrelTest.xml reported 0.0% of errors [FAILURE]. Build status is: FAILURE
Performance: File TEST-inra.ijpb.plugins.ExtendBordersPluginTest.xml reported 0.0% of errors [FAILURE]. Build status is: FAILURE
Performance: File TEST-inra.ijpb.plugins.GeodesicDistanceMapPluginTest.xml reported 0.0% of errors [FAILURE]. Build status is: FAILURE
Performance: File TEST-inra.ijpb.plugins.TestMorphologicalSegmentation.xml reported 0.0% of errors [FAILURE]. Build status is: FAILURE
Performance: File TEST-inra.ijpb.util.ColorMapsTest.xml reported 0.0% of errors [FAILURE]. Build status is: FAILURE
Not sending mail to unregistered user <A HREF="http://imagej.net/mailman/listinfo/imagej-builds">david.legland at inra.fr</A>

</PRE>



<!--endarticle-->
    <HR>
    <P><UL>
        <!--threads-->
	<LI>Previous message (by thread): <A HREF="012819.html">[ImageJ-builds] Build failed in Jenkins: ASM-Git-SVN-Mirror #1697
</A></li>
	<LI>Next message (by thread): <A HREF="012816.html">[ImageJ-builds] Build failed in Jenkins: MorphoLibJ #16
</A></li>
         <LI> <B>Messages sorted by:</B> 
              <a href="date.html#12815">[ date ]</a>
              <a href="thread.html#12815">[ thread ]</a>
              <a href="subject.html#12815">[ subject ]</a>
              <a href="author.html#12815">[ author ]</a>
         </LI>
       </UL>

<hr>
<a href="http://imagej.net/mailman/listinfo/imagej-builds">More information about the ImageJ-builds
mailing list</a><br>
</body></html>
