<!DOCTYPE HTML PUBLIC "-//W3C//DTD HTML 4.01 Transitional//EN">
<HTML>
 <HEAD>
   <TITLE> [ImageJ-builds] Build failed in Jenkins: ImageJ #3641
   </TITLE>
   <LINK REL="Index" HREF="index.html" >
   <LINK REL="made" HREF="mailto:imagej-builds%40imagej.net?Subject=Re%3A%20%5BImageJ-builds%5D%20Build%20failed%20in%20Jenkins%3A%20ImageJ%20%233641&In-Reply-To=%3C1639439281.0.1346947004595.JavaMail.jenkins%40dev%3E">
   <META NAME="robots" CONTENT="index,nofollow">
   <style type="text/css">
       pre {
           white-space: pre-wrap;       /* css-2.1, curent FF, Opera, Safari */
           }
   </style>
   <META http-equiv="Content-Type" content="text/html; charset=us-ascii">
   <LINK REL="Previous"  HREF="000484.html">
   <LINK REL="Next"  HREF="000486.html">
 </HEAD>
 <BODY BGCOLOR="#ffffff">
   <H1>[ImageJ-builds] Build failed in Jenkins: ImageJ #3641</H1>
    <B>jenkins at imagej.net</B> 
    <A HREF="mailto:imagej-builds%40imagej.net?Subject=Re%3A%20%5BImageJ-builds%5D%20Build%20failed%20in%20Jenkins%3A%20ImageJ%20%233641&In-Reply-To=%3C1639439281.0.1346947004595.JavaMail.jenkins%40dev%3E"
       TITLE="[ImageJ-builds] Build failed in Jenkins: ImageJ #3641">jenkins at imagej.net
       </A><BR>
    <I>Thu Sep  6 10:56:44 CDT 2012</I>
    <P><UL>
        <LI>Previous message: <A HREF="000484.html">[ImageJ-builds] Jenkins build is back to normal : fiji-windows-full	#156
</A></li>
        <LI>Next message: <A HREF="000486.html">[ImageJ-builds] Jenkins build is back to normal : ImageJ #3642
</A></li>
         <LI> <B>Messages sorted by:</B> 
              <a href="date.html#485">[ date ]</a>
              <a href="thread.html#485">[ thread ]</a>
              <a href="subject.html#485">[ subject ]</a>
              <a href="author.html#485">[ author ]</a>
         </LI>
       </UL>
    <HR>  
<!--beginarticle-->
<PRE>See &lt;<A HREF="http://jenkins.imagej.net/job/ImageJ/3641/changes">http://jenkins.imagej.net/job/ImageJ/3641/changes</A>&gt;

Changes:

[Barry DeZonia] Create an OptionsCompatibility plugin

------------------------------------------
[...truncated 2407 lines...]
[INFO] Surefire report directory: /data/devel/jenkins/jobs/ImageJ/workspace/core/io/target/surefire-reports

-------------------------------------------------------
 T E S T S
-------------------------------------------------------

Results :

Tests run: 0, Failures: 0, Errors: 0, Skipped: 0

[INFO] [jar:jar {execution: default-jar}]
[INFO] Building jar: /data/devel/jenkins/jobs/ImageJ/workspace/core/io/target/ij-io-2.0.0-SNAPSHOT.jar
[INFO] Preparing source:jar
[WARNING] Removing: jar from forked lifecycle, to prevent recursive invocation.
[INFO] [buildnumber:create {execution: default}]
[INFO] [source:jar {execution: default}]
[INFO] Building jar: /data/devel/jenkins/jobs/ImageJ/workspace/core/io/target/ij-io-2.0.0-SNAPSHOT-sources.jar
[INFO] [install:install {execution: default-install}]
[INFO] Installing /data/devel/jenkins/jobs/ImageJ/workspace/core/io/target/ij-io-2.0.0-SNAPSHOT.jar to /var/lib/jenkins/.m2/repository/net/imagej/ij-io/2.0.0-SNAPSHOT/ij-io-2.0.0-SNAPSHOT.jar
[INFO] Installing /data/devel/jenkins/jobs/ImageJ/workspace/core/io/target/ij-io-2.0.0-SNAPSHOT-sources.jar to /var/lib/jenkins/.m2/repository/net/imagej/ij-io/2.0.0-SNAPSHOT/ij-io-2.0.0-SNAPSHOT-sources.jar
[INFO] [deploy:deploy {execution: default-deploy}]
[INFO] Retrieving previous build number from imagej.snapshots
Uploading: <A HREF="http://maven.imagej.net/content/repositories/snapshots/net/imagej/ij-io/2.0.0-SNAPSHOT/ij-io-2.0.0-20120906.155558-818.jar">http://maven.imagej.net/content/repositories/snapshots/net/imagej/ij-io/2.0.0-SNAPSHOT/ij-io-2.0.0-20120906.155558-818.jar</A>
Sep 6, 2012 10:56:38 AM org.apache.commons.httpclient.auth.AuthChallengeProcessor selectAuthScheme
INFO: basic authentication scheme selected
4/22K
8/22K
12/22K
16/22K
20/22K
22/22K
22K uploaded  (ij-io-2.0.0-20120906.155558-818.jar)
[INFO] Retrieving previous metadata from imagej.snapshots
[INFO] Uploading repository metadata for: 'artifact net.imagej:ij-io'
Sep 6, 2012 10:56:38 AM org.apache.commons.httpclient.auth.AuthChallengeProcessor selectAuthScheme
INFO: basic authentication scheme selected
[INFO] Retrieving previous metadata from imagej.snapshots
[INFO] Uploading repository metadata for: 'snapshot net.imagej:ij-io:2.0.0-SNAPSHOT'
Sep 6, 2012 10:56:38 AM org.apache.commons.httpclient.auth.AuthChallengeProcessor selectAuthScheme
INFO: basic authentication scheme selected
[INFO] Uploading project information for ij-io 2.0.0-20120906.155558-818
Sep 6, 2012 10:56:38 AM org.apache.commons.httpclient.auth.AuthChallengeProcessor selectAuthScheme
INFO: basic authentication scheme selected
[INFO] Retrieving previous build number from imagej.snapshots
Uploading: <A HREF="http://maven.imagej.net/content/repositories/snapshots/net/imagej/ij-io/2.0.0-SNAPSHOT/ij-io-2.0.0-20120906.155558-818-sources.jar">http://maven.imagej.net/content/repositories/snapshots/net/imagej/ij-io/2.0.0-SNAPSHOT/ij-io-2.0.0-20120906.155558-818-sources.jar</A>
Sep 6, 2012 10:56:39 AM org.apache.commons.httpclient.auth.AuthChallengeProcessor selectAuthScheme
INFO: basic authentication scheme selected
4/27K
8/27K
12/27K
16/27K
20/27K
24/27K
27/27K
27K uploaded  (ij-io-2.0.0-20120906.155558-818-sources.jar)
[INFO] ------------------------------------------------------------------------
[INFO] Building ImageJ POM: Core Commands
[INFO]    task-segment: [clean, deploy]
[INFO] ------------------------------------------------------------------------
[INFO] [clean:clean {execution: default-clean}]
[INFO] [buildnumber:create {execution: default}]
[INFO] [site:attach-descriptor {execution: default-attach-descriptor}]
[INFO] Preparing source:jar
[WARNING] Removing: jar from forked lifecycle, to prevent recursive invocation.
[INFO] [buildnumber:create {execution: default}]
[INFO] [source:jar {execution: default}]
[INFO] [install:install {execution: default-install}]
[INFO] Installing /data/devel/jenkins/jobs/ImageJ/workspace/core/commands/pom.xml to /var/lib/jenkins/.m2/repository/net/imagej/pom-ij-core-commands/2.0.0-SNAPSHOT/pom-ij-core-commands-2.0.0-SNAPSHOT.pom
[INFO] [deploy:deploy {execution: default-deploy}]
[INFO] Retrieving previous build number from imagej.snapshots
Uploading: <A HREF="http://maven.imagej.net/content/repositories/snapshots/net/imagej/pom-ij-core-commands/2.0.0-SNAPSHOT/pom-ij-core-commands-2.0.0-20120906.155558-10.pom">http://maven.imagej.net/content/repositories/snapshots/net/imagej/pom-ij-core-commands/2.0.0-SNAPSHOT/pom-ij-core-commands-2.0.0-20120906.155558-10.pom</A>
Sep 6, 2012 10:56:40 AM org.apache.commons.httpclient.auth.AuthChallengeProcessor selectAuthScheme
INFO: basic authentication scheme selected
1/1K
1K uploaded  (pom-ij-core-commands-2.0.0-20120906.155558-10.pom)
[INFO] Retrieving previous metadata from imagej.snapshots
[INFO] Uploading repository metadata for: 'snapshot net.imagej:pom-ij-core-commands:2.0.0-SNAPSHOT'
Sep 6, 2012 10:56:40 AM org.apache.commons.httpclient.auth.AuthChallengeProcessor selectAuthScheme
INFO: basic authentication scheme selected
[INFO] Retrieving previous metadata from imagej.snapshots
[INFO] Uploading repository metadata for: 'artifact net.imagej:pom-ij-core-commands'
Sep 6, 2012 10:56:41 AM org.apache.commons.httpclient.auth.AuthChallengeProcessor selectAuthScheme
INFO: basic authentication scheme selected
[INFO] ------------------------------------------------------------------------
[INFO] Building ImageJ Core Commands: Application
[INFO]    task-segment: [clean, deploy]
[INFO] ------------------------------------------------------------------------
[INFO] [clean:clean {execution: default-clean}]
[INFO] [buildnumber:create {execution: default}]
[debug] execute contextualize
[INFO] [resources:resources {execution: default-resources}]
[INFO] Using 'UTF-8' encoding to copy filtered resources.
[INFO] Copying 4 resources
[INFO] [compiler:compile {execution: default-compile}]
[INFO] Compiling 7 source files to /data/devel/jenkins/jobs/ImageJ/workspace/core/commands/app/target/classes
[debug] execute contextualize
[INFO] [resources:testResources {execution: default-testResources}]
[INFO] Using 'UTF-8' encoding to copy filtered resources.
[INFO] skip non existing resourceDirectory /data/devel/jenkins/jobs/ImageJ/workspace/core/commands/app/src/test/resources
[INFO] [compiler:testCompile {execution: default-testCompile}]
[INFO] No sources to compile
[INFO] [surefire:test {execution: default-test}]
[INFO] No tests to run.
[INFO] Surefire report directory: /data/devel/jenkins/jobs/ImageJ/workspace/core/commands/app/target/surefire-reports

-------------------------------------------------------
 T E S T S
-------------------------------------------------------

Results :

Tests run: 0, Failures: 0, Errors: 0, Skipped: 0

[INFO] [jar:jar {execution: default-jar}]
[INFO] Building jar: /data/devel/jenkins/jobs/ImageJ/workspace/core/commands/app/target/ij-commands-app-2.0.0-SNAPSHOT.jar
[INFO] Preparing source:jar
[WARNING] Removing: jar from forked lifecycle, to prevent recursive invocation.
[INFO] [buildnumber:create {execution: default}]
[INFO] [source:jar {execution: default}]
[INFO] Building jar: /data/devel/jenkins/jobs/ImageJ/workspace/core/commands/app/target/ij-commands-app-2.0.0-SNAPSHOT-sources.jar
[INFO] [install:install {execution: default-install}]
[INFO] Installing /data/devel/jenkins/jobs/ImageJ/workspace/core/commands/app/target/ij-commands-app-2.0.0-SNAPSHOT.jar to /var/lib/jenkins/.m2/repository/net/imagej/ij-commands-app/2.0.0-SNAPSHOT/ij-commands-app-2.0.0-SNAPSHOT.jar
[INFO] Installing /data/devel/jenkins/jobs/ImageJ/workspace/core/commands/app/target/ij-commands-app-2.0.0-SNAPSHOT-sources.jar to /var/lib/jenkins/.m2/repository/net/imagej/ij-commands-app/2.0.0-SNAPSHOT/ij-commands-app-2.0.0-SNAPSHOT-sources.jar
[INFO] [deploy:deploy {execution: default-deploy}]
[INFO] Retrieving previous build number from imagej.snapshots
Uploading: <A HREF="http://maven.imagej.net/content/repositories/snapshots/net/imagej/ij-commands-app/2.0.0-SNAPSHOT/ij-commands-app-2.0.0-20120906.155558-10.jar">http://maven.imagej.net/content/repositories/snapshots/net/imagej/ij-commands-app/2.0.0-SNAPSHOT/ij-commands-app-2.0.0-20120906.155558-10.jar</A>
Sep 6, 2012 10:56:41 AM org.apache.commons.httpclient.auth.AuthChallengeProcessor selectAuthScheme
INFO: basic authentication scheme selected
4/20K
8/20K
12/20K
16/20K
20/20K
20/20K
20K uploaded  (ij-commands-app-2.0.0-20120906.155558-10.jar)
[INFO] Retrieving previous metadata from imagej.snapshots
[INFO] Uploading repository metadata for: 'snapshot net.imagej:ij-commands-app:2.0.0-SNAPSHOT'
Sep 6, 2012 10:56:42 AM org.apache.commons.httpclient.auth.AuthChallengeProcessor selectAuthScheme
INFO: basic authentication scheme selected
[INFO] Uploading project information for ij-commands-app 2.0.0-20120906.155558-10
Sep 6, 2012 10:56:42 AM org.apache.commons.httpclient.auth.AuthChallengeProcessor selectAuthScheme
INFO: basic authentication scheme selected
[INFO] Retrieving previous metadata from imagej.snapshots
[INFO] Uploading repository metadata for: 'artifact net.imagej:ij-commands-app'
Sep 6, 2012 10:56:42 AM org.apache.commons.httpclient.auth.AuthChallengeProcessor selectAuthScheme
INFO: basic authentication scheme selected
[INFO] Retrieving previous build number from imagej.snapshots
Uploading: <A HREF="http://maven.imagej.net/content/repositories/snapshots/net/imagej/ij-commands-app/2.0.0-SNAPSHOT/ij-commands-app-2.0.0-20120906.155558-10-sources.jar">http://maven.imagej.net/content/repositories/snapshots/net/imagej/ij-commands-app/2.0.0-SNAPSHOT/ij-commands-app-2.0.0-20120906.155558-10-sources.jar</A>
Sep 6, 2012 10:56:43 AM org.apache.commons.httpclient.auth.AuthChallengeProcessor selectAuthScheme
INFO: basic authentication scheme selected
4/19K
8/19K
12/19K
16/19K
19/19K
19K uploaded  (ij-commands-app-2.0.0-20120906.155558-10-sources.jar)
[INFO] ------------------------------------------------------------------------
[INFO] Building ImageJ Core Commands: Data
[INFO]    task-segment: [clean, deploy]
[INFO] ------------------------------------------------------------------------
[INFO] [clean:clean {execution: default-clean}]
[INFO] [buildnumber:create {execution: default}]
[debug] execute contextualize
[INFO] [resources:resources {execution: default-resources}]
[INFO] Using 'UTF-8' encoding to copy filtered resources.
[INFO] Copying 3 resources
[INFO] [compiler:compile {execution: default-compile}]
[INFO] Compiling 87 source files to /data/devel/jenkins/jobs/ImageJ/workspace/core/commands/data/target/classes
[INFO] -------------------------------------------------------------
[ERROR] COMPILATION ERROR : 
[INFO] -------------------------------------------------------------
[ERROR] /data/devel/jenkins/jobs/ImageJ/workspace/core/commands/data/src/main/java/imagej/core/commands/assign/InvertDataValues.java:[39,26] cannot find symbol
symbol  : class OptionsCompatibility
location: package imagej.core.options
[ERROR] /data/devel/jenkins/jobs/ImageJ/workspace/core/commands/data/src/main/java/imagej/core/commands/assign/InvertDataValues.java:[39,26] cannot find symbol
symbol  : class OptionsCompatibility
location: package imagej.core.options
[ERROR] /data/devel/jenkins/jobs/ImageJ/workspace/core/commands/data/src/main/java/imagej/core/commands/assign/InvertDataValues.java:[100,2] cannot find symbol
symbol  : class OptionsCompatibility
location: class imagej.core.commands.assign.InvertDataValues&lt;T&gt;
[ERROR] /data/devel/jenkins/jobs/ImageJ/workspace/core/commands/data/src/main/java/imagej/core/commands/assign/InvertDataValues.java:[100,59] cannot find symbol
symbol  : class OptionsCompatibility
location: class imagej.core.commands.assign.InvertDataValues&lt;T&gt;
[INFO] 4 errors 
[INFO] -------------------------------------------------------------
[INFO] ------------------------------------------------------------------------
[ERROR] BUILD FAILURE
[INFO] ------------------------------------------------------------------------
[INFO] Compilation failure

/data/devel/jenkins/jobs/ImageJ/workspace/core/commands/data/src/main/java/imagej/core/commands/assign/InvertDataValues.java:[39,26] cannot find symbol
symbol  : class OptionsCompatibility
location: package imagej.core.options
/data/devel/jenkins/jobs/ImageJ/workspace/core/commands/data/src/main/java/imagej/core/commands/assign/InvertDataValues.java:[39,26] cannot find symbol
symbol  : class OptionsCompatibility
location: package imagej.core.options
/data/devel/jenkins/jobs/ImageJ/workspace/core/commands/data/src/main/java/imagej/core/commands/assign/InvertDataValues.java:[100,2] cannot find symbol
symbol  : class OptionsCompatibility
location: class imagej.core.commands.assign.InvertDataValues&lt;T&gt;
/data/devel/jenkins/jobs/ImageJ/workspace/core/commands/data/src/main/java/imagej/core/commands/assign/InvertDataValues.java:[100,59] cannot find symbol
symbol  : class OptionsCompatibility
location: class imagej.core.commands.assign.InvertDataValues&lt;T&gt;

[INFO] ------------------------------------------------------------------------
[INFO] For more information, run Maven with the -e switch
[INFO] ------------------------------------------------------------------------
[INFO] Total time: 58 seconds
[INFO] Finished at: Thu Sep 06 10:56:44 CDT 2012
[INFO] Final Memory: 72M/1474M
[INFO] ------------------------------------------------------------------------
Build step 'Invoke top-level Maven targets' marked build as failure
Archiving artifacts
Performance: No threshold configured for making the test unstable
Performance: No threshold configured for making the test failure
Performance: Recording JUnit reports '**/TEST-*.xml'
Performance: Parsing JUnit report file TEST-imagej.display.DisplayTest.xml
Performance: Parsing JUnit report file TEST-imagej.menu.ShadowMenuTest.xml
Performance: Parsing JUnit report file TEST-imagej.object.ObjectIndexTest.xml
Performance: Parsing JUnit report file TEST-imagej.util.AppUtilsTest.xml
Performance: Parsing JUnit report file TEST-imagej.util.CheckSezpozTest.xml
Performance: Parsing JUnit report file TEST-imagej.util.ClassUtilsTest.xml
Performance: Parsing JUnit report file TEST-imagej.util.ColorRGBTest.xml
Performance: Parsing JUnit report file TEST-imagej.util.FileUtilsTest.xml
Performance: Parsing JUnit report file TEST-imagej.util.PrefsTest.xml
Performance: Parsing JUnit report file TEST-imagej.util.UnitUtilsTest.xml
Performance: Parsing JUnit report file TEST-imagej.data.DatasetTest.xml
Performance: Parsing JUnit report file TEST-imagej.data.ExtentsTest.xml
Performance: Parsing JUnit report file TEST-imagej.data.PositionTest.xml
Performance: Parsing JUnit report file TEST-imagej.data.TestCursorSpeeds.xml
Performance: Parsing JUnit report file TEST-imagej.data.display.ImageCanvasTest.xml
Performance: Parsing JUnit report file TEST-imagej.data.overlay.TestBinaryMaskOverlay.xml
Performance: Parsing JUnit report file TEST-imagej.updater.core.UpdaterTest.xml
Performance: File TEST-imagej.display.DisplayTest.xml reported 0.0% of errors [SUCCESS]. Build status is: FAILURE
Performance: File TEST-imagej.menu.ShadowMenuTest.xml reported 0.0% of errors [SUCCESS]. Build status is: FAILURE
Performance: File TEST-imagej.object.ObjectIndexTest.xml reported 0.0% of errors [SUCCESS]. Build status is: FAILURE
Performance: File TEST-imagej.util.AppUtilsTest.xml reported 0.0% of errors [SUCCESS]. Build status is: FAILURE
Performance: File TEST-imagej.util.CheckSezpozTest.xml reported 0.0% of errors [SUCCESS]. Build status is: FAILURE
Performance: File TEST-imagej.util.ClassUtilsTest.xml reported 0.0% of errors [SUCCESS]. Build status is: FAILURE
Performance: File TEST-imagej.util.ColorRGBTest.xml reported 0.0% of errors [SUCCESS]. Build status is: FAILURE
Performance: File TEST-imagej.util.FileUtilsTest.xml reported 0.0% of errors [SUCCESS]. Build status is: FAILURE
Performance: File TEST-imagej.util.PrefsTest.xml reported 0.0% of errors [SUCCESS]. Build status is: FAILURE
Performance: File TEST-imagej.util.UnitUtilsTest.xml reported 0.0% of errors [SUCCESS]. Build status is: FAILURE
Performance: File TEST-imagej.data.DatasetTest.xml reported 0.0% of errors [SUCCESS]. Build status is: FAILURE
Performance: File TEST-imagej.data.ExtentsTest.xml reported 0.0% of errors [SUCCESS]. Build status is: FAILURE
Performance: File TEST-imagej.data.PositionTest.xml reported 0.0% of errors [SUCCESS]. Build status is: FAILURE
Performance: File TEST-imagej.data.TestCursorSpeeds.xml reported 0.0% of errors [SUCCESS]. Build status is: FAILURE
Performance: File TEST-imagej.data.display.ImageCanvasTest.xml reported 0.0% of errors [SUCCESS]. Build status is: FAILURE
Performance: File TEST-imagej.data.overlay.TestBinaryMaskOverlay.xml reported 0.0% of errors [SUCCESS]. Build status is: FAILURE
Performance: File TEST-imagej.updater.core.UpdaterTest.xml reported 0.0% of errors [SUCCESS]. Build status is: FAILURE

</PRE>


<!--endarticle-->
    <HR>
    <P><UL>
        <!--threads-->
	<LI>Previous message: <A HREF="000484.html">[ImageJ-builds] Jenkins build is back to normal : fiji-windows-full	#156
</A></li>
	<LI>Next message: <A HREF="000486.html">[ImageJ-builds] Jenkins build is back to normal : ImageJ #3642
</A></li>
         <LI> <B>Messages sorted by:</B> 
              <a href="date.html#485">[ date ]</a>
              <a href="thread.html#485">[ thread ]</a>
              <a href="subject.html#485">[ subject ]</a>
              <a href="author.html#485">[ author ]</a>
         </LI>
       </UL>

<hr>
<a href="http://imagej.net/mailman/listinfo/imagej-builds">More information about the ImageJ-builds
mailing list</a><br>
</body></html>
