<!DOCTYPE HTML PUBLIC "-//W3C//DTD HTML 4.01 Transitional//EN">
<HTML>
 <HEAD>
   <TITLE> [ImageJ-builds] Build failed in Jenkins: ImageJ #3660
   </TITLE>
   <LINK REL="Index" HREF="index.html" >
   <LINK REL="made" HREF="mailto:imagej-builds%40imagej.net?Subject=Re%3A%20%5BImageJ-builds%5D%20Build%20failed%20in%20Jenkins%3A%20ImageJ%20%233660&In-Reply-To=%3C441077272.11.1347391834684.JavaMail.jenkins%40dev%3E">
   <META NAME="robots" CONTENT="index,nofollow">
   <style type="text/css">
       pre {
           white-space: pre-wrap;       /* css-2.1, curent FF, Opera, Safari */
           }
   </style>
   <META http-equiv="Content-Type" content="text/html; charset=us-ascii">
   <LINK REL="Previous"  HREF="000504.html">
   <LINK REL="Next"  HREF="000500.html">
 </HEAD>
 <BODY BGCOLOR="#ffffff">
   <H1>[ImageJ-builds] Build failed in Jenkins: ImageJ #3660</H1>
    <B>jenkins at imagej.net</B> 
    <A HREF="mailto:imagej-builds%40imagej.net?Subject=Re%3A%20%5BImageJ-builds%5D%20Build%20failed%20in%20Jenkins%3A%20ImageJ%20%233660&In-Reply-To=%3C441077272.11.1347391834684.JavaMail.jenkins%40dev%3E"
       TITLE="[ImageJ-builds] Build failed in Jenkins: ImageJ #3660">jenkins at imagej.net
       </A><BR>
    <I>Tue Sep 11 14:30:34 CDT 2012</I>
    <P><UL>
        <LI>Previous message: <A HREF="000504.html">[ImageJ-builds] Jenkins build is back to normal : fiji-windows-core	#173
</A></li>
        <LI>Next message: <A HREF="000500.html">[ImageJ-builds] Jenkins build is back to normal : ImageJ #3661
</A></li>
         <LI> <B>Messages sorted by:</B> 
              <a href="date.html#499">[ date ]</a>
              <a href="thread.html#499">[ thread ]</a>
              <a href="subject.html#499">[ subject ]</a>
              <a href="author.html#499">[ author ]</a>
         </LI>
       </UL>
    <HR>  
<!--beginarticle-->
<PRE>See &lt;<A HREF="http://jenkins.imagej.net/job/ImageJ/3660/changes">http://jenkins.imagej.net/job/ImageJ/3660/changes</A>&gt;

Changes:

[Curtis Rueden] AWTInputEventDispatcher: remove register method

[Curtis Rueden] JHotDrawImageCanvas: avoid raw types

[Curtis Rueden] SwingSdiImageDisplayViewer: remove unused imports

[Curtis Rueden] UIService: add getVisibleUIs() method

[Curtis Rueden] AbstractSwingImageDisplayViewer: fix method order

[Curtis Rueden] SwingTextDisplayViewer: add missing javadoc

[Curtis Rueden] DisplayViewer: add isCompatible(UserInterface)

[Curtis Rueden] Only use a display viewer if it is appropriate

[Curtis Rueden] Add AbstractDisplay#toString() method

[Curtis Rueden] UIService: improve warning when no viewers found

[Curtis Rueden] Disable autodiscovery of the DefaultDisplay

------------------------------------------
[...truncated 30 lines...]
Removing core/commands/debug/target/
Removing core/commands/display/target/
Removing core/commands/misc/target/
Removing core/core/target/
Removing core/data/target/
Removing core/io/target/
Removing core/legacy/target/
Removing core/log-slf4j/target/
Removing core/options/target/
Removing core/platforms/target/
Removing core/tools/target/
Removing core/ui/target/
Removing core/updater/core/target/
Removing core/updater/ssh/target/
Removing ui/awt-swing/common/target/
Removing ui/awt-swing/util/target/
Removing ui/swing/base/target/
Removing ui/swing/plugins/target/
Removing ui/swing/tools/target/
Removing ui/swing/updater/target/
Removing ui/swing/util/target/
[workspace] $ mvn -Dbranch=master -U clean deploy
[INFO] Scanning for projects...
[INFO] Reactor build order: 
[INFO]   ImageJ Projects
[INFO]   ImageJ POM: Core
[INFO]   ImageJ Core Classes
[INFO]   ImageJ Data Model
[INFO]   ImageJ Core Options
[INFO]   ImageJ Updater
[INFO]   ImageJ Updater Core
[INFO]   ImageJ User Interface Framework
[INFO]   ImageJ Core: I/O
[INFO]   ImageJ POM: Core Commands
[INFO]   ImageJ Core Commands: Application
[INFO]   ImageJ Core Commands: Data
[INFO]   ImageJ Core Commands: Debug
[INFO]   ImageJ Core Commands: Display
[INFO]   ImageJ Core Commands: Miscellaneous
[INFO]   ImageJ POM: User Interface
[INFO]   ImageJ POM: AWT and Swing UIs
[INFO]   ImageJ Utility Classes: AWT
[INFO]   ImageJ Legacy Bridge
[INFO]   ImageJ Core Platforms
[INFO]   ImageJ Core Tools
[INFO]   ImageJ UI: Common AWT Classes
[INFO]   ImageJ POM: Swing UI
[INFO]   ImageJ Utility Classes: Swing
[INFO]   ImageJ UI: Swing
[INFO]   ImageJ UI: Swing Plugins
[INFO]   ImageJ UI: Swing Tools
[INFO]   ImageJ Updater (Swing)
[INFO]   ImageJ Updater support for uploading via SSH/SFTP
[INFO]   ImageJ Application
[INFO]   ImageJ Logging: SLF4J
[INFO] ------------------------------------------------------------------------
[INFO] Building ImageJ Projects
[INFO]    task-segment: [clean, deploy]
[INFO] ------------------------------------------------------------------------
[INFO] [clean:clean {execution: default-clean}]
[INFO] [buildnumber:create {execution: default}]
[INFO] Checking for local modifications: skipped.
[INFO] Updating project files from SCM: skipped.
[INFO] Executing: /bin/sh -c cd /data/devel/jenkins/jobs/ImageJ/workspace &amp;&amp; git rev-parse --verify HEAD
[INFO] Working directory: /data/devel/jenkins/jobs/ImageJ/workspace
[INFO] Storing buildNumber: 8b0a4a618b0f06e5bb6c573e9890f87ba56487eb at timestamp: 1347391820702
[INFO] Executing: /bin/sh -c cd /data/devel/jenkins/jobs/ImageJ/workspace &amp;&amp; git rev-parse --verify HEAD
[INFO] Working directory: /data/devel/jenkins/jobs/ImageJ/workspace
[INFO] Storing buildScmBranch: UNKNOWN
[INFO] [site:attach-descriptor {execution: default-attach-descriptor}]
[INFO] Preparing source:jar
[WARNING] Removing: jar from forked lifecycle, to prevent recursive invocation.
[INFO] [buildnumber:create {execution: default}]
[INFO] [source:jar {execution: default}]
[INFO] [install:install {execution: default-install}]
[INFO] Installing /data/devel/jenkins/jobs/ImageJ/workspace/pom.xml to /var/lib/jenkins/.m2/repository/net/imagej/pom-ij-base/2.0.0-SNAPSHOT/pom-ij-base-2.0.0-SNAPSHOT.pom
[INFO] [deploy:deploy {execution: default-deploy}]
[INFO] Retrieving previous build number from imagej.snapshots
Uploading: <A HREF="http://maven.imagej.net/content/repositories/snapshots/net/imagej/pom-ij-base/2.0.0-SNAPSHOT/pom-ij-base-2.0.0-20120911.193024-863.pom">http://maven.imagej.net/content/repositories/snapshots/net/imagej/pom-ij-base/2.0.0-SNAPSHOT/pom-ij-base-2.0.0-20120911.193024-863.pom</A>
Sep 11, 2012 2:30:25 PM org.apache.commons.httpclient.auth.AuthChallengeProcessor selectAuthScheme
INFO: basic authentication scheme selected
4/8K
8/8K
8/8K
8K uploaded  (pom-ij-base-2.0.0-20120911.193024-863.pom)
[INFO] Retrieving previous metadata from imagej.snapshots
[INFO] Uploading repository metadata for: 'artifact net.imagej:pom-ij-base'
Sep 11, 2012 2:30:25 PM org.apache.commons.httpclient.auth.AuthChallengeProcessor selectAuthScheme
INFO: basic authentication scheme selected
[INFO] Retrieving previous metadata from imagej.snapshots
[INFO] Uploading repository metadata for: 'snapshot net.imagej:pom-ij-base:2.0.0-SNAPSHOT'
Sep 11, 2012 2:30:25 PM org.apache.commons.httpclient.auth.AuthChallengeProcessor selectAuthScheme
INFO: basic authentication scheme selected
[INFO] ------------------------------------------------------------------------
[INFO] Building ImageJ POM: Core
[INFO]    task-segment: [clean, deploy]
[INFO] ------------------------------------------------------------------------
[INFO] [clean:clean {execution: default-clean}]
[INFO] [buildnumber:create {execution: default}]
[INFO] [site:attach-descriptor {execution: default-attach-descriptor}]
[INFO] Preparing source:jar
[WARNING] Removing: jar from forked lifecycle, to prevent recursive invocation.
[INFO] [buildnumber:create {execution: default}]
[INFO] [source:jar {execution: default}]
[INFO] [install:install {execution: default-install}]
[INFO] Installing /data/devel/jenkins/jobs/ImageJ/workspace/core/pom.xml to /var/lib/jenkins/.m2/repository/net/imagej/pom-ij-core/2.0.0-SNAPSHOT/pom-ij-core-2.0.0-SNAPSHOT.pom
[INFO] [deploy:deploy {execution: default-deploy}]
[INFO] Retrieving previous build number from imagej.snapshots
Uploading: <A HREF="http://maven.imagej.net/content/repositories/snapshots/net/imagej/pom-ij-core/2.0.0-SNAPSHOT/pom-ij-core-2.0.0-20120911.193024-859.pom">http://maven.imagej.net/content/repositories/snapshots/net/imagej/pom-ij-core/2.0.0-SNAPSHOT/pom-ij-core-2.0.0-20120911.193024-859.pom</A>
Sep 11, 2012 2:30:26 PM org.apache.commons.httpclient.auth.AuthChallengeProcessor selectAuthScheme
INFO: basic authentication scheme selected
1/1K
1K uploaded  (pom-ij-core-2.0.0-20120911.193024-859.pom)
[INFO] Retrieving previous metadata from imagej.snapshots
[INFO] Uploading repository metadata for: 'snapshot net.imagej:pom-ij-core:2.0.0-SNAPSHOT'
Sep 11, 2012 2:30:26 PM org.apache.commons.httpclient.auth.AuthChallengeProcessor selectAuthScheme
INFO: basic authentication scheme selected
[INFO] Retrieving previous metadata from imagej.snapshots
[INFO] Uploading repository metadata for: 'artifact net.imagej:pom-ij-core'
Sep 11, 2012 2:30:26 PM org.apache.commons.httpclient.auth.AuthChallengeProcessor selectAuthScheme
INFO: basic authentication scheme selected
[INFO] ------------------------------------------------------------------------
[INFO] Building ImageJ Core Classes
[INFO]    task-segment: [clean, deploy]
[INFO] ------------------------------------------------------------------------
[INFO] [clean:clean {execution: default-clean}]
[INFO] [buildnumber:create {execution: default}]
[debug] execute contextualize
[INFO] [resources:resources {execution: default-resources}]
[INFO] Using 'UTF-8' encoding to copy filtered resources.
[INFO] Copying 2 resources
[INFO] [compiler:compile {execution: default-compile}]
[INFO] Compiling 261 source files to /data/devel/jenkins/jobs/ImageJ/workspace/core/core/target/classes
[debug] execute contextualize
[INFO] [resources:testResources {execution: default-testResources}]
[INFO] Using 'UTF-8' encoding to copy filtered resources.
[INFO] skip non existing resourceDirectory /data/devel/jenkins/jobs/ImageJ/workspace/core/core/src/test/resources
[INFO] [compiler:testCompile {execution: default-testCompile}]
[INFO] Compiling 13 source files to /data/devel/jenkins/jobs/ImageJ/workspace/core/core/target/test-classes
[INFO] [surefire:test {execution: default-test}]
[INFO] Surefire report directory: /data/devel/jenkins/jobs/ImageJ/workspace/core/core/target/surefire-reports

-------------------------------------------------------
 T E S T S
-------------------------------------------------------
Running imagej.object.ObjectIndexTest
Tests run: 11, Failures: 0, Errors: 0, Skipped: 0, Time elapsed: 0.045 sec
Running imagej.object.SortedObjectIndexTest
Tests run: 2, Failures: 0, Errors: 0, Skipped: 0, Time elapsed: 0 sec
Running imagej.display.DisplayTest
Found 30 plugins.
Created service: imagej.thread.DefaultThreadService
Created service: imagej.event.DefaultEventService
Created service: imagej.object.DefaultObjectService
Created service: imagej.plugin.DefaultPluginService
Found 30 plugins.
Created service: imagej.thread.DefaultThreadService
Created service: imagej.event.DefaultEventService
Created service: imagej.object.DefaultObjectService
Created service: imagej.plugin.DefaultPluginService
Found 30 plugins.
Created service: imagej.thread.DefaultThreadService
Created service: imagej.event.DefaultEventService
Created service: imagej.object.DefaultObjectService
Created service: imagej.plugin.DefaultPluginService
Tests run: 3, Failures: 2, Errors: 0, Skipped: 0, Time elapsed: 0.23 sec &lt;&lt;&lt; FAILURE!
Running imagej.menu.ShadowMenuTest
Found 30 plugins.
Found 30 plugins.
Found 30 plugins.
Found 30 plugins.
Found 30 plugins.
Tests run: 5, Failures: 0, Errors: 0, Skipped: 0, Time elapsed: 0.064 sec
Running imagej.service.ServiceIndexTest
Found 30 plugins.
Created service: imagej.thread.DefaultThreadService
Created service: imagej.event.DefaultEventService
Created service: imagej.plugin.DefaultPluginService
Created service: imagej.module.DefaultModuleService
Created service: imagej.command.DefaultCommandService
Created service: imagej.platform.DefaultAppService
Configuring platform: imagej.platform.DefaultPlatform
Tests run: 1, Failures: 0, Errors: 0, Skipped: 0, Time elapsed: 0.022 sec
Running imagej.util.ClassUtilsTest
Tests run: 2, Failures: 0, Errors: 0, Skipped: 0, Time elapsed: 0.026 sec
Running imagej.util.CheckSezpozTest
Note: Annotated indexed under imagej.plugin.Plugin
WARN: Updating the annotation index in /tmp/test-sezpoz2791249132731137570/target/classes
Tests run: 2, Failures: 0, Errors: 0, Skipped: 0, Time elapsed: 2.054 sec
Running imagej.util.UnitUtilsTest
Tests run: 1, Failures: 0, Errors: 0, Skipped: 0, Time elapsed: 0.003 sec
Running imagej.util.AppUtilsTest
Tests run: 1, Failures: 0, Errors: 0, Skipped: 0, Time elapsed: 0 sec
Running imagej.util.ColorRGBTest
Tests run: 12, Failures: 0, Errors: 0, Skipped: 0, Time elapsed: 0.009 sec
Running imagej.util.FileUtilsTest
Tests run: 3, Failures: 0, Errors: 0, Skipped: 0, Time elapsed: 0.002 sec
Running imagej.util.PrefsTest
Tests run: 2, Failures: 0, Errors: 0, Skipped: 0, Time elapsed: 0.041 sec

Results :

Failed tests:   testCreate(imagej.display.DisplayTest)
  testAddRemove(imagej.display.DisplayTest)

Tests run: 45, Failures: 2, Errors: 0, Skipped: 0

[INFO] ------------------------------------------------------------------------
[ERROR] BUILD FAILURE
[INFO] ------------------------------------------------------------------------
[INFO] There are test failures.

Please refer to /data/devel/jenkins/jobs/ImageJ/workspace/core/core/target/surefire-reports for the individual test results.
[INFO] ------------------------------------------------------------------------
[INFO] For more information, run Maven with the -e switch
[INFO] ------------------------------------------------------------------------
[INFO] Total time: 20 seconds
[INFO] Finished at: Tue Sep 11 14:30:34 CDT 2012
[INFO] Final Memory: 72M/1468M
[INFO] ------------------------------------------------------------------------
Build step 'Invoke top-level Maven targets' marked build as failure
Archiving artifacts
Performance: No threshold configured for making the test unstable
Performance: No threshold configured for making the test failure
Performance: Recording JUnit reports '**/TEST-*.xml'
Performance: Parsing JUnit report file TEST-imagej.display.DisplayTest.xml
Performance: Parsing JUnit report file TEST-imagej.menu.ShadowMenuTest.xml
Performance: Parsing JUnit report file TEST-imagej.object.ObjectIndexTest.xml
Performance: Parsing JUnit report file TEST-imagej.object.SortedObjectIndexTest.xml
Performance: Parsing JUnit report file TEST-imagej.service.ServiceIndexTest.xml
Performance: Parsing JUnit report file TEST-imagej.util.AppUtilsTest.xml
Performance: Parsing JUnit report file TEST-imagej.util.CheckSezpozTest.xml
Performance: Parsing JUnit report file TEST-imagej.util.ClassUtilsTest.xml
Performance: Parsing JUnit report file TEST-imagej.util.ColorRGBTest.xml
Performance: Parsing JUnit report file TEST-imagej.util.FileUtilsTest.xml
Performance: Parsing JUnit report file TEST-imagej.util.PrefsTest.xml
Performance: Parsing JUnit report file TEST-imagej.util.UnitUtilsTest.xml
Performance: File TEST-imagej.display.DisplayTest.xml reported 66.66666666666666% of errors [SUCCESS]. Build status is: FAILURE
Performance: File TEST-imagej.menu.ShadowMenuTest.xml reported 0.0% of errors [SUCCESS]. Build status is: FAILURE
Performance: File TEST-imagej.object.ObjectIndexTest.xml reported 0.0% of errors [SUCCESS]. Build status is: FAILURE
Performance: File TEST-imagej.object.SortedObjectIndexTest.xml reported 0.0% of errors [SUCCESS]. Build status is: FAILURE
Performance: File TEST-imagej.service.ServiceIndexTest.xml reported 0.0% of errors [SUCCESS]. Build status is: FAILURE
Performance: File TEST-imagej.util.AppUtilsTest.xml reported 0.0% of errors [SUCCESS]. Build status is: FAILURE
Performance: File TEST-imagej.util.CheckSezpozTest.xml reported 0.0% of errors [SUCCESS]. Build status is: FAILURE
Performance: File TEST-imagej.util.ClassUtilsTest.xml reported 0.0% of errors [SUCCESS]. Build status is: FAILURE
Performance: File TEST-imagej.util.ColorRGBTest.xml reported 0.0% of errors [SUCCESS]. Build status is: FAILURE
Performance: File TEST-imagej.util.FileUtilsTest.xml reported 0.0% of errors [SUCCESS]. Build status is: FAILURE
Performance: File TEST-imagej.util.PrefsTest.xml reported 0.0% of errors [SUCCESS]. Build status is: FAILURE
Performance: File TEST-imagej.util.UnitUtilsTest.xml reported 0.0% of errors [SUCCESS]. Build status is: FAILURE

</PRE>



<!--endarticle-->
    <HR>
    <P><UL>
        <!--threads-->
	<LI>Previous message: <A HREF="000504.html">[ImageJ-builds] Jenkins build is back to normal : fiji-windows-core	#173
</A></li>
	<LI>Next message: <A HREF="000500.html">[ImageJ-builds] Jenkins build is back to normal : ImageJ #3661
</A></li>
         <LI> <B>Messages sorted by:</B> 
              <a href="date.html#499">[ date ]</a>
              <a href="thread.html#499">[ thread ]</a>
              <a href="subject.html#499">[ subject ]</a>
              <a href="author.html#499">[ author ]</a>
         </LI>
       </UL>

<hr>
<a href="http://imagej.net/mailman/listinfo/imagej-builds">More information about the ImageJ-builds
mailing list</a><br>
</body></html>
