<!DOCTYPE HTML PUBLIC "-//W3C//DTD HTML 4.01 Transitional//EN">
<HTML>
 <HEAD>
   <TITLE> [ImageJ-builds] Build failed in Jenkins: ImageJ-OPS #274
   </TITLE>
   <LINK REL="Index" HREF="index.html" >
   <LINK REL="made" HREF="mailto:imagej-builds%40imagej.net?Subject=Re%3A%20%5BImageJ-builds%5D%20Build%20failed%20in%20Jenkins%3A%20ImageJ-OPS%20%23274&In-Reply-To=%3C1818703500.501.1435010833098.JavaMail.jenkins%40dev%3E">
   <META NAME="robots" CONTENT="index,nofollow">
   <style type="text/css">
       pre {
           white-space: pre-wrap;       /* css-2.1, curent FF, Opera, Safari */
           }
   </style>
   <META http-equiv="Content-Type" content="text/html; charset=us-ascii">
   <LINK REL="Previous"  HREF="010848.html">
   <LINK REL="Next"  HREF="010854.html">
 </HEAD>
 <BODY BGCOLOR="#ffffff">
   <H1>[ImageJ-builds] Build failed in Jenkins: ImageJ-OPS #274</H1>
    <B>jenkins at imagej.net</B> 
    <A HREF="mailto:imagej-builds%40imagej.net?Subject=Re%3A%20%5BImageJ-builds%5D%20Build%20failed%20in%20Jenkins%3A%20ImageJ-OPS%20%23274&In-Reply-To=%3C1818703500.501.1435010833098.JavaMail.jenkins%40dev%3E"
       TITLE="[ImageJ-builds] Build failed in Jenkins: ImageJ-OPS #274">jenkins at imagej.net
       </A><BR>
    <I>Mon Jun 22 17:07:13 CDT 2015</I>
    <P><UL>
        <LI>Previous message: <A HREF="010848.html">[ImageJ-builds] Build failed in Jenkins: ImageJ-OPS #273
</A></li>
        <LI>Next message: <A HREF="010854.html">[ImageJ-builds] Build failed in Jenkins: ImageJ-OPS #275
</A></li>
         <LI> <B>Messages sorted by:</B> 
              <a href="date.html#10849">[ date ]</a>
              <a href="thread.html#10849">[ thread ]</a>
              <a href="subject.html#10849">[ subject ]</a>
              <a href="author.html#10849">[ author ]</a>
         </LI>
       </UL>
    <HR>  
<!--beginarticle-->
<PRE>See &lt;<A HREF="http://jenkins.imagej.net/job/ImageJ-OPS/274/changes">http://jenkins.imagej.net/job/ImageJ-OPS/274/changes</A>&gt;

Changes:

[awalter2] Move condition package to logic namespace

------------------------------------------
Started by an SCM change
Building on master in workspace &lt;<A HREF="http://jenkins.imagej.net/job/ImageJ-OPS/ws/">http://jenkins.imagej.net/job/ImageJ-OPS/ws/</A>&gt;
 &gt; git rev-parse --is-inside-work-tree # timeout=10
Fetching changes from the remote Git repository
 &gt; git config remote.origin.url <A HREF="git://github.com/imagej/imagej-ops">git://github.com/imagej/imagej-ops</A> # timeout=10
Fetching upstream changes from <A HREF="git://github.com/imagej/imagej-ops">git://github.com/imagej/imagej-ops</A>
 &gt; git --version # timeout=10
 &gt; git -c core.askpass=true fetch --tags --progress <A HREF="git://github.com/imagej/imagej-ops">git://github.com/imagej/imagej-ops</A> +refs/heads/master:refs/remotes/origin/master
 &gt; git rev-parse origin/master^{commit} # timeout=10
Checking out Revision 0e3bd1cbb93e65e4badfc63ed8d40a6651492103 (origin/master)
 &gt; git config core.sparsecheckout # timeout=10
 &gt; git checkout -f 0e3bd1cbb93e65e4badfc63ed8d40a6651492103
 &gt; git rev-list ad3591347868f58c9bd36d71d0bc9cad4f98613b # timeout=10
 &gt; git tag -a -f -m Jenkins Build #274 jenkins-ImageJ-OPS-274 # timeout=10
[workspace] $ /bin/sh -xe /tmp/hudson1428890971662239241.sh
+ git clean -dfx
Removing target/
[workspace] $ mvn -U -Dimagej.ops.benchmark.tests -Pdeploy-to-imagej deploy
[INFO] Scanning for projects...
[INFO]                                                                         
[INFO] ------------------------------------------------------------------------
[INFO] Building ImageJ Operations 0.14.1-SNAPSHOT
[INFO] ------------------------------------------------------------------------
[INFO] 
[INFO] --- maven-enforcer-plugin:1.3.1:enforce (enforce-rules) @ imagej-ops ---
Downloading: <A HREF="http://maven.imagej.net/content/groups/public/com/sun/tools/1.4.2/tools-1.4.2.pom">http://maven.imagej.net/content/groups/public/com/sun/tools/1.4.2/tools-1.4.2.pom</A>

Downloading: <A HREF="http://repo.maven.apache.org/maven2/com/sun/tools/1.4.2/tools-1.4.2.pom">http://repo.maven.apache.org/maven2/com/sun/tools/1.4.2/tools-1.4.2.pom</A>

[INFO] Adding ignorable dependency: null:jcodings:null
[INFO]   Adding ignore: org/jcodings/*
[INFO] Adding ignorable dependency: null:jnr-constants:null
[INFO]   Adding ignore: com/kenai/constantine/*
[INFO]   Adding ignore: jnr/constants/*
[INFO] Adding ignorable dependency: null:jnr-ffi:null
[INFO]   Adding ignore: jnr/ffi/*
[INFO] Adding ignorable dependency: null:VIB-lib:null
[INFO]   Adding ignore: javax/media/j3d/
[INFO] Adding ignorable dependency: null:j3d-core:null
[INFO]   Adding ignore: javax/media/j3d/
[INFO] Adding ignorable dependency: null:joda-time:null
[INFO]   Adding ignore: *
[INFO] Adding ignorable dependency: null:slf4j-log4j12:null
[INFO]   Adding ignore: org/slf4j/impl/*
[INFO] Adding ignorable dependency: batik:batik:null
[INFO]   Adding ignore: *
[INFO] Adding ignorable dependency: jama:jama:null
[INFO]   Adding ignore: Jama/*
[INFO] Adding ignorable dependency: com.sun:tools:null
[INFO]   Adding ignore: *
[INFO] 
[INFO] --- build-helper-maven-plugin:1.9.1:regex-property (sanitize-version) @ imagej-ops ---
[INFO] 
[INFO] --- buildnumber-maven-plugin:1.3:create (default) @ imagej-ops ---
[INFO] Executing: /bin/sh -c cd /data/devel/jenkins/jobs/ImageJ-OPS/workspace &amp;&amp; git rev-parse --verify HEAD
[INFO] Working directory: /data/devel/jenkins/jobs/ImageJ-OPS/workspace
[INFO] Storing buildNumber: 0e3bd1cbb93e65e4badfc63ed8d40a6651492103 at timestamp: 1435010820133
[WARNING] Cannot get the branch information from the git repository: 
Detecting the current branch failed: fatal: ref HEAD is not a symbolic ref

[INFO] Executing: /bin/sh -c cd /data/devel/jenkins/jobs/ImageJ-OPS/workspace &amp;&amp; git rev-parse --verify HEAD
[INFO] Working directory: /data/devel/jenkins/jobs/ImageJ-OPS/workspace
[INFO] Storing buildScmBranch: UNKNOWN
[INFO] 
[INFO] --- groovy-maven-plugin:1.5:execute (generate-sources) @ imagej-ops ---
[INFO] 
[INFO] --- build-helper-maven-plugin:1.9.1:add-source (add-source) @ imagej-ops ---
[INFO] Source directory: /data/devel/jenkins/jobs/ImageJ-OPS/workspace/target/generated-sources/from-template added.
[INFO] 
[INFO] --- maven-resources-plugin:2.6:resources (default-resources) @ imagej-ops ---
[INFO] Using 'UTF-8' encoding to copy filtered resources.
[INFO] skip non existing resourceDirectory /data/devel/jenkins/jobs/ImageJ-OPS/workspace/src/main/resources
[INFO] 
[INFO] --- maven-compiler-plugin:3.1:compile (default-compile) @ imagej-ops ---
[INFO] Changes detected - recompiling the module!
[INFO] Compiling 806 source files to /data/devel/jenkins/jobs/ImageJ-OPS/workspace/target/classes
[WARNING] Note: Some input files use or override a deprecated API.
[WARNING] Note: Recompile with -Xlint:deprecation for details.
[WARNING] Note: Some input files use unchecked or unsafe operations.
[WARNING] Note: Recompile with -Xlint:unchecked for details.
[INFO] 
[INFO] --- groovy-maven-plugin:1.5:execute (generate-test-sources) @ imagej-ops ---
[INFO] 
[INFO] --- build-helper-maven-plugin:1.9.1:add-test-source (add-test-source) @ imagej-ops ---
[INFO] Test Source directory: /data/devel/jenkins/jobs/ImageJ-OPS/workspace/target/generated-test-sources/from-template added.
[INFO] 
[INFO] --- maven-resources-plugin:2.6:testResources (default-testResources) @ imagej-ops ---
[INFO] Using 'UTF-8' encoding to copy filtered resources.
[INFO] skip non existing resourceDirectory /data/devel/jenkins/jobs/ImageJ-OPS/workspace/src/test/resources
[INFO] 
[INFO] --- maven-compiler-plugin:3.1:testCompile (default-testCompile) @ imagej-ops ---
[INFO] Changes detected - recompiling the module!
[INFO] Compiling 88 source files to /data/devel/jenkins/jobs/ImageJ-OPS/workspace/target/test-classes
[INFO] -------------------------------------------------------------
[WARNING] COMPILATION WARNING : 
[INFO] -------------------------------------------------------------
[WARNING] Note: Some input files use or override a deprecated API.
[WARNING] Note: Recompile with -Xlint:deprecation for details.
[WARNING] Note: Some input files use unchecked or unsafe operations.
[WARNING] Note: Recompile with -Xlint:unchecked for details.
[INFO] 4 warnings 
[INFO] -------------------------------------------------------------
[INFO] -------------------------------------------------------------
[ERROR] COMPILATION ERROR : 
[INFO] -------------------------------------------------------------
[ERROR] /data/devel/jenkins/jobs/ImageJ-OPS/workspace/src/test/java/net/imagej/ops/deconvolve/DeconvolveTest.java:[67,56] incompatible types; inferred type argument(s) net.imglib2.type.numeric.real.FloatType,net.imglib2.type.numeric.ComplexType&lt;C&gt; do not conform to bounds of type variable(s) O,C
found   : &lt;O,C&gt;net.imglib2.img.Img&lt;O&gt;
required: net.imglib2.img.Img&lt;net.imglib2.type.numeric.real.FloatType&gt;
[INFO] 1 error
[INFO] -------------------------------------------------------------
[INFO] ------------------------------------------------------------------------
[INFO] BUILD FAILURE
[INFO] ------------------------------------------------------------------------
[INFO] Total time: 17.013s
[INFO] Finished at: Mon Jun 22 17:07:12 CDT 2015
[INFO] Final Memory: 40M/405M
[INFO] ------------------------------------------------------------------------
[ERROR] Failed to execute goal org.apache.maven.plugins:maven-compiler-plugin:3.1:testCompile (default-testCompile) on project imagej-ops: Compilation failure
[ERROR] /data/devel/jenkins/jobs/ImageJ-OPS/workspace/src/test/java/net/imagej/ops/deconvolve/DeconvolveTest.java:[67,56] incompatible types; inferred type argument(s) net.imglib2.type.numeric.real.FloatType,net.imglib2.type.numeric.ComplexType&lt;C&gt; do not conform to bounds of type variable(s) O,C
[ERROR] found   : &lt;O,C&gt;net.imglib2.img.Img&lt;O&gt;
[ERROR] required: net.imglib2.img.Img&lt;net.imglib2.type.numeric.real.FloatType&gt;
[ERROR] -&gt; [Help 1]
[ERROR] 
[ERROR] To see the full stack trace of the errors, re-run Maven with the -e switch.
[ERROR] Re-run Maven using the -X switch to enable full debug logging.
[ERROR] 
[ERROR] For more information about the errors and possible solutions, please read the following articles:
[ERROR] [Help 1] <A HREF="http://cwiki.apache.org/confluence/display/MAVEN/MojoFailureException">http://cwiki.apache.org/confluence/display/MAVEN/MojoFailureException</A>
Build step 'Invoke top-level Maven targets' marked build as failure
Archiving artifacts
Build step 'Groovy Postbuild' marked build as failure
Recording test results
ERROR: Publisher hudson.tasks.junit.JUnitResultArchiver aborted due to exception
hudson.AbortException: No test report files were found. Configuration error?
	at hudson.tasks.junit.JUnitParser$ParseResultCallable.invoke(JUnitParser.java:116)
	at hudson.tasks.junit.JUnitParser$ParseResultCallable.invoke(JUnitParser.java:92)
	at hudson.FilePath.act(FilePath.java:989)
	at hudson.FilePath.act(FilePath.java:967)
	at hudson.tasks.junit.JUnitParser.parseResult(JUnitParser.java:89)
	at hudson.tasks.junit.JUnitResultArchiver.parse(JUnitResultArchiver.java:121)
	at hudson.tasks.junit.JUnitResultArchiver.perform(JUnitResultArchiver.java:138)
	at hudson.tasks.BuildStepCompatibilityLayer.perform(BuildStepCompatibilityLayer.java:74)
	at hudson.tasks.BuildStepMonitor$1.perform(BuildStepMonitor.java:20)
	at hudson.model.AbstractBuild$AbstractBuildExecution.perform(AbstractBuild.java:761)
	at hudson.model.AbstractBuild$AbstractBuildExecution.performAllBuildSteps(AbstractBuild.java:721)
	at hudson.model.Build$BuildExecution.post2(Build.java:183)
	at hudson.model.AbstractBuild$AbstractBuildExecution.post(AbstractBuild.java:670)
	at hudson.model.Run.execute(Run.java:1775)
	at hudson.model.FreeStyleBuild.run(FreeStyleBuild.java:43)
	at hudson.model.ResourceController.execute(ResourceController.java:89)
	at hudson.model.Executor.run(Executor.java:240)
Performance: Percentage of errors greater or equal than 0% sets the build as unstable
Performance: Percentage of errors greater or equal than 0% sets the build as failure



Performance: Recording JUnit reports '**/TEST-*.xml'

</PRE>



<!--endarticle-->
    <HR>
    <P><UL>
        <!--threads-->
	<LI>Previous message: <A HREF="010848.html">[ImageJ-builds] Build failed in Jenkins: ImageJ-OPS #273
</A></li>
	<LI>Next message: <A HREF="010854.html">[ImageJ-builds] Build failed in Jenkins: ImageJ-OPS #275
</A></li>
         <LI> <B>Messages sorted by:</B> 
              <a href="date.html#10849">[ date ]</a>
              <a href="thread.html#10849">[ thread ]</a>
              <a href="subject.html#10849">[ subject ]</a>
              <a href="author.html#10849">[ author ]</a>
         </LI>
       </UL>

<hr>
<a href="http://imagej.net/mailman/listinfo/imagej-builds">More information about the ImageJ-builds
mailing list</a><br>
</body></html>
