<!DOCTYPE HTML PUBLIC "-//W3C//DTD HTML 4.01 Transitional//EN">
<HTML>
 <HEAD>
   <TITLE> [ImageJ-builds] Build failed in Jenkins: ImageJ1-daily-unit-tests	#269
   </TITLE>
   <LINK REL="Index" HREF="index.html" >
   <LINK REL="made" HREF="mailto:imagej-builds%40imagej.net?Subject=Re%3A%20%5BImageJ-builds%5D%20Build%20failed%20in%20Jenkins%3A%20ImageJ1-daily-unit-tests%0A%09%23269&In-Reply-To=%3C1576021840.18.1391302068732.JavaMail.jenkins%40dev%3E">
   <META NAME="robots" CONTENT="index,nofollow">
   <style type="text/css">
       pre {
           white-space: pre-wrap;       /* css-2.1, curent FF, Opera, Safari */
           }
   </style>
   <META http-equiv="Content-Type" content="text/html; charset=us-ascii">
   <LINK REL="Previous"  HREF="003141.html">
   <LINK REL="Next"  HREF="003143.html">
 </HEAD>
 <BODY BGCOLOR="#ffffff">
   <H1>[ImageJ-builds] Build failed in Jenkins: ImageJ1-daily-unit-tests	#269</H1>
    <B>jenkins at imagej.net</B> 
    <A HREF="mailto:imagej-builds%40imagej.net?Subject=Re%3A%20%5BImageJ-builds%5D%20Build%20failed%20in%20Jenkins%3A%20ImageJ1-daily-unit-tests%0A%09%23269&In-Reply-To=%3C1576021840.18.1391302068732.JavaMail.jenkins%40dev%3E"
       TITLE="[ImageJ-builds] Build failed in Jenkins: ImageJ1-daily-unit-tests	#269">jenkins at imagej.net
       </A><BR>
    <I>Sat Feb  1 18:47:48 CST 2014</I>
    <P><UL>
        <LI>Previous message: <A HREF="003141.html">[ImageJ-builds] Jenkins build is back to normal : Monitor-fiji.sc	#6844
</A></li>
        <LI>Next message: <A HREF="003143.html">[ImageJ-builds] Jenkins build is back to normal :	ImageJ1-daily-unit-tests #270
</A></li>
         <LI> <B>Messages sorted by:</B> 
              <a href="date.html#3142">[ date ]</a>
              <a href="thread.html#3142">[ thread ]</a>
              <a href="subject.html#3142">[ subject ]</a>
              <a href="author.html#3142">[ author ]</a>
         </LI>
       </UL>
    <HR>  
<!--beginarticle-->
<PRE>See &lt;<A HREF="http://jenkins.imagej.net/job/ImageJ1-daily-unit-tests/269/">http://jenkins.imagej.net/job/ImageJ1-daily-unit-tests/269/</A>&gt;

------------------------------------------
[...truncated 465 lines...]
1696/1821 KB   
1700/1821 KB   
1704/1821 KB   
1708/1821 KB   
1712/1821 KB   
1716/1821 KB   
1720/1821 KB   
1724/1821 KB   
1728/1821 KB   
1732/1821 KB   
1736/1821 KB   
1740/1821 KB   
1744/1821 KB   
1748/1821 KB   
1752/1821 KB   
1756/1821 KB   
1760/1821 KB   
1764/1821 KB   
1768/1821 KB   
1772/1821 KB   
1776/1821 KB   
1780/1821 KB   
1784/1821 KB   
1788/1821 KB   
1792/1821 KB   
1796/1821 KB   
1800/1821 KB   
1804/1821 KB   
1808/1821 KB   
1812/1821 KB   
1816/1821 KB   
1820/1821 KB   
1821/1821 KB   
               
Uploaded: file:/data/devel/jenkins/jobs/ImageJ1-daily-unit-tests/workspace/my-maven-repo/releases/net/imagej/ij/1.48q/ij-1.48q.jar (1821 KB at 13096.3 KB/sec)
Uploading: file:/data/devel/jenkins/jobs/ImageJ1-daily-unit-tests/workspace/my-maven-repo/releases/net/imagej/ij/1.48q/ij-1.48q.pom
385/385 B      
            
Uploaded: file:/data/devel/jenkins/jobs/ImageJ1-daily-unit-tests/workspace/my-maven-repo/releases/net/imagej/ij/1.48q/ij-1.48q.pom (385 B at 376.0 KB/sec)
Downloading: file:/data/devel/jenkins/jobs/ImageJ1-daily-unit-tests/workspace/my-maven-repo/releases/net/imagej/ij/maven-metadata.xml
4/6 KB      
6/6 KB   
         
Downloaded: file:/data/devel/jenkins/jobs/ImageJ1-daily-unit-tests/workspace/my-maven-repo/releases/net/imagej/ij/maven-metadata.xml (6 KB at 305.0 KB/sec)
Uploading: file:/data/devel/jenkins/jobs/ImageJ1-daily-unit-tests/workspace/my-maven-repo/releases/net/imagej/ij/maven-metadata.xml
4/6 KB   
6/6 KB   
         
Uploaded: file:/data/devel/jenkins/jobs/ImageJ1-daily-unit-tests/workspace/my-maven-repo/releases/net/imagej/ij/maven-metadata.xml (6 KB)
[INFO] ------------------------------------------------------------------------
[INFO] BUILD SUCCESS
[INFO] ------------------------------------------------------------------------
[INFO] Total time: 1.406s
[INFO] Finished at: Sat Feb 01 18:47:23 CST 2014
[INFO] Final Memory: 6M/360M
[INFO] ------------------------------------------------------------------------
+ cat
+ mvn --settings alt-settings.xml -Dimagej1.version=1.48q clean test
[INFO] Scanning for projects...
[WARNING] 
[WARNING] Some problems were encountered while building the effective model for net.imagej:ij1-tests:jar:1.0-SNAPSHOT
[WARNING] 'reporting.plugins.plugin.version' for org.apache.maven.plugins:maven-javadoc-plugin is missing. @ org.scijava:pom-scijava:1.126, /var/lib/jenkins/.m2/repository/org/scijava/pom-scijava/1.126/pom-scijava-1.126.pom, line 469, column 12
[WARNING] 
[WARNING] It is highly recommended to fix these problems because they threaten the stability of your build.
[WARNING] 
[WARNING] For this reason, future Maven versions might no longer support building such malformed projects.
[WARNING] 
[INFO]                                                                         
[INFO] ------------------------------------------------------------------------
[INFO] Building ImageJ1 unit tests 1.0-SNAPSHOT
[INFO] ------------------------------------------------------------------------
[INFO] 
[INFO] --- maven-clean-plugin:2.5:clean (default-clean) @ ij1-tests ---
[INFO] Deleting /data/devel/jenkins/jobs/ImageJ1-daily-unit-tests/workspace/target
[INFO] 
[INFO] --- buildnumber-maven-plugin:1.2:create (default) @ ij1-tests ---
[INFO] Checking for local modifications: skipped.
[INFO] Updating project files from SCM: skipped.
[INFO] Executing: /bin/sh -c cd /data/devel/jenkins/jobs/ImageJ1-daily-unit-tests/workspace &amp;&amp; git rev-parse --verify HEAD
[INFO] Working directory: /data/devel/jenkins/jobs/ImageJ1-daily-unit-tests/workspace
[INFO] Storing buildNumber: 98fab0b7b717226126fc24b657a7a0f60d8ae84a at timestamp: 1391302045922
[INFO] Executing: /bin/sh -c cd /data/devel/jenkins/jobs/ImageJ1-daily-unit-tests/workspace &amp;&amp; git rev-parse --verify HEAD
[INFO] Working directory: /data/devel/jenkins/jobs/ImageJ1-daily-unit-tests/workspace
[INFO] Storing buildScmBranch: UNKNOWN
[INFO] 
[INFO] --- imagej-maven-plugin:0.3.1:set-rootdir (set-rootdir) @ ij1-tests ---
[INFO] Setting rootdir: /data/devel/jenkins/jobs/ImageJ1-daily-unit-tests/workspace
[INFO] 
[INFO] --- maven-resources-plugin:2.5:resources (default-resources) @ ij1-tests ---
[debug] execute contextualize
[INFO] Using 'UTF-8' encoding to copy filtered resources.
[INFO] skip non existing resourceDirectory /data/devel/jenkins/jobs/ImageJ1-daily-unit-tests/workspace/src/main/resources
[INFO] 
[INFO] --- maven-compiler-plugin:2.5:compile (default-compile) @ ij1-tests ---
[INFO] No sources to compile
[INFO] 
[INFO] --- maven-resources-plugin:2.5:testResources (default-testResources) @ ij1-tests ---
[debug] execute contextualize
[INFO] Using 'UTF-8' encoding to copy filtered resources.
[INFO] Copying 28 resources
[INFO] 
[INFO] --- maven-compiler-plugin:2.5:testCompile (default-testCompile) @ ij1-tests ---
[INFO] Compiling 85 source files to /data/devel/jenkins/jobs/ImageJ1-daily-unit-tests/workspace/target/test-classes
[INFO] 
[INFO] --- maven-surefire-plugin:2.12:test (default-test) @ ij1-tests ---
[INFO] Surefire report directory: /data/devel/jenkins/jobs/ImageJ1-daily-unit-tests/workspace/target/surefire-reports

-------------------------------------------------------
 T E S T S
-------------------------------------------------------
Running ij.IJEventListenerTest
Tests run: 2, Failures: 0, Errors: 0, Skipped: 0, Time elapsed: 0.03 sec
Running ij.process.FloatProcessorTest
Tests run: 81, Failures: 0, Errors: 0, Skipped: 0, Time elapsed: 0.91 sec
Running ij.process.LUTTest
Tests run: 7, Failures: 0, Errors: 0, Skipped: 0, Time elapsed: 0.006 sec
Running ij.process.ByteProcessorTest
Tests run: 71, Failures: 0, Errors: 0, Skipped: 0, Time elapsed: 0.627 sec
Running ij.process.ShortProcessorTest
Tests run: 86, Failures: 0, Errors: 0, Skipped: 0, Time elapsed: 7.246 sec
Running ij.process.ColorProcessorTest
Tests run: 86, Failures: 0, Errors: 0, Skipped: 0, Time elapsed: 1.395 sec
Running ij.process.ImageProcessorTest
Tests run: 184, Failures: 0, Errors: 0, Skipped: 0, Time elapsed: 1.379 sec
Running ij.process.BinaryProcessorTest
Tests run: 5, Failures: 0, Errors: 0, Skipped: 0, Time elapsed: 0.123 sec
Running ij.io.DirectoryChooserTest
Tests run: 3, Failures: 0, Errors: 0, Skipped: 0, Time elapsed: 0 sec
Running ij.io.RandomAccessStreamTest
Tests run: 16, Failures: 0, Errors: 0, Skipped: 0, Time elapsed: 0.007 sec
Running ij.io.FileOpenerTest
Tests run: 8, Failures: 0, Errors: 0, Skipped: 0, Time elapsed: 0.501 sec
Running ij.io.BitBufferTest
Tests run: 2, Failures: 0, Errors: 0, Skipped: 0, Time elapsed: 0 sec
Running ij.io.ImageWriterTest
Tests run: 1, Failures: 0, Errors: 0, Skipped: 0, Time elapsed: 0.033 sec
Running ij.io.FileInfoTest
Tests run: 6, Failures: 0, Errors: 0, Skipped: 0, Time elapsed: 0.003 sec
Running ij.io.ImageReaderTest
SLF4J: Failed to load class &quot;org.slf4j.impl.StaticLoggerBinder&quot;.
SLF4J: Defaulting to no-operation (NOP) logger implementation
SLF4J: See <A HREF="http://www.slf4j.org/codes.html#StaticLoggerBinder">http://www.slf4j.org/codes.html#StaticLoggerBinder</A> for further details.
java.net.MalformedURLException: no protocol: ashdjjfj
java.net.UnknownHostException: fred.joe.john.edu
java.io.FileNotFoundException: <A HREF="http://www.google.com/ooglywooglygugglychoogly.tiff">http://www.google.com/ooglywooglygugglychoogly.tiff</A>
Tests run: 16, Failures: 0, Errors: 0, Skipped: 0, Time elapsed: 1.475 sec
Running ij.CommandListenerTest
Tests run: 1, Failures: 0, Errors: 0, Skipped: 0, Time elapsed: 0 sec
Running ij.ImagePlusTest
Unsupported format or not found
This command requires an area selection
This command requires an area selection
Tests run: 125, Failures: 0, Errors: 0, Skipped: 0, Time elapsed: 0.127 sec
Running ij.VirtualStackTest
Tests run: 22, Failures: 0, Errors: 0, Skipped: 0, Time elapsed: 0.04 sec
Running ij.macro.SymbolTest
Tests run: 4, Failures: 0, Errors: 0, Skipped: 0, Time elapsed: 0.002 sec
Running ij.macro.ReturnExceptionTest
Tests run: 1, Failures: 0, Errors: 0, Skipped: 0, Time elapsed: 0.001 sec
Running ij.ImageListenerTest
Tests run: 1, Failures: 0, Errors: 0, Skipped: 0, Time elapsed: 0 sec
Running ij.CompositeImageTest
Tests run: 29, Failures: 2, Errors: 1, Skipped: 0, Time elapsed: 0.043 sec &lt;&lt;&lt; FAILURE!
Running ij.util.ToolsTest
Tests run: 13, Failures: 0, Errors: 0, Skipped: 0, Time elapsed: 0.006 sec
Running ij.util.StringSorterTest
Tests run: 1, Failures: 0, Errors: 0, Skipped: 0, Time elapsed: 0.001 sec
Running ij.UndoTest
Tests run: 1, Failures: 0, Errors: 0, Skipped: 0, Time elapsed: 0 sec
Running ij.ExecuterTest
Tests run: 6, Failures: 0, Errors: 0, Skipped: 0, Time elapsed: 1.005 sec
Running ij.LookUpTableTest
Tests run: 8, Failures: 0, Errors: 0, Skipped: 0, Time elapsed: 0.013 sec
Running ij.ImageStackTest
Tests run: 27, Failures: 0, Errors: 0, Skipped: 0, Time elapsed: 1.126 sec
Running ij.measure.MeasurementsTest
Tests run: 1, Failures: 0, Errors: 0, Skipped: 0, Time elapsed: 0.001 sec
Running ij.measure.CalibrationTest
Tests run: 35, Failures: 0, Errors: 0, Skipped: 0, Time elapsed: 0.057 sec
Running ij.measure.ResultsTableTest
Tests run: 37, Failures: 0, Errors: 0, Skipped: 0, Time elapsed: 0.665 sec
Running ij.measure.CurveFitterTest
Tests run: 24, Failures: 0, Errors: 0, Skipped: 0, Time elapsed: 0.328 sec
Running ij.measure.SplineFitterTest
Tests run: 2, Failures: 0, Errors: 0, Skipped: 0, Time elapsed: 0.001 sec
Running ij.gui.ArrowTest
Tests run: 13, Failures: 0, Errors: 0, Skipped: 0, Time elapsed: 0.004 sec
Running ij.gui.ProgressBarTest
Tests run: 8, Failures: 0, Errors: 0, Skipped: 0, Time elapsed: 0.002 sec
Running ij.gui.OverlayTest
Tests run: 12, Failures: 0, Errors: 0, Skipped: 0, Time elapsed: 0.003 sec
Running ij.gui.LineTest
Tests run: 16, Failures: 0, Errors: 0, Skipped: 0, Time elapsed: 0.01 sec
Running ij.gui.TrimmedButtonTest
Tests run: 1, Failures: 0, Errors: 0, Skipped: 0, Time elapsed: 0 sec
Running ij.gui.RoiTest
Tests run: 52, Failures: 0, Errors: 0, Skipped: 0, Time elapsed: 0.022 sec
Running ij.gui.WandTest
Tests run: 8, Failures: 0, Errors: 0, Skipped: 0, Time elapsed: 0.003 sec
Running ij.gui.ToolbarTest
Tests run: 1, Failures: 0, Errors: 0, Skipped: 0, Time elapsed: 0.001 sec
Running ij.gui.TextRoiTest
Tests run: 14, Failures: 0, Errors: 0, Skipped: 0, Time elapsed: 0.006 sec
Running ij.gui.PolygonRoiTest
Tests run: 24, Failures: 0, Errors: 0, Skipped: 0, Time elapsed: 0.017 sec
Running ij.gui.ImageRoiTest
Tests run: 5, Failures: 0, Errors: 0, Skipped: 0, Time elapsed: 0.001 sec
Running ij.gui.ProfilePlotTest
Tests run: 6, Failures: 0, Errors: 0, Skipped: 0, Time elapsed: 0.002 sec
Running ij.gui.FreehandRoiTest
Tests run: 1, Failures: 0, Errors: 0, Skipped: 0, Time elapsed: 0 sec
Running ij.gui.ShapeRoiTest
Tests run: 22, Failures: 0, Errors: 0, Skipped: 0, Time elapsed: 0.127 sec
Running ij.gui.OvalRoiTest
Tests run: 9, Failures: 0, Errors: 0, Skipped: 0, Time elapsed: 0.004 sec
Running ij.gui.PlotTest
Tests run: 20, Failures: 0, Errors: 0, Skipped: 0, Time elapsed: 0.215 sec
Running ij.gui.PointRoiTest
Tests run: 10, Failures: 0, Errors: 0, Skipped: 0, Time elapsed: 0.022 sec

Results :

Failed tests:   testCompositeImageImagePlusInt(ij.CompositeImageTest): arrays first differed at element [2]; expected:&lt;3&gt; but was:&lt;1&gt;
  testCopyLuts(ij.CompositeImageTest)

Tests in error: 
  testReset(ij.CompositeImageTest): Channel out of range: 2

Tests run: 1134, Failures: 2, Errors: 1, Skipped: 0

[INFO] ------------------------------------------------------------------------
[INFO] BUILD FAILURE
[INFO] ------------------------------------------------------------------------
[INFO] Total time: 23.719s
[INFO] Finished at: Sat Feb 01 18:47:48 CST 2014
[INFO] Final Memory: 19M/360M
[INFO] ------------------------------------------------------------------------
[ERROR] Failed to execute goal org.apache.maven.plugins:maven-surefire-plugin:2.12:test (default-test) on project ij1-tests: There are test failures.
[ERROR] 
[ERROR] Please refer to /data/devel/jenkins/jobs/ImageJ1-daily-unit-tests/workspace/target/surefire-reports for the individual test results.
[ERROR] -&gt; [Help 1]
[ERROR] 
[ERROR] To see the full stack trace of the errors, re-run Maven with the -e switch.
[ERROR] Re-run Maven using the -X switch to enable full debug logging.
[ERROR] 
[ERROR] For more information about the errors and possible solutions, please read the following articles:
[ERROR] [Help 1] <A HREF="http://cwiki.apache.org/confluence/display/MAVEN/MojoFailureException">http://cwiki.apache.org/confluence/display/MAVEN/MojoFailureException</A>
Build step 'Execute shell' marked build as failure
Recording test results

</PRE>


<!--endarticle-->
    <HR>
    <P><UL>
        <!--threads-->
	<LI>Previous message: <A HREF="003141.html">[ImageJ-builds] Jenkins build is back to normal : Monitor-fiji.sc	#6844
</A></li>
	<LI>Next message: <A HREF="003143.html">[ImageJ-builds] Jenkins build is back to normal :	ImageJ1-daily-unit-tests #270
</A></li>
         <LI> <B>Messages sorted by:</B> 
              <a href="date.html#3142">[ date ]</a>
              <a href="thread.html#3142">[ thread ]</a>
              <a href="subject.html#3142">[ subject ]</a>
              <a href="author.html#3142">[ author ]</a>
         </LI>
       </UL>

<hr>
<a href="http://imagej.net/mailman/listinfo/imagej-builds">More information about the ImageJ-builds
mailing list</a><br>
</body></html>
