<!DOCTYPE HTML PUBLIC "-//W3C//DTD HTML 4.01 Transitional//EN">
<HTML>
 <HEAD>
   <TITLE> [ImageJ-builds] Build failed in Jenkins: ImageJ-launcher &#187; Windows #1105
   </TITLE>
   <LINK REL="Index" HREF="index.html" >
   <LINK REL="made" HREF="mailto:imagej-builds%40imagej.net?Subject=Re%3A%20%5BImageJ-builds%5D%20%3D%3Futf-8%3Fq%3FBuild_failed_in_Jenkins%3D3A_ImageJ-launc%3F%3D%0A%09%3D%3Futf-8%3Fq%3Fher_%3DC2%3DBB_Windows_%3D231105%3F%3D&In-Reply-To=%3C1187574087.102.1392267437017.JavaMail.jenkins%40dev%3E">
   <META NAME="robots" CONTENT="index,nofollow">
   <style type="text/css">
       pre {
           white-space: pre-wrap;       /* css-2.1, curent FF, Opera, Safari */
           }
   </style>
   <META http-equiv="Content-Type" content="text/html; charset=us-ascii">
   <LINK REL="Previous"  HREF="003222.html">
   <LINK REL="Next"  HREF="003225.html">
 </HEAD>
 <BODY BGCOLOR="#ffffff">
   <H1>[ImageJ-builds] Build failed in Jenkins: ImageJ-launcher &#187; Windows #1105</H1>
    <B>jenkins at imagej.net</B> 
    <A HREF="mailto:imagej-builds%40imagej.net?Subject=Re%3A%20%5BImageJ-builds%5D%20%3D%3Futf-8%3Fq%3FBuild_failed_in_Jenkins%3D3A_ImageJ-launc%3F%3D%0A%09%3D%3Futf-8%3Fq%3Fher_%3DC2%3DBB_Windows_%3D231105%3F%3D&In-Reply-To=%3C1187574087.102.1392267437017.JavaMail.jenkins%40dev%3E"
       TITLE="[ImageJ-builds] Build failed in Jenkins: ImageJ-launcher &#187; Windows #1105">jenkins at imagej.net
       </A><BR>
    <I>Wed Feb 12 22:57:17 CST 2014</I>
    <P><UL>
        <LI>Previous message: <A HREF="003222.html">[ImageJ-builds] Build failed in Jenkins: ImageJ-launcher &#187; Windows #1104
</A></li>
        <LI>Next message: <A HREF="003225.html">[ImageJ-builds] Build failed in Jenkins: ImageJ-launcher &#187; Windows #1106
</A></li>
         <LI> <B>Messages sorted by:</B> 
              <a href="date.html#3224">[ date ]</a>
              <a href="thread.html#3224">[ thread ]</a>
              <a href="subject.html#3224">[ subject ]</a>
              <a href="author.html#3224">[ author ]</a>
         </LI>
       </UL>
    <HR>  
<!--beginarticle-->
<PRE>See &lt;<A HREF="http://jenkins.imagej.net/job/ImageJ-launcher/label=Windows/1105/changes">http://jenkins.imagej.net/job/ImageJ-launcher/label=Windows/1105/changes</A>&gt;

Changes:

[Curtis Rueden] Add short document describing how to debug things

------------------------------------------
[...truncated 2726 lines...]
      url: <A HREF="https://oss.sonatype.org/content/repositories/releases">https://oss.sonatype.org/content/repositories/releases</A>
   layout: default
snapshots: [enabled =&gt; false, update =&gt; daily]
 releases: [enabled =&gt; true, update =&gt; daily]
,        id: central
      url: <A HREF="http://repo.maven.apache.org/maven2">http://repo.maven.apache.org/maven2</A>
   layout: default
snapshots: [enabled =&gt; false, update =&gt; daily]
 releases: [enabled =&gt; true, update =&gt; daily]
]
[DEBUG]   (f) runtime = dynamic
[DEBUG]   (f) session = <A HREF="http://imagej.net/mailman/listinfo/imagej-builds">org.apache.maven.execution.MavenSession at 15b6116</A>
[DEBUG]   (f) skip = false
[DEBUG] -- end configuration --
[INFO] Preparing Nar dependencies
[DEBUG] Examining artifact for NarInfo: com.sun:tools:jar:1.4.2:system
[DEBUG] Dependency nar file does not exist: C:\Users\VirtualBox\.m2\repository\com\sun\tools\1.4.2\tools-1.4.2.jar
[DEBUG] Dependencies contained 0 NAR artifacts.
[DEBUG] Download for NarDependencies {
[DEBUG] }
[INFO] Unpacking 0 dependencies to &lt;<A HREF="http://jenkins.imagej.net/job/ImageJ-launcher/label=Windows/ws/target\nar">http://jenkins.imagej.net/job/ImageJ-launcher/label=Windows/ws/target\nar</A>&gt;
[DEBUG] Added to sourceDirectory: &lt;<A HREF="http://jenkins.imagej.net/job/ImageJ-launcher/label=Windows/ws/src\main">http://jenkins.imagej.net/job/ImageJ-launcher/label=Windows/ws/src\main</A>&gt;
[DEBUG] Added to sourceDirectory: &lt;<A HREF="http://jenkins.imagej.net/job/ImageJ-launcher/label=Windows/ws/src\main\java">http://jenkins.imagej.net/job/ImageJ-launcher/label=Windows/ws/src\main\java</A>&gt;
[DEBUG] Added to sourceDirectory: &lt;<A HREF="http://jenkins.imagej.net/job/ImageJ-launcher/label=Windows/ws/src\main">http://jenkins.imagej.net/job/ImageJ-launcher/label=Windows/ws/src\main</A>&gt;
[DEBUG] Added to sourceDirectory: &lt;<A HREF="http://jenkins.imagej.net/job/ImageJ-launcher/label=Windows/ws/src\main\java">http://jenkins.imagej.net/job/ImageJ-launcher/label=Windows/ws/src\main\java</A>&gt;
[DEBUG] Added to sourceDirectory: &lt;<A HREF="http://jenkins.imagej.net/job/ImageJ-launcher/label=Windows/ws/src\main">http://jenkins.imagej.net/job/ImageJ-launcher/label=Windows/ws/src\main</A>&gt;
[DEBUG] Added to sourceDirectory: &lt;<A HREF="http://jenkins.imagej.net/job/ImageJ-launcher/label=Windows/ws/src\main\java">http://jenkins.imagej.net/job/ImageJ-launcher/label=Windows/ws/src\main\java</A>&gt;
[INFO] Compiling 10 native files
[DEBUG] Creating Library Library: type: executable
[DEBUG] getProperty(x86-Windows-gcc, maxCores, 0) = 0
[DEBUG] Using com.github.maven_nar.NarLayout21
[DEBUG] getExactProperty(x86-Windows-gcc, output, ij-launcher) = ij-launcher
[DEBUG] NAR - output: '&lt;<A HREF="http://jenkins.imagej.net/job/ImageJ-launcher/label=Windows/ws/target\nar\ij-launcher-2.0.3-SNAPSHOT-x86-Windows-gcc-executable\bin\x86-Windows-gcc\ij-launcher">http://jenkins.imagej.net/job/ImageJ-launcher/label=Windows/ws/target\nar\ij-launcher-2.0.3-SNAPSHOT-x86-Windows-gcc-executable\bin\x86-Windows-gcc\ij-launcher</A>'&gt;
[DEBUG] getProperty(x86-Windows-gcc, failOnError, true) = true
[DEBUG] getProperty(x86-Windows-gcc, libtool, false) = false
[DEBUG] getProperty(x86-Windows-gcc, runtime, dynamic) = dynamic
[DEBUG] Added to sourceDirectory: &lt;<A HREF="http://jenkins.imagej.net/job/ImageJ-launcher/label=Windows/ws/src\main">http://jenkins.imagej.net/job/ImageJ-launcher/label=Windows/ws/src\main</A>&gt;
[DEBUG] Added to sourceDirectory: &lt;<A HREF="http://jenkins.imagej.net/job/ImageJ-launcher/label=Windows/ws/src\main\java">http://jenkins.imagej.net/job/ImageJ-launcher/label=Windows/ws/src\main\java</A>&gt;
[DEBUG] Project base dir set to: &lt;<A HREF="http://jenkins.imagej.net/job/ImageJ-launcher/label=Windows/ws/">http://jenkins.imagej.net/job/ImageJ-launcher/label=Windows/ws/</A>&gt;
[DEBUG] Added to sourceDirectory: &lt;<A HREF="http://jenkins.imagej.net/job/ImageJ-launcher/label=Windows/ws/src\main">http://jenkins.imagej.net/job/ImageJ-launcher/label=Windows/ws/src\main</A>&gt;
[DEBUG] Added to sourceDirectory: &lt;<A HREF="http://jenkins.imagej.net/job/ImageJ-launcher/label=Windows/ws/src\main\java">http://jenkins.imagej.net/job/ImageJ-launcher/label=Windows/ws/src\main\java</A>&gt;
[DEBUG] Checking for existence of c source directory: &lt;<A HREF="http://jenkins.imagej.net/job/ImageJ-launcher/label=Windows/ws/src\main">http://jenkins.imagej.net/job/ImageJ-launcher/label=Windows/ws/src\main</A>&gt;
[DEBUG] Checking for existence of c source directory: &lt;<A HREF="http://jenkins.imagej.net/job/ImageJ-launcher/label=Windows/ws/src\main\java">http://jenkins.imagej.net/job/ImageJ-launcher/label=Windows/ws/src\main\java</A>&gt;
[DEBUG] Examining artifact for NarInfo: com.sun:tools:jar:1.4.2:system
[DEBUG] Dependency nar file does not exist: C:\Users\VirtualBox\.m2\repository\com\sun\tools\1.4.2\tools-1.4.2.jar
[DEBUG] Dependencies contained 0 NAR artifacts.
[DEBUG] getProperty(x86-Windows-gcc, javaHome, c:\fiji\java\win32\jdk1.6.0_24) = c:\fiji\java\win32\jdk1.6.0_24
[DEBUG] Adding reference: ant.ComponentHelper
[DEBUG] ConditionalFileSet: Setup scanner in dir &lt;<A HREF="http://jenkins.imagej.net/job/ImageJ-launcher/label=Windows/ws/src\main">http://jenkins.imagej.net/job/ImageJ-launcher/label=Windows/ws/src\main</A>&gt; with patternSet{ includes: [**/*.c] excludes: [] }
[DEBUG] ConditionalFileSet: Setup scanner in dir &lt;<A HREF="http://jenkins.imagej.net/job/ImageJ-launcher/label=Windows/ws/src\main\java">http://jenkins.imagej.net/job/ImageJ-launcher/label=Windows/ws/src\main\java</A>&gt; with patternSet{ includes: [**/*.c] excludes: [] }
[INFO] 10 total files to be compiled.
[INFO] 10 total files to be compiled.
[INFO] Found 1 processors available
[INFO] Found 1 processors available
[INFO] 
Starting Core 0 with 10 source files...
[INFO] 
Starting Core 0 with 10 source files...

0 / 10 files compiled...
[DEBUG] gcc -Ic:/fiji/java/win32/jdk1.6.0_24/include -Ic:/fiji/java/win32/jdk1.6.0_24/include/win32 -m32 -mwindows -c -mwindows -I&lt;<A HREF="http://jenkins.imagej.net/job/ImageJ-launcher/label=Windows/ws/src\main\include">http://jenkins.imagej.net/job/ImageJ-launcher/label=Windows/ws/src\main\include</A>&gt; &lt;<A HREF="http://jenkins.imagej.net/job/ImageJ-launcher/label=Windows/ws/src\main\c\ImageJ.c">http://jenkins.imagej.net/job/ImageJ-launcher/label=Windows/ws/src\main\c\ImageJ.c</A>&gt; &lt;<A HREF="http://jenkins.imagej.net/job/ImageJ-launcher/label=Windows/ws/src\main\c\common.c">http://jenkins.imagej.net/job/ImageJ-launcher/label=Windows/ws/src\main\c\common.c</A>&gt; &lt;<A HREF="http://jenkins.imagej.net/job/ImageJ-launcher/label=Windows/ws/src\main\c\config.c">http://jenkins.imagej.net/job/ImageJ-launcher/label=Windows/ws/src\main\c\config.c</A>&gt; &lt;<A HREF="http://jenkins.imagej.net/job/ImageJ-launcher/label=Windows/ws/src\main\c\exe-ico.c">http://jenkins.imagej.net/job/ImageJ-launcher/label=Windows/ws/src\main\c\exe-ico.c</A>&gt; &lt;<A HREF="http://jenkins.imagej.net/job/ImageJ-launcher/label=Windows/ws/src\main\c\file-funcs.c">http://jenkins.imagej.net/job/ImageJ-launcher/label=Windows/ws/src\main\c\file-funcs.c</A>&gt; &lt;<A HREF="http://jenkins.imagej.net/job/ImageJ-launcher/label=Windows/ws/src\main\c\java.c">http://jenkins.imagej.net/job/ImageJ-launcher/label=Windows/ws/src\main\c\java.c</A>&gt; &lt;<A HREF="http://jenkins.imagej.net/job/ImageJ-launcher/label=Windows/ws/src\main\c\platform.c">http://jenkins.imagej.net/job/ImageJ-launcher/label=Windows/ws/src\main\c\platform.c</A>&gt; &lt;<A HREF="http://jenkins.imagej.net/job/ImageJ-launcher/label=Windows/ws/src\main\c\splash.c">http://jenkins.imagej.net/job/ImageJ-launcher/label=Windows/ws/src\main\c\splash.c</A>&gt; &lt;<A HREF="http://jenkins.imagej.net/job/ImageJ-launcher/label=Windows/ws/src\main\c\string-funcs.c">http://jenkins.imagej.net/job/ImageJ-launcher/label=Windows/ws/src\main\c\string-funcs.c</A>&gt; &lt;<A HREF="http://jenkins.imagej.net/job/ImageJ-launcher/label=Windows/ws/src\main\c\xalloc.c">http://jenkins.imagej.net/job/ImageJ-launcher/label=Windows/ws/src\main\c\xalloc.c</A>&gt;
[DEBUG] Execute:Java13CommandLauncher: Executing 'gcc' with arguments:
'-Ic:/fiji/java/win32/jdk1.6.0_24/include'
'-Ic:/fiji/java/win32/jdk1.6.0_24/include/win32'
'-m32'
'-mwindows'
'-c'
'-mwindows'
'-I&lt;<A HREF="http://jenkins.imagej.net/job/ImageJ-launcher/label=Windows/ws/src\main\include">http://jenkins.imagej.net/job/ImageJ-launcher/label=Windows/ws/src\main\include</A>'&gt;
'&lt;<A HREF="http://jenkins.imagej.net/job/ImageJ-launcher/label=Windows/ws/src\main\c\ImageJ.c">http://jenkins.imagej.net/job/ImageJ-launcher/label=Windows/ws/src\main\c\ImageJ.c</A>'&gt;
'&lt;<A HREF="http://jenkins.imagej.net/job/ImageJ-launcher/label=Windows/ws/src\main\c\common.c">http://jenkins.imagej.net/job/ImageJ-launcher/label=Windows/ws/src\main\c\common.c</A>'&gt;
'&lt;<A HREF="http://jenkins.imagej.net/job/ImageJ-launcher/label=Windows/ws/src\main\c\config.c">http://jenkins.imagej.net/job/ImageJ-launcher/label=Windows/ws/src\main\c\config.c</A>'&gt;
'&lt;<A HREF="http://jenkins.imagej.net/job/ImageJ-launcher/label=Windows/ws/src\main\c\exe-ico.c">http://jenkins.imagej.net/job/ImageJ-launcher/label=Windows/ws/src\main\c\exe-ico.c</A>'&gt;
'&lt;<A HREF="http://jenkins.imagej.net/job/ImageJ-launcher/label=Windows/ws/src\main\c\file-funcs.c">http://jenkins.imagej.net/job/ImageJ-launcher/label=Windows/ws/src\main\c\file-funcs.c</A>'&gt;
'&lt;<A HREF="http://jenkins.imagej.net/job/ImageJ-launcher/label=Windows/ws/src\main\c\java.c">http://jenkins.imagej.net/job/ImageJ-launcher/label=Windows/ws/src\main\c\java.c</A>'&gt;
'&lt;<A HREF="http://jenkins.imagej.net/job/ImageJ-launcher/label=Windows/ws/src\main\c\platform.c">http://jenkins.imagej.net/job/ImageJ-launcher/label=Windows/ws/src\main\c\platform.c</A>'&gt;
'&lt;<A HREF="http://jenkins.imagej.net/job/ImageJ-launcher/label=Windows/ws/src\main\c\splash.c">http://jenkins.imagej.net/job/ImageJ-launcher/label=Windows/ws/src\main\c\splash.c</A>'&gt;
'&lt;<A HREF="http://jenkins.imagej.net/job/ImageJ-launcher/label=Windows/ws/src\main\c\string-funcs.c">http://jenkins.imagej.net/job/ImageJ-launcher/label=Windows/ws/src\main\c\string-funcs.c</A>'&gt;
'&lt;<A HREF="http://jenkins.imagej.net/job/ImageJ-launcher/label=Windows/ws/src\main\c\xalloc.c">http://jenkins.imagej.net/job/ImageJ-launcher/label=Windows/ws/src\main\c\xalloc.c</A>'&gt;

The ' characters around the executable and arguments are
not part of the command.
[ERROR] In file included from &lt;<A HREF="http://jenkins.imagej.net/job/ImageJ-launcher/label=Windows/ws/src\main\c\ImageJ.c">http://jenkins.imagej.net/job/ImageJ-launcher/label=Windows/ws/src\main\c\ImageJ.c</A>&gt;:75:
[ERROR] &lt;<A HREF="http://jenkins.imagej.net/job/ImageJ-launcher/label=Windows/ws/src\main\include/platform.h">http://jenkins.imagej.net/job/ImageJ-launcher/label=Windows/ws/src\main\include/platform.h</A>&gt;:105: error: expected identifier or '(' before 'char'
[ERROR] &lt;<A HREF="http://jenkins.imagej.net/job/ImageJ-launcher/label=Windows/ws/src\main\include/platform.h">http://jenkins.imagej.net/job/ImageJ-launcher/label=Windows/ws/src\main\include/platform.h</A>&gt;:105: error: expected ')' before '==' token
[ERROR] &lt;<A HREF="http://jenkins.imagej.net/job/ImageJ-launcher/label=Windows/ws/src\main\include/platform.h">http://jenkins.imagej.net/job/ImageJ-launcher/label=Windows/ws/src\main\include/platform.h</A>&gt;:119: error: expected specifier-qualifier-list before 'HANDLE'
[ERROR] &lt;<A HREF="http://jenkins.imagej.net/job/ImageJ-launcher/label=Windows/ws/src\main\c\ImageJ.c">http://jenkins.imagej.net/job/ImageJ-launcher/label=Windows/ws/src\main\c\ImageJ.c</A>&gt;: In function 'try_with_less_memory':
[ERROR] &lt;<A HREF="http://jenkins.imagej.net/job/ImageJ-launcher/label=Windows/ws/src\main\c\ImageJ.c">http://jenkins.imagej.net/job/ImageJ-launcher/label=Windows/ws/src\main\c\ImageJ.c</A>&gt;:1227: error: 'MB_OK' undeclared (first use in this function)
[ERROR] &lt;<A HREF="http://jenkins.imagej.net/job/ImageJ-launcher/label=Windows/ws/src\main\c\ImageJ.c">http://jenkins.imagej.net/job/ImageJ-launcher/label=Windows/ws/src\main\c\ImageJ.c</A>&gt;:1227: error: (Each undeclared identifier is reported only once
[ERROR] &lt;<A HREF="http://jenkins.imagej.net/job/ImageJ-launcher/label=Windows/ws/src\main\c\ImageJ.c">http://jenkins.imagej.net/job/ImageJ-launcher/label=Windows/ws/src\main\c\ImageJ.c</A>&gt;:1227: error: for each function it appears in.)
[ERROR] &lt;<A HREF="http://jenkins.imagej.net/job/ImageJ-launcher/label=Windows/ws/src\main\c\ImageJ.c">http://jenkins.imagej.net/job/ImageJ-launcher/label=Windows/ws/src\main\c\ImageJ.c</A>&gt;: In function 'start_ij':
[ERROR] &lt;<A HREF="http://jenkins.imagej.net/job/ImageJ-launcher/label=Windows/ws/src\main\c\ImageJ.c">http://jenkins.imagej.net/job/ImageJ-launcher/label=Windows/ws/src\main\c\ImageJ.c</A>&gt;:2235: error: 'console_opened' undeclared (first use in this function)
[ERROR] &lt;<A HREF="http://jenkins.imagej.net/job/ImageJ-launcher/label=Windows/ws/src\main\c\ImageJ.c">http://jenkins.imagej.net/job/ImageJ-launcher/label=Windows/ws/src\main\c\ImageJ.c</A>&gt;:2235: error: 'console_attached' undeclared (first use in this function)
[ERROR] &lt;<A HREF="http://jenkins.imagej.net/job/ImageJ-launcher/label=Windows/ws/src\main\c\ImageJ.c">http://jenkins.imagej.net/job/ImageJ-launcher/label=Windows/ws/src\main\c\ImageJ.c</A>&gt;:2238: error: 'STARTUPINFO' undeclared (first use in this function)
[ERROR] &lt;<A HREF="http://jenkins.imagej.net/job/ImageJ-launcher/label=Windows/ws/src\main\c\ImageJ.c">http://jenkins.imagej.net/job/ImageJ-launcher/label=Windows/ws/src\main\c\ImageJ.c</A>&gt;:2238: error: expected ';' before 'startup_info'
[ERROR] &lt;<A HREF="http://jenkins.imagej.net/job/ImageJ-launcher/label=Windows/ws/src\main\c\ImageJ.c">http://jenkins.imagej.net/job/ImageJ-launcher/label=Windows/ws/src\main\c\ImageJ.c</A>&gt;:2239: error: 'PROCESS_INFORMATION' undeclared (first use in this function)
[ERROR] &lt;<A HREF="http://jenkins.imagej.net/job/ImageJ-launcher/label=Windows/ws/src\main\c\ImageJ.c">http://jenkins.imagej.net/job/ImageJ-launcher/label=Windows/ws/src\main\c\ImageJ.c</A>&gt;:2239: error: expected ';' before 'process_info'
[ERROR] &lt;<A HREF="http://jenkins.imagej.net/job/ImageJ-launcher/label=Windows/ws/src\main\c\ImageJ.c">http://jenkins.imagej.net/job/ImageJ-launcher/label=Windows/ws/src\main\c\ImageJ.c</A>&gt;:2248: error: 'startup_info' undeclared (first use in this function)
[ERROR] &lt;<A HREF="http://jenkins.imagej.net/job/ImageJ-launcher/label=Windows/ws/src\main\c\ImageJ.c">http://jenkins.imagej.net/job/ImageJ-launcher/label=Windows/ws/src\main\c\ImageJ.c</A>&gt;:2251: error: 'process_info' undeclared (first use in this function)
[ERROR] &lt;<A HREF="http://jenkins.imagej.net/job/ImageJ-launcher/label=Windows/ws/src\main\c\ImageJ.c">http://jenkins.imagej.net/job/ImageJ-launcher/label=Windows/ws/src\main\c\ImageJ.c</A>&gt;:2255: error: 'TRUE' undeclared (first use in this function)
[ERROR] &lt;<A HREF="http://jenkins.imagej.net/job/ImageJ-launcher/label=Windows/ws/src\main\c\ImageJ.c">http://jenkins.imagej.net/job/ImageJ-launcher/label=Windows/ws/src\main\c\ImageJ.c</A>&gt;:2255: error: 'NORMAL_PRIORITY_CLASS' undeclared (first use in this function)
[ERROR] &lt;<A HREF="http://jenkins.imagej.net/job/ImageJ-launcher/label=Windows/ws/src\main\c\ImageJ.c">http://jenkins.imagej.net/job/ImageJ-launcher/label=Windows/ws/src\main\c\ImageJ.c</A>&gt;:2256: error: 'DWORD' undeclared (first use in this function)
[ERROR] &lt;<A HREF="http://jenkins.imagej.net/job/ImageJ-launcher/label=Windows/ws/src\main\c\ImageJ.c">http://jenkins.imagej.net/job/ImageJ-launcher/label=Windows/ws/src\main\c\ImageJ.c</A>&gt;:2256: error: expected ';' before 'exit_code'
[ERROR] &lt;<A HREF="http://jenkins.imagej.net/job/ImageJ-launcher/label=Windows/ws/src\main\c\ImageJ.c">http://jenkins.imagej.net/job/ImageJ-launcher/label=Windows/ws/src\main\c\ImageJ.c</A>&gt;:2257: error: 'INFINITE' undeclared (first use in this function)
[ERROR] &lt;<A HREF="http://jenkins.imagej.net/job/ImageJ-launcher/label=Windows/ws/src\main\c\ImageJ.c">http://jenkins.imagej.net/job/ImageJ-launcher/label=Windows/ws/src\main\c\ImageJ.c</A>&gt;:2258: error: 'exit_code' undeclared (first use in this function)
[ERROR] &lt;<A HREF="http://jenkins.imagej.net/job/ImageJ-launcher/label=Windows/ws/src\main\c\ImageJ.c">http://jenkins.imagej.net/job/ImageJ-launcher/label=Windows/ws/src\main\c\ImageJ.c</A>&gt;:2269: error: 'MB_OK' undeclared (first use in this function)
[ERROR] &lt;<A HREF="http://jenkins.imagej.net/job/ImageJ-launcher/label=Windows/ws/src\main\c\exe-ico.c">http://jenkins.imagej.net/job/ImageJ-launcher/label=Windows/ws/src\main\c\exe-ico.c</A>&gt;: In function 'parse_ico_file':
[ERROR] &lt;<A HREF="http://jenkins.imagej.net/job/ImageJ-launcher/label=Windows/ws/src\main\c\exe-ico.c">http://jenkins.imagej.net/job/ImageJ-launcher/label=Windows/ws/src\main\c\exe-ico.c</A>&gt;:96: error: 'FILE' undeclared (first use in this function)
[ERROR] &lt;<A HREF="http://jenkins.imagej.net/job/ImageJ-launcher/label=Windows/ws/src\main\c\exe-ico.c">http://jenkins.imagej.net/job/ImageJ-launcher/label=Windows/ws/src\main\c\exe-ico.c</A>&gt;:96: error: (Each undeclared identifier is reported only once
[ERROR] &lt;<A HREF="http://jenkins.imagej.net/job/ImageJ-launcher/label=Windows/ws/src\main\c\exe-ico.c">http://jenkins.imagej.net/job/ImageJ-launcher/label=Windows/ws/src\main\c\exe-ico.c</A>&gt;:96: error: for each function it appears in.)
[ERROR] &lt;<A HREF="http://jenkins.imagej.net/job/ImageJ-launcher/label=Windows/ws/src\main\c\exe-ico.c">http://jenkins.imagej.net/job/ImageJ-launcher/label=Windows/ws/src\main\c\exe-ico.c</A>&gt;:96: error: 'file' undeclared (first use in this function)
[ERROR] In file included from &lt;<A HREF="http://jenkins.imagej.net/job/ImageJ-launcher/label=Windows/ws/src\main\c\file-funcs.c">http://jenkins.imagej.net/job/ImageJ-launcher/label=Windows/ws/src\main\c\file-funcs.c</A>&gt;:37:
[ERROR] &lt;<A HREF="http://jenkins.imagej.net/job/ImageJ-launcher/label=Windows/ws/src\main\include/platform.h">http://jenkins.imagej.net/job/ImageJ-launcher/label=Windows/ws/src\main\include/platform.h</A>&gt;:105: error: expected identifier or '(' before 'char'
[ERROR] &lt;<A HREF="http://jenkins.imagej.net/job/ImageJ-launcher/label=Windows/ws/src\main\include/platform.h">http://jenkins.imagej.net/job/ImageJ-launcher/label=Windows/ws/src\main\include/platform.h</A>&gt;:105: error: expected ')' before '==' token
[ERROR] &lt;<A HREF="http://jenkins.imagej.net/job/ImageJ-launcher/label=Windows/ws/src\main\include/platform.h">http://jenkins.imagej.net/job/ImageJ-launcher/label=Windows/ws/src\main\include/platform.h</A>&gt;:119: error: expected specifier-qualifier-list before 'HANDLE'
[ERROR] &lt;<A HREF="http://jenkins.imagej.net/job/ImageJ-launcher/label=Windows/ws/src\main\c\file-funcs.c">http://jenkins.imagej.net/job/ImageJ-launcher/label=Windows/ws/src\main\c\file-funcs.c</A>&gt;: In function 'make_absolute_path':
[ERROR] &lt;<A HREF="http://jenkins.imagej.net/job/ImageJ-launcher/label=Windows/ws/src\main\c\file-funcs.c">http://jenkins.imagej.net/job/ImageJ-launcher/label=Windows/ws/src\main\c\file-funcs.c</A>&gt;:150: error: storage size of 'st' isn't known
[ERROR] &lt;<A HREF="http://jenkins.imagej.net/job/ImageJ-launcher/label=Windows/ws/src\main\c\file-funcs.c">http://jenkins.imagej.net/job/ImageJ-launcher/label=Windows/ws/src\main\c\file-funcs.c</A>&gt;: In function 'find_in_path':
[ERROR] &lt;<A HREF="http://jenkins.imagej.net/job/ImageJ-launcher/label=Windows/ws/src\main\c\file-funcs.c">http://jenkins.imagej.net/job/ImageJ-launcher/label=Windows/ws/src\main\c\file-funcs.c</A>&gt;:265: error: storage size of 'st' isn't known
[ERROR] &lt;<A HREF="http://jenkins.imagej.net/job/ImageJ-launcher/label=Windows/ws/src\main\c\file-funcs.c">http://jenkins.imagej.net/job/ImageJ-launcher/label=Windows/ws/src\main\c\file-funcs.c</A>&gt;:285: error: 'S_IXUSR' undeclared (first use in this function)
[ERROR] &lt;<A HREF="http://jenkins.imagej.net/job/ImageJ-launcher/label=Windows/ws/src\main\c\file-funcs.c">http://jenkins.imagej.net/job/ImageJ-launcher/label=Windows/ws/src\main\c\file-funcs.c</A>&gt;:285: error: (Each undeclared identifier is reported only once
[ERROR] &lt;<A HREF="http://jenkins.imagej.net/job/ImageJ-launcher/label=Windows/ws/src\main\c\file-funcs.c">http://jenkins.imagej.net/job/ImageJ-launcher/label=Windows/ws/src\main\c\file-funcs.c</A>&gt;:285: error: for each function it appears in.)
[ERROR] &lt;<A HREF="http://jenkins.imagej.net/job/ImageJ-launcher/label=Windows/ws/src\main\c\file-funcs.c">http://jenkins.imagej.net/job/ImageJ-launcher/label=Windows/ws/src\main\c\file-funcs.c</A>&gt;: In function 'find_jar':
[ERROR] &lt;<A HREF="http://jenkins.imagej.net/job/ImageJ-launcher/label=Windows/ws/src\main\c\file-funcs.c">http://jenkins.imagej.net/job/ImageJ-launcher/label=Windows/ws/src\main\c\file-funcs.c</A>&gt;:362: error: storage size of 'st' isn't known
[ERROR] &lt;<A HREF="http://jenkins.imagej.net/job/ImageJ-launcher/label=Windows/ws/src\main\c\file-funcs.c">http://jenkins.imagej.net/job/ImageJ-launcher/label=Windows/ws/src\main\c\file-funcs.c</A>&gt;: In function 'read_file_as_string':
[ERROR] &lt;<A HREF="http://jenkins.imagej.net/job/ImageJ-launcher/label=Windows/ws/src\main\c\file-funcs.c">http://jenkins.imagej.net/job/ImageJ-launcher/label=Windows/ws/src\main\c\file-funcs.c</A>&gt;:477: error: 'FILE' undeclared (first use in this function)
[ERROR] &lt;<A HREF="http://jenkins.imagej.net/job/ImageJ-launcher/label=Windows/ws/src\main\c\file-funcs.c">http://jenkins.imagej.net/job/ImageJ-launcher/label=Windows/ws/src\main\c\file-funcs.c</A>&gt;:477: error: 'in' undeclared (first use in this function)
[ERROR] In file included from &lt;<A HREF="http://jenkins.imagej.net/job/ImageJ-launcher/label=Windows/ws/src\main\c\java.c">http://jenkins.imagej.net/job/ImageJ-launcher/label=Windows/ws/src\main\c\java.c</A>&gt;:38:
[ERROR] &lt;<A HREF="http://jenkins.imagej.net/job/ImageJ-launcher/label=Windows/ws/src\main\include/platform.h">http://jenkins.imagej.net/job/ImageJ-launcher/label=Windows/ws/src\main\include/platform.h</A>&gt;:105: error: expected identifier or '(' before 'char'
[ERROR] &lt;<A HREF="http://jenkins.imagej.net/job/ImageJ-launcher/label=Windows/ws/src\main\include/platform.h">http://jenkins.imagej.net/job/ImageJ-launcher/label=Windows/ws/src\main\include/platform.h</A>&gt;:105: error: expected ')' before '==' token
[ERROR] &lt;<A HREF="http://jenkins.imagej.net/job/ImageJ-launcher/label=Windows/ws/src\main\include/platform.h">http://jenkins.imagej.net/job/ImageJ-launcher/label=Windows/ws/src\main\include/platform.h</A>&gt;:119: error: expected specifier-qualifier-list before 'HANDLE'
[ERROR] &lt;<A HREF="http://jenkins.imagej.net/job/ImageJ-launcher/label=Windows/ws/src\main\c\java.c">http://jenkins.imagej.net/job/ImageJ-launcher/label=Windows/ws/src\main\c\java.c</A>&gt;: In function 'get_java_command':
[ERROR] &lt;<A HREF="http://jenkins.imagej.net/job/ImageJ-launcher/label=Windows/ws/src\main\c\java.c">http://jenkins.imagej.net/job/ImageJ-launcher/label=Windows/ws/src\main\c\java.c</A>&gt;:55: error: 'console_opened' undeclared (first use in this function)
[ERROR] &lt;<A HREF="http://jenkins.imagej.net/job/ImageJ-launcher/label=Windows/ws/src\main\c\java.c">http://jenkins.imagej.net/job/ImageJ-launcher/label=Windows/ws/src\main\c\java.c</A>&gt;:55: error: (Each undeclared identifier is reported only once
[ERROR] &lt;<A HREF="http://jenkins.imagej.net/job/ImageJ-launcher/label=Windows/ws/src\main\c\java.c">http://jenkins.imagej.net/job/ImageJ-launcher/label=Windows/ws/src\main\c\java.c</A>&gt;:55: error: for each function it appears in.)
[ERROR] &lt;<A HREF="http://jenkins.imagej.net/job/ImageJ-launcher/label=Windows/ws/src\main\c\java.c">http://jenkins.imagej.net/job/ImageJ-launcher/label=Windows/ws/src\main\c\java.c</A>&gt;: In function 'discover_system_java_home':
[ERROR] &lt;<A HREF="http://jenkins.imagej.net/job/ImageJ-launcher/label=Windows/ws/src\main\c\java.c">http://jenkins.imagej.net/job/ImageJ-launcher/label=Windows/ws/src\main\c\java.c</A>&gt;:214: error: 'HKEY' undeclared (first use in this function)
[ERROR] &lt;<A HREF="http://jenkins.imagej.net/job/ImageJ-launcher/label=Windows/ws/src\main\c\java.c">http://jenkins.imagej.net/job/ImageJ-launcher/label=Windows/ws/src\main\c\java.c</A>&gt;:214: error: expected ';' before 'key'
[ERROR] &lt;<A HREF="http://jenkins.imagej.net/job/ImageJ-launcher/label=Windows/ws/src\main\c\java.c">http://jenkins.imagej.net/job/ImageJ-launcher/label=Windows/ws/src\main\c\java.c</A>&gt;:215: error: 'HRESULT' undeclared (first use in this function)
[ERROR] &lt;<A HREF="http://jenkins.imagej.net/job/ImageJ-launcher/label=Windows/ws/src\main\c\java.c">http://jenkins.imagej.net/job/ImageJ-launcher/label=Windows/ws/src\main\c\java.c</A>&gt;:215: error: expected ';' before 'result'
[ERROR] &lt;<A HREF="http://jenkins.imagej.net/job/ImageJ-launcher/label=Windows/ws/src\main\c\java.c">http://jenkins.imagej.net/job/ImageJ-launcher/label=Windows/ws/src\main\c\java.c</A>&gt;:219: error: 'DWORD' undeclared (first use in this function)
[ERROR] &lt;<A HREF="http://jenkins.imagej.net/job/ImageJ-launcher/label=Windows/ws/src\main\c\java.c">http://jenkins.imagej.net/job/ImageJ-launcher/label=Windows/ws/src\main\c\java.c</A>&gt;:219: error: expected ';' before 'valuelen'
[ERROR] &lt;<A HREF="http://jenkins.imagej.net/job/ImageJ-launcher/label=Windows/ws/src\main\c\java.c">http://jenkins.imagej.net/job/ImageJ-launcher/label=Windows/ws/src\main\c\java.c</A>&gt;:221: error: 'result' undeclared (first use in this function)
[ERROR] &lt;<A HREF="http://jenkins.imagej.net/job/ImageJ-launcher/label=Windows/ws/src\main\c\java.c">http://jenkins.imagej.net/job/ImageJ-launcher/label=Windows/ws/src\main\c\java.c</A>&gt;:221: error: 'HKEY_LOCAL_MACHINE' undeclared (first use in this function)
[ERROR] &lt;<A HREF="http://jenkins.imagej.net/job/ImageJ-launcher/label=Windows/ws/src\main\c\java.c">http://jenkins.imagej.net/job/ImageJ-launcher/label=Windows/ws/src\main\c\java.c</A>&gt;:221: error: 'KEY_READ' undeclared (first use in this function)
[ERROR] &lt;<A HREF="http://jenkins.imagej.net/job/ImageJ-launcher/label=Windows/ws/src\main\c\java.c">http://jenkins.imagej.net/job/ImageJ-launcher/label=Windows/ws/src\main\c\java.c</A>&gt;:221: error: 'key' undeclared (first use in this function)
[ERROR] &lt;<A HREF="http://jenkins.imagej.net/job/ImageJ-launcher/label=Windows/ws/src\main\c\java.c">http://jenkins.imagej.net/job/ImageJ-launcher/label=Windows/ws/src\main\c\java.c</A>&gt;:222: error: 'ERROR_SUCCESS' undeclared (first use in this function)
[ERROR] &lt;<A HREF="http://jenkins.imagej.net/job/ImageJ-launcher/label=Windows/ws/src\main\c\java.c">http://jenkins.imagej.net/job/ImageJ-launcher/label=Windows/ws/src\main\c\java.c</A>&gt;:224: error: 'LPBYTE' undeclared (first use in this function)
[ERROR] &lt;<A HREF="http://jenkins.imagej.net/job/ImageJ-launcher/label=Windows/ws/src\main\c\java.c">http://jenkins.imagej.net/job/ImageJ-launcher/label=Windows/ws/src\main\c\java.c</A>&gt;:224: error: expected ')' before 'buffer'
[ERROR] &lt;<A HREF="http://jenkins.imagej.net/job/ImageJ-launcher/label=Windows/ws/src\main\c\java.c">http://jenkins.imagej.net/job/ImageJ-launcher/label=Windows/ws/src\main\c\java.c</A>&gt;:234: error: 'valuelen' undeclared (first use in this function)
[ERROR] &lt;<A HREF="http://jenkins.imagej.net/job/ImageJ-launcher/label=Windows/ws/src\main\c\java.c">http://jenkins.imagej.net/job/ImageJ-launcher/label=Windows/ws/src\main\c\java.c</A>&gt;:235: error: expected ')' before 'buffer'
[ERROR] In file included from &lt;<A HREF="http://jenkins.imagej.net/job/ImageJ-launcher/label=Windows/ws/src\main\c\platform.c">http://jenkins.imagej.net/job/ImageJ-launcher/label=Windows/ws/src\main\c\platform.c</A>&gt;:37:
[ERROR] &lt;<A HREF="http://jenkins.imagej.net/job/ImageJ-launcher/label=Windows/ws/src\main\include/platform.h">http://jenkins.imagej.net/job/ImageJ-launcher/label=Windows/ws/src\main\include/platform.h</A>&gt;:105: error: expected identifier or '(' before 'char'
[ERROR] &lt;<A HREF="http://jenkins.imagej.net/job/ImageJ-launcher/label=Windows/ws/src\main\include/platform.h">http://jenkins.imagej.net/job/ImageJ-launcher/label=Windows/ws/src\main\include/platform.h</A>&gt;:105: error: expected ')' before '==' token
[ERROR] &lt;<A HREF="http://jenkins.imagej.net/job/ImageJ-launcher/label=Windows/ws/src\main\include/platform.h">http://jenkins.imagej.net/job/ImageJ-launcher/label=Windows/ws/src\main\include/platform.h</A>&gt;:119: error: expected specifier-qualifier-list before 'HANDLE'
[ERROR] &lt;<A HREF="http://jenkins.imagej.net/job/ImageJ-launcher/label=Windows/ws/src\main\c\platform.c">http://jenkins.imagej.net/job/ImageJ-launcher/label=Windows/ws/src\main\c\platform.c</A>&gt;: In function 'is_dll':
[ERROR] &lt;<A HREF="http://jenkins.imagej.net/job/ImageJ-launcher/label=Windows/ws/src\main\c\platform.c">http://jenkins.imagej.net/job/ImageJ-launcher/label=Windows/ws/src\main\c\platform.c</A>&gt;:75: error: 'O_RDONLY' undeclared (first use in this function)
[ERROR] &lt;<A HREF="http://jenkins.imagej.net/job/ImageJ-launcher/label=Windows/ws/src\main\c\platform.c">http://jenkins.imagej.net/job/ImageJ-launcher/label=Windows/ws/src\main\c\platform.c</A>&gt;:75: error: (Each undeclared identifier is reported only once
[ERROR] &lt;<A HREF="http://jenkins.imagej.net/job/ImageJ-launcher/label=Windows/ws/src\main\c\platform.c">http://jenkins.imagej.net/job/ImageJ-launcher/label=Windows/ws/src\main\c\platform.c</A>&gt;:75: error: for each function it appears in.)
[ERROR] &lt;<A HREF="http://jenkins.imagej.net/job/ImageJ-launcher/label=Windows/ws/src\main\c\platform.c">http://jenkins.imagej.net/job/ImageJ-launcher/label=Windows/ws/src\main\c\platform.c</A>&gt;:75: error: 'O_BINARY' undeclared (first use in this function)
[ERROR] &lt;<A HREF="http://jenkins.imagej.net/job/ImageJ-launcher/label=Windows/ws/src\main\c\platform.c">http://jenkins.imagej.net/job/ImageJ-launcher/label=Windows/ws/src\main\c\platform.c</A>&gt;:86: error: 'SEEK_SET' undeclared (first use in this function)
[ERROR] &lt;<A HREF="http://jenkins.imagej.net/job/ImageJ-launcher/label=Windows/ws/src\main\c\platform.c">http://jenkins.imagej.net/job/ImageJ-launcher/label=Windows/ws/src\main\c\platform.c</A>&gt;: In function 'is_elf':
[ERROR] &lt;<A HREF="http://jenkins.imagej.net/job/ImageJ-launcher/label=Windows/ws/src\main\c\platform.c">http://jenkins.imagej.net/job/ImageJ-launcher/label=Windows/ws/src\main\c\platform.c</A>&gt;:108: error: 'O_RDONLY' undeclared (first use in this function)
[ERROR] &lt;<A HREF="http://jenkins.imagej.net/job/ImageJ-launcher/label=Windows/ws/src\main\c\platform.c">http://jenkins.imagej.net/job/ImageJ-launcher/label=Windows/ws/src\main\c\platform.c</A>&gt;:108: error: 'O_BINARY' undeclared (first use in this function)
[ERROR] &lt;<A HREF="http://jenkins.imagej.net/job/ImageJ-launcher/label=Windows/ws/src\main\c\platform.c">http://jenkins.imagej.net/job/ImageJ-launcher/label=Windows/ws/src\main\c\platform.c</A>&gt;: In function 'is_dylib':
[ERROR] &lt;<A HREF="http://jenkins.imagej.net/job/ImageJ-launcher/label=Windows/ws/src\main\c\platform.c">http://jenkins.imagej.net/job/ImageJ-launcher/label=Windows/ws/src\main\c\platform.c</A>&gt;:132: error: 'O_RDONLY' undeclared (first use in this function)
[ERROR] &lt;<A HREF="http://jenkins.imagej.net/job/ImageJ-launcher/label=Windows/ws/src\main\c\platform.c">http://jenkins.imagej.net/job/ImageJ-launcher/label=Windows/ws/src\main\c\platform.c</A>&gt;:132: error: 'O_BINARY' undeclared (first use in this function)
[ERROR] &lt;<A HREF="http://jenkins.imagej.net/job/ImageJ-launcher/label=Windows/ws/src\main\c\platform.c">http://jenkins.imagej.net/job/ImageJ-launcher/label=Windows/ws/src\main\c\platform.c</A>&gt;: In function 'dlopen':
[ERROR] &lt;<A HREF="http://jenkins.imagej.net/job/ImageJ-launcher/label=Windows/ws/src\main\c\platform.c">http://jenkins.imagej.net/job/ImageJ-launcher/label=Windows/ws/src\main\c\platform.c</A>&gt;:847: error: 'dlerror_value' undeclared (first use in this function)
[ERROR] &lt;<A HREF="http://jenkins.imagej.net/job/ImageJ-launcher/label=Windows/ws/src\main\c\platform.c">http://jenkins.imagej.net/job/ImageJ-launcher/label=Windows/ws/src\main\c\platform.c</A>&gt;: In function 'dlerror':
[ERROR] &lt;<A HREF="http://jenkins.imagej.net/job/ImageJ-launcher/label=Windows/ws/src\main\c\platform.c">http://jenkins.imagej.net/job/ImageJ-launcher/label=Windows/ws/src\main\c\platform.c</A>&gt;:855: error: 'dlerror_value' undeclared (first use in this function)
[ERROR] &lt;<A HREF="http://jenkins.imagej.net/job/ImageJ-launcher/label=Windows/ws/src\main\c\platform.c">http://jenkins.imagej.net/job/ImageJ-launcher/label=Windows/ws/src\main\c\platform.c</A>&gt;: In function 'dlsym':
[ERROR] &lt;<A HREF="http://jenkins.imagej.net/job/ImageJ-launcher/label=Windows/ws/src\main\c\platform.c">http://jenkins.imagej.net/job/ImageJ-launcher/label=Windows/ws/src\main\c\platform.c</A>&gt;:863: error: 'dlerror_value' undeclared (first use in this function)
[ERROR] &lt;<A HREF="http://jenkins.imagej.net/job/ImageJ-launcher/label=Windows/ws/src\main\c\platform.c">http://jenkins.imagej.net/job/ImageJ-launcher/label=Windows/ws/src\main\c\platform.c</A>&gt;: In function 'open_win_console':
[ERROR] &lt;<A HREF="http://jenkins.imagej.net/job/ImageJ-launcher/label=Windows/ws/src\main\c\platform.c">http://jenkins.imagej.net/job/ImageJ-launcher/label=Windows/ws/src\main\c\platform.c</A>&gt;:989: error: 'stdout' undeclared (first use in this function)
[ERROR] &lt;<A HREF="http://jenkins.imagej.net/job/ImageJ-launcher/label=Windows/ws/src\main\c\platform.c">http://jenkins.imagej.net/job/ImageJ-launcher/label=Windows/ws/src\main\c\platform.c</A>&gt;:993: error: 'stderr' undeclared (first use in this function)
[ERROR] &lt;<A HREF="http://jenkins.imagej.net/job/ImageJ-launcher/label=Windows/ws/src\main\c\platform.c">http://jenkins.imagej.net/job/ImageJ-launcher/label=Windows/ws/src\main\c\platform.c</A>&gt;: In function 'fake_posix_mkdir':
[ERROR] &lt;<A HREF="http://jenkins.imagej.net/job/ImageJ-launcher/label=Windows/ws/src\main\c\platform.c">http://jenkins.imagej.net/job/ImageJ-launcher/label=Windows/ws/src\main\c\platform.c</A>&gt;:1000: error: too few arguments to function 'fake_posix_mkdir'
[ERROR] &lt;<A HREF="http://jenkins.imagej.net/job/ImageJ-launcher/label=Windows/ws/src\main\c\platform.c">http://jenkins.imagej.net/job/ImageJ-launcher/label=Windows/ws/src\main\c\platform.c</A>&gt;: In function 'open_dir':
[ERROR] &lt;<A HREF="http://jenkins.imagej.net/job/ImageJ-launcher/label=Windows/ws/src\main\c\platform.c">http://jenkins.imagej.net/job/ImageJ-launcher/label=Windows/ws/src\main\c\platform.c</A>&gt;:1009: error: 'struct dir' has no member named 'handle'
[ERROR] &lt;<A HREF="http://jenkins.imagej.net/job/ImageJ-launcher/label=Windows/ws/src\main\c\platform.c">http://jenkins.imagej.net/job/ImageJ-launcher/label=Windows/ws/src\main\c\platform.c</A>&gt;:1010: error: 'struct dir' has no member named 'find_data'
[ERROR] &lt;<A HREF="http://jenkins.imagej.net/job/ImageJ-launcher/label=Windows/ws/src\main\c\platform.c">http://jenkins.imagej.net/job/ImageJ-launcher/label=Windows/ws/src\main\c\platform.c</A>&gt;:1011: error: 'struct dir' has no member named 'handle'
[ERROR] &lt;<A HREF="http://jenkins.imagej.net/job/ImageJ-launcher/label=Windows/ws/src\main\c\platform.c">http://jenkins.imagej.net/job/ImageJ-launcher/label=Windows/ws/src\main\c\platform.c</A>&gt;:1016: error: 'struct dir' has no member named 'done'
[ERROR] &lt;<A HREF="http://jenkins.imagej.net/job/ImageJ-launcher/label=Windows/ws/src\main\c\platform.c">http://jenkins.imagej.net/job/ImageJ-launcher/label=Windows/ws/src\main\c\platform.c</A>&gt;: In function 'read_dir':
[ERROR] &lt;<A HREF="http://jenkins.imagej.net/job/ImageJ-launcher/label=Windows/ws/src\main\c\platform.c">http://jenkins.imagej.net/job/ImageJ-launcher/label=Windows/ws/src\main\c\platform.c</A>&gt;:1022: error: 'struct dir' has no member named 'done'
[ERROR] &lt;<A HREF="http://jenkins.imagej.net/job/ImageJ-launcher/label=Windows/ws/src\main\c\platform.c">http://jenkins.imagej.net/job/ImageJ-launcher/label=Windows/ws/src\main\c\platform.c</A>&gt;:1024: error: 'struct dir' has no member named 'entry'
[ERROR] &lt;<A HREF="http://jenkins.imagej.net/job/ImageJ-launcher/label=Windows/ws/src\main\c\platform.c">http://jenkins.imagej.net/job/ImageJ-launcher/label=Windows/ws/src\main\c\platform.c</A>&gt;:1024: error: 'struct dir' has no member named 'find_data'
[ERROR] &lt;<A HREF="http://jenkins.imagej.net/job/ImageJ-launcher/label=Windows/ws/src\main\c\platform.c">http://jenkins.imagej.net/job/ImageJ-launcher/label=Windows/ws/src\main\c\platform.c</A>&gt;:1025: error: 'struct dir' has no member named 'entry'
[ERROR] &lt;<A HREF="http://jenkins.imagej.net/job/ImageJ-launcher/label=Windows/ws/src\main\c\platform.c">http://jenkins.imagej.net/job/ImageJ-launcher/label=Windows/ws/src\main\c\platform.c</A>&gt;:1025: error: 'struct dir' has no member named 'entry'
[ERROR] &lt;<A HREF="http://jenkins.imagej.net/job/ImageJ-launcher/label=Windows/ws/src\main\c\platform.c">http://jenkins.imagej.net/job/ImageJ-launcher/label=Windows/ws/src\main\c\platform.c</A>&gt;:1026: error: 'struct dir' has no member named 'handle'
[ERROR] &lt;<A HREF="http://jenkins.imagej.net/job/ImageJ-launcher/label=Windows/ws/src\main\c\platform.c">http://jenkins.imagej.net/job/ImageJ-launcher/label=Windows/ws/src\main\c\platform.c</A>&gt;:1026: error: 'struct dir' has no member named 'find_data'
[ERROR] &lt;<A HREF="http://jenkins.imagej.net/job/ImageJ-launcher/label=Windows/ws/src\main\c\platform.c">http://jenkins.imagej.net/job/ImageJ-launcher/label=Windows/ws/src\main\c\platform.c</A>&gt;:1027: error: 'struct dir' has no member named 'done'
[ERROR] &lt;<A HREF="http://jenkins.imagej.net/job/ImageJ-launcher/label=Windows/ws/src\main\c\platform.c">http://jenkins.imagej.net/job/ImageJ-launcher/label=Windows/ws/src\main\c\platform.c</A>&gt;:1028: error: 'struct dir' has no member named 'entry'
[ERROR] &lt;<A HREF="http://jenkins.imagej.net/job/ImageJ-launcher/label=Windows/ws/src\main\c\platform.c">http://jenkins.imagej.net/job/ImageJ-launcher/label=Windows/ws/src\main\c\platform.c</A>&gt;: In function 'close_dir':
[ERROR] &lt;<A HREF="http://jenkins.imagej.net/job/ImageJ-launcher/label=Windows/ws/src\main\c\platform.c">http://jenkins.imagej.net/job/ImageJ-launcher/label=Windows/ws/src\main\c\platform.c</A>&gt;:1034: error: 'struct dir' has no member named 'handle'
[ERROR] In file included from &lt;<A HREF="http://jenkins.imagej.net/job/ImageJ-launcher/label=Windows/ws/src\main\c\splash.c">http://jenkins.imagej.net/job/ImageJ-launcher/label=Windows/ws/src\main\c\splash.c</A>&gt;:39:
[ERROR] &lt;<A HREF="http://jenkins.imagej.net/job/ImageJ-launcher/label=Windows/ws/src\main\include/platform.h">http://jenkins.imagej.net/job/ImageJ-launcher/label=Windows/ws/src\main\include/platform.h</A>&gt;:105: error: expected identifier or '(' before 'char'
[ERROR] &lt;<A HREF="http://jenkins.imagej.net/job/ImageJ-launcher/label=Windows/ws/src\main\include/platform.h">http://jenkins.imagej.net/job/ImageJ-launcher/label=Windows/ws/src\main\include/platform.h</A>&gt;:105: error: expected ')' before '==' token
[ERROR] &lt;<A HREF="http://jenkins.imagej.net/job/ImageJ-launcher/label=Windows/ws/src\main\include/platform.h">http://jenkins.imagej.net/job/ImageJ-launcher/label=Windows/ws/src\main\include/platform.h</A>&gt;:119: error: expected specifier-qualifier-list before 'HANDLE'

                                                                    
[INFO] 10 files were compiled.
[INFO] 10 files were compiled.
[INFO] ------------------------------------------------------------------------
[INFO] BUILD FAILURE
[INFO] ------------------------------------------------------------------------
[INFO] Total time: 11.093s
[INFO] Finished at: Wed Feb 12 22:55:24 CST 2014
[INFO] Final Memory: 13M/40M
[INFO] ------------------------------------------------------------------------
[ERROR] Failed to execute goal com.github.maven-nar:nar-maven-plugin:3.0.0:nar-compile (default-nar-compile) on project ij-launcher: NAR: Compile failed: gcc failed with return code 1 -&gt; [Help 1]
org.apache.maven.lifecycle.LifecycleExecutionException: Failed to execute goal com.github.maven-nar:nar-maven-plugin:3.0.0:nar-compile (default-nar-compile) on project ij-launcher: NAR: Compile failed
	at org.apache.maven.lifecycle.internal.MojoExecutor.execute(MojoExecutor.java:217)
	at org.apache.maven.lifecycle.internal.MojoExecutor.execute(MojoExecutor.java:153)
	at org.apache.maven.lifecycle.internal.MojoExecutor.execute(MojoExecutor.java:145)
	at org.apache.maven.lifecycle.internal.LifecycleModuleBuilder.buildProject(LifecycleModuleBuilder.java:84)
	at org.apache.maven.lifecycle.internal.LifecycleModuleBuilder.buildProject(LifecycleModuleBuilder.java:59)
	at org.apache.maven.lifecycle.internal.LifecycleStarter.singleThreadedBuild(LifecycleStarter.java:183)
	at org.apache.maven.lifecycle.internal.LifecycleStarter.execute(LifecycleStarter.java:161)
	at org.apache.maven.DefaultMaven.doExecute(DefaultMaven.java:320)
	at org.apache.maven.DefaultMaven.execute(DefaultMaven.java:156)
	at org.apache.maven.cli.MavenCli.execute(MavenCli.java:537)
	at org.apache.maven.cli.MavenCli.doMain(MavenCli.java:196)
	at org.apache.maven.cli.MavenCli.main(MavenCli.java:141)
	at sun.reflect.NativeMethodAccessorImpl.invoke0(Native Method)
	at sun.reflect.NativeMethodAccessorImpl.invoke(NativeMethodAccessorImpl.java:39)
	at sun.reflect.DelegatingMethodAccessorImpl.invoke(DelegatingMethodAccessorImpl.java:25)
	at java.lang.reflect.Method.invoke(Method.java:597)
	at org.codehaus.plexus.classworlds.launcher.Launcher.launchEnhanced(Launcher.java:290)
	at org.codehaus.plexus.classworlds.launcher.Launcher.launch(Launcher.java:230)
	at org.codehaus.plexus.classworlds.launcher.Launcher.mainWithExitCode(Launcher.java:409)
	at org.codehaus.plexus.classworlds.launcher.Launcher.main(Launcher.java:352)
Caused by: org.apache.maven.plugin.MojoExecutionException: NAR: Compile failed
	at com.github.maven_nar.NarCompileMojo.createLibrary(NarCompileMojo.java:437)
	at com.github.maven_nar.NarCompileMojo.narExecute(NarCompileMojo.java:107)
	at com.github.maven_nar.AbstractNarMojo.execute(AbstractNarMojo.java:322)
	at org.apache.maven.plugin.DefaultBuildPluginManager.executeMojo(DefaultBuildPluginManager.java:101)
	at org.apache.maven.lifecycle.internal.MojoExecutor.execute(MojoExecutor.java:209)
	... 19 more
Caused by: gcc failed with return code 1
	at com.github.maven_nar.cpptasks.compiler.CommandLineCompiler.compile(CommandLineCompiler.java:219)
	at com.github.maven_nar.cpptasks.compiler.CommandLineCompilerConfiguration.compile(CommandLineCompilerConfiguration.java:145)
	at com.github.maven_nar.cpptasks.CCTask$Core.run(CCTask.java:1010)
[ERROR] 
[ERROR] 
[ERROR] For more information about the errors and possible solutions, please read the following articles:
[ERROR] [Help 1] <A HREF="http://cwiki.apache.org/confluence/display/MAVEN/MojoExecutionException">http://cwiki.apache.org/confluence/display/MAVEN/MojoExecutionException</A>
Build step 'Execute shell' marked build as failure
Archiving artifacts

</PRE>



<!--endarticle-->
    <HR>
    <P><UL>
        <!--threads-->
	<LI>Previous message: <A HREF="003222.html">[ImageJ-builds] Build failed in Jenkins: ImageJ-launcher &#187; Windows #1104
</A></li>
	<LI>Next message: <A HREF="003225.html">[ImageJ-builds] Build failed in Jenkins: ImageJ-launcher &#187; Windows #1106
</A></li>
         <LI> <B>Messages sorted by:</B> 
              <a href="date.html#3224">[ date ]</a>
              <a href="thread.html#3224">[ thread ]</a>
              <a href="subject.html#3224">[ subject ]</a>
              <a href="author.html#3224">[ author ]</a>
         </LI>
       </UL>

<hr>
<a href="http://imagej.net/mailman/listinfo/imagej-builds">More information about the ImageJ-builds
mailing list</a><br>
</body></html>
