<!DOCTYPE HTML PUBLIC "-//W3C//DTD HTML 4.01 Transitional//EN">
<HTML>
 <HEAD>
   <TITLE> [ImageJ-builds] Build failed in Jenkins: ImageJ1-daily-unit-tests	#273
   </TITLE>
   <LINK REL="Index" HREF="index.html" >
   <LINK REL="made" HREF="mailto:imagej-builds%40imagej.net?Subject=Re%3A%20%5BImageJ-builds%5D%20Build%20failed%20in%20Jenkins%3A%20ImageJ1-daily-unit-tests%0A%09%23273&In-Reply-To=%3C1870011093.159.1392785132423.JavaMail.jenkins%40dev%3E">
   <META NAME="robots" CONTENT="index,nofollow">
   <style type="text/css">
       pre {
           white-space: pre-wrap;       /* css-2.1, curent FF, Opera, Safari */
           }
   </style>
   <META http-equiv="Content-Type" content="text/html; charset=us-ascii">
   <LINK REL="Previous"  HREF="003275.html">
   <LINK REL="Next"  HREF="003276.html">
 </HEAD>
 <BODY BGCOLOR="#ffffff">
   <H1>[ImageJ-builds] Build failed in Jenkins: ImageJ1-daily-unit-tests	#273</H1>
    <B>jenkins at imagej.net</B> 
    <A HREF="mailto:imagej-builds%40imagej.net?Subject=Re%3A%20%5BImageJ-builds%5D%20Build%20failed%20in%20Jenkins%3A%20ImageJ1-daily-unit-tests%0A%09%23273&In-Reply-To=%3C1870011093.159.1392785132423.JavaMail.jenkins%40dev%3E"
       TITLE="[ImageJ-builds] Build failed in Jenkins: ImageJ1-daily-unit-tests	#273">jenkins at imagej.net
       </A><BR>
    <I>Tue Feb 18 22:45:32 CST 2014</I>
    <P><UL>
        <LI>Previous message: <A HREF="003275.html">[ImageJ-builds] Jenkins build is back to normal :	Synchronize-and-deploy-IJ1 #5089
</A></li>
        <LI>Next message: <A HREF="003276.html">[ImageJ-builds] Build failed in Jenkins: ImageJ1-daily-unit-tests	#274
</A></li>
         <LI> <B>Messages sorted by:</B> 
              <a href="date.html#3274">[ date ]</a>
              <a href="thread.html#3274">[ thread ]</a>
              <a href="subject.html#3274">[ subject ]</a>
              <a href="author.html#3274">[ author ]</a>
         </LI>
       </UL>
    <HR>  
<!--beginarticle-->
<PRE>See &lt;<A HREF="http://jenkins.imagej.net/job/ImageJ1-daily-unit-tests/273/">http://jenkins.imagej.net/job/ImageJ1-daily-unit-tests/273/</A>&gt;

------------------------------------------
[...truncated 824 lines...]
1140/1826 KB   
1144/1826 KB   
1148/1826 KB   
1152/1826 KB   
1156/1826 KB   
1160/1826 KB   
1164/1826 KB   
1168/1826 KB   
1172/1826 KB   
1176/1826 KB   
1180/1826 KB   
1184/1826 KB   
1188/1826 KB   
1192/1826 KB   
1196/1826 KB   
1200/1826 KB   
1204/1826 KB   
1208/1826 KB   
1212/1826 KB   
1216/1826 KB   
1220/1826 KB   
1224/1826 KB   
1228/1826 KB   
1232/1826 KB   
1236/1826 KB   
1240/1826 KB   
1244/1826 KB   
1248/1826 KB   
1252/1826 KB   
1256/1826 KB   
1260/1826 KB   
1264/1826 KB   
1268/1826 KB   
1272/1826 KB   
1276/1826 KB   
1280/1826 KB   
1284/1826 KB   
1288/1826 KB   
1292/1826 KB   
1296/1826 KB   
1300/1826 KB   
1304/1826 KB   
1308/1826 KB   
1312/1826 KB   
1316/1826 KB   
1320/1826 KB   
1324/1826 KB   
1328/1826 KB   
1332/1826 KB   
1336/1826 KB   
1340/1826 KB   
1344/1826 KB   
1348/1826 KB   
1352/1826 KB   
1356/1826 KB   
1360/1826 KB   
1364/1826 KB   
1368/1826 KB   
1372/1826 KB   
1376/1826 KB   
1380/1826 KB   
1384/1826 KB   
1388/1826 KB   
1392/1826 KB   
1396/1826 KB   
1400/1826 KB   
1404/1826 KB   
1408/1826 KB   
1412/1826 KB   
1416/1826 KB   
1420/1826 KB   
1424/1826 KB   
1428/1826 KB   
1432/1826 KB   
1436/1826 KB   
1440/1826 KB   
1444/1826 KB   
1448/1826 KB   
1452/1826 KB   
1456/1826 KB   
1460/1826 KB   
1464/1826 KB   
1468/1826 KB   
1472/1826 KB   
1476/1826 KB   
1480/1826 KB   
1484/1826 KB   
1488/1826 KB   
1492/1826 KB   
1496/1826 KB   
1500/1826 KB   
1504/1826 KB   
1508/1826 KB   
1512/1826 KB   
1516/1826 KB   
1520/1826 KB   
1524/1826 KB   
1528/1826 KB   
1532/1826 KB   
1536/1826 KB   
1540/1826 KB   
1544/1826 KB   
1548/1826 KB   
1552/1826 KB   
1556/1826 KB   
1560/1826 KB   
1564/1826 KB   
1568/1826 KB   
1572/1826 KB   
1576/1826 KB   
1580/1826 KB   
1584/1826 KB   
1588/1826 KB   
1592/1826 KB   
1596/1826 KB   
1600/1826 KB   
1604/1826 KB   
1608/1826 KB   
1612/1826 KB   
1616/1826 KB   
1620/1826 KB   
1624/1826 KB   
1628/1826 KB   
1632/1826 KB   
1636/1826 KB   
1640/1826 KB   
1644/1826 KB   
1648/1826 KB   
1652/1826 KB   
1656/1826 KB   
1660/1826 KB   
1664/1826 KB   
1668/1826 KB   
1672/1826 KB   
1676/1826 KB   
1680/1826 KB   
1684/1826 KB   
1688/1826 KB   
1692/1826 KB   
1696/1826 KB   
1700/1826 KB   
1704/1826 KB   
1708/1826 KB   
1712/1826 KB   
1716/1826 KB   
1720/1826 KB   
1724/1826 KB   
1728/1826 KB   
1732/1826 KB   
1736/1826 KB   
1740/1826 KB   
1744/1826 KB   
1748/1826 KB   
1752/1826 KB   
1756/1826 KB   
1760/1826 KB   
1764/1826 KB   
1768/1826 KB   
1772/1826 KB   
1776/1826 KB   
1780/1826 KB   
1784/1826 KB   
1788/1826 KB   
1792/1826 KB   
1796/1826 KB   
1800/1826 KB   
1804/1826 KB   
1808/1826 KB   
1812/1826 KB   
1816/1826 KB   
1820/1826 KB   
1824/1826 KB   
1826/1826 KB   
               
Downloaded: file:/data/devel/jenkins/jobs/ImageJ1-daily-unit-tests/workspace/my-maven-repo/releases/net/imagej/ij/1.48r/ij-1.48r.jar (1826 KB at 13524.2 KB/sec)
[INFO] 
[INFO] --- maven-clean-plugin:2.5:clean (default-clean) @ ij1-tests ---
[INFO] Deleting /data/devel/jenkins/jobs/ImageJ1-daily-unit-tests/workspace/target
[INFO] 
[INFO] --- buildnumber-maven-plugin:1.2:create (default) @ ij1-tests ---
[INFO] Checking for local modifications: skipped.
[INFO] Updating project files from SCM: skipped.
[INFO] Executing: /bin/sh -c cd /data/devel/jenkins/jobs/ImageJ1-daily-unit-tests/workspace &amp;&amp; git rev-parse --verify HEAD
[INFO] Working directory: /data/devel/jenkins/jobs/ImageJ1-daily-unit-tests/workspace
[INFO] Storing buildNumber: 98fab0b7b717226126fc24b657a7a0f60d8ae84a at timestamp: 1392785127549
[INFO] Executing: /bin/sh -c cd /data/devel/jenkins/jobs/ImageJ1-daily-unit-tests/workspace &amp;&amp; git rev-parse --verify HEAD
[INFO] Working directory: /data/devel/jenkins/jobs/ImageJ1-daily-unit-tests/workspace
[INFO] Storing buildScmBranch: UNKNOWN
[INFO] 
[INFO] --- imagej-maven-plugin:0.3.1:set-rootdir (set-rootdir) @ ij1-tests ---
[INFO] Setting rootdir: /data/devel/jenkins/jobs/ImageJ1-daily-unit-tests/workspace
[INFO] 
[INFO] --- maven-resources-plugin:2.5:resources (default-resources) @ ij1-tests ---
[debug] execute contextualize
[INFO] Using 'UTF-8' encoding to copy filtered resources.
[INFO] skip non existing resourceDirectory /data/devel/jenkins/jobs/ImageJ1-daily-unit-tests/workspace/src/main/resources
[INFO] 
[INFO] --- maven-compiler-plugin:2.5:compile (default-compile) @ ij1-tests ---
[INFO] No sources to compile
[INFO] 
[INFO] --- maven-resources-plugin:2.5:testResources (default-testResources) @ ij1-tests ---
[debug] execute contextualize
[INFO] Using 'UTF-8' encoding to copy filtered resources.
[INFO] Copying 28 resources
[INFO] 
[INFO] --- maven-compiler-plugin:2.5:testCompile (default-testCompile) @ ij1-tests ---
[INFO] Compiling 85 source files to /data/devel/jenkins/jobs/ImageJ1-daily-unit-tests/workspace/target/test-classes
[INFO] -------------------------------------------------------------
[ERROR] COMPILATION ERROR : 
[INFO] -------------------------------------------------------------
[ERROR] /data/devel/jenkins/jobs/ImageJ1-daily-unit-tests/workspace/src/test/java/ij/gui/TextRoiTest.java:[255,22] getMacroCode(java.lang.String,ij.ImagePlus) in ij.gui.TextRoi cannot be applied to (ij.process.ImageProcessor)
[ERROR] /data/devel/jenkins/jobs/ImageJ1-daily-unit-tests/workspace/src/test/java/ij/gui/TextRoiTest.java:[261,15] getMacroCode(java.lang.String,ij.ImagePlus) in ij.gui.TextRoi cannot be applied to (ij.process.ImageProcessor)
[ERROR] /data/devel/jenkins/jobs/ImageJ1-daily-unit-tests/workspace/src/test/java/ij/gui/TextRoiTest.java:[269,15] getMacroCode(java.lang.String,ij.ImagePlus) in ij.gui.TextRoi cannot be applied to (ij.process.ImageProcessor)
[ERROR] /data/devel/jenkins/jobs/ImageJ1-daily-unit-tests/workspace/src/test/java/ij/gui/TextRoiTest.java:[275,15] getMacroCode(java.lang.String,ij.ImagePlus) in ij.gui.TextRoi cannot be applied to (ij.process.ImageProcessor)
[ERROR] /data/devel/jenkins/jobs/ImageJ1-daily-unit-tests/workspace/src/test/java/ij/gui/TextRoiTest.java:[300,22] getMacroCode(java.lang.String,ij.ImagePlus) in ij.gui.TextRoi cannot be applied to (ij.process.ByteProcessor)
[ERROR] /data/devel/jenkins/jobs/ImageJ1-daily-unit-tests/workspace/src/test/java/ij/gui/TextRoiTest.java:[305,15] getMacroCode(java.lang.String,ij.ImagePlus) in ij.gui.TextRoi cannot be applied to (ij.process.ByteProcessor)
[ERROR] /data/devel/jenkins/jobs/ImageJ1-daily-unit-tests/workspace/src/test/java/ij/gui/TextRoiTest.java:[310,15] cannot find symbol
symbol  : method recordSetFont()
location: class ij.gui.TextRoi
[ERROR] /data/devel/jenkins/jobs/ImageJ1-daily-unit-tests/workspace/src/test/java/ij/gui/TextRoiTest.java:[312,15] getMacroCode(java.lang.String,ij.ImagePlus) in ij.gui.TextRoi cannot be applied to (ij.process.ByteProcessor)
[INFO] 8 errors 
[INFO] -------------------------------------------------------------
[INFO] ------------------------------------------------------------------------
[INFO] BUILD FAILURE
[INFO] ------------------------------------------------------------------------
[INFO] Total time: 6.157s
[INFO] Finished at: Tue Feb 18 22:45:32 CST 2014
[INFO] Final Memory: 17M/360M
[INFO] ------------------------------------------------------------------------
[ERROR] Failed to execute goal org.apache.maven.plugins:maven-compiler-plugin:2.5:testCompile (default-testCompile) on project ij1-tests: Compilation failure: Compilation failure:
[ERROR] /data/devel/jenkins/jobs/ImageJ1-daily-unit-tests/workspace/src/test/java/ij/gui/TextRoiTest.java:[255,22] getMacroCode(java.lang.String,ij.ImagePlus) in ij.gui.TextRoi cannot be applied to (ij.process.ImageProcessor)
[ERROR] /data/devel/jenkins/jobs/ImageJ1-daily-unit-tests/workspace/src/test/java/ij/gui/TextRoiTest.java:[261,15] getMacroCode(java.lang.String,ij.ImagePlus) in ij.gui.TextRoi cannot be applied to (ij.process.ImageProcessor)
[ERROR] /data/devel/jenkins/jobs/ImageJ1-daily-unit-tests/workspace/src/test/java/ij/gui/TextRoiTest.java:[269,15] getMacroCode(java.lang.String,ij.ImagePlus) in ij.gui.TextRoi cannot be applied to (ij.process.ImageProcessor)
[ERROR] /data/devel/jenkins/jobs/ImageJ1-daily-unit-tests/workspace/src/test/java/ij/gui/TextRoiTest.java:[275,15] getMacroCode(java.lang.String,ij.ImagePlus) in ij.gui.TextRoi cannot be applied to (ij.process.ImageProcessor)
[ERROR] /data/devel/jenkins/jobs/ImageJ1-daily-unit-tests/workspace/src/test/java/ij/gui/TextRoiTest.java:[300,22] getMacroCode(java.lang.String,ij.ImagePlus) in ij.gui.TextRoi cannot be applied to (ij.process.ByteProcessor)
[ERROR] /data/devel/jenkins/jobs/ImageJ1-daily-unit-tests/workspace/src/test/java/ij/gui/TextRoiTest.java:[305,15] getMacroCode(java.lang.String,ij.ImagePlus) in ij.gui.TextRoi cannot be applied to (ij.process.ByteProcessor)
[ERROR] /data/devel/jenkins/jobs/ImageJ1-daily-unit-tests/workspace/src/test/java/ij/gui/TextRoiTest.java:[310,15] cannot find symbol
[ERROR] symbol  : method recordSetFont()
[ERROR] location: class ij.gui.TextRoi
[ERROR] /data/devel/jenkins/jobs/ImageJ1-daily-unit-tests/workspace/src/test/java/ij/gui/TextRoiTest.java:[312,15] getMacroCode(java.lang.String,ij.ImagePlus) in ij.gui.TextRoi cannot be applied to (ij.process.ByteProcessor)
[ERROR] -&gt; [Help 1]
[ERROR] 
[ERROR] To see the full stack trace of the errors, re-run Maven with the -e switch.
[ERROR] Re-run Maven using the -X switch to enable full debug logging.
[ERROR] 
[ERROR] For more information about the errors and possible solutions, please read the following articles:
[ERROR] [Help 1] <A HREF="http://cwiki.apache.org/confluence/display/MAVEN/MojoFailureException">http://cwiki.apache.org/confluence/display/MAVEN/MojoFailureException</A>
Build step 'Execute shell' marked build as failure
Recording test results

</PRE>





<!--endarticle-->
    <HR>
    <P><UL>
        <!--threads-->
	<LI>Previous message: <A HREF="003275.html">[ImageJ-builds] Jenkins build is back to normal :	Synchronize-and-deploy-IJ1 #5089
</A></li>
	<LI>Next message: <A HREF="003276.html">[ImageJ-builds] Build failed in Jenkins: ImageJ1-daily-unit-tests	#274
</A></li>
         <LI> <B>Messages sorted by:</B> 
              <a href="date.html#3274">[ date ]</a>
              <a href="thread.html#3274">[ thread ]</a>
              <a href="subject.html#3274">[ subject ]</a>
              <a href="author.html#3274">[ author ]</a>
         </LI>
       </UL>

<hr>
<a href="http://imagej.net/mailman/listinfo/imagej-builds">More information about the ImageJ-builds
mailing list</a><br>
</body></html>
