<!DOCTYPE HTML PUBLIC "-//W3C//DTD HTML 4.01 Transitional//EN">
<HTML>
 <HEAD>
   <TITLE> [ImageJ-builds] Build failed in Jenkins: ImageJ #4778
   </TITLE>
   <LINK REL="Index" HREF="index.html" >
   <LINK REL="made" HREF="mailto:imagej-builds%40imagej.net?Subject=Re%3A%20%5BImageJ-builds%5D%20Build%20failed%20in%20Jenkins%3A%20ImageJ%20%234778&In-Reply-To=%3C2104315949.128.1373654424311.JavaMail.jenkins%40dev%3E">
   <META NAME="robots" CONTENT="index,nofollow">
   <style type="text/css">
       pre {
           white-space: pre-wrap;       /* css-2.1, curent FF, Opera, Safari */
           }
   </style>
   <META http-equiv="Content-Type" content="text/html; charset=us-ascii">
   <LINK REL="Previous"  HREF="002107.html">
   <LINK REL="Next"  HREF="002111.html">
 </HEAD>
 <BODY BGCOLOR="#ffffff">
   <H1>[ImageJ-builds] Build failed in Jenkins: ImageJ #4778</H1>
    <B>jenkins at imagej.net</B> 
    <A HREF="mailto:imagej-builds%40imagej.net?Subject=Re%3A%20%5BImageJ-builds%5D%20Build%20failed%20in%20Jenkins%3A%20ImageJ%20%234778&In-Reply-To=%3C2104315949.128.1373654424311.JavaMail.jenkins%40dev%3E"
       TITLE="[ImageJ-builds] Build failed in Jenkins: ImageJ #4778">jenkins at imagej.net
       </A><BR>
    <I>Fri Jul 12 13:40:24 CDT 2013</I>
    <P><UL>
        <LI>Previous message: <A HREF="002107.html">[ImageJ-builds] Build failed in Jenkins: ImageJ #4777
</A></li>
        <LI>Next message: <A HREF="002111.html">[ImageJ-builds] Jenkins build is back to normal : ImageJ #4779
</A></li>
         <LI> <B>Messages sorted by:</B> 
              <a href="date.html#2108">[ date ]</a>
              <a href="thread.html#2108">[ thread ]</a>
              <a href="subject.html#2108">[ subject ]</a>
              <a href="author.html#2108">[ author ]</a>
         </LI>
       </UL>
    <HR>  
<!--beginarticle-->
<PRE>See &lt;<A HREF="http://jenkins.imagej.net/job/ImageJ/4778/">http://jenkins.imagej.net/job/ImageJ/4778/</A>&gt;

------------------------------------------
[...truncated 2058 lines...]
[INFO] 797b downloaded  (plexus-compiler-javac-1.5.3.pom)
[INFO] Downloading: <A HREF="file:///var/lib/jenkins/.m2/repository/org/codehaus/plexus/plexus-compilers/1.5.3/plexus-compilers-1.5.3.pom">file:///var/lib/jenkins/.m2/repository/org/codehaus/plexus/plexus-compilers/1.5.3/plexus-compilers-1.5.3.pom</A>
[INFO] 7K downloaded  (plexus-compilers-1.5.3.pom)
[INFO] Downloading: <A HREF="file:///var/lib/jenkins/.m2/repository/org/codehaus/plexus/plexus-utils/1.0.5/plexus-utils-1.0.5.pom">file:///var/lib/jenkins/.m2/repository/org/codehaus/plexus/plexus-utils/1.0.5/plexus-utils-1.0.5.pom</A>
[INFO] 918b downloaded  (plexus-utils-1.0.5.pom)
[INFO] Downloading: <A HREF="file:///var/lib/jenkins/.m2/repository/org/apache/maven/maven-artifact/2.0/maven-artifact-2.0.pom">file:///var/lib/jenkins/.m2/repository/org/apache/maven/maven-artifact/2.0/maven-artifact-2.0.pom</A>
[INFO] 723b downloaded  (maven-artifact-2.0.pom)
[INFO] Downloading: <A HREF="file:///var/lib/jenkins/.m2/repository/org/codehaus/plexus/plexus-utils/1.0.4/plexus-utils-1.0.4.jar">file:///var/lib/jenkins/.m2/repository/org/codehaus/plexus/plexus-utils/1.0.4/plexus-utils-1.0.4.jar</A>
[INFO] 159K downloaded  (plexus-utils-1.0.4.jar)
[INFO] Downloading: <A HREF="file:///var/lib/jenkins/.m2/repository/org/codehaus/plexus/plexus-compiler-api/1.5.3/plexus-compiler-api-1.5.3.jar">file:///var/lib/jenkins/.m2/repository/org/codehaus/plexus/plexus-compiler-api/1.5.3/plexus-compiler-api-1.5.3.jar</A>
[INFO] 19K downloaded  (plexus-compiler-api-1.5.3.jar)
[INFO] Downloading: <A HREF="file:///var/lib/jenkins/.m2/repository/org/codehaus/plexus/plexus-compiler-manager/1.5.3/plexus-compiler-manager-1.5.3.jar">file:///var/lib/jenkins/.m2/repository/org/codehaus/plexus/plexus-compiler-manager/1.5.3/plexus-compiler-manager-1.5.3.jar</A>
[INFO] 5K downloaded  (plexus-compiler-manager-1.5.3.jar)
[INFO] Downloading: <A HREF="file:///var/lib/jenkins/.m2/repository/org/codehaus/plexus/plexus-compiler-javac/1.5.3/plexus-compiler-javac-1.5.3.jar">file:///var/lib/jenkins/.m2/repository/org/codehaus/plexus/plexus-compiler-javac/1.5.3/plexus-compiler-javac-1.5.3.jar</A>
[INFO] 13K downloaded  (plexus-compiler-javac-1.5.3.jar)
[INFO] [INFO] [compiler:compile {execution: default-compile}]
[INFO] [INFO] Compiling 1 source file to /data/devel/jenkins/jobs/ImageJ/workspace/core/updater/target/it/ij-uploader-hobbes/target/classes
[INFO] [INFO] [resources:testResources {execution: default-testResources}]
[INFO] [WARNING] Using platform encoding (UTF-8 actually) to copy filtered resources, i.e. build is platform dependent!
[INFO] [INFO] skip non existing resourceDirectory /data/devel/jenkins/jobs/ImageJ/workspace/core/updater/target/it/ij-uploader-hobbes/src/test/resources
[INFO] [INFO] [compiler:testCompile {execution: default-testCompile}]
[INFO] [INFO] No sources to compile
[INFO] Downloading: <A HREF="file:///var/lib/jenkins/.m2/repository/org/apache/maven/maven-plugin-api/2.0.9/maven-plugin-api-2.0.9.pom">file:///var/lib/jenkins/.m2/repository/org/apache/maven/maven-plugin-api/2.0.9/maven-plugin-api-2.0.9.pom</A>
[INFO] 1K downloaded  (maven-plugin-api-2.0.9.pom)
[INFO] Downloading: <A HREF="file:///var/lib/jenkins/.m2/repository/org/apache/maven/maven/2.0.9/maven-2.0.9.pom">file:///var/lib/jenkins/.m2/repository/org/apache/maven/maven/2.0.9/maven-2.0.9.pom</A>
[INFO] 18K downloaded  (maven-2.0.9.pom)
[INFO] Downloading: <A HREF="file:///var/lib/jenkins/.m2/repository/org/apache/maven/maven-parent/8/maven-parent-8.pom">file:///var/lib/jenkins/.m2/repository/org/apache/maven/maven-parent/8/maven-parent-8.pom</A>
[INFO] 23K downloaded  (maven-parent-8.pom)
[INFO] Downloading: <A HREF="file:///var/lib/jenkins/.m2/repository/org/apache/maven/surefire/surefire-booter/2.10/surefire-booter-2.10.pom">file:///var/lib/jenkins/.m2/repository/org/apache/maven/surefire/surefire-booter/2.10/surefire-booter-2.10.pom</A>
[INFO] 2K downloaded  (surefire-booter-2.10.pom)
[INFO] Downloading: <A HREF="file:///var/lib/jenkins/.m2/repository/org/apache/maven/surefire/surefire-api/2.10/surefire-api-2.10.pom">file:///var/lib/jenkins/.m2/repository/org/apache/maven/surefire/surefire-api/2.10/surefire-api-2.10.pom</A>
[INFO] 2K downloaded  (surefire-api-2.10.pom)
[INFO] Downloading: <A HREF="file:///var/lib/jenkins/.m2/repository/org/apache/maven/surefire/maven-surefire-common/2.10/maven-surefire-common-2.10.pom">file:///var/lib/jenkins/.m2/repository/org/apache/maven/surefire/maven-surefire-common/2.10/maven-surefire-common-2.10.pom</A>
[INFO] 3K downloaded  (maven-surefire-common-2.10.pom)
[INFO] Downloading: <A HREF="file:///var/lib/jenkins/.m2/repository/org/codehaus/plexus/plexus-utils/2.1/plexus-utils-2.1.pom">file:///var/lib/jenkins/.m2/repository/org/codehaus/plexus/plexus-utils/2.1/plexus-utils-2.1.pom</A>
[INFO] 3K downloaded  (plexus-utils-2.1.pom)
[INFO] Downloading: <A HREF="file:///var/lib/jenkins/.m2/repository/org/sonatype/spice/spice-parent/16/spice-parent-16.pom">file:///var/lib/jenkins/.m2/repository/org/sonatype/spice/spice-parent/16/spice-parent-16.pom</A>
[INFO] 8K downloaded  (spice-parent-16.pom)
[INFO] Downloading: <A HREF="file:///var/lib/jenkins/.m2/repository/org/sonatype/forge/forge-parent/5/forge-parent-5.pom">file:///var/lib/jenkins/.m2/repository/org/sonatype/forge/forge-parent/5/forge-parent-5.pom</A>
[INFO] 8K downloaded  (forge-parent-5.pom)
[INFO] Downloading: <A HREF="file:///var/lib/jenkins/.m2/repository/org/apache/maven/maven-artifact/2.0.9/maven-artifact-2.0.9.pom">file:///var/lib/jenkins/.m2/repository/org/apache/maven/maven-artifact/2.0.9/maven-artifact-2.0.9.pom</A>
[INFO] 1K downloaded  (maven-artifact-2.0.9.pom)
[INFO] Downloading: <A HREF="file:///var/lib/jenkins/.m2/repository/org/apache/maven/maven-project/2.0.9/maven-project-2.0.9.pom">file:///var/lib/jenkins/.m2/repository/org/apache/maven/maven-project/2.0.9/maven-project-2.0.9.pom</A>
[INFO] 2K downloaded  (maven-project-2.0.9.pom)
[INFO] Downloading: <A HREF="file:///var/lib/jenkins/.m2/repository/org/apache/maven/maven-settings/2.0.9/maven-settings-2.0.9.pom">file:///var/lib/jenkins/.m2/repository/org/apache/maven/maven-settings/2.0.9/maven-settings-2.0.9.pom</A>
[INFO] 2K downloaded  (maven-settings-2.0.9.pom)
[INFO] Downloading: <A HREF="file:///var/lib/jenkins/.m2/repository/org/apache/maven/maven-model/2.0.9/maven-model-2.0.9.pom">file:///var/lib/jenkins/.m2/repository/org/apache/maven/maven-model/2.0.9/maven-model-2.0.9.pom</A>
[INFO] 3K downloaded  (maven-model-2.0.9.pom)
[INFO] Downloading: <A HREF="file:///var/lib/jenkins/.m2/repository/org/apache/maven/maven-profile/2.0.9/maven-profile-2.0.9.pom">file:///var/lib/jenkins/.m2/repository/org/apache/maven/maven-profile/2.0.9/maven-profile-2.0.9.pom</A>
[INFO] 2K downloaded  (maven-profile-2.0.9.pom)
[INFO] Downloading: <A HREF="file:///var/lib/jenkins/.m2/repository/org/apache/maven/maven-artifact-manager/2.0.9/maven-artifact-manager-2.0.9.pom">file:///var/lib/jenkins/.m2/repository/org/apache/maven/maven-artifact-manager/2.0.9/maven-artifact-manager-2.0.9.pom</A>
[INFO] 2K downloaded  (maven-artifact-manager-2.0.9.pom)
[INFO] Downloading: <A HREF="file:///var/lib/jenkins/.m2/repository/org/apache/maven/maven-repository-metadata/2.0.9/maven-repository-metadata-2.0.9.pom">file:///var/lib/jenkins/.m2/repository/org/apache/maven/maven-repository-metadata/2.0.9/maven-repository-metadata-2.0.9.pom</A>
[INFO] 1K downloaded  (maven-repository-metadata-2.0.9.pom)
[INFO] Downloading: <A HREF="file:///var/lib/jenkins/.m2/repository/org/apache/maven/maven-plugin-registry/2.0.9/maven-plugin-registry-2.0.9.pom">file:///var/lib/jenkins/.m2/repository/org/apache/maven/maven-plugin-registry/2.0.9/maven-plugin-registry-2.0.9.pom</A>
[INFO] 1K downloaded  (maven-plugin-registry-2.0.9.pom)
[INFO] Downloading: <A HREF="file:///var/lib/jenkins/.m2/repository/org/apache/maven/maven-core/2.0.9/maven-core-2.0.9.pom">file:///var/lib/jenkins/.m2/repository/org/apache/maven/maven-core/2.0.9/maven-core-2.0.9.pom</A>
[INFO] 7K downloaded  (maven-core-2.0.9.pom)
[INFO] Downloading: <A HREF="file:///var/lib/jenkins/.m2/repository/org/apache/maven/maven-plugin-parameter-documenter/2.0.9/maven-plugin-parameter-documenter-2.0.9.pom">file:///var/lib/jenkins/.m2/repository/org/apache/maven/maven-plugin-parameter-documenter/2.0.9/maven-plugin-parameter-documenter-2.0.9.pom</A>
[INFO] 1K downloaded  (maven-plugin-parameter-documenter-2.0.9.pom)
[INFO] Downloading: <A HREF="file:///var/lib/jenkins/.m2/repository/org/apache/maven/reporting/maven-reporting-api/2.0.9/maven-reporting-api-2.0.9.pom">file:///var/lib/jenkins/.m2/repository/org/apache/maven/reporting/maven-reporting-api/2.0.9/maven-reporting-api-2.0.9.pom</A>
[INFO] 1K downloaded  (maven-reporting-api-2.0.9.pom)
[INFO] Downloading: <A HREF="file:///var/lib/jenkins/.m2/repository/org/apache/maven/reporting/maven-reporting/2.0.9/maven-reporting-2.0.9.pom">file:///var/lib/jenkins/.m2/repository/org/apache/maven/reporting/maven-reporting/2.0.9/maven-reporting-2.0.9.pom</A>
[INFO] 1K downloaded  (maven-reporting-2.0.9.pom)
[INFO] Downloading: <A HREF="file:///var/lib/jenkins/.m2/repository/org/apache/maven/maven-error-diagnostics/2.0.9/maven-error-diagnostics-2.0.9.pom">file:///var/lib/jenkins/.m2/repository/org/apache/maven/maven-error-diagnostics/2.0.9/maven-error-diagnostics-2.0.9.pom</A>
[INFO] 1K downloaded  (maven-error-diagnostics-2.0.9.pom)
[INFO] Downloading: <A HREF="file:///var/lib/jenkins/.m2/repository/org/apache/maven/maven-plugin-descriptor/2.0.9/maven-plugin-descriptor-2.0.9.pom">file:///var/lib/jenkins/.m2/repository/org/apache/maven/maven-plugin-descriptor/2.0.9/maven-plugin-descriptor-2.0.9.pom</A>
[INFO] 2K downloaded  (maven-plugin-descriptor-2.0.9.pom)
[INFO] Downloading: <A HREF="file:///var/lib/jenkins/.m2/repository/org/apache/maven/maven-monitor/2.0.9/maven-monitor-2.0.9.pom">file:///var/lib/jenkins/.m2/repository/org/apache/maven/maven-monitor/2.0.9/maven-monitor-2.0.9.pom</A>
[INFO] 1K downloaded  (maven-monitor-2.0.9.pom)
[INFO] Downloading: <A HREF="file:///var/lib/jenkins/.m2/repository/org/apache/maven/maven-toolchain/2.0.9/maven-toolchain-2.0.9.pom">file:///var/lib/jenkins/.m2/repository/org/apache/maven/maven-toolchain/2.0.9/maven-toolchain-2.0.9.pom</A>
[INFO] 3K downloaded  (maven-toolchain-2.0.9.pom)
[INFO] Downloading: <A HREF="file:///var/lib/jenkins/.m2/repository/org/apache/maven/shared/maven-common-artifact-filters/1.3/maven-common-artifact-filters-1.3.pom">file:///var/lib/jenkins/.m2/repository/org/apache/maven/shared/maven-common-artifact-filters/1.3/maven-common-artifact-filters-1.3.pom</A>
[INFO] 3K downloaded  (maven-common-artifact-filters-1.3.pom)
[INFO] Downloading: <A HREF="file:///var/lib/jenkins/.m2/repository/org/apache/maven/shared/maven-shared-components/12/maven-shared-components-12.pom">file:///var/lib/jenkins/.m2/repository/org/apache/maven/shared/maven-shared-components/12/maven-shared-components-12.pom</A>
[INFO] 9K downloaded  (maven-shared-components-12.pom)
[INFO] Downloading: <A HREF="file:///var/lib/jenkins/.m2/repository/org/apache/maven/maven-parent/13/maven-parent-13.pom">file:///var/lib/jenkins/.m2/repository/org/apache/maven/maven-parent/13/maven-parent-13.pom</A>
[INFO] 22K downloaded  (maven-parent-13.pom)
[INFO] Downloading: <A HREF="file:///var/lib/jenkins/.m2/repository/org/apache/apache/6/apache-6.pom">file:///var/lib/jenkins/.m2/repository/org/apache/apache/6/apache-6.pom</A>
[INFO] 12K downloaded  (apache-6.pom)
[INFO] Downloading: <A HREF="file:///var/lib/jenkins/.m2/repository/org/codehaus/plexus/plexus-container-default/1.0-alpha-9/plexus-container-default-1.0-alpha-9.pom">file:///var/lib/jenkins/.m2/repository/org/codehaus/plexus/plexus-container-default/1.0-alpha-9/plexus-container-default-1.0-alpha-9.pom</A>
[INFO] 1K downloaded  (plexus-container-default-1.0-alpha-9.pom)
[INFO] Downloading: <A HREF="file:///var/lib/jenkins/.m2/repository/org/codehaus/plexus/plexus-utils/2.1/plexus-utils-2.1.jar">file:///var/lib/jenkins/.m2/repository/org/codehaus/plexus/plexus-utils/2.1/plexus-utils-2.1.jar</A>
[INFO] Downloading: <A HREF="file:///var/lib/jenkins/.m2/repository/org/apache/maven/shared/maven-common-artifact-filters/1.3/maven-common-artifact-filters-1.3.jar">file:///var/lib/jenkins/.m2/repository/org/apache/maven/shared/maven-common-artifact-filters/1.3/maven-common-artifact-filters-1.3.jar</A>
[INFO] Downloading: <A HREF="file:///var/lib/jenkins/.m2/repository/org/apache/maven/surefire/surefire-booter/2.10/surefire-booter-2.10.jar">file:///var/lib/jenkins/.m2/repository/org/apache/maven/surefire/surefire-booter/2.10/surefire-booter-2.10.jar</A>
[INFO] 33K downloaded  (surefire-booter-2.10.jar)
[INFO] 30K downloaded  (maven-common-artifact-filters-1.3.jar)
[INFO] Downloading: <A HREF="file:///var/lib/jenkins/.m2/repository/org/apache/maven/surefire/surefire-api/2.10/surefire-api-2.10.jar">file:///var/lib/jenkins/.m2/repository/org/apache/maven/surefire/surefire-api/2.10/surefire-api-2.10.jar</A>
[INFO] 219K downloaded  (plexus-utils-2.1.jar)
[INFO] 157K downloaded  (surefire-api-2.10.jar)
[INFO] Downloading: <A HREF="file:///var/lib/jenkins/.m2/repository/org/apache/maven/surefire/maven-surefire-common/2.10/maven-surefire-common-2.10.jar">file:///var/lib/jenkins/.m2/repository/org/apache/maven/surefire/maven-surefire-common/2.10/maven-surefire-common-2.10.jar</A>
[INFO] 59K downloaded  (maven-surefire-common-2.10.jar)
[INFO] [INFO] [surefire:test {execution: default-test}]
[INFO] [INFO] No tests to run.
[INFO] [INFO] Surefire report directory: /data/devel/jenkins/jobs/ImageJ/workspace/core/updater/target/it/ij-uploader-hobbes/target/surefire-reports
[INFO] Downloading: <A HREF="file:///var/lib/jenkins/.m2/repository/org/apache/maven/surefire/surefire-junit3/2.10/surefire-junit3-2.10.pom">file:///var/lib/jenkins/.m2/repository/org/apache/maven/surefire/surefire-junit3/2.10/surefire-junit3-2.10.pom</A>
[INFO] 1K downloaded  (surefire-junit3-2.10.pom)
[INFO] Downloading: <A HREF="file:///var/lib/jenkins/.m2/repository/org/apache/maven/surefire/surefire-providers/2.10/surefire-providers-2.10.pom">file:///var/lib/jenkins/.m2/repository/org/apache/maven/surefire/surefire-providers/2.10/surefire-providers-2.10.pom</A>
[INFO] 2K downloaded  (surefire-providers-2.10.pom)
[INFO] Downloading: <A HREF="file:///var/lib/jenkins/.m2/repository/org/apache/maven/surefire/surefire-junit3/2.10/surefire-junit3-2.10.jar">file:///var/lib/jenkins/.m2/repository/org/apache/maven/surefire/surefire-junit3/2.10/surefire-junit3-2.10.jar</A>
[INFO] 25K downloaded  (surefire-junit3-2.10.jar)
[INFO] 
[INFO] -------------------------------------------------------
[INFO]  T E S T S
[INFO] -------------------------------------------------------
[INFO] 
[INFO] Results :
[INFO] 
[INFO] Tests run: 0, Failures: 0, Errors: 0, Skipped: 0
[INFO] 
[INFO] Downloading: <A HREF="file:///var/lib/jenkins/.m2/repository/org/apache/maven/maven-project/2.0.7/maven-project-2.0.7.pom">file:///var/lib/jenkins/.m2/repository/org/apache/maven/maven-project/2.0.7/maven-project-2.0.7.pom</A>
[INFO] 2K downloaded  (maven-project-2.0.7.pom)
[INFO] Downloading: <A HREF="file:///var/lib/jenkins/.m2/repository/org/apache/maven/maven/2.0.7/maven-2.0.7.pom">file:///var/lib/jenkins/.m2/repository/org/apache/maven/maven/2.0.7/maven-2.0.7.pom</A>
[INFO] 10K downloaded  (maven-2.0.7.pom)
[INFO] Downloading: <A HREF="file:///var/lib/jenkins/.m2/repository/org/apache/maven/maven-settings/2.0.7/maven-settings-2.0.7.pom">file:///var/lib/jenkins/.m2/repository/org/apache/maven/maven-settings/2.0.7/maven-settings-2.0.7.pom</A>
[INFO] 1K downloaded  (maven-settings-2.0.7.pom)
[INFO] Downloading: <A HREF="file:///var/lib/jenkins/.m2/repository/org/apache/maven/maven-model/2.0.7/maven-model-2.0.7.pom">file:///var/lib/jenkins/.m2/repository/org/apache/maven/maven-model/2.0.7/maven-model-2.0.7.pom</A>
[INFO] 2K downloaded  (maven-model-2.0.7.pom)
[INFO] Downloading: <A HREF="file:///var/lib/jenkins/.m2/repository/org/apache/maven/maven-profile/2.0.7/maven-profile-2.0.7.pom">file:///var/lib/jenkins/.m2/repository/org/apache/maven/maven-profile/2.0.7/maven-profile-2.0.7.pom</A>
[INFO] 1K downloaded  (maven-profile-2.0.7.pom)
[INFO] Downloading: <A HREF="file:///var/lib/jenkins/.m2/repository/org/apache/maven/maven-artifact-manager/2.0.7/maven-artifact-manager-2.0.7.pom">file:///var/lib/jenkins/.m2/repository/org/apache/maven/maven-artifact-manager/2.0.7/maven-artifact-manager-2.0.7.pom</A>
[INFO] 2K downloaded  (maven-artifact-manager-2.0.7.pom)
[INFO] Downloading: <A HREF="file:///var/lib/jenkins/.m2/repository/org/apache/maven/maven-repository-metadata/2.0.7/maven-repository-metadata-2.0.7.pom">file:///var/lib/jenkins/.m2/repository/org/apache/maven/maven-repository-metadata/2.0.7/maven-repository-metadata-2.0.7.pom</A>
[INFO] 1K downloaded  (maven-repository-metadata-2.0.7.pom)
[INFO] Downloading: <A HREF="file:///var/lib/jenkins/.m2/repository/org/apache/maven/maven-artifact/2.0.7/maven-artifact-2.0.7.pom">file:///var/lib/jenkins/.m2/repository/org/apache/maven/maven-artifact/2.0.7/maven-artifact-2.0.7.pom</A>
[INFO] 1K downloaded  (maven-artifact-2.0.7.pom)
[INFO] Downloading: <A HREF="file:///var/lib/jenkins/.m2/repository/org/apache/maven/maven-plugin-registry/2.0.7/maven-plugin-registry-2.0.7.pom">file:///var/lib/jenkins/.m2/repository/org/apache/maven/maven-plugin-registry/2.0.7/maven-plugin-registry-2.0.7.pom</A>
[INFO] 1K downloaded  (maven-plugin-registry-2.0.7.pom)
[INFO] Downloading: <A HREF="file:///var/lib/jenkins/.m2/repository/org/apache/maven/maven-archiver/2.3/maven-archiver-2.3.pom">file:///var/lib/jenkins/.m2/repository/org/apache/maven/maven-archiver/2.3/maven-archiver-2.3.pom</A>
[INFO] 3K downloaded  (maven-archiver-2.3.pom)
[INFO] Downloading: <A HREF="file:///var/lib/jenkins/.m2/repository/org/apache/maven/shared/maven-shared-components/8/maven-shared-components-8.pom">file:///var/lib/jenkins/.m2/repository/org/apache/maven/shared/maven-shared-components/8/maven-shared-components-8.pom</A>
[INFO] 2K downloaded  (maven-shared-components-8.pom)
[INFO] Downloading: <A HREF="file:///var/lib/jenkins/.m2/repository/org/apache/maven/maven-model/2.0/maven-model-2.0.pom">file:///var/lib/jenkins/.m2/repository/org/apache/maven/maven-model/2.0/maven-model-2.0.pom</A>
[INFO] 2K downloaded  (maven-model-2.0.pom)
[INFO] Downloading: <A HREF="file:///var/lib/jenkins/.m2/repository/org/apache/maven/maven-project/2.0/maven-project-2.0.pom">file:///var/lib/jenkins/.m2/repository/org/apache/maven/maven-project/2.0/maven-project-2.0.pom</A>
[INFO] 1K downloaded  (maven-project-2.0.pom)
[INFO] Downloading: <A HREF="file:///var/lib/jenkins/.m2/repository/org/codehaus/plexus/plexus-archiver/1.0-alpha-9/plexus-archiver-1.0-alpha-9.pom">file:///var/lib/jenkins/.m2/repository/org/codehaus/plexus/plexus-archiver/1.0-alpha-9/plexus-archiver-1.0-alpha-9.pom</A>
[INFO] 1K downloaded  (plexus-archiver-1.0-alpha-9.pom)
[INFO] Downloading: <A HREF="file:///var/lib/jenkins/.m2/repository/org/codehaus/plexus/plexus-components/1.1.9/plexus-components-1.1.9.pom">file:///var/lib/jenkins/.m2/repository/org/codehaus/plexus/plexus-components/1.1.9/plexus-components-1.1.9.pom</A>
[INFO] 2K downloaded  (plexus-components-1.1.9.pom)
[INFO] Downloading: <A HREF="file:///var/lib/jenkins/.m2/repository/org/codehaus/plexus/plexus/1.0.10/plexus-1.0.10.pom">file:///var/lib/jenkins/.m2/repository/org/codehaus/plexus/plexus/1.0.10/plexus-1.0.10.pom</A>
[INFO] 8K downloaded  (plexus-1.0.10.pom)
[INFO] Downloading: <A HREF="file:///var/lib/jenkins/.m2/repository/org/codehaus/plexus/plexus-container-default/1.0-alpha-15/plexus-container-default-1.0-alpha-15.pom">file:///var/lib/jenkins/.m2/repository/org/codehaus/plexus/plexus-container-default/1.0-alpha-15/plexus-container-default-1.0-alpha-15.pom</A>
[INFO] 1K downloaded  (plexus-container-default-1.0-alpha-15.pom)
[INFO] Downloading: <A HREF="file:///var/lib/jenkins/.m2/repository/org/codehaus/plexus/plexus-containers/1.0-alpha-15/plexus-containers-1.0-alpha-15.pom">file:///var/lib/jenkins/.m2/repository/org/codehaus/plexus/plexus-containers/1.0-alpha-15/plexus-containers-1.0-alpha-15.pom</A>
[INFO] 1K downloaded  (plexus-containers-1.0-alpha-15.pom)
[INFO] Downloading: <A HREF="file:///var/lib/jenkins/.m2/repository/org/codehaus/plexus/plexus/1.0.9/plexus-1.0.9.pom">file:///var/lib/jenkins/.m2/repository/org/codehaus/plexus/plexus/1.0.9/plexus-1.0.9.pom</A>
[INFO] 7K downloaded  (plexus-1.0.9.pom)
[INFO] Downloading: <A HREF="file:///var/lib/jenkins/.m2/repository/org/codehaus/plexus/plexus-component-api/1.0-alpha-15/plexus-component-api-1.0-alpha-15.pom">file:///var/lib/jenkins/.m2/repository/org/codehaus/plexus/plexus-component-api/1.0-alpha-15/plexus-component-api-1.0-alpha-15.pom</A>
[INFO] 948b downloaded  (plexus-component-api-1.0-alpha-15.pom)
[INFO] Downloading: <A HREF="file:///var/lib/jenkins/.m2/repository/org/codehaus/plexus/plexus-classworlds/1.2-alpha-6/plexus-classworlds-1.2-alpha-6.pom">file:///var/lib/jenkins/.m2/repository/org/codehaus/plexus/plexus-classworlds/1.2-alpha-6/plexus-classworlds-1.2-alpha-6.pom</A>
[INFO] 2K downloaded  (plexus-classworlds-1.2-alpha-6.pom)
[INFO] Downloading: <A HREF="file:///var/lib/jenkins/.m2/repository/org/codehaus/plexus/plexus-io/1.0-alpha-1/plexus-io-1.0-alpha-1.pom">file:///var/lib/jenkins/.m2/repository/org/codehaus/plexus/plexus-io/1.0-alpha-1/plexus-io-1.0-alpha-1.pom</A>
[INFO] 1K downloaded  (plexus-io-1.0-alpha-1.pom)
[INFO] Downloading: <A HREF="file:///var/lib/jenkins/.m2/repository/org/codehaus/plexus/plexus-component-api/1.0-alpha-16/plexus-component-api-1.0-alpha-16.pom">file:///var/lib/jenkins/.m2/repository/org/codehaus/plexus/plexus-component-api/1.0-alpha-16/plexus-component-api-1.0-alpha-16.pom</A>
[INFO] 2K downloaded  (plexus-component-api-1.0-alpha-16.pom)
[INFO] Downloading: <A HREF="file:///var/lib/jenkins/.m2/repository/org/codehaus/plexus/plexus-containers/1.0-alpha-16/plexus-containers-1.0-alpha-16.pom">file:///var/lib/jenkins/.m2/repository/org/codehaus/plexus/plexus-containers/1.0-alpha-16/plexus-containers-1.0-alpha-16.pom</A>
[INFO] 1K downloaded  (plexus-containers-1.0-alpha-16.pom)
[INFO] Downloading: <A HREF="file:///var/lib/jenkins/.m2/repository/org/codehaus/plexus/plexus-utils/1.4.9/plexus-utils-1.4.9.pom">file:///var/lib/jenkins/.m2/repository/org/codehaus/plexus/plexus-utils/1.4.9/plexus-utils-1.4.9.pom</A>
[INFO] 2K downloaded  (plexus-utils-1.4.9.pom)
[INFO] Downloading: <A HREF="file:///var/lib/jenkins/.m2/repository/commons-lang/commons-lang/2.1/commons-lang-2.1.pom">file:///var/lib/jenkins/.m2/repository/commons-lang/commons-lang/2.1/commons-lang-2.1.pom</A>
[INFO] 9K downloaded  (commons-lang-2.1.pom)
[INFO] Downloading: <A HREF="file:///var/lib/jenkins/.m2/repository/org/codehaus/plexus/plexus-utils/1.4.9/plexus-utils-1.4.9.jar">file:///var/lib/jenkins/.m2/repository/org/codehaus/plexus/plexus-utils/1.4.9/plexus-utils-1.4.9.jar</A>
[INFO] Downloading: <A HREF="file:///var/lib/jenkins/.m2/repository/org/apache/maven/maven-archiver/2.3/maven-archiver-2.3.jar">file:///var/lib/jenkins/.m2/repository/org/apache/maven/maven-archiver/2.3/maven-archiver-2.3.jar</A>
[INFO] Downloading: <A HREF="file:///var/lib/jenkins/.m2/repository/commons-lang/commons-lang/2.1/commons-lang-2.1.jar">file:///var/lib/jenkins/.m2/repository/commons-lang/commons-lang/2.1/commons-lang-2.1.jar</A>
[INFO] 17K downloaded  (maven-archiver-2.3.jar)
[INFO] 202K downloaded  (commons-lang-2.1.jar)
[INFO] 199K downloaded  (plexus-utils-1.4.9.jar)
[INFO] Downloading: <A HREF="file:///var/lib/jenkins/.m2/repository/org/codehaus/plexus/plexus-archiver/1.0-alpha-9/plexus-archiver-1.0-alpha-9.jar">file:///var/lib/jenkins/.m2/repository/org/codehaus/plexus/plexus-archiver/1.0-alpha-9/plexus-archiver-1.0-alpha-9.jar</A>
[INFO] 153K downloaded  (plexus-archiver-1.0-alpha-9.jar)
[INFO] Downloading: <A HREF="file:///var/lib/jenkins/.m2/repository/org/codehaus/plexus/plexus-io/1.0-alpha-1/plexus-io-1.0-alpha-1.jar">file:///var/lib/jenkins/.m2/repository/org/codehaus/plexus/plexus-io/1.0-alpha-1/plexus-io-1.0-alpha-1.jar</A>
[INFO] 11K downloaded  (plexus-io-1.0-alpha-1.jar)
[INFO] [INFO] [jar:jar {execution: default-jar}]
[INFO] [INFO] Building jar: /data/devel/jenkins/jobs/ImageJ/workspace/core/updater/target/it/ij-uploader-hobbes/target/ij-updater-hobbes-1.0.0-SNAPSHOT.jar
[INFO] [INFO] ------------------------------------------------------------------------
[INFO] [INFO] BUILD SUCCESSFUL
[INFO] [INFO] ------------------------------------------------------------------------
[INFO] [INFO] Total time: 2 seconds
[INFO] [INFO] Finished at: Fri Jul 12 13:40:23 CDT 2013
[INFO] [INFO] Final Memory: 20M/455M
[INFO] [INFO] ------------------------------------------------------------------------
[INFO] run script verify.bsh.bsh
[INFO] Running post-build script: /data/devel/jenkins/jobs/ImageJ/workspace/core/updater/target/it/ij-uploader-hobbes/verify.bsh
[INFO] Finished post-build script: /data/devel/jenkins/jobs/ImageJ/workspace/core/updater/target/it/ij-uploader-hobbes/verify.bsh
[INFO] ..FAILED (3.7 s)
[INFO]   The post-build script returned false.
[INFO] -------------------------------------------------
[INFO] Build Summary:
[INFO]   Passed: 0, Failed: 1, Errors: 0, Skipped: 0
[INFO] -------------------------------------------------
[ERROR] The following builds failed:
[ERROR] *  ij-uploader-hobbes/pom.xml
[INFO] -------------------------------------------------
[INFO] ------------------------------------------------------------------------
[ERROR] BUILD FAILURE
[INFO] ------------------------------------------------------------------------
[INFO] 1 build failed. See console output above for details.
[INFO] ------------------------------------------------------------------------
[INFO] For more information, run Maven with the -e switch
[INFO] ------------------------------------------------------------------------
[INFO] Total time: 32 seconds
[INFO] Finished at: Fri Jul 12 13:40:23 CDT 2013
[INFO] Final Memory: 106M/2192M
[INFO] ------------------------------------------------------------------------
Build step 'Invoke top-level Maven targets' marked build as failure
Archiving artifacts
Build step 'Groovy Postbuild' marked build as failure
Recording test results
Performance: No threshold configured for making the test unstable
Performance: No threshold configured for making the test failure
Performance: Recording JUnit reports '**/TEST-*.xml'
Performance: Parsing JUnit report file TEST-imagej.command.CommandServiceTest.xml
Performance: Parsing JUnit report file TEST-imagej.display.DisplayTest.xml
Performance: Parsing JUnit report file TEST-imagej.menu.ShadowMenuTest.xml
Performance: Parsing JUnit report file TEST-imagej.script.JavascriptTest.xml
Performance: Parsing JUnit report file TEST-imagej.util.ColorRGBTest.xml
Performance: Parsing JUnit report file TEST-imagej.util.PrefsTest.xml
Performance: Parsing JUnit report file TEST-imagej.util.UnitUtilsTest.xml
Performance: Parsing JUnit report file TEST-imagej.data.DatasetTest.xml
Performance: Parsing JUnit report file TEST-imagej.data.ExtentsTest.xml
Performance: Parsing JUnit report file TEST-imagej.data.PositionTest.xml
Performance: Parsing JUnit report file TEST-imagej.data.TestCursorSpeeds.xml
Performance: Parsing JUnit report file TEST-imagej.data.autoscale.ConfidenceIntervalAutoscaleMethodTest.xml
Performance: Parsing JUnit report file TEST-imagej.data.display.ImageCanvasTest.xml
Performance: Parsing JUnit report file TEST-imagej.data.overlay.TestBinaryMaskOverlay.xml
Performance: Parsing JUnit report file TEST-imagej.data.table.DefaultResultsTableTest.xml
Performance: Parsing JUnit report file TEST-imagej.updater.core.CommandLineUpdaterTest.xml
Performance: Parsing JUnit report file TEST-imagej.updater.core.LocalhostUploaderTest.xml
Performance: Parsing JUnit report file TEST-imagej.updater.core.UpdaterTest.xml
Performance: Parsing JUnit report file TEST-imagej.updater.util.DependencyAnalyzerTest.xml
Performance: File TEST-imagej.command.CommandServiceTest.xml reported 0.0% of errors [SUCCESS]. Build status is: FAILURE
Performance: File TEST-imagej.display.DisplayTest.xml reported 0.0% of errors [SUCCESS]. Build status is: FAILURE
Performance: File TEST-imagej.menu.ShadowMenuTest.xml reported 0.0% of errors [SUCCESS]. Build status is: FAILURE
Performance: File TEST-imagej.script.JavascriptTest.xml reported 0.0% of errors [SUCCESS]. Build status is: FAILURE
Performance: File TEST-imagej.util.ColorRGBTest.xml reported 0.0% of errors [SUCCESS]. Build status is: FAILURE
Performance: File TEST-imagej.util.PrefsTest.xml reported 0.0% of errors [SUCCESS]. Build status is: FAILURE
Performance: File TEST-imagej.util.UnitUtilsTest.xml reported 0.0% of errors [SUCCESS]. Build status is: FAILURE
Performance: File TEST-imagej.data.DatasetTest.xml reported 0.0% of errors [SUCCESS]. Build status is: FAILURE
Performance: File TEST-imagej.data.ExtentsTest.xml reported 0.0% of errors [SUCCESS]. Build status is: FAILURE
Performance: File TEST-imagej.data.PositionTest.xml reported 0.0% of errors [SUCCESS]. Build status is: FAILURE
Performance: File TEST-imagej.data.TestCursorSpeeds.xml reported 0.0% of errors [SUCCESS]. Build status is: FAILURE
Performance: File TEST-imagej.data.autoscale.ConfidenceIntervalAutoscaleMethodTest.xml reported 0.0% of errors [SUCCESS]. Build status is: FAILURE
Performance: File TEST-imagej.data.display.ImageCanvasTest.xml reported 0.0% of errors [SUCCESS]. Build status is: FAILURE
Performance: File TEST-imagej.data.overlay.TestBinaryMaskOverlay.xml reported 0.0% of errors [SUCCESS]. Build status is: FAILURE
Performance: File TEST-imagej.data.table.DefaultResultsTableTest.xml reported 0.0% of errors [SUCCESS]. Build status is: FAILURE
Performance: File TEST-imagej.updater.core.CommandLineUpdaterTest.xml reported 0.0% of errors [SUCCESS]. Build status is: FAILURE
Performance: File TEST-imagej.updater.core.LocalhostUploaderTest.xml reported 0.0% of errors [SUCCESS]. Build status is: FAILURE
Performance: File TEST-imagej.updater.core.UpdaterTest.xml reported 0.0% of errors [SUCCESS]. Build status is: FAILURE
Performance: File TEST-imagej.updater.util.DependencyAnalyzerTest.xml reported 0.0% of errors [SUCCESS]. Build status is: FAILURE

</PRE>



<!--endarticle-->
    <HR>
    <P><UL>
        <!--threads-->
	<LI>Previous message: <A HREF="002107.html">[ImageJ-builds] Build failed in Jenkins: ImageJ #4777
</A></li>
	<LI>Next message: <A HREF="002111.html">[ImageJ-builds] Jenkins build is back to normal : ImageJ #4779
</A></li>
         <LI> <B>Messages sorted by:</B> 
              <a href="date.html#2108">[ date ]</a>
              <a href="thread.html#2108">[ thread ]</a>
              <a href="subject.html#2108">[ subject ]</a>
              <a href="author.html#2108">[ author ]</a>
         </LI>
       </UL>

<hr>
<a href="http://imagej.net/mailman/listinfo/imagej-builds">More information about the ImageJ-builds
mailing list</a><br>
</body></html>
