<!DOCTYPE HTML PUBLIC "-//W3C//DTD HTML 4.01 Transitional//EN">
<HTML>
 <HEAD>
   <TITLE> [ImageJ-builds] Build failed in Jenkins: ImageJ-OPS #177
   </TITLE>
   <LINK REL="Index" HREF="index.html" >
   <LINK REL="made" HREF="mailto:imagej-builds%40imagej.net?Subject=Re%3A%20%5BImageJ-builds%5D%20Build%20failed%20in%20Jenkins%3A%20ImageJ-OPS%20%23177&In-Reply-To=%3C1940532046.76.1410904019597.JavaMail.jenkins%40dev%3E">
   <META NAME="robots" CONTENT="index,nofollow">
   <style type="text/css">
       pre {
           white-space: pre-wrap;       /* css-2.1, curent FF, Opera, Safari */
           }
   </style>
   <META http-equiv="Content-Type" content="text/html; charset=us-ascii">
   <LINK REL="Previous"  HREF="009443.html">
   <LINK REL="Next"  HREF="009445.html">
 </HEAD>
 <BODY BGCOLOR="#ffffff">
   <H1>[ImageJ-builds] Build failed in Jenkins: ImageJ-OPS #177</H1>
    <B>jenkins at imagej.net</B> 
    <A HREF="mailto:imagej-builds%40imagej.net?Subject=Re%3A%20%5BImageJ-builds%5D%20Build%20failed%20in%20Jenkins%3A%20ImageJ-OPS%20%23177&In-Reply-To=%3C1940532046.76.1410904019597.JavaMail.jenkins%40dev%3E"
       TITLE="[ImageJ-builds] Build failed in Jenkins: ImageJ-OPS #177">jenkins at imagej.net
       </A><BR>
    <I>Tue Sep 16 16:46:59 CDT 2014</I>
    <P><UL>
        <LI>Previous message: <A HREF="009443.html">[ImageJ-builds] mail-watcher-plugin: Computer Windows marked online
</A></li>
        <LI>Next message: <A HREF="009445.html">[ImageJ-builds] Build failed in Jenkins: ImageJ-OPS #178
</A></li>
         <LI> <B>Messages sorted by:</B> 
              <a href="date.html#9444">[ date ]</a>
              <a href="thread.html#9444">[ thread ]</a>
              <a href="subject.html#9444">[ subject ]</a>
              <a href="author.html#9444">[ author ]</a>
         </LI>
       </UL>
    <HR>  
<!--beginarticle-->
<PRE>See &lt;<A HREF="http://jenkins.imagej.net/job/ImageJ-OPS/177/changes">http://jenkins.imagej.net/job/ImageJ-OPS/177/changes</A>&gt;

Changes:

[Curtis Rueden] DefaultOpMatchingService: fix bug in Type resolution

------------------------------------------
[...truncated 116 lines...]
 round: 0.34 [+- 0.01], round.block: 0.00 [+- 0.00], round.gc: 0.00 [+- 0.00], GC.calls: 0, GC.time: 0.00, time.total: 7.13, time.warmup: 0.33, time.bench: 6.80
AddOpBenchmarkTest.inTestDefaultInplaceMapperP: [measured 20 out of 21 rounds, threads: 1 (sequential)]
 round: 0.01 [+- 0.00], round.block: 0.00 [+- 0.00], round.gc: 0.00 [+- 0.00], GC.calls: 0, GC.time: 0.00, time.total: 0.21, time.warmup: 0.01, time.bench: 0.19
AddOpBenchmarkTest.inTestAddConstantToImageInPlace: [measured 20 out of 21 rounds, threads: 1 (sequential)]
 round: 0.25 [+- 0.01], round.block: 0.00 [+- 0.00], round.gc: 0.00 [+- 0.00], GC.calls: 0, GC.time: 0.00, time.total: 5.27, time.warmup: 0.25, time.bench: 5.01
AddOpBenchmarkTest.inTestAddConstantToArrayByteImageP: [measured 20 out of 21 rounds, threads: 1 (sequential)]
 round: 0.00 [+- 0.00], round.block: 0.00 [+- 0.00], round.gc: 0.00 [+- 0.00], GC.calls: 0, GC.time: 0.00, time.total: 0.08, time.warmup: 0.02, time.bench: 0.06
AddOpBenchmarkTest.inTestAddConstantToArrayByteImage: [measured 20 out of 21 rounds, threads: 1 (sequential)]
 round: 0.01 [+- 0.00], round.block: 0.00 [+- 0.00], round.gc: 0.00 [+- 0.00], GC.calls: 0, GC.time: 0.00, time.total: 0.28, time.warmup: 0.02, time.bench: 0.26
AddOpBenchmarkTest.inTestJavaAssist: [measured 20 out of 21 rounds, threads: 1 (sequential)]
 round: 0.02 [+- 0.00], round.block: 0.00 [+- 0.00], round.gc: 0.00 [+- 0.00], GC.calls: 0, GC.time: 0.00, time.total: 0.45, time.warmup: 0.11, time.bench: 0.34
Tests run: 8, Failures: 0, Errors: 0, Skipped: 0, Time elapsed: 16.279 sec - in net.imagej.ops.benchmark.AddOpBenchmarkTest
Running net.imagej.ops.crop.CroppedIterableIntervalTest
Tests run: 3, Failures: 0, Errors: 0, Skipped: 0, Time elapsed: 0.219 sec - in net.imagej.ops.crop.CroppedIterableIntervalTest
Running net.imagej.ops.crop.CropTest
Tests run: 2, Failures: 0, Errors: 0, Skipped: 0, Time elapsed: 0.06 sec - in net.imagej.ops.crop.CropTest
Running net.imagej.ops.convolve.GaussTest
Tests run: 1, Failures: 0, Errors: 0, Skipped: 0, Time elapsed: 0.037 sec - in net.imagej.ops.convolve.GaussTest
Running net.imagej.ops.convolve.ConvolveTest
Tests run: 2, Failures: 0, Errors: 0, Skipped: 0, Time elapsed: 0.284 sec - in net.imagej.ops.convolve.ConvolveTest
Running net.imagej.ops.join.JoinTest
Tests run: 5, Failures: 0, Errors: 0, Skipped: 0, Time elapsed: 0.095 sec - in net.imagej.ops.join.JoinTest
Running net.imagej.ops.normalize.NormalizeTest
Tests run: 1, Failures: 0, Errors: 1, Skipped: 0, Time elapsed: 0.019 sec &lt;&lt;&lt; FAILURE! - in net.imagej.ops.normalize.NormalizeTest
testNormalize(net.imagej.ops.normalize.NormalizeTest)  Time elapsed: 0.018 sec  &lt;&lt;&lt; ERROR!
java.lang.IllegalArgumentException: No matching 'normalize' op
Template:
	normalize(null, java.lang.Class net.imagej.ops.normalize.Normalize, java.lang.Double -97.0, java.lang.Double 125.0, java.lang.Double -128.0, java.lang.Double 127.0, java.lang.Double 1.1486486486486487)
Candidates:
	[0.0] (capture of ? out?) = net.imagej.ops.normalize.NormalizeRealType(capture of ? out?, capture of ? in, double oldMin, double oldMax, double newMin, double newMax, double factor)
	[0.0] (net.imglib2.IterableInterval&lt;capture of ?&gt; out?) = net.imagej.ops.normalize.NormalizeII(net.imglib2.IterableInterval&lt;capture of ?&gt; out?, net.imglib2.IterableInterval&lt;capture of ?&gt; in)

	at net.imagej.ops.DefaultOpMatchingService.findModule(DefaultOpMatchingService.java:131)
	at net.imagej.ops.DefaultOpService.module(DefaultOpService.java:110)
	at net.imagej.ops.DefaultOpService.op(DefaultOpService.java:94)
	at net.imagej.ops.normalize.NormalizeII.compute(NormalizeII.java:68)
	at net.imagej.ops.normalize.NormalizeII.compute(NormalizeII.java:45)
	at net.imagej.ops.AbstractFunction.run(AbstractFunction.java:75)
	at org.scijava.command.CommandModule.run(CommandModule.java:201)
	at net.imagej.ops.DefaultOpService.run(DefaultOpService.java:373)
	at net.imagej.ops.DefaultOpService.run(DefaultOpService.java:78)
	at net.imagej.ops.normalize.NormalizeTest.testNormalize(NormalizeTest.java:55)

Running net.imagej.ops.threshold.LocalThresholdTest
Tests run: 1, Failures: 0, Errors: 1, Skipped: 0, Time elapsed: 0.012 sec &lt;&lt;&lt; FAILURE! - in net.imagej.ops.threshold.LocalThresholdTest
test(net.imagej.ops.threshold.LocalThresholdTest)  Time elapsed: 0.012 sec  &lt;&lt;&lt; ERROR!
java.lang.IllegalArgumentException: No matching 'net.imagej.ops.threshold.LocalMean' op
Template:
	net.imagej.ops.threshold.LocalMean(net.imglib2.type.logic.BitType 0, net.imglib2.type.numeric.integer.ByteType 15, java.lang.Double 0.0)
Candidates:
	[0.0] (net.imglib2.type.logic.BitType out?) = net.imagej.ops.threshold.LocalMean(net.imglib2.type.logic.BitType out?, net.imagej.ops.threshold.LocalThresholdMethod.Pair&lt;capture of ?&gt; in, double c)

	at net.imagej.ops.DefaultOpMatchingService.findModule(DefaultOpMatchingService.java:131)
	at net.imagej.ops.DefaultOpService.module(DefaultOpService.java:115)
	at net.imagej.ops.DefaultOpService.op(DefaultOpService.java:101)
	at net.imagej.ops.threshold.LocalThresholdTest.test(LocalThresholdTest.java:56)

Running net.imagej.ops.onthefly.OnTheFlyTest
Tests run: 6, Failures: 0, Errors: 0, Skipped: 0, Time elapsed: 0.245 sec - in net.imagej.ops.onthefly.OnTheFlyTest
Running net.imagej.ops.project.ProjectTest
Tests run: 1, Failures: 0, Errors: 1, Skipped: 0, Time elapsed: 0.013 sec &lt;&lt;&lt; FAILURE! - in net.imagej.ops.project.ProjectTest
testProjector(net.imagej.ops.project.ProjectTest)  Time elapsed: 0.013 sec  &lt;&lt;&lt; ERROR!
java.lang.IllegalArgumentException: No matching 'sum' op
Template:
	sum(null, java.lang.Class net.imagej.ops.statistics.Sum)
Candidates:
	[-100.0] (capture of ? out?) = net.imagej.ops.statistics.SumRealType(capture of ? out?, java.lang.Iterable&lt;capture of ?&gt; in)

	at net.imagej.ops.DefaultOpMatchingService.findModule(DefaultOpMatchingService.java:131)
	at net.imagej.ops.DefaultOpService.module(DefaultOpService.java:110)
	at net.imagej.ops.DefaultOpService.op(DefaultOpService.java:94)
	at net.imagej.ops.project.ProjectTest.initImg(ProjectTest.java:68)

Running net.imagej.ops.OpServiceTest
Tests run: 10, Failures: 0, Errors: 0, Skipped: 0, Time elapsed: 0.126 sec - in net.imagej.ops.OpServiceTest
Running net.imagej.ops.scale.ScaleImgTest
Tests run: 1, Failures: 0, Errors: 0, Skipped: 0, Time elapsed: 0.024 sec - in net.imagej.ops.scale.ScaleImgTest
Running net.imagej.ops.TemplateTest
Tests run: 1, Failures: 0, Errors: 0, Skipped: 0, Time elapsed: 0 sec - in net.imagej.ops.TemplateTest

Results :

Tests in error: 
  NormalizeTest.testNormalize:55 &#187; IllegalArgument No matching 'normalize' op
Te...
  LocalThresholdTest.test:56 &#187; IllegalArgument No matching 'net.imagej.ops.thres...
  ProjectTest.initImg:68 &#187; IllegalArgument No matching 'sum' op
Template:
	sum(n...

Tests run: 80, Failures: 0, Errors: 3, Skipped: 4

[INFO] ------------------------------------------------------------------------
[INFO] BUILD FAILURE
[INFO] ------------------------------------------------------------------------
[INFO] Total time: 39.432s
[INFO] Finished at: Tue Sep 16 16:46:59 CDT 2014
[INFO] Final Memory: 35M/473M
[INFO] ------------------------------------------------------------------------
[ERROR] Failed to execute goal org.apache.maven.plugins:maven-surefire-plugin:2.17:test (default-test) on project imagej-ops: There are test failures.
[ERROR] 
[ERROR] Please refer to /data/devel/jenkins/jobs/ImageJ-OPS/workspace/target/surefire-reports for the individual test results.
[ERROR] -&gt; [Help 1]
[ERROR] 
[ERROR] To see the full stack trace of the errors, re-run Maven with the -e switch.
[ERROR] Re-run Maven using the -X switch to enable full debug logging.
[ERROR] 
[ERROR] For more information about the errors and possible solutions, please read the following articles:
[ERROR] [Help 1] <A HREF="http://cwiki.apache.org/confluence/display/MAVEN/MojoFailureException">http://cwiki.apache.org/confluence/display/MAVEN/MojoFailureException</A>
Build step 'Invoke top-level Maven targets' marked build as failure
Archiving artifacts
Build step 'Groovy Postbuild' marked build as failure
Recording test results
Performance: Percentage of errors greater or equal than 0% sets the build as unstable
Performance: Percentage of errors greater or equal than 0% sets the build as failure



Performance: Recording JUnit reports '**/TEST-*.xml'
TEST-net.imagej.ops.OpMatchingServiceTest.xml has an average of: 16
Performance: File TEST-net.imagej.ops.OpMatchingServiceTest.xml reported 0.0% of errors [SUCCESS]. Build status is: FAILURE



TEST-net.imagej.ops.OpServiceTest.xml has an average of: 12
Performance: File TEST-net.imagej.ops.OpServiceTest.xml reported 0.0% of errors [SUCCESS]. Build status is: FAILURE



TEST-net.imagej.ops.TemplateTest.xml has an average of: 0
Performance: File TEST-net.imagej.ops.TemplateTest.xml reported 0.0% of errors [SUCCESS]. Build status is: FAILURE



TEST-net.imagej.ops.arithmetic.add.AddConstantToNumericTypeTest.xml has an average of: 45
Performance: File TEST-net.imagej.ops.arithmetic.add.AddConstantToNumericTypeTest.xml reported 0.0% of errors [SUCCESS]. Build status is: FAILURE



TEST-net.imagej.ops.benchmark.AddOpBenchmarkTest.xml has an average of: 2034
Performance: File TEST-net.imagej.ops.benchmark.AddOpBenchmarkTest.xml reported 0.0% of errors [SUCCESS]. Build status is: FAILURE



TEST-net.imagej.ops.benchmark.MappersBenchmarkTest.xml has an average of: 328
Performance: File TEST-net.imagej.ops.benchmark.MappersBenchmarkTest.xml reported 0.0% of errors [SUCCESS]. Build status is: FAILURE



TEST-net.imagej.ops.convert.ConvertIITest.xml has an average of: 54
Performance: File TEST-net.imagej.ops.convert.ConvertIITest.xml reported 0.0% of errors [SUCCESS]. Build status is: FAILURE



TEST-net.imagej.ops.convolve.ConvolveTest.xml has an average of: 142
Performance: File TEST-net.imagej.ops.convolve.ConvolveTest.xml reported 0.0% of errors [SUCCESS]. Build status is: FAILURE



TEST-net.imagej.ops.convolve.GaussTest.xml has an average of: 37
Performance: File TEST-net.imagej.ops.convolve.GaussTest.xml reported 0.0% of errors [SUCCESS]. Build status is: FAILURE



TEST-net.imagej.ops.crop.CropTest.xml has an average of: 29
Performance: File TEST-net.imagej.ops.crop.CropTest.xml reported 0.0% of errors [SUCCESS]. Build status is: FAILURE



TEST-net.imagej.ops.crop.CroppedIterableIntervalTest.xml has an average of: 72
Performance: File TEST-net.imagej.ops.crop.CroppedIterableIntervalTest.xml reported 0.0% of errors [SUCCESS]. Build status is: FAILURE



TEST-net.imagej.ops.identity.IdentityTest.xml has an average of: 537
Performance: File TEST-net.imagej.ops.identity.IdentityTest.xml reported 0.0% of errors [SUCCESS]. Build status is: FAILURE



TEST-net.imagej.ops.invert.InvertTest.xml has an average of: 20
Performance: File TEST-net.imagej.ops.invert.InvertTest.xml reported 0.0% of errors [SUCCESS]. Build status is: FAILURE



TEST-net.imagej.ops.join.JoinTest.xml has an average of: 19
Performance: File TEST-net.imagej.ops.join.JoinTest.xml reported 0.0% of errors [SUCCESS]. Build status is: FAILURE



TEST-net.imagej.ops.loop.LoopTest.xml has an average of: 42
Performance: File TEST-net.imagej.ops.loop.LoopTest.xml reported 0.0% of errors [SUCCESS]. Build status is: FAILURE



TEST-net.imagej.ops.map.MapTest.xml has an average of: 28
Performance: File TEST-net.imagej.ops.map.MapTest.xml reported 0.0% of errors [SUCCESS]. Build status is: FAILURE



TEST-net.imagej.ops.map.parallel.ThreadedMapTest.xml has an average of: 19
Performance: File TEST-net.imagej.ops.map.parallel.ThreadedMapTest.xml reported 0.0% of errors [SUCCESS]. Build status is: FAILURE



TEST-net.imagej.ops.map.view.MapViewTest.xml has an average of: 36
Performance: File TEST-net.imagej.ops.map.view.MapViewTest.xml reported 0.0% of errors [SUCCESS]. Build status is: FAILURE



TEST-net.imagej.ops.normalize.NormalizeTest.xml has an average of: 18
Performance: File TEST-net.imagej.ops.normalize.NormalizeTest.xml reported 0.0% of errors [SUCCESS]. Build status is: FAILURE



TEST-net.imagej.ops.onthefly.OnTheFlyTest.xml has an average of: 40
Performance: File TEST-net.imagej.ops.onthefly.OnTheFlyTest.xml reported 0.0% of errors [SUCCESS]. Build status is: FAILURE



TEST-net.imagej.ops.project.ProjectTest.xml has an average of: 13
Performance: File TEST-net.imagej.ops.project.ProjectTest.xml reported 0.0% of errors [SUCCESS]. Build status is: FAILURE



TEST-net.imagej.ops.scale.ScaleImgTest.xml has an average of: 24
Performance: File TEST-net.imagej.ops.scale.ScaleImgTest.xml reported 0.0% of errors [SUCCESS]. Build status is: FAILURE



TEST-net.imagej.ops.statistics.MeanTest.xml has an average of: 25
Performance: File TEST-net.imagej.ops.statistics.MeanTest.xml reported 0.0% of errors [SUCCESS]. Build status is: FAILURE



TEST-net.imagej.ops.statistics.StatisticsTest.xml has an average of: 31
Performance: File TEST-net.imagej.ops.statistics.StatisticsTest.xml reported 0.0% of errors [SUCCESS]. Build status is: FAILURE



TEST-net.imagej.ops.threading.ChunkerBenchmarkTest.xml has an average of: 949
Performance: File TEST-net.imagej.ops.threading.ChunkerBenchmarkTest.xml reported 0.0% of errors [SUCCESS]. Build status is: FAILURE



TEST-net.imagej.ops.threshold.LocalThresholdTest.xml has an average of: 12
Performance: File TEST-net.imagej.ops.threshold.LocalThresholdTest.xml reported 0.0% of errors [SUCCESS]. Build status is: FAILURE




</PRE>




<!--endarticle-->
    <HR>
    <P><UL>
        <!--threads-->
	<LI>Previous message: <A HREF="009443.html">[ImageJ-builds] mail-watcher-plugin: Computer Windows marked online
</A></li>
	<LI>Next message: <A HREF="009445.html">[ImageJ-builds] Build failed in Jenkins: ImageJ-OPS #178
</A></li>
         <LI> <B>Messages sorted by:</B> 
              <a href="date.html#9444">[ date ]</a>
              <a href="thread.html#9444">[ thread ]</a>
              <a href="subject.html#9444">[ subject ]</a>
              <a href="author.html#9444">[ author ]</a>
         </LI>
       </UL>

<hr>
<a href="http://imagej.net/mailman/listinfo/imagej-builds">More information about the ImageJ-builds
mailing list</a><br>
</body></html>
