<!DOCTYPE HTML PUBLIC "-//W3C//DTD HTML 4.01 Transitional//EN">
<HTML>
 <HEAD>
   <TITLE> [ImageJ-builds] Build failed in Jenkins: Fiji-Maven #1
   </TITLE>
   <LINK REL="Index" HREF="index.html" >
   <LINK REL="made" HREF="mailto:imagej-builds%40imagej.net?Subject=Re%3A%20%5BImageJ-builds%5D%20Build%20failed%20in%20Jenkins%3A%20Fiji-Maven%20%231&In-Reply-To=%3C1820715506.41.1349121428816.JavaMail.jenkins%40dev%3E">
   <META NAME="robots" CONTENT="index,nofollow">
   <style type="text/css">
       pre {
           white-space: pre-wrap;       /* css-2.1, curent FF, Opera, Safari */
           }
   </style>
   <META http-equiv="Content-Type" content="text/html; charset=us-ascii">
   
   <LINK REL="Next"  HREF="000517.html">
 </HEAD>
 <BODY BGCOLOR="#ffffff">
   <H1>[ImageJ-builds] Build failed in Jenkins: Fiji-Maven #1</H1>
    <B>jenkins at imagej.net</B> 
    <A HREF="mailto:imagej-builds%40imagej.net?Subject=Re%3A%20%5BImageJ-builds%5D%20Build%20failed%20in%20Jenkins%3A%20Fiji-Maven%20%231&In-Reply-To=%3C1820715506.41.1349121428816.JavaMail.jenkins%40dev%3E"
       TITLE="[ImageJ-builds] Build failed in Jenkins: Fiji-Maven #1">jenkins at imagej.net
       </A><BR>
    <I>Mon Oct  1 14:57:08 CDT 2012</I>
    <P><UL>
        
        <LI>Next message: <A HREF="000517.html">[ImageJ-builds] Jenkins build is back to normal : Fiji-Maven #2
</A></li>
         <LI> <B>Messages sorted by:</B> 
              <a href="date.html#516">[ date ]</a>
              <a href="thread.html#516">[ thread ]</a>
              <a href="subject.html#516">[ subject ]</a>
              <a href="author.html#516">[ author ]</a>
         </LI>
       </UL>
    <HR>  
<!--beginarticle-->
<PRE>See &lt;<A HREF="http://jenkins.imagej.net/job/Fiji-Maven/1/">http://jenkins.imagej.net/job/Fiji-Maven/1/</A>&gt;

------------------------------------------
[...truncated 3919 lines...]
[INFO] No sources to compile
[INFO] [surefire:test {execution: default-test}]
[INFO] No tests to run.
[INFO] Surefire report directory: /data/devel/jenkins/jobs/Fiji-Maven/workspace/src-plugins/Time_Stamper/target/surefire-reports

-------------------------------------------------------
 T E S T S
-------------------------------------------------------

Results :

Tests run: 0, Failures: 0, Errors: 0, Skipped: 0

[INFO] [jar:jar {execution: default-jar}]
[INFO] Building jar: /data/devel/jenkins/jobs/Fiji-Maven/workspace/src-plugins/Time_Stamper/target/Time_Stamper-2.0.0-SNAPSHOT.jar
[INFO] [install:install {execution: default-install}]
[INFO] Installing /data/devel/jenkins/jobs/Fiji-Maven/workspace/src-plugins/Time_Stamper/target/Time_Stamper-2.0.0-SNAPSHOT.jar to /var/lib/jenkins/.m2/repository/sc/fiji/Time_Stamper/2.0.0-SNAPSHOT/Time_Stamper-2.0.0-SNAPSHOT.jar
[INFO] ------------------------------------------------------------------------
[INFO] Building plugins/ToAST_.jar
[INFO]    task-segment: [install]
[INFO] ------------------------------------------------------------------------
[INFO] [buildnumber:create {execution: default}]
[debug] execute contextualize
[INFO] [resources:resources {execution: default-resources}]
[INFO] Using 'UTF-8' encoding to copy filtered resources.
[INFO] Copying 1 resource
[INFO] [compiler:compile {execution: default-compile}]
[INFO] Compiling 2 source files to /data/devel/jenkins/jobs/Fiji-Maven/workspace/src-plugins/ToAST_/target/classes
[debug] execute contextualize
[INFO] [resources:testResources {execution: default-testResources}]
[INFO] Using 'UTF-8' encoding to copy filtered resources.
[INFO] skip non existing resourceDirectory /data/devel/jenkins/jobs/Fiji-Maven/workspace/src-plugins/ToAST_/src/test/resources
[INFO] [compiler:testCompile {execution: default-testCompile}]
[INFO] No sources to compile
[INFO] [surefire:test {execution: default-test}]
[INFO] No tests to run.
[INFO] Surefire report directory: /data/devel/jenkins/jobs/Fiji-Maven/workspace/src-plugins/ToAST_/target/surefire-reports

-------------------------------------------------------
 T E S T S
-------------------------------------------------------

Results :

Tests run: 0, Failures: 0, Errors: 0, Skipped: 0

[INFO] [jar:jar {execution: default-jar}]
[INFO] Building jar: /data/devel/jenkins/jobs/Fiji-Maven/workspace/src-plugins/ToAST_/target/ToAST_-25.jar
[INFO] [install:install {execution: default-install}]
[INFO] Installing /data/devel/jenkins/jobs/Fiji-Maven/workspace/src-plugins/ToAST_/target/ToAST_-25.jar to /var/lib/jenkins/.m2/repository/sc/fiji/ToAST_/25/ToAST_-25.jar
[INFO] ------------------------------------------------------------------------
[INFO] Building plugins/TopoJ_.jar
[INFO]    task-segment: [install]
[INFO] ------------------------------------------------------------------------
[INFO] [buildnumber:create {execution: default}]
[debug] execute contextualize
[INFO] [resources:resources {execution: default-resources}]
[INFO] Using 'UTF-8' encoding to copy filtered resources.
[INFO] Copying 1 resource
[INFO] [compiler:compile {execution: default-compile}]
[INFO] Compiling 2 source files to /data/devel/jenkins/jobs/Fiji-Maven/workspace/src-plugins/TopoJ_/target/classes
[debug] execute contextualize
[INFO] [resources:testResources {execution: default-testResources}]
[INFO] Using 'UTF-8' encoding to copy filtered resources.
[INFO] skip non existing resourceDirectory /data/devel/jenkins/jobs/Fiji-Maven/workspace/src-plugins/TopoJ_/src/test/resources
[INFO] [compiler:testCompile {execution: default-testCompile}]
[INFO] No sources to compile
[INFO] [surefire:test {execution: default-test}]
[INFO] No tests to run.
[INFO] Surefire report directory: /data/devel/jenkins/jobs/Fiji-Maven/workspace/src-plugins/TopoJ_/target/surefire-reports

-------------------------------------------------------
 T E S T S
-------------------------------------------------------

Results :

Tests run: 0, Failures: 0, Errors: 0, Skipped: 0

[INFO] [jar:jar {execution: default-jar}]
[INFO] Building jar: /data/devel/jenkins/jobs/Fiji-Maven/workspace/src-plugins/TopoJ_/target/TopoJ_-2.0.0-SNAPSHOT.jar
[INFO] [install:install {execution: default-install}]
[INFO] Installing /data/devel/jenkins/jobs/Fiji-Maven/workspace/src-plugins/TopoJ_/target/TopoJ_-2.0.0-SNAPSHOT.jar to /var/lib/jenkins/.m2/repository/sc/fiji/TopoJ_/2.0.0-SNAPSHOT/TopoJ_-2.0.0-SNAPSHOT.jar
[INFO] ------------------------------------------------------------------------
[INFO] Building plugins/TrackMate_.jar
[INFO]    task-segment: [install]
[INFO] ------------------------------------------------------------------------
[INFO] [buildnumber:create {execution: default}]
[debug] execute contextualize
[INFO] [resources:resources {execution: default-resources}]
[INFO] Using 'UTF-8' encoding to copy filtered resources.
[INFO] Copying 42 resources
Downloading: <A HREF="http://maven.imagej.net/content/repositories/releases/org/jdom/jdom/1.1/jdom-1.1.pom">http://maven.imagej.net/content/repositories/releases/org/jdom/jdom/1.1/jdom-1.1.pom</A>
[INFO] Unable to find resource 'org.jdom:jdom:pom:1.1' in repository imagej.releases (<A HREF="http://maven.imagej.net/content/repositories/releases">http://maven.imagej.net/content/repositories/releases</A>)
Downloading: <A HREF="http://maven.imagej.net/content/repositories/snapshots/org/jdom/jdom/1.1/jdom-1.1.pom">http://maven.imagej.net/content/repositories/snapshots/org/jdom/jdom/1.1/jdom-1.1.pom</A>
[INFO] Unable to find resource 'org.jdom:jdom:pom:1.1' in repository imagej.snapshots (<A HREF="http://maven.imagej.net/content/repositories/snapshots">http://maven.imagej.net/content/repositories/snapshots</A>)
Downloading: <A HREF="http://dev.loci.wisc.edu/maven2/releases/org/jdom/jdom/1.1/jdom-1.1.pom">http://dev.loci.wisc.edu/maven2/releases/org/jdom/jdom/1.1/jdom-1.1.pom</A>
[INFO] Unable to find resource 'org.jdom:jdom:pom:1.1' in repository loci.releases (<A HREF="http://dev.loci.wisc.edu/maven2/releases">http://dev.loci.wisc.edu/maven2/releases</A>)
Downloading: <A HREF="http://dev.loci.wisc.edu/maven2/snapshots/org/jdom/jdom/1.1/jdom-1.1.pom">http://dev.loci.wisc.edu/maven2/snapshots/org/jdom/jdom/1.1/jdom-1.1.pom</A>
[INFO] Unable to find resource 'org.jdom:jdom:pom:1.1' in repository loci.snapshots (<A HREF="http://dev.loci.wisc.edu/maven2/snapshots">http://dev.loci.wisc.edu/maven2/snapshots</A>)
Downloading: <A HREF="http://maven.imagej.net/content/repositories/thirdparty/org/jdom/jdom/1.1/jdom-1.1.pom">http://maven.imagej.net/content/repositories/thirdparty/org/jdom/jdom/1.1/jdom-1.1.pom</A>
[INFO] Unable to find resource 'org.jdom:jdom:pom:1.1' in repository imagej.thirdparty (<A HREF="http://maven.imagej.net/content/repositories/thirdparty">http://maven.imagej.net/content/repositories/thirdparty</A>)
Downloading: <A HREF="http://download.java.net/maven/2/org/jdom/jdom/1.1/jdom-1.1.pom">http://download.java.net/maven/2/org/jdom/jdom/1.1/jdom-1.1.pom</A>
[INFO] Unable to find resource 'org.jdom:jdom:pom:1.1' in repository java.net (<A HREF="http://download.java.net/maven/2">http://download.java.net/maven/2</A>)
Downloading: <A HREF="http://repo1.maven.org/maven2/org/jdom/jdom/1.1/jdom-1.1.pom">http://repo1.maven.org/maven2/org/jdom/jdom/1.1/jdom-1.1.pom</A>
2/2K
2K downloaded  (jdom-1.1.pom)
Downloading: <A HREF="http://maven.imagej.net/content/repositories/releases/org/jdom/jdom/1.1/jdom-1.1.jar">http://maven.imagej.net/content/repositories/releases/org/jdom/jdom/1.1/jdom-1.1.jar</A>
[INFO] Unable to find resource 'org.jdom:jdom:jar:1.1' in repository imagej.releases (<A HREF="http://maven.imagej.net/content/repositories/releases">http://maven.imagej.net/content/repositories/releases</A>)
Downloading: <A HREF="http://maven.imagej.net/content/repositories/snapshots/org/jdom/jdom/1.1/jdom-1.1.jar">http://maven.imagej.net/content/repositories/snapshots/org/jdom/jdom/1.1/jdom-1.1.jar</A>
[INFO] Unable to find resource 'org.jdom:jdom:jar:1.1' in repository imagej.snapshots (<A HREF="http://maven.imagej.net/content/repositories/snapshots">http://maven.imagej.net/content/repositories/snapshots</A>)
Downloading: <A HREF="http://dev.loci.wisc.edu/maven2/releases/org/jdom/jdom/1.1/jdom-1.1.jar">http://dev.loci.wisc.edu/maven2/releases/org/jdom/jdom/1.1/jdom-1.1.jar</A>
[INFO] Unable to find resource 'org.jdom:jdom:jar:1.1' in repository loci.releases (<A HREF="http://dev.loci.wisc.edu/maven2/releases">http://dev.loci.wisc.edu/maven2/releases</A>)
Downloading: <A HREF="http://dev.loci.wisc.edu/maven2/snapshots/org/jdom/jdom/1.1/jdom-1.1.jar">http://dev.loci.wisc.edu/maven2/snapshots/org/jdom/jdom/1.1/jdom-1.1.jar</A>
[INFO] Unable to find resource 'org.jdom:jdom:jar:1.1' in repository loci.snapshots (<A HREF="http://dev.loci.wisc.edu/maven2/snapshots">http://dev.loci.wisc.edu/maven2/snapshots</A>)
Downloading: <A HREF="http://maven.imagej.net/content/repositories/thirdparty/org/jdom/jdom/1.1/jdom-1.1.jar">http://maven.imagej.net/content/repositories/thirdparty/org/jdom/jdom/1.1/jdom-1.1.jar</A>
[INFO] Unable to find resource 'org.jdom:jdom:jar:1.1' in repository imagej.thirdparty (<A HREF="http://maven.imagej.net/content/repositories/thirdparty">http://maven.imagej.net/content/repositories/thirdparty</A>)
Downloading: <A HREF="http://download.java.net/maven/2/org/jdom/jdom/1.1/jdom-1.1.jar">http://download.java.net/maven/2/org/jdom/jdom/1.1/jdom-1.1.jar</A>
[INFO] Unable to find resource 'org.jdom:jdom:jar:1.1' in repository java.net (<A HREF="http://download.java.net/maven/2">http://download.java.net/maven/2</A>)
Downloading: <A HREF="http://repo1.maven.org/maven2/org/jdom/jdom/1.1/jdom-1.1.jar">http://repo1.maven.org/maven2/org/jdom/jdom/1.1/jdom-1.1.jar</A>
4/149K
8/149K
12/149K
13/149K
15/149K
19/149K
23/149K
27/149K
29/149K
33/149K
33/149K
37/149K
40/149K
44/149K
48/149K
49/149K
53/149K
55/149K
59/149K
63/149K
63/149K
67/149K
71/149K
71/149K
75/149K
75/149K
79/149K
83/149K
87/149K
90/149K
94/149K
94/149K
96/149K
100/149K
103/149K
107/149K
107/149K
111/149K
115/149K
119/149K
123/149K
125/149K
129/149K
133/149K
137/149K
137/149K
141/149K
145/149K
149/149K
149/149K
149K downloaded  (jdom-1.1.jar)
[INFO] [compiler:compile {execution: default-compile}]
[INFO] Compiling 185 source files to /data/devel/jenkins/jobs/Fiji-Maven/workspace/src-plugins/TrackMate_/target/classes
[debug] execute contextualize
[INFO] [resources:testResources {execution: default-testResources}]
[INFO] Using 'UTF-8' encoding to copy filtered resources.
[INFO] skip non existing resourceDirectory /data/devel/jenkins/jobs/Fiji-Maven/workspace/src-plugins/TrackMate_/src/test/resources
[INFO] [compiler:testCompile {execution: default-testCompile}]
[INFO] No sources to compile
[INFO] [surefire:test {execution: default-test}]
[INFO] No tests to run.
[INFO] Surefire report directory: /data/devel/jenkins/jobs/Fiji-Maven/workspace/src-plugins/TrackMate_/target/surefire-reports

-------------------------------------------------------
 T E S T S
-------------------------------------------------------

Results :

Tests run: 0, Failures: 0, Errors: 0, Skipped: 0

[INFO] [jar:jar {execution: default-jar}]
[INFO] Building jar: /data/devel/jenkins/jobs/Fiji-Maven/workspace/src-plugins/TrackMate_/target/TrackMate_-1.2.jar
[INFO] [install:install {execution: default-install}]
[INFO] Installing /data/devel/jenkins/jobs/Fiji-Maven/workspace/src-plugins/TrackMate_/target/TrackMate_-1.2.jar to /var/lib/jenkins/.m2/repository/sc/fiji/TrackMate_/1.2/TrackMate_-1.2.jar
[INFO] ------------------------------------------------------------------------
[INFO] Building plugins/Trainable_Segmentation.jar
[INFO]    task-segment: [install]
[INFO] ------------------------------------------------------------------------
[INFO] [buildnumber:create {execution: default}]
[debug] execute contextualize
[INFO] [resources:resources {execution: default-resources}]
[INFO] Using 'UTF-8' encoding to copy filtered resources.
[INFO] Copying 4 resources
[INFO] [compiler:compile {execution: default-compile}]
[INFO] Compiling 37 source files to /data/devel/jenkins/jobs/Fiji-Maven/workspace/src-plugins/Trainable_Segmentation/target/classes
[INFO] -------------------------------------------------------------
[ERROR] COMPILATION ERROR : 
[INFO] -------------------------------------------------------------
[ERROR] /data/devel/jenkins/jobs/Fiji-Maven/workspace/src-plugins/Trainable_Segmentation/src/main/java/trainableSegmentation/utils/Utils.java:[732,17] cannot find symbol
symbol  : method addSlice(ij.process.FloatProcessor)
location: class ij.ImageStack
[ERROR] /data/devel/jenkins/jobs/Fiji-Maven/workspace/src-plugins/Trainable_Segmentation/src/main/java/trainableSegmentation/utils/Utils.java:[733,28] cannot find symbol
symbol  : constructor ByteProcessor(int,int,byte[])
location: class ij.process.ByteProcessor
[ERROR] /data/devel/jenkins/jobs/Fiji-Maven/workspace/src-plugins/Trainable_Segmentation/src/main/java/trainableSegmentation/utils/Utils.java:[795,17] cannot find symbol
symbol  : method addSlice(ij.process.FloatProcessor)
location: class ij.ImageStack
[ERROR] /data/devel/jenkins/jobs/Fiji-Maven/workspace/src-plugins/Trainable_Segmentation/src/main/java/trainableSegmentation/utils/Utils.java:[796,28] cannot find symbol
symbol  : constructor ByteProcessor(int,int,byte[])
location: class ij.process.ByteProcessor
[INFO] 4 errors 
[INFO] -------------------------------------------------------------
[INFO] ------------------------------------------------------------------------
[ERROR] BUILD FAILURE
[INFO] ------------------------------------------------------------------------
[INFO] Compilation failure

/data/devel/jenkins/jobs/Fiji-Maven/workspace/src-plugins/Trainable_Segmentation/src/main/java/trainableSegmentation/utils/Utils.java:[732,17] cannot find symbol
symbol  : method addSlice(ij.process.FloatProcessor)
location: class ij.ImageStack
/data/devel/jenkins/jobs/Fiji-Maven/workspace/src-plugins/Trainable_Segmentation/src/main/java/trainableSegmentation/utils/Utils.java:[733,28] cannot find symbol
symbol  : constructor ByteProcessor(int,int,byte[])
location: class ij.process.ByteProcessor
/data/devel/jenkins/jobs/Fiji-Maven/workspace/src-plugins/Trainable_Segmentation/src/main/java/trainableSegmentation/utils/Utils.java:[795,17] cannot find symbol
symbol  : method addSlice(ij.process.FloatProcessor)
location: class ij.ImageStack
/data/devel/jenkins/jobs/Fiji-Maven/workspace/src-plugins/Trainable_Segmentation/src/main/java/trainableSegmentation/utils/Utils.java:[796,28] cannot find symbol
symbol  : constructor ByteProcessor(int,int,byte[])
location: class ij.process.ByteProcessor

[INFO] ------------------------------------------------------------------------
[INFO] For more information, run Maven with the -e switch
[INFO] ------------------------------------------------------------------------
[INFO] Total time: 2 minutes 32 seconds
[INFO] Finished at: Mon Oct 01 14:57:08 CDT 2012
[INFO] Final Memory: 104M/4914M
[INFO] ------------------------------------------------------------------------
Build step 'Invoke top-level Maven targets' marked build as failure

</PRE>


<!--endarticle-->
    <HR>
    <P><UL>
        <!--threads-->
	
	<LI>Next message: <A HREF="000517.html">[ImageJ-builds] Jenkins build is back to normal : Fiji-Maven #2
</A></li>
         <LI> <B>Messages sorted by:</B> 
              <a href="date.html#516">[ date ]</a>
              <a href="thread.html#516">[ thread ]</a>
              <a href="subject.html#516">[ subject ]</a>
              <a href="author.html#516">[ author ]</a>
         </LI>
       </UL>

<hr>
<a href="http://imagej.net/mailman/listinfo/imagej-builds">More information about the ImageJ-builds
mailing list</a><br>
</body></html>
