<!DOCTYPE HTML PUBLIC "-//W3C//DTD HTML 4.01 Transitional//EN">
<HTML>
 <HEAD>
   <TITLE> [ImageJ-builds] Build failed in Jenkins: ImageJ #3748
   </TITLE>
   <LINK REL="Index" HREF="index.html" >
   <LINK REL="made" HREF="mailto:imagej-builds%40imagej.net?Subject=Re%3A%20%5BImageJ-builds%5D%20Build%20failed%20in%20Jenkins%3A%20ImageJ%20%233748&In-Reply-To=%3C606436908.168.1351331014405.JavaMail.jenkins%40dev%3E">
   <META NAME="robots" CONTENT="index,nofollow">
   <style type="text/css">
       pre {
           white-space: pre-wrap;       /* css-2.1, curent FF, Opera, Safari */
           }
   </style>
   <META http-equiv="Content-Type" content="text/html; charset=us-ascii">
   <LINK REL="Previous"  HREF="000610.html">
   <LINK REL="Next"  HREF="000644.html">
 </HEAD>
 <BODY BGCOLOR="#ffffff">
   <H1>[ImageJ-builds] Build failed in Jenkins: ImageJ #3748</H1>
    <B>jenkins at imagej.net</B> 
    <A HREF="mailto:imagej-builds%40imagej.net?Subject=Re%3A%20%5BImageJ-builds%5D%20Build%20failed%20in%20Jenkins%3A%20ImageJ%20%233748&In-Reply-To=%3C606436908.168.1351331014405.JavaMail.jenkins%40dev%3E"
       TITLE="[ImageJ-builds] Build failed in Jenkins: ImageJ #3748">jenkins at imagej.net
       </A><BR>
    <I>Sat Oct 27 04:43:34 CDT 2012</I>
    <P><UL>
        <LI>Previous message: <A HREF="000610.html">[ImageJ-builds] Jenkins build is back to normal :	ImageJ1-current-branch #5232
</A></li>
        <LI>Next message: <A HREF="000644.html">[ImageJ-builds] Build failed in Jenkins: ImageJ #3749
</A></li>
         <LI> <B>Messages sorted by:</B> 
              <a href="date.html#643">[ date ]</a>
              <a href="thread.html#643">[ thread ]</a>
              <a href="subject.html#643">[ subject ]</a>
              <a href="author.html#643">[ author ]</a>
         </LI>
       </UL>
    <HR>  
<!--beginarticle-->
<PRE>See &lt;<A HREF="http://jenkins.imagej.net/job/ImageJ/3748/changes">http://jenkins.imagej.net/job/ImageJ/3748/changes</A>&gt;

Changes:

[Curtis Rueden] Fix Maven repository URLs

[Curtis Rueden] LegacyUtils#isBinary: be careful to avoid NPEs

------------------------------------------
Started by remote host 127.0.0.1
Building on master
Checkout:workspace / &lt;<A HREF="http://jenkins.imagej.net/job/ImageJ/ws/">http://jenkins.imagej.net/job/ImageJ/ws/</A>&gt; - <A HREF="http://imagej.net/mailman/listinfo/imagej-builds">hudson.remoting.LocalChannel at 8849a1d</A>
Using strategy: Default
Last Built Revision: Revision 39a6998d7b3d10fb08b2a49eb214a9a106ae5b81 (origin/master)
Checkout:workspace / &lt;<A HREF="http://jenkins.imagej.net/job/ImageJ/ws/">http://jenkins.imagej.net/job/ImageJ/ws/</A>&gt; - <A HREF="http://imagej.net/mailman/listinfo/imagej-builds">hudson.remoting.LocalChannel at 8849a1d</A>
GitAPI created
Fetching changes from the remote Git repository
Fetching upstream changes from <A HREF="git://github.com/imagej/imagej.git">git://github.com/imagej/imagej.git</A>
[workspace] $ git fetch -t <A HREF="git://github.com/imagej/imagej.git">git://github.com/imagej/imagej.git</A> +refs/heads/*:refs/remotes/origin/*
&gt;<i>From <A HREF="git://github.com/imagej/imagej">git://github.com/imagej/imagej</A>
</I>   39a6998..c7e561e  master     -&gt; origin/master
 + 76d899e...0fe830e r-scripting -&gt; origin/r-scripting  (forced update)
[workspace] $ git ls-tree HEAD
[workspace] $ git tag -l master
[workspace] $ git rev-parse origin/master
Commencing build of Revision c7e561eade830e31b895c990eb1f8b09cac982c0 (origin/master)
GitAPI created
Checking out Revision c7e561eade830e31b895c990eb1f8b09cac982c0 (origin/master)
[workspace] $ git checkout -f c7e561eade830e31b895c990eb1f8b09cac982c0
[workspace] $ git tag -a -f -m &quot;Hudson Build #3748&quot; hudson-ImageJ-3748
Recording changes in branch origin/master
[workspace] $ git whatchanged --no-abbrev -M --pretty=raw 39a6998d7b3d10fb08b2a49eb214a9a106ae5b81..c7e561eade830e31b895c990eb1f8b09cac982c0
Deleting old artifacts from #3746
[workspace] $ /bin/sh -xe /tmp/hudson7195965609941601233.sh
+ git clean -dfx
Removing app/target/
Removing core/commands/app/target/
Removing core/commands/data/target/
Removing core/commands/debug/target/
Removing core/commands/display/target/
Removing core/commands/misc/target/
Removing core/core/target/
Removing core/data/target/
Removing core/io/target/
Removing core/legacy/target/
Removing core/log-slf4j/target/
Removing core/options/target/
Removing core/platforms/target/
Removing core/tools/target/
Removing core/ui/target/
Removing core/updater/core/target/
Removing core/updater/ssh/target/
Removing script/beanshell/.settings/org.eclipse.jdt.apt.core.prefs
Removing script/beanshell/target/
Removing script/java/target/
Removing script/minimaven/target/
Removing ui/awt-swing/common/target/
Removing ui/awt-swing/util/target/
Removing ui/swing/base/target/
Removing ui/swing/plugins/target/
Removing ui/swing/script-editor/target/
Removing ui/swing/tools/target/
Removing ui/swing/updater/target/
Removing ui/swing/util/target/
[workspace] $ mvn -Dbranch=master -U clean install
[INFO] Scanning for projects...
[INFO] ------------------------------------------------------------------------
[ERROR] FATAL ERROR
[INFO] ------------------------------------------------------------------------
[INFO] Error building POM (may not be this project's POM).


Project ID: unknown

Reason: Could not find the model file '/data/devel/jenkins/jobs/ImageJ/workspace/script/r'. for project unknown


[INFO] ------------------------------------------------------------------------
[INFO] Trace
org.apache.maven.reactor.MavenExecutionException: Could not find the model file '/data/devel/jenkins/jobs/ImageJ/workspace/script/r'. for project unknown
	at org.apache.maven.DefaultMaven.getProjects(DefaultMaven.java:404)
	at org.apache.maven.DefaultMaven.doExecute(DefaultMaven.java:272)
	at org.apache.maven.DefaultMaven.execute(DefaultMaven.java:138)
	at org.apache.maven.cli.MavenCli.main(MavenCli.java:362)
	at org.apache.maven.cli.compat.CompatibleMain.main(CompatibleMain.java:60)
	at sun.reflect.NativeMethodAccessorImpl.invoke0(Native Method)
	at sun.reflect.NativeMethodAccessorImpl.invoke(NativeMethodAccessorImpl.java:39)
	at sun.reflect.DelegatingMethodAccessorImpl.invoke(DelegatingMethodAccessorImpl.java:25)
	at java.lang.reflect.Method.invoke(Method.java:597)
	at org.codehaus.classworlds.Launcher.launchEnhanced(Launcher.java:315)
	at org.codehaus.classworlds.Launcher.launch(Launcher.java:255)
	at org.codehaus.classworlds.Launcher.mainWithExitCode(Launcher.java:430)
	at org.codehaus.classworlds.Launcher.main(Launcher.java:375)
Caused by: org.apache.maven.project.ProjectBuildingException: Could not find the model file '/data/devel/jenkins/jobs/ImageJ/workspace/script/r'. for project unknown
	at org.apache.maven.project.DefaultMavenProjectBuilder.readModel(DefaultMavenProjectBuilder.java:1575)
	at org.apache.maven.project.DefaultMavenProjectBuilder.buildFromSourceFileInternal(DefaultMavenProjectBuilder.java:506)
	at org.apache.maven.project.DefaultMavenProjectBuilder.build(DefaultMavenProjectBuilder.java:200)
	at org.apache.maven.DefaultMaven.getProject(DefaultMaven.java:604)
	at org.apache.maven.DefaultMaven.collectProjects(DefaultMaven.java:487)
	at org.apache.maven.DefaultMaven.collectProjects(DefaultMaven.java:560)
	at org.apache.maven.DefaultMaven.collectProjects(DefaultMaven.java:560)
	at org.apache.maven.DefaultMaven.getProjects(DefaultMaven.java:391)
	... 12 more
Caused by: java.io.FileNotFoundException: /data/devel/jenkins/jobs/ImageJ/workspace/script/r (No such file or directory)
	at java.io.FileInputStream.open(Native Method)
	at java.io.FileInputStream.&lt;init&gt;(FileInputStream.java:120)
	at hidden.org.codehaus.plexus.util.xml.XmlReader.&lt;init&gt;(XmlReader.java:124)
	at hidden.org.codehaus.plexus.util.xml.XmlStreamReader.&lt;init&gt;(XmlStreamReader.java:67)
	at hidden.org.codehaus.plexus.util.ReaderFactory.newXmlReader(ReaderFactory.java:118)
	at org.apache.maven.project.DefaultMavenProjectBuilder.readModel(DefaultMavenProjectBuilder.java:1570)
	... 19 more
[INFO] ------------------------------------------------------------------------
[INFO] Total time: 1 second
[INFO] Finished at: Sat Oct 27 04:43:34 CDT 2012
[INFO] Final Memory: 5M/360M
[INFO] ------------------------------------------------------------------------
Build step 'Invoke top-level Maven targets' marked build as failure
Archiving artifacts
Recording test results
Performance: No threshold configured for making the test unstable
Performance: No threshold configured for making the test failure
Performance: Recording JUnit reports '**/TEST-*.xml'

</PRE>



<!--endarticle-->
    <HR>
    <P><UL>
        <!--threads-->
	<LI>Previous message: <A HREF="000610.html">[ImageJ-builds] Jenkins build is back to normal :	ImageJ1-current-branch #5232
</A></li>
	<LI>Next message: <A HREF="000644.html">[ImageJ-builds] Build failed in Jenkins: ImageJ #3749
</A></li>
         <LI> <B>Messages sorted by:</B> 
              <a href="date.html#643">[ date ]</a>
              <a href="thread.html#643">[ thread ]</a>
              <a href="subject.html#643">[ subject ]</a>
              <a href="author.html#643">[ author ]</a>
         </LI>
       </UL>

<hr>
<a href="http://imagej.net/mailman/listinfo/imagej-builds">More information about the ImageJ-builds
mailing list</a><br>
</body></html>
