<!DOCTYPE HTML PUBLIC "-//W3C//DTD HTML 4.01 Transitional//EN">
<HTML>
 <HEAD>
   <TITLE> [ImageJ-builds] Build failed in Jenkins: ImgLib #1284
   </TITLE>
   <LINK REL="Index" HREF="index.html" >
   <LINK REL="made" HREF="mailto:imagej-builds%40imagej.net?Subject=Re%3A%20%5BImageJ-builds%5D%20Build%20failed%20in%20Jenkins%3A%20ImgLib%20%231284&In-Reply-To=%3C1692073246.177.1351585286988.JavaMail.jenkins%40dev%3E">
   <META NAME="robots" CONTENT="index,nofollow">
   <style type="text/css">
       pre {
           white-space: pre-wrap;       /* css-2.1, curent FF, Opera, Safari */
           }
   </style>
   <META http-equiv="Content-Type" content="text/html; charset=us-ascii">
   <LINK REL="Previous"  HREF="000651.html">
   <LINK REL="Next"  HREF="000653.html">
 </HEAD>
 <BODY BGCOLOR="#ffffff">
   <H1>[ImageJ-builds] Build failed in Jenkins: ImgLib #1284</H1>
    <B>jenkins at imagej.net</B> 
    <A HREF="mailto:imagej-builds%40imagej.net?Subject=Re%3A%20%5BImageJ-builds%5D%20Build%20failed%20in%20Jenkins%3A%20ImgLib%20%231284&In-Reply-To=%3C1692073246.177.1351585286988.JavaMail.jenkins%40dev%3E"
       TITLE="[ImageJ-builds] Build failed in Jenkins: ImgLib #1284">jenkins at imagej.net
       </A><BR>
    <I>Tue Oct 30 03:21:26 CDT 2012</I>
    <P><UL>
        <LI>Previous message: <A HREF="000651.html">[ImageJ-builds] Jenkins build is back to normal : ImgLib #1279
</A></li>
        <LI>Next message: <A HREF="000653.html">[ImageJ-builds] Jenkins build is back to normal : ImgLib #1285
</A></li>
         <LI> <B>Messages sorted by:</B> 
              <a href="date.html#652">[ date ]</a>
              <a href="thread.html#652">[ thread ]</a>
              <a href="subject.html#652">[ subject ]</a>
              <a href="author.html#652">[ author ]</a>
         </LI>
       </UL>
    <HR>  
<!--beginarticle-->
<PRE>See &lt;<A HREF="http://jenkins.imagej.net/job/ImgLib/1284/changes">http://jenkins.imagej.net/job/ImgLib/1284/changes</A>&gt;

Changes:

[Christian Dietz] Moved Normalize/Convert. Added license/author information

------------------------------------------
[...truncated 2641 lines...]
location: class net.imglib2.ops.operation.img.unary.ImgConvert&lt;I,O&gt;
[ERROR] /data/devel/jenkins/jobs/ImgLib/workspace/imglib2/ops/src/main/java/net/imglib2/ops/operation/img/unary/ImgConvert.java:[164,19] cannot find symbol
symbol  : class Convert
location: class net.imglib2.ops.operation.img.unary.ImgConvert&lt;I,O&gt;
[ERROR] /data/devel/jenkins/jobs/ImgLib/workspace/imglib2/ops/src/main/java/net/imglib2/ops/operation/img/unary/ImgConvert.java:[164,57] cannot find symbol
symbol  : variable TypeConversionTypes
location: class net.imglib2.ops.operation.img.unary.ImgConvert&lt;I,O&gt;
[ERROR] /data/devel/jenkins/jobs/ImgLib/workspace/imglib2/ops/src/main/java/net/imglib2/ops/operation/img/unary/ImgConvert.java:[173,19] cannot find symbol
symbol  : class Convert
location: class net.imglib2.ops.operation.img.unary.ImgConvert&lt;I,O&gt;
[ERROR] /data/devel/jenkins/jobs/ImgLib/workspace/imglib2/ops/src/main/java/net/imglib2/ops/operation/img/unary/ImgConvert.java:[173,57] cannot find symbol
symbol  : variable TypeConversionTypes
location: class net.imglib2.ops.operation.img.unary.ImgConvert&lt;I,O&gt;
[ERROR] /data/devel/jenkins/jobs/ImgLib/workspace/imglib2/ops/src/main/java/net/imglib2/ops/operation/img/unary/ImgConvert.java:[179,19] cannot find symbol
symbol  : class Convert
location: class net.imglib2.ops.operation.img.unary.ImgConvert&lt;I,O&gt;
[ERROR] /data/devel/jenkins/jobs/ImgLib/workspace/imglib2/ops/src/main/java/net/imglib2/ops/operation/img/unary/ImgConvert.java:[179,57] cannot find symbol
symbol  : variable TypeConversionTypes
location: class net.imglib2.ops.operation.img.unary.ImgConvert&lt;I,O&gt;
[ERROR] /data/devel/jenkins/jobs/ImgLib/workspace/imglib2/ops/src/main/java/net/imglib2/ops/operation/img/unary/ImgConvert.java:[184,19] cannot find symbol
symbol  : class Convert
location: class net.imglib2.ops.operation.img.unary.ImgConvert&lt;I,O&gt;
[ERROR] /data/devel/jenkins/jobs/ImgLib/workspace/imglib2/ops/src/main/java/net/imglib2/ops/operation/img/unary/ImgConvert.java:[184,57] cannot find symbol
symbol  : variable TypeConversionTypes
location: class net.imglib2.ops.operation.img.unary.ImgConvert&lt;I,O&gt;
[ERROR] /data/devel/jenkins/jobs/ImgLib/workspace/imglib2/ops/src/main/java/net/imglib2/ops/operation/iterableinterval/unary/NormalizeIterableInterval.java:[131,21] cannot find symbol
symbol  : class Normalize
location: class net.imglib2.ops.operation.iterableinterval.unary.NormalizeIterableInterval&lt;T,I&gt;
[ERROR] /data/devel/jenkins/jobs/ImgLib/workspace/imglib2/ops/src/main/java/net/imglib2/ops/operation/iterableinterval/unary/NormalizeIterableInterval.java:[137,22] cannot find symbol
symbol  : class Normalize
location: class net.imglib2.ops.operation.iterableinterval.unary.NormalizeIterableInterval&lt;T,I&gt;
[INFO] 19 errors 
[INFO] -------------------------------------------------------------
[INFO] ------------------------------------------------------------------------
[ERROR] BUILD FAILURE
[INFO] ------------------------------------------------------------------------
[INFO] Compilation failure

/data/devel/jenkins/jobs/ImgLib/workspace/imglib2/ops/src/main/java/net/imglib2/ops/operation/img/unary/ImgConvert.java:[44,43] cannot find symbol
symbol  : class Convert
location: package net.imglib2.ops.operation.real.unary
/data/devel/jenkins/jobs/ImgLib/workspace/imglib2/ops/src/main/java/net/imglib2/ops/operation/img/unary/ImgConvert.java:[45,51] package net.imglib2.ops.operation.real.unary.Convert does not exist
/data/devel/jenkins/jobs/ImgLib/workspace/imglib2/ops/src/main/java/net/imglib2/ops/operation/iterableinterval/unary/NormalizeIterableInterval.java:[44,43] cannot find symbol
symbol  : class Normalize
location: package net.imglib2.ops.operation.real.unary
/data/devel/jenkins/jobs/ImgLib/workspace/imglib2/ops/src/main/java/net/imglib2/ops/operation/iterableinterval/unary/NormalizeIterableInterval.java:[69,9] cannot find symbol
symbol  : class Normalize
location: class net.imglib2.ops.operation.iterableinterval.unary.NormalizeIterableInterval&lt;T,I&gt;
/data/devel/jenkins/jobs/ImgLib/workspace/imglib2/ops/src/main/java/net/imglib2/ops/operation/img/unary/ImgConvert.java:[152,2] cannot find symbol
symbol  : class Convert
location: class net.imglib2.ops.operation.img.unary.ImgConvert&lt;I,O&gt;
/data/devel/jenkins/jobs/ImgLib/workspace/imglib2/ops/src/main/java/net/imglib2/ops/operation/img/unary/ImgConvert.java:[156,19] cannot find symbol
symbol  : class Convert
location: class net.imglib2.ops.operation.img.unary.ImgConvert&lt;I,O&gt;
/data/devel/jenkins/jobs/ImgLib/workspace/imglib2/ops/src/main/java/net/imglib2/ops/operation/img/unary/ImgConvert.java:[156,57] cannot find symbol
symbol  : variable TypeConversionTypes
location: class net.imglib2.ops.operation.img.unary.ImgConvert&lt;I,O&gt;
/data/devel/jenkins/jobs/ImgLib/workspace/imglib2/ops/src/main/java/net/imglib2/ops/operation/img/unary/ImgConvert.java:[159,19] cannot find symbol
symbol  : class Convert
location: class net.imglib2.ops.operation.img.unary.ImgConvert&lt;I,O&gt;
/data/devel/jenkins/jobs/ImgLib/workspace/imglib2/ops/src/main/java/net/imglib2/ops/operation/img/unary/ImgConvert.java:[159,57] cannot find symbol
symbol  : variable TypeConversionTypes
location: class net.imglib2.ops.operation.img.unary.ImgConvert&lt;I,O&gt;
/data/devel/jenkins/jobs/ImgLib/workspace/imglib2/ops/src/main/java/net/imglib2/ops/operation/img/unary/ImgConvert.java:[164,19] cannot find symbol
symbol  : class Convert
location: class net.imglib2.ops.operation.img.unary.ImgConvert&lt;I,O&gt;
/data/devel/jenkins/jobs/ImgLib/workspace/imglib2/ops/src/main/java/net/imglib2/ops/operation/img/unary/ImgConvert.java:[164,57] cannot find symbol
symbol  : variable TypeConversionTypes
location: class net.imglib2.ops.operation.img.unary.ImgConvert&lt;I,O&gt;
/data/devel/jenkins/jobs/ImgLib/workspace/imglib2/ops/src/main/java/net/imglib2/ops/operation/img/unary/ImgConvert.java:[173,19] cannot find symbol
symbol  : class Convert
location: class net.imglib2.ops.operation.img.unary.ImgConvert&lt;I,O&gt;
/data/devel/jenkins/jobs/ImgLib/workspace/imglib2/ops/src/main/java/net/imglib2/ops/operation/img/unary/ImgConvert.java:[173,57] cannot find symbol
symbol  : variable TypeConversionTypes
location: class net.imglib2.ops.operation.img.unary.ImgConvert&lt;I,O&gt;
/data/devel/jenkins/jobs/ImgLib/workspace/imglib2/ops/src/main/java/net/imglib2/ops/operation/img/unary/ImgConvert.java:[179,19] cannot find symbol
symbol  : class Convert
location: class net.imglib2.ops.operation.img.unary.ImgConvert&lt;I,O&gt;
/data/devel/jenkins/jobs/ImgLib/workspace/imglib2/ops/src/main/java/net/imglib2/ops/operation/img/unary/ImgConvert.java:[179,57] cannot find symbol
symbol  : variable TypeConversionTypes
location: class net.imglib2.ops.operation.img.unary.ImgConvert&lt;I,O&gt;
/data/devel/jenkins/jobs/ImgLib/workspace/imglib2/ops/src/main/java/net/imglib2/ops/operation/img/unary/ImgConvert.java:[184,19] cannot find symbol
symbol  : class Convert
location: class net.imglib2.ops.operation.img.unary.ImgConvert&lt;I,O&gt;
/data/devel/jenkins/jobs/ImgLib/workspace/imglib2/ops/src/main/java/net/imglib2/ops/operation/img/unary/ImgConvert.java:[184,57] cannot find symbol
symbol  : variable TypeConversionTypes
location: class net.imglib2.ops.operation.img.unary.ImgConvert&lt;I,O&gt;
/data/devel/jenkins/jobs/ImgLib/workspace/imglib2/ops/src/main/java/net/imglib2/ops/operation/iterableinterval/unary/NormalizeIterableInterval.java:[131,21] cannot find symbol
symbol  : class Normalize
location: class net.imglib2.ops.operation.iterableinterval.unary.NormalizeIterableInterval&lt;T,I&gt;
/data/devel/jenkins/jobs/ImgLib/workspace/imglib2/ops/src/main/java/net/imglib2/ops/operation/iterableinterval/unary/NormalizeIterableInterval.java:[137,22] cannot find symbol
symbol  : class Normalize
location: class net.imglib2.ops.operation.iterableinterval.unary.NormalizeIterableInterval&lt;T,I&gt;

[INFO] ------------------------------------------------------------------------
[INFO] For more information, run Maven with the -e switch
[INFO] ------------------------------------------------------------------------
[INFO] Total time: 1 minute 44 seconds
[INFO] Finished at: Tue Oct 30 03:21:26 CDT 2012
[INFO] Final Memory: 90M/1959M
[INFO] ------------------------------------------------------------------------
Build step 'Invoke top-level Maven targets' marked build as failure
Archiving artifacts
Performance: No threshold configured for making the test unstable
Performance: No threshold configured for making the test failure
Performance: Recording JUnit reports '**/TEST-*.xml'
Performance: Parsing JUnit report file TEST-HistogramTest.xml
Performance: Parsing JUnit report file TEST-tests.labeling.AllConnectedComponentsTest.xml
Performance: Parsing JUnit report file TEST-tests.labeling.WatershedTest.xml
Performance: Parsing JUnit report file TEST-tests.BasicTest.xml
Performance: Parsing JUnit report file TEST-tests.TestSortedGrayLevelIterator.xml
Performance: Parsing JUnit report file TEST-tests.labeling.LabelingTest.xml
Performance: Parsing JUnit report file TEST-SquareTest.xml
Performance: Parsing JUnit report file TEST-imglib.ops.Rev2FunctionalIdeasTest.xml
Performance: Parsing JUnit report file TEST-script.imglib.test.TestPlot.xml
Performance: Parsing JUnit report file TEST-net.imglib2.algorithm.kdtree.VolumetricSearchTest.xml
Performance: Parsing JUnit report file TEST-tests.labeling.AllConnectedComponentsTest.xml
Performance: Parsing JUnit report file TEST-tests.labeling.WatershedTest.xml
Performance: Parsing JUnit report file TEST-net.imglib2.algorithm.fft.FFTTest.xml
Performance: Parsing JUnit report file TEST-net.imglib2.algorithm.region.BresenhamLineTest.xml
Performance: Parsing JUnit report file TEST-net.imglib2.BinningTest.xml
Performance: Parsing JUnit report file TEST-net.imglib2.IterableIntervalSubsetTest.xml
Performance: Parsing JUnit report file TEST-net.imglib2.PointTest.xml
Performance: Parsing JUnit report file TEST-net.imglib2.RealPointTest.xml
Performance: Parsing JUnit report file TEST-net.imglib2.TestAbstractRealLocalizable.xml
Performance: Parsing JUnit report file TEST-net.imglib2.collection.RealPointSampleListTest.xml
Performance: Parsing JUnit report file TEST-net.imglib2.img.cell.CellContainerFactoryTest.xml
Performance: Parsing JUnit report file TEST-net.imglib2.img.cell.CellContainerTest.xml
Performance: Parsing JUnit report file TEST-net.imglib2.img.cell.CellCursorTest.xml
Performance: Parsing JUnit report file TEST-net.imglib2.img.cell.CellTest.xml
Performance: Parsing JUnit report file TEST-net.imglib2.img.cell.CopyTest.xml
Performance: Parsing JUnit report file TEST-net.imglib2.img.list.CopyTest.xml
Performance: Parsing JUnit report file TEST-net.imglib2.img.planar.CopyTest.xml
Performance: Parsing JUnit report file TEST-net.imglib2.img.sparse.NtreeTest.xml
Performance: Parsing JUnit report file TEST-net.imglib2.img.transform.ImgTranslationAdapterTest.xml
Performance: Parsing JUnit report file TEST-net.imglib2.nearestneighbor.KDTreeTest.xml
Performance: Parsing JUnit report file TEST-net.imglib2.nearestneighbor.NearestNeighborSearchOnIterableRealIntervalTest.xml
Performance: Parsing JUnit report file TEST-net.imglib2.outofbounds.OutOfBoundsBorderTest.xml
Performance: Parsing JUnit report file TEST-net.imglib2.outofbounds.OutOfBoundsMirrorDoubleBoundaryTest.xml
Performance: Parsing JUnit report file TEST-net.imglib2.outofbounds.OutOfBoundsMirrorSingleBoundaryTest.xml
Performance: Parsing JUnit report file TEST-net.imglib2.outofbounds.OutOfBoundsPeriodicTest.xml
Performance: Parsing JUnit report file TEST-net.imglib2.position.transform.FloorOffsetTest.xml
Performance: Parsing JUnit report file TEST-net.imglib2.roi.AbstractIterableRegionOfInterestTest.xml
Performance: Parsing JUnit report file TEST-net.imglib2.roi.BinaryMaskRegionOfInterestTest.xml
Performance: Parsing JUnit report file TEST-net.imglib2.roi.CompositeRegionOfInterestTest.xml
Performance: Parsing JUnit report file TEST-net.imglib2.roi.EllipseRegionOfInterestTest.xml
Performance: Parsing JUnit report file TEST-net.imglib2.roi.GeneralPathRegionOfInterestTest.xml
Performance: Parsing JUnit report file TEST-net.imglib2.roi.PolygonRegionOfInterestTest.xml
Performance: Parsing JUnit report file TEST-net.imglib2.roi.RectangleRegionOfInterestTest.xml
Performance: Parsing JUnit report file TEST-net.imglib2.sampler.special.TestConstantRandomAccessible.xml
Performance: Parsing JUnit report file TEST-net.imglib2.sampler.special.TestConstantRealRandomAccessible.xml
Performance: Parsing JUnit report file TEST-net.imglib2.util.ImgUtilTest.xml
Performance: Parsing JUnit report file TEST-net.imglib2.util.KthElementTest.xml
Performance: Parsing JUnit report file TEST-net.imglib2.util.LinAlgHelpersTest.xml
Performance: Parsing JUnit report file TEST-net.imglib2.util.PartitionTest.xml
Performance: Parsing JUnit report file TEST-net.imglib2.util.RealSumTest.xml
Performance: Parsing JUnit report file TEST-net.imglib2.view.HyperSliceImgPlusTest.xml
Performance: Parsing JUnit report file TEST-net.imglib2.view.RandomAccessTest.xml
Performance: Parsing JUnit report file TEST-net.imglib2.view.RandomAccessibleIntervalCursorTest.xml
Performance: Parsing JUnit report file TEST-net.imglib2.view.SequentializeTransformTest.xml
Performance: Parsing JUnit report file TEST-tests.BasicTest.xml
Performance: Parsing JUnit report file TEST-tests.labeling.LabelingOutOfBoundsTest.xml
Performance: Parsing JUnit report file TEST-tests.labeling.LabelingTest.xml
Performance: Parsing JUnit report file TEST-tests.labeling.SparseLabelingTest.xml
Performance: Parsing JUnit report file TEST-tests.roi.TestAbstractRegionOfInterest.xml
Performance: Parsing JUnit report file TEST-net.imglib2.img.ImagePlusAdapterTest.xml
Performance: Parsing JUnit report file TEST-net.imglib2.img.ImgTest.xml
Performance: Parsing JUnit report file TEST-net.imglib2.io.img.virtual.VirtualImgTest.xml
Performance: Parsing JUnit report file TEST-script.imglib.test.TestBufferedImageImg.xml
Performance: Parsing JUnit report file TEST-script.imglib.test.TestExtend.xml
Performance: Parsing JUnit report file TEST-script.imglib.test.TestIntegralImage.xml
Performance: Parsing JUnit report file TEST-script.imglib.test.TestIntegralImagePerformance.xml
Performance: Parsing JUnit report file TEST-script.imglib.test.TestReduce.xml
Performance: Parsing JUnit report file TEST-script.imglib.test.TestTransformations.xml
Performance: Parsing JUnit report file TEST-net.imglib2.view.MixedTransformConcatenateTest.xml
Performance: Parsing JUnit report file TEST-net.imglib2.view.SlicingTransformConcatenateTest.xml
Performance: Parsing JUnit report file TEST-net.imglib2.view.TranslationTransformConcatenateTest.xml
Performance: File TEST-HistogramTest.xml reported 0.0% of errors [SUCCESS]. Build status is: FAILURE
Performance: File TEST-tests.labeling.AllConnectedComponentsTest.xml reported 0.0% of errors [SUCCESS]. Build status is: FAILURE
Performance: File TEST-tests.labeling.WatershedTest.xml reported 0.0% of errors [SUCCESS]. Build status is: FAILURE
Performance: File TEST-tests.BasicTest.xml reported 0.0% of errors [SUCCESS]. Build status is: FAILURE
Performance: File TEST-tests.TestSortedGrayLevelIterator.xml reported 0.0% of errors [SUCCESS]. Build status is: FAILURE
Performance: File TEST-tests.labeling.LabelingTest.xml reported 0.0% of errors [SUCCESS]. Build status is: FAILURE
Performance: File TEST-SquareTest.xml reported 0.0% of errors [SUCCESS]. Build status is: FAILURE
Performance: File TEST-imglib.ops.Rev2FunctionalIdeasTest.xml reported 0.0% of errors [SUCCESS]. Build status is: FAILURE
Performance: File TEST-script.imglib.test.TestPlot.xml reported 0.0% of errors [SUCCESS]. Build status is: FAILURE
Performance: File TEST-net.imglib2.algorithm.kdtree.VolumetricSearchTest.xml reported 0.0% of errors [SUCCESS]. Build status is: FAILURE
Performance: File TEST-tests.labeling.AllConnectedComponentsTest.xml reported 0.0% of errors [SUCCESS]. Build status is: FAILURE
Performance: File TEST-tests.labeling.WatershedTest.xml reported 0.0% of errors [SUCCESS]. Build status is: FAILURE
Performance: File TEST-net.imglib2.algorithm.fft.FFTTest.xml reported 0.0% of errors [SUCCESS]. Build status is: FAILURE
Performance: File TEST-net.imglib2.algorithm.region.BresenhamLineTest.xml reported 0.0% of errors [SUCCESS]. Build status is: FAILURE
Performance: File TEST-net.imglib2.BinningTest.xml reported 0.0% of errors [SUCCESS]. Build status is: FAILURE
Performance: File TEST-net.imglib2.IterableIntervalSubsetTest.xml reported 0.0% of errors [SUCCESS]. Build status is: FAILURE
Performance: File TEST-net.imglib2.PointTest.xml reported 0.0% of errors [SUCCESS]. Build status is: FAILURE
Performance: File TEST-net.imglib2.RealPointTest.xml reported 0.0% of errors [SUCCESS]. Build status is: FAILURE
Performance: File TEST-net.imglib2.TestAbstractRealLocalizable.xml reported 0.0% of errors [SUCCESS]. Build status is: FAILURE
Performance: File TEST-net.imglib2.collection.RealPointSampleListTest.xml reported 0.0% of errors [SUCCESS]. Build status is: FAILURE
Performance: File TEST-net.imglib2.img.cell.CellContainerFactoryTest.xml reported 0.0% of errors [SUCCESS]. Build status is: FAILURE
Performance: File TEST-net.imglib2.img.cell.CellContainerTest.xml reported 0.0% of errors [SUCCESS]. Build status is: FAILURE
Performance: File TEST-net.imglib2.img.cell.CellCursorTest.xml reported 0.0% of errors [SUCCESS]. Build status is: FAILURE
Performance: File TEST-net.imglib2.img.cell.CellTest.xml reported 0.0% of errors [SUCCESS]. Build status is: FAILURE
Performance: File TEST-net.imglib2.img.cell.CopyTest.xml reported 0.0% of errors [SUCCESS]. Build status is: FAILURE
Performance: File TEST-net.imglib2.img.list.CopyTest.xml reported 0.0% of errors [SUCCESS]. Build status is: FAILURE
Performance: File TEST-net.imglib2.img.planar.CopyTest.xml reported 0.0% of errors [SUCCESS]. Build status is: FAILURE
Performance: File TEST-net.imglib2.img.sparse.NtreeTest.xml reported 0.0% of errors [SUCCESS]. Build status is: FAILURE
Performance: File TEST-net.imglib2.img.transform.ImgTranslationAdapterTest.xml reported 0.0% of errors [SUCCESS]. Build status is: FAILURE
Performance: File TEST-net.imglib2.nearestneighbor.KDTreeTest.xml reported 0.0% of errors [SUCCESS]. Build status is: FAILURE
Performance: File TEST-net.imglib2.nearestneighbor.NearestNeighborSearchOnIterableRealIntervalTest.xml reported 0.0% of errors [SUCCESS]. Build status is: FAILURE
Performance: File TEST-net.imglib2.outofbounds.OutOfBoundsBorderTest.xml reported 0.0% of errors [SUCCESS]. Build status is: FAILURE
Performance: File TEST-net.imglib2.outofbounds.OutOfBoundsMirrorDoubleBoundaryTest.xml reported 0.0% of errors [SUCCESS]. Build status is: FAILURE
Performance: File TEST-net.imglib2.outofbounds.OutOfBoundsMirrorSingleBoundaryTest.xml reported 0.0% of errors [SUCCESS]. Build status is: FAILURE
Performance: File TEST-net.imglib2.outofbounds.OutOfBoundsPeriodicTest.xml reported 0.0% of errors [SUCCESS]. Build status is: FAILURE
Performance: File TEST-net.imglib2.position.transform.FloorOffsetTest.xml reported 0.0% of errors [SUCCESS]. Build status is: FAILURE
Performance: File TEST-net.imglib2.roi.AbstractIterableRegionOfInterestTest.xml reported 0.0% of errors [SUCCESS]. Build status is: FAILURE
Performance: File TEST-net.imglib2.roi.BinaryMaskRegionOfInterestTest.xml reported 0.0% of errors [SUCCESS]. Build status is: FAILURE
Performance: File TEST-net.imglib2.roi.CompositeRegionOfInterestTest.xml reported 0.0% of errors [SUCCESS]. Build status is: FAILURE
Performance: File TEST-net.imglib2.roi.EllipseRegionOfInterestTest.xml reported 0.0% of errors [SUCCESS]. Build status is: FAILURE
Performance: File TEST-net.imglib2.roi.GeneralPathRegionOfInterestTest.xml reported 0.0% of errors [SUCCESS]. Build status is: FAILURE
Performance: File TEST-net.imglib2.roi.PolygonRegionOfInterestTest.xml reported 0.0% of errors [SUCCESS]. Build status is: FAILURE
Performance: File TEST-net.imglib2.roi.RectangleRegionOfInterestTest.xml reported 0.0% of errors [SUCCESS]. Build status is: FAILURE
Performance: File TEST-net.imglib2.sampler.special.TestConstantRandomAccessible.xml reported 0.0% of errors [SUCCESS]. Build status is: FAILURE
Performance: File TEST-net.imglib2.sampler.special.TestConstantRealRandomAccessible.xml reported 0.0% of errors [SUCCESS]. Build status is: FAILURE
Performance: File TEST-net.imglib2.util.ImgUtilTest.xml reported 0.0% of errors [SUCCESS]. Build status is: FAILURE
Performance: File TEST-net.imglib2.util.KthElementTest.xml reported 0.0% of errors [SUCCESS]. Build status is: FAILURE
Performance: File TEST-net.imglib2.util.LinAlgHelpersTest.xml reported 0.0% of errors [SUCCESS]. Build status is: FAILURE
Performance: File TEST-net.imglib2.util.PartitionTest.xml reported 0.0% of errors [SUCCESS]. Build status is: FAILURE
Performance: File TEST-net.imglib2.util.RealSumTest.xml reported 0.0% of errors [SUCCESS]. Build status is: FAILURE
Performance: File TEST-net.imglib2.view.HyperSliceImgPlusTest.xml reported 0.0% of errors [SUCCESS]. Build status is: FAILURE
Performance: File TEST-net.imglib2.view.RandomAccessTest.xml reported 0.0% of errors [SUCCESS]. Build status is: FAILURE
Performance: File TEST-net.imglib2.view.RandomAccessibleIntervalCursorTest.xml reported 0.0% of errors [SUCCESS]. Build status is: FAILURE
Performance: File TEST-net.imglib2.view.SequentializeTransformTest.xml reported 0.0% of errors [SUCCESS]. Build status is: FAILURE
Performance: File TEST-tests.BasicTest.xml reported 0.0% of errors [SUCCESS]. Build status is: FAILURE
Performance: File TEST-tests.labeling.LabelingOutOfBoundsTest.xml reported 0.0% of errors [SUCCESS]. Build status is: FAILURE
Performance: File TEST-tests.labeling.LabelingTest.xml reported 0.0% of errors [SUCCESS]. Build status is: FAILURE
Performance: File TEST-tests.labeling.SparseLabelingTest.xml reported 0.0% of errors [SUCCESS]. Build status is: FAILURE
Performance: File TEST-tests.roi.TestAbstractRegionOfInterest.xml reported 0.0% of errors [SUCCESS]. Build status is: FAILURE
Performance: File TEST-net.imglib2.img.ImagePlusAdapterTest.xml reported 0.0% of errors [SUCCESS]. Build status is: FAILURE
Performance: File TEST-net.imglib2.img.ImgTest.xml reported 0.0% of errors [SUCCESS]. Build status is: FAILURE
Performance: File TEST-net.imglib2.io.img.virtual.VirtualImgTest.xml reported 0.0% of errors [SUCCESS]. Build status is: FAILURE
Performance: File TEST-script.imglib.test.TestBufferedImageImg.xml reported 0.0% of errors [SUCCESS]. Build status is: FAILURE
Performance: File TEST-script.imglib.test.TestExtend.xml reported 0.0% of errors [SUCCESS]. Build status is: FAILURE
Performance: File TEST-script.imglib.test.TestIntegralImage.xml reported 0.0% of errors [SUCCESS]. Build status is: FAILURE
Performance: File TEST-script.imglib.test.TestIntegralImagePerformance.xml reported 0.0% of errors [SUCCESS]. Build status is: FAILURE
Performance: File TEST-script.imglib.test.TestReduce.xml reported 0.0% of errors [SUCCESS]. Build status is: FAILURE
Performance: File TEST-script.imglib.test.TestTransformations.xml reported 0.0% of errors [SUCCESS]. Build status is: FAILURE
Performance: File TEST-net.imglib2.view.MixedTransformConcatenateTest.xml reported 0.0% of errors [SUCCESS]. Build status is: FAILURE
Performance: File TEST-net.imglib2.view.SlicingTransformConcatenateTest.xml reported 0.0% of errors [SUCCESS]. Build status is: FAILURE
Performance: File TEST-net.imglib2.view.TranslationTransformConcatenateTest.xml reported 0.0% of errors [SUCCESS]. Build status is: FAILURE
Failed to send e-mail to Christian Dietz because no e-mail address is known, and no default e-mail domain is configured

</PRE>



<!--endarticle-->
    <HR>
    <P><UL>
        <!--threads-->
	<LI>Previous message: <A HREF="000651.html">[ImageJ-builds] Jenkins build is back to normal : ImgLib #1279
</A></li>
	<LI>Next message: <A HREF="000653.html">[ImageJ-builds] Jenkins build is back to normal : ImgLib #1285
</A></li>
         <LI> <B>Messages sorted by:</B> 
              <a href="date.html#652">[ date ]</a>
              <a href="thread.html#652">[ thread ]</a>
              <a href="subject.html#652">[ subject ]</a>
              <a href="author.html#652">[ author ]</a>
         </LI>
       </UL>

<hr>
<a href="http://imagej.net/mailman/listinfo/imagej-builds">More information about the ImageJ-builds
mailing list</a><br>
</body></html>
