<!DOCTYPE HTML PUBLIC "-//W3C//DTD HTML 4.01 Transitional//EN">
<HTML>
 <HEAD>
   <TITLE> [ImageJ-builds] Build failed in Jenkins: ImageJ1-unit-tests #263
   </TITLE>
   <LINK REL="Index" HREF="index.html" >
   <LINK REL="made" HREF="mailto:imagej-builds%40imagej.net?Subject=Re%3A%20%5BImageJ-builds%5D%20Build%20failed%20in%20Jenkins%3A%20ImageJ1-unit-tests%20%23263&In-Reply-To=%3C1816148214.170.1415127453652.JavaMail.jenkins%40dev%3E">
   <META NAME="robots" CONTENT="index,nofollow">
   <style type="text/css">
       pre {
           white-space: pre-wrap;       /* css-2.1, curent FF, Opera, Safari */
           }
   </style>
   <META http-equiv="Content-Type" content="text/html; charset=us-ascii">
   <LINK REL="Previous"  HREF="009689.html">
   <LINK REL="Next"  HREF="009791.html">
 </HEAD>
 <BODY BGCOLOR="#ffffff">
   <H1>[ImageJ-builds] Build failed in Jenkins: ImageJ1-unit-tests #263</H1>
    <B>jenkins at imagej.net</B> 
    <A HREF="mailto:imagej-builds%40imagej.net?Subject=Re%3A%20%5BImageJ-builds%5D%20Build%20failed%20in%20Jenkins%3A%20ImageJ1-unit-tests%20%23263&In-Reply-To=%3C1816148214.170.1415127453652.JavaMail.jenkins%40dev%3E"
       TITLE="[ImageJ-builds] Build failed in Jenkins: ImageJ1-unit-tests #263">jenkins at imagej.net
       </A><BR>
    <I>Tue Nov  4 12:57:33 CST 2014</I>
    <P><UL>
        <LI>Previous message: <A HREF="009689.html">[ImageJ-builds] Jenkins build is back to normal : TrackMate #126
</A></li>
        <LI>Next message: <A HREF="009791.html">[ImageJ-builds] Build failed in Jenkins: ImageJ1-unit-tests #264
</A></li>
         <LI> <B>Messages sorted by:</B> 
              <a href="date.html#9690">[ date ]</a>
              <a href="thread.html#9690">[ thread ]</a>
              <a href="subject.html#9690">[ subject ]</a>
              <a href="author.html#9690">[ author ]</a>
         </LI>
       </UL>
    <HR>  
<!--beginarticle-->
<PRE>See &lt;<A HREF="http://jenkins.imagej.net/job/ImageJ1-unit-tests/263/changes">http://jenkins.imagej.net/job/ImageJ1-unit-tests/263/changes</A>&gt;

Changes:

[Curtis Rueden] POM: bump to pom-imagej 5.0

------------------------------------------
Started by an SCM change
Building on master in workspace &lt;<A HREF="http://jenkins.imagej.net/job/ImageJ1-unit-tests/ws/">http://jenkins.imagej.net/job/ImageJ1-unit-tests/ws/</A>&gt;
Fetching changes from the remote Git repository
Fetching upstream changes from <A HREF="git://github.com/imagej/ij1-tests">git://github.com/imagej/ij1-tests</A>
Seen branch in repository origin/HEAD
Seen branch in repository origin/master
Seen 2 remote branches
Checking out Revision 9fcde6d69bf00d446d34bbe3c2fae0ceb0e26004 (origin/master)
[workspace] $ mvn clean test
[INFO] Scanning for projects...
[INFO]                                                                         
[INFO] ------------------------------------------------------------------------
[INFO] Building ImageJ1 unit tests 1.0-SNAPSHOT
[INFO] ------------------------------------------------------------------------
[INFO] 
[INFO] --- maven-clean-plugin:2.5:clean (default-clean) @ ij1-tests ---
[INFO] Deleting /data/devel/jenkins/jobs/ImageJ1-unit-tests/workspace/target
[INFO] 
[INFO] --- maven-enforcer-plugin:1.3.1:enforce (enforce-rules) @ ij1-tests ---
[INFO] Adding ignorable dependency: null:jcodings:null
[INFO]   Adding ignore: org/jcodings/*
[INFO] Adding ignorable dependency: null:jnr-constants:null
[INFO]   Adding ignore: com/kenai/constantine/*
[INFO]   Adding ignore: jnr/constants/*
[INFO] Adding ignorable dependency: null:jnr-ffi:null
[INFO]   Adding ignore: jnr/ffi/*
[INFO] 
[INFO] --- buildnumber-maven-plugin:1.3:create (default) @ ij1-tests ---
[INFO] Executing: /bin/sh -c cd /data/devel/jenkins/jobs/ImageJ1-unit-tests/workspace &amp;&amp; git rev-parse --verify HEAD
[INFO] Working directory: /data/devel/jenkins/jobs/ImageJ1-unit-tests/workspace
[INFO] Storing buildNumber: 9fcde6d69bf00d446d34bbe3c2fae0ceb0e26004 at timestamp: 1415127431822
[WARNING] Cannot get the branch information from the git repository: 
Detecting the current branch failed: fatal: ref HEAD is not a symbolic ref

[INFO] Executing: /bin/sh -c cd /data/devel/jenkins/jobs/ImageJ1-unit-tests/workspace &amp;&amp; git rev-parse --verify HEAD
[INFO] Working directory: /data/devel/jenkins/jobs/ImageJ1-unit-tests/workspace
[INFO] Storing buildScmBranch: UNKNOWN
[INFO] 
[INFO] --- maven-resources-plugin:2.6:resources (default-resources) @ ij1-tests ---
[INFO] Using 'UTF-8' encoding to copy filtered resources.
[INFO] skip non existing resourceDirectory /data/devel/jenkins/jobs/ImageJ1-unit-tests/workspace/src/main/resources
[INFO] 
[INFO] --- maven-compiler-plugin:3.1:compile (default-compile) @ ij1-tests ---
[INFO] No sources to compile
[INFO] 
[INFO] --- maven-resources-plugin:2.6:testResources (default-testResources) @ ij1-tests ---
[INFO] Using 'UTF-8' encoding to copy filtered resources.
[INFO] Copying 28 resources
[INFO] 
[INFO] --- maven-compiler-plugin:3.1:testCompile (default-testCompile) @ ij1-tests ---
[INFO] Changes detected - recompiling the module!
[INFO] Compiling 85 source files to /data/devel/jenkins/jobs/ImageJ1-unit-tests/workspace/target/test-classes
[WARNING] Note: Some input files use or override a deprecated API.
[WARNING] Note: Recompile with -Xlint:deprecation for details.
[INFO] 
[INFO] --- maven-surefire-plugin:2.17:test (default-test) @ ij1-tests ---
[INFO] Surefire report directory: /data/devel/jenkins/jobs/ImageJ1-unit-tests/workspace/target/surefire-reports

-------------------------------------------------------
 T E S T S
-------------------------------------------------------
Running ij.IJEventListenerTest
Tests run: 2, Failures: 0, Errors: 0, Skipped: 0, Time elapsed: 0.02 sec - in ij.IJEventListenerTest
Running ij.process.FloatProcessorTest
Tests run: 81, Failures: 0, Errors: 0, Skipped: 0, Time elapsed: 0.931 sec - in ij.process.FloatProcessorTest
Running ij.process.LUTTest
Tests run: 7, Failures: 0, Errors: 0, Skipped: 0, Time elapsed: 0.001 sec - in ij.process.LUTTest
Running ij.process.ByteProcessorTest
Tests run: 71, Failures: 0, Errors: 0, Skipped: 0, Time elapsed: 0.658 sec - in ij.process.ByteProcessorTest
Running ij.process.ShortProcessorTest
Tests run: 86, Failures: 0, Errors: 0, Skipped: 0, Time elapsed: 6.978 sec - in ij.process.ShortProcessorTest
Running ij.process.ColorProcessorTest
Tests run: 86, Failures: 0, Errors: 0, Skipped: 0, Time elapsed: 1.338 sec - in ij.process.ColorProcessorTest
Running ij.process.ImageProcessorTest
Tests run: 184, Failures: 3, Errors: 0, Skipped: 0, Time elapsed: 0.651 sec &lt;&lt;&lt; FAILURE! - in ij.process.ImageProcessorTest
testSetAutoThresholdIntInt(ij.process.ImageProcessorTest)  Time elapsed: 0.14 sec  &lt;&lt;&lt; FAILURE!
java.lang.AssertionError: expected:&lt;184.02226974717172&gt; but was:&lt;170.77088019171634&gt;
	at org.junit.Assert.fail(Assert.java:88)
	at org.junit.Assert.failNotEquals(Assert.java:743)
	at org.junit.Assert.assertEquals(Assert.java:494)
	at org.junit.Assert.assertEquals(Assert.java:592)
	at ij.process.ImageProcessorTest.testSetAutoThresholdIntInt(ImageProcessorTest.java:882)

testSetAutoThresholdString(ij.process.ImageProcessorTest)  Time elapsed: 0.031 sec  &lt;&lt;&lt; FAILURE!
java.lang.AssertionError: expected:&lt;184.02226974717172&gt; but was:&lt;170.77088019171634&gt;
	at org.junit.Assert.fail(Assert.java:88)
	at org.junit.Assert.failNotEquals(Assert.java:743)
	at org.junit.Assert.assertEquals(Assert.java:494)
	at org.junit.Assert.assertEquals(Assert.java:592)
	at ij.process.ImageProcessorTest.testSetAutoThresholdString(ImageProcessorTest.java:804)

testSetAutoThresholdStringBooleanInt(ij.process.ImageProcessorTest)  Time elapsed: 0.031 sec  &lt;&lt;&lt; FAILURE!
java.lang.AssertionError: expected:&lt;184.02226974717172&gt; but was:&lt;170.77088019171634&gt;
	at org.junit.Assert.fail(Assert.java:88)
	at org.junit.Assert.failNotEquals(Assert.java:743)
	at org.junit.Assert.assertEquals(Assert.java:494)
	at org.junit.Assert.assertEquals(Assert.java:592)
	at ij.process.ImageProcessorTest.testSetAutoThresholdStringBooleanInt(ImageProcessorTest.java:833)

Running ij.process.BinaryProcessorTest
Tests run: 5, Failures: 0, Errors: 0, Skipped: 0, Time elapsed: 0.118 sec - in ij.process.BinaryProcessorTest
Running ij.io.DirectoryChooserTest
Tests run: 3, Failures: 0, Errors: 0, Skipped: 0, Time elapsed: 0.001 sec - in ij.io.DirectoryChooserTest
Running ij.io.RandomAccessStreamTest
Tests run: 16, Failures: 0, Errors: 0, Skipped: 0, Time elapsed: 0.007 sec - in ij.io.RandomAccessStreamTest
Running ij.io.FileOpenerTest
Tests run: 8, Failures: 0, Errors: 0, Skipped: 0, Time elapsed: 0.578 sec - in ij.io.FileOpenerTest
Running ij.io.BitBufferTest
Tests run: 2, Failures: 0, Errors: 0, Skipped: 0, Time elapsed: 0 sec - in ij.io.BitBufferTest
Running ij.io.ImageWriterTest
Tests run: 1, Failures: 0, Errors: 0, Skipped: 0, Time elapsed: 0.032 sec - in ij.io.ImageWriterTest
Running ij.io.FileInfoTest
Tests run: 6, Failures: 1, Errors: 0, Skipped: 0, Time elapsed: 0.005 sec &lt;&lt;&lt; FAILURE! - in ij.io.FileInfoTest
testToString(ij.io.FileInfoTest)  Time elapsed: 0.001 sec  &lt;&lt;&lt; FAILURE!
org.junit.ComparisonFailure: expected:&lt;...ame=Untitled, dir=, [url=, width=0, height=0, nImages=1, type=byte, format=0, offset=0, whiteZero=f, Intel]=f, lutSize=0, comp=...&gt; but was:&lt;...ame=Untitled, dir=, [width=0, height=0, nImages=1, offset=0, type=byte, byteOrder=big, format=0, url=, whiteIsZero]=f, lutSize=0, comp=...&gt;
	at org.junit.Assert.assertEquals(Assert.java:115)
	at org.junit.Assert.assertEquals(Assert.java:144)
	at ij.io.FileInfoTest.testToString(FileInfoTest.java:344)

Running ij.io.ImageReaderTest
java.net.MalformedURLException: no protocol: ashdjjfj
java.net.UnknownHostException: fred.joe.john.edu
java.io.FileNotFoundException: <A HREF="http://www.google.com/ooglywooglygugglychoogly.tiff">http://www.google.com/ooglywooglygugglychoogly.tiff</A>
Tests run: 16, Failures: 0, Errors: 0, Skipped: 0, Time elapsed: 1.549 sec - in ij.io.ImageReaderTest
Running ij.CommandListenerTest
Tests run: 1, Failures: 0, Errors: 0, Skipped: 0, Time elapsed: 0 sec - in ij.CommandListenerTest
Running ij.ImagePlusTest
This command requires an area selection
This command requires an area selection
Unsupported format or not found
Tests run: 125, Failures: 1, Errors: 0, Skipped: 0, Time elapsed: 0.106 sec &lt;&lt;&lt; FAILURE! - in ij.ImagePlusTest
testGetLuts(ij.ImagePlusTest)  Time elapsed: 0.001 sec  &lt;&lt;&lt; FAILURE!
java.lang.AssertionError: expected null, but was:&lt;[Lij.process.LUT;@614a75bb&gt;
	at org.junit.Assert.fail(Assert.java:88)
	at org.junit.Assert.failNotNull(Assert.java:664)
	at org.junit.Assert.assertNull(Assert.java:646)
	at org.junit.Assert.assertNull(Assert.java:656)
	at ij.ImagePlusTest.testGetLuts(ImagePlusTest.java:266)

Running ij.VirtualStackTest
Tests run: 22, Failures: 0, Errors: 0, Skipped: 0, Time elapsed: 0.037 sec - in ij.VirtualStackTest
Running ij.macro.SymbolTest
Tests run: 4, Failures: 0, Errors: 0, Skipped: 0, Time elapsed: 0 sec - in ij.macro.SymbolTest
Running ij.macro.ReturnExceptionTest
Tests run: 1, Failures: 0, Errors: 0, Skipped: 0, Time elapsed: 0.01 sec - in ij.macro.ReturnExceptionTest
Running ij.ImageListenerTest
Tests run: 1, Failures: 0, Errors: 0, Skipped: 0, Time elapsed: 0 sec - in ij.ImageListenerTest
Running ij.CompositeImageTest
Tests run: 29, Failures: 0, Errors: 0, Skipped: 0, Time elapsed: 0.047 sec - in ij.CompositeImageTest
Running ij.util.ToolsTest
Tests run: 13, Failures: 0, Errors: 0, Skipped: 0, Time elapsed: 0.005 sec - in ij.util.ToolsTest
Running ij.util.StringSorterTest
Tests run: 1, Failures: 0, Errors: 0, Skipped: 0, Time elapsed: 0.001 sec - in ij.util.StringSorterTest
Running ij.UndoTest
Tests run: 1, Failures: 0, Errors: 0, Skipped: 0, Time elapsed: 0 sec - in ij.UndoTest
Running ij.ExecuterTest
Tests run: 5, Failures: 0, Errors: 0, Skipped: 0, Time elapsed: 1.006 sec - in ij.ExecuterTest
Running ij.LookUpTableTest
Tests run: 8, Failures: 0, Errors: 0, Skipped: 0, Time elapsed: 0.013 sec - in ij.LookUpTableTest
Running ij.ImageStackTest
Tests run: 27, Failures: 0, Errors: 0, Skipped: 0, Time elapsed: 1.203 sec - in ij.ImageStackTest
Running ij.measure.MeasurementsTest
Tests run: 1, Failures: 0, Errors: 0, Skipped: 0, Time elapsed: 0 sec - in ij.measure.MeasurementsTest
Running ij.measure.CalibrationTest
Tests run: 35, Failures: 0, Errors: 0, Skipped: 0, Time elapsed: 0.059 sec - in ij.measure.CalibrationTest
Running ij.measure.ResultsTableTest
Tests run: 37, Failures: 0, Errors: 0, Skipped: 0, Time elapsed: 0.65 sec - in ij.measure.ResultsTableTest
Running ij.measure.CurveFitterTest
Tests run: 24, Failures: 1, Errors: 0, Skipped: 0, Time elapsed: 0.313 sec &lt;&lt;&lt; FAILURE! - in ij.measure.CurveFitterTest
testDoFitIntBoolean(ij.measure.CurveFitterTest)  Time elapsed: 0 sec  &lt;&lt;&lt; FAILURE!
java.lang.AssertionError: Assert.assertDoubleArraysEqual(double[],double[]) items differ at index 0: expected 8.0 and got 7.998445642504203
	at org.junit.Assert.fail(Assert.java:88)
	at ij.Assert.assertDoubleArraysEqual(Assert.java:93)
	at ij.measure.CurveFitterTest.tryFit(CurveFitterTest.java:301)
	at ij.measure.CurveFitterTest.tryFunc(CurveFitterTest.java:318)
	at ij.measure.CurveFitterTest.testDoFitIntBoolean(CurveFitterTest.java:343)

Running ij.measure.SplineFitterTest
Tests run: 2, Failures: 0, Errors: 0, Skipped: 0, Time elapsed: 0.001 sec - in ij.measure.SplineFitterTest
Running ij.gui.ArrowTest
Tests run: 13, Failures: 0, Errors: 0, Skipped: 0, Time elapsed: 0.004 sec - in ij.gui.ArrowTest
Running ij.gui.ProgressBarTest
Tests run: 8, Failures: 0, Errors: 0, Skipped: 0, Time elapsed: 0.002 sec - in ij.gui.ProgressBarTest
Running ij.gui.OverlayTest
Tests run: 12, Failures: 0, Errors: 0, Skipped: 0, Time elapsed: 0.003 sec - in ij.gui.OverlayTest
Running ij.gui.LineTest
Tests run: 16, Failures: 0, Errors: 0, Skipped: 0, Time elapsed: 0.01 sec - in ij.gui.LineTest
Running ij.gui.TrimmedButtonTest
Tests run: 1, Failures: 0, Errors: 0, Skipped: 0, Time elapsed: 0.001 sec - in ij.gui.TrimmedButtonTest
Running ij.gui.RoiTest
Tests run: 52, Failures: 0, Errors: 0, Skipped: 0, Time elapsed: 0.022 sec - in ij.gui.RoiTest
Running ij.gui.WandTest
Tests run: 8, Failures: 0, Errors: 0, Skipped: 0, Time elapsed: 0.002 sec - in ij.gui.WandTest
Running ij.gui.ToolbarTest
Tests run: 1, Failures: 0, Errors: 0, Skipped: 0, Time elapsed: 0.001 sec - in ij.gui.ToolbarTest
Running ij.gui.TextRoiTest
Tests run: 12, Failures: 0, Errors: 0, Skipped: 0, Time elapsed: 0.004 sec - in ij.gui.TextRoiTest
Running ij.gui.PolygonRoiTest
Tests run: 24, Failures: 0, Errors: 0, Skipped: 0, Time elapsed: 0.018 sec - in ij.gui.PolygonRoiTest
Running ij.gui.ImageRoiTest
Tests run: 5, Failures: 0, Errors: 0, Skipped: 0, Time elapsed: 0.001 sec - in ij.gui.ImageRoiTest
Running ij.gui.ProfilePlotTest
Tests run: 6, Failures: 0, Errors: 0, Skipped: 0, Time elapsed: 0.002 sec - in ij.gui.ProfilePlotTest
Running ij.gui.FreehandRoiTest
Tests run: 1, Failures: 0, Errors: 0, Skipped: 0, Time elapsed: 0 sec - in ij.gui.FreehandRoiTest
Running ij.gui.ShapeRoiTest
Tests run: 22, Failures: 0, Errors: 0, Skipped: 0, Time elapsed: 0.169 sec - in ij.gui.ShapeRoiTest
Running ij.gui.OvalRoiTest
Tests run: 9, Failures: 0, Errors: 0, Skipped: 0, Time elapsed: 0.004 sec - in ij.gui.OvalRoiTest
Running ij.gui.PlotTest
Tests run: 20, Failures: 0, Errors: 0, Skipped: 0, Time elapsed: 0.845 sec - in ij.gui.PlotTest
Running ij.gui.PointRoiTest
Tests run: 10, Failures: 0, Errors: 0, Skipped: 0, Time elapsed: 0.022 sec - in ij.gui.PointRoiTest

Results :

Failed tests: 
  ImageProcessorTest.testSetAutoThresholdIntInt:882 expected:&lt;184.02226974717172&gt; but was:&lt;170.77088019171634&gt;
  ImageProcessorTest.testSetAutoThresholdString:804 expected:&lt;184.02226974717172&gt; but was:&lt;170.77088019171634&gt;
  ImageProcessorTest.testSetAutoThresholdStringBooleanInt:833 expected:&lt;184.02226974717172&gt; but was:&lt;170.77088019171634&gt;
  FileInfoTest.testToString:344 expected:&lt;...ame=Untitled, dir=, [url=, width=0, height=0, nImages=1, type=byte, format=0, offset=0, whiteZero=f, Intel]=f, lutSize=0, comp=...&gt; but was:&lt;...ame=Untitled, dir=, [width=0, height=0, nImages=1, offset=0, type=byte, byteOrder=big, format=0, url=, whiteIsZero]=f, lutSize=0, comp=...&gt;
  ImagePlusTest.testGetLuts:266 expected null, but was:&lt;[Lij.process.LUT;@614a75bb&gt;
  CurveFitterTest.testDoFitIntBoolean:343-&gt;tryFunc:318-&gt;tryFit:301 Assert.assertDoubleArraysEqual(double[],double[]) items differ at index 0: expected 8.0 and got 7.998445642504203

Tests run: 1131, Failures: 6, Errors: 0, Skipped: 0

[INFO] ------------------------------------------------------------------------
[INFO] BUILD FAILURE
[INFO] ------------------------------------------------------------------------
[INFO] Total time: 24.313s
[INFO] Finished at: Tue Nov 04 12:57:33 CST 2014
[INFO] Final Memory: 27M/360M
[INFO] ------------------------------------------------------------------------
[ERROR] Failed to execute goal org.apache.maven.plugins:maven-surefire-plugin:2.17:test (default-test) on project ij1-tests: There are test failures.
[ERROR] 
[ERROR] Please refer to /data/devel/jenkins/jobs/ImageJ1-unit-tests/workspace/target/surefire-reports for the individual test results.
[ERROR] -&gt; [Help 1]
[ERROR] 
[ERROR] To see the full stack trace of the errors, re-run Maven with the -e switch.
[ERROR] Re-run Maven using the -X switch to enable full debug logging.
[ERROR] 
[ERROR] For more information about the errors and possible solutions, please read the following articles:
[ERROR] [Help 1] <A HREF="http://cwiki.apache.org/confluence/display/MAVEN/MojoFailureException">http://cwiki.apache.org/confluence/display/MAVEN/MojoFailureException</A>
Build step 'Invoke top-level Maven targets' marked build as failure
Recording test results

</PRE>





























<!--endarticle-->
    <HR>
    <P><UL>
        <!--threads-->
	<LI>Previous message: <A HREF="009689.html">[ImageJ-builds] Jenkins build is back to normal : TrackMate #126
</A></li>
	<LI>Next message: <A HREF="009791.html">[ImageJ-builds] Build failed in Jenkins: ImageJ1-unit-tests #264
</A></li>
         <LI> <B>Messages sorted by:</B> 
              <a href="date.html#9690">[ date ]</a>
              <a href="thread.html#9690">[ thread ]</a>
              <a href="subject.html#9690">[ subject ]</a>
              <a href="author.html#9690">[ author ]</a>
         </LI>
       </UL>

<hr>
<a href="http://imagej.net/mailman/listinfo/imagej-builds">More information about the ImageJ-builds
mailing list</a><br>
</body></html>
