<!DOCTYPE HTML PUBLIC "-//W3C//DTD HTML 4.01 Transitional//EN">
<HTML>
 <HEAD>
   <TITLE> [ImageJ-builds] Build failed in Jenkins: ImageJ #4465
   </TITLE>
   <LINK REL="Index" HREF="index.html" >
   <LINK REL="made" HREF="mailto:imagej-builds%40imagej.net?Subject=Re%3A%20%5BImageJ-builds%5D%20Build%20failed%20in%20Jenkins%3A%20ImageJ%20%234465&In-Reply-To=%3C1577493925.96.1368564891205.JavaMail.jenkins%40dev%3E">
   <META NAME="robots" CONTENT="index,nofollow">
   <style type="text/css">
       pre {
           white-space: pre-wrap;       /* css-2.1, curent FF, Opera, Safari */
           }
   </style>
   <META http-equiv="Content-Type" content="text/html; charset=us-ascii">
   <LINK REL="Previous"  HREF="001863.html">
   <LINK REL="Next"  HREF="001865.html">
 </HEAD>
 <BODY BGCOLOR="#ffffff">
   <H1>[ImageJ-builds] Build failed in Jenkins: ImageJ #4465</H1>
    <B>jenkins at imagej.net</B> 
    <A HREF="mailto:imagej-builds%40imagej.net?Subject=Re%3A%20%5BImageJ-builds%5D%20Build%20failed%20in%20Jenkins%3A%20ImageJ%20%234465&In-Reply-To=%3C1577493925.96.1368564891205.JavaMail.jenkins%40dev%3E"
       TITLE="[ImageJ-builds] Build failed in Jenkins: ImageJ #4465">jenkins at imagej.net
       </A><BR>
    <I>Tue May 14 15:54:51 CDT 2013</I>
    <P><UL>
        <LI>Previous message: <A HREF="001863.html">[ImageJ-builds] Jenkins build is back to normal : ImageJ #4460
</A></li>
        <LI>Next message: <A HREF="001865.html">[ImageJ-builds] Jenkins build is back to normal : ImageJ #4466
</A></li>
         <LI> <B>Messages sorted by:</B> 
              <a href="date.html#1864">[ date ]</a>
              <a href="thread.html#1864">[ thread ]</a>
              <a href="subject.html#1864">[ subject ]</a>
              <a href="author.html#1864">[ author ]</a>
         </LI>
       </UL>
    <HR>  
<!--beginarticle-->
<PRE>See &lt;<A HREF="http://jenkins.imagej.net/job/ImageJ/4465/changes">http://jenkins.imagej.net/job/ImageJ/4465/changes</A>&gt;

Changes:

[Curtis Rueden] Add type hierarchy for typed plugins

[Curtis Rueden] Add a layer for managing typed and wrapper plugins

[Curtis Rueden] DragAndDropService: use HandlerService layer

[Curtis Rueden] InputWidget: rename isCompatible to supports

[Curtis Rueden] InputPanel: rename isCompatible to supports

[Curtis Rueden] Use a more succinct &quot;javadoc override&quot; note

[Curtis Rueden] ImageJPlugin: tweak javadoc

[Curtis Rueden] AbstractTypedService: remove abstract ctor layer

[Curtis Rueden] Add PTService to the service interface hierarchy

[Curtis Rueden] Typed, HandlerService: API tweaks

[Curtis Rueden] HandlerService: add Typed#supports jdoc override

[Curtis Rueden] Add SingletonService and SingletonPlugin

[Curtis Rueden] Adjust javadoc to match that of SingletonService

[Curtis Rueden] HandlerService: extend SingletonService

[Curtis Rueden] TextService: extend HandlerService

[Curtis Rueden] Platform: generalize target platform API

[Curtis Rueden] PlatformService: use SingletonService API

[Curtis Rueden] Update to pom-scijava 1.42

[Curtis Rueden] ThresholdService: use SingletonService API

[Curtis Rueden] DefaultThresholdMethod: remove unnecessary parens

[Curtis Rueden] CommandService: extend PTService&lt;Command&gt;

[Curtis Rueden] WidgetService: extend WrapperService

[Curtis Rueden] CalculatorService: extend SingletonService

[Curtis Rueden] OptionsService: extend PTService&lt;OptionsPlugin&gt;

[Curtis Rueden] ToolService: extend SingletonService&lt;Tool&gt;

[Curtis Rueden] Add TODOs for a few service structure issues

------------------------------------------
[...truncated 1758 lines...]
[INFO] Downloading: <A HREF="file:///var/lib/jenkins/.m2/repository/org/apache/maven/maven/2.0.9/maven-2.0.9.pom">file:///var/lib/jenkins/.m2/repository/org/apache/maven/maven/2.0.9/maven-2.0.9.pom</A>
[INFO] 18K downloaded  (maven-2.0.9.pom)
[INFO] Downloading: <A HREF="file:///var/lib/jenkins/.m2/repository/org/apache/maven/maven-parent/8/maven-parent-8.pom">file:///var/lib/jenkins/.m2/repository/org/apache/maven/maven-parent/8/maven-parent-8.pom</A>
[INFO] 23K downloaded  (maven-parent-8.pom)
[INFO] Downloading: <A HREF="file:///var/lib/jenkins/.m2/repository/org/apache/maven/surefire/surefire-booter/2.10/surefire-booter-2.10.pom">file:///var/lib/jenkins/.m2/repository/org/apache/maven/surefire/surefire-booter/2.10/surefire-booter-2.10.pom</A>
[INFO] 2K downloaded  (surefire-booter-2.10.pom)
[INFO] Downloading: <A HREF="file:///var/lib/jenkins/.m2/repository/org/apache/maven/surefire/surefire-api/2.10/surefire-api-2.10.pom">file:///var/lib/jenkins/.m2/repository/org/apache/maven/surefire/surefire-api/2.10/surefire-api-2.10.pom</A>
[INFO] 2K downloaded  (surefire-api-2.10.pom)
[INFO] Downloading: <A HREF="file:///var/lib/jenkins/.m2/repository/org/apache/maven/surefire/maven-surefire-common/2.10/maven-surefire-common-2.10.pom">file:///var/lib/jenkins/.m2/repository/org/apache/maven/surefire/maven-surefire-common/2.10/maven-surefire-common-2.10.pom</A>
[INFO] 3K downloaded  (maven-surefire-common-2.10.pom)
[INFO] Downloading: <A HREF="file:///var/lib/jenkins/.m2/repository/org/codehaus/plexus/plexus-utils/2.1/plexus-utils-2.1.pom">file:///var/lib/jenkins/.m2/repository/org/codehaus/plexus/plexus-utils/2.1/plexus-utils-2.1.pom</A>
[INFO] 3K downloaded  (plexus-utils-2.1.pom)
[INFO] Downloading: <A HREF="file:///var/lib/jenkins/.m2/repository/org/sonatype/spice/spice-parent/16/spice-parent-16.pom">file:///var/lib/jenkins/.m2/repository/org/sonatype/spice/spice-parent/16/spice-parent-16.pom</A>
[INFO] 8K downloaded  (spice-parent-16.pom)
[INFO] Downloading: <A HREF="file:///var/lib/jenkins/.m2/repository/org/sonatype/forge/forge-parent/5/forge-parent-5.pom">file:///var/lib/jenkins/.m2/repository/org/sonatype/forge/forge-parent/5/forge-parent-5.pom</A>
[INFO] 8K downloaded  (forge-parent-5.pom)
[INFO] Downloading: <A HREF="file:///var/lib/jenkins/.m2/repository/org/apache/maven/maven-artifact/2.0.9/maven-artifact-2.0.9.pom">file:///var/lib/jenkins/.m2/repository/org/apache/maven/maven-artifact/2.0.9/maven-artifact-2.0.9.pom</A>
[INFO] 1K downloaded  (maven-artifact-2.0.9.pom)
[INFO] Downloading: <A HREF="file:///var/lib/jenkins/.m2/repository/org/apache/maven/maven-project/2.0.9/maven-project-2.0.9.pom">file:///var/lib/jenkins/.m2/repository/org/apache/maven/maven-project/2.0.9/maven-project-2.0.9.pom</A>
[INFO] 2K downloaded  (maven-project-2.0.9.pom)
[INFO] Downloading: <A HREF="file:///var/lib/jenkins/.m2/repository/org/apache/maven/maven-settings/2.0.9/maven-settings-2.0.9.pom">file:///var/lib/jenkins/.m2/repository/org/apache/maven/maven-settings/2.0.9/maven-settings-2.0.9.pom</A>
[INFO] 2K downloaded  (maven-settings-2.0.9.pom)
[INFO] Downloading: <A HREF="file:///var/lib/jenkins/.m2/repository/org/apache/maven/maven-model/2.0.9/maven-model-2.0.9.pom">file:///var/lib/jenkins/.m2/repository/org/apache/maven/maven-model/2.0.9/maven-model-2.0.9.pom</A>
[INFO] 3K downloaded  (maven-model-2.0.9.pom)
[INFO] Downloading: <A HREF="file:///var/lib/jenkins/.m2/repository/org/apache/maven/maven-profile/2.0.9/maven-profile-2.0.9.pom">file:///var/lib/jenkins/.m2/repository/org/apache/maven/maven-profile/2.0.9/maven-profile-2.0.9.pom</A>
[INFO] 2K downloaded  (maven-profile-2.0.9.pom)
[INFO] Downloading: <A HREF="file:///var/lib/jenkins/.m2/repository/org/apache/maven/maven-artifact-manager/2.0.9/maven-artifact-manager-2.0.9.pom">file:///var/lib/jenkins/.m2/repository/org/apache/maven/maven-artifact-manager/2.0.9/maven-artifact-manager-2.0.9.pom</A>
[INFO] 2K downloaded  (maven-artifact-manager-2.0.9.pom)
[INFO] Downloading: <A HREF="file:///var/lib/jenkins/.m2/repository/org/apache/maven/maven-repository-metadata/2.0.9/maven-repository-metadata-2.0.9.pom">file:///var/lib/jenkins/.m2/repository/org/apache/maven/maven-repository-metadata/2.0.9/maven-repository-metadata-2.0.9.pom</A>
[INFO] 1K downloaded  (maven-repository-metadata-2.0.9.pom)
[INFO] Downloading: <A HREF="file:///var/lib/jenkins/.m2/repository/org/apache/maven/maven-plugin-registry/2.0.9/maven-plugin-registry-2.0.9.pom">file:///var/lib/jenkins/.m2/repository/org/apache/maven/maven-plugin-registry/2.0.9/maven-plugin-registry-2.0.9.pom</A>
[INFO] 1K downloaded  (maven-plugin-registry-2.0.9.pom)
[INFO] Downloading: <A HREF="file:///var/lib/jenkins/.m2/repository/org/apache/maven/maven-core/2.0.9/maven-core-2.0.9.pom">file:///var/lib/jenkins/.m2/repository/org/apache/maven/maven-core/2.0.9/maven-core-2.0.9.pom</A>
[INFO] 7K downloaded  (maven-core-2.0.9.pom)
[INFO] Downloading: <A HREF="file:///var/lib/jenkins/.m2/repository/org/apache/maven/maven-plugin-parameter-documenter/2.0.9/maven-plugin-parameter-documenter-2.0.9.pom">file:///var/lib/jenkins/.m2/repository/org/apache/maven/maven-plugin-parameter-documenter/2.0.9/maven-plugin-parameter-documenter-2.0.9.pom</A>
[INFO] 1K downloaded  (maven-plugin-parameter-documenter-2.0.9.pom)
[INFO] Downloading: <A HREF="file:///var/lib/jenkins/.m2/repository/org/apache/maven/reporting/maven-reporting-api/2.0.9/maven-reporting-api-2.0.9.pom">file:///var/lib/jenkins/.m2/repository/org/apache/maven/reporting/maven-reporting-api/2.0.9/maven-reporting-api-2.0.9.pom</A>
[INFO] 1K downloaded  (maven-reporting-api-2.0.9.pom)
[INFO] Downloading: <A HREF="file:///var/lib/jenkins/.m2/repository/org/apache/maven/reporting/maven-reporting/2.0.9/maven-reporting-2.0.9.pom">file:///var/lib/jenkins/.m2/repository/org/apache/maven/reporting/maven-reporting/2.0.9/maven-reporting-2.0.9.pom</A>
[INFO] 1K downloaded  (maven-reporting-2.0.9.pom)
[INFO] Downloading: <A HREF="file:///var/lib/jenkins/.m2/repository/org/apache/maven/maven-error-diagnostics/2.0.9/maven-error-diagnostics-2.0.9.pom">file:///var/lib/jenkins/.m2/repository/org/apache/maven/maven-error-diagnostics/2.0.9/maven-error-diagnostics-2.0.9.pom</A>
[INFO] 1K downloaded  (maven-error-diagnostics-2.0.9.pom)
[INFO] Downloading: <A HREF="file:///var/lib/jenkins/.m2/repository/org/apache/maven/maven-plugin-descriptor/2.0.9/maven-plugin-descriptor-2.0.9.pom">file:///var/lib/jenkins/.m2/repository/org/apache/maven/maven-plugin-descriptor/2.0.9/maven-plugin-descriptor-2.0.9.pom</A>
[INFO] 2K downloaded  (maven-plugin-descriptor-2.0.9.pom)
[INFO] Downloading: <A HREF="file:///var/lib/jenkins/.m2/repository/org/apache/maven/maven-monitor/2.0.9/maven-monitor-2.0.9.pom">file:///var/lib/jenkins/.m2/repository/org/apache/maven/maven-monitor/2.0.9/maven-monitor-2.0.9.pom</A>
[INFO] 1K downloaded  (maven-monitor-2.0.9.pom)
[INFO] Downloading: <A HREF="file:///var/lib/jenkins/.m2/repository/org/apache/maven/maven-toolchain/2.0.9/maven-toolchain-2.0.9.pom">file:///var/lib/jenkins/.m2/repository/org/apache/maven/maven-toolchain/2.0.9/maven-toolchain-2.0.9.pom</A>
[INFO] 3K downloaded  (maven-toolchain-2.0.9.pom)
[INFO] Downloading: <A HREF="file:///var/lib/jenkins/.m2/repository/org/apache/maven/shared/maven-common-artifact-filters/1.3/maven-common-artifact-filters-1.3.pom">file:///var/lib/jenkins/.m2/repository/org/apache/maven/shared/maven-common-artifact-filters/1.3/maven-common-artifact-filters-1.3.pom</A>
[INFO] 3K downloaded  (maven-common-artifact-filters-1.3.pom)
[INFO] Downloading: <A HREF="file:///var/lib/jenkins/.m2/repository/org/apache/maven/shared/maven-shared-components/12/maven-shared-components-12.pom">file:///var/lib/jenkins/.m2/repository/org/apache/maven/shared/maven-shared-components/12/maven-shared-components-12.pom</A>
[INFO] 9K downloaded  (maven-shared-components-12.pom)
[INFO] Downloading: <A HREF="file:///var/lib/jenkins/.m2/repository/org/apache/maven/maven-parent/13/maven-parent-13.pom">file:///var/lib/jenkins/.m2/repository/org/apache/maven/maven-parent/13/maven-parent-13.pom</A>
[INFO] 22K downloaded  (maven-parent-13.pom)
[INFO] Downloading: <A HREF="file:///var/lib/jenkins/.m2/repository/org/apache/apache/6/apache-6.pom">file:///var/lib/jenkins/.m2/repository/org/apache/apache/6/apache-6.pom</A>
[INFO] 12K downloaded  (apache-6.pom)
[INFO] Downloading: <A HREF="file:///var/lib/jenkins/.m2/repository/org/codehaus/plexus/plexus-container-default/1.0-alpha-9/plexus-container-default-1.0-alpha-9.pom">file:///var/lib/jenkins/.m2/repository/org/codehaus/plexus/plexus-container-default/1.0-alpha-9/plexus-container-default-1.0-alpha-9.pom</A>
[INFO] 1K downloaded  (plexus-container-default-1.0-alpha-9.pom)
[INFO] Downloading: <A HREF="file:///var/lib/jenkins/.m2/repository/org/codehaus/plexus/plexus-utils/2.1/plexus-utils-2.1.jar">file:///var/lib/jenkins/.m2/repository/org/codehaus/plexus/plexus-utils/2.1/plexus-utils-2.1.jar</A>
[INFO] Downloading: <A HREF="file:///var/lib/jenkins/.m2/repository/org/apache/maven/shared/maven-common-artifact-filters/1.3/maven-common-artifact-filters-1.3.jar">file:///var/lib/jenkins/.m2/repository/org/apache/maven/shared/maven-common-artifact-filters/1.3/maven-common-artifact-filters-1.3.jar</A>
[INFO] Downloading: <A HREF="file:///var/lib/jenkins/.m2/repository/org/apache/maven/surefire/surefire-booter/2.10/surefire-booter-2.10.jar">file:///var/lib/jenkins/.m2/repository/org/apache/maven/surefire/surefire-booter/2.10/surefire-booter-2.10.jar</A>
[INFO] 30K downloaded  (maven-common-artifact-filters-1.3.jar)
[INFO] 33K downloaded  (surefire-booter-2.10.jar)
[INFO] Downloading: <A HREF="file:///var/lib/jenkins/.m2/repository/org/apache/maven/surefire/surefire-api/2.10/surefire-api-2.10.jar">file:///var/lib/jenkins/.m2/repository/org/apache/maven/surefire/surefire-api/2.10/surefire-api-2.10.jar</A>
[INFO] 219K downloaded  (plexus-utils-2.1.jar)
[INFO] 157K downloaded  (surefire-api-2.10.jar)
[INFO] Downloading: <A HREF="file:///var/lib/jenkins/.m2/repository/org/apache/maven/surefire/maven-surefire-common/2.10/maven-surefire-common-2.10.jar">file:///var/lib/jenkins/.m2/repository/org/apache/maven/surefire/maven-surefire-common/2.10/maven-surefire-common-2.10.jar</A>
[INFO] 59K downloaded  (maven-surefire-common-2.10.jar)
[INFO] [INFO] [surefire:test {execution: default-test}]
[INFO] [INFO] No tests to run.
[INFO] [INFO] Surefire report directory: /data/devel/jenkins/jobs/ImageJ/workspace/core/updater/target/it/ij-uploader-hobbes/target/surefire-reports
[INFO] Downloading: <A HREF="file:///var/lib/jenkins/.m2/repository/org/apache/maven/surefire/surefire-junit3/2.10/surefire-junit3-2.10.pom">file:///var/lib/jenkins/.m2/repository/org/apache/maven/surefire/surefire-junit3/2.10/surefire-junit3-2.10.pom</A>
[INFO] 1K downloaded  (surefire-junit3-2.10.pom)
[INFO] Downloading: <A HREF="file:///var/lib/jenkins/.m2/repository/org/apache/maven/surefire/surefire-providers/2.10/surefire-providers-2.10.pom">file:///var/lib/jenkins/.m2/repository/org/apache/maven/surefire/surefire-providers/2.10/surefire-providers-2.10.pom</A>
[INFO] 2K downloaded  (surefire-providers-2.10.pom)
[INFO] Downloading: <A HREF="file:///var/lib/jenkins/.m2/repository/org/apache/maven/surefire/surefire-junit3/2.10/surefire-junit3-2.10.jar">file:///var/lib/jenkins/.m2/repository/org/apache/maven/surefire/surefire-junit3/2.10/surefire-junit3-2.10.jar</A>
[INFO] 25K downloaded  (surefire-junit3-2.10.jar)
[INFO] 
[INFO] -------------------------------------------------------
[INFO]  T E S T S
[INFO] -------------------------------------------------------
[INFO] 
[INFO] Results :
[INFO] 
[INFO] Tests run: 0, Failures: 0, Errors: 0, Skipped: 0
[INFO] 
[INFO] Downloading: <A HREF="file:///var/lib/jenkins/.m2/repository/org/apache/maven/maven-project/2.0.7/maven-project-2.0.7.pom">file:///var/lib/jenkins/.m2/repository/org/apache/maven/maven-project/2.0.7/maven-project-2.0.7.pom</A>
[INFO] 2K downloaded  (maven-project-2.0.7.pom)
[INFO] Downloading: <A HREF="file:///var/lib/jenkins/.m2/repository/org/apache/maven/maven/2.0.7/maven-2.0.7.pom">file:///var/lib/jenkins/.m2/repository/org/apache/maven/maven/2.0.7/maven-2.0.7.pom</A>
[INFO] 10K downloaded  (maven-2.0.7.pom)
[INFO] Downloading: <A HREF="file:///var/lib/jenkins/.m2/repository/org/apache/maven/maven-settings/2.0.7/maven-settings-2.0.7.pom">file:///var/lib/jenkins/.m2/repository/org/apache/maven/maven-settings/2.0.7/maven-settings-2.0.7.pom</A>
[INFO] 1K downloaded  (maven-settings-2.0.7.pom)
[INFO] Downloading: <A HREF="file:///var/lib/jenkins/.m2/repository/org/apache/maven/maven-model/2.0.7/maven-model-2.0.7.pom">file:///var/lib/jenkins/.m2/repository/org/apache/maven/maven-model/2.0.7/maven-model-2.0.7.pom</A>
[INFO] 2K downloaded  (maven-model-2.0.7.pom)
[INFO] Downloading: <A HREF="file:///var/lib/jenkins/.m2/repository/org/apache/maven/maven-profile/2.0.7/maven-profile-2.0.7.pom">file:///var/lib/jenkins/.m2/repository/org/apache/maven/maven-profile/2.0.7/maven-profile-2.0.7.pom</A>
[INFO] 1K downloaded  (maven-profile-2.0.7.pom)
[INFO] Downloading: <A HREF="file:///var/lib/jenkins/.m2/repository/org/apache/maven/maven-artifact-manager/2.0.7/maven-artifact-manager-2.0.7.pom">file:///var/lib/jenkins/.m2/repository/org/apache/maven/maven-artifact-manager/2.0.7/maven-artifact-manager-2.0.7.pom</A>
[INFO] 2K downloaded  (maven-artifact-manager-2.0.7.pom)
[INFO] Downloading: <A HREF="file:///var/lib/jenkins/.m2/repository/org/apache/maven/maven-repository-metadata/2.0.7/maven-repository-metadata-2.0.7.pom">file:///var/lib/jenkins/.m2/repository/org/apache/maven/maven-repository-metadata/2.0.7/maven-repository-metadata-2.0.7.pom</A>
[INFO] 1K downloaded  (maven-repository-metadata-2.0.7.pom)
[INFO] Downloading: <A HREF="file:///var/lib/jenkins/.m2/repository/org/apache/maven/maven-artifact/2.0.7/maven-artifact-2.0.7.pom">file:///var/lib/jenkins/.m2/repository/org/apache/maven/maven-artifact/2.0.7/maven-artifact-2.0.7.pom</A>
[INFO] 1K downloaded  (maven-artifact-2.0.7.pom)
[INFO] Downloading: <A HREF="file:///var/lib/jenkins/.m2/repository/org/apache/maven/maven-plugin-registry/2.0.7/maven-plugin-registry-2.0.7.pom">file:///var/lib/jenkins/.m2/repository/org/apache/maven/maven-plugin-registry/2.0.7/maven-plugin-registry-2.0.7.pom</A>
[INFO] 1K downloaded  (maven-plugin-registry-2.0.7.pom)
[INFO] Downloading: <A HREF="file:///var/lib/jenkins/.m2/repository/org/apache/maven/maven-archiver/2.3/maven-archiver-2.3.pom">file:///var/lib/jenkins/.m2/repository/org/apache/maven/maven-archiver/2.3/maven-archiver-2.3.pom</A>
[INFO] 3K downloaded  (maven-archiver-2.3.pom)
[INFO] Downloading: <A HREF="file:///var/lib/jenkins/.m2/repository/org/apache/maven/shared/maven-shared-components/8/maven-shared-components-8.pom">file:///var/lib/jenkins/.m2/repository/org/apache/maven/shared/maven-shared-components/8/maven-shared-components-8.pom</A>
[INFO] 2K downloaded  (maven-shared-components-8.pom)
[INFO] Downloading: <A HREF="file:///var/lib/jenkins/.m2/repository/org/apache/maven/maven-model/2.0/maven-model-2.0.pom">file:///var/lib/jenkins/.m2/repository/org/apache/maven/maven-model/2.0/maven-model-2.0.pom</A>
[INFO] 2K downloaded  (maven-model-2.0.pom)
[INFO] Downloading: <A HREF="file:///var/lib/jenkins/.m2/repository/org/apache/maven/maven-project/2.0/maven-project-2.0.pom">file:///var/lib/jenkins/.m2/repository/org/apache/maven/maven-project/2.0/maven-project-2.0.pom</A>
[INFO] 1K downloaded  (maven-project-2.0.pom)
[INFO] Downloading: <A HREF="file:///var/lib/jenkins/.m2/repository/org/codehaus/plexus/plexus-archiver/1.0-alpha-9/plexus-archiver-1.0-alpha-9.pom">file:///var/lib/jenkins/.m2/repository/org/codehaus/plexus/plexus-archiver/1.0-alpha-9/plexus-archiver-1.0-alpha-9.pom</A>
[INFO] 1K downloaded  (plexus-archiver-1.0-alpha-9.pom)
[INFO] Downloading: <A HREF="file:///var/lib/jenkins/.m2/repository/org/codehaus/plexus/plexus-components/1.1.9/plexus-components-1.1.9.pom">file:///var/lib/jenkins/.m2/repository/org/codehaus/plexus/plexus-components/1.1.9/plexus-components-1.1.9.pom</A>
[INFO] 2K downloaded  (plexus-components-1.1.9.pom)
[INFO] Downloading: <A HREF="file:///var/lib/jenkins/.m2/repository/org/codehaus/plexus/plexus/1.0.10/plexus-1.0.10.pom">file:///var/lib/jenkins/.m2/repository/org/codehaus/plexus/plexus/1.0.10/plexus-1.0.10.pom</A>
[INFO] 8K downloaded  (plexus-1.0.10.pom)
[INFO] Downloading: <A HREF="file:///var/lib/jenkins/.m2/repository/org/codehaus/plexus/plexus-container-default/1.0-alpha-15/plexus-container-default-1.0-alpha-15.pom">file:///var/lib/jenkins/.m2/repository/org/codehaus/plexus/plexus-container-default/1.0-alpha-15/plexus-container-default-1.0-alpha-15.pom</A>
[INFO] 1K downloaded  (plexus-container-default-1.0-alpha-15.pom)
[INFO] Downloading: <A HREF="file:///var/lib/jenkins/.m2/repository/org/codehaus/plexus/plexus-containers/1.0-alpha-15/plexus-containers-1.0-alpha-15.pom">file:///var/lib/jenkins/.m2/repository/org/codehaus/plexus/plexus-containers/1.0-alpha-15/plexus-containers-1.0-alpha-15.pom</A>
[INFO] 1K downloaded  (plexus-containers-1.0-alpha-15.pom)
[INFO] Downloading: <A HREF="file:///var/lib/jenkins/.m2/repository/org/codehaus/plexus/plexus/1.0.9/plexus-1.0.9.pom">file:///var/lib/jenkins/.m2/repository/org/codehaus/plexus/plexus/1.0.9/plexus-1.0.9.pom</A>
[INFO] 7K downloaded  (plexus-1.0.9.pom)
[INFO] Downloading: <A HREF="file:///var/lib/jenkins/.m2/repository/org/codehaus/plexus/plexus-component-api/1.0-alpha-15/plexus-component-api-1.0-alpha-15.pom">file:///var/lib/jenkins/.m2/repository/org/codehaus/plexus/plexus-component-api/1.0-alpha-15/plexus-component-api-1.0-alpha-15.pom</A>
[INFO] 948b downloaded  (plexus-component-api-1.0-alpha-15.pom)
[INFO] Downloading: <A HREF="file:///var/lib/jenkins/.m2/repository/org/codehaus/plexus/plexus-classworlds/1.2-alpha-6/plexus-classworlds-1.2-alpha-6.pom">file:///var/lib/jenkins/.m2/repository/org/codehaus/plexus/plexus-classworlds/1.2-alpha-6/plexus-classworlds-1.2-alpha-6.pom</A>
[INFO] 2K downloaded  (plexus-classworlds-1.2-alpha-6.pom)
[INFO] Downloading: <A HREF="file:///var/lib/jenkins/.m2/repository/org/codehaus/plexus/plexus-io/1.0-alpha-1/plexus-io-1.0-alpha-1.pom">file:///var/lib/jenkins/.m2/repository/org/codehaus/plexus/plexus-io/1.0-alpha-1/plexus-io-1.0-alpha-1.pom</A>
[INFO] 1K downloaded  (plexus-io-1.0-alpha-1.pom)
[INFO] Downloading: <A HREF="file:///var/lib/jenkins/.m2/repository/org/codehaus/plexus/plexus-component-api/1.0-alpha-16/plexus-component-api-1.0-alpha-16.pom">file:///var/lib/jenkins/.m2/repository/org/codehaus/plexus/plexus-component-api/1.0-alpha-16/plexus-component-api-1.0-alpha-16.pom</A>
[INFO] 2K downloaded  (plexus-component-api-1.0-alpha-16.pom)
[INFO] Downloading: <A HREF="file:///var/lib/jenkins/.m2/repository/org/codehaus/plexus/plexus-containers/1.0-alpha-16/plexus-containers-1.0-alpha-16.pom">file:///var/lib/jenkins/.m2/repository/org/codehaus/plexus/plexus-containers/1.0-alpha-16/plexus-containers-1.0-alpha-16.pom</A>
[INFO] 1K downloaded  (plexus-containers-1.0-alpha-16.pom)
[INFO] Downloading: <A HREF="file:///var/lib/jenkins/.m2/repository/org/codehaus/plexus/plexus-utils/1.4.9/plexus-utils-1.4.9.pom">file:///var/lib/jenkins/.m2/repository/org/codehaus/plexus/plexus-utils/1.4.9/plexus-utils-1.4.9.pom</A>
[INFO] 2K downloaded  (plexus-utils-1.4.9.pom)
[INFO] Downloading: <A HREF="file:///var/lib/jenkins/.m2/repository/commons-lang/commons-lang/2.1/commons-lang-2.1.pom">file:///var/lib/jenkins/.m2/repository/commons-lang/commons-lang/2.1/commons-lang-2.1.pom</A>
[INFO] 9K downloaded  (commons-lang-2.1.pom)
[INFO] Downloading: <A HREF="file:///var/lib/jenkins/.m2/repository/org/codehaus/plexus/plexus-utils/1.4.9/plexus-utils-1.4.9.jar">file:///var/lib/jenkins/.m2/repository/org/codehaus/plexus/plexus-utils/1.4.9/plexus-utils-1.4.9.jar</A>
[INFO] Downloading: <A HREF="file:///var/lib/jenkins/.m2/repository/org/apache/maven/maven-archiver/2.3/maven-archiver-2.3.jar">file:///var/lib/jenkins/.m2/repository/org/apache/maven/maven-archiver/2.3/maven-archiver-2.3.jar</A>
[INFO] Downloading: <A HREF="file:///var/lib/jenkins/.m2/repository/commons-lang/commons-lang/2.1/commons-lang-2.1.jar">file:///var/lib/jenkins/.m2/repository/commons-lang/commons-lang/2.1/commons-lang-2.1.jar</A>
[INFO] 17K downloaded  (maven-archiver-2.3.jar)
[INFO] 199K downloaded  (plexus-utils-1.4.9.jar)
[INFO] 202K downloaded  (commons-lang-2.1.jar)
[INFO] Downloading: <A HREF="file:///var/lib/jenkins/.m2/repository/org/codehaus/plexus/plexus-archiver/1.0-alpha-9/plexus-archiver-1.0-alpha-9.jar">file:///var/lib/jenkins/.m2/repository/org/codehaus/plexus/plexus-archiver/1.0-alpha-9/plexus-archiver-1.0-alpha-9.jar</A>
[INFO] 153K downloaded  (plexus-archiver-1.0-alpha-9.jar)
[INFO] Downloading: <A HREF="file:///var/lib/jenkins/.m2/repository/org/codehaus/plexus/plexus-io/1.0-alpha-1/plexus-io-1.0-alpha-1.jar">file:///var/lib/jenkins/.m2/repository/org/codehaus/plexus/plexus-io/1.0-alpha-1/plexus-io-1.0-alpha-1.jar</A>
[INFO] 11K downloaded  (plexus-io-1.0-alpha-1.jar)
[INFO] [INFO] [jar:jar {execution: default-jar}]
[INFO] [INFO] Building jar: /data/devel/jenkins/jobs/ImageJ/workspace/core/updater/target/it/ij-uploader-hobbes/target/ij-updater-hobbes-1.0.0-SNAPSHOT.jar
[INFO] [INFO] ------------------------------------------------------------------------
[INFO] [INFO] BUILD SUCCESSFUL
[INFO] [INFO] ------------------------------------------------------------------------
[INFO] [INFO] Total time: 3 seconds
[INFO] [INFO] Finished at: Tue May 14 15:54:49 CDT 2013
[INFO] [INFO] Final Memory: 20M/455M
[INFO] [INFO] ------------------------------------------------------------------------
[INFO] run script verify.bsh.bsh
[INFO] Running post-build script: /data/devel/jenkins/jobs/ImageJ/workspace/core/updater/target/it/ij-uploader-hobbes/verify.bsh
[INFO] Finished post-build script: /data/devel/jenkins/jobs/ImageJ/workspace/core/updater/target/it/ij-uploader-hobbes/verify.bsh
[INFO] ..SUCCESS (3.9 s)
[INFO] -------------------------------------------------
[INFO] Build Summary:
[INFO]   Passed: 1, Failed: 0, Errors: 0, Skipped: 0
[INFO] -------------------------------------------------
[INFO] [install:install {execution: default-install}]
[INFO] Installing /data/devel/jenkins/jobs/ImageJ/workspace/core/updater/target/ij-updater-core-2.0.0-SNAPSHOT.jar to /var/lib/jenkins/.m2/repository/net/imagej/ij-updater-core/2.0.0-SNAPSHOT/ij-updater-core-2.0.0-SNAPSHOT.jar
[INFO] Installing /data/devel/jenkins/jobs/ImageJ/workspace/core/updater/target/ij-updater-core-2.0.0-SNAPSHOT-sources.jar to /var/lib/jenkins/.m2/repository/net/imagej/ij-updater-core/2.0.0-SNAPSHOT/ij-updater-core-2.0.0-SNAPSHOT-sources.jar
[INFO] Installing /data/devel/jenkins/jobs/ImageJ/workspace/core/updater/target/ij-updater-core-2.0.0-SNAPSHOT-tests.jar to /var/lib/jenkins/.m2/repository/net/imagej/ij-updater-core/2.0.0-SNAPSHOT/ij-updater-core-2.0.0-SNAPSHOT-tests.jar
[INFO] [imagej:copy-jars {execution: copy-jars}]
[INFO] Property 'imagej.app.directory' unset; Skipping copy-jars
[INFO] ------------------------------------------------------------------------
[INFO] Building ImageJ User Interface Framework
[INFO]    task-segment: [clean, install]
[INFO] ------------------------------------------------------------------------
[INFO] [clean:clean {execution: default-clean}]
[INFO] [imagej:set-rootdir {execution: set-rootdir}]
[INFO] [buildnumber:create {execution: default}]
[debug] execute contextualize
[INFO] [resources:resources {execution: default-resources}]
[INFO] Using 'UTF-8' encoding to copy filtered resources.
[INFO] skip non existing resourceDirectory /data/devel/jenkins/jobs/ImageJ/workspace/core/ui/src/main/resources
[INFO] [compiler:compile {execution: default-compile}]
[INFO] Compiling 44 source files to /data/devel/jenkins/jobs/ImageJ/workspace/core/ui/target/classes
[INFO] -------------------------------------------------------------
[ERROR] COMPILATION ERROR : 
[INFO] -------------------------------------------------------------
[ERROR] /data/devel/jenkins/jobs/ImageJ/workspace/core/ui/src/main/java/imagej/ui/dnd/ScriptFileDragAndDropHandler.java:[63,12] abstract method supports(T) in imagej.Typed cannot be accessed directly
[ERROR] /data/devel/jenkins/jobs/ImageJ/workspace/core/ui/src/main/java/imagej/ui/dnd/LUTFileDragAndDropHandler.java:[68,12] abstract method supports(T) in imagej.Typed cannot be accessed directly
[INFO] 2 errors 
[INFO] -------------------------------------------------------------
[INFO] ------------------------------------------------------------------------
[ERROR] BUILD FAILURE
[INFO] ------------------------------------------------------------------------
[INFO] Compilation failure

/data/devel/jenkins/jobs/ImageJ/workspace/core/ui/src/main/java/imagej/ui/dnd/ScriptFileDragAndDropHandler.java:[63,12] abstract method supports(T) in imagej.Typed cannot be accessed directly
/data/devel/jenkins/jobs/ImageJ/workspace/core/ui/src/main/java/imagej/ui/dnd/LUTFileDragAndDropHandler.java:[68,12] abstract method supports(T) in imagej.Typed cannot be accessed directly

[INFO] ------------------------------------------------------------------------
[INFO] For more information, run Maven with the -e switch
[INFO] ------------------------------------------------------------------------
[INFO] Total time: 33 seconds
[INFO] Finished at: Tue May 14 15:54:50 CDT 2013
[INFO] Final Memory: 111M/2193M
[INFO] ------------------------------------------------------------------------
Build step 'Invoke top-level Maven targets' marked build as failure
Archiving artifacts
Build step 'Groovy Postbuild' marked build as failure
Recording test results
Performance: No threshold configured for making the test unstable
Performance: No threshold configured for making the test failure
Performance: Recording JUnit reports '**/TEST-*.xml'
Performance: Parsing JUnit report file TEST-imagej.command.CommandServiceTest.xml
Performance: Parsing JUnit report file TEST-imagej.display.DisplayTest.xml
Performance: Parsing JUnit report file TEST-imagej.menu.ShadowMenuTest.xml
Performance: Parsing JUnit report file TEST-imagej.script.JavascriptTest.xml
Performance: Parsing JUnit report file TEST-imagej.util.ColorRGBTest.xml
Performance: Parsing JUnit report file TEST-imagej.util.PrefsTest.xml
Performance: Parsing JUnit report file TEST-imagej.util.UnitUtilsTest.xml
Performance: Parsing JUnit report file TEST-imagej.data.DatasetTest.xml
Performance: Parsing JUnit report file TEST-imagej.data.ExtentsTest.xml
Performance: Parsing JUnit report file TEST-imagej.data.PositionTest.xml
Performance: Parsing JUnit report file TEST-imagej.data.TestCursorSpeeds.xml
Performance: Parsing JUnit report file TEST-imagej.data.display.ImageCanvasTest.xml
Performance: Parsing JUnit report file TEST-imagej.data.overlay.TestBinaryMaskOverlay.xml
Performance: Parsing JUnit report file TEST-imagej.data.table.DefaultResultsTableTest.xml
Performance: Parsing JUnit report file TEST-imagej.updater.core.CommandLineUpdaterTest.xml
Performance: Parsing JUnit report file TEST-imagej.updater.core.LocalhostUploaderTest.xml
Performance: Parsing JUnit report file TEST-imagej.updater.core.UpdaterTest.xml
Performance: Parsing JUnit report file TEST-imagej.updater.util.DependencyAnalyzerTest.xml
Performance: File TEST-imagej.command.CommandServiceTest.xml reported 0.0% of errors [SUCCESS]. Build status is: FAILURE
Performance: File TEST-imagej.display.DisplayTest.xml reported 0.0% of errors [SUCCESS]. Build status is: FAILURE
Performance: File TEST-imagej.menu.ShadowMenuTest.xml reported 0.0% of errors [SUCCESS]. Build status is: FAILURE
Performance: File TEST-imagej.script.JavascriptTest.xml reported 0.0% of errors [SUCCESS]. Build status is: FAILURE
Performance: File TEST-imagej.util.ColorRGBTest.xml reported 0.0% of errors [SUCCESS]. Build status is: FAILURE
Performance: File TEST-imagej.util.PrefsTest.xml reported 0.0% of errors [SUCCESS]. Build status is: FAILURE
Performance: File TEST-imagej.util.UnitUtilsTest.xml reported 0.0% of errors [SUCCESS]. Build status is: FAILURE
Performance: File TEST-imagej.data.DatasetTest.xml reported 0.0% of errors [SUCCESS]. Build status is: FAILURE
Performance: File TEST-imagej.data.ExtentsTest.xml reported 0.0% of errors [SUCCESS]. Build status is: FAILURE
Performance: File TEST-imagej.data.PositionTest.xml reported 0.0% of errors [SUCCESS]. Build status is: FAILURE
Performance: File TEST-imagej.data.TestCursorSpeeds.xml reported 0.0% of errors [SUCCESS]. Build status is: FAILURE
Performance: File TEST-imagej.data.display.ImageCanvasTest.xml reported 0.0% of errors [SUCCESS]. Build status is: FAILURE
Performance: File TEST-imagej.data.overlay.TestBinaryMaskOverlay.xml reported 0.0% of errors [SUCCESS]. Build status is: FAILURE
Performance: File TEST-imagej.data.table.DefaultResultsTableTest.xml reported 0.0% of errors [SUCCESS]. Build status is: FAILURE
Performance: File TEST-imagej.updater.core.CommandLineUpdaterTest.xml reported 0.0% of errors [SUCCESS]. Build status is: FAILURE
Performance: File TEST-imagej.updater.core.LocalhostUploaderTest.xml reported 0.0% of errors [SUCCESS]. Build status is: FAILURE
Performance: File TEST-imagej.updater.core.UpdaterTest.xml reported 0.0% of errors [SUCCESS]. Build status is: FAILURE
Performance: File TEST-imagej.updater.util.DependencyAnalyzerTest.xml reported 0.0% of errors [SUCCESS]. Build status is: FAILURE

</PRE>





<!--endarticle-->
    <HR>
    <P><UL>
        <!--threads-->
	<LI>Previous message: <A HREF="001863.html">[ImageJ-builds] Jenkins build is back to normal : ImageJ #4460
</A></li>
	<LI>Next message: <A HREF="001865.html">[ImageJ-builds] Jenkins build is back to normal : ImageJ #4466
</A></li>
         <LI> <B>Messages sorted by:</B> 
              <a href="date.html#1864">[ date ]</a>
              <a href="thread.html#1864">[ thread ]</a>
              <a href="subject.html#1864">[ subject ]</a>
              <a href="author.html#1864">[ author ]</a>
         </LI>
       </UL>

<hr>
<a href="http://imagej.net/mailman/listinfo/imagej-builds">More information about the ImageJ-builds
mailing list</a><br>
</body></html>
