<!DOCTYPE HTML PUBLIC "-//W3C//DTD HTML 4.01 Transitional//EN">
<HTML>
 <HEAD>
   <TITLE> [ImageJ-builds] Build failed in Jenkins: ImageJ #4099
   </TITLE>
   <LINK REL="Index" HREF="index.html" >
   <LINK REL="made" HREF="mailto:imagej-builds%40imagej.net?Subject=Re%3A%20%5BImageJ-builds%5D%20Build%20failed%20in%20Jenkins%3A%20ImageJ%20%234099&In-Reply-To=%3C939548644.106.1361222595894.JavaMail.jenkins%40dev%3E">
   <META NAME="robots" CONTENT="index,nofollow">
   <style type="text/css">
       pre {
           white-space: pre-wrap;       /* css-2.1, curent FF, Opera, Safari */
           }
   </style>
   <META http-equiv="Content-Type" content="text/html; charset=us-ascii">
   <LINK REL="Previous"  HREF="001219.html">
   <LINK REL="Next"  HREF="001221.html">
 </HEAD>
 <BODY BGCOLOR="#ffffff">
   <H1>[ImageJ-builds] Build failed in Jenkins: ImageJ #4099</H1>
    <B>jenkins at imagej.net</B> 
    <A HREF="mailto:imagej-builds%40imagej.net?Subject=Re%3A%20%5BImageJ-builds%5D%20Build%20failed%20in%20Jenkins%3A%20ImageJ%20%234099&In-Reply-To=%3C939548644.106.1361222595894.JavaMail.jenkins%40dev%3E"
       TITLE="[ImageJ-builds] Build failed in Jenkins: ImageJ #4099">jenkins at imagej.net
       </A><BR>
    <I>Mon Feb 18 15:23:15 CST 2013</I>
    <P><UL>
        <LI>Previous message: <A HREF="001219.html">[ImageJ-builds] Build failed in Jenkins: ImageJ #4098
</A></li>
        <LI>Next message: <A HREF="001221.html">[ImageJ-builds] Build failed in Jenkins: ImageJ #4100
</A></li>
         <LI> <B>Messages sorted by:</B> 
              <a href="date.html#1220">[ date ]</a>
              <a href="thread.html#1220">[ thread ]</a>
              <a href="subject.html#1220">[ subject ]</a>
              <a href="author.html#1220">[ author ]</a>
         </LI>
       </UL>
    <HR>  
<!--beginarticle-->
<PRE>See &lt;<A HREF="http://jenkins.imagej.net/job/ImageJ/4099/">http://jenkins.imagej.net/job/ImageJ/4099/</A>&gt;

------------------------------------------
[...truncated 32945 lines...]
[INFO] Executing: /bin/sh -c cd /data/devel/jenkins/jobs/ImageJ/workspace/app &amp;&amp; git rev-parse --verify HEAD
[INFO] Working directory: /data/devel/jenkins/jobs/ImageJ/workspace/app
[INFO] Storing buildNumber: 6208f687c7dcf189c421407c52bf138d151a35a8 at timestamp: 1361222585536
[INFO] Executing: /bin/sh -c cd /data/devel/jenkins/jobs/ImageJ/workspace/app &amp;&amp; git rev-parse --verify HEAD
[INFO] Working directory: /data/devel/jenkins/jobs/ImageJ/workspace/app
[INFO] Storing buildScmBranch: UNKNOWN
[debug] execute contextualize
[INFO] [resources:resources {execution: default-resources}]
[INFO] Using 'UTF-8' encoding to copy filtered resources.
[INFO] skip non existing resourceDirectory /data/devel/jenkins/jobs/ImageJ/workspace/app/src/main/resources
[WARNING] Overriding profile: 'null' (source: pom) with new instance from source: pom
[WARNING] Overriding profile: 'null' (source: pom) with new instance from source: pom
[WARNING] Overriding profile: 'null' (source: pom) with new instance from source: pom
[INFO] [compiler:compile {execution: default-compile}]
[INFO] Nothing to compile - all classes are up to date
[debug] execute contextualize
[INFO] [resources:testResources {execution: default-testResources}]
[INFO] Using 'UTF-8' encoding to copy filtered resources.
[INFO] skip non existing resourceDirectory /data/devel/jenkins/jobs/ImageJ/workspace/app/src/test/resources
[INFO] [compiler:testCompile {execution: default-testCompile}]
[INFO] Nothing to compile - all classes are up to date
[INFO] [surefire:test {execution: default-test}]
[INFO] Surefire report directory: /data/devel/jenkins/jobs/ImageJ/workspace/app/target/surefire-reports

-------------------------------------------------------
 T E S T S
-------------------------------------------------------

Results :

Tests run: 0, Failures: 0, Errors: 0, Skipped: 0

[INFO] [dependency:copy {execution: copy}]
[INFO] Configured Artifact: net.imagej:ij-launcher:2.0.0-SNAPSHOT:nar
[INFO] net.imagej:ij-launcher:2.0.0-SNAPSHOT:nar already exists in /data/devel/jenkins/jobs/ImageJ/workspace/app/target
[INFO] [dependency:unpack {execution: unpack}]
[INFO] Configured Artifact: net.imagej:ij-launcher:amd64-Linux-gcc-executable:2.0.0-SNAPSHOT:nar
[INFO] Configured Artifact: net.imagej:ij-launcher:i386-Linux-gcc-executable:2.0.0-SNAPSHOT:nar
[INFO] Configured Artifact: net.imagej:ij-launcher:amd64-Windows-gcc-executable:2.0.0-SNAPSHOT:nar
[INFO] Configured Artifact: net.imagej:ij-launcher:x86-Windows-gcc-executable:2.0.0-SNAPSHOT:nar
[INFO] Configured Artifact: net.imagej:ij-launcher:i386-MacOSX-gcc-executable:2.0.0-SNAPSHOT:nar
[INFO] Configured Artifact: net.imagej:ij-launcher:x86_64-MacOSX-gcc-executable:2.0.0-SNAPSHOT:nar
[INFO] Unpacking /var/lib/jenkins/.m2/repository/net/imagej/ij-launcher/2.0.0-SNAPSHOT/ij-launcher-2.0.0-SNAPSHOT-amd64-Linux-gcc-executable.nar to /data/devel/jenkins/jobs/ImageJ/workspace/app/target with includes &quot;&quot; and excludes &quot;&quot;
[INFO] Unpacking /var/lib/jenkins/.m2/repository/net/imagej/ij-launcher/2.0.0-SNAPSHOT/ij-launcher-2.0.0-SNAPSHOT-i386-Linux-gcc-executable.nar to /data/devel/jenkins/jobs/ImageJ/workspace/app/target with includes &quot;&quot; and excludes &quot;&quot;
[INFO] Unpacking /var/lib/jenkins/.m2/repository/net/imagej/ij-launcher/2.0.0-SNAPSHOT/ij-launcher-2.0.0-SNAPSHOT-amd64-Windows-gcc-executable.nar to /data/devel/jenkins/jobs/ImageJ/workspace/app/target with includes &quot;&quot; and excludes &quot;&quot;
[INFO] Unpacking /var/lib/jenkins/.m2/repository/net/imagej/ij-launcher/2.0.0-SNAPSHOT/ij-launcher-2.0.0-SNAPSHOT-x86-Windows-gcc-executable.nar to /data/devel/jenkins/jobs/ImageJ/workspace/app/target with includes &quot;&quot; and excludes &quot;&quot;
[INFO] Unpacking /var/lib/jenkins/.m2/repository/net/imagej/ij-launcher/2.0.0-SNAPSHOT/ij-launcher-2.0.0-SNAPSHOT-i386-MacOSX-gcc-executable.nar to /data/devel/jenkins/jobs/ImageJ/workspace/app/target with includes &quot;&quot; and excludes &quot;&quot;
[INFO] Unpacking /var/lib/jenkins/.m2/repository/net/imagej/ij-launcher/2.0.0-SNAPSHOT/ij-launcher-2.0.0-SNAPSHOT-x86_64-MacOSX-gcc-executable.nar to /data/devel/jenkins/jobs/ImageJ/workspace/app/target with includes &quot;&quot; and excludes &quot;&quot;
[INFO] [jar:jar {execution: default-jar}]
[INFO] Preparing source:jar
[WARNING] Removing: jar from forked lifecycle, to prevent recursive invocation.
[INFO] [imagej:set-rootdir {execution: set-rootdir}]
[INFO] [buildnumber:create {execution: default}]
[INFO] [source:jar {execution: default}]
[INFO] [assembly:single {execution: make-assembly}]
[INFO] Reading assembly descriptor: src/main/assembly/all.xml
[INFO]  already added, skipping
[INFO] META-INF already added, skipping
[INFO] META-INF/annotations already added, skipping
[INFO] imagej already added, skipping
[INFO] imagej/console already added, skipping
[INFO] META-INF/annotations/org.scijava.plugin.Plugin already added, skipping
[INFO] META-INF/MANIFEST.MF already added, skipping
[INFO] META-INF/MANIFEST.MF already added, skipping
[INFO] META-INF/MANIFEST.MF already added, skipping
[INFO] META-INF/MANIFEST.MF already added, skipping
[INFO] META-INF/MANIFEST.MF already added, skipping
[INFO] META-INF/MANIFEST.MF already added, skipping
[INFO] META-INF/MANIFEST.MF already added, skipping
[INFO] META-INF/MANIFEST.MF already added, skipping
[INFO] META-INF/MANIFEST.MF already added, skipping
[INFO] META-INF/MANIFEST.MF already added, skipping
[INFO] META-INF/MANIFEST.MF already added, skipping
[INFO] META-INF/MANIFEST.MF already added, skipping
[INFO] META-INF/MANIFEST.MF already added, skipping
[INFO] META-INF/MANIFEST.MF already added, skipping
[INFO] META-INF/MANIFEST.MF already added, skipping
[INFO] META-INF/MANIFEST.MF already added, skipping
[INFO] META-INF/MANIFEST.MF already added, skipping
[INFO] META-INF/MANIFEST.MF already added, skipping
[INFO] META-INF/MANIFEST.MF already added, skipping
[INFO] META-INF/MANIFEST.MF already added, skipping
[INFO] META-INF/MANIFEST.MF already added, skipping
[INFO] META-INF/MANIFEST.MF already added, skipping
[INFO] META-INF/MANIFEST.MF already added, skipping
[INFO] META-INF/MANIFEST.MF already added, skipping
[INFO] META-INF/MANIFEST.MF already added, skipping
[INFO] META-INF/MANIFEST.MF already added, skipping
[INFO] META-INF/MANIFEST.MF already added, skipping
[INFO] META-INF/MANIFEST.MF already added, skipping
[INFO] META-INF/MANIFEST.MF already added, skipping
[INFO] META-INF/MANIFEST.MF already added, skipping
[INFO] META-INF/MANIFEST.MF already added, skipping
[INFO] META-INF/MANIFEST.MF already added, skipping
[INFO] META-INF/MANIFEST.MF already added, skipping
[INFO] META-INF/MANIFEST.MF already added, skipping
[INFO] META-INF/MANIFEST.MF already added, skipping
[INFO] META-INF/MANIFEST.MF already added, skipping
[INFO] META-INF/MANIFEST.MF already added, skipping
[INFO] META-INF/MANIFEST.MF already added, skipping
[INFO] META-INF/MANIFEST.MF already added, skipping
[INFO] META-INF/MANIFEST.MF already added, skipping
[INFO] META-INF/MANIFEST.MF already added, skipping
[INFO] META-INF/MANIFEST.MF already added, skipping
[INFO] META-INF/MANIFEST.MF already added, skipping
[INFO] META-INF/MANIFEST.MF already added, skipping
[INFO] META-INF/MANIFEST.MF already added, skipping
[INFO] META-INF/MANIFEST.MF already added, skipping
[INFO] META-INF/MANIFEST.MF already added, skipping
[INFO] META-INF/MANIFEST.MF already added, skipping
[INFO] META-INF/MANIFEST.MF already added, skipping
[INFO] META-INF/MANIFEST.MF already added, skipping
[INFO] META-INF/MANIFEST.MF already added, skipping
[INFO] META-INF/MANIFEST.MF already added, skipping
[INFO] META-INF/MANIFEST.MF already added, skipping
[INFO] META-INF/MANIFEST.MF already added, skipping
[INFO] META-INF/MANIFEST.MF already added, skipping
[INFO] META-INF/MANIFEST.MF already added, skipping
[INFO] imagej/ImageJ.class already added, skipping
[INFO] imagej/Main.class already added, skipping
[INFO] imagej/console/ConsoleService.class already added, skipping
[INFO] imagej/console/DefaultConsoleService.class already added, skipping
[INFO] Building jar: /data/devel/jenkins/jobs/ImageJ/workspace/app/target/imagej-2.0.0-SNAPSHOT-all.jar
[INFO]  already added, skipping
[INFO] META-INF already added, skipping
[INFO] META-INF/annotations already added, skipping
[INFO] imagej already added, skipping
[INFO] imagej/console already added, skipping
[INFO] META-INF/annotations/org.scijava.plugin.Plugin already added, skipping
[INFO] META-INF/MANIFEST.MF already added, skipping
[INFO] META-INF/MANIFEST.MF already added, skipping
[INFO] META-INF/MANIFEST.MF already added, skipping
[INFO] META-INF/MANIFEST.MF already added, skipping
[INFO] META-INF/MANIFEST.MF already added, skipping
[INFO] META-INF/MANIFEST.MF already added, skipping
[INFO] META-INF/MANIFEST.MF already added, skipping
[INFO] META-INF/MANIFEST.MF already added, skipping
[INFO] META-INF/MANIFEST.MF already added, skipping
[INFO] META-INF/MANIFEST.MF already added, skipping
[INFO] META-INF/MANIFEST.MF already added, skipping
[INFO] META-INF/MANIFEST.MF already added, skipping
[INFO] META-INF/MANIFEST.MF already added, skipping
[INFO] META-INF/MANIFEST.MF already added, skipping
[INFO] META-INF/MANIFEST.MF already added, skipping
[INFO] META-INF/MANIFEST.MF already added, skipping
[INFO] META-INF/MANIFEST.MF already added, skipping
[INFO] META-INF/MANIFEST.MF already added, skipping
[INFO] META-INF/MANIFEST.MF already added, skipping
[INFO] META-INF/MANIFEST.MF already added, skipping
[INFO] META-INF/MANIFEST.MF already added, skipping
[INFO] META-INF/MANIFEST.MF already added, skipping
[INFO] META-INF/MANIFEST.MF already added, skipping
[INFO] META-INF/MANIFEST.MF already added, skipping
[INFO] META-INF/MANIFEST.MF already added, skipping
[INFO] META-INF/MANIFEST.MF already added, skipping
[INFO] META-INF/MANIFEST.MF already added, skipping
[INFO] META-INF/MANIFEST.MF already added, skipping
[INFO] META-INF/MANIFEST.MF already added, skipping
[INFO] META-INF/MANIFEST.MF already added, skipping
[INFO] META-INF/MANIFEST.MF already added, skipping
[INFO] META-INF/MANIFEST.MF already added, skipping
[INFO] META-INF/MANIFEST.MF already added, skipping
[INFO] META-INF/MANIFEST.MF already added, skipping
[INFO] META-INF/MANIFEST.MF already added, skipping
[INFO] META-INF/MANIFEST.MF already added, skipping
[INFO] META-INF/MANIFEST.MF already added, skipping
[INFO] META-INF/MANIFEST.MF already added, skipping
[INFO] META-INF/MANIFEST.MF already added, skipping
[INFO] META-INF/MANIFEST.MF already added, skipping
[INFO] META-INF/MANIFEST.MF already added, skipping
[INFO] META-INF/MANIFEST.MF already added, skipping
[INFO] META-INF/MANIFEST.MF already added, skipping
[INFO] META-INF/MANIFEST.MF already added, skipping
[INFO] META-INF/MANIFEST.MF already added, skipping
[INFO] META-INF/MANIFEST.MF already added, skipping
[INFO] META-INF/MANIFEST.MF already added, skipping
[INFO] META-INF/MANIFEST.MF already added, skipping
[INFO] META-INF/MANIFEST.MF already added, skipping
[INFO] META-INF/MANIFEST.MF already added, skipping
[INFO] META-INF/MANIFEST.MF already added, skipping
[INFO] META-INF/MANIFEST.MF already added, skipping
[INFO] META-INF/MANIFEST.MF already added, skipping
[INFO] META-INF/MANIFEST.MF already added, skipping
[INFO] META-INF/MANIFEST.MF already added, skipping
[INFO] META-INF/MANIFEST.MF already added, skipping
[INFO] imagej/ImageJ.class already added, skipping
[INFO] imagej/Main.class already added, skipping
[INFO] imagej/console/ConsoleService.class already added, skipping
[INFO] imagej/console/DefaultConsoleService.class already added, skipping
[INFO] ------------------------------------------------------------------------
[INFO] BUILD SUCCESSFUL
[INFO] ------------------------------------------------------------------------
[INFO] Total time: 13 seconds
[INFO] Finished at: Mon Feb 18 15:23:15 CST 2013
[INFO] Final Memory: 83M/1764M
[INFO] ------------------------------------------------------------------------
rm: cannot remove `src/main/assembly/all/META-INF/annotations/imagej.*': No such file or directory
Build step 'Execute shell' marked build as failure
Archiving artifacts
Recording test results
Performance: No threshold configured for making the test unstable
Performance: No threshold configured for making the test failure
Performance: Recording JUnit reports '**/TEST-*.xml'
Performance: Parsing JUnit report file TEST-imagej.command.CommandServiceTest.xml
Performance: Parsing JUnit report file TEST-imagej.display.DisplayTest.xml
Performance: Parsing JUnit report file TEST-imagej.menu.ShadowMenuTest.xml
Performance: Parsing JUnit report file TEST-imagej.script.JavascriptTest.xml
Performance: Parsing JUnit report file TEST-imagej.util.ColorRGBTest.xml
Performance: Parsing JUnit report file TEST-imagej.util.PrefsTest.xml
Performance: Parsing JUnit report file TEST-imagej.util.UnitUtilsTest.xml
Performance: Parsing JUnit report file TEST-imagej.data.DatasetTest.xml
Performance: Parsing JUnit report file TEST-imagej.data.ExtentsTest.xml
Performance: Parsing JUnit report file TEST-imagej.data.PositionTest.xml
Performance: Parsing JUnit report file TEST-imagej.data.TestCursorSpeeds.xml
Performance: Parsing JUnit report file TEST-imagej.data.display.ImageCanvasTest.xml
Performance: Parsing JUnit report file TEST-imagej.data.overlay.TestBinaryMaskOverlay.xml
Performance: Parsing JUnit report file TEST-imagej.data.table.DefaultResultsTableTest.xml
Performance: Parsing JUnit report file TEST-imagej.legacy.LegacyImageMapTest.xml
Performance: Parsing JUnit report file TEST-imagej.legacy.OverlayHarmonizerTest.xml
Performance: Parsing JUnit report file TEST-imagej.legacy.translate.LegacyUtilsTest.xml
Performance: Parsing JUnit report file TEST-imagej.updater.core.UpdaterTest.xml
Performance: Parsing JUnit report file TEST-imagej.build.minimaven.BasicTest.xml
Performance: Parsing JUnit report file TEST-imagej.core.commands.upload.InteractiveUploadTest.xml
Performance: Parsing JUnit report file TEST-imagej.script.BeanshellTest.xml
Performance: Parsing JUnit report file TEST-imagej.script.java.JavaEngineTest.xml
Performance: Parsing JUnit report file TEST-imagej.updater.core.UpdaterGUITest.xml
Performance: File TEST-imagej.command.CommandServiceTest.xml reported 0.0% of errors [SUCCESS]. Build status is: FAILURE
Performance: File TEST-imagej.display.DisplayTest.xml reported 0.0% of errors [SUCCESS]. Build status is: FAILURE
Performance: File TEST-imagej.menu.ShadowMenuTest.xml reported 0.0% of errors [SUCCESS]. Build status is: FAILURE
Performance: File TEST-imagej.script.JavascriptTest.xml reported 0.0% of errors [SUCCESS]. Build status is: FAILURE
Performance: File TEST-imagej.util.ColorRGBTest.xml reported 0.0% of errors [SUCCESS]. Build status is: FAILURE
Performance: File TEST-imagej.util.PrefsTest.xml reported 0.0% of errors [SUCCESS]. Build status is: FAILURE
Performance: File TEST-imagej.util.UnitUtilsTest.xml reported 0.0% of errors [SUCCESS]. Build status is: FAILURE
Performance: File TEST-imagej.data.DatasetTest.xml reported 0.0% of errors [SUCCESS]. Build status is: FAILURE
Performance: File TEST-imagej.data.ExtentsTest.xml reported 0.0% of errors [SUCCESS]. Build status is: FAILURE
Performance: File TEST-imagej.data.PositionTest.xml reported 0.0% of errors [SUCCESS]. Build status is: FAILURE
Performance: File TEST-imagej.data.TestCursorSpeeds.xml reported 0.0% of errors [SUCCESS]. Build status is: FAILURE
Performance: File TEST-imagej.data.display.ImageCanvasTest.xml reported 0.0% of errors [SUCCESS]. Build status is: FAILURE
Performance: File TEST-imagej.data.overlay.TestBinaryMaskOverlay.xml reported 0.0% of errors [SUCCESS]. Build status is: FAILURE
Performance: File TEST-imagej.data.table.DefaultResultsTableTest.xml reported 0.0% of errors [SUCCESS]. Build status is: FAILURE
Performance: File TEST-imagej.legacy.LegacyImageMapTest.xml reported 0.0% of errors [SUCCESS]. Build status is: FAILURE
Performance: File TEST-imagej.legacy.OverlayHarmonizerTest.xml reported 0.0% of errors [SUCCESS]. Build status is: FAILURE
Performance: File TEST-imagej.legacy.translate.LegacyUtilsTest.xml reported 0.0% of errors [SUCCESS]. Build status is: FAILURE
Performance: File TEST-imagej.updater.core.UpdaterTest.xml reported 0.0% of errors [SUCCESS]. Build status is: FAILURE
Performance: File TEST-imagej.build.minimaven.BasicTest.xml reported 0.0% of errors [SUCCESS]. Build status is: FAILURE
Performance: File TEST-imagej.core.commands.upload.InteractiveUploadTest.xml reported 0.0% of errors [SUCCESS]. Build status is: FAILURE
Performance: File TEST-imagej.script.BeanshellTest.xml reported 0.0% of errors [SUCCESS]. Build status is: FAILURE
Performance: File TEST-imagej.script.java.JavaEngineTest.xml reported 0.0% of errors [SUCCESS]. Build status is: FAILURE
Performance: File TEST-imagej.updater.core.UpdaterGUITest.xml reported 0.0% of errors [SUCCESS]. Build status is: FAILURE

</PRE>


<!--endarticle-->
    <HR>
    <P><UL>
        <!--threads-->
	<LI>Previous message: <A HREF="001219.html">[ImageJ-builds] Build failed in Jenkins: ImageJ #4098
</A></li>
	<LI>Next message: <A HREF="001221.html">[ImageJ-builds] Build failed in Jenkins: ImageJ #4100
</A></li>
         <LI> <B>Messages sorted by:</B> 
              <a href="date.html#1220">[ date ]</a>
              <a href="thread.html#1220">[ thread ]</a>
              <a href="subject.html#1220">[ subject ]</a>
              <a href="author.html#1220">[ author ]</a>
         </LI>
       </UL>

<hr>
<a href="http://imagej.net/mailman/listinfo/imagej-builds">More information about the ImageJ-builds
mailing list</a><br>
</body></html>
