<!DOCTYPE HTML PUBLIC "-//W3C//DTD HTML 4.01 Transitional//EN">
<HTML>
 <HEAD>
   <TITLE> [ImageJ-builds] Build failed in Jenkins: SciJava-common #61
   </TITLE>
   <LINK REL="Index" HREF="index.html" >
   <LINK REL="made" HREF="mailto:imagej-builds%40imagej.net?Subject=Re%3A%20%5BImageJ-builds%5D%20Build%20failed%20in%20Jenkins%3A%20SciJava-common%20%2361&In-Reply-To=%3C2072758906.94.1361217294527.JavaMail.jenkins%40dev%3E">
   <META NAME="robots" CONTENT="index,nofollow">
   <style type="text/css">
       pre {
           white-space: pre-wrap;       /* css-2.1, curent FF, Opera, Safari */
           }
   </style>
   <META http-equiv="Content-Type" content="text/html; charset=us-ascii">
   <LINK REL="Previous"  HREF="001207.html">
   <LINK REL="Next"  HREF="001209.html">
 </HEAD>
 <BODY BGCOLOR="#ffffff">
   <H1>[ImageJ-builds] Build failed in Jenkins: SciJava-common #61</H1>
    <B>jenkins at imagej.net</B> 
    <A HREF="mailto:imagej-builds%40imagej.net?Subject=Re%3A%20%5BImageJ-builds%5D%20Build%20failed%20in%20Jenkins%3A%20SciJava-common%20%2361&In-Reply-To=%3C2072758906.94.1361217294527.JavaMail.jenkins%40dev%3E"
       TITLE="[ImageJ-builds] Build failed in Jenkins: SciJava-common #61">jenkins at imagej.net
       </A><BR>
    <I>Mon Feb 18 13:54:54 CST 2013</I>
    <P><UL>
        <LI>Previous message: <A HREF="001207.html">[ImageJ-builds] Build failed in Jenkins: SciJava-common #60
</A></li>
        <LI>Next message: <A HREF="001209.html">[ImageJ-builds] Jenkins build is back to normal : SciJava-common #62
</A></li>
         <LI> <B>Messages sorted by:</B> 
              <a href="date.html#1208">[ date ]</a>
              <a href="thread.html#1208">[ thread ]</a>
              <a href="subject.html#1208">[ subject ]</a>
              <a href="author.html#1208">[ author ]</a>
         </LI>
       </UL>
    <HR>  
<!--beginarticle-->
<PRE>See &lt;<A HREF="http://jenkins.imagej.net/job/SciJava-common/61/">http://jenkins.imagej.net/job/SciJava-common/61/</A>&gt;

------------------------------------------
Started by user curtis
Building on master
Checkout:workspace / &lt;<A HREF="http://jenkins.imagej.net/job/SciJava-common/ws/">http://jenkins.imagej.net/job/SciJava-common/ws/</A>&gt; - <A HREF="http://imagej.net/mailman/listinfo/imagej-builds">hudson.remoting.LocalChannel at 6bd3162f</A>
Using strategy: Default
Last Built Revision: Revision 2c6b8539d8294d0492b900e526006b578aef52ad (origin/master)
Checkout:workspace / &lt;<A HREF="http://jenkins.imagej.net/job/SciJava-common/ws/">http://jenkins.imagej.net/job/SciJava-common/ws/</A>&gt; - <A HREF="http://imagej.net/mailman/listinfo/imagej-builds">hudson.remoting.LocalChannel at 6bd3162f</A>
GitAPI created
Fetching changes from the remote Git repository
Fetching upstream changes from <A HREF="git://github.com/scijava/scijava-common">git://github.com/scijava/scijava-common</A>
[workspace] $ git fetch -t <A HREF="git://github.com/scijava/scijava-common">git://github.com/scijava/scijava-common</A> +refs/heads/*:refs/remotes/origin/*
[workspace] $ git ls-tree HEAD
[workspace] $ git tag -l master
[workspace] $ git rev-parse origin/master
Commencing build of Revision 2c6b8539d8294d0492b900e526006b578aef52ad (origin/master)
GitAPI created
Checking out Revision 2c6b8539d8294d0492b900e526006b578aef52ad (origin/master)
[workspace] $ git checkout -f 2c6b8539d8294d0492b900e526006b578aef52ad
[workspace] $ git tag -a -f -m &quot;Hudson Build #61&quot; hudson-SciJava-common-61
Recording changes in branch origin/master
[workspace] $ git whatchanged --no-abbrev -M --pretty=raw 2c6b8539d8294d0492b900e526006b578aef52ad..2c6b8539d8294d0492b900e526006b578aef52ad
[workspace] $ /bin/sh -xe /tmp/hudson243920041477098968.sh
+ git clean -dfx
[workspace] $ mvn -U clean install
[INFO] Scanning for projects...
[INFO] ------------------------------------------------------------------------
[INFO] Building SciJava Common
[INFO]    task-segment: [clean, install]
[INFO] ------------------------------------------------------------------------
[INFO] [clean:clean {execution: default-clean}]
[INFO] [imagej:set-rootdir {execution: set-rootdir}]
[INFO] Setting rootdir: /data/devel/jenkins/jobs/SciJava-common/workspace
[INFO] [buildnumber:create {execution: default}]
[INFO] Checking for local modifications: skipped.
[INFO] Updating project files from SCM: skipped.
[INFO] Executing: /bin/sh -c cd /data/devel/jenkins/jobs/SciJava-common/workspace &amp;&amp; git rev-parse --verify HEAD
[INFO] Working directory: /data/devel/jenkins/jobs/SciJava-common/workspace
[INFO] Storing buildNumber: 2c6b8539d8294d0492b900e526006b578aef52ad at timestamp: 1361217289436
[INFO] Executing: /bin/sh -c cd /data/devel/jenkins/jobs/SciJava-common/workspace &amp;&amp; git rev-parse --verify HEAD
[INFO] Working directory: /data/devel/jenkins/jobs/SciJava-common/workspace
[INFO] Storing buildScmBranch: UNKNOWN
[debug] execute contextualize
[INFO] [resources:resources {execution: default-resources}]
[INFO] Using 'UTF-8' encoding to copy filtered resources.
[INFO] skip non existing resourceDirectory /data/devel/jenkins/jobs/SciJava-common/workspace/src/main/resources
[INFO] [compiler:compile {execution: default-compile}]
[INFO] Compiling 95 source files to /data/devel/jenkins/jobs/SciJava-common/workspace/target/classes
[debug] execute contextualize
[INFO] [resources:testResources {execution: default-testResources}]
[INFO] Using 'UTF-8' encoding to copy filtered resources.
[INFO] skip non existing resourceDirectory /data/devel/jenkins/jobs/SciJava-common/workspace/src/test/resources
[INFO] [compiler:testCompile {execution: default-testCompile}]
[INFO] Compiling 15 source files to /data/devel/jenkins/jobs/SciJava-common/workspace/target/test-classes
[INFO] [surefire:test {execution: default-test}]
[INFO] Surefire report directory: /data/devel/jenkins/jobs/SciJava-common/workspace/target/surefire-reports

-------------------------------------------------------
 T E S T S
-------------------------------------------------------
Running org.scijava.object.ObjectIndexTest
Tests run: 11, Failures: 0, Errors: 0, Skipped: 0, Time elapsed: 0.046 sec
Running org.scijava.object.SortedObjectIndexTest
Tests run: 2, Failures: 0, Errors: 0, Skipped: 0, Time elapsed: 0 sec
Running org.scijava.plugin.PluginIndexTest
WARN: Ignoring non-Maven build directory: /data/devel/jenkins/jobs/SciJava-common/workspace/target/test-classes
java.lang.ClassNotFoundException: com.sun.tools.apt.Main
	at java.net.URLClassLoader$1.run(URLClassLoader.java:202)
	at java.security.AccessController.doPrivileged(Native Method)
	at java.net.URLClassLoader.findClass(URLClassLoader.java:190)
	at java.lang.ClassLoader.loadClass(ClassLoader.java:306)
	at sun.misc.Launcher$AppClassLoader.loadClass(Launcher.java:301)
	at java.lang.ClassLoader.loadClass(ClassLoader.java:247)
	at org.scijava.util.CheckSezpoz.fix(CheckSezpoz.java:367)
	at org.scijava.util.CheckSezpoz.checkDirectory(CheckSezpoz.java:158)
	at org.scijava.util.CheckSezpoz.check(CheckSezpoz.java:122)
	at org.scijava.util.CheckSezpoz.check(CheckSezpoz.java:108)
	at org.scijava.Context.&lt;init&gt;(Context.java:139)
	at org.scijava.Context.&lt;init&gt;(Context.java:124)
	at org.scijava.plugin.PluginIndexTest.testGetPluginsOfClass(PluginIndexTest.java:61)
	at sun.reflect.NativeMethodAccessorImpl.invoke0(Native Method)
	at sun.reflect.NativeMethodAccessorImpl.invoke(NativeMethodAccessorImpl.java:39)
	at sun.reflect.DelegatingMethodAccessorImpl.invoke(DelegatingMethodAccessorImpl.java:25)
	at java.lang.reflect.Method.invoke(Method.java:597)
	at org.junit.runners.model.FrameworkMethod$1.runReflectiveCall(FrameworkMethod.java:44)
	at org.junit.internal.runners.model.ReflectiveCallable.run(ReflectiveCallable.java:15)
	at org.junit.runners.model.FrameworkMethod.invokeExplosively(FrameworkMethod.java:41)
	at org.junit.internal.runners.statements.InvokeMethod.evaluate(InvokeMethod.java:20)
	at org.junit.runners.BlockJUnit4ClassRunner.runChild(BlockJUnit4ClassRunner.java:76)
	at org.junit.runners.BlockJUnit4ClassRunner.runChild(BlockJUnit4ClassRunner.java:50)
	at org.junit.runners.ParentRunner$3.run(ParentRunner.java:193)
	at org.junit.runners.ParentRunner$1.schedule(ParentRunner.java:52)
	at org.junit.runners.ParentRunner.runChildren(ParentRunner.java:191)
	at org.junit.runners.ParentRunner.access$000(ParentRunner.java:42)
	at org.junit.runners.ParentRunner$2.evaluate(ParentRunner.java:184)
	at org.junit.runners.ParentRunner.run(ParentRunner.java:236)
	at org.apache.maven.surefire.junit4.JUnit4Provider.execute(JUnit4Provider.java:236)
	at org.apache.maven.surefire.junit4.JUnit4Provider.executeTestSet(JUnit4Provider.java:134)
	at org.apache.maven.surefire.junit4.JUnit4Provider.invoke(JUnit4Provider.java:113)
	at sun.reflect.NativeMethodAccessorImpl.invoke0(Native Method)
	at sun.reflect.NativeMethodAccessorImpl.invoke(NativeMethodAccessorImpl.java:39)
	at sun.reflect.DelegatingMethodAccessorImpl.invoke(DelegatingMethodAccessorImpl.java:25)
	at java.lang.reflect.Method.invoke(Method.java:597)
	at org.apache.maven.surefire.util.ReflectionUtils.invokeMethodWithArray(ReflectionUtils.java:189)
	at org.apache.maven.surefire.booter.ProviderFactory$ProviderProxy.invoke(ProviderFactory.java:165)
	at org.apache.maven.surefire.booter.ProviderFactory.invokeProvider(ProviderFactory.java:85)
	at org.apache.maven.surefire.booter.ForkedBooter.runSuitesInProcess(ForkedBooter.java:103)
	at org.apache.maven.surefire.booter.ForkedBooter.main(ForkedBooter.java:74)
ERROR: Could not fix /data/devel/jenkins/jobs/SciJava-common/workspace/src/main/java: apt not found
[INFO] Found 7 plugins.
[INFO] Created service: org.scijava.log.StderrLogService
[INFO] Created service: org.scijava.thread.DefaultThreadService
[INFO] Created service: org.scijava.event.DefaultEventService
[INFO] Created service: org.scijava.plugin.DefaultPluginService
[INFO] Found 7 plugins.
[INFO] Created service: org.scijava.log.StderrLogService
[INFO] Created service: org.scijava.thread.DefaultThreadService
[INFO] Created service: org.scijava.event.DefaultEventService
[INFO] Created service: org.scijava.plugin.DefaultPluginService
Tests run: 2, Failures: 0, Errors: 0, Skipped: 0, Time elapsed: 0.183 sec
Running org.scijava.service.ServiceIndexTest
[INFO] Found 7 plugins.
[INFO] Created service: org.scijava.log.StderrLogService
[INFO] Created service: org.scijava.thread.DefaultThreadService
[INFO] Created service: org.scijava.event.DefaultEventService
[INFO] Created service: org.scijava.plugin.DefaultPluginService
Tests run: 1, Failures: 0, Errors: 0, Skipped: 0, Time elapsed: 0.009 sec
Running org.scijava.util.ClassUtilsTest
Tests run: 2, Failures: 0, Errors: 0, Skipped: 0, Time elapsed: 0.021 sec
Running org.scijava.util.CheckSezpozTest
Note: Annotated indexed under org.scijava.plugin.Plugin
java.lang.ClassNotFoundException: com.sun.tools.apt.Main
	at java.net.URLClassLoader$1.run(URLClassLoader.java:202)
	at java.security.AccessController.doPrivileged(Native Method)
	at java.net.URLClassLoader.findClass(URLClassLoader.java:190)
	at java.lang.ClassLoader.loadClass(ClassLoader.java:306)
	at sun.misc.Launcher$AppClassLoader.loadClass(Launcher.java:301)
	at java.lang.ClassLoader.loadClass(ClassLoader.java:247)
	at org.scijava.util.CheckSezpoz.fix(CheckSezpoz.java:367)
	at org.scijava.util.CheckSezpoz.checkDirectory(CheckSezpoz.java:158)
	at org.scijava.util.CheckSezpozTest.testBasic(CheckSezpozTest.java:126)
	at sun.reflect.NativeMethodAccessorImpl.invoke0(Native Method)
	at sun.reflect.NativeMethodAccessorImpl.invoke(NativeMethodAccessorImpl.java:39)
	at sun.reflect.DelegatingMethodAccessorImpl.invoke(DelegatingMethodAccessorImpl.java:25)
	at java.lang.reflect.Method.invoke(Method.java:597)
	at org.junit.runners.model.FrameworkMethod$1.runReflectiveCall(FrameworkMethod.java:44)
	at org.junit.internal.runners.model.ReflectiveCallable.run(ReflectiveCallable.java:15)
	at org.junit.runners.model.FrameworkMethod.invokeExplosively(FrameworkMethod.java:41)
	at org.junit.internal.runners.statements.InvokeMethod.evaluate(InvokeMethod.java:20)
	at org.junit.runners.BlockJUnit4ClassRunner.runChild(BlockJUnit4ClassRunner.java:76)
	at org.junit.runners.BlockJUnit4ClassRunner.runChild(BlockJUnit4ClassRunner.java:50)
	at org.junit.runners.ParentRunner$3.run(ParentRunner.java:193)
	at org.junit.runners.ParentRunner$1.schedule(ParentRunner.java:52)
	at org.junit.runners.ParentRunner.runChildren(ParentRunner.java:191)
	at org.junit.runners.ParentRunner.access$000(ParentRunner.java:42)
	at org.junit.runners.ParentRunner$2.evaluate(ParentRunner.java:184)
	at org.junit.runners.ParentRunner.run(ParentRunner.java:236)
	at org.apache.maven.surefire.junit4.JUnit4Provider.execute(JUnit4Provider.java:236)
	at org.apache.maven.surefire.junit4.JUnit4Provider.executeTestSet(JUnit4Provider.java:134)
	at org.apache.maven.surefire.junit4.JUnit4Provider.invoke(JUnit4Provider.java:113)
	at sun.reflect.NativeMethodAccessorImpl.invoke0(Native Method)
	at sun.reflect.NativeMethodAccessorImpl.invoke(NativeMethodAccessorImpl.java:39)
	at sun.reflect.DelegatingMethodAccessorImpl.invoke(DelegatingMethodAccessorImpl.java:25)
	at java.lang.reflect.Method.invoke(Method.java:597)
	at org.apache.maven.surefire.util.ReflectionUtils.invokeMethodWithArray(ReflectionUtils.java:189)
	at org.apache.maven.surefire.booter.ProviderFactory$ProviderProxy.invoke(ProviderFactory.java:165)
	at org.apache.maven.surefire.booter.ProviderFactory.invokeProvider(ProviderFactory.java:85)
	at org.apache.maven.surefire.booter.ForkedBooter.runSuitesInProcess(ForkedBooter.java:103)
	at org.apache.maven.surefire.booter.ForkedBooter.main(ForkedBooter.java:74)
ERROR: Could not fix /tmp/test-sezpoz81661614988153067/src/main/java: apt not found
Tests run: 2, Failures: 1, Errors: 0, Skipped: 0, Time elapsed: 1.527 sec &lt;&lt;&lt; FAILURE!
Running org.scijava.util.FloatArrayTest
Tests run: 22, Failures: 0, Errors: 0, Skipped: 0, Time elapsed: 0.019 sec
Running org.scijava.util.AppUtilsTest
Tests run: 1, Failures: 0, Errors: 0, Skipped: 0, Time elapsed: 0.001 sec
Running org.scijava.util.IntArrayTest
Tests run: 22, Failures: 0, Errors: 0, Skipped: 0, Time elapsed: 0.015 sec
Running org.scijava.util.ShortArrayTest
Tests run: 22, Failures: 0, Errors: 0, Skipped: 0, Time elapsed: 0.014 sec
Running org.scijava.util.FileUtilsTest
Tests run: 5, Failures: 0, Errors: 0, Skipped: 0, Time elapsed: 0.004 sec
Running org.scijava.util.DoubleArrayTest
Tests run: 22, Failures: 0, Errors: 0, Skipped: 0, Time elapsed: 0.014 sec
Running org.scijava.util.ByteArrayTest
Tests run: 22, Failures: 0, Errors: 0, Skipped: 0, Time elapsed: 0.014 sec
Running org.scijava.util.LongArrayTest
Tests run: 22, Failures: 0, Errors: 0, Skipped: 0, Time elapsed: 0.012 sec

Results :

Failed tests:   testBasic(org.scijava.util.CheckSezpozTest)

Tests run: 158, Failures: 1, Errors: 0, Skipped: 0

[INFO] ------------------------------------------------------------------------
[ERROR] BUILD FAILURE
[INFO] ------------------------------------------------------------------------
[INFO] There are test failures.

Please refer to /data/devel/jenkins/jobs/SciJava-common/workspace/target/surefire-reports for the individual test results.
[INFO] ------------------------------------------------------------------------
[INFO] For more information, run Maven with the -e switch
[INFO] ------------------------------------------------------------------------
[INFO] Total time: 8 seconds
[INFO] Finished at: Mon Feb 18 13:54:54 CST 2013
[INFO] Final Memory: 52M/1029M
[INFO] ------------------------------------------------------------------------
Build step 'Invoke top-level Maven targets' marked build as failure
Archiving artifacts
Recording test results

</PRE>




<!--endarticle-->
    <HR>
    <P><UL>
        <!--threads-->
	<LI>Previous message: <A HREF="001207.html">[ImageJ-builds] Build failed in Jenkins: SciJava-common #60
</A></li>
	<LI>Next message: <A HREF="001209.html">[ImageJ-builds] Jenkins build is back to normal : SciJava-common #62
</A></li>
         <LI> <B>Messages sorted by:</B> 
              <a href="date.html#1208">[ date ]</a>
              <a href="thread.html#1208">[ thread ]</a>
              <a href="subject.html#1208">[ subject ]</a>
              <a href="author.html#1208">[ author ]</a>
         </LI>
       </UL>

<hr>
<a href="http://imagej.net/mailman/listinfo/imagej-builds">More information about the ImageJ-builds
mailing list</a><br>
</body></html>
