<!DOCTYPE HTML PUBLIC "-//W3C//DTD HTML 4.01 Transitional//EN">
<HTML>
 <HEAD>
   <TITLE> [ImageJ-builds] Build failed in Jenkins: ImageJ-OPS #13
   </TITLE>
   <LINK REL="Index" HREF="index.html" >
   <LINK REL="made" HREF="mailto:imagej-builds%40imagej.net?Subject=Re%3A%20%5BImageJ-builds%5D%20Build%20failed%20in%20Jenkins%3A%20ImageJ-OPS%20%2313&In-Reply-To=%3C137824503.55.1394312740058.JavaMail.jenkins%40dev%3E">
   <META NAME="robots" CONTENT="index,nofollow">
   <style type="text/css">
       pre {
           white-space: pre-wrap;       /* css-2.1, curent FF, Opera, Safari */
           }
   </style>
   <META http-equiv="Content-Type" content="text/html; charset=us-ascii">
   <LINK REL="Previous"  HREF="003508.html">
   <LINK REL="Next"  HREF="003512.html">
 </HEAD>
 <BODY BGCOLOR="#ffffff">
   <H1>[ImageJ-builds] Build failed in Jenkins: ImageJ-OPS #13</H1>
    <B>jenkins at imagej.net</B> 
    <A HREF="mailto:imagej-builds%40imagej.net?Subject=Re%3A%20%5BImageJ-builds%5D%20Build%20failed%20in%20Jenkins%3A%20ImageJ-OPS%20%2313&In-Reply-To=%3C137824503.55.1394312740058.JavaMail.jenkins%40dev%3E"
       TITLE="[ImageJ-builds] Build failed in Jenkins: ImageJ-OPS #13">jenkins at imagej.net
       </A><BR>
    <I>Sat Mar  8 15:05:40 CST 2014</I>
    <P><UL>
        <LI>Previous message: <A HREF="003508.html">[ImageJ-builds] Jenkins build is back to normal : ImageJ-OPS #12
</A></li>
        <LI>Next message: <A HREF="003512.html">[ImageJ-builds] Jenkins build is back to normal : ImageJ-OPS #14
</A></li>
         <LI> <B>Messages sorted by:</B> 
              <a href="date.html#3509">[ date ]</a>
              <a href="thread.html#3509">[ thread ]</a>
              <a href="subject.html#3509">[ subject ]</a>
              <a href="author.html#3509">[ author ]</a>
         </LI>
       </UL>
    <HR>  
<!--beginarticle-->
<PRE>See &lt;<A HREF="http://jenkins.imagej.net/job/ImageJ-OPS/13/changes">http://jenkins.imagej.net/job/ImageJ-OPS/13/changes</A>&gt;

Changes:

[Curtis Rueden] DefaultOpService: reject multiple matching ops

------------------------------------------
Started by an SCM change
Building on master in workspace &lt;<A HREF="http://jenkins.imagej.net/job/ImageJ-OPS/ws/">http://jenkins.imagej.net/job/ImageJ-OPS/ws/</A>&gt;
Fetching changes from the remote Git repository
Fetching upstream changes from <A HREF="git://github.com/imagej/imagej-ops">git://github.com/imagej/imagej-ops</A>
Checking out Revision 793d430e14300b038ca15dc9ce14c447fc032894 (origin/master)
Deleting old artifacts from #11
[workspace] $ /bin/sh -xe /tmp/hudson273541959876740632.sh
+ git clean -dfx
Removing target/
[workspace] $ mvn -U -Pdeploy-to-imagej clean deploy
[INFO] Scanning for projects...
[INFO]                                                                         
[INFO] ------------------------------------------------------------------------
[INFO] Building ImageJ Operations 0.1.0-SNAPSHOT
[INFO] ------------------------------------------------------------------------
[INFO] 
[INFO] --- maven-clean-plugin:2.5:clean (default-clean) @ ij-ops ---
[INFO] 
[INFO] --- buildnumber-maven-plugin:1.2:create (default) @ ij-ops ---
[INFO] Checking for local modifications: skipped.
[INFO] Updating project files from SCM: skipped.
[INFO] Executing: /bin/sh -c cd /data/devel/jenkins/jobs/ImageJ-OPS/workspace &amp;&amp; git rev-parse --verify HEAD
[INFO] Working directory: /data/devel/jenkins/jobs/ImageJ-OPS/workspace
[INFO] Storing buildNumber: 793d430e14300b038ca15dc9ce14c447fc032894 at timestamp: 1394312734868
[INFO] Executing: /bin/sh -c cd /data/devel/jenkins/jobs/ImageJ-OPS/workspace &amp;&amp; git rev-parse --verify HEAD
[INFO] Working directory: /data/devel/jenkins/jobs/ImageJ-OPS/workspace
[INFO] Storing buildScmBranch: UNKNOWN
[INFO] 
[INFO] --- imagej-maven-plugin:0.3.1:set-rootdir (set-rootdir) @ ij-ops ---
[INFO] Setting rootdir: /data/devel/jenkins/jobs/ImageJ-OPS/workspace
[INFO] 
[INFO] --- maven-resources-plugin:2.6:resources (default-resources) @ ij-ops ---
[INFO] Using 'UTF-8' encoding to copy filtered resources.
[INFO] skip non existing resourceDirectory /data/devel/jenkins/jobs/ImageJ-OPS/workspace/src/main/resources
[INFO] 
[INFO] --- maven-compiler-plugin:3.1:compile (default-compile) @ ij-ops ---
[INFO] Changes detected - recompiling the module!
[INFO] Compiling 55 source files to /data/devel/jenkins/jobs/ImageJ-OPS/workspace/target/classes
[WARNING] Note: /data/devel/jenkins/jobs/ImageJ-OPS/workspace/src/main/java/imagej/ops/slicer/SlicingIterableInterval.java uses or overrides a deprecated API.
[WARNING] Note: Recompile with -Xlint:deprecation for details.
[INFO] 
[INFO] --- maven-resources-plugin:2.6:testResources (default-testResources) @ ij-ops ---
[INFO] Using 'UTF-8' encoding to copy filtered resources.
[INFO] skip non existing resourceDirectory /data/devel/jenkins/jobs/ImageJ-OPS/workspace/src/test/resources
[INFO] 
[INFO] --- maven-compiler-plugin:3.1:testCompile (default-testCompile) @ ij-ops ---
[INFO] Changes detected - recompiling the module!
[INFO] Compiling 13 source files to /data/devel/jenkins/jobs/ImageJ-OPS/workspace/target/test-classes
[INFO] 
[INFO] --- maven-surefire-plugin:2.16:test (default-test) @ ij-ops ---
[INFO] Surefire report directory: /data/devel/jenkins/jobs/ImageJ-OPS/workspace/target/surefire-reports

-------------------------------------------------------
 T E S T S
-------------------------------------------------------
Running imagej.ops.tests.GaussTest
[INFO] Created service: org.scijava.log.StderrLogService
[INFO] Created service: org.scijava.thread.DefaultThreadService
[INFO] Created service: org.scijava.event.DefaultEventService
[INFO] Found 523 plugins.
[INFO] Created service: org.scijava.plugin.DefaultPluginService
[INFO] Created service: org.scijava.object.DefaultObjectService
[INFO] Created service: imagej.module.DefaultModuleService
[INFO] Created service: imagej.command.DefaultCommandService
[INFO] Created service: imagej.ops.DefaultOpService
[INFO] Found 1 OperationMatcher plugins.
Tests run: 1, Failures: 0, Errors: 0, Skipped: 0, Time elapsed: 0.47 sec - in imagej.ops.tests.GaussTest
Running imagej.ops.tests.ConvertIITest
[INFO] Created service: org.scijava.log.StderrLogService
[INFO] Created service: org.scijava.thread.DefaultThreadService
[INFO] Created service: org.scijava.event.DefaultEventService
[INFO] Found 523 plugins.
[INFO] Created service: org.scijava.plugin.DefaultPluginService
[INFO] Created service: org.scijava.object.DefaultObjectService
[INFO] Created service: imagej.module.DefaultModuleService
[INFO] Created service: imagej.command.DefaultCommandService
[INFO] Created service: imagej.ops.DefaultOpService
[INFO] Found 1 OperationMatcher plugins.
Tests run: 1, Failures: 0, Errors: 0, Skipped: 0, Time elapsed: 0.128 sec - in imagej.ops.tests.ConvertIITest
Running imagej.ops.tests.BasicOpTest
[INFO] Created service: org.scijava.log.StderrLogService
[INFO] Created service: org.scijava.thread.DefaultThreadService
[INFO] Created service: org.scijava.event.DefaultEventService
[INFO] Found 523 plugins.
[INFO] Created service: org.scijava.plugin.DefaultPluginService
[INFO] Created service: org.scijava.object.DefaultObjectService
[INFO] Created service: imagej.module.DefaultModuleService
[INFO] Created service: imagej.command.DefaultCommandService
[INFO] Created service: imagej.ops.DefaultOpService
[INFO] Found 1 OperationMatcher plugins.
[INFO] Ignoring input value 123.456
[INFO] Created service: org.scijava.log.StderrLogService
[INFO] Created service: org.scijava.thread.DefaultThreadService
[INFO] Created service: org.scijava.event.DefaultEventService
[INFO] Found 523 plugins.
[INFO] Created service: org.scijava.plugin.DefaultPluginService
[INFO] Created service: org.scijava.object.DefaultObjectService
[INFO] Created service: imagej.module.DefaultModuleService
[INFO] Created service: imagej.command.DefaultCommandService
[INFO] Created service: imagej.ops.DefaultOpService
[INFO] Found 1 OperationMatcher plugins.
Tests run: 2, Failures: 0, Errors: 1, Skipped: 0, Time elapsed: 0.198 sec &lt;&lt;&lt; FAILURE! - in imagej.ops.tests.BasicOpTest
testPixelwise(imagej.ops.tests.BasicOpTest)  Time elapsed: 0.103 sec  &lt;&lt;&lt; ERROR!
java.lang.IllegalArgumentException: Multiple ops of priority 0.0 match: imagej.command.CommandModule imagej.command.CommandModule
	at imagej.ops.DefaultOpService.module(DefaultOpService.java:120)
	at imagej.ops.DefaultOpService.run(DefaultOpService.java:74)
	at imagej.ops.tests.BasicOpTest.testPixelwise(BasicOpTest.java:68)

Running imagej.ops.tests.onthefly.OneTheFlyTest
[INFO] Created service: org.scijava.log.StderrLogService
[INFO] Created service: org.scijava.thread.DefaultThreadService
[INFO] Created service: org.scijava.event.DefaultEventService
[INFO] Found 523 plugins.
[INFO] Created service: org.scijava.plugin.DefaultPluginService
[INFO] Created service: org.scijava.object.DefaultObjectService
[INFO] Created service: imagej.module.DefaultModuleService
[INFO] Created service: imagej.command.DefaultCommandService
[INFO] Created service: imagej.ops.DefaultOpService
[INFO] Found 1 OperationMatcher plugins.
[INFO] Created service: org.scijava.log.StderrLogService
[INFO] Created service: org.scijava.thread.DefaultThreadService
[INFO] Created service: org.scijava.event.DefaultEventService
[INFO] Found 523 plugins.
[INFO] Created service: org.scijava.plugin.DefaultPluginService
[INFO] Created service: org.scijava.object.DefaultObjectService
[INFO] Created service: imagej.module.DefaultModuleService
[INFO] Created service: imagej.command.DefaultCommandService
[INFO] Created service: imagej.ops.DefaultOpService
[INFO] Found 1 OperationMatcher plugins.
[INFO] Created service: org.scijava.log.StderrLogService
[INFO] Created service: org.scijava.thread.DefaultThreadService
[INFO] Created service: org.scijava.event.DefaultEventService
[INFO] Found 523 plugins.
[INFO] Created service: org.scijava.plugin.DefaultPluginService
[INFO] Created service: org.scijava.object.DefaultObjectService
[INFO] Created service: imagej.module.DefaultModuleService
[INFO] Created service: imagej.command.DefaultCommandService
[INFO] Created service: imagej.ops.DefaultOpService
[INFO] Found 1 OperationMatcher plugins.
[INFO] Created service: org.scijava.log.StderrLogService
[INFO] Created service: org.scijava.thread.DefaultThreadService
[INFO] Created service: org.scijava.event.DefaultEventService
[INFO] Found 523 plugins.
[INFO] Created service: org.scijava.plugin.DefaultPluginService
[INFO] Created service: org.scijava.object.DefaultObjectService
[INFO] Created service: imagej.module.DefaultModuleService
[INFO] Created service: imagej.command.DefaultCommandService
[INFO] Created service: imagej.ops.DefaultOpService
[INFO] Found 1 OperationMatcher plugins.
[INFO] Created service: org.scijava.log.StderrLogService
[INFO] Created service: org.scijava.thread.DefaultThreadService
[INFO] Created service: org.scijava.event.DefaultEventService
[INFO] Found 523 plugins.
[INFO] Created service: org.scijava.plugin.DefaultPluginService
[INFO] Created service: org.scijava.object.DefaultObjectService
[INFO] Created service: imagej.module.DefaultModuleService
[INFO] Created service: imagej.command.DefaultCommandService
[INFO] Created service: imagej.ops.DefaultOpService
[INFO] Found 1 OperationMatcher plugins.
Tests run: 5, Failures: 0, Errors: 0, Skipped: 0, Time elapsed: 0.66 sec - in imagej.ops.tests.onthefly.OneTheFlyTest
Running imagej.ops.tests.ConvolveTest
[INFO] Created service: org.scijava.log.StderrLogService
[INFO] Created service: org.scijava.thread.DefaultThreadService
[INFO] Created service: org.scijava.event.DefaultEventService
[INFO] Found 523 plugins.
[INFO] Created service: org.scijava.plugin.DefaultPluginService
[INFO] Created service: org.scijava.object.DefaultObjectService
[INFO] Created service: imagej.module.DefaultModuleService
[INFO] Created service: imagej.command.DefaultCommandService
[INFO] Created service: imagej.ops.DefaultOpService
[INFO] Found 1 OperationMatcher plugins.
Tests run: 1, Failures: 0, Errors: 0, Skipped: 0, Time elapsed: 0.058 sec - in imagej.ops.tests.ConvolveTest

Results :

Tests in error: 
  BasicOpTest.testPixelwise:68 &#187; IllegalArgument Multiple ops of priority 0.0 ma...

Tests run: 10, Failures: 0, Errors: 1, Skipped: 0

[INFO] ------------------------------------------------------------------------
[INFO] BUILD FAILURE
[INFO] ------------------------------------------------------------------------
[INFO] Total time: 6.773s
[INFO] Finished at: Sat Mar 08 15:05:39 CST 2014
[INFO] Final Memory: 22M/360M
[INFO] ------------------------------------------------------------------------
[ERROR] Failed to execute goal org.apache.maven.plugins:maven-surefire-plugin:2.16:test (default-test) on project ij-ops: There are test failures.
[ERROR] 
[ERROR] Please refer to /data/devel/jenkins/jobs/ImageJ-OPS/workspace/target/surefire-reports for the individual test results.
[ERROR] -&gt; [Help 1]
[ERROR] 
[ERROR] To see the full stack trace of the errors, re-run Maven with the -e switch.
[ERROR] Re-run Maven using the -X switch to enable full debug logging.
[ERROR] 
[ERROR] For more information about the errors and possible solutions, please read the following articles:
[ERROR] [Help 1] <A HREF="http://cwiki.apache.org/confluence/display/MAVEN/MojoFailureException">http://cwiki.apache.org/confluence/display/MAVEN/MojoFailureException</A>
Build step 'Invoke top-level Maven targets' marked build as failure
Archiving artifacts
Build step 'Groovy Postbuild' marked build as failure
Recording test results
Performance: Percentage of errors greater or equal than 0% sets the build as unstable
Performance: Percentage of errors greater or equal than 0% sets the build as failure



Performance: Recording JUnit reports '**/TEST-*.xml'
TEST-imagej.ops.tests.BasicOpTest.xml has an average of: 99
Performance: File TEST-imagej.ops.tests.BasicOpTest.xml reported 0.0% of errors [SUCCESS]. Build status is: FAILURE



TEST-imagej.ops.tests.ConvertIITest.xml has an average of: 128
Performance: File TEST-imagej.ops.tests.ConvertIITest.xml reported 0.0% of errors [SUCCESS]. Build status is: FAILURE



TEST-imagej.ops.tests.ConvolveTest.xml has an average of: 58
Performance: File TEST-imagej.ops.tests.ConvolveTest.xml reported 0.0% of errors [SUCCESS]. Build status is: FAILURE



TEST-imagej.ops.tests.GaussTest.xml has an average of: 436
Performance: File TEST-imagej.ops.tests.GaussTest.xml reported 0.0% of errors [SUCCESS]. Build status is: FAILURE



TEST-imagej.ops.tests.onthefly.OneTheFlyTest.xml has an average of: 131
Performance: File TEST-imagej.ops.tests.onthefly.OneTheFlyTest.xml reported 0.0% of errors [SUCCESS]. Build status is: FAILURE




</PRE>



<!--endarticle-->
    <HR>
    <P><UL>
        <!--threads-->
	<LI>Previous message: <A HREF="003508.html">[ImageJ-builds] Jenkins build is back to normal : ImageJ-OPS #12
</A></li>
	<LI>Next message: <A HREF="003512.html">[ImageJ-builds] Jenkins build is back to normal : ImageJ-OPS #14
</A></li>
         <LI> <B>Messages sorted by:</B> 
              <a href="date.html#3509">[ date ]</a>
              <a href="thread.html#3509">[ thread ]</a>
              <a href="subject.html#3509">[ subject ]</a>
              <a href="author.html#3509">[ author ]</a>
         </LI>
       </UL>

<hr>
<a href="http://imagej.net/mailman/listinfo/imagej-builds">More information about the ImageJ-builds
mailing list</a><br>
</body></html>
