<!DOCTYPE HTML PUBLIC "-//W3C//DTD HTML 4.01 Transitional//EN">
<HTML>
 <HEAD>
   <TITLE> [ImageJ-builds] Build failed in Jenkins: ImageJ-OPS #7
   </TITLE>
   <LINK REL="Index" HREF="index.html" >
   <LINK REL="made" HREF="mailto:imagej-builds%40imagej.net?Subject=Re%3A%20%5BImageJ-builds%5D%20Build%20failed%20in%20Jenkins%3A%20ImageJ-OPS%20%237&In-Reply-To=%3C1149261754.49.1394310149677.JavaMail.jenkins%40dev%3E">
   <META NAME="robots" CONTENT="index,nofollow">
   <style type="text/css">
       pre {
           white-space: pre-wrap;       /* css-2.1, curent FF, Opera, Safari */
           }
   </style>
   <META http-equiv="Content-Type" content="text/html; charset=us-ascii">
   <LINK REL="Previous"  HREF="003502.html">
   <LINK REL="Next"  HREF="003504.html">
 </HEAD>
 <BODY BGCOLOR="#ffffff">
   <H1>[ImageJ-builds] Build failed in Jenkins: ImageJ-OPS #7</H1>
    <B>jenkins at imagej.net</B> 
    <A HREF="mailto:imagej-builds%40imagej.net?Subject=Re%3A%20%5BImageJ-builds%5D%20Build%20failed%20in%20Jenkins%3A%20ImageJ-OPS%20%237&In-Reply-To=%3C1149261754.49.1394310149677.JavaMail.jenkins%40dev%3E"
       TITLE="[ImageJ-builds] Build failed in Jenkins: ImageJ-OPS #7">jenkins at imagej.net
       </A><BR>
    <I>Sat Mar  8 14:22:29 CST 2014</I>
    <P><UL>
        <LI>Previous message: <A HREF="003502.html">[ImageJ-builds] Build failed in Jenkins: ImageJ-OPS #6
</A></li>
        <LI>Next message: <A HREF="003504.html">[ImageJ-builds] Build failed in Jenkins: ImageJ-OPS #8
</A></li>
         <LI> <B>Messages sorted by:</B> 
              <a href="date.html#3503">[ date ]</a>
              <a href="thread.html#3503">[ thread ]</a>
              <a href="subject.html#3503">[ subject ]</a>
              <a href="author.html#3503">[ author ]</a>
         </LI>
       </UL>
    <HR>  
<!--beginarticle-->
<PRE>See &lt;<A HREF="http://jenkins.imagej.net/job/ImageJ-OPS/7/changes">http://jenkins.imagej.net/job/ImageJ-OPS/7/changes</A>&gt;

Changes:

[Johannes Schindelin] Quick hack: Javassisted ArrayImg + constant

[Johannes Schindelin] Add a test for the quickly hacked array+constant

[Johannes Schindelin] Fix tyop

------------------------------------------
Started by an SCM change
Building on master in workspace &lt;<A HREF="http://jenkins.imagej.net/job/ImageJ-OPS/ws/">http://jenkins.imagej.net/job/ImageJ-OPS/ws/</A>&gt;
Fetching changes from the remote Git repository
Fetching upstream changes from <A HREF="git://github.com/imagej/imagej-ops">git://github.com/imagej/imagej-ops</A>
Checking out Revision ddd17384b900306e7cbcf361c099bdfa01105d8c (origin/master)
Deleting old artifacts from #5
[workspace] $ /bin/sh -xe /tmp/hudson4284325531294983992.sh
+ git clean -dfx
Removing target/
[workspace] $ mvn -U clean install
[INFO] Scanning for projects...
[INFO]                                                                         
[INFO] ------------------------------------------------------------------------
[INFO] Building ImageJ Operations 0.1.0-SNAPSHOT
[INFO] ------------------------------------------------------------------------
[INFO] 
[INFO] --- maven-clean-plugin:2.5:clean (default-clean) @ ij-ops ---
[INFO] 
[INFO] --- buildnumber-maven-plugin:1.2:create (default) @ ij-ops ---
[INFO] Checking for local modifications: skipped.
[INFO] Updating project files from SCM: skipped.
[INFO] Executing: /bin/sh -c cd /data/devel/jenkins/jobs/ImageJ-OPS/workspace &amp;&amp; git rev-parse --verify HEAD
[INFO] Working directory: /data/devel/jenkins/jobs/ImageJ-OPS/workspace
[INFO] Storing buildNumber: ddd17384b900306e7cbcf361c099bdfa01105d8c at timestamp: 1394310144400
[INFO] Executing: /bin/sh -c cd /data/devel/jenkins/jobs/ImageJ-OPS/workspace &amp;&amp; git rev-parse --verify HEAD
[INFO] Working directory: /data/devel/jenkins/jobs/ImageJ-OPS/workspace
[INFO] Storing buildScmBranch: UNKNOWN
[INFO] 
[INFO] --- imagej-maven-plugin:0.3.1:set-rootdir (set-rootdir) @ ij-ops ---
[INFO] Setting rootdir: /data/devel/jenkins/jobs/ImageJ-OPS/workspace
[INFO] 
[INFO] --- maven-resources-plugin:2.6:resources (default-resources) @ ij-ops ---
[INFO] Using 'UTF-8' encoding to copy filtered resources.
[INFO] skip non existing resourceDirectory /data/devel/jenkins/jobs/ImageJ-OPS/workspace/src/main/resources
[INFO] 
[INFO] --- maven-compiler-plugin:3.1:compile (default-compile) @ ij-ops ---
[INFO] Changes detected - recompiling the module!
[INFO] Compiling 50 source files to /data/devel/jenkins/jobs/ImageJ-OPS/workspace/target/classes
[WARNING] Note: /data/devel/jenkins/jobs/ImageJ-OPS/workspace/src/main/java/imagej/ops/slicer/SlicingIterableInterval.java uses or overrides a deprecated API.
[WARNING] Note: Recompile with -Xlint:deprecation for details.
[INFO] 
[INFO] --- maven-resources-plugin:2.6:testResources (default-testResources) @ ij-ops ---
[INFO] Using 'UTF-8' encoding to copy filtered resources.
[INFO] skip non existing resourceDirectory /data/devel/jenkins/jobs/ImageJ-OPS/workspace/src/test/resources
[INFO] 
[INFO] --- maven-compiler-plugin:3.1:testCompile (default-testCompile) @ ij-ops ---
[INFO] Changes detected - recompiling the module!
[INFO] Compiling 11 source files to /data/devel/jenkins/jobs/ImageJ-OPS/workspace/target/test-classes
[INFO] 
[INFO] --- maven-surefire-plugin:2.16:test (default-test) @ ij-ops ---
[INFO] Surefire report directory: /data/devel/jenkins/jobs/ImageJ-OPS/workspace/target/surefire-reports

-------------------------------------------------------
 T E S T S
-------------------------------------------------------
Running imagej.ops.tests.GaussTest
[INFO] Created service: org.scijava.log.StderrLogService
[INFO] Created service: org.scijava.thread.DefaultThreadService
[INFO] Created service: org.scijava.event.DefaultEventService
[INFO] Found 521 plugins.
[INFO] Created service: org.scijava.plugin.DefaultPluginService
[INFO] Created service: org.scijava.object.DefaultObjectService
[INFO] Created service: imagej.module.DefaultModuleService
[INFO] Created service: imagej.command.DefaultCommandService
[INFO] Created service: imagej.ops.DefaultOpService
Tests run: 1, Failures: 0, Errors: 0, Skipped: 0, Time elapsed: 0.483 sec - in imagej.ops.tests.GaussTest
Running imagej.ops.tests.ConvertIITest
[INFO] Created service: org.scijava.log.StderrLogService
[INFO] Created service: org.scijava.thread.DefaultThreadService
[INFO] Created service: org.scijava.event.DefaultEventService
[INFO] Found 521 plugins.
[INFO] Created service: org.scijava.plugin.DefaultPluginService
[INFO] Created service: org.scijava.object.DefaultObjectService
[INFO] Created service: imagej.module.DefaultModuleService
[INFO] Created service: imagej.command.DefaultCommandService
[INFO] Created service: imagej.ops.DefaultOpService
Tests run: 1, Failures: 0, Errors: 0, Skipped: 0, Time elapsed: 0.125 sec - in imagej.ops.tests.ConvertIITest
Running imagej.ops.tests.BasicOpTest
[INFO] Created service: org.scijava.log.StderrLogService
[INFO] Created service: org.scijava.thread.DefaultThreadService
[INFO] Created service: org.scijava.event.DefaultEventService
[INFO] Found 521 plugins.
[INFO] Created service: org.scijava.plugin.DefaultPluginService
[INFO] Created service: org.scijava.object.DefaultObjectService
[INFO] Created service: imagej.module.DefaultModuleService
[INFO] Created service: imagej.command.DefaultCommandService
[INFO] Created service: imagej.ops.DefaultOpService
[INFO] Ignoring input value 123.456
[INFO] Created service: org.scijava.log.StderrLogService
[INFO] Created service: org.scijava.thread.DefaultThreadService
[INFO] Created service: org.scijava.event.DefaultEventService
[INFO] Found 521 plugins.
[INFO] Created service: org.scijava.plugin.DefaultPluginService
[INFO] Created service: org.scijava.object.DefaultObjectService
[INFO] Created service: imagej.module.DefaultModuleService
[INFO] Created service: imagej.command.DefaultCommandService
[INFO] Created service: imagej.ops.DefaultOpService
op = <A HREF="http://imagej.net/mailman/listinfo/imagej-builds">imagej.ops.arithmetic.AddOp at 1fbb9696</A>
Tests run: 2, Failures: 1, Errors: 0, Skipped: 0, Time elapsed: 0.186 sec &lt;&lt;&lt; FAILURE! - in imagej.ops.tests.BasicOpTest
testPixelwise(imagej.ops.tests.BasicOpTest)  Time elapsed: 0.091 sec  &lt;&lt;&lt; FAILURE!
java.lang.AssertionError: expected:&lt;51&gt; but was:&lt;17&gt;
	at org.junit.Assert.fail(Assert.java:91)
	at org.junit.Assert.failNotEquals(Assert.java:645)
	at org.junit.Assert.assertEquals(Assert.java:126)
	at org.junit.Assert.assertEquals(Assert.java:470)
	at org.junit.Assert.assertEquals(Assert.java:454)
	at imagej.ops.tests.BasicOpTest.testPixelwise(BasicOpTest.java:71)

Running imagej.ops.tests.onthefly.OneTheFlyTest
[INFO] Created service: org.scijava.log.StderrLogService
[INFO] Created service: org.scijava.thread.DefaultThreadService
[INFO] Created service: org.scijava.event.DefaultEventService
[INFO] Found 521 plugins.
[INFO] Created service: org.scijava.plugin.DefaultPluginService
[INFO] Created service: org.scijava.object.DefaultObjectService
[INFO] Created service: imagej.module.DefaultModuleService
[INFO] Created service: imagej.command.DefaultCommandService
[INFO] Created service: imagej.ops.DefaultOpService
[INFO] Created service: org.scijava.log.StderrLogService
[INFO] Created service: org.scijava.thread.DefaultThreadService
[INFO] Created service: org.scijava.event.DefaultEventService
[INFO] Found 521 plugins.
[INFO] Created service: org.scijava.plugin.DefaultPluginService
[INFO] Created service: org.scijava.object.DefaultObjectService
[INFO] Created service: imagej.module.DefaultModuleService
[INFO] Created service: imagej.command.DefaultCommandService
[INFO] Created service: imagej.ops.DefaultOpService
[INFO] Created service: org.scijava.log.StderrLogService
[INFO] Created service: org.scijava.thread.DefaultThreadService
[INFO] Created service: org.scijava.event.DefaultEventService
[INFO] Found 521 plugins.
[INFO] Created service: org.scijava.plugin.DefaultPluginService
[INFO] Created service: org.scijava.object.DefaultObjectService
[INFO] Created service: imagej.module.DefaultModuleService
[INFO] Created service: imagej.command.DefaultCommandService
[INFO] Created service: imagej.ops.DefaultOpService
[INFO] Created service: org.scijava.log.StderrLogService
[INFO] Created service: org.scijava.thread.DefaultThreadService
[INFO] Created service: org.scijava.event.DefaultEventService
[INFO] Found 521 plugins.
[INFO] Created service: org.scijava.plugin.DefaultPluginService
[INFO] Created service: org.scijava.object.DefaultObjectService
[INFO] Created service: imagej.module.DefaultModuleService
[INFO] Created service: imagej.command.DefaultCommandService
[INFO] Created service: imagej.ops.DefaultOpService
[INFO] Created service: org.scijava.log.StderrLogService
[INFO] Created service: org.scijava.thread.DefaultThreadService
[INFO] Created service: org.scijava.event.DefaultEventService
[INFO] Found 521 plugins.
[INFO] Created service: org.scijava.plugin.DefaultPluginService
[INFO] Created service: org.scijava.object.DefaultObjectService
[INFO] Created service: imagej.module.DefaultModuleService
[INFO] Created service: imagej.command.DefaultCommandService
[INFO] Created service: imagej.ops.DefaultOpService
Tests run: 5, Failures: 0, Errors: 0, Skipped: 0, Time elapsed: 0.672 sec - in imagej.ops.tests.onthefly.OneTheFlyTest
Running imagej.ops.tests.ConvolveTest
[INFO] Created service: org.scijava.log.StderrLogService
[INFO] Created service: org.scijava.thread.DefaultThreadService
[INFO] Created service: org.scijava.event.DefaultEventService
[INFO] Found 521 plugins.
[INFO] Created service: org.scijava.plugin.DefaultPluginService
[INFO] Created service: org.scijava.object.DefaultObjectService
[INFO] Created service: imagej.module.DefaultModuleService
[INFO] Created service: imagej.command.DefaultCommandService
[INFO] Created service: imagej.ops.DefaultOpService
Tests run: 1, Failures: 0, Errors: 0, Skipped: 0, Time elapsed: 0.053 sec - in imagej.ops.tests.ConvolveTest

Results :

Failed tests: 
  BasicOpTest.testPixelwise:71 expected:&lt;51&gt; but was:&lt;17&gt;

Tests run: 10, Failures: 1, Errors: 0, Skipped: 0

[INFO] ------------------------------------------------------------------------
[INFO] BUILD FAILURE
[INFO] ------------------------------------------------------------------------
[INFO] Total time: 6.874s
[INFO] Finished at: Sat Mar 08 14:22:29 CST 2014
[INFO] Final Memory: 22M/360M
[INFO] ------------------------------------------------------------------------
[ERROR] Failed to execute goal org.apache.maven.plugins:maven-surefire-plugin:2.16:test (default-test) on project ij-ops: There are test failures.
[ERROR] 
[ERROR] Please refer to /data/devel/jenkins/jobs/ImageJ-OPS/workspace/target/surefire-reports for the individual test results.
[ERROR] -&gt; [Help 1]
[ERROR] 
[ERROR] To see the full stack trace of the errors, re-run Maven with the -e switch.
[ERROR] Re-run Maven using the -X switch to enable full debug logging.
[ERROR] 
[ERROR] For more information about the errors and possible solutions, please read the following articles:
[ERROR] [Help 1] <A HREF="http://cwiki.apache.org/confluence/display/MAVEN/MojoFailureException">http://cwiki.apache.org/confluence/display/MAVEN/MojoFailureException</A>
Build step 'Invoke top-level Maven targets' marked build as failure
Archiving artifacts
Build step 'Groovy Postbuild' marked build as failure
Recording test results
Performance: Percentage of errors greater or equal than 0% sets the build as unstable
Performance: Percentage of errors greater or equal than 0% sets the build as failure



Performance: Recording JUnit reports '**/TEST-*.xml'
TEST-imagej.ops.tests.BasicOpTest.xml has an average of: 93
Performance: File TEST-imagej.ops.tests.BasicOpTest.xml reported 50.0% of errors [FAILURE]. Build status is: FAILURE



TEST-imagej.ops.tests.ConvertIITest.xml has an average of: 124
Performance: File TEST-imagej.ops.tests.ConvertIITest.xml reported 0.0% of errors [FAILURE]. Build status is: FAILURE



TEST-imagej.ops.tests.ConvolveTest.xml has an average of: 53
Performance: File TEST-imagej.ops.tests.ConvolveTest.xml reported 0.0% of errors [FAILURE]. Build status is: FAILURE



TEST-imagej.ops.tests.GaussTest.xml has an average of: 448
Performance: File TEST-imagej.ops.tests.GaussTest.xml reported 0.0% of errors [FAILURE]. Build status is: FAILURE



TEST-imagej.ops.tests.onthefly.OneTheFlyTest.xml has an average of: 134
Performance: File TEST-imagej.ops.tests.onthefly.OneTheFlyTest.xml reported 0.0% of errors [FAILURE]. Build status is: FAILURE




</PRE>


<!--endarticle-->
    <HR>
    <P><UL>
        <!--threads-->
	<LI>Previous message: <A HREF="003502.html">[ImageJ-builds] Build failed in Jenkins: ImageJ-OPS #6
</A></li>
	<LI>Next message: <A HREF="003504.html">[ImageJ-builds] Build failed in Jenkins: ImageJ-OPS #8
</A></li>
         <LI> <B>Messages sorted by:</B> 
              <a href="date.html#3503">[ date ]</a>
              <a href="thread.html#3503">[ thread ]</a>
              <a href="subject.html#3503">[ subject ]</a>
              <a href="author.html#3503">[ author ]</a>
         </LI>
       </UL>

<hr>
<a href="http://imagej.net/mailman/listinfo/imagej-builds">More information about the ImageJ-builds
mailing list</a><br>
</body></html>
