<!DOCTYPE HTML PUBLIC "-//W3C//DTD HTML 4.01 Transitional//EN">
<HTML>
 <HEAD>
   <TITLE> [ImageJ-builds] Build failed in Jenkins: ImgLib-daily #1015
   </TITLE>
   <LINK REL="Index" HREF="index.html" >
   <LINK REL="made" HREF="mailto:imagej-builds%40imagej.net?Subject=Re%3A%20%5BImageJ-builds%5D%20Build%20failed%20in%20Jenkins%3A%20ImgLib-daily%20%231015&In-Reply-To=%3C592668941.58.1385101140330.JavaMail.jenkins%40dev%3E">
   <META NAME="robots" CONTENT="index,nofollow">
   <style type="text/css">
       pre {
           white-space: pre-wrap;       /* css-2.1, curent FF, Opera, Safari */
           }
   </style>
   <META http-equiv="Content-Type" content="text/html; charset=us-ascii">
   <LINK REL="Previous"  HREF="002668.html">
   <LINK REL="Next"  HREF="002677.html">
 </HEAD>
 <BODY BGCOLOR="#ffffff">
   <H1>[ImageJ-builds] Build failed in Jenkins: ImgLib-daily #1015</H1>
    <B>jenkins at imagej.net</B> 
    <A HREF="mailto:imagej-builds%40imagej.net?Subject=Re%3A%20%5BImageJ-builds%5D%20Build%20failed%20in%20Jenkins%3A%20ImgLib-daily%20%231015&In-Reply-To=%3C592668941.58.1385101140330.JavaMail.jenkins%40dev%3E"
       TITLE="[ImageJ-builds] Build failed in Jenkins: ImgLib-daily #1015">jenkins at imagej.net
       </A><BR>
    <I>Fri Nov 22 00:19:00 CST 2013</I>
    <P><UL>
        <LI>Previous message: <A HREF="002668.html">[ImageJ-builds] mail-watcher-plugin: Computer Windows marked online
</A></li>
        <LI>Next message: <A HREF="002677.html">[ImageJ-builds] Jenkins build is back to normal : ImgLib-daily #1016
</A></li>
         <LI> <B>Messages sorted by:</B> 
              <a href="date.html#2670">[ date ]</a>
              <a href="thread.html#2670">[ thread ]</a>
              <a href="subject.html#2670">[ subject ]</a>
              <a href="author.html#2670">[ author ]</a>
         </LI>
       </UL>
    <HR>  
<!--beginarticle-->
<PRE>See &lt;<A HREF="http://jenkins.imagej.net/job/ImgLib-daily/1015/changes">http://jenkins.imagej.net/job/ImgLib-daily/1015/changes</A>&gt;

Changes:

[Martin Horn]  fixed bug: cca starts now with label 1

------------------------------------------
[...truncated 1702 lines...]
68/184K
72/184K
76/184K
80/184K
84/184K
88/184K
92/184K
96/184K
100/184K
104/184K
108/184K
112/184K
116/184K
120/184K
124/184K
128/184K
132/184K
136/184K
140/184K
144/184K
148/184K
152/184K
156/184K
160/184K
164/184K
168/184K
172/184K
176/184K
180/184K
184/184K
184/184K
184K uploaded  (imglib2-examples-2.0.0-20131122.061741-1440.jar)
[INFO] Retrieving previous metadata from imagej.snapshots
[INFO] Uploading repository metadata for: 'artifact net.imglib2:imglib2-examples'
Nov 22, 2013 12:18:37 AM org.apache.commons.httpclient.auth.AuthChallengeProcessor selectAuthScheme
INFO: basic authentication scheme selected
[INFO] Retrieving previous metadata from imagej.snapshots
[INFO] Uploading repository metadata for: 'snapshot net.imglib2:imglib2-examples:2.0.0-SNAPSHOT'
Nov 22, 2013 12:18:37 AM org.apache.commons.httpclient.auth.AuthChallengeProcessor selectAuthScheme
INFO: basic authentication scheme selected
[INFO] Uploading project information for imglib2-examples 2.0.0-20131122.061741-1440
Nov 22, 2013 12:18:37 AM org.apache.commons.httpclient.auth.AuthChallengeProcessor selectAuthScheme
INFO: basic authentication scheme selected
[INFO] Retrieving previous build number from imagej.snapshots
Uploading: <A HREF="http://maven.imagej.net/content/repositories/snapshots/net/imglib2/imglib2-examples/2.0.0-SNAPSHOT/imglib2-examples-2.0.0-20131122.061741-1440-sources.jar">http://maven.imagej.net/content/repositories/snapshots/net/imglib2/imglib2-examples/2.0.0-SNAPSHOT/imglib2-examples-2.0.0-20131122.061741-1440-sources.jar</A>
Nov 22, 2013 12:18:37 AM org.apache.commons.httpclient.auth.AuthChallengeProcessor selectAuthScheme
INFO: basic authentication scheme selected
4/193K
8/193K
12/193K
16/193K
20/193K
24/193K
28/193K
32/193K
36/193K
40/193K
44/193K
48/193K
52/193K
56/193K
60/193K
64/193K
68/193K
72/193K
76/193K
80/193K
84/193K
88/193K
92/193K
96/193K
100/193K
104/193K
108/193K
112/193K
116/193K
120/193K
124/193K
128/193K
132/193K
136/193K
140/193K
144/193K
148/193K
152/193K
156/193K
160/193K
164/193K
168/193K
172/193K
176/193K
180/193K
184/193K
188/193K
192/193K
193/193K
193K uploaded  (imglib2-examples-2.0.0-20131122.061741-1440-sources.jar)
[INFO] ------------------------------------------------------------------------
[INFO] Building ImgLib2 Operations
[INFO]    task-segment: [clean, deploy]
[INFO] ------------------------------------------------------------------------
[INFO] [clean:clean {execution: default-clean}]
[INFO] Deleting /data/devel/jenkins/jobs/ImgLib-daily/workspace/ops/target
[INFO] [imagej:set-rootdir {execution: set-rootdir}]
[INFO] [buildnumber:create {execution: default}]
[debug] execute contextualize
[INFO] [resources:resources {execution: default-resources}]
[INFO] Using 'UTF-8' encoding to copy filtered resources.
[INFO] skip non existing resourceDirectory /data/devel/jenkins/jobs/ImgLib-daily/workspace/ops/src/main/resources
[INFO] [compiler:compile {execution: default-compile}]
[INFO] Compiling 442 source files to /data/devel/jenkins/jobs/ImgLib-daily/workspace/ops/target/classes
[debug] execute contextualize
[INFO] [resources:testResources {execution: default-testResources}]
[INFO] Using 'UTF-8' encoding to copy filtered resources.
[INFO] skip non existing resourceDirectory /data/devel/jenkins/jobs/ImgLib-daily/workspace/ops/src/test/resources
[INFO] [compiler:testCompile {execution: default-testCompile}]
[INFO] Compiling 54 source files to /data/devel/jenkins/jobs/ImgLib-daily/workspace/ops/target/test-classes
[INFO] [surefire:test {execution: default-test}]
[INFO] Surefire report directory: /data/devel/jenkins/jobs/ImgLib-daily/workspace/ops/target/surefire-reports

-------------------------------------------------------
 T E S T S
-------------------------------------------------------
Picked up JAVA_TOOL_OPTIONS: -Dfile.encoding=UTF-8
Running net.imglib2.ops.pointset.PointSetIntersectionIteratorTest
Tests run: 1, Failures: 0, Errors: 0, Skipped: 0, Time elapsed: 0.039 sec
Running net.imglib2.ops.pointset.IterableIntervalPointSetTest
Tests run: 1, Failures: 0, Errors: 0, Skipped: 0, Time elapsed: 0.009 sec
Running net.imglib2.ops.pointset.GeneralPointSetTest
Tests run: 1, Failures: 0, Errors: 0, Skipped: 0, Time elapsed: 0.001 sec
Running net.imglib2.ops.pointset.OnePointSetIteratorTest
Tests run: 1, Failures: 0, Errors: 0, Skipped: 0, Time elapsed: 0.001 sec
Running net.imglib2.ops.pointset.RoiPointSetIteratorTest
Tests run: 1, Failures: 0, Errors: 0, Skipped: 0, Time elapsed: 0.004 sec
Running net.imglib2.ops.pointset.RoiPointSetTest
Tests run: 1, Failures: 0, Errors: 0, Skipped: 0, Time elapsed: 0.001 sec
Running net.imglib2.ops.pointset.IterableIntervalPointSetIteratorTest
Tests run: 1, Failures: 0, Errors: 0, Skipped: 0, Time elapsed: 0.003 sec
Running net.imglib2.ops.pointset.HyperVolumePointSetTest
Tests run: 1, Failures: 0, Errors: 0, Skipped: 0, Time elapsed: 0.001 sec
Running net.imglib2.ops.pointset.PointSetRegionOfInterestTest
Tests run: 1, Failures: 0, Errors: 0, Skipped: 0, Time elapsed: 0.003 sec
Running net.imglib2.ops.pointset.PointSetComplementIteratorTest
Tests run: 1, Failures: 0, Errors: 0, Skipped: 0, Time elapsed: 0.003 sec
Running net.imglib2.ops.pointset.PointSetDifferenceIteratorTest
Tests run: 1, Failures: 0, Errors: 0, Skipped: 0, Time elapsed: 0.001 sec
Running net.imglib2.ops.pointset.OnePointSetTest
Tests run: 1, Failures: 0, Errors: 0, Skipped: 0, Time elapsed: 0 sec
Running net.imglib2.ops.pointset.HyperVolumePointSetIteratorTest
Tests run: 1, Failures: 0, Errors: 0, Skipped: 0, Time elapsed: 0.001 sec
Running net.imglib2.ops.pointset.GeneralPointSetIteratorTest
Tests run: 1, Failures: 0, Errors: 0, Skipped: 0, Time elapsed: 0.001 sec
Running net.imglib2.ops.pointset.TextSpecifiedPointSetIteratorTest
Tests run: 1, Failures: 0, Errors: 0, Skipped: 0, Time elapsed: 0.021 sec
Running net.imglib2.ops.pointset.PointSetDifferenceTest
Tests run: 1, Failures: 0, Errors: 0, Skipped: 0, Time elapsed: 0.001 sec
Running net.imglib2.ops.pointset.PointSetUnionIteratorTest
Tests run: 1, Failures: 0, Errors: 0, Skipped: 0, Time elapsed: 0.002 sec
Running net.imglib2.ops.pointset.TextSpecifiedPointSetTest
Tests run: 1, Failures: 0, Errors: 0, Skipped: 0, Time elapsed: 0.002 sec
Running net.imglib2.ops.pointset.ConditionalPointSetIteratorTest
Tests run: 1, Failures: 0, Errors: 0, Skipped: 0, Time elapsed: 0.001 sec
Running net.imglib2.ops.pointset.PointSetUnionTest
Tests run: 1, Failures: 0, Errors: 0, Skipped: 0, Time elapsed: 0.001 sec
Running net.imglib2.ops.pointset.PointSetIntersectionTest
Tests run: 1, Failures: 0, Errors: 0, Skipped: 0, Time elapsed: 0.001 sec
Running net.imglib2.ops.pointset.ConditionalPointSetTest
Tests run: 1, Failures: 0, Errors: 0, Skipped: 0, Time elapsed: 0.002 sec
Running net.imglib2.ops.pointset.PointSetComplementTest
Tests run: 1, Failures: 0, Errors: 0, Skipped: 0, Time elapsed: 0.001 sec
Running net.imglib2.ops.example.Example11Test
Tests run: 1, Failures: 0, Errors: 0, Skipped: 0, Time elapsed: 0.005 sec
Running net.imglib2.ops.example.Example3Test
Tests run: 1, Failures: 0, Errors: 0, Skipped: 0, Time elapsed: 0.631 sec
Running net.imglib2.ops.example.Example2Test
Tests run: 1, Failures: 0, Errors: 0, Skipped: 0, Time elapsed: 0.031 sec
Running net.imglib2.ops.example.Example4Test
Tests run: 1, Failures: 0, Errors: 0, Skipped: 0, Time elapsed: 0.077 sec
Running net.imglib2.ops.example.Example1Test
Tests run: 1, Failures: 0, Errors: 0, Skipped: 0, Time elapsed: 0.028 sec
Running net.imglib2.ops.example.Example8Test
Tests run: 1, Failures: 0, Errors: 0, Skipped: 0, Time elapsed: 0.124 sec
Running net.imglib2.ops.example.Example5Test
Tests run: 1, Failures: 0, Errors: 0, Skipped: 0, Time elapsed: 0.021 sec
Running net.imglib2.ops.example.Example9Test
Tests run: 1, Failures: 0, Errors: 0, Skipped: 0, Time elapsed: 0.032 sec
Running net.imglib2.ops.example.Example12Test
Tests run: 1, Failures: 0, Errors: 0, Skipped: 0, Time elapsed: 0.001 sec
Running net.imglib2.ops.example.Example7Test
Tests run: 1, Failures: 0, Errors: 0, Skipped: 0, Time elapsed: 0.215 sec
Running net.imglib2.ops.example.Example10Test
Tests run: 1, Failures: 0, Errors: 0, Skipped: 0, Time elapsed: 3.435 sec
Running net.imglib2.ops.example.Example6Test
Tests run: 1, Failures: 0, Errors: 0, Skipped: 0, Time elapsed: 1.915 sec
Running net.imglib2.ops.operation.randomaccessibleinterval.unary.regiongrowing.CCATest
Tests run: 1, Failures: 1, Errors: 0, Skipped: 0, Time elapsed: 0.029 sec &lt;&lt;&lt; FAILURE!
Running net.imglib2.ops.operation.unary.complex.ComplexReciprocalTest
Tests run: 1, Failures: 0, Errors: 0, Skipped: 0, Time elapsed: 0.001 sec
Running net.imglib2.ops.operation.unary.complex.ComplexIntegerPowerTest
Tests run: 1, Failures: 0, Errors: 0, Skipped: 0, Time elapsed: 0.003 sec
Running net.imglib2.ops.operation.unary.complex.ComplexExpTest
Tests run: 1, Failures: 0, Errors: 0, Skipped: 0, Time elapsed: 0 sec
Running net.imglib2.ops.operation.unary.complex.ComplexLogTest
Tests run: 1, Failures: 0, Errors: 0, Skipped: 0, Time elapsed: 0 sec
Running net.imglib2.ops.operation.binary.bool.BinaryXorTest
Tests run: 1, Failures: 0, Errors: 0, Skipped: 0, Time elapsed: 0 sec
Running net.imglib2.ops.operation.binary.bool.BinaryAndNotTest
Tests run: 1, Failures: 0, Errors: 0, Skipped: 0, Time elapsed: 0 sec
Running net.imglib2.ops.operation.binary.complex.ComplexPowerTest
Tests run: 1, Failures: 0, Errors: 0, Skipped: 0, Time elapsed: 0 sec
Running net.imglib2.ops.operation.binary.complex.ComplexCopyRightTest
Tests run: 1, Failures: 0, Errors: 0, Skipped: 0, Time elapsed: 0.488 sec
Running net.imglib2.ops.operation.binary.complex.ComplexSubtractTest
Tests run: 1, Failures: 0, Errors: 0, Skipped: 0, Time elapsed: 0.576 sec
Running net.imglib2.ops.operation.binary.complex.ComplexMultiplyTest
Tests run: 1, Failures: 0, Errors: 0, Skipped: 0, Time elapsed: 0.003 sec
Running net.imglib2.ops.operation.binary.complex.ComplexDivideTest
Tests run: 1, Failures: 0, Errors: 0, Skipped: 0, Time elapsed: 0.006 sec
Running net.imglib2.ops.operation.binary.complex.ComplexCopyLeftTest
Tests run: 1, Failures: 0, Errors: 0, Skipped: 0, Time elapsed: 0.558 sec
Running net.imglib2.ops.operation.binary.complex.ComplexAvgTest
Tests run: 1, Failures: 0, Errors: 0, Skipped: 0, Time elapsed: 0.619 sec
Running net.imglib2.ops.operation.binary.complex.ComplexAddTest
Tests run: 1, Failures: 0, Errors: 0, Skipped: 0, Time elapsed: 0.615 sec
Running net.imglib2.ops.operation.binary.complex.ComplexDifferenceTest
Tests run: 1, Failures: 0, Errors: 0, Skipped: 0, Time elapsed: 0.609 sec

Results :

Failed tests:   testNumberOfCCs(net.imglib2.ops.operation.randomaccessibleinterval.unary.regiongrowing.CCATest): expected:&lt;5&gt; but was:&lt;4&gt;

Tests run: 51, Failures: 1, Errors: 0, Skipped: 0

[INFO] ------------------------------------------------------------------------
[ERROR] BUILD FAILURE
[INFO] ------------------------------------------------------------------------
[INFO] There are test failures.

Please refer to /data/devel/jenkins/jobs/ImgLib-daily/workspace/ops/target/surefire-reports for the individual test results.
[INFO] ------------------------------------------------------------------------
[INFO] For more information, run Maven with the -e switch
[INFO] ------------------------------------------------------------------------
[INFO] Total time: 1 minute 14 seconds
[INFO] Finished at: Fri Nov 22 00:18:49 CST 2013
[INFO] Final Memory: 71M/938M
[INFO] ------------------------------------------------------------------------
Build step 'Invoke top-level Maven targets' marked build as failure
Archiving artifacts
Publishing Javadoc

</PRE>














<!--endarticle-->
    <HR>
    <P><UL>
        <!--threads-->
	<LI>Previous message: <A HREF="002668.html">[ImageJ-builds] mail-watcher-plugin: Computer Windows marked online
</A></li>
	<LI>Next message: <A HREF="002677.html">[ImageJ-builds] Jenkins build is back to normal : ImgLib-daily #1016
</A></li>
         <LI> <B>Messages sorted by:</B> 
              <a href="date.html#2670">[ date ]</a>
              <a href="thread.html#2670">[ thread ]</a>
              <a href="subject.html#2670">[ subject ]</a>
              <a href="author.html#2670">[ author ]</a>
         </LI>
       </UL>

<hr>
<a href="http://imagej.net/mailman/listinfo/imagej-builds">More information about the ImageJ-builds
mailing list</a><br>
</body></html>
