<!DOCTYPE HTML PUBLIC "-//W3C//DTD HTML 4.01 Transitional//EN">
<HTML>
 <HEAD>
   <TITLE> [ImageJ-builds] Build failed in Jenkins: SciJava-common-windows #742
   </TITLE>
   <LINK REL="Index" HREF="index.html" >
   <LINK REL="made" HREF="mailto:imagej-builds%40imagej.net?Subject=Re%3A%20%5BImageJ-builds%5D%20Build%20failed%20in%20Jenkins%3A%20SciJava-common-windows%20%23742&In-Reply-To=%3C1030771811.345.1431626791352.JavaMail.jenkins%40dev%3E">
   <META NAME="robots" CONTENT="index,nofollow">
   <style type="text/css">
       pre {
           white-space: pre-wrap;       /* css-2.1, curent FF, Opera, Safari */
           }
   </style>
   <META http-equiv="Content-Type" content="text/html; charset=us-ascii">
   <LINK REL="Previous"  HREF="010695.html">
   <LINK REL="Next"  HREF="010697.html">
 </HEAD>
 <BODY BGCOLOR="#ffffff">
   <H1>[ImageJ-builds] Build failed in Jenkins: SciJava-common-windows #742</H1>
    <B>jenkins at imagej.net</B> 
    <A HREF="mailto:imagej-builds%40imagej.net?Subject=Re%3A%20%5BImageJ-builds%5D%20Build%20failed%20in%20Jenkins%3A%20SciJava-common-windows%20%23742&In-Reply-To=%3C1030771811.345.1431626791352.JavaMail.jenkins%40dev%3E"
       TITLE="[ImageJ-builds] Build failed in Jenkins: SciJava-common-windows #742">jenkins at imagej.net
       </A><BR>
    <I>Thu May 14 13:06:31 CDT 2015</I>
    <P><UL>
        <LI>Previous message: <A HREF="010695.html">[ImageJ-builds] mail-watcher-plugin: Computer Windows marked online
</A></li>
        <LI>Next message: <A HREF="010697.html">[ImageJ-builds] Jenkins build is back to normal :	SciJava-common-windows #743
</A></li>
         <LI> <B>Messages sorted by:</B> 
              <a href="date.html#10696">[ date ]</a>
              <a href="thread.html#10696">[ thread ]</a>
              <a href="subject.html#10696">[ subject ]</a>
              <a href="author.html#10696">[ author ]</a>
         </LI>
       </UL>
    <HR>  
<!--beginarticle-->
<PRE>See &lt;<A HREF="http://jenkins.imagej.net/job/SciJava-common-windows/742/changes">http://jenkins.imagej.net/job/SciJava-common-windows/742/changes</A>&gt;

Changes:

[Curtis Rueden] FileUtils: give a hint how to delete temp dirs

[Curtis Rueden] Clarify typical behavior of Typed#supports method

[Curtis Rueden] PTService: add utility method to create a plugin

[Curtis Rueden] Do not create new singleton plugin instances

[Curtis Rueden] ConsolePane: fix license header

[Curtis Rueden] DefaultRecentFileService: tweak javadoc

[Curtis Rueden] RecentFileService: split out persistence methods

[Curtis Rueden] AbstractWrapperService: tweak method name

[Curtis Rueden] AbstractWrapperService: fix serious wrapping bug

[Curtis Rueden] Make WrapperService#create not throw exceptions

[Curtis Rueden] Add an interface to encapsulate data locations

[Curtis Rueden] Add a location type backed by a URI

[Curtis Rueden] Add a location type backed by a file on disk

[Curtis Rueden] Add a location type backed by a byte array

[Curtis Rueden] Add a location type backed by a remote URL

[Curtis Rueden] Add unit tests for Location implementations

[Curtis Rueden] Migrate SCIFIO I/O framework to SciJava Common

[Curtis Rueden] IOService: clarify javadoc

[Curtis Rueden] Migrate DataTools methods from SCIFIO/Bio-Formats

[Curtis Rueden] Add unit tests for ArrayUtils safeMultiply methods

[Curtis Rueden] Add DataHandle implementation for FileLocations

[Curtis Rueden] Add initial DataHandle unit tests

[Curtis Rueden] Add unit tests for FileHandle

------------------------------------------
Started by upstream project &quot;SciJava-common&quot; build number 880
originally caused by:
 Started by an SCM change
Building remotely on Windows (windows) in workspace &lt;<A HREF="http://jenkins.imagej.net/job/SciJava-common-windows/ws/">http://jenkins.imagej.net/job/SciJava-common-windows/ws/</A>&gt;
 &gt; git rev-parse --is-inside-work-tree # timeout=10
Fetching changes from the remote Git repository
 &gt; git config remote.origin.url <A HREF="git://github.com/scijava/scijava-common">git://github.com/scijava/scijava-common</A> # timeout=10
Fetching upstream changes from <A HREF="git://github.com/scijava/scijava-common">git://github.com/scijava/scijava-common</A>
 &gt; git --version # timeout=10
 &gt; git -c core.askpass=true fetch --tags --progress <A HREF="git://github.com/scijava/scijava-common">git://github.com/scijava/scijava-common</A> +refs/heads/master:refs/remotes/origin/master
 &gt; git rev-parse &quot;origin/master^{commit}&quot; # timeout=10
Checking out Revision ae75cfa808e73465d3df66912861faa86d3cabc9 (origin/master)
 &gt; git config core.sparsecheckout # timeout=10
 &gt; git checkout -f ae75cfa808e73465d3df66912861faa86d3cabc9
 &gt; git rev-list fa24b151603c5e799fc764fde433051fae613c65 # timeout=10
 &gt; git tag -a -f -m Jenkins Build #742 jenkins-SciJava-common-windows-742 # timeout=10
[SciJava-common-windows] $ sh -xe C:\Users\VIRTUA~1\AppData\Local\Temp\hudson4299378341978543766.sh
+ git clean -dfx
Removing target/
+ PATH='/usr/src/fiji/java/win64/jdk1.6.0_24/bin:/usr/src/fiji/bin/apache-maven-3.0.4/bin:/usr/src/mingw-w64/sysroot/bin:/usr/bin:/usr/mingw/bin:/c/Windows/system32:/c/Windows:/c/Windows/System32/Wbem:/c/Windows/System32/WindowsPowerShell/v1.0/:/c/Program Files (x86)/CMake 2.8/bin:/c/Program Files/Microsoft Windows Performance Toolkit/:/c/Program Files/Java/jdk1.6.0_31/bin'
+ /src/fiji/bin/maven.sh -U clean test
[INFO] Scanning for projects...
[INFO]                                                                         
[INFO] ------------------------------------------------------------------------
[INFO] Building SciJava Common 2.41.1-SNAPSHOT
[INFO] ------------------------------------------------------------------------
[INFO] 
[INFO] --- maven-clean-plugin:2.5:clean (default-clean) @ scijava-common ---
[INFO] 
[INFO] --- maven-enforcer-plugin:1.3.1:enforce (enforce-rules) @ scijava-common ---
[INFO] Adding ignorable dependency: null:jcodings:null
[INFO]   Adding ignore: org/jcodings/*
[INFO] Adding ignorable dependency: null:jnr-constants:null
[INFO]   Adding ignore: com/kenai/constantine/*
[INFO]   Adding ignore: jnr/constants/*
[INFO] Adding ignorable dependency: null:jnr-ffi:null
[INFO]   Adding ignore: jnr/ffi/*
[INFO] Adding ignorable dependency: null:VIB-lib:null
[INFO]   Adding ignore: javax/media/j3d/
[INFO] Adding ignorable dependency: null:j3d-core:null
[INFO]   Adding ignore: javax/media/j3d/
[INFO] Adding ignorable dependency: null:joda-time:null
[INFO]   Adding ignore: *
[INFO] Adding ignorable dependency: null:slf4j-log4j12:null
[INFO]   Adding ignore: org/slf4j/impl/*
[INFO] Adding ignorable dependency: batik:batik:null
[INFO]   Adding ignore: *
[INFO] Adding ignorable dependency: jama:jama:null
[INFO]   Adding ignore: Jama/*
[INFO] Adding ignorable dependency: com.sun:tools:null
[INFO]   Adding ignore: *
[INFO] 
[INFO] --- buildnumber-maven-plugin:1.3:create (default) @ scijava-common ---
[INFO] Executing: cmd.exe /X /C &quot;git rev-parse --verify HEAD&quot;
[INFO] Working directory: &lt;<A HREF="http://jenkins.imagej.net/job/SciJava-common-windows/ws/">http://jenkins.imagej.net/job/SciJava-common-windows/ws/</A>&gt;
[INFO] Storing buildNumber: ae75cfa808e73465d3df66912861faa86d3cabc9 at timestamp: 1431626700916
[WARNING] Cannot get the branch information from the git repository: 
Detecting the current branch failed: fatal: ref HEAD is not a symbolic ref

[INFO] Executing: cmd.exe /X /C &quot;git rev-parse --verify HEAD&quot;
[INFO] Working directory: &lt;<A HREF="http://jenkins.imagej.net/job/SciJava-common-windows/ws/">http://jenkins.imagej.net/job/SciJava-common-windows/ws/</A>&gt;
[INFO] Storing buildScmBranch: UNKNOWN
[INFO] 
[INFO] --- maven-resources-plugin:2.6:resources (default-resources) @ scijava-common ---
[INFO] Using 'UTF-8' encoding to copy filtered resources.
[INFO] Copying 3 resources
[INFO] 
[INFO] --- maven-compiler-plugin:3.1:compile (default-compile) @ scijava-common ---
[INFO] Changes detected - recompiling the module!
[INFO] Compiling 477 source files to &lt;<A HREF="http://jenkins.imagej.net/job/SciJava-common-windows/ws/target\classes">http://jenkins.imagej.net/job/SciJava-common-windows/ws/target\classes</A>&gt;
[WARNING] Note: Some input files use or override a deprecated API.
[WARNING] Note: Recompile with -Xlint:deprecation for details.
[WARNING] Note: &lt;<A HREF="http://jenkins.imagej.net/job/SciJava-common-windows/ws/src\main\java\org\scijava\event\DefaultEventBus.java">http://jenkins.imagej.net/job/SciJava-common-windows/ws/src\main\java\org\scijava\event\DefaultEventBus.java</A>&gt; uses unchecked or unsafe operations.
[WARNING] Note: Recompile with -Xlint:unchecked for details.
[INFO] 
[INFO] --- exec-maven-plugin:1.3.1:java (default) @ scijava-common ---
[WARNING] Warning: killAfter is now deprecated. Do you need it ? Please comment on MEXEC-6.
[ECLIPSE HELPER] Indexing annotations...
[INFO] 
[INFO] --- maven-resources-plugin:2.6:testResources (default-testResources) @ scijava-common ---
[INFO] Using 'UTF-8' encoding to copy filtered resources.
[INFO] Copying 2 resources
[INFO] 
[INFO] --- maven-compiler-plugin:3.1:testCompile (default-testCompile) @ scijava-common ---
[INFO] Changes detected - recompiling the module!
[INFO] Compiling 64 source files to &lt;<A HREF="http://jenkins.imagej.net/job/SciJava-common-windows/ws/target\test-classes">http://jenkins.imagej.net/job/SciJava-common-windows/ws/target\test-classes</A>&gt;
[WARNING] Note: Some input files use or override a deprecated API.
[WARNING] Note: Recompile with -Xlint:deprecation for details.
[INFO] 
[INFO] --- maven-surefire-plugin:2.17:test (default-test) @ scijava-common ---
[INFO] Surefire report directory: &lt;<A HREF="http://jenkins.imagej.net/job/SciJava-common-windows/ws/target\surefire-reports">http://jenkins.imagej.net/job/SciJava-common-windows/ws/target\surefire-reports</A>&gt;

-------------------------------------------------------
 T E S T S
-------------------------------------------------------
Running org.scijava.annotations.DirectoryIndexerTest
[ECLIPSE HELPER] Indexing annotations...
Tests run: 2, Failures: 0, Errors: 0, Skipped: 1, Time elapsed: 0.375 sec - in org.scijava.annotations.DirectoryIndexerTest
Running org.scijava.annotations.EclipseHelperTest
[ECLIPSE HELPER] Indexing annotations...
[ECLIPSE HELPER] Indexing annotations...
Tests run: 2, Failures: 0, Errors: 0, Skipped: 0, Time elapsed: 0.046 sec - in org.scijava.annotations.EclipseHelperTest
Running org.scijava.annotations.LegacyTest
Tests run: 1, Failures: 0, Errors: 0, Skipped: 0, Time elapsed: 0.047 sec - in org.scijava.annotations.LegacyTest
Running org.scijava.app.DefaultStatusServiceTest
Tests run: 6, Failures: 0, Errors: 0, Skipped: 0, Time elapsed: 3.375 sec - in org.scijava.app.DefaultStatusServiceTest
Running org.scijava.command.CommandServiceTest
Tests run: 1, Failures: 0, Errors: 0, Skipped: 0, Time elapsed: 0.094 sec - in org.scijava.command.CommandServiceTest
Running org.scijava.command.InvalidCommandTest
Tests run: 2, Failures: 0, Errors: 0, Skipped: 0, Time elapsed: 0.031 sec - in org.scijava.command.InvalidCommandTest
Running org.scijava.console.ConsoleServiceTest
hocus-pocus-abra-cadabra-cadavers-and-zombies-shazam-cleopatraTests run: 3, Failures: 0, Errors: 0, Skipped: 0, Time elapsed: 0.375 sec - in org.scijava.console.ConsoleServiceTest
Running org.scijava.ContextCreationTest
[WARNING] Invalid service: org.scijava.ContextCreationTest$OptionalMissingService
[ERROR] No compatible service: org.scijava.ContextCreationTest$MissingService
[ERROR] No compatible service: org.scijava.ContextCreationTest$MissingService
[ERROR] No compatible service: org.scijava.ContextCreationTest$OptionalMissingService
[WARNING] Invalid service: org.scijava.ContextCreationTest$MissingService
Tests run: 14, Failures: 0, Errors: 0, Skipped: 0, Time elapsed: 0.329 sec - in org.scijava.ContextCreationTest
Running org.scijava.ContextInjectionTest
Tests run: 7, Failures: 0, Errors: 0, Skipped: 0, Time elapsed: 0.719 sec - in org.scijava.ContextInjectionTest
Running org.scijava.convert.ConverterTest
Tests run: 1, Failures: 0, Errors: 0, Skipped: 0, Time elapsed: 0.015 sec - in org.scijava.convert.ConverterTest
Running org.scijava.convert.ConvertServiceTest
Tests run: 14, Failures: 0, Errors: 0, Skipped: 0, Time elapsed: 0.203 sec - in org.scijava.convert.ConvertServiceTest
Running org.scijava.display.DisplayTest
Tests run: 3, Failures: 0, Errors: 0, Skipped: 0, Time elapsed: 0.047 sec - in org.scijava.display.DisplayTest
Running org.scijava.event.EventServiceTest
Tests run: 2, Failures: 0, Errors: 0, Skipped: 0, Time elapsed: 0.391 sec - in org.scijava.event.EventServiceTest
Running org.scijava.io.BytesLocationTest
Tests run: 2, Failures: 0, Errors: 0, Skipped: 0, Time elapsed: 0 sec - in org.scijava.io.BytesLocationTest
Running org.scijava.io.FileHandleTest
Tests run: 1, Failures: 0, Errors: 0, Skipped: 0, Time elapsed: 0.235 sec - in org.scijava.io.FileHandleTest
Running org.scijava.io.FileLocationTest
Tests run: 1, Failures: 1, Errors: 0, Skipped: 0, Time elapsed: 0.032 sec &lt;&lt;&lt; FAILURE! - in org.scijava.io.FileLocationTest
testFile(org.scijava.io.FileLocationTest)  Time elapsed: 0.032 sec  &lt;&lt;&lt; FAILURE!
org.junit.ComparisonFailure: expected:&lt;[/not/actually/a/]real-file&gt; but was:&lt;[\not\actually\a\]real-file&gt;
	at org.junit.Assert.assertEquals(Assert.java:115)
	at org.junit.Assert.assertEquals(Assert.java:144)
	at org.scijava.io.FileLocationTest.testFile(FileLocationTest.java:50)

Running org.scijava.io.URILocationTest
Tests run: 1, Failures: 0, Errors: 0, Skipped: 0, Time elapsed: 0.094 sec - in org.scijava.io.URILocationTest
Running org.scijava.io.URLLocationTest
Tests run: 1, Failures: 0, Errors: 0, Skipped: 0, Time elapsed: 0 sec - in org.scijava.io.URLLocationTest
Running org.scijava.log.LogServiceTest
Tests run: 1, Failures: 0, Errors: 0, Skipped: 0, Time elapsed: 0 sec - in org.scijava.log.LogServiceTest
Running org.scijava.menu.MenuServiceTest
Tests run: 1, Failures: 0, Errors: 0, Skipped: 0, Time elapsed: 0.031 sec - in org.scijava.menu.MenuServiceTest
Running org.scijava.menu.ShadowMenuTest
Tests run: 5, Failures: 0, Errors: 0, Skipped: 0, Time elapsed: 0.016 sec - in org.scijava.menu.ShadowMenuTest
Running org.scijava.module.ModuleServiceTest
Tests run: 1, Failures: 0, Errors: 0, Skipped: 0, Time elapsed: 0.047 sec - in org.scijava.module.ModuleServiceTest
Running org.scijava.object.ObjectIndexTest
Tests run: 11, Failures: 0, Errors: 0, Skipped: 0, Time elapsed: 0.062 sec - in org.scijava.object.ObjectIndexTest
Running org.scijava.object.SortedObjectIndexTest
Tests run: 2, Failures: 0, Errors: 0, Skipped: 0, Time elapsed: 0 sec - in org.scijava.object.SortedObjectIndexTest
Running org.scijava.options.OptionsTest
Tests run: 2, Failures: 0, Errors: 0, Skipped: 0, Time elapsed: 0.156 sec - in org.scijava.options.OptionsTest
Running org.scijava.plugin.PluginIndexTest
Tests run: 2, Failures: 0, Errors: 0, Skipped: 0, Time elapsed: 0.016 sec - in org.scijava.plugin.PluginIndexTest
Running org.scijava.prefs.PrefServiceTest
Tests run: 8, Failures: 0, Errors: 0, Skipped: 0, Time elapsed: 0.406 sec - in org.scijava.prefs.PrefServiceTest
Running org.scijava.script.ScriptEngineTest
Tests run: 2, Failures: 0, Errors: 0, Skipped: 0, Time elapsed: 0.094 sec - in org.scijava.script.ScriptEngineTest
Running org.scijava.script.ScriptFinderTest
Tests run: 3, Failures: 0, Errors: 0, Skipped: 0, Time elapsed: 0.063 sec - in org.scijava.script.ScriptFinderTest
Running org.scijava.script.ScriptInfoTest
[WARNING] Ignoring unsupported output: result [java.lang.Integer]
Tests run: 2, Failures: 0, Errors: 0, Skipped: 0, Time elapsed: 0.031 sec - in org.scijava.script.ScriptInfoTest
Running org.scijava.script.ScriptServiceTest
Tests run: 1, Failures: 0, Errors: 0, Skipped: 0, Time elapsed: 0.016 sec - in org.scijava.script.ScriptServiceTest
Running org.scijava.service.ServiceIndexTest
Tests run: 3, Failures: 0, Errors: 0, Skipped: 0, Time elapsed: 0.063 sec - in org.scijava.service.ServiceIndexTest
Running org.scijava.test.TestUtilsTest
Tests run: 3, Failures: 0, Errors: 0, Skipped: 0, Time elapsed: 0 sec - in org.scijava.test.TestUtilsTest
Running org.scijava.thread.ThreadServiceTest
Tests run: 7, Failures: 0, Errors: 0, Skipped: 0, Time elapsed: 0.078 sec - in org.scijava.thread.ThreadServiceTest
Running org.scijava.util.AppUtilsTest
Tests run: 1, Failures: 0, Errors: 0, Skipped: 0, Time elapsed: 0 sec - in org.scijava.util.AppUtilsTest
Running org.scijava.util.ArrayUtilsTest
Tests run: 2, Failures: 0, Errors: 0, Skipped: 0, Time elapsed: 0 sec - in org.scijava.util.ArrayUtilsTest
Running org.scijava.util.BoolArrayTest
Tests run: 22, Failures: 0, Errors: 0, Skipped: 0, Time elapsed: 0 sec - in org.scijava.util.BoolArrayTest
Running org.scijava.util.ByteArrayTest
Tests run: 22, Failures: 0, Errors: 0, Skipped: 0, Time elapsed: 0.032 sec - in org.scijava.util.ByteArrayTest
Running org.scijava.util.CharArrayTest
Tests run: 22, Failures: 0, Errors: 0, Skipped: 0, Time elapsed: 0 sec - in org.scijava.util.CharArrayTest
Running org.scijava.util.ClassUtilsTest
Tests run: 4, Failures: 0, Errors: 0, Skipped: 0, Time elapsed: 0 sec - in org.scijava.util.ClassUtilsTest
Running org.scijava.util.ColorRGBTest
Tests run: 12, Failures: 0, Errors: 0, Skipped: 0, Time elapsed: 0 sec - in org.scijava.util.ColorRGBTest
Running org.scijava.util.ConversionUtilsTest
Tests run: 17, Failures: 0, Errors: 0, Skipped: 0, Time elapsed: 0 sec - in org.scijava.util.ConversionUtilsTest
Running org.scijava.util.DigestUtilsTest
Tests run: 15, Failures: 0, Errors: 0, Skipped: 0, Time elapsed: 0.109 sec - in org.scijava.util.DigestUtilsTest
Running org.scijava.util.DoubleArrayTest
Tests run: 22, Failures: 0, Errors: 0, Skipped: 0, Time elapsed: 0 sec - in org.scijava.util.DoubleArrayTest
Running org.scijava.util.FileUtilsTest
Tests run: 8, Failures: 0, Errors: 0, Skipped: 0, Time elapsed: 0.016 sec - in org.scijava.util.FileUtilsTest
Running org.scijava.util.FloatArrayTest
Tests run: 22, Failures: 0, Errors: 0, Skipped: 0, Time elapsed: 0.016 sec - in org.scijava.util.FloatArrayTest
Running org.scijava.util.GenericUtilsTest
Tests run: 4, Failures: 0, Errors: 0, Skipped: 0, Time elapsed: 0.015 sec - in org.scijava.util.GenericUtilsTest
Running org.scijava.util.IntArrayTest
Tests run: 22, Failures: 0, Errors: 0, Skipped: 0, Time elapsed: 0.016 sec - in org.scijava.util.IntArrayTest
Running org.scijava.util.LastRecentlyUsedTest
Tests run: 2, Failures: 0, Errors: 0, Skipped: 0, Time elapsed: 0 sec - in org.scijava.util.LastRecentlyUsedTest
Running org.scijava.util.LongArrayTest
Tests run: 22, Failures: 0, Errors: 0, Skipped: 0, Time elapsed: 0.062 sec - in org.scijava.util.LongArrayTest
Running org.scijava.util.ObjectArrayTest
Tests run: 22, Failures: 0, Errors: 0, Skipped: 0, Time elapsed: 0.016 sec - in org.scijava.util.ObjectArrayTest
Running org.scijava.util.POMTest
Tests run: 1, Failures: 0, Errors: 0, Skipped: 0, Time elapsed: 0.015 sec - in org.scijava.util.POMTest
Running org.scijava.util.ProcessUtilsTest
Tests run: 2, Failures: 0, Errors: 0, Skipped: 2, Time elapsed: 0 sec - in org.scijava.util.ProcessUtilsTest
Running org.scijava.util.ShortArrayTest
Tests run: 22, Failures: 0, Errors: 0, Skipped: 0, Time elapsed: 0.016 sec - in org.scijava.util.ShortArrayTest
Running org.scijava.util.UnitUtilsTest
Tests run: 1, Failures: 0, Errors: 0, Skipped: 0, Time elapsed: 0 sec - in org.scijava.util.UnitUtilsTest

Results :

Failed tests: 
  FileLocationTest.testFile:50 expected:&lt;[/not/actually/a/]real-file&gt; but was:&lt;[\not\actually\a\]real-file&gt;

Tests run: 385, Failures: 1, Errors: 0, Skipped: 3

[INFO] ------------------------------------------------------------------------
[INFO] BUILD FAILURE
[INFO] ------------------------------------------------------------------------
[INFO] Total time: 39.032s
[INFO] Finished at: Thu May 14 13:05:34 CDT 2015
[INFO] Final Memory: 17M/88M
[INFO] ------------------------------------------------------------------------
[ERROR] Failed to execute goal org.apache.maven.plugins:maven-surefire-plugin:2.17:test (default-test) on project scijava-common: There are test failures.
[ERROR] 
[ERROR] Please refer to &lt;<A HREF="http://jenkins.imagej.net/job/SciJava-common-windows/ws/target\surefire-reports">http://jenkins.imagej.net/job/SciJava-common-windows/ws/target\surefire-reports</A>&gt; for the individual test results.
[ERROR] -&gt; [Help 1]
[ERROR] 
[ERROR] To see the full stack trace of the errors, re-run Maven with the -e switch.
[ERROR] Re-run Maven using the -X switch to enable full debug logging.
[ERROR] 
[ERROR] For more information about the errors and possible solutions, please read the following articles:
[ERROR] [Help 1] <A HREF="http://cwiki.apache.org/confluence/display/MAVEN/MojoFailureException">http://cwiki.apache.org/confluence/display/MAVEN/MojoFailureException</A>
Build step 'Execute shell' marked build as failure
Archiving artifacts
Recording test results

</PRE>


<!--endarticle-->
    <HR>
    <P><UL>
        <!--threads-->
	<LI>Previous message: <A HREF="010695.html">[ImageJ-builds] mail-watcher-plugin: Computer Windows marked online
</A></li>
	<LI>Next message: <A HREF="010697.html">[ImageJ-builds] Jenkins build is back to normal :	SciJava-common-windows #743
</A></li>
         <LI> <B>Messages sorted by:</B> 
              <a href="date.html#10696">[ date ]</a>
              <a href="thread.html#10696">[ thread ]</a>
              <a href="subject.html#10696">[ subject ]</a>
              <a href="author.html#10696">[ author ]</a>
         </LI>
       </UL>

<hr>
<a href="http://imagej.net/mailman/listinfo/imagej-builds">More information about the ImageJ-builds
mailing list</a><br>
</body></html>
