<!DOCTYPE HTML PUBLIC "-//W3C//DTD HTML 4.01 Transitional//EN">
<HTML>
 <HEAD>
   <TITLE> [ImageJ-builds] Build failed in Jenkins: scripting-Jython #52
   </TITLE>
   <LINK REL="Index" HREF="index.html" >
   <LINK REL="made" HREF="mailto:imagej-builds%40imagej.net?Subject=Re%3A%20%5BImageJ-builds%5D%20Build%20failed%20in%20Jenkins%3A%20scripting-Jython%20%2352&In-Reply-To=%3C1929679530.177.1472832917234.JavaMail.jenkins%40dev%3E">
   <META NAME="robots" CONTENT="index,nofollow">
   <style type="text/css">
       pre {
           white-space: pre-wrap;       /* css-2.1, curent FF, Opera, Safari */
           }
   </style>
   <META http-equiv="Content-Type" content="text/html; charset=utf-8">
   <LINK REL="Previous"  HREF="012363.html">
   <LINK REL="Next"  HREF="012365.html">
 </HEAD>
 <BODY BGCOLOR="#ffffff">
   <H1>[ImageJ-builds] Build failed in Jenkins: scripting-Jython #52</H1>
    <B>jenkins at imagej.net</B> 
    <A HREF="mailto:imagej-builds%40imagej.net?Subject=Re%3A%20%5BImageJ-builds%5D%20Build%20failed%20in%20Jenkins%3A%20scripting-Jython%20%2352&In-Reply-To=%3C1929679530.177.1472832917234.JavaMail.jenkins%40dev%3E"
       TITLE="[ImageJ-builds] Build failed in Jenkins: scripting-Jython #52">jenkins at imagej.net
       </A><BR>
    <I>Fri Sep  2 11:15:17 CDT 2016</I>
    <P><UL>
        <LI>Previous message (by thread): <A HREF="012363.html">[ImageJ-builds] Build failed in Jenkins: scripting-Jython #51
</A></li>
        <LI>Next message (by thread): <A HREF="012365.html">[ImageJ-builds] Jenkins build is back to normal : scripting-Jython	#53
</A></li>
         <LI> <B>Messages sorted by:</B> 
              <a href="date.html#12364">[ date ]</a>
              <a href="thread.html#12364">[ thread ]</a>
              <a href="subject.html#12364">[ subject ]</a>
              <a href="author.html#12364">[ author ]</a>
         </LI>
       </UL>
    <HR>  
<!--beginarticle-->
<PRE>See &lt;<A HREF="http://jenkins.imagej.net/job/scripting-Jython/52/">http://jenkins.imagej.net/job/scripting-Jython/52/</A>&gt;

------------------------------------------
Started by user Curtis Rueden
Building remotely on maven in workspace &lt;<A HREF="http://jenkins.imagej.net/job/scripting-Jython/ws/">http://jenkins.imagej.net/job/scripting-Jython/ws/</A>&gt;
 &gt; git rev-parse --is-inside-work-tree # timeout=10
Fetching changes from the remote Git repository
 &gt; git config remote.origin.url <A HREF="git://github.com/scijava/scripting-jython">git://github.com/scijava/scripting-jython</A> # timeout=10
Fetching upstream changes from <A HREF="git://github.com/scijava/scripting-jython">git://github.com/scijava/scripting-jython</A>
 &gt; git --version # timeout=10
 &gt; git -c core.askpass=true fetch --tags --progress <A HREF="git://github.com/scijava/scripting-jython">git://github.com/scijava/scripting-jython</A> +refs/heads/master:refs/remotes/origin/master
 &gt; git rev-parse origin/master^{commit} # timeout=10
Checking out Revision a2a5716a487bd2e09c21c6df26b1c00b82c4423d (origin/master)
 &gt; git config core.sparsecheckout # timeout=10
 &gt; git checkout -f a2a5716a487bd2e09c21c6df26b1c00b82c4423d
 &gt; git rev-list a2a5716a487bd2e09c21c6df26b1c00b82c4423d # timeout=10
[scripting-Jython] $ /bin/sh -xe /tmp/hudson5577078373007706802.sh
+ git clean -dfx
Removing target/
[scripting-Jython] $ mvn -U -Pdeploy-to-imagej deploy javadoc:javadoc
OpenJDK 64-Bit Server VM warning: ignoring option MaxPermSize=256m; support was removed in 8.0
[INFO] Scanning for projects...
[INFO]                                                                         
[INFO] ------------------------------------------------------------------------
[INFO] Building SciJava Scripting: Jython 0.3.1-SNAPSHOT
[INFO] ------------------------------------------------------------------------
[INFO] 
[INFO] --- maven-enforcer-plugin:1.4.1:enforce (enforce-rules) @ scripting-jython ---
[INFO] 
[INFO] --- build-helper-maven-plugin:1.12:regex-property (sanitize-version) @ scripting-jython ---
[INFO] 
[INFO] --- buildnumber-maven-plugin:1.4:create (default) @ scripting-jython ---
[INFO] Executing: /bin/sh -c cd '/data/devel/jenkins-maven/workspace/scripting-Jython' &amp;&amp; 'git' 'rev-parse' '--verify' 'HEAD'
[INFO] Working directory: /data/devel/jenkins-maven/workspace/scripting-Jython
[INFO] Storing buildNumber: a2a5716a487bd2e09c21c6df26b1c00b82c4423d at timestamp: 1472832912753
[WARNING] Cannot get the branch information from the git repository: 
Detecting the current branch failed: fatal: ref HEAD is not a symbolic ref

[INFO] Executing: /bin/sh -c cd '/data/devel/jenkins-maven/workspace/scripting-Jython' &amp;&amp; 'git' 'rev-parse' '--verify' 'HEAD'
[INFO] Working directory: /data/devel/jenkins-maven/workspace/scripting-Jython
[INFO] Storing buildScmBranch: UNKNOWN
[INFO] 
[INFO] --- maven-resources-plugin:3.0.1:resources (default-resources) @ scripting-jython ---
[INFO] Using 'UTF-8' encoding to copy filtered resources.
[INFO] Copying 2 resources
[INFO] 
[INFO] --- maven-compiler-plugin:3.5.1:compile (default-compile) @ scripting-jython ---
[INFO] Changes detected - recompiling the module!
[INFO] Compiling 6 source files to /data/devel/jenkins-maven/workspace/scripting-Jython/target/classes
[INFO] 
[INFO] --- maven-resources-plugin:3.0.1:testResources (default-testResources) @ scripting-jython ---
[INFO] Using 'UTF-8' encoding to copy filtered resources.
[INFO] skip non existing resourceDirectory /data/devel/jenkins-maven/workspace/scripting-Jython/src/test/resources
[INFO] 
[INFO] --- maven-compiler-plugin:3.5.1:testCompile (default-testCompile) @ scripting-jython ---
[INFO] Changes detected - recompiling the module!
[INFO] Compiling 1 source file to /data/devel/jenkins-maven/workspace/scripting-Jython/target/test-classes
[INFO] 
[INFO] --- maven-surefire-plugin:2.19.1:test (default-test) @ scripting-jython ---

-------------------------------------------------------
 T E S T S
-------------------------------------------------------
Running org.scijava.plugins.scripting.jython.JythonTest
[ECLIPSE HELPER] Indexing annotations...
Tests run: 4, Failures: 1, Errors: 0, Skipped: 0, Time elapsed: 2.081 sec &lt;&lt;&lt; FAILURE! - in org.scijava.plugins.scripting.jython.JythonTest
testBasic(org.scijava.plugins.scripting.jython.JythonTest)  Time elapsed: 0.058 sec  &lt;&lt;&lt; FAILURE!
java.lang.AssertionError: expected same:&lt;class java.lang.Integer&gt; was not:&lt;class org.python.core.PyInteger&gt;
	at org.scijava.plugins.scripting.jython.JythonTest.testBasic(JythonTest.java:68)


Results :

Failed tests: 
  JythonTest.testBasic:68 expected same:&lt;class java.lang.Integer&gt; was not:&lt;class org.python.core.PyInteger&gt;

Tests run: 4, Failures: 1, Errors: 0, Skipped: 0

[INFO] ------------------------------------------------------------------------
[INFO] BUILD FAILURE
[INFO] ------------------------------------------------------------------------
[INFO] Total time: 6.545s
[INFO] Finished at: Fri Sep 02 11:15:16 CDT 2016
[INFO] Final Memory: 29M/534M
[INFO] ------------------------------------------------------------------------
[ERROR] Failed to execute goal org.apache.maven.plugins:maven-surefire-plugin:2.19.1:test (default-test) on project scripting-jython: There are test failures.
[ERROR] 
[ERROR] Please refer to /data/devel/jenkins-maven/workspace/scripting-Jython/target/surefire-reports for the individual test results.
[ERROR] -&gt; [Help 1]
[ERROR] 
[ERROR] To see the full stack trace of the errors, re-run Maven with the -e switch.
[ERROR] Re-run Maven using the -X switch to enable full debug logging.
[ERROR] 
[ERROR] For more information about the errors and possible solutions, please read the following articles:
[ERROR] [Help 1] <A HREF="http://cwiki.apache.org/confluence/display/MAVEN/MojoFailureException">http://cwiki.apache.org/confluence/display/MAVEN/MojoFailureException</A>
Build step 'Invoke top-level Maven targets' marked build as failure
Archiving artifacts
Publishing Javadoc
Recording test results
Performance: Percentage of errors greater or equal than 0% sets the build as unstable
Performance: Percentage of errors greater or equal than 0% sets the build as failure



Performance: Recording JUnit reports '**/TEST-*.xml'
Performance: Parsing JMeter report file '/var/lib/jenkins/jobs/scripting-Jython/builds/52/performance-reports/JUnit/TEST-org.scijava.plugins.scripting.jython.JythonTest.xml'.
TEST-org.scijava.plugins.scripting.jython.JythonTest.xml has an average of: 511
Performance: File TEST-org.scijava.plugins.scripting.jython.JythonTest.xml reported 25.0% of errors [FAILURE]. Build status is: FAILURE




</PRE>


<!--endarticle-->
    <HR>
    <P><UL>
        <!--threads-->
	<LI>Previous message (by thread): <A HREF="012363.html">[ImageJ-builds] Build failed in Jenkins: scripting-Jython #51
</A></li>
	<LI>Next message (by thread): <A HREF="012365.html">[ImageJ-builds] Jenkins build is back to normal : scripting-Jython	#53
</A></li>
         <LI> <B>Messages sorted by:</B> 
              <a href="date.html#12364">[ date ]</a>
              <a href="thread.html#12364">[ thread ]</a>
              <a href="subject.html#12364">[ subject ]</a>
              <a href="author.html#12364">[ author ]</a>
         </LI>
       </UL>

<hr>
<a href="http://imagej.net/mailman/listinfo/imagej-builds">More information about the ImageJ-builds
mailing list</a><br>
</body></html>
