<!DOCTYPE HTML PUBLIC "-//W3C//DTD HTML 4.01 Transitional//EN">
<HTML>
 <HEAD>
   <TITLE> [ImageJ-builds] Build failed in Jenkins: ImageJ1-daily-unit-tests	#219
   </TITLE>
   <LINK REL="Index" HREF="index.html" >
   <LINK REL="made" HREF="mailto:imagej-builds%40imagej.net?Subject=Re%3A%20%5BImageJ-builds%5D%20Build%20failed%20in%20Jenkins%3A%20ImageJ1-daily-unit-tests%0A%09%23219&In-Reply-To=%3C201969227.114.1386364587357.JavaMail.jenkins%40dev%3E">
   <META NAME="robots" CONTENT="index,nofollow">
   <style type="text/css">
       pre {
           white-space: pre-wrap;       /* css-2.1, curent FF, Opera, Safari */
           }
   </style>
   <META http-equiv="Content-Type" content="text/html; charset=us-ascii">
   <LINK REL="Previous"  HREF="002729.html">
   <LINK REL="Next"  HREF="002731.html">
 </HEAD>
 <BODY BGCOLOR="#ffffff">
   <H1>[ImageJ-builds] Build failed in Jenkins: ImageJ1-daily-unit-tests	#219</H1>
    <B>jenkins at imagej.net</B> 
    <A HREF="mailto:imagej-builds%40imagej.net?Subject=Re%3A%20%5BImageJ-builds%5D%20Build%20failed%20in%20Jenkins%3A%20ImageJ1-daily-unit-tests%0A%09%23219&In-Reply-To=%3C201969227.114.1386364587357.JavaMail.jenkins%40dev%3E"
       TITLE="[ImageJ-builds] Build failed in Jenkins: ImageJ1-daily-unit-tests	#219">jenkins at imagej.net
       </A><BR>
    <I>Fri Dec  6 15:16:27 CST 2013</I>
    <P><UL>
        <LI>Previous message: <A HREF="002729.html">[ImageJ-builds] mail-watcher-plugin: Computer Windows marked online
</A></li>
        <LI>Next message: <A HREF="002731.html">[ImageJ-builds] Jenkins build is back to normal :	ImageJ1-daily-unit-tests #220
</A></li>
         <LI> <B>Messages sorted by:</B> 
              <a href="date.html#2730">[ date ]</a>
              <a href="thread.html#2730">[ thread ]</a>
              <a href="subject.html#2730">[ subject ]</a>
              <a href="author.html#2730">[ author ]</a>
         </LI>
       </UL>
    <HR>  
<!--beginarticle-->
<PRE>See &lt;<A HREF="http://jenkins.imagej.net/job/ImageJ1-daily-unit-tests/219/">http://jenkins.imagej.net/job/ImageJ1-daily-unit-tests/219/</A>&gt;

------------------------------------------
[...truncated 480 lines...]
1768/1807K
1772/1807K
1776/1807K
1780/1807K
1784/1807K
1788/1807K
1792/1807K
1796/1807K
1800/1807K
1804/1807K
1807/1807K
1807K uploaded  (ij-1.48j7.jar)
[INFO] Retrieving previous metadata from fake-repo
[INFO] Uploading repository metadata for: 'artifact net.imagej:ij'
[INFO] Uploading project information for ij 1.48j7
[INFO] ------------------------------------------------------------------------
[INFO] BUILD SUCCESSFUL
[INFO] ------------------------------------------------------------------------
[INFO] Total time: 1 second
[INFO] Finished at: Fri Dec 06 15:15:59 CST 2013
[INFO] Final Memory: 9M/360M
[INFO] ------------------------------------------------------------------------
+ cat
+ mvn --settings alt-settings.xml -Dimagej1.version=1.48j7 clean test
Picked up JAVA_TOOL_OPTIONS: -Dfile.encoding=UTF-8
[INFO] Scanning for projects...
[INFO] ------------------------------------------------------------------------
[INFO] Building ImageJ1 unit tests
[INFO]    task-segment: [clean, test]
[INFO] ------------------------------------------------------------------------
[INFO] [clean:clean {execution: default-clean}]
[INFO] Deleting /data/devel/jenkins/jobs/ImageJ1-daily-unit-tests/workspace/target
[debug] execute contextualize
[INFO] [resources:resources {execution: default-resources}]
[INFO] Using 'UTF-8' encoding to copy filtered resources.
[INFO] skip non existing resourceDirectory /data/devel/jenkins/jobs/ImageJ1-daily-unit-tests/workspace/src/main/resources
[INFO] snapshot loci:bio-formats:4.4-SNAPSHOT: checking for updates from fake.releases
[INFO] snapshot loci:bio-formats:4.4-SNAPSHOT: checking for updates from imagej.releases
[INFO] snapshot loci:bio-formats:4.4-SNAPSHOT: checking for updates from imagej.snapshots
[INFO] snapshot loci:bio-formats:4.4-SNAPSHOT: checking for updates from loci.releases
[INFO] snapshot loci:bio-formats:4.4-SNAPSHOT: checking for updates from loci.snapshots
[INFO] snapshot loci:bio-formats:4.4-SNAPSHOT: checking for updates from imagej.thirdparty
[INFO] snapshot loci:bio-formats:4.4-SNAPSHOT: checking for updates from java.net
[INFO] snapshot loci:pom-scifio:4.4-SNAPSHOT: checking for updates from imagej.releases
[INFO] snapshot loci:pom-scifio:4.4-SNAPSHOT: checking for updates from imagej.snapshots
[INFO] snapshot loci:pom-scifio:4.4-SNAPSHOT: checking for updates from fake.releases
[INFO] snapshot loci:pom-scifio:4.4-SNAPSHOT: checking for updates from loci.releases
[INFO] snapshot loci:pom-scifio:4.4-SNAPSHOT: checking for updates from loci.snapshots
[INFO] snapshot loci:pom-scifio:4.4-SNAPSHOT: checking for updates from imagej.thirdparty
[INFO] snapshot loci:pom-scifio:4.4-SNAPSHOT: checking for updates from java.net
[INFO] snapshot loci:loci-common:4.4-SNAPSHOT: checking for updates from fake.releases
[INFO] snapshot loci:loci-common:4.4-SNAPSHOT: checking for updates from imagej.releases
[INFO] snapshot loci:loci-common:4.4-SNAPSHOT: checking for updates from imagej.snapshots
[INFO] snapshot loci:loci-common:4.4-SNAPSHOT: checking for updates from loci.releases
[INFO] snapshot loci:loci-common:4.4-SNAPSHOT: checking for updates from loci.snapshots
[INFO] snapshot loci:loci-common:4.4-SNAPSHOT: checking for updates from imagej.thirdparty
[INFO] snapshot loci:loci-common:4.4-SNAPSHOT: checking for updates from java.net
[INFO] snapshot loci:mdbtools-java:4.4-SNAPSHOT: checking for updates from fake.releases
[INFO] snapshot loci:mdbtools-java:4.4-SNAPSHOT: checking for updates from imagej.releases
[INFO] snapshot loci:mdbtools-java:4.4-SNAPSHOT: checking for updates from imagej.snapshots
[INFO] snapshot loci:mdbtools-java:4.4-SNAPSHOT: checking for updates from loci.releases
[INFO] snapshot loci:mdbtools-java:4.4-SNAPSHOT: checking for updates from loci.snapshots
[INFO] snapshot loci:mdbtools-java:4.4-SNAPSHOT: checking for updates from imagej.thirdparty
[INFO] snapshot loci:mdbtools-java:4.4-SNAPSHOT: checking for updates from java.net
[INFO] snapshot loci:metakit:4.4-SNAPSHOT: checking for updates from fake.releases
[INFO] snapshot loci:metakit:4.4-SNAPSHOT: checking for updates from imagej.releases
[INFO] snapshot loci:metakit:4.4-SNAPSHOT: checking for updates from imagej.snapshots
[INFO] snapshot loci:metakit:4.4-SNAPSHOT: checking for updates from loci.releases
[INFO] snapshot loci:metakit:4.4-SNAPSHOT: checking for updates from loci.snapshots
[INFO] snapshot loci:metakit:4.4-SNAPSHOT: checking for updates from imagej.thirdparty
[INFO] snapshot loci:metakit:4.4-SNAPSHOT: checking for updates from java.net
[INFO] snapshot loci:ome-xml:4.4-SNAPSHOT: checking for updates from fake.releases
[INFO] snapshot loci:ome-xml:4.4-SNAPSHOT: checking for updates from imagej.releases
[INFO] snapshot loci:ome-xml:4.4-SNAPSHOT: checking for updates from imagej.snapshots
[INFO] snapshot loci:ome-xml:4.4-SNAPSHOT: checking for updates from loci.releases
[INFO] snapshot loci:ome-xml:4.4-SNAPSHOT: checking for updates from loci.snapshots
[INFO] snapshot loci:ome-xml:4.4-SNAPSHOT: checking for updates from imagej.thirdparty
[INFO] snapshot loci:ome-xml:4.4-SNAPSHOT: checking for updates from java.net
[INFO] snapshot loci:poi-loci:4.4-SNAPSHOT: checking for updates from fake.releases
[INFO] snapshot loci:poi-loci:4.4-SNAPSHOT: checking for updates from imagej.releases
[INFO] snapshot loci:poi-loci:4.4-SNAPSHOT: checking for updates from imagej.snapshots
[INFO] snapshot loci:poi-loci:4.4-SNAPSHOT: checking for updates from loci.releases
[INFO] snapshot loci:poi-loci:4.4-SNAPSHOT: checking for updates from loci.snapshots
[INFO] snapshot loci:poi-loci:4.4-SNAPSHOT: checking for updates from imagej.thirdparty
[INFO] snapshot loci:poi-loci:4.4-SNAPSHOT: checking for updates from java.net
[INFO] snapshot loci:scifio:4.4-SNAPSHOT: checking for updates from fake.releases
[INFO] snapshot loci:scifio:4.4-SNAPSHOT: checking for updates from imagej.releases
[INFO] snapshot loci:scifio:4.4-SNAPSHOT: checking for updates from imagej.snapshots
[INFO] snapshot loci:scifio:4.4-SNAPSHOT: checking for updates from loci.releases
[INFO] snapshot loci:scifio:4.4-SNAPSHOT: checking for updates from loci.snapshots
[INFO] snapshot loci:scifio:4.4-SNAPSHOT: checking for updates from imagej.thirdparty
[INFO] snapshot loci:scifio:4.4-SNAPSHOT: checking for updates from java.net
[INFO] snapshot loci:jai_imageio:4.4-SNAPSHOT: checking for updates from fake.releases
[INFO] snapshot loci:jai_imageio:4.4-SNAPSHOT: checking for updates from imagej.releases
[INFO] snapshot loci:jai_imageio:4.4-SNAPSHOT: checking for updates from imagej.snapshots
[INFO] snapshot loci:jai_imageio:4.4-SNAPSHOT: checking for updates from loci.releases
[INFO] snapshot loci:jai_imageio:4.4-SNAPSHOT: checking for updates from loci.snapshots
[INFO] snapshot loci:jai_imageio:4.4-SNAPSHOT: checking for updates from imagej.thirdparty
[INFO] snapshot loci:jai_imageio:4.4-SNAPSHOT: checking for updates from java.net
[INFO] snapshot loci:lwf-stubs:4.4-SNAPSHOT: checking for updates from fake.releases
[INFO] snapshot loci:lwf-stubs:4.4-SNAPSHOT: checking for updates from imagej.releases
[INFO] snapshot loci:lwf-stubs:4.4-SNAPSHOT: checking for updates from imagej.snapshots
[INFO] snapshot loci:lwf-stubs:4.4-SNAPSHOT: checking for updates from loci.releases
[INFO] snapshot loci:lwf-stubs:4.4-SNAPSHOT: checking for updates from loci.snapshots
[INFO] snapshot loci:lwf-stubs:4.4-SNAPSHOT: checking for updates from imagej.thirdparty
[INFO] snapshot loci:lwf-stubs:4.4-SNAPSHOT: checking for updates from java.net
[INFO] [compiler:compile {execution: default-compile}]
[INFO] No sources to compile
[debug] execute contextualize
[INFO] [resources:testResources {execution: default-testResources}]
[INFO] Using 'UTF-8' encoding to copy filtered resources.
[INFO] Copying 28 resources
[INFO] [compiler:testCompile {execution: default-testCompile}]
[INFO] Compiling 85 source files to /data/devel/jenkins/jobs/ImageJ1-daily-unit-tests/workspace/target/test-classes
[INFO] [surefire:test {execution: default-test}]
[INFO] Surefire report directory: /data/devel/jenkins/jobs/ImageJ1-daily-unit-tests/workspace/target/surefire-reports

-------------------------------------------------------
 T E S T S
-------------------------------------------------------
Picked up JAVA_TOOL_OPTIONS: -Dfile.encoding=UTF-8
Running ij.IJEventListenerTest
Tests run: 2, Failures: 0, Errors: 0, Skipped: 0, Time elapsed: 0.032 sec
Running ij.process.FloatProcessorTest
Tests run: 81, Failures: 0, Errors: 0, Skipped: 0, Time elapsed: 0.96 sec
Running ij.process.LUTTest
Tests run: 7, Failures: 0, Errors: 0, Skipped: 0, Time elapsed: 0.005 sec
Running ij.process.ByteProcessorTest
Tests run: 71, Failures: 0, Errors: 0, Skipped: 0, Time elapsed: 0.638 sec
Running ij.process.ShortProcessorTest
Tests run: 86, Failures: 0, Errors: 0, Skipped: 0, Time elapsed: 7.039 sec
Running ij.process.ColorProcessorTest
Tests run: 86, Failures: 0, Errors: 0, Skipped: 0, Time elapsed: 1.285 sec
Running ij.process.ImageProcessorTest
Tests run: 184, Failures: 0, Errors: 0, Skipped: 0, Time elapsed: 1.342 sec
Running ij.process.BinaryProcessorTest
Tests run: 5, Failures: 0, Errors: 0, Skipped: 0, Time elapsed: 0.123 sec
Running ij.io.DirectoryChooserTest
Tests run: 3, Failures: 0, Errors: 0, Skipped: 0, Time elapsed: 0 sec
Running ij.io.RandomAccessStreamTest
Tests run: 16, Failures: 0, Errors: 0, Skipped: 0, Time elapsed: 0.008 sec
Running ij.io.FileOpenerTest
Tests run: 8, Failures: 0, Errors: 0, Skipped: 0, Time elapsed: 0.511 sec
Running ij.io.BitBufferTest
Tests run: 2, Failures: 0, Errors: 0, Skipped: 0, Time elapsed: 0 sec
Running ij.io.ImageWriterTest
Tests run: 1, Failures: 0, Errors: 0, Skipped: 0, Time elapsed: 0.032 sec
Running ij.io.FileInfoTest
Tests run: 6, Failures: 0, Errors: 0, Skipped: 0, Time elapsed: 0.003 sec
Running ij.io.ImageReaderTest
java.net.MalformedURLException: no protocol: ashdjjfj
java.net.UnknownHostException: fred.joe.john.edu
java.io.FileNotFoundException: <A HREF="http://www.google.com/ooglywooglygugglychoogly.tiff">http://www.google.com/ooglywooglygugglychoogly.tiff</A>
Tests run: 16, Failures: 0, Errors: 0, Skipped: 0, Time elapsed: 1.553 sec
Running ij.CommandListenerTest
Tests run: 1, Failures: 0, Errors: 0, Skipped: 0, Time elapsed: 0 sec
Running ij.ImagePlusTest
Unsupported format or not found
This command requires an area selection
This command requires an area selection
Tests run: 125, Failures: 0, Errors: 0, Skipped: 0, Time elapsed: 0.098 sec
Running ij.VirtualStackTest
Tests run: 22, Failures: 0, Errors: 0, Skipped: 0, Time elapsed: 0.038 sec
Running ij.macro.SymbolTest
Tests run: 4, Failures: 0, Errors: 0, Skipped: 0, Time elapsed: 0.001 sec
Running ij.macro.ReturnExceptionTest
Tests run: 1, Failures: 0, Errors: 0, Skipped: 0, Time elapsed: 0 sec
Running ij.ImageListenerTest
Tests run: 1, Failures: 0, Errors: 0, Skipped: 0, Time elapsed: 0 sec
Running ij.CompositeImageTest
Tests run: 29, Failures: 0, Errors: 0, Skipped: 0, Time elapsed: 0.051 sec
Running ij.util.ToolsTest
Tests run: 13, Failures: 0, Errors: 0, Skipped: 0, Time elapsed: 0.003 sec
Running ij.util.StringSorterTest
Tests run: 1, Failures: 0, Errors: 0, Skipped: 0, Time elapsed: 0 sec
Running ij.UndoTest
Tests run: 1, Failures: 0, Errors: 0, Skipped: 0, Time elapsed: 0 sec
Running ij.ExecuterTest
Tests run: 6, Failures: 0, Errors: 0, Skipped: 0, Time elapsed: 1.005 sec
Running ij.LookUpTableTest
Tests run: 8, Failures: 0, Errors: 0, Skipped: 0, Time elapsed: 0.013 sec
Running ij.ImageStackTest
Tests run: 27, Failures: 0, Errors: 0, Skipped: 0, Time elapsed: 1.135 sec
Running ij.measure.MeasurementsTest
Tests run: 1, Failures: 0, Errors: 0, Skipped: 0, Time elapsed: 0 sec
Running ij.measure.CalibrationTest
Tests run: 35, Failures: 0, Errors: 0, Skipped: 0, Time elapsed: 0.061 sec
Running ij.measure.ResultsTableTest
Tests run: 37, Failures: 0, Errors: 0, Skipped: 0, Time elapsed: 0.648 sec
Running ij.measure.CurveFitterTest
Tests run: 24, Failures: 0, Errors: 0, Skipped: 0, Time elapsed: 0.327 sec
Running ij.measure.SplineFitterTest
Tests run: 2, Failures: 0, Errors: 0, Skipped: 0, Time elapsed: 0.001 sec
Running ij.gui.ArrowTest
Tests run: 13, Failures: 0, Errors: 0, Skipped: 0, Time elapsed: 0.004 sec
Running ij.gui.ProgressBarTest
Tests run: 8, Failures: 0, Errors: 0, Skipped: 0, Time elapsed: 0.002 sec
Running ij.gui.OverlayTest
Tests run: 12, Failures: 0, Errors: 0, Skipped: 0, Time elapsed: 0.003 sec
Running ij.gui.LineTest
Tests run: 16, Failures: 1, Errors: 0, Skipped: 0, Time elapsed: 0.012 sec &lt;&lt;&lt; FAILURE!
Running ij.gui.TrimmedButtonTest
Tests run: 1, Failures: 0, Errors: 0, Skipped: 0, Time elapsed: 0 sec
Running ij.gui.RoiTest
Tests run: 52, Failures: 0, Errors: 0, Skipped: 0, Time elapsed: 0.022 sec
Running ij.gui.WandTest
Tests run: 8, Failures: 0, Errors: 0, Skipped: 0, Time elapsed: 0.002 sec
Running ij.gui.ToolbarTest
Tests run: 1, Failures: 0, Errors: 0, Skipped: 0, Time elapsed: 0 sec
Running ij.gui.TextRoiTest
Tests run: 14, Failures: 0, Errors: 0, Skipped: 0, Time elapsed: 0.013 sec
Running ij.gui.PolygonRoiTest
Tests run: 24, Failures: 0, Errors: 0, Skipped: 0, Time elapsed: 0.017 sec
Running ij.gui.ImageRoiTest
Tests run: 5, Failures: 0, Errors: 0, Skipped: 0, Time elapsed: 0.001 sec
Running ij.gui.ProfilePlotTest
Tests run: 6, Failures: 0, Errors: 0, Skipped: 0, Time elapsed: 0.003 sec
Running ij.gui.FreehandRoiTest
Tests run: 1, Failures: 0, Errors: 0, Skipped: 0, Time elapsed: 0 sec
Running ij.gui.ShapeRoiTest
Tests run: 22, Failures: 0, Errors: 0, Skipped: 0, Time elapsed: 0.126 sec
Running ij.gui.OvalRoiTest
Tests run: 9, Failures: 0, Errors: 0, Skipped: 0, Time elapsed: 0.003 sec
Running ij.gui.PlotTest
Tests run: 20, Failures: 0, Errors: 0, Skipped: 0, Time elapsed: 0.22 sec
Running ij.gui.PointRoiTest
Tests run: 10, Failures: 0, Errors: 0, Skipped: 0, Time elapsed: 0.019 sec

Results :

Failed tests:   testGetPixels(ij.gui.LineTest): Assert.assertDoubleArraysEqual(double[],double[]) items differ at index 0: expected 0.6464466 and got 0.5

Tests run: 1134, Failures: 1, Errors: 0, Skipped: 0

[INFO] ------------------------------------------------------------------------
[ERROR] BUILD FAILURE
[INFO] ------------------------------------------------------------------------
[INFO] There are test failures.

Please refer to /data/devel/jenkins/jobs/ImageJ1-daily-unit-tests/workspace/target/surefire-reports for the individual test results.
[INFO] ------------------------------------------------------------------------
[INFO] For more information, run Maven with the -e switch
[INFO] ------------------------------------------------------------------------
[INFO] Total time: 27 seconds
[INFO] Finished at: Fri Dec 06 15:16:27 CST 2013
[INFO] Final Memory: 29M/643M
[INFO] ------------------------------------------------------------------------
Build step 'Execute shell' marked build as failure
Recording test results

</PRE>


<!--endarticle-->
    <HR>
    <P><UL>
        <!--threads-->
	<LI>Previous message: <A HREF="002729.html">[ImageJ-builds] mail-watcher-plugin: Computer Windows marked online
</A></li>
	<LI>Next message: <A HREF="002731.html">[ImageJ-builds] Jenkins build is back to normal :	ImageJ1-daily-unit-tests #220
</A></li>
         <LI> <B>Messages sorted by:</B> 
              <a href="date.html#2730">[ date ]</a>
              <a href="thread.html#2730">[ thread ]</a>
              <a href="subject.html#2730">[ subject ]</a>
              <a href="author.html#2730">[ author ]</a>
         </LI>
       </UL>

<hr>
<a href="http://imagej.net/mailman/listinfo/imagej-builds">More information about the ImageJ-builds
mailing list</a><br>
</body></html>
