<!DOCTYPE HTML PUBLIC "-//W3C//DTD HTML 4.01 Transitional//EN">
<HTML>
 <HEAD>
   <TITLE> [ImageJ-builds] Build failed in Jenkins: ImageJ #5352
   </TITLE>
   <LINK REL="Index" HREF="index.html" >
   <LINK REL="made" HREF="mailto:imagej-builds%40imagej.net?Subject=Re%3A%20%5BImageJ-builds%5D%20Build%20failed%20in%20Jenkins%3A%20ImageJ%20%235352&In-Reply-To=%3C284099276.38.1387582837092.JavaMail.jenkins%40dev%3E">
   <META NAME="robots" CONTENT="index,nofollow">
   <style type="text/css">
       pre {
           white-space: pre-wrap;       /* css-2.1, curent FF, Opera, Safari */
           }
   </style>
   <META http-equiv="Content-Type" content="text/html; charset=us-ascii">
   <LINK REL="Previous"  HREF="002824.html">
   <LINK REL="Next"  HREF="002828.html">
 </HEAD>
 <BODY BGCOLOR="#ffffff">
   <H1>[ImageJ-builds] Build failed in Jenkins: ImageJ #5352</H1>
    <B>jenkins at imagej.net</B> 
    <A HREF="mailto:imagej-builds%40imagej.net?Subject=Re%3A%20%5BImageJ-builds%5D%20Build%20failed%20in%20Jenkins%3A%20ImageJ%20%235352&In-Reply-To=%3C284099276.38.1387582837092.JavaMail.jenkins%40dev%3E"
       TITLE="[ImageJ-builds] Build failed in Jenkins: ImageJ #5352">jenkins at imagej.net
       </A><BR>
    <I>Fri Dec 20 17:40:37 CST 2013</I>
    <P><UL>
        <LI>Previous message: <A HREF="002824.html">[ImageJ-builds] Jenkins build is back to normal : ImageJ1-releases &#187; Windows #571
</A></li>
        <LI>Next message: <A HREF="002828.html">[ImageJ-builds] Jenkins build is back to normal : ImageJ #5353
</A></li>
         <LI> <B>Messages sorted by:</B> 
              <a href="date.html#2826">[ date ]</a>
              <a href="thread.html#2826">[ thread ]</a>
              <a href="subject.html#2826">[ subject ]</a>
              <a href="author.html#2826">[ author ]</a>
         </LI>
       </UL>
    <HR>  
<!--beginarticle-->
<PRE>See &lt;<A HREF="http://jenkins.imagej.net/job/ImageJ/5352/changes">http://jenkins.imagej.net/job/ImageJ/5352/changes</A>&gt;

Changes:

[Johannes Schindelin] Move 'mvn exec:exec' support in app/ into a profile

[Curtis Rueden] Update to pom-scijava 1.112

[Curtis Rueden] Aggregate json annotations in uber-jar

[Curtis Rueden] Remove obsolete annotation aggregation readme

[Curtis Rueden] Use the shiny new META-INF combiner for uber jar files

------------------------------------------
[...truncated 28737 lines...]
[INFO] com/kenai/jaffl/provider/AbstractArrayMemoryIO$BE64ArrayIO.class already added, skipping
[INFO] com/kenai/jaffl/provider/NativeType.class already added, skipping
[INFO] com/kenai/jaffl/provider/AbstractArrayMemoryIO$BigEndianArrayIO.class already added, skipping
[INFO] com/kenai/jaffl/provider/NativeInvocationHandler$1.class already added, skipping
[INFO] com/kenai/jaffl/provider/NativeInvocationHandler$InvokerMap$NameHasherSingleton$NameHasher.class already added, skipping
[INFO] com/kenai/jaffl/provider/AbstractArrayMemoryIO$LittleEndianArrayIO.class already added, skipping
[INFO] com/kenai/jaffl/provider/AbstractBufferMemoryIO.class already added, skipping
[INFO] com/kenai/jaffl/provider/AbstractMemoryIO$AddressIO$AddressIO32.class already added, skipping
[INFO] com/kenai/jaffl/provider/StringIO$1.class already added, skipping
[INFO] com/kenai/jaffl/provider/NativeInvocationHandler$InvokerMap$NameHasherSingleton.class already added, skipping
[INFO] com/kenai/jaffl/provider/NativeInvocationHandler$SynchronizedInvoker.class already added, skipping
[INFO] com/kenai/jaffl/provider/NativeInvocationHandler$InvokerMap$IdentityHasherSingleton$IdentityHasher.class already added, skipping
[INFO] com/kenai/jaffl/provider/NativeInvocationHandler$InvokerMap.class already added, skipping
[INFO] com/kenai/jaffl/provider/AbstractArrayMemoryIO.class already added, skipping
[INFO] com/kenai/jaffl/provider/AbstractMemoryIO.class already added, skipping
[INFO] com/kenai/jaffl/provider/Invoker.class already added, skipping
[INFO] com/kenai/jaffl/provider/InvocationSession$PostInvoke.class already added, skipping
[INFO] com/kenai/jaffl/provider/AbstractMemoryIO$NativeLongIO$LongIO32.class already added, skipping
[INFO] com/kenai/jaffl/provider/NativeInvocationHandler.class already added, skipping
[INFO] com/kenai/jaffl/provider/Library.class already added, skipping
[INFO] com/kenai/jaffl/LibraryOption.class already added, skipping
[INFO] jline/CandidateListCompletionHandler.class already added, skipping
[INFO] jline/MultiCompletor.class already added, skipping
[INFO] jline/ANSIBuffer$ANSICodes.class already added, skipping
[INFO] jline/ConsoleReaderInputStream.class already added, skipping
[INFO] jline/SimpleCompletor.class already added, skipping
[INFO] jline/UnsupportedTerminal.class already added, skipping
[INFO] jline/WindowsTerminal$1.class already added, skipping
[INFO] jline/SimpleCompletor$SimpleCompletorFilter.class already added, skipping
[INFO] jline/ConsoleReader.class already added, skipping
[INFO] jline/WindowsTerminal.class already added, skipping
[INFO] jline/UnixTerminal$1.class already added, skipping
[INFO] jline/jline32.dll already added, skipping
[INFO] jline/Terminal.class already added, skipping
[INFO] jline/ClassNameCompletor.class already added, skipping
[INFO] jline/ArgumentCompletor$WhitespaceArgumentDelimiter.class already added, skipping
[INFO] jline/windowsbindings.properties already added, skipping
[INFO] jline/ConsoleOperations.class already added, skipping
[INFO] jline/ConsoleReaderInputStream$ConsoleEnumeration.class already added, skipping
[INFO] jline/SimpleCompletor$NoOpFilter.class already added, skipping
[INFO] jline/History.class already added, skipping
[INFO] jline/ConsoleReaderInputStream$ConsoleLineInputStream.class already added, skipping
[INFO] jline/UnixTerminal.class already added, skipping
[INFO] jline/Completor.class already added, skipping
[INFO] jline/ANSIBuffer.class already added, skipping
[INFO] jline/ArgumentCompletor$ArgumentDelimiter.class already added, skipping
[INFO] jline/UnsupportedTerminal$1.class already added, skipping
[INFO] jline/NullCompletor.class already added, skipping
[INFO] jline/ArgumentCompletor.class already added, skipping
[INFO] jline/CursorBuffer.class already added, skipping
[INFO] jline/ArgumentCompletor$ArgumentList.class already added, skipping
[INFO] jline/ConsoleRunner.class already added, skipping
[INFO] jline/CandidateListCompletionHandler.properties already added, skipping
[INFO] jline/jline64.dll already added, skipping
[INFO] jline/WindowsTerminal$ReplayPrefixOneCharInputStream.class already added, skipping
[INFO] jline/CandidateCycleCompletionHandler.class already added, skipping
[INFO] jline/ArgumentCompletor$AbstractArgumentDelimiter.class already added, skipping
[INFO] jline/FileNameCompletor.class already added, skipping
[INFO] jline/UnixTerminal$ReplayPrefixOneCharInputStream.class already added, skipping
[INFO] jline/CompletionHandler.class already added, skipping
[INFO] jline/keybindings.properties already added, skipping
[INFO] jni/Darwin/libjffi-1.0.jnilib already added, skipping
[INFO] jni/sparcv9-SunOS/libjffi-1.0.so already added, skipping
[INFO] jni/sparc-SunOS/libjffi-1.0.so already added, skipping
[INFO] jni/x86_64-Windows/jffi-1.0.dll already added, skipping
[INFO] jni/i386-Linux/libjffi-1.0.so already added, skipping
[INFO] jni/ppc-Linux/libjffi-1.0.so already added, skipping
[INFO] jni/x86_64-Linux/libjffi-1.0.so already added, skipping
[INFO] jni/i386-FreeBSD/libjffi-1.0.so already added, skipping
[INFO] jni/x86_64-FreeBSD/libjffi-1.0.so already added, skipping
[INFO] jni/i386-Windows/jffi-1.0.dll already added, skipping
[INFO] jnr/netdb/Protocol.class already added, skipping
[INFO] jnr/netdb/NativeProtocolsDB$LibProto.class already added, skipping
[INFO] jnr/netdb/IANAServicesDB$ServicesBuilder.class already added, skipping
[INFO] jnr/netdb/NetDBFilter.class already added, skipping
[INFO] jnr/netdb/FileProtocolsDB$SingletonHolder.class already added, skipping
[INFO] jnr/netdb/FileServicesDB$1.class already added, skipping
[INFO] jnr/netdb/FileServicesDB$Filter.class already added, skipping
[INFO] jnr/netdb/NativeServicesDB.class already added, skipping
[INFO] jnr/netdb/FileServicesDB.class already added, skipping
[INFO] jnr/netdb/NetDBIterator.class already added, skipping
[INFO] jnr/netdb/FileProtocolsDB$3.class already added, skipping
[INFO] jnr/netdb/ProtocolsDB.class already added, skipping
[INFO] jnr/netdb/FileProtocolsDB$1.class already added, skipping
[INFO] jnr/netdb/NativeProtocolsDB$SingletonHolder.class already added, skipping
[INFO] jnr/netdb/NativeServicesDB$LibServices.class already added, skipping
[INFO] jnr/netdb/Protocol$ProtocolDBSingletonHolder.class already added, skipping
[INFO] jnr/netdb/NativeServicesDB$UnixServent.class already added, skipping
[INFO] jnr/netdb/IANAServicesDB.class already added, skipping
[INFO] jnr/netdb/IANAServicesDB$1.class already added, skipping
[INFO] jnr/netdb/NetDBParser.class already added, skipping
[INFO] jnr/netdb/Service$ServicesDBSingletonHolder.class already added, skipping
[INFO] jnr/netdb/IANAProtocolsDB$ProtocolDBBuilder.class already added, skipping
[INFO] jnr/netdb/IANAProtocolsDB$1.class already added, skipping
[INFO] jnr/netdb/IANAProtocolsDB$SingletonHolder.class already added, skipping
[INFO] jnr/netdb/FileServicesDB$2.class already added, skipping
[INFO] jnr/netdb/NativeProtocolsDB$UnixProtoent.class already added, skipping
[INFO] jnr/netdb/FileProtocolsDB$2.class already added, skipping
[INFO] jnr/netdb/IANAProtocolsDB.class already added, skipping
[INFO] jnr/netdb/StringUtil.class already added, skipping
[INFO] jnr/netdb/FileProtocolsDB.class already added, skipping
[INFO] jnr/netdb/NativeProtocolsDB.class already added, skipping
[INFO] jnr/netdb/Service.class already added, skipping
[INFO] jnr/netdb/FileServicesDB$SingletonHolder.class already added, skipping
[INFO] jnr/netdb/IANAServicesDB$SingletonHolder.class already added, skipping
[INFO] jnr/netdb/FileProtocolsDB$Filter.class already added, skipping
[INFO] jnr/netdb/ServicesDB.class already added, skipping
[INFO] jnr/netdb/NetDBEntry.class already added, skipping
[INFO] jnr/netdb/NativeServicesDB$SingletonHolder.class already added, skipping
[INFO] jnr/netdb/FileServicesDB$3.class already added, skipping
[INFO] META-INF/MANIFEST.MF already added, skipping
[INFO] META-INF/MANIFEST.MF already added, skipping
[INFO] META-INF/MANIFEST.MF already added, skipping
[INFO] META-INF/LICENSE.txt already added, skipping
[INFO] META-INF/NOTICE.txt already added, skipping
[INFO] META-INF/MANIFEST.MF already added, skipping
[INFO] META-INF/MANIFEST.MF already added, skipping
[INFO] META-INF/MANIFEST.MF already added, skipping
[INFO] META-INF/MANIFEST.MF already added, skipping
[INFO] META-INF/MANIFEST.MF already added, skipping
[INFO] META-INF/MANIFEST.MF already added, skipping
[INFO] META-INF/MANIFEST.MF already added, skipping
[INFO] META-INF/MANIFEST.MF already added, skipping
[INFO] META-INF/MANIFEST.MF already added, skipping
[INFO] META-INF/MANIFEST.MF already added, skipping
[INFO] META-INF/MANIFEST.MF already added, skipping
[INFO] META-INF/MANIFEST.MF already added, skipping
[INFO] META-INF/MANIFEST.MF already added, skipping
[INFO] META-INF/MANIFEST.MF already added, skipping
[INFO] META-INF/MANIFEST.MF already added, skipping
[INFO] META-INF/MANIFEST.MF already added, skipping
[INFO] META-INF/MANIFEST.MF already added, skipping
[INFO] META-INF/MANIFEST.MF already added, skipping
[INFO] META-INF/MANIFEST.MF already added, skipping
[INFO] META-INF/MANIFEST.MF already added, skipping
[INFO] META-INF/MANIFEST.MF already added, skipping
[INFO] [jar:test-jar {execution: default}]
[INFO] ------------------------------------------------------------------------
[INFO] BUILD SUCCESSFUL
[INFO] ------------------------------------------------------------------------
[INFO] Total time: 22 seconds
[INFO] Finished at: Fri Dec 20 17:40:36 CST 2013
[INFO] Final Memory: 94M/2207M
[INFO] ------------------------------------------------------------------------
+ rm 'src/main/assembly/all/META-INF/annotations/org.scijava.*'
rm: cannot remove `src/main/assembly/all/META-INF/annotations/org.scijava.*': No such file or directory
Build step 'Execute shell' marked build as failure
Archiving artifacts
Build step 'Groovy Postbuild' marked build as failure
Recording test results
Performance: No threshold configured for making the test unstable
Performance: No threshold configured for making the test failure
Performance: Recording JUnit reports '**/TEST-*.xml'
Performance: Parsing JUnit report file TEST-imagej.command.CommandServiceTest.xml
Performance: Parsing JUnit report file TEST-imagej.display.DisplayTest.xml
Performance: Parsing JUnit report file TEST-imagej.menu.ShadowMenuTest.xml
Performance: Parsing JUnit report file TEST-imagej.options.OptionsTest.xml
Performance: Parsing JUnit report file TEST-imagej.util.ColorRGBTest.xml
Performance: Parsing JUnit report file TEST-imagej.util.PrefsTest.xml
Performance: Parsing JUnit report file TEST-imagej.util.UnitUtilsTest.xml
Performance: Parsing JUnit report file TEST-imagej.data.DatasetTest.xml
Performance: Parsing JUnit report file TEST-imagej.data.ExtentsTest.xml
Performance: Parsing JUnit report file TEST-imagej.data.PositionTest.xml
Performance: Parsing JUnit report file TEST-imagej.data.TestCursorSpeeds.xml
Performance: Parsing JUnit report file TEST-imagej.data.TestImgPlusService.xml
Performance: Parsing JUnit report file TEST-imagej.data.autoscale.ConfidenceIntervalAutoscaleMethodTest.xml
Performance: Parsing JUnit report file TEST-imagej.data.display.ImageCanvasTest.xml
Performance: Parsing JUnit report file TEST-imagej.data.lut.LUTFinderTest.xml
Performance: Parsing JUnit report file TEST-imagej.data.overlay.TestBinaryMaskOverlay.xml
Performance: Parsing JUnit report file TEST-imagej.data.table.DefaultResultsTableTest.xml
Performance: Parsing JUnit report file TEST-imagej.data.types.BigComplexTest.xml
Performance: Parsing JUnit report file TEST-imagej.data.types.PreciseFixedComplexFloatTypeTest.xml
Performance: Parsing JUnit report file TEST-imagej.data.types.PreciseFixedFloatTypeTest.xml
Performance: Parsing JUnit report file TEST-imagej.legacy.CodeHackerIT-code-hacker.xml
Performance: Parsing JUnit report file TEST-imagej.legacy.LegacyJavaAgentIT-debug.xml
Performance: Parsing JUnit report file TEST-imagej.legacy.LegacyJavaAgentIT-pre-init.xml
Performance: Parsing JUnit report file TEST-imagej.legacy.ExtraPluginDirsTest.xml
Performance: Parsing JUnit report file TEST-imagej.legacy.HeadlessCompletenessTest.xml
Performance: Parsing JUnit report file TEST-imagej.legacy.LegacyHeadlessTest.xml
Performance: Parsing JUnit report file TEST-imagej.legacy.LegacyImageMapTest.xml
Performance: Parsing JUnit report file TEST-imagej.legacy.LegacyServiceTest.xml
Performance: Parsing JUnit report file TEST-imagej.legacy.OverlayHarmonizerTest.xml
Performance: Parsing JUnit report file TEST-imagej.legacy.translate.LegacyUtilsTest.xml
Performance: Parsing JUnit report file TEST-imagej.legacy.translate.MergedRgbVirtualStackTest.xml
Performance: Parsing JUnit report file TEST-imagej.updater.core.CommandLineUpdaterTest.xml
Performance: Parsing JUnit report file TEST-imagej.updater.core.CustomUploaderTest.xml
Performance: Parsing JUnit report file TEST-imagej.updater.core.LocalhostUploaderTest.xml
Performance: Parsing JUnit report file TEST-imagej.updater.core.UpdaterTest.xml
Performance: Parsing JUnit report file TEST-imagej.updater.util.DependencyAnalyzerTest.xml
Performance: Parsing JUnit report file TEST-imagej.build.minimaven.BasicTest.xml
Performance: Parsing JUnit report file TEST-imagej.plugins.commands.upload.InteractiveUploadTest.xml
Performance: Parsing JUnit report file TEST-imagej.plugins.scripting.beanshell.BeanshellTest.xml
Performance: Parsing JUnit report file TEST-imagej.plugins.scripting.clojure.ClojureTest.xml
Performance: Parsing JUnit report file TEST-imagej.plugins.scripting.java.JavaEngineTest.xml
Performance: Parsing JUnit report file TEST-imagej.plugins.scripting.javascript.JavaScriptTest.xml
Performance: Parsing JUnit report file TEST-imagej.plugins.scripting.jruby.JRubyTest.xml
Performance: Parsing JUnit report file TEST-imagej.plugins.scripting.jython.JythonTest.xml
Performance: Parsing JUnit report file TEST-imagej.updater.ssh.SSHUploaderITCase.xml
Performance: Parsing JUnit report file TEST-imagej.updater.webdav.WebDAVUpdaterITCase.xml
Performance: Parsing JUnit report file TEST-imagej.updater.webdav.NetrcParserTest.xml
Performance: Parsing JUnit report file TEST-imagej.updater.core.UpdaterGUITest.xml
Performance: File TEST-imagej.command.CommandServiceTest.xml reported 0.0% of errors [SUCCESS]. Build status is: FAILURE
Performance: File TEST-imagej.display.DisplayTest.xml reported 0.0% of errors [SUCCESS]. Build status is: FAILURE
Performance: File TEST-imagej.menu.ShadowMenuTest.xml reported 0.0% of errors [SUCCESS]. Build status is: FAILURE
Performance: File TEST-imagej.options.OptionsTest.xml reported 0.0% of errors [SUCCESS]. Build status is: FAILURE
Performance: File TEST-imagej.util.ColorRGBTest.xml reported 0.0% of errors [SUCCESS]. Build status is: FAILURE
Performance: File TEST-imagej.util.PrefsTest.xml reported 0.0% of errors [SUCCESS]. Build status is: FAILURE
Performance: File TEST-imagej.util.UnitUtilsTest.xml reported 0.0% of errors [SUCCESS]. Build status is: FAILURE
Performance: File TEST-imagej.data.DatasetTest.xml reported 0.0% of errors [SUCCESS]. Build status is: FAILURE
Performance: File TEST-imagej.data.ExtentsTest.xml reported 0.0% of errors [SUCCESS]. Build status is: FAILURE
Performance: File TEST-imagej.data.PositionTest.xml reported 0.0% of errors [SUCCESS]. Build status is: FAILURE
Performance: File TEST-imagej.data.TestCursorSpeeds.xml reported 0.0% of errors [SUCCESS]. Build status is: FAILURE
Performance: File TEST-imagej.data.TestImgPlusService.xml reported 0.0% of errors [SUCCESS]. Build status is: FAILURE
Performance: File TEST-imagej.data.autoscale.ConfidenceIntervalAutoscaleMethodTest.xml reported 0.0% of errors [SUCCESS]. Build status is: FAILURE
Performance: File TEST-imagej.data.display.ImageCanvasTest.xml reported 0.0% of errors [SUCCESS]. Build status is: FAILURE
Performance: File TEST-imagej.data.lut.LUTFinderTest.xml reported 0.0% of errors [SUCCESS]. Build status is: FAILURE
Performance: File TEST-imagej.data.overlay.TestBinaryMaskOverlay.xml reported 0.0% of errors [SUCCESS]. Build status is: FAILURE
Performance: File TEST-imagej.data.table.DefaultResultsTableTest.xml reported 0.0% of errors [SUCCESS]. Build status is: FAILURE
Performance: File TEST-imagej.data.types.BigComplexTest.xml reported 0.0% of errors [SUCCESS]. Build status is: FAILURE
Performance: File TEST-imagej.data.types.PreciseFixedComplexFloatTypeTest.xml reported 0.0% of errors [SUCCESS]. Build status is: FAILURE
Performance: File TEST-imagej.data.types.PreciseFixedFloatTypeTest.xml reported 0.0% of errors [SUCCESS]. Build status is: FAILURE
Performance: File TEST-imagej.legacy.CodeHackerIT-code-hacker.xml reported 0.0% of errors [SUCCESS]. Build status is: FAILURE
Performance: File TEST-imagej.legacy.LegacyJavaAgentIT-debug.xml reported 0.0% of errors [SUCCESS]. Build status is: FAILURE
Performance: File TEST-imagej.legacy.LegacyJavaAgentIT-pre-init.xml reported 0.0% of errors [SUCCESS]. Build status is: FAILURE
Performance: File TEST-imagej.legacy.ExtraPluginDirsTest.xml reported 0.0% of errors [SUCCESS]. Build status is: FAILURE
Performance: File TEST-imagej.legacy.HeadlessCompletenessTest.xml reported 0.0% of errors [SUCCESS]. Build status is: FAILURE
Performance: File TEST-imagej.legacy.LegacyHeadlessTest.xml reported 0.0% of errors [SUCCESS]. Build status is: FAILURE
Performance: File TEST-imagej.legacy.LegacyImageMapTest.xml reported 0.0% of errors [SUCCESS]. Build status is: FAILURE
Performance: File TEST-imagej.legacy.LegacyServiceTest.xml reported 0.0% of errors [SUCCESS]. Build status is: FAILURE
Performance: File TEST-imagej.legacy.OverlayHarmonizerTest.xml reported 0.0% of errors [SUCCESS]. Build status is: FAILURE
Performance: File TEST-imagej.legacy.translate.LegacyUtilsTest.xml reported 0.0% of errors [SUCCESS]. Build status is: FAILURE
Performance: File TEST-imagej.legacy.translate.MergedRgbVirtualStackTest.xml reported 0.0% of errors [SUCCESS]. Build status is: FAILURE
Performance: File TEST-imagej.updater.core.CommandLineUpdaterTest.xml reported 0.0% of errors [SUCCESS]. Build status is: FAILURE
Performance: File TEST-imagej.updater.core.CustomUploaderTest.xml reported 0.0% of errors [SUCCESS]. Build status is: FAILURE
Performance: File TEST-imagej.updater.core.LocalhostUploaderTest.xml reported 0.0% of errors [SUCCESS]. Build status is: FAILURE
Performance: File TEST-imagej.updater.core.UpdaterTest.xml reported 0.0% of errors [SUCCESS]. Build status is: FAILURE
Performance: File TEST-imagej.updater.util.DependencyAnalyzerTest.xml reported 0.0% of errors [SUCCESS]. Build status is: FAILURE
Performance: File TEST-imagej.build.minimaven.BasicTest.xml reported 0.0% of errors [SUCCESS]. Build status is: FAILURE
Performance: File TEST-imagej.plugins.commands.upload.InteractiveUploadTest.xml reported 0.0% of errors [SUCCESS]. Build status is: FAILURE
Performance: File TEST-imagej.plugins.scripting.beanshell.BeanshellTest.xml reported 0.0% of errors [SUCCESS]. Build status is: FAILURE
Performance: File TEST-imagej.plugins.scripting.clojure.ClojureTest.xml reported 0.0% of errors [SUCCESS]. Build status is: FAILURE
Performance: File TEST-imagej.plugins.scripting.java.JavaEngineTest.xml reported 0.0% of errors [SUCCESS]. Build status is: FAILURE
Performance: File TEST-imagej.plugins.scripting.javascript.JavaScriptTest.xml reported 0.0% of errors [SUCCESS]. Build status is: FAILURE
Performance: File TEST-imagej.plugins.scripting.jruby.JRubyTest.xml reported 0.0% of errors [SUCCESS]. Build status is: FAILURE
Performance: File TEST-imagej.plugins.scripting.jython.JythonTest.xml reported 0.0% of errors [SUCCESS]. Build status is: FAILURE
Performance: File TEST-imagej.updater.ssh.SSHUploaderITCase.xml reported 0.0% of errors [SUCCESS]. Build status is: FAILURE
Performance: File TEST-imagej.updater.webdav.WebDAVUpdaterITCase.xml reported 0.0% of errors [SUCCESS]. Build status is: FAILURE
Performance: File TEST-imagej.updater.webdav.NetrcParserTest.xml reported 0.0% of errors [SUCCESS]. Build status is: FAILURE
Performance: File TEST-imagej.updater.core.UpdaterGUITest.xml reported 0.0% of errors [SUCCESS]. Build status is: FAILURE

</PRE>




<!--endarticle-->
    <HR>
    <P><UL>
        <!--threads-->
	<LI>Previous message: <A HREF="002824.html">[ImageJ-builds] Jenkins build is back to normal : ImageJ1-releases &#187; Windows #571
</A></li>
	<LI>Next message: <A HREF="002828.html">[ImageJ-builds] Jenkins build is back to normal : ImageJ #5353
</A></li>
         <LI> <B>Messages sorted by:</B> 
              <a href="date.html#2826">[ date ]</a>
              <a href="thread.html#2826">[ thread ]</a>
              <a href="subject.html#2826">[ subject ]</a>
              <a href="author.html#2826">[ author ]</a>
         </LI>
       </UL>

<hr>
<a href="http://imagej.net/mailman/listinfo/imagej-builds">More information about the ImageJ-builds
mailing list</a><br>
</body></html>
