<!DOCTYPE HTML PUBLIC "-//W3C//DTD HTML 4.01 Transitional//EN">
<HTML>
 <HEAD>
   <TITLE> [ImageJ-builds] Build failed in Jenkins: ImageJ1-daily-unit-tests	#245
   </TITLE>
   <LINK REL="Index" HREF="index.html" >
   <LINK REL="made" HREF="mailto:imagej-builds%40imagej.net?Subject=Re%3A%20%5BImageJ-builds%5D%20Build%20failed%20in%20Jenkins%3A%20ImageJ1-daily-unit-tests%0A%09%23245&In-Reply-To=%3C1172362904.36.1387509419813.JavaMail.jenkins%40dev%3E">
   <META NAME="robots" CONTENT="index,nofollow">
   <style type="text/css">
       pre {
           white-space: pre-wrap;       /* css-2.1, curent FF, Opera, Safari */
           }
   </style>
   <META http-equiv="Content-Type" content="text/html; charset=us-ascii">
   <LINK REL="Previous"  HREF="002820.html">
   <LINK REL="Next"  HREF="002829.html">
 </HEAD>
 <BODY BGCOLOR="#ffffff">
   <H1>[ImageJ-builds] Build failed in Jenkins: ImageJ1-daily-unit-tests	#245</H1>
    <B>jenkins at imagej.net</B> 
    <A HREF="mailto:imagej-builds%40imagej.net?Subject=Re%3A%20%5BImageJ-builds%5D%20Build%20failed%20in%20Jenkins%3A%20ImageJ1-daily-unit-tests%0A%09%23245&In-Reply-To=%3C1172362904.36.1387509419813.JavaMail.jenkins%40dev%3E"
       TITLE="[ImageJ-builds] Build failed in Jenkins: ImageJ1-daily-unit-tests	#245">jenkins at imagej.net
       </A><BR>
    <I>Thu Dec 19 21:16:59 CST 2013</I>
    <P><UL>
        <LI>Previous message: <A HREF="002820.html">[ImageJ-builds] Build failed in Jenkins: ImageJ1-daily-unit-tests	#244
</A></li>
        <LI>Next message: <A HREF="002829.html">[ImageJ-builds] Jenkins build is back to normal :	ImageJ1-daily-unit-tests #246
</A></li>
         <LI> <B>Messages sorted by:</B> 
              <a href="date.html#2825">[ date ]</a>
              <a href="thread.html#2825">[ thread ]</a>
              <a href="subject.html#2825">[ subject ]</a>
              <a href="author.html#2825">[ author ]</a>
         </LI>
       </UL>
    <HR>  
<!--beginarticle-->
<PRE>See &lt;<A HREF="http://jenkins.imagej.net/job/ImageJ1-daily-unit-tests/245/">http://jenkins.imagej.net/job/ImageJ1-daily-unit-tests/245/</A>&gt;

------------------------------------------
[...truncated 421 lines...]
1532/1811K
1536/1811K
1540/1811K
1544/1811K
1548/1811K
1552/1811K
1556/1811K
1560/1811K
1564/1811K
1568/1811K
1572/1811K
1576/1811K
1580/1811K
1584/1811K
1588/1811K
1592/1811K
1596/1811K
1600/1811K
1604/1811K
1608/1811K
1612/1811K
1616/1811K
1620/1811K
1624/1811K
1628/1811K
1632/1811K
1636/1811K
1640/1811K
1644/1811K
1648/1811K
1652/1811K
1656/1811K
1660/1811K
1664/1811K
1668/1811K
1672/1811K
1676/1811K
1680/1811K
1684/1811K
1688/1811K
1692/1811K
1696/1811K
1700/1811K
1704/1811K
1708/1811K
1712/1811K
1716/1811K
1720/1811K
1724/1811K
1728/1811K
1732/1811K
1736/1811K
1740/1811K
1744/1811K
1748/1811K
1752/1811K
1756/1811K
1760/1811K
1764/1811K
1768/1811K
1772/1811K
1776/1811K
1780/1811K
1784/1811K
1788/1811K
1792/1811K
1796/1811K
1800/1811K
1804/1811K
1808/1811K
1811/1811K
1811K uploaded  (ij-1.48m5.jar)
[INFO] Retrieving previous metadata from fake-repo
[INFO] Uploading repository metadata for: 'artifact net.imagej:ij'
[INFO] Uploading project information for ij 1.48m5
[INFO] ------------------------------------------------------------------------
[INFO] BUILD SUCCESSFUL
[INFO] ------------------------------------------------------------------------
[INFO] Total time: 1 second
[INFO] Finished at: Thu Dec 19 21:16:35 CST 2013
[INFO] Final Memory: 9M/360M
[INFO] ------------------------------------------------------------------------
+ cat
+ mvn --settings alt-settings.xml -Dimagej1.version=1.48m5 clean test
Picked up JAVA_TOOL_OPTIONS: -Dfile.encoding=UTF-8
[INFO] Scanning for projects...
[INFO] ------------------------------------------------------------------------
[INFO] Building ImageJ1 unit tests
[INFO]    task-segment: [clean, test]
[INFO] ------------------------------------------------------------------------
[INFO] [clean:clean {execution: default-clean}]
[INFO] Deleting /data/devel/jenkins/jobs/ImageJ1-daily-unit-tests/workspace/target
[debug] execute contextualize
[INFO] [resources:resources {execution: default-resources}]
[INFO] Using 'UTF-8' encoding to copy filtered resources.
[INFO] skip non existing resourceDirectory /data/devel/jenkins/jobs/ImageJ1-daily-unit-tests/workspace/src/main/resources
[INFO] snapshot loci:bio-formats:4.4-SNAPSHOT: checking for updates from fake.releases
[INFO] snapshot loci:pom-scifio:4.4-SNAPSHOT: checking for updates from fake.releases
[INFO] snapshot loci:loci-common:4.4-SNAPSHOT: checking for updates from fake.releases
[INFO] snapshot loci:mdbtools-java:4.4-SNAPSHOT: checking for updates from fake.releases
[INFO] snapshot loci:metakit:4.4-SNAPSHOT: checking for updates from fake.releases
[INFO] snapshot loci:ome-xml:4.4-SNAPSHOT: checking for updates from fake.releases
[INFO] snapshot loci:poi-loci:4.4-SNAPSHOT: checking for updates from fake.releases
[INFO] snapshot loci:scifio:4.4-SNAPSHOT: checking for updates from fake.releases
[INFO] snapshot loci:jai_imageio:4.4-SNAPSHOT: checking for updates from fake.releases
[INFO] snapshot loci:lwf-stubs:4.4-SNAPSHOT: checking for updates from fake.releases
[INFO] [compiler:compile {execution: default-compile}]
[INFO] No sources to compile
[debug] execute contextualize
[INFO] [resources:testResources {execution: default-testResources}]
[INFO] Using 'UTF-8' encoding to copy filtered resources.
[INFO] Copying 28 resources
[INFO] [compiler:testCompile {execution: default-testCompile}]
[INFO] Compiling 85 source files to /data/devel/jenkins/jobs/ImageJ1-daily-unit-tests/workspace/target/test-classes
[INFO] [surefire:test {execution: default-test}]
[INFO] Surefire report directory: /data/devel/jenkins/jobs/ImageJ1-daily-unit-tests/workspace/target/surefire-reports

-------------------------------------------------------
 T E S T S
-------------------------------------------------------
Picked up JAVA_TOOL_OPTIONS: -Dfile.encoding=UTF-8
Running ij.IJEventListenerTest
Tests run: 2, Failures: 0, Errors: 0, Skipped: 0, Time elapsed: 0.032 sec
Running ij.process.FloatProcessorTest
Tests run: 81, Failures: 0, Errors: 0, Skipped: 0, Time elapsed: 0.941 sec
Running ij.process.LUTTest
Tests run: 7, Failures: 0, Errors: 0, Skipped: 0, Time elapsed: 0.006 sec
Running ij.process.ByteProcessorTest
Tests run: 71, Failures: 0, Errors: 0, Skipped: 0, Time elapsed: 0.626 sec
Running ij.process.ShortProcessorTest
Tests run: 86, Failures: 0, Errors: 0, Skipped: 0, Time elapsed: 7.13 sec
Running ij.process.ColorProcessorTest
Tests run: 86, Failures: 0, Errors: 0, Skipped: 0, Time elapsed: 1.283 sec
Running ij.process.ImageProcessorTest
Tests run: 184, Failures: 0, Errors: 0, Skipped: 0, Time elapsed: 1.339 sec
Running ij.process.BinaryProcessorTest
Tests run: 5, Failures: 0, Errors: 0, Skipped: 0, Time elapsed: 0.122 sec
Running ij.io.DirectoryChooserTest
Tests run: 3, Failures: 0, Errors: 0, Skipped: 0, Time elapsed: 0 sec
Running ij.io.RandomAccessStreamTest
Tests run: 16, Failures: 0, Errors: 0, Skipped: 0, Time elapsed: 0.008 sec
Running ij.io.FileOpenerTest
Tests run: 8, Failures: 0, Errors: 0, Skipped: 0, Time elapsed: 0.551 sec
Running ij.io.BitBufferTest
Tests run: 2, Failures: 0, Errors: 0, Skipped: 0, Time elapsed: 0 sec
Running ij.io.ImageWriterTest
Tests run: 1, Failures: 0, Errors: 0, Skipped: 0, Time elapsed: 0.032 sec
Running ij.io.FileInfoTest
Tests run: 6, Failures: 0, Errors: 0, Skipped: 0, Time elapsed: 0.004 sec
Running ij.io.ImageReaderTest
java.net.MalformedURLException: no protocol: ashdjjfj
java.net.UnknownHostException: fred.joe.john.edu
java.io.FileNotFoundException: <A HREF="http://www.google.com/ooglywooglygugglychoogly.tiff">http://www.google.com/ooglywooglygugglychoogly.tiff</A>
Tests run: 16, Failures: 0, Errors: 0, Skipped: 0, Time elapsed: 1.47 sec
Running ij.CommandListenerTest
Tests run: 1, Failures: 0, Errors: 0, Skipped: 0, Time elapsed: 0.001 sec
Running ij.ImagePlusTest
Unsupported format or not found
This command requires an area selection
This command requires an area selection
Tests run: 125, Failures: 1, Errors: 0, Skipped: 0, Time elapsed: 0.1 sec &lt;&lt;&lt; FAILURE!
Running ij.VirtualStackTest
Tests run: 22, Failures: 0, Errors: 0, Skipped: 0, Time elapsed: 0.037 sec
Running ij.macro.SymbolTest
Tests run: 4, Failures: 0, Errors: 0, Skipped: 0, Time elapsed: 0.001 sec
Running ij.macro.ReturnExceptionTest
Tests run: 1, Failures: 0, Errors: 0, Skipped: 0, Time elapsed: 0 sec
Running ij.ImageListenerTest
Tests run: 1, Failures: 0, Errors: 0, Skipped: 0, Time elapsed: 0 sec
Running ij.CompositeImageTest
Tests run: 29, Failures: 0, Errors: 0, Skipped: 0, Time elapsed: 0.052 sec
Running ij.util.ToolsTest
Tests run: 13, Failures: 0, Errors: 0, Skipped: 0, Time elapsed: 0 sec
Running ij.util.StringSorterTest
Tests run: 1, Failures: 0, Errors: 0, Skipped: 0, Time elapsed: 0 sec
Running ij.UndoTest
Tests run: 1, Failures: 0, Errors: 0, Skipped: 0, Time elapsed: 0 sec
Running ij.ExecuterTest
Tests run: 6, Failures: 0, Errors: 0, Skipped: 0, Time elapsed: 1 sec
Running ij.LookUpTableTest
Tests run: 8, Failures: 0, Errors: 0, Skipped: 0, Time elapsed: 0.012 sec
Running ij.ImageStackTest
Tests run: 27, Failures: 0, Errors: 0, Skipped: 0, Time elapsed: 1.145 sec
Running ij.measure.MeasurementsTest
Tests run: 1, Failures: 0, Errors: 0, Skipped: 0, Time elapsed: 0.001 sec
Running ij.measure.CalibrationTest
Tests run: 35, Failures: 0, Errors: 0, Skipped: 0, Time elapsed: 0.058 sec
Running ij.measure.ResultsTableTest
Tests run: 37, Failures: 0, Errors: 0, Skipped: 0, Time elapsed: 0.644 sec
Running ij.measure.CurveFitterTest
Tests run: 24, Failures: 0, Errors: 0, Skipped: 0, Time elapsed: 0.332 sec
Running ij.measure.SplineFitterTest
Tests run: 2, Failures: 0, Errors: 0, Skipped: 0, Time elapsed: 0.001 sec
Running ij.gui.ArrowTest
Tests run: 13, Failures: 0, Errors: 0, Skipped: 0, Time elapsed: 0.004 sec
Running ij.gui.ProgressBarTest
Tests run: 8, Failures: 0, Errors: 0, Skipped: 0, Time elapsed: 0.002 sec
Running ij.gui.OverlayTest
Tests run: 12, Failures: 0, Errors: 0, Skipped: 0, Time elapsed: 0.004 sec
Running ij.gui.LineTest
Tests run: 16, Failures: 0, Errors: 0, Skipped: 0, Time elapsed: 0.01 sec
Running ij.gui.TrimmedButtonTest
Tests run: 1, Failures: 0, Errors: 0, Skipped: 0, Time elapsed: 0 sec
Running ij.gui.RoiTest
Tests run: 52, Failures: 0, Errors: 0, Skipped: 0, Time elapsed: 0.023 sec
Running ij.gui.WandTest
Tests run: 8, Failures: 0, Errors: 0, Skipped: 0, Time elapsed: 0.002 sec
Running ij.gui.ToolbarTest
Tests run: 1, Failures: 0, Errors: 0, Skipped: 0, Time elapsed: 0 sec
Running ij.gui.TextRoiTest
Tests run: 14, Failures: 0, Errors: 0, Skipped: 0, Time elapsed: 0.011 sec
Running ij.gui.PolygonRoiTest
Tests run: 24, Failures: 0, Errors: 0, Skipped: 0, Time elapsed: 0.017 sec
Running ij.gui.ImageRoiTest
Tests run: 5, Failures: 0, Errors: 0, Skipped: 0, Time elapsed: 0 sec
Running ij.gui.ProfilePlotTest
Tests run: 6, Failures: 0, Errors: 0, Skipped: 0, Time elapsed: 0.002 sec
Running ij.gui.FreehandRoiTest
Tests run: 1, Failures: 0, Errors: 0, Skipped: 0, Time elapsed: 0 sec
Running ij.gui.ShapeRoiTest
Tests run: 22, Failures: 0, Errors: 0, Skipped: 0, Time elapsed: 0.14 sec
Running ij.gui.OvalRoiTest
Tests run: 9, Failures: 0, Errors: 0, Skipped: 0, Time elapsed: 0.003 sec
Running ij.gui.PlotTest
Tests run: 20, Failures: 0, Errors: 0, Skipped: 0, Time elapsed: 0.27 sec
Running ij.gui.PointRoiTest
Tests run: 10, Failures: 0, Errors: 0, Skipped: 0, Time elapsed: 0.02 sec

Results :

Failed tests:   testGetFileInfo(ij.ImagePlusTest)

Tests run: 1134, Failures: 1, Errors: 0, Skipped: 0

[INFO] ------------------------------------------------------------------------
[ERROR] BUILD FAILURE
[INFO] ------------------------------------------------------------------------
[INFO] There are test failures.

Please refer to /data/devel/jenkins/jobs/ImageJ1-daily-unit-tests/workspace/target/surefire-reports for the individual test results.
[INFO] ------------------------------------------------------------------------
[INFO] For more information, run Maven with the -e switch
[INFO] ------------------------------------------------------------------------
[INFO] Total time: 22 seconds
[INFO] Finished at: Thu Dec 19 21:16:58 CST 2013
[INFO] Final Memory: 24M/455M
[INFO] ------------------------------------------------------------------------
Build step 'Execute shell' marked build as failure
Recording test results

</PRE>


<!--endarticle-->
    <HR>
    <P><UL>
        <!--threads-->
	<LI>Previous message: <A HREF="002820.html">[ImageJ-builds] Build failed in Jenkins: ImageJ1-daily-unit-tests	#244
</A></li>
	<LI>Next message: <A HREF="002829.html">[ImageJ-builds] Jenkins build is back to normal :	ImageJ1-daily-unit-tests #246
</A></li>
         <LI> <B>Messages sorted by:</B> 
              <a href="date.html#2825">[ date ]</a>
              <a href="thread.html#2825">[ thread ]</a>
              <a href="subject.html#2825">[ subject ]</a>
              <a href="author.html#2825">[ author ]</a>
         </LI>
       </UL>

<hr>
<a href="http://imagej.net/mailman/listinfo/imagej-builds">More information about the ImageJ-builds
mailing list</a><br>
</body></html>
