<!DOCTYPE HTML PUBLIC "-//W3C//DTD HTML 4.01 Transitional//EN">
<HTML>
 <HEAD>
   <TITLE> [ImageJ-builds] Build failed in Jenkins: ImgLib #1404
   </TITLE>
   <LINK REL="Index" HREF="index.html" >
   <LINK REL="made" HREF="mailto:imagej-builds%40imagej.net?Subject=Re%3A%20%5BImageJ-builds%5D%20Build%20failed%20in%20Jenkins%3A%20ImgLib%20%231404&In-Reply-To=%3C1732742954.192.1354738548858.JavaMail.jenkins%40dev%3E">
   <META NAME="robots" CONTENT="index,nofollow">
   <style type="text/css">
       pre {
           white-space: pre-wrap;       /* css-2.1, curent FF, Opera, Safari */
           }
   </style>
   <META http-equiv="Content-Type" content="text/html; charset=us-ascii">
   <LINK REL="Previous"  HREF="000880.html">
   <LINK REL="Next"  HREF="000882.html">
 </HEAD>
 <BODY BGCOLOR="#ffffff">
   <H1>[ImageJ-builds] Build failed in Jenkins: ImgLib #1404</H1>
    <B>jenkins at imagej.net</B> 
    <A HREF="mailto:imagej-builds%40imagej.net?Subject=Re%3A%20%5BImageJ-builds%5D%20Build%20failed%20in%20Jenkins%3A%20ImgLib%20%231404&In-Reply-To=%3C1732742954.192.1354738548858.JavaMail.jenkins%40dev%3E"
       TITLE="[ImageJ-builds] Build failed in Jenkins: ImgLib #1404">jenkins at imagej.net
       </A><BR>
    <I>Wed Dec  5 14:15:48 CST 2012</I>
    <P><UL>
        <LI>Previous message: <A HREF="000880.html">[ImageJ-builds] Build failed in Jenkins: ImgLib #1403
</A></li>
        <LI>Next message: <A HREF="000882.html">[ImageJ-builds] Jenkins build is back to normal : ImgLib #1405
</A></li>
         <LI> <B>Messages sorted by:</B> 
              <a href="date.html#881">[ date ]</a>
              <a href="thread.html#881">[ thread ]</a>
              <a href="subject.html#881">[ subject ]</a>
              <a href="author.html#881">[ author ]</a>
         </LI>
       </UL>
    <HR>  
<!--beginarticle-->
<PRE>See &lt;<A HREF="http://jenkins.imagej.net/job/ImgLib/1404/changes">http://jenkins.imagej.net/job/ImgLib/1404/changes</A>&gt;

Changes:

[Curtis Rueden] imglib2-io: add explicit scifio-devel dependency

------------------------------------------
[...truncated 3310 lines...]

[INFO] ------------------------------------------------------------------------
[INFO] For more information, run Maven with the -e switch
[INFO] ------------------------------------------------------------------------
[INFO] Total time: 1 minute 37 seconds
[INFO] Finished at: Wed Dec 05 14:15:48 CST 2012
[INFO] Final Memory: 70M/1334M
[INFO] ------------------------------------------------------------------------
Build step 'Invoke top-level Maven targets' marked build as failure
Archiving artifacts
Performance: No threshold configured for making the test unstable
Performance: No threshold configured for making the test failure
Performance: Recording JUnit reports '**/TEST-*.xml'
Performance: Parsing JUnit report file TEST-HistogramTest.xml
Performance: Parsing JUnit report file TEST-tests.labeling.AllConnectedComponentsTest.xml
Performance: Parsing JUnit report file TEST-tests.labeling.WatershedTest.xml
Performance: Parsing JUnit report file TEST-tests.BasicTest.xml
Performance: Parsing JUnit report file TEST-tests.TestSortedGrayLevelIterator.xml
Performance: Parsing JUnit report file TEST-tests.labeling.LabelingTest.xml
Performance: Parsing JUnit report file TEST-SquareTest.xml
Performance: Parsing JUnit report file TEST-imglib.ops.Rev2FunctionalIdeasTest.xml
Performance: Parsing JUnit report file TEST-script.imglib.test.TestPlot.xml
Performance: Parsing JUnit report file TEST-net.imglib2.algorithm.kdtree.VolumetricSearchTest.xml
Performance: Parsing JUnit report file TEST-tests.labeling.AllConnectedComponentsTest.xml
Performance: Parsing JUnit report file TEST-tests.labeling.WatershedTest.xml
Performance: Parsing JUnit report file TEST-net.imglib2.algorithm.fft.FFTTest.xml
Performance: Parsing JUnit report file TEST-net.imglib2.algorithm.region.BresenhamLineTest.xml
Performance: Parsing JUnit report file TEST-net.imglib2.BinningTest.xml
Performance: Parsing JUnit report file TEST-net.imglib2.IterableIntervalSubsetTest.xml
Performance: Parsing JUnit report file TEST-net.imglib2.PointTest.xml
Performance: Parsing JUnit report file TEST-net.imglib2.RealPointTest.xml
Performance: Parsing JUnit report file TEST-net.imglib2.TestAbstractRealLocalizable.xml
Performance: Parsing JUnit report file TEST-net.imglib2.collection.RealPointSampleListTest.xml
Performance: Parsing JUnit report file TEST-net.imglib2.img.cell.CellContainerFactoryTest.xml
Performance: Parsing JUnit report file TEST-net.imglib2.img.cell.CellContainerTest.xml
Performance: Parsing JUnit report file TEST-net.imglib2.img.cell.CellCursorTest.xml
Performance: Parsing JUnit report file TEST-net.imglib2.img.cell.CellTest.xml
Performance: Parsing JUnit report file TEST-net.imglib2.img.cell.CopyTest.xml
Performance: Parsing JUnit report file TEST-net.imglib2.img.list.CopyTest.xml
Performance: Parsing JUnit report file TEST-net.imglib2.img.planar.CopyTest.xml
Performance: Parsing JUnit report file TEST-net.imglib2.img.sparse.NtreeTest.xml
Performance: Parsing JUnit report file TEST-net.imglib2.img.transform.ImgTranslationAdapterTest.xml
Performance: Parsing JUnit report file TEST-net.imglib2.nearestneighbor.KDTreeTest.xml
Performance: Parsing JUnit report file TEST-net.imglib2.nearestneighbor.NearestNeighborSearchOnIterableRealIntervalTest.xml
Performance: Parsing JUnit report file TEST-net.imglib2.outofbounds.OutOfBoundsBorderTest.xml
Performance: Parsing JUnit report file TEST-net.imglib2.outofbounds.OutOfBoundsMirrorDoubleBoundaryTest.xml
Performance: Parsing JUnit report file TEST-net.imglib2.outofbounds.OutOfBoundsMirrorSingleBoundaryTest.xml
Performance: Parsing JUnit report file TEST-net.imglib2.outofbounds.OutOfBoundsPeriodicTest.xml
Performance: Parsing JUnit report file TEST-net.imglib2.position.transform.FloorOffsetTest.xml
Performance: Parsing JUnit report file TEST-net.imglib2.roi.AbstractIterableRegionOfInterestTest.xml
Performance: Parsing JUnit report file TEST-net.imglib2.roi.BinaryMaskRegionOfInterestTest.xml
Performance: Parsing JUnit report file TEST-net.imglib2.roi.CompositeRegionOfInterestTest.xml
Performance: Parsing JUnit report file TEST-net.imglib2.roi.EllipseRegionOfInterestTest.xml
Performance: Parsing JUnit report file TEST-net.imglib2.roi.GeneralPathRegionOfInterestTest.xml
Performance: Parsing JUnit report file TEST-net.imglib2.roi.PolygonRegionOfInterestTest.xml
Performance: Parsing JUnit report file TEST-net.imglib2.roi.RectangleRegionOfInterestTest.xml
Performance: Parsing JUnit report file TEST-net.imglib2.sampler.special.TestConstantRandomAccessible.xml
Performance: Parsing JUnit report file TEST-net.imglib2.sampler.special.TestConstantRealRandomAccessible.xml
Performance: Parsing JUnit report file TEST-net.imglib2.util.ImgUtilTest.xml
Performance: Parsing JUnit report file TEST-net.imglib2.util.KthElementTest.xml
Performance: Parsing JUnit report file TEST-net.imglib2.util.LinAlgHelpersTest.xml
Performance: Parsing JUnit report file TEST-net.imglib2.util.PartitionTest.xml
Performance: Parsing JUnit report file TEST-net.imglib2.util.RealSumTest.xml
Performance: Parsing JUnit report file TEST-net.imglib2.view.HyperSliceImgPlusTest.xml
Performance: Parsing JUnit report file TEST-net.imglib2.view.RandomAccessTest.xml
Performance: Parsing JUnit report file TEST-net.imglib2.view.RandomAccessibleIntervalCursorTest.xml
Performance: Parsing JUnit report file TEST-net.imglib2.view.SequentializeTransformTest.xml
Performance: Parsing JUnit report file TEST-tests.BasicTest.xml
Performance: Parsing JUnit report file TEST-tests.labeling.LabelingOutOfBoundsTest.xml
Performance: Parsing JUnit report file TEST-tests.labeling.LabelingTest.xml
Performance: Parsing JUnit report file TEST-tests.labeling.SparseLabelingTest.xml
Performance: Parsing JUnit report file TEST-tests.roi.TestAbstractRegionOfInterest.xml
Performance: Parsing JUnit report file TEST-net.imglib2.img.ImagePlusAdapterTest.xml
Performance: Parsing JUnit report file TEST-net.imglib2.img.ImgTest.xml
Performance: Parsing JUnit report file TEST-net.imglib2.io.img.virtual.VirtualImgTest.xml
Performance: Parsing JUnit report file TEST-net.imglib2.ops.example.Example10Test.xml
Performance: Parsing JUnit report file TEST-net.imglib2.ops.example.Example11Test.xml
Performance: Parsing JUnit report file TEST-net.imglib2.ops.example.Example12Test.xml
Performance: Parsing JUnit report file TEST-net.imglib2.ops.example.Example1Test.xml
Performance: Parsing JUnit report file TEST-net.imglib2.ops.example.Example2Test.xml
Performance: Parsing JUnit report file TEST-net.imglib2.ops.example.Example3Test.xml
Performance: Parsing JUnit report file TEST-net.imglib2.ops.example.Example4Test.xml
Performance: Parsing JUnit report file TEST-net.imglib2.ops.example.Example5Test.xml
Performance: Parsing JUnit report file TEST-net.imglib2.ops.example.Example6Test.xml
Performance: Parsing JUnit report file TEST-net.imglib2.ops.example.Example7Test.xml
Performance: Parsing JUnit report file TEST-net.imglib2.ops.example.Example8Test.xml
Performance: Parsing JUnit report file TEST-net.imglib2.ops.example.Example9Test.xml
Performance: Parsing JUnit report file TEST-net.imglib2.ops.operation.binary.bool.BinaryAndNotTest.xml
Performance: Parsing JUnit report file TEST-net.imglib2.ops.operation.binary.bool.BinaryXorTest.xml
Performance: Parsing JUnit report file TEST-net.imglib2.ops.operation.binary.complex.ComplexAddTest.xml
Performance: Parsing JUnit report file TEST-net.imglib2.ops.operation.binary.complex.ComplexAvgTest.xml
Performance: Parsing JUnit report file TEST-net.imglib2.ops.operation.binary.complex.ComplexCopyLeftTest.xml
Performance: Parsing JUnit report file TEST-net.imglib2.ops.operation.binary.complex.ComplexCopyRightTest.xml
Performance: Parsing JUnit report file TEST-net.imglib2.ops.operation.binary.complex.ComplexDifferenceTest.xml
Performance: Parsing JUnit report file TEST-net.imglib2.ops.operation.binary.complex.ComplexDivideTest.xml
Performance: Parsing JUnit report file TEST-net.imglib2.ops.operation.binary.complex.ComplexMultiplyTest.xml
Performance: Parsing JUnit report file TEST-net.imglib2.ops.operation.binary.complex.ComplexPowerTest.xml
Performance: Parsing JUnit report file TEST-net.imglib2.ops.operation.binary.complex.ComplexSubtractTest.xml
Performance: Parsing JUnit report file TEST-net.imglib2.ops.operation.randomaccessibleinterval.unary.regiongrowing.CCATest.xml
Performance: Parsing JUnit report file TEST-net.imglib2.ops.operation.unary.complex.ComplexExpTest.xml
Performance: Parsing JUnit report file TEST-net.imglib2.ops.operation.unary.complex.ComplexIntegerPowerTest.xml
Performance: Parsing JUnit report file TEST-net.imglib2.ops.operation.unary.complex.ComplexLogTest.xml
Performance: Parsing JUnit report file TEST-net.imglib2.ops.operation.unary.complex.ComplexReciprocalTest.xml
Performance: Parsing JUnit report file TEST-net.imglib2.ops.pointset.ConditionalPointSetIteratorTest.xml
Performance: Parsing JUnit report file TEST-net.imglib2.ops.pointset.ConditionalPointSetTest.xml
Performance: Parsing JUnit report file TEST-net.imglib2.ops.pointset.GeneralPointSetIteratorTest.xml
Performance: Parsing JUnit report file TEST-net.imglib2.ops.pointset.GeneralPointSetTest.xml
Performance: Parsing JUnit report file TEST-net.imglib2.ops.pointset.HyperVolumePointSetIteratorTest.xml
Performance: Parsing JUnit report file TEST-net.imglib2.ops.pointset.HyperVolumePointSetTest.xml
Performance: Parsing JUnit report file TEST-net.imglib2.ops.pointset.IterableIntervalPointSetIteratorTest.xml
Performance: Parsing JUnit report file TEST-net.imglib2.ops.pointset.IterableIntervalPointSetTest.xml
Performance: Parsing JUnit report file TEST-net.imglib2.ops.pointset.OnePointSetIteratorTest.xml
Performance: Parsing JUnit report file TEST-net.imglib2.ops.pointset.OnePointSetTest.xml
Performance: Parsing JUnit report file TEST-net.imglib2.ops.pointset.PointSetComplementIteratorTest.xml
Performance: Parsing JUnit report file TEST-net.imglib2.ops.pointset.PointSetComplementTest.xml
Performance: Parsing JUnit report file TEST-net.imglib2.ops.pointset.PointSetDifferenceIteratorTest.xml
Performance: Parsing JUnit report file TEST-net.imglib2.ops.pointset.PointSetDifferenceTest.xml
Performance: Parsing JUnit report file TEST-net.imglib2.ops.pointset.PointSetIntersectionIteratorTest.xml
Performance: Parsing JUnit report file TEST-net.imglib2.ops.pointset.PointSetIntersectionTest.xml
Performance: Parsing JUnit report file TEST-net.imglib2.ops.pointset.PointSetUnionIteratorTest.xml
Performance: Parsing JUnit report file TEST-net.imglib2.ops.pointset.PointSetUnionTest.xml
Performance: Parsing JUnit report file TEST-net.imglib2.ops.pointset.RoiPointSetIteratorTest.xml
Performance: Parsing JUnit report file TEST-net.imglib2.ops.pointset.RoiPointSetTest.xml
Performance: Parsing JUnit report file TEST-net.imglib2.ops.pointset.TextSpecifiedPointSetIteratorTest.xml
Performance: Parsing JUnit report file TEST-net.imglib2.ops.pointset.TextSpecifiedPointSetTest.xml
Performance: Parsing JUnit report file TEST-script.imglib.test.TestBufferedImageImg.xml
Performance: Parsing JUnit report file TEST-script.imglib.test.TestExtend.xml
Performance: Parsing JUnit report file TEST-script.imglib.test.TestIntegralImage.xml
Performance: Parsing JUnit report file TEST-script.imglib.test.TestIntegralImagePerformance.xml
Performance: Parsing JUnit report file TEST-script.imglib.test.TestReduce.xml
Performance: Parsing JUnit report file TEST-script.imglib.test.TestTransformations.xml
Performance: File TEST-HistogramTest.xml reported 0.0% of errors [SUCCESS]. Build status is: FAILURE
Performance: File TEST-tests.labeling.AllConnectedComponentsTest.xml reported 0.0% of errors [SUCCESS]. Build status is: FAILURE
Performance: File TEST-tests.labeling.WatershedTest.xml reported 0.0% of errors [SUCCESS]. Build status is: FAILURE
Performance: File TEST-tests.BasicTest.xml reported 0.0% of errors [SUCCESS]. Build status is: FAILURE
Performance: File TEST-tests.TestSortedGrayLevelIterator.xml reported 0.0% of errors [SUCCESS]. Build status is: FAILURE
Performance: File TEST-tests.labeling.LabelingTest.xml reported 0.0% of errors [SUCCESS]. Build status is: FAILURE
Performance: File TEST-SquareTest.xml reported 0.0% of errors [SUCCESS]. Build status is: FAILURE
Performance: File TEST-imglib.ops.Rev2FunctionalIdeasTest.xml reported 0.0% of errors [SUCCESS]. Build status is: FAILURE
Performance: File TEST-script.imglib.test.TestPlot.xml reported 0.0% of errors [SUCCESS]. Build status is: FAILURE
Performance: File TEST-net.imglib2.algorithm.kdtree.VolumetricSearchTest.xml reported 0.0% of errors [SUCCESS]. Build status is: FAILURE
Performance: File TEST-tests.labeling.AllConnectedComponentsTest.xml reported 0.0% of errors [SUCCESS]. Build status is: FAILURE
Performance: File TEST-tests.labeling.WatershedTest.xml reported 0.0% of errors [SUCCESS]. Build status is: FAILURE
Performance: File TEST-net.imglib2.algorithm.fft.FFTTest.xml reported 0.0% of errors [SUCCESS]. Build status is: FAILURE
Performance: File TEST-net.imglib2.algorithm.region.BresenhamLineTest.xml reported 0.0% of errors [SUCCESS]. Build status is: FAILURE
Performance: File TEST-net.imglib2.BinningTest.xml reported 0.0% of errors [SUCCESS]. Build status is: FAILURE
Performance: File TEST-net.imglib2.IterableIntervalSubsetTest.xml reported 0.0% of errors [SUCCESS]. Build status is: FAILURE
Performance: File TEST-net.imglib2.PointTest.xml reported 0.0% of errors [SUCCESS]. Build status is: FAILURE
Performance: File TEST-net.imglib2.RealPointTest.xml reported 0.0% of errors [SUCCESS]. Build status is: FAILURE
Performance: File TEST-net.imglib2.TestAbstractRealLocalizable.xml reported 0.0% of errors [SUCCESS]. Build status is: FAILURE
Performance: File TEST-net.imglib2.collection.RealPointSampleListTest.xml reported 0.0% of errors [SUCCESS]. Build status is: FAILURE
Performance: File TEST-net.imglib2.img.cell.CellContainerFactoryTest.xml reported 0.0% of errors [SUCCESS]. Build status is: FAILURE
Performance: File TEST-net.imglib2.img.cell.CellContainerTest.xml reported 0.0% of errors [SUCCESS]. Build status is: FAILURE
Performance: File TEST-net.imglib2.img.cell.CellCursorTest.xml reported 0.0% of errors [SUCCESS]. Build status is: FAILURE
Performance: File TEST-net.imglib2.img.cell.CellTest.xml reported 0.0% of errors [SUCCESS]. Build status is: FAILURE
Performance: File TEST-net.imglib2.img.cell.CopyTest.xml reported 0.0% of errors [SUCCESS]. Build status is: FAILURE
Performance: File TEST-net.imglib2.img.list.CopyTest.xml reported 0.0% of errors [SUCCESS]. Build status is: FAILURE
Performance: File TEST-net.imglib2.img.planar.CopyTest.xml reported 0.0% of errors [SUCCESS]. Build status is: FAILURE
Performance: File TEST-net.imglib2.img.sparse.NtreeTest.xml reported 0.0% of errors [SUCCESS]. Build status is: FAILURE
Performance: File TEST-net.imglib2.img.transform.ImgTranslationAdapterTest.xml reported 0.0% of errors [SUCCESS]. Build status is: FAILURE
Performance: File TEST-net.imglib2.nearestneighbor.KDTreeTest.xml reported 0.0% of errors [SUCCESS]. Build status is: FAILURE
Performance: File TEST-net.imglib2.nearestneighbor.NearestNeighborSearchOnIterableRealIntervalTest.xml reported 0.0% of errors [SUCCESS]. Build status is: FAILURE
Performance: File TEST-net.imglib2.outofbounds.OutOfBoundsBorderTest.xml reported 0.0% of errors [SUCCESS]. Build status is: FAILURE
Performance: File TEST-net.imglib2.outofbounds.OutOfBoundsMirrorDoubleBoundaryTest.xml reported 0.0% of errors [SUCCESS]. Build status is: FAILURE
Performance: File TEST-net.imglib2.outofbounds.OutOfBoundsMirrorSingleBoundaryTest.xml reported 0.0% of errors [SUCCESS]. Build status is: FAILURE
Performance: File TEST-net.imglib2.outofbounds.OutOfBoundsPeriodicTest.xml reported 0.0% of errors [SUCCESS]. Build status is: FAILURE
Performance: File TEST-net.imglib2.position.transform.FloorOffsetTest.xml reported 0.0% of errors [SUCCESS]. Build status is: FAILURE
Performance: File TEST-net.imglib2.roi.AbstractIterableRegionOfInterestTest.xml reported 0.0% of errors [SUCCESS]. Build status is: FAILURE
Performance: File TEST-net.imglib2.roi.BinaryMaskRegionOfInterestTest.xml reported 0.0% of errors [SUCCESS]. Build status is: FAILURE
Performance: File TEST-net.imglib2.roi.CompositeRegionOfInterestTest.xml reported 0.0% of errors [SUCCESS]. Build status is: FAILURE
Performance: File TEST-net.imglib2.roi.EllipseRegionOfInterestTest.xml reported 0.0% of errors [SUCCESS]. Build status is: FAILURE
Performance: File TEST-net.imglib2.roi.GeneralPathRegionOfInterestTest.xml reported 0.0% of errors [SUCCESS]. Build status is: FAILURE
Performance: File TEST-net.imglib2.roi.PolygonRegionOfInterestTest.xml reported 0.0% of errors [SUCCESS]. Build status is: FAILURE
Performance: File TEST-net.imglib2.roi.RectangleRegionOfInterestTest.xml reported 0.0% of errors [SUCCESS]. Build status is: FAILURE
Performance: File TEST-net.imglib2.sampler.special.TestConstantRandomAccessible.xml reported 0.0% of errors [SUCCESS]. Build status is: FAILURE
Performance: File TEST-net.imglib2.sampler.special.TestConstantRealRandomAccessible.xml reported 0.0% of errors [SUCCESS]. Build status is: FAILURE
Performance: File TEST-net.imglib2.util.ImgUtilTest.xml reported 0.0% of errors [SUCCESS]. Build status is: FAILURE
Performance: File TEST-net.imglib2.util.KthElementTest.xml reported 0.0% of errors [SUCCESS]. Build status is: FAILURE
Performance: File TEST-net.imglib2.util.LinAlgHelpersTest.xml reported 0.0% of errors [SUCCESS]. Build status is: FAILURE
Performance: File TEST-net.imglib2.util.PartitionTest.xml reported 0.0% of errors [SUCCESS]. Build status is: FAILURE
Performance: File TEST-net.imglib2.util.RealSumTest.xml reported 0.0% of errors [SUCCESS]. Build status is: FAILURE
Performance: File TEST-net.imglib2.view.HyperSliceImgPlusTest.xml reported 0.0% of errors [SUCCESS]. Build status is: FAILURE
Performance: File TEST-net.imglib2.view.RandomAccessTest.xml reported 0.0% of errors [SUCCESS]. Build status is: FAILURE
Performance: File TEST-net.imglib2.view.RandomAccessibleIntervalCursorTest.xml reported 0.0% of errors [SUCCESS]. Build status is: FAILURE
Performance: File TEST-net.imglib2.view.SequentializeTransformTest.xml reported 0.0% of errors [SUCCESS]. Build status is: FAILURE
Performance: File TEST-tests.BasicTest.xml reported 0.0% of errors [SUCCESS]. Build status is: FAILURE
Performance: File TEST-tests.labeling.LabelingOutOfBoundsTest.xml reported 0.0% of errors [SUCCESS]. Build status is: FAILURE
Performance: File TEST-tests.labeling.LabelingTest.xml reported 0.0% of errors [SUCCESS]. Build status is: FAILURE
Performance: File TEST-tests.labeling.SparseLabelingTest.xml reported 0.0% of errors [SUCCESS]. Build status is: FAILURE
Performance: File TEST-tests.roi.TestAbstractRegionOfInterest.xml reported 0.0% of errors [SUCCESS]. Build status is: FAILURE
Performance: File TEST-net.imglib2.img.ImagePlusAdapterTest.xml reported 0.0% of errors [SUCCESS]. Build status is: FAILURE
Performance: File TEST-net.imglib2.img.ImgTest.xml reported 0.0% of errors [SUCCESS]. Build status is: FAILURE
Performance: File TEST-net.imglib2.io.img.virtual.VirtualImgTest.xml reported 0.0% of errors [SUCCESS]. Build status is: FAILURE
Performance: File TEST-net.imglib2.ops.example.Example10Test.xml reported 0.0% of errors [SUCCESS]. Build status is: FAILURE
Performance: File TEST-net.imglib2.ops.example.Example11Test.xml reported 0.0% of errors [SUCCESS]. Build status is: FAILURE
Performance: File TEST-net.imglib2.ops.example.Example12Test.xml reported 0.0% of errors [SUCCESS]. Build status is: FAILURE
Performance: File TEST-net.imglib2.ops.example.Example1Test.xml reported 0.0% of errors [SUCCESS]. Build status is: FAILURE
Performance: File TEST-net.imglib2.ops.example.Example2Test.xml reported 0.0% of errors [SUCCESS]. Build status is: FAILURE
Performance: File TEST-net.imglib2.ops.example.Example3Test.xml reported 0.0% of errors [SUCCESS]. Build status is: FAILURE
Performance: File TEST-net.imglib2.ops.example.Example4Test.xml reported 0.0% of errors [SUCCESS]. Build status is: FAILURE
Performance: File TEST-net.imglib2.ops.example.Example5Test.xml reported 0.0% of errors [SUCCESS]. Build status is: FAILURE
Performance: File TEST-net.imglib2.ops.example.Example6Test.xml reported 0.0% of errors [SUCCESS]. Build status is: FAILURE
Performance: File TEST-net.imglib2.ops.example.Example7Test.xml reported 0.0% of errors [SUCCESS]. Build status is: FAILURE
Performance: File TEST-net.imglib2.ops.example.Example8Test.xml reported 0.0% of errors [SUCCESS]. Build status is: FAILURE
Performance: File TEST-net.imglib2.ops.example.Example9Test.xml reported 0.0% of errors [SUCCESS]. Build status is: FAILURE
Performance: File TEST-net.imglib2.ops.operation.binary.bool.BinaryAndNotTest.xml reported 0.0% of errors [SUCCESS]. Build status is: FAILURE
Performance: File TEST-net.imglib2.ops.operation.binary.bool.BinaryXorTest.xml reported 0.0% of errors [SUCCESS]. Build status is: FAILURE
Performance: File TEST-net.imglib2.ops.operation.binary.complex.ComplexAddTest.xml reported 0.0% of errors [SUCCESS]. Build status is: FAILURE
Performance: File TEST-net.imglib2.ops.operation.binary.complex.ComplexAvgTest.xml reported 0.0% of errors [SUCCESS]. Build status is: FAILURE
Performance: File TEST-net.imglib2.ops.operation.binary.complex.ComplexCopyLeftTest.xml reported 0.0% of errors [SUCCESS]. Build status is: FAILURE
Performance: File TEST-net.imglib2.ops.operation.binary.complex.ComplexCopyRightTest.xml reported 0.0% of errors [SUCCESS]. Build status is: FAILURE
Performance: File TEST-net.imglib2.ops.operation.binary.complex.ComplexDifferenceTest.xml reported 0.0% of errors [SUCCESS]. Build status is: FAILURE
Performance: File TEST-net.imglib2.ops.operation.binary.complex.ComplexDivideTest.xml reported 0.0% of errors [SUCCESS]. Build status is: FAILURE
Performance: File TEST-net.imglib2.ops.operation.binary.complex.ComplexMultiplyTest.xml reported 0.0% of errors [SUCCESS]. Build status is: FAILURE
Performance: File TEST-net.imglib2.ops.operation.binary.complex.ComplexPowerTest.xml reported 0.0% of errors [SUCCESS]. Build status is: FAILURE
Performance: File TEST-net.imglib2.ops.operation.binary.complex.ComplexSubtractTest.xml reported 0.0% of errors [SUCCESS]. Build status is: FAILURE
Performance: File TEST-net.imglib2.ops.operation.randomaccessibleinterval.unary.regiongrowing.CCATest.xml reported 0.0% of errors [SUCCESS]. Build status is: FAILURE
Performance: File TEST-net.imglib2.ops.operation.unary.complex.ComplexExpTest.xml reported 0.0% of errors [SUCCESS]. Build status is: FAILURE
Performance: File TEST-net.imglib2.ops.operation.unary.complex.ComplexIntegerPowerTest.xml reported 0.0% of errors [SUCCESS]. Build status is: FAILURE
Performance: File TEST-net.imglib2.ops.operation.unary.complex.ComplexLogTest.xml reported 0.0% of errors [SUCCESS]. Build status is: FAILURE
Performance: File TEST-net.imglib2.ops.operation.unary.complex.ComplexReciprocalTest.xml reported 0.0% of errors [SUCCESS]. Build status is: FAILURE
Performance: File TEST-net.imglib2.ops.pointset.ConditionalPointSetIteratorTest.xml reported 0.0% of errors [SUCCESS]. Build status is: FAILURE
Performance: File TEST-net.imglib2.ops.pointset.ConditionalPointSetTest.xml reported 0.0% of errors [SUCCESS]. Build status is: FAILURE
Performance: File TEST-net.imglib2.ops.pointset.GeneralPointSetIteratorTest.xml reported 0.0% of errors [SUCCESS]. Build status is: FAILURE
Performance: File TEST-net.imglib2.ops.pointset.GeneralPointSetTest.xml reported 0.0% of errors [SUCCESS]. Build status is: FAILURE
Performance: File TEST-net.imglib2.ops.pointset.HyperVolumePointSetIteratorTest.xml reported 0.0% of errors [SUCCESS]. Build status is: FAILURE
Performance: File TEST-net.imglib2.ops.pointset.HyperVolumePointSetTest.xml reported 0.0% of errors [SUCCESS]. Build status is: FAILURE
Performance: File TEST-net.imglib2.ops.pointset.IterableIntervalPointSetIteratorTest.xml reported 0.0% of errors [SUCCESS]. Build status is: FAILURE
Performance: File TEST-net.imglib2.ops.pointset.IterableIntervalPointSetTest.xml reported 0.0% of errors [SUCCESS]. Build status is: FAILURE
Performance: File TEST-net.imglib2.ops.pointset.OnePointSetIteratorTest.xml reported 0.0% of errors [SUCCESS]. Build status is: FAILURE
Performance: File TEST-net.imglib2.ops.pointset.OnePointSetTest.xml reported 0.0% of errors [SUCCESS]. Build status is: FAILURE
Performance: File TEST-net.imglib2.ops.pointset.PointSetComplementIteratorTest.xml reported 0.0% of errors [SUCCESS]. Build status is: FAILURE
Performance: File TEST-net.imglib2.ops.pointset.PointSetComplementTest.xml reported 0.0% of errors [SUCCESS]. Build status is: FAILURE
Performance: File TEST-net.imglib2.ops.pointset.PointSetDifferenceIteratorTest.xml reported 0.0% of errors [SUCCESS]. Build status is: FAILURE
Performance: File TEST-net.imglib2.ops.pointset.PointSetDifferenceTest.xml reported 0.0% of errors [SUCCESS]. Build status is: FAILURE
Performance: File TEST-net.imglib2.ops.pointset.PointSetIntersectionIteratorTest.xml reported 0.0% of errors [SUCCESS]. Build status is: FAILURE
Performance: File TEST-net.imglib2.ops.pointset.PointSetIntersectionTest.xml reported 0.0% of errors [SUCCESS]. Build status is: FAILURE
Performance: File TEST-net.imglib2.ops.pointset.PointSetUnionIteratorTest.xml reported 0.0% of errors [SUCCESS]. Build status is: FAILURE
Performance: File TEST-net.imglib2.ops.pointset.PointSetUnionTest.xml reported 0.0% of errors [SUCCESS]. Build status is: FAILURE
Performance: File TEST-net.imglib2.ops.pointset.RoiPointSetIteratorTest.xml reported 0.0% of errors [SUCCESS]. Build status is: FAILURE
Performance: File TEST-net.imglib2.ops.pointset.RoiPointSetTest.xml reported 0.0% of errors [SUCCESS]. Build status is: FAILURE
Performance: File TEST-net.imglib2.ops.pointset.TextSpecifiedPointSetIteratorTest.xml reported 0.0% of errors [SUCCESS]. Build status is: FAILURE
Performance: File TEST-net.imglib2.ops.pointset.TextSpecifiedPointSetTest.xml reported 0.0% of errors [SUCCESS]. Build status is: FAILURE
Performance: File TEST-script.imglib.test.TestBufferedImageImg.xml reported 0.0% of errors [SUCCESS]. Build status is: FAILURE
Performance: File TEST-script.imglib.test.TestExtend.xml reported 0.0% of errors [SUCCESS]. Build status is: FAILURE
Performance: File TEST-script.imglib.test.TestIntegralImage.xml reported 0.0% of errors [SUCCESS]. Build status is: FAILURE
Performance: File TEST-script.imglib.test.TestIntegralImagePerformance.xml reported 0.0% of errors [SUCCESS]. Build status is: FAILURE
Performance: File TEST-script.imglib.test.TestReduce.xml reported 0.0% of errors [SUCCESS]. Build status is: FAILURE
Performance: File TEST-script.imglib.test.TestTransformations.xml reported 0.0% of errors [SUCCESS]. Build status is: FAILURE

</PRE>











<!--endarticle-->
    <HR>
    <P><UL>
        <!--threads-->
	<LI>Previous message: <A HREF="000880.html">[ImageJ-builds] Build failed in Jenkins: ImgLib #1403
</A></li>
	<LI>Next message: <A HREF="000882.html">[ImageJ-builds] Jenkins build is back to normal : ImgLib #1405
</A></li>
         <LI> <B>Messages sorted by:</B> 
              <a href="date.html#881">[ date ]</a>
              <a href="thread.html#881">[ thread ]</a>
              <a href="subject.html#881">[ subject ]</a>
              <a href="author.html#881">[ author ]</a>
         </LI>
       </UL>

<hr>
<a href="http://imagej.net/mailman/listinfo/imagej-builds">More information about the ImageJ-builds
mailing list</a><br>
</body></html>
