<!DOCTYPE HTML PUBLIC "-//W3C//DTD HTML 4.01 Transitional//EN">
<HTML>
 <HEAD>
   <TITLE> [ImageJ-builds] Build failed in Jenkins: ImageJ-OPS #126
   </TITLE>
   <LINK REL="Index" HREF="index.html" >
   <LINK REL="made" HREF="mailto:imagej-builds%40imagej.net?Subject=Re%3A%20%5BImageJ-builds%5D%20Build%20failed%20in%20Jenkins%3A%20ImageJ-OPS%20%23126&In-Reply-To=%3C1308273383.17.1396625202457.JavaMail.jenkins%40dev%3E">
   <META NAME="robots" CONTENT="index,nofollow">
   <style type="text/css">
       pre {
           white-space: pre-wrap;       /* css-2.1, curent FF, Opera, Safari */
           }
   </style>
   <META http-equiv="Content-Type" content="text/html; charset=us-ascii">
   <LINK REL="Previous"  HREF="003720.html">
   <LINK REL="Next"  HREF="003721.html">
 </HEAD>
 <BODY BGCOLOR="#ffffff">
   <H1>[ImageJ-builds] Build failed in Jenkins: ImageJ-OPS #126</H1>
    <B>jenkins at imagej.net</B> 
    <A HREF="mailto:imagej-builds%40imagej.net?Subject=Re%3A%20%5BImageJ-builds%5D%20Build%20failed%20in%20Jenkins%3A%20ImageJ-OPS%20%23126&In-Reply-To=%3C1308273383.17.1396625202457.JavaMail.jenkins%40dev%3E"
       TITLE="[ImageJ-builds] Build failed in Jenkins: ImageJ-OPS #126">jenkins at imagej.net
       </A><BR>
    <I>Fri Apr  4 10:26:42 CDT 2014</I>
    <P><UL>
        <LI>Previous message: <A HREF="003720.html">[ImageJ-builds] Jenkins build is back to normal :	ImageJ-1.x-patcher-windows #3
</A></li>
        <LI>Next message: <A HREF="003721.html">[ImageJ-builds] Build failed in Jenkins: ImageJ-OPS #129
</A></li>
         <LI> <B>Messages sorted by:</B> 
              <a href="date.html#3719">[ date ]</a>
              <a href="thread.html#3719">[ thread ]</a>
              <a href="subject.html#3719">[ subject ]</a>
              <a href="author.html#3719">[ author ]</a>
         </LI>
       </UL>
    <HR>  
<!--beginarticle-->
<PRE>See &lt;<A HREF="http://jenkins.imagej.net/job/ImageJ-OPS/126/changes">http://jenkins.imagej.net/job/ImageJ-OPS/126/changes</A>&gt;

Changes:

[christian.dietz] Rename AbstractFunctionJoiner to AbstractJoinFunctions

[christian.dietz] Renamed AbstractJoinFunction to AbstractJoinFunctionAndFunction

[christian.dietz] Renamed AbstractJoinInplace to AbstractJoinInplaceAndInplace

[christian.dietz] Renaming joiners and adapting other classes to these  changes

[christian.dietz] DefaultJoinFunctions: Fixed unwanted artifact

[christian.dietz] AbstractJoinFunctionAndFunction

[christian.dietz] DefaultJoinFunctions: Added plugin annotation

[christian.dietz] Let JoinFunctionAndFunction implement Function

[christian.dietz] JoinFunctions extends Function

[christian.dietz] JoinTest: Updated Test of Joiners

[Curtis Rueden] Update javadoc of join functions

------------------------------------------
[...truncated 866 lines...]
[INFO] Found 577 plugins.
[INFO] Created service: org.scijava.plugin.DefaultPluginService
[INFO] Created service: org.scijava.object.DefaultObjectService
[INFO] Created service: imagej.module.DefaultModuleService
[INFO] Created service: imagej.command.DefaultCommandService
[INFO] Created service: imagej.ops.DefaultOpMatchingService
[INFO] Created service: imagej.ops.DefaultOpService
[INFO] Found 1 Optimizer plugins.
[INFO] Created service: org.scijava.log.StderrLogService
[INFO] Created service: org.scijava.thread.DefaultThreadService
[INFO] Created service: org.scijava.event.DefaultEventService
[INFO] Found 577 plugins.
[INFO] Created service: org.scijava.plugin.DefaultPluginService
[INFO] Created service: org.scijava.object.DefaultObjectService
[INFO] Created service: imagej.module.DefaultModuleService
[INFO] Created service: imagej.command.DefaultCommandService
[INFO] Created service: imagej.ops.DefaultOpMatchingService
[INFO] Created service: imagej.ops.DefaultOpService
[INFO] Found 1 Optimizer plugins.
[INFO] Created service: org.scijava.log.StderrLogService
[INFO] Created service: org.scijava.thread.DefaultThreadService
[INFO] Created service: org.scijava.event.DefaultEventService
[INFO] Found 577 plugins.
[INFO] Created service: org.scijava.plugin.DefaultPluginService
[INFO] Created service: org.scijava.object.DefaultObjectService
[INFO] Created service: imagej.module.DefaultModuleService
[INFO] Created service: imagej.command.DefaultCommandService
[INFO] Created service: imagej.ops.DefaultOpMatchingService
[INFO] Created service: imagej.ops.DefaultOpService
[INFO] Found 1 Optimizer plugins.
[INFO] Created service: org.scijava.log.StderrLogService
[INFO] Created service: org.scijava.thread.DefaultThreadService
[INFO] Created service: org.scijava.event.DefaultEventService
[INFO] Found 577 plugins.
[INFO] Created service: org.scijava.plugin.DefaultPluginService
[INFO] Created service: org.scijava.object.DefaultObjectService
[INFO] Created service: imagej.module.DefaultModuleService
[INFO] Created service: imagej.command.DefaultCommandService
[INFO] Created service: imagej.ops.DefaultOpMatchingService
[INFO] Created service: imagej.ops.DefaultOpService
[INFO] Found 1 Optimizer plugins.
[INFO] Created service: org.scijava.log.StderrLogService
[INFO] Created service: org.scijava.thread.DefaultThreadService
[INFO] Created service: org.scijava.event.DefaultEventService
[INFO] Found 577 plugins.
[INFO] Created service: org.scijava.plugin.DefaultPluginService
[INFO] Created service: org.scijava.object.DefaultObjectService
[INFO] Created service: imagej.module.DefaultModuleService
[INFO] Created service: imagej.command.DefaultCommandService
[INFO] Created service: imagej.ops.DefaultOpMatchingService
[INFO] Created service: imagej.ops.DefaultOpService
[INFO] Found 1 Optimizer plugins.
[INFO] Created service: org.scijava.log.StderrLogService
[INFO] Created service: org.scijava.thread.DefaultThreadService
[INFO] Created service: org.scijava.event.DefaultEventService
[INFO] Found 577 plugins.
[INFO] Created service: org.scijava.plugin.DefaultPluginService
[INFO] Created service: org.scijava.object.DefaultObjectService
[INFO] Created service: imagej.module.DefaultModuleService
[INFO] Created service: imagej.command.DefaultCommandService
[INFO] Created service: imagej.ops.DefaultOpMatchingService
[INFO] Created service: imagej.ops.DefaultOpService
[INFO] Created service: org.scijava.log.StderrLogService
[INFO] Created service: org.scijava.thread.DefaultThreadService
[INFO] Created service: org.scijava.event.DefaultEventService
[INFO] Found 577 plugins.
[INFO] Created service: org.scijava.plugin.DefaultPluginService
[INFO] Created service: org.scijava.object.DefaultObjectService
[INFO] Created service: imagej.module.DefaultModuleService
[INFO] Created service: imagej.command.DefaultCommandService
[INFO] Created service: imagej.ops.DefaultOpMatchingService
[INFO] Created service: imagej.ops.DefaultOpService
[INFO] Found 1 Optimizer plugins.
[INFO] Created service: org.scijava.log.StderrLogService
[INFO] Created service: org.scijava.thread.DefaultThreadService
[INFO] Created service: org.scijava.event.DefaultEventService
[INFO] Found 577 plugins.
[INFO] Created service: org.scijava.plugin.DefaultPluginService
[INFO] Created service: org.scijava.object.DefaultObjectService
[INFO] Created service: imagej.module.DefaultModuleService
[INFO] Created service: imagej.command.DefaultCommandService
[INFO] Created service: imagej.ops.DefaultOpMatchingService
[INFO] Created service: imagej.ops.DefaultOpService
[INFO] Found 1 Optimizer plugins.
Tests run: 10, Failures: 0, Errors: 0, Skipped: 0, Time elapsed: 0.209 sec - in imagej.ops.OpServiceTest
Running imagej.ops.scale.ScaleImgTest
[INFO] Created service: org.scijava.log.StderrLogService
[INFO] Created service: org.scijava.thread.DefaultThreadService
[INFO] Created service: org.scijava.event.DefaultEventService
[INFO] Found 577 plugins.
[INFO] Created service: org.scijava.plugin.DefaultPluginService
[INFO] Created service: org.scijava.object.DefaultObjectService
[INFO] Created service: imagej.module.DefaultModuleService
[INFO] Created service: imagej.command.DefaultCommandService
[INFO] Created service: imagej.ops.DefaultOpMatchingService
[INFO] Created service: imagej.ops.DefaultOpService
[INFO] Found 1 Optimizer plugins.
Tests run: 1, Failures: 0, Errors: 0, Skipped: 0, Time elapsed: 0.034 sec - in imagej.ops.scale.ScaleImgTest

Results :

Tests in error: 
  LoopTest.testFunctionalEven:85 &#187; IllegalArgument No matching 'imagej.ops.loop....
  LoopTest.testFunctionalOdd:97 &#187; IllegalArgument No matching 'imagej.ops.loop.L...

Tests run: 73, Failures: 0, Errors: 2, Skipped: 4

[INFO] ------------------------------------------------------------------------
[INFO] BUILD FAILURE
[INFO] ------------------------------------------------------------------------
[INFO] Total time: 27.257s
[INFO] Finished at: Fri Apr 04 10:26:41 CDT 2014
[INFO] Final Memory: 33M/370M
[INFO] ------------------------------------------------------------------------
[ERROR] Failed to execute goal org.apache.maven.plugins:maven-surefire-plugin:2.16:test (default-test) on project ij-ops: There are test failures.
[ERROR] 
[ERROR] Please refer to /data/devel/jenkins/jobs/ImageJ-OPS/workspace/target/surefire-reports for the individual test results.
[ERROR] -&gt; [Help 1]
[ERROR] 
[ERROR] To see the full stack trace of the errors, re-run Maven with the -e switch.
[ERROR] Re-run Maven using the -X switch to enable full debug logging.
[ERROR] 
[ERROR] For more information about the errors and possible solutions, please read the following articles:
[ERROR] [Help 1] <A HREF="http://cwiki.apache.org/confluence/display/MAVEN/MojoFailureException">http://cwiki.apache.org/confluence/display/MAVEN/MojoFailureException</A>
Build step 'Invoke top-level Maven targets' marked build as failure
Archiving artifacts
Build step 'Groovy Postbuild' marked build as failure
Recording test results
Performance: Percentage of errors greater or equal than 0% sets the build as unstable
Performance: Percentage of errors greater or equal than 0% sets the build as failure



Performance: Recording JUnit reports '**/TEST-*.xml'
TEST-imagej.ops.OpMatchingServiceTest.xml has an average of: 29
Performance: File TEST-imagej.ops.OpMatchingServiceTest.xml reported 0.0% of errors [SUCCESS]. Build status is: FAILURE



TEST-imagej.ops.OpServiceTest.xml has an average of: 20
Performance: File TEST-imagej.ops.OpServiceTest.xml reported 0.0% of errors [SUCCESS]. Build status is: FAILURE



TEST-imagej.ops.arithmetic.add.AddConstantToNumericTypeTest.xml has an average of: 60
Performance: File TEST-imagej.ops.arithmetic.add.AddConstantToNumericTypeTest.xml reported 0.0% of errors [SUCCESS]. Build status is: FAILURE



TEST-imagej.ops.benchmark.AddOpBenchmarkTest.xml has an average of: 1574
Performance: File TEST-imagej.ops.benchmark.AddOpBenchmarkTest.xml reported 0.0% of errors [SUCCESS]. Build status is: FAILURE



TEST-imagej.ops.benchmark.MappersBenchmarkTest.xml has an average of: 199
Performance: File TEST-imagej.ops.benchmark.MappersBenchmarkTest.xml reported 0.0% of errors [SUCCESS]. Build status is: FAILURE



TEST-imagej.ops.convert.ConvertIITest.xml has an average of: 65
Performance: File TEST-imagej.ops.convert.ConvertIITest.xml reported 0.0% of errors [SUCCESS]. Build status is: FAILURE



TEST-imagej.ops.convolve.ConvolveTest.xml has an average of: 22
Performance: File TEST-imagej.ops.convolve.ConvolveTest.xml reported 0.0% of errors [SUCCESS]. Build status is: FAILURE



TEST-imagej.ops.convolve.GaussTest.xml has an average of: 44
Performance: File TEST-imagej.ops.convolve.GaussTest.xml reported 0.0% of errors [SUCCESS]. Build status is: FAILURE



TEST-imagej.ops.crop.CropTest.xml has an average of: 28
Performance: File TEST-imagej.ops.crop.CropTest.xml reported 0.0% of errors [SUCCESS]. Build status is: FAILURE



TEST-imagej.ops.crop.CroppedIterableIntervalTest.xml has an average of: 70
Performance: File TEST-imagej.ops.crop.CroppedIterableIntervalTest.xml reported 0.0% of errors [SUCCESS]. Build status is: FAILURE



TEST-imagej.ops.identity.IdentityTest.xml has an average of: 557
Performance: File TEST-imagej.ops.identity.IdentityTest.xml reported 0.0% of errors [SUCCESS]. Build status is: FAILURE



TEST-imagej.ops.invert.InvertTest.xml has an average of: 31
Performance: File TEST-imagej.ops.invert.InvertTest.xml reported 0.0% of errors [SUCCESS]. Build status is: FAILURE



TEST-imagej.ops.join.JoinTest.xml has an average of: 30
Performance: File TEST-imagej.ops.join.JoinTest.xml reported 0.0% of errors [SUCCESS]. Build status is: FAILURE



TEST-imagej.ops.loop.LoopTest.xml has an average of: 44
Performance: File TEST-imagej.ops.loop.LoopTest.xml reported 0.0% of errors [SUCCESS]. Build status is: FAILURE



TEST-imagej.ops.map.MapTest.xml has an average of: 53
Performance: File TEST-imagej.ops.map.MapTest.xml reported 0.0% of errors [SUCCESS]. Build status is: FAILURE



TEST-imagej.ops.map.parallel.ThreadedMapTest.xml has an average of: 34
Performance: File TEST-imagej.ops.map.parallel.ThreadedMapTest.xml reported 0.0% of errors [SUCCESS]. Build status is: FAILURE



TEST-imagej.ops.map.view.MapViewTest.xml has an average of: 53
Performance: File TEST-imagej.ops.map.view.MapViewTest.xml reported 0.0% of errors [SUCCESS]. Build status is: FAILURE



TEST-imagej.ops.normalize.NormalizeTest.xml has an average of: 24
Performance: File TEST-imagej.ops.normalize.NormalizeTest.xml reported 0.0% of errors [SUCCESS]. Build status is: FAILURE



TEST-imagej.ops.onthefly.OnTheFlyTest.xml has an average of: 57
Performance: File TEST-imagej.ops.onthefly.OnTheFlyTest.xml reported 0.0% of errors [SUCCESS]. Build status is: FAILURE



TEST-imagej.ops.project.ProjectTest.xml has an average of: 29
Performance: File TEST-imagej.ops.project.ProjectTest.xml reported 0.0% of errors [SUCCESS]. Build status is: FAILURE



TEST-imagej.ops.scale.ScaleImgTest.xml has an average of: 34
Performance: File TEST-imagej.ops.scale.ScaleImgTest.xml reported 0.0% of errors [SUCCESS]. Build status is: FAILURE



TEST-imagej.ops.threading.ChunkExecutorBenchmarkTest.xml has an average of: 170
Performance: File TEST-imagej.ops.threading.ChunkExecutorBenchmarkTest.xml reported 0.0% of errors [SUCCESS]. Build status is: FAILURE



TEST-imagej.ops.threshold.LocalThresholdTest.xml has an average of: 41
Performance: File TEST-imagej.ops.threshold.LocalThresholdTest.xml reported 0.0% of errors [SUCCESS]. Build status is: FAILURE




</PRE>



<!--endarticle-->
    <HR>
    <P><UL>
        <!--threads-->
	<LI>Previous message: <A HREF="003720.html">[ImageJ-builds] Jenkins build is back to normal :	ImageJ-1.x-patcher-windows #3
</A></li>
	<LI>Next message: <A HREF="003721.html">[ImageJ-builds] Build failed in Jenkins: ImageJ-OPS #129
</A></li>
         <LI> <B>Messages sorted by:</B> 
              <a href="date.html#3719">[ date ]</a>
              <a href="thread.html#3719">[ thread ]</a>
              <a href="subject.html#3719">[ subject ]</a>
              <a href="author.html#3719">[ author ]</a>
         </LI>
       </UL>

<hr>
<a href="http://imagej.net/mailman/listinfo/imagej-builds">More information about the ImageJ-builds
mailing list</a><br>
</body></html>
