<!DOCTYPE HTML PUBLIC "-//W3C//DTD HTML 4.01 Transitional//EN">
<HTML>
 <HEAD>
   <TITLE> [ImageJ-builds] Build failed in Jenkins: ImageJ-1.x-patcher-windows	#17
   </TITLE>
   <LINK REL="Index" HREF="index.html" >
   <LINK REL="made" HREF="mailto:imagej-builds%40imagej.net?Subject=Re%3A%20%5BImageJ-builds%5D%20Build%20failed%20in%20Jenkins%3A%20ImageJ-1.x-patcher-windows%0A%09%2317&In-Reply-To=%3C47232046.139.1398778648239.JavaMail.jenkins%40dev%3E">
   <META NAME="robots" CONTENT="index,nofollow">
   <style type="text/css">
       pre {
           white-space: pre-wrap;       /* css-2.1, curent FF, Opera, Safari */
           }
   </style>
   <META http-equiv="Content-Type" content="text/html; charset=us-ascii">
   <LINK REL="Previous"  HREF="004061.html">
   <LINK REL="Next"  HREF="004064.html">
 </HEAD>
 <BODY BGCOLOR="#ffffff">
   <H1>[ImageJ-builds] Build failed in Jenkins: ImageJ-1.x-patcher-windows	#17</H1>
    <B>jenkins at imagej.net</B> 
    <A HREF="mailto:imagej-builds%40imagej.net?Subject=Re%3A%20%5BImageJ-builds%5D%20Build%20failed%20in%20Jenkins%3A%20ImageJ-1.x-patcher-windows%0A%09%2317&In-Reply-To=%3C47232046.139.1398778648239.JavaMail.jenkins%40dev%3E"
       TITLE="[ImageJ-builds] Build failed in Jenkins: ImageJ-1.x-patcher-windows	#17">jenkins at imagej.net
       </A><BR>
    <I>Tue Apr 29 08:37:28 CDT 2014</I>
    <P><UL>
        <LI>Previous message: <A HREF="004061.html">[ImageJ-builds] Build failed in Jenkins:	Jarek-IJ-Plugins-Git-SVN-Mirror #512
</A></li>
        <LI>Next message: <A HREF="004064.html">[ImageJ-builds] Jenkins build is back to normal :	ImageJ-1.x-patcher-windows #18
</A></li>
         <LI> <B>Messages sorted by:</B> 
              <a href="date.html#4060">[ date ]</a>
              <a href="thread.html#4060">[ thread ]</a>
              <a href="subject.html#4060">[ subject ]</a>
              <a href="author.html#4060">[ author ]</a>
         </LI>
       </UL>
    <HR>  
<!--beginarticle-->
<PRE>See &lt;<A HREF="http://jenkins.imagej.net/job/ImageJ-1.x-patcher-windows/17/changes">http://jenkins.imagej.net/job/ImageJ-1.x-patcher-windows/17/changes</A>&gt;

Changes:

[Johannes Schindelin] Clean up LegacyEnvironment's source code

[Johannes Schindelin] Fix NullPointerException

[Johannes Schindelin] Ensure that the legacy environment is initialized before setMacroOptions

[Johannes Schindelin] Do not access LegacyHooks._pluginClasspath directly

[Johannes Schindelin] Refactor the callback handling in LegacyInjector

[Johannes Schindelin] Use the Callback method to disable the ij1.plugin.dirs handling

[Johannes Schindelin] Use the Callback method to add extra plugin class path elements

[Johannes Schindelin] Describe the Callback-based configuration in the README

[Johannes Schindelin] Make sure that LegacyHooks' fields are retained when installing new ones

------------------------------------------
[...truncated 108 lines...]
	at imagej.patcher.HeadlessEnvironmentTest.saveDialog(HeadlessEnvironmentTest.java:123)
	at sun.reflect.NativeMethodAccessorImpl.invoke0(Native Method)
	at sun.reflect.NativeMethodAccessorImpl.invoke(NativeMethodAccessorImpl.java:39)
	at sun.reflect.DelegatingMethodAccessorImpl.invoke(DelegatingMethodAccessorImpl.java:25)
	at java.lang.reflect.Method.invoke(Method.java:597)
	at org.junit.runners.model.FrameworkMethod$1.runReflectiveCall(FrameworkMethod.java:44)
	at org.junit.internal.runners.model.ReflectiveCallable.run(ReflectiveCallable.java:15)
	at org.junit.runners.model.FrameworkMethod.invokeExplosively(FrameworkMethod.java:41)
	at org.junit.internal.runners.statements.InvokeMethod.evaluate(InvokeMethod.java:20)
	at org.junit.internal.runners.statements.RunBefores.evaluate(RunBefores.java:28)
	at org.junit.internal.runners.statements.RunAfters.evaluate(RunAfters.java:31)
	at org.junit.runners.BlockJUnit4ClassRunner.runChild(BlockJUnit4ClassRunner.java:76)
	at org.junit.runners.BlockJUnit4ClassRunner.runChild(BlockJUnit4ClassRunner.java:50)
	at org.junit.runners.ParentRunner$3.run(ParentRunner.java:193)
	at org.junit.runners.ParentRunner$1.schedule(ParentRunner.java:52)
	at org.junit.runners.ParentRunner.runChildren(ParentRunner.java:191)
	at org.junit.runners.ParentRunner.access$000(ParentRunner.java:42)
	at org.junit.runners.ParentRunner$2.evaluate(ParentRunner.java:184)
	at org.junit.runners.ParentRunner.run(ParentRunner.java:236)
	at org.apache.maven.surefire.junit4.JUnit4Provider.execute(JUnit4Provider.java:264)
	at org.apache.maven.surefire.junit4.JUnit4Provider.executeTestSet(JUnit4Provider.java:153)
	at org.apache.maven.surefire.junit4.JUnit4Provider.invoke(JUnit4Provider.java:124)
	at org.apache.maven.surefire.booter.ForkedBooter.invokeProviderInSameClassLoader(ForkedBooter.java:200)
	at org.apache.maven.surefire.booter.ForkedBooter.runSuitesInProcess(ForkedBooter.java:153)
	at org.apache.maven.surefire.booter.ForkedBooter.main(ForkedBooter.java:103)
Plugin or class not found: &quot;imagej.patcher.Headless_Example_Plugin&quot;
(java.lang.ClassNotFoundException: imagej.patcher.Headless_Example_Plugin)
java.lang.NullPointerException
	at imagej.patcher.HeadlessEnvironmentTest.runExamplePlugin(HeadlessEnvironmentTest.java:144)
	at imagej.patcher.HeadlessEnvironmentTest.booleanTest(HeadlessEnvironmentTest.java:128)
	at sun.reflect.NativeMethodAccessorImpl.invoke0(Native Method)
	at sun.reflect.NativeMethodAccessorImpl.invoke(NativeMethodAccessorImpl.java:39)
	at sun.reflect.DelegatingMethodAccessorImpl.invoke(DelegatingMethodAccessorImpl.java:25)
	at java.lang.reflect.Method.invoke(Method.java:597)
	at org.junit.runners.model.FrameworkMethod$1.runReflectiveCall(FrameworkMethod.java:44)
	at org.junit.internal.runners.model.ReflectiveCallable.run(ReflectiveCallable.java:15)
	at org.junit.runners.model.FrameworkMethod.invokeExplosively(FrameworkMethod.java:41)
	at org.junit.internal.runners.statements.InvokeMethod.evaluate(InvokeMethod.java:20)
	at org.junit.internal.runners.statements.RunBefores.evaluate(RunBefores.java:28)
	at org.junit.internal.runners.statements.RunAfters.evaluate(RunAfters.java:31)
	at org.junit.runners.BlockJUnit4ClassRunner.runChild(BlockJUnit4ClassRunner.java:76)
	at org.junit.runners.BlockJUnit4ClassRunner.runChild(BlockJUnit4ClassRunner.java:50)
	at org.junit.runners.ParentRunner$3.run(ParentRunner.java:193)
	at org.junit.runners.ParentRunner$1.schedule(ParentRunner.java:52)
	at org.junit.runners.ParentRunner.runChildren(ParentRunner.java:191)
	at org.junit.runners.ParentRunner.access$000(ParentRunner.java:42)
	at org.junit.runners.ParentRunner$2.evaluate(ParentRunner.java:184)
	at org.junit.runners.ParentRunner.run(ParentRunner.java:236)
	at org.apache.maven.surefire.junit4.JUnit4Provider.execute(JUnit4Provider.java:264)
	at org.apache.maven.surefire.junit4.JUnit4Provider.executeTestSet(JUnit4Provider.java:153)
	at org.apache.maven.surefire.junit4.JUnit4Provider.invoke(JUnit4Provider.java:124)
	at org.apache.maven.surefire.booter.ForkedBooter.invokeProviderInSameClassLoader(ForkedBooter.java:200)
	at org.apache.maven.surefire.booter.ForkedBooter.runSuitesInProcess(ForkedBooter.java:153)
	at org.apache.maven.surefire.booter.ForkedBooter.main(ForkedBooter.java:103)
Plugin or class not found: &quot;imagej.patcher.Headless_Example_Plugin&quot;
(java.lang.ClassNotFoundException: imagej.patcher.Headless_Example_Plugin)
java.lang.NullPointerException
	at imagej.patcher.HeadlessEnvironmentTest.runExamplePlugin(HeadlessEnvironmentTest.java:144)
	at imagej.patcher.HeadlessEnvironmentTest.booleanTest(HeadlessEnvironmentTest.java:129)
	at sun.reflect.NativeMethodAccessorImpl.invoke0(Native Method)
	at sun.reflect.NativeMethodAccessorImpl.invoke(NativeMethodAccessorImpl.java:39)
	at sun.reflect.DelegatingMethodAccessorImpl.invoke(DelegatingMethodAccessorImpl.java:25)
	at java.lang.reflect.Method.invoke(Method.java:597)
	at org.junit.runners.model.FrameworkMethod$1.runReflectiveCall(FrameworkMethod.java:44)
	at org.junit.internal.runners.model.ReflectiveCallable.run(ReflectiveCallable.java:15)
	at org.junit.runners.model.FrameworkMethod.invokeExplosively(FrameworkMethod.java:41)
	at org.junit.internal.runners.statements.InvokeMethod.evaluate(InvokeMethod.java:20)
	at org.junit.internal.runners.statements.RunBefores.evaluate(RunBefores.java:28)
	at org.junit.internal.runners.statements.RunAfters.evaluate(RunAfters.java:31)
	at org.junit.runners.BlockJUnit4ClassRunner.runChild(BlockJUnit4ClassRunner.java:76)
	at org.junit.runners.BlockJUnit4ClassRunner.runChild(BlockJUnit4ClassRunner.java:50)
	at org.junit.runners.ParentRunner$3.run(ParentRunner.java:193)
	at org.junit.runners.ParentRunner$1.schedule(ParentRunner.java:52)
	at org.junit.runners.ParentRunner.runChildren(ParentRunner.java:191)
	at org.junit.runners.ParentRunner.access$000(ParentRunner.java:42)
	at org.junit.runners.ParentRunner$2.evaluate(ParentRunner.java:184)
	at org.junit.runners.ParentRunner.run(ParentRunner.java:236)
	at org.apache.maven.surefire.junit4.JUnit4Provider.execute(JUnit4Provider.java:264)
	at org.apache.maven.surefire.junit4.JUnit4Provider.executeTestSet(JUnit4Provider.java:153)
	at org.apache.maven.surefire.junit4.JUnit4Provider.invoke(JUnit4Provider.java:124)
	at org.apache.maven.surefire.booter.ForkedBooter.invokeProviderInSameClassLoader(ForkedBooter.java:200)
	at org.apache.maven.surefire.booter.ForkedBooter.runSuitesInProcess(ForkedBooter.java:153)
	at org.apache.maven.surefire.booter.ForkedBooter.main(ForkedBooter.java:103)
Plugin or class not found: &quot;imagej.patcher.Headless_Example_Plugin&quot;
(java.lang.ClassNotFoundException: imagej.patcher.Headless_Example_Plugin)
java.lang.NullPointerException
	at imagej.patcher.HeadlessEnvironmentTest.runExamplePlugin(HeadlessEnvironmentTest.java:144)
	at imagej.patcher.HeadlessEnvironmentTest.booleanTest(HeadlessEnvironmentTest.java:130)
	at sun.reflect.NativeMethodAccessorImpl.invoke0(Native Method)
	at sun.reflect.NativeMethodAccessorImpl.invoke(NativeMethodAccessorImpl.java:39)
	at sun.reflect.DelegatingMethodAccessorImpl.invoke(DelegatingMethodAccessorImpl.java:25)
	at java.lang.reflect.Method.invoke(Method.java:597)
	at org.junit.runners.model.FrameworkMethod$1.runReflectiveCall(FrameworkMethod.java:44)
	at org.junit.internal.runners.model.ReflectiveCallable.run(ReflectiveCallable.java:15)
	at org.junit.runners.model.FrameworkMethod.invokeExplosively(FrameworkMethod.java:41)
	at org.junit.internal.runners.statements.InvokeMethod.evaluate(InvokeMethod.java:20)
	at org.junit.internal.runners.statements.RunBefores.evaluate(RunBefores.java:28)
	at org.junit.internal.runners.statements.RunAfters.evaluate(RunAfters.java:31)
	at org.junit.runners.BlockJUnit4ClassRunner.runChild(BlockJUnit4ClassRunner.java:76)
	at org.junit.runners.BlockJUnit4ClassRunner.runChild(BlockJUnit4ClassRunner.java:50)
	at org.junit.runners.ParentRunner$3.run(ParentRunner.java:193)
	at org.junit.runners.ParentRunner$1.schedule(ParentRunner.java:52)
	at org.junit.runners.ParentRunner.runChildren(ParentRunner.java:191)
	at org.junit.runners.ParentRunner.access$000(ParentRunner.java:42)
	at org.junit.runners.ParentRunner$2.evaluate(ParentRunner.java:184)
	at org.junit.runners.ParentRunner.run(ParentRunner.java:236)
	at org.apache.maven.surefire.junit4.JUnit4Provider.execute(JUnit4Provider.java:264)
	at org.apache.maven.surefire.junit4.JUnit4Provider.executeTestSet(JUnit4Provider.java:153)
	at org.apache.maven.surefire.junit4.JUnit4Provider.invoke(JUnit4Provider.java:124)
	at org.apache.maven.surefire.booter.ForkedBooter.invokeProviderInSameClassLoader(ForkedBooter.java:200)
	at org.apache.maven.surefire.booter.ForkedBooter.runSuitesInProcess(ForkedBooter.java:153)
	at org.apache.maven.surefire.booter.ForkedBooter.main(ForkedBooter.java:103)
Plugin or class not found: &quot;imagej.patcher.Headless_Example_Plugin&quot;
(java.lang.ClassNotFoundException: imagej.patcher.Headless_Example_Plugin)
java.lang.NullPointerException
	at imagej.patcher.HeadlessEnvironmentTest.runExamplePlugin(HeadlessEnvironmentTest.java:144)
	at imagej.patcher.HeadlessEnvironmentTest.booleanTest(HeadlessEnvironmentTest.java:131)
	at sun.reflect.NativeMethodAccessorImpl.invoke0(Native Method)
	at sun.reflect.NativeMethodAccessorImpl.invoke(NativeMethodAccessorImpl.java:39)
	at sun.reflect.DelegatingMethodAccessorImpl.invoke(DelegatingMethodAccessorImpl.java:25)
	at java.lang.reflect.Method.invoke(Method.java:597)
	at org.junit.runners.model.FrameworkMethod$1.runReflectiveCall(FrameworkMethod.java:44)
	at org.junit.internal.runners.model.ReflectiveCallable.run(ReflectiveCallable.java:15)
	at org.junit.runners.model.FrameworkMethod.invokeExplosively(FrameworkMethod.java:41)
	at org.junit.internal.runners.statements.InvokeMethod.evaluate(InvokeMethod.java:20)
	at org.junit.internal.runners.statements.RunBefores.evaluate(RunBefores.java:28)
	at org.junit.internal.runners.statements.RunAfters.evaluate(RunAfters.java:31)
	at org.junit.runners.BlockJUnit4ClassRunner.runChild(BlockJUnit4ClassRunner.java:76)
	at org.junit.runners.BlockJUnit4ClassRunner.runChild(BlockJUnit4ClassRunner.java:50)
	at org.junit.runners.ParentRunner$3.run(ParentRunner.java:193)
	at org.junit.runners.ParentRunner$1.schedule(ParentRunner.java:52)
	at org.junit.runners.ParentRunner.runChildren(ParentRunner.java:191)
	at org.junit.runners.ParentRunner.access$000(ParentRunner.java:42)
	at org.junit.runners.ParentRunner$2.evaluate(ParentRunner.java:184)
	at org.junit.runners.ParentRunner.run(ParentRunner.java:236)
	at org.apache.maven.surefire.junit4.JUnit4Provider.execute(JUnit4Provider.java:264)
	at org.apache.maven.surefire.junit4.JUnit4Provider.executeTestSet(JUnit4Provider.java:153)
	at org.apache.maven.surefire.junit4.JUnit4Provider.invoke(JUnit4Provider.java:124)
	at org.apache.maven.surefire.booter.ForkedBooter.invokeProviderInSameClassLoader(ForkedBooter.java:200)
	at org.apache.maven.surefire.booter.ForkedBooter.runSuitesInProcess(ForkedBooter.java:153)
	at org.apache.maven.surefire.booter.ForkedBooter.main(ForkedBooter.java:103)
Plugin or class not found: &quot;imagej.patcher.Headless_Example_Plugin&quot;
(java.lang.ClassNotFoundException: imagej.patcher.Headless_Example_Plugin)
java.lang.NullPointerException
	at imagej.patcher.HeadlessEnvironmentTest.runExamplePlugin(HeadlessEnvironmentTest.java:144)
	at imagej.patcher.HeadlessEnvironmentTest.booleanTest(HeadlessEnvironmentTest.java:132)
	at sun.reflect.NativeMethodAccessorImpl.invoke0(Native Method)
	at sun.reflect.NativeMethodAccessorImpl.invoke(NativeMethodAccessorImpl.java:39)
	at sun.reflect.DelegatingMethodAccessorImpl.invoke(DelegatingMethodAccessorImpl.java:25)
	at java.lang.reflect.Method.invoke(Method.java:597)
	at org.junit.runners.model.FrameworkMethod$1.runReflectiveCall(FrameworkMethod.java:44)
	at org.junit.internal.runners.model.ReflectiveCallable.run(ReflectiveCallable.java:15)
	at org.junit.runners.model.FrameworkMethod.invokeExplosively(FrameworkMethod.java:41)
	at org.junit.internal.runners.statements.InvokeMethod.evaluate(InvokeMethod.java:20)
	at org.junit.internal.runners.statements.RunBefores.evaluate(RunBefores.java:28)
	at org.junit.internal.runners.statements.RunAfters.evaluate(RunAfters.java:31)
	at org.junit.runners.BlockJUnit4ClassRunner.runChild(BlockJUnit4ClassRunner.java:76)
	at org.junit.runners.BlockJUnit4ClassRunner.runChild(BlockJUnit4ClassRunner.java:50)
	at org.junit.runners.ParentRunner$3.run(ParentRunner.java:193)
	at org.junit.runners.ParentRunner$1.schedule(ParentRunner.java:52)
	at org.junit.runners.ParentRunner.runChildren(ParentRunner.java:191)
	at org.junit.runners.ParentRunner.access$000(ParentRunner.java:42)
	at org.junit.runners.ParentRunner$2.evaluate(ParentRunner.java:184)
	at org.junit.runners.ParentRunner.run(ParentRunner.java:236)
	at org.apache.maven.surefire.junit4.JUnit4Provider.execute(JUnit4Provider.java:264)
	at org.apache.maven.surefire.junit4.JUnit4Provider.executeTestSet(JUnit4Provider.java:153)
	at org.apache.maven.surefire.junit4.JUnit4Provider.invoke(JUnit4Provider.java:124)
	at org.apache.maven.surefire.booter.ForkedBooter.invokeProviderInSameClassLoader(ForkedBooter.java:200)
	at org.apache.maven.surefire.booter.ForkedBooter.runSuitesInProcess(ForkedBooter.java:153)
	at org.apache.maven.surefire.booter.ForkedBooter.main(ForkedBooter.java:103)
Tests run: 6, Failures: 2, Errors: 0, Skipped: 1, Time elapsed: 3.828 sec &lt;&lt;&lt; FAILURE! - in imagej.patcher.HeadlessEnvironmentTest
testHeadless(imagej.patcher.HeadlessEnvironmentTest)  Time elapsed: 0.344 sec  &lt;&lt;&lt; FAILURE!
java.lang.AssertionError: 
	at org.junit.Assert.fail(Assert.java:91)
	at org.junit.Assert.assertTrue(Assert.java:43)
	at org.junit.Assert.assertTrue(Assert.java:54)
	at imagej.patcher.HeadlessEnvironmentTest.testHeadless(HeadlessEnvironmentTest.java:112)

saveDialog(imagej.patcher.HeadlessEnvironmentTest)  Time elapsed: 0.391 sec  &lt;&lt;&lt; FAILURE!
java.lang.AssertionError: 
	at org.junit.Assert.fail(Assert.java:91)
	at org.junit.Assert.assertTrue(Assert.java:43)
	at org.junit.Assert.assertTrue(Assert.java:54)
	at imagej.patcher.HeadlessEnvironmentTest.saveDialog(HeadlessEnvironmentTest.java:123)

Running imagej.patcher.ImageJ1EncapsulationTest
Tests run: 1, Failures: 0, Errors: 0, Skipped: 0, Time elapsed: 0.031 sec - in imagej.patcher.ImageJ1EncapsulationTest

Results :

Failed tests: 
  ExtraPluginDirsTest.extraDirectory:164 expected:&lt;&lt;<A HREF="http://jenkins.imagej.net/job/ImageJ-1.x-patcher-windows/ws/target/legacy-6905916128747164417/imagej/patcher/Headless_Example_Plugin.class">http://jenkins.imagej.net/job/ImageJ-1.x-patcher-windows/ws/target/legacy-6905916128747164417/imagej/patcher/Headless_Example_Plugin.class</A>&gt;&gt; but was:&lt;null&gt;
  HeadlessCompletenessTest.testMenuStructure:165 does not have 'Set Property'
  HeadlessEnvironmentTest.testHeadless:112 
  HeadlessEnvironmentTest.saveDialog:123 

Tests run: 14, Failures: 4, Errors: 0, Skipped: 1

[INFO] ------------------------------------------------------------------------
[INFO] BUILD FAILURE
[INFO] ------------------------------------------------------------------------
[INFO] Total time: 22.765s
[INFO] Finished at: Tue Apr 29 08:37:07 CDT 2014
[INFO] Final Memory: 12M/46M
[INFO] ------------------------------------------------------------------------
[ERROR] Failed to execute goal org.apache.maven.plugins:maven-surefire-plugin:2.17:test (default-test) on project ij1-patcher: There are test failures.
[ERROR] 
[ERROR] Please refer to &lt;<A HREF="http://jenkins.imagej.net/job/ImageJ-1.x-patcher-windows/ws/target\surefire-reports">http://jenkins.imagej.net/job/ImageJ-1.x-patcher-windows/ws/target\surefire-reports</A>&gt; for the individual test results.
[ERROR] -&gt; [Help 1]
[ERROR] 
[ERROR] To see the full stack trace of the errors, re-run Maven with the -e switch.
[ERROR] Re-run Maven using the -X switch to enable full debug logging.
[ERROR] 
[ERROR] For more information about the errors and possible solutions, please read the following articles:
[ERROR] [Help 1] <A HREF="http://cwiki.apache.org/confluence/display/MAVEN/MojoFailureException">http://cwiki.apache.org/confluence/display/MAVEN/MojoFailureException</A>
Build step 'Invoke top-level Maven targets' marked build as failure
Archiving artifacts
Recording test results
Performance: Percentage of errors greater or equal than 0% sets the build as unstable
Performance: Percentage of errors greater or equal than 0% sets the build as failure



Performance: Recording JUnit reports '**/TEST-*.xml'
TEST-imagej.patcher.ExtraPluginDirsTest.xml has an average of: 1633
Performance: File TEST-imagej.patcher.ExtraPluginDirsTest.xml reported 25.0% of errors [FAILURE]. Build status is: FAILURE



TEST-imagej.patcher.FatJarTest.xml has an average of: 234
Performance: File TEST-imagej.patcher.FatJarTest.xml reported 0.0% of errors [FAILURE]. Build status is: FAILURE



TEST-imagej.patcher.HeadlessCompletenessTest.xml has an average of: 305
Performance: File TEST-imagej.patcher.HeadlessCompletenessTest.xml reported 50.0% of errors [FAILURE]. Build status is: FAILURE



TEST-imagej.patcher.HeadlessEnvironmentTest.xml has an average of: 638
Performance: File TEST-imagej.patcher.HeadlessEnvironmentTest.xml reported 33.33333333333333% of errors [FAILURE]. Build status is: FAILURE



TEST-imagej.patcher.ImageJ1EncapsulationTest.xml has an average of: 31
Performance: File TEST-imagej.patcher.ImageJ1EncapsulationTest.xml reported 0.0% of errors [FAILURE]. Build status is: FAILURE




</PRE>







<!--endarticle-->
    <HR>
    <P><UL>
        <!--threads-->
	<LI>Previous message: <A HREF="004061.html">[ImageJ-builds] Build failed in Jenkins:	Jarek-IJ-Plugins-Git-SVN-Mirror #512
</A></li>
	<LI>Next message: <A HREF="004064.html">[ImageJ-builds] Jenkins build is back to normal :	ImageJ-1.x-patcher-windows #18
</A></li>
         <LI> <B>Messages sorted by:</B> 
              <a href="date.html#4060">[ date ]</a>
              <a href="thread.html#4060">[ thread ]</a>
              <a href="subject.html#4060">[ subject ]</a>
              <a href="author.html#4060">[ author ]</a>
         </LI>
       </UL>

<hr>
<a href="http://imagej.net/mailman/listinfo/imagej-builds">More information about the ImageJ-builds
mailing list</a><br>
</body></html>
