<!DOCTYPE HTML PUBLIC "-//W3C//DTD HTML 4.01 Transitional//EN">
<HTML>
 <HEAD>
   <TITLE> [ImageJ-builds] Build failed in Jenkins: ImageJ-OPS #282
   </TITLE>
   <LINK REL="Index" HREF="index.html" >
   <LINK REL="made" HREF="mailto:imagej-builds%40imagej.net?Subject=Re%3A%20%5BImageJ-builds%5D%20Build%20failed%20in%20Jenkins%3A%20ImageJ-OPS%20%23282&In-Reply-To=%3C235726339.529.1435785765239.JavaMail.jenkins%40dev%3E">
   <META NAME="robots" CONTENT="index,nofollow">
   <style type="text/css">
       pre {
           white-space: pre-wrap;       /* css-2.1, curent FF, Opera, Safari */
           }
   </style>
   <META http-equiv="Content-Type" content="text/html; charset=us-ascii">
   <LINK REL="Previous"  HREF="010875.html">
   <LINK REL="Next"  HREF="010877.html">
 </HEAD>
 <BODY BGCOLOR="#ffffff">
   <H1>[ImageJ-builds] Build failed in Jenkins: ImageJ-OPS #282</H1>
    <B>jenkins at imagej.net</B> 
    <A HREF="mailto:imagej-builds%40imagej.net?Subject=Re%3A%20%5BImageJ-builds%5D%20Build%20failed%20in%20Jenkins%3A%20ImageJ-OPS%20%23282&In-Reply-To=%3C235726339.529.1435785765239.JavaMail.jenkins%40dev%3E"
       TITLE="[ImageJ-builds] Build failed in Jenkins: ImageJ-OPS #282">jenkins at imagej.net
       </A><BR>
    <I>Wed Jul  1 16:22:45 CDT 2015</I>
    <P><UL>
        <LI>Previous message: <A HREF="010875.html">[ImageJ-builds] Build failed in Jenkins: ImageJ-OPS #281
</A></li>
        <LI>Next message: <A HREF="010877.html">[ImageJ-builds] Jenkins build is back to normal : ImageJ-OPS #283
</A></li>
         <LI> <B>Messages sorted by:</B> 
              <a href="date.html#10876">[ date ]</a>
              <a href="thread.html#10876">[ thread ]</a>
              <a href="subject.html#10876">[ subject ]</a>
              <a href="author.html#10876">[ author ]</a>
         </LI>
       </UL>
    <HR>  
<!--beginarticle-->
<PRE>See &lt;<A HREF="http://jenkins.imagej.net/job/ImageJ-OPS/282/changes">http://jenkins.imagej.net/job/ImageJ-OPS/282/changes</A>&gt;

Changes:

[Curtis Rueden] LabelingNamespace: call run directly for built-ins

[Curtis Rueden] LabelingNamespace: tweak javadoc

------------------------------------------
Started by an SCM change
Building on master in workspace &lt;<A HREF="http://jenkins.imagej.net/job/ImageJ-OPS/ws/">http://jenkins.imagej.net/job/ImageJ-OPS/ws/</A>&gt;
 &gt; git rev-parse --is-inside-work-tree # timeout=10
Fetching changes from the remote Git repository
 &gt; git config remote.origin.url <A HREF="git://github.com/imagej/imagej-ops">git://github.com/imagej/imagej-ops</A> # timeout=10
Fetching upstream changes from <A HREF="git://github.com/imagej/imagej-ops">git://github.com/imagej/imagej-ops</A>
 &gt; git --version # timeout=10
 &gt; git -c core.askpass=true fetch --tags --progress <A HREF="git://github.com/imagej/imagej-ops">git://github.com/imagej/imagej-ops</A> +refs/heads/master:refs/remotes/origin/master
 &gt; git rev-parse origin/master^{commit} # timeout=10
Checking out Revision cfd2a542f5645a6bc5a28327dee57eb3952d79c8 (origin/master)
 &gt; git config core.sparsecheckout # timeout=10
 &gt; git checkout -f cfd2a542f5645a6bc5a28327dee57eb3952d79c8
 &gt; git rev-list b3f3cae756db81ef1a0aceea1f47369e4f416623 # timeout=10
 &gt; git tag -a -f -m Jenkins Build #282 jenkins-ImageJ-OPS-282 # timeout=10
[workspace] $ /bin/sh -xe /tmp/hudson70966279270840117.sh
+ git clean -dfx
Removing target/
[workspace] $ mvn -U -Dimagej.ops.benchmark.tests -Pdeploy-to-imagej deploy
[INFO] Scanning for projects...
[INFO]                                                                         
[INFO] ------------------------------------------------------------------------
[INFO] Building ImageJ Operations 0.14.1-SNAPSHOT
[INFO] ------------------------------------------------------------------------
[INFO] 
[INFO] --- maven-enforcer-plugin:1.3.1:enforce (enforce-rules) @ imagej-ops ---
Downloading: <A HREF="http://maven.imagej.net/content/groups/public/com/sun/tools/1.4.2/tools-1.4.2.pom">http://maven.imagej.net/content/groups/public/com/sun/tools/1.4.2/tools-1.4.2.pom</A>

Downloading: <A HREF="http://repo.maven.apache.org/maven2/com/sun/tools/1.4.2/tools-1.4.2.pom">http://repo.maven.apache.org/maven2/com/sun/tools/1.4.2/tools-1.4.2.pom</A>

[INFO] Adding ignorable dependency: null:jcodings:null
[INFO]   Adding ignore: org/jcodings/*
[INFO] Adding ignorable dependency: null:jnr-constants:null
[INFO]   Adding ignore: com/kenai/constantine/*
[INFO]   Adding ignore: jnr/constants/*
[INFO] Adding ignorable dependency: null:jnr-ffi:null
[INFO]   Adding ignore: jnr/ffi/*
[INFO] Adding ignorable dependency: null:VIB-lib:null
[INFO]   Adding ignore: javax/media/j3d/
[INFO] Adding ignorable dependency: null:j3d-core:null
[INFO]   Adding ignore: javax/media/j3d/
[INFO] Adding ignorable dependency: null:joda-time:null
[INFO]   Adding ignore: *
[INFO] Adding ignorable dependency: null:slf4j-log4j12:null
[INFO]   Adding ignore: org/slf4j/impl/*
[INFO] Adding ignorable dependency: batik:batik:null
[INFO]   Adding ignore: *
[INFO] Adding ignorable dependency: jama:jama:null
[INFO]   Adding ignore: Jama/*
[INFO] Adding ignorable dependency: com.sun:tools:null
[INFO]   Adding ignore: *
[INFO] 
[INFO] --- build-helper-maven-plugin:1.9.1:regex-property (sanitize-version) @ imagej-ops ---
[INFO] 
[INFO] --- buildnumber-maven-plugin:1.3:create (default) @ imagej-ops ---
[INFO] Executing: /bin/sh -c cd /data/devel/jenkins/jobs/ImageJ-OPS/workspace &amp;&amp; git rev-parse --verify HEAD
[INFO] Working directory: /data/devel/jenkins/jobs/ImageJ-OPS/workspace
[INFO] Storing buildNumber: cfd2a542f5645a6bc5a28327dee57eb3952d79c8 at timestamp: 1435785755869
[WARNING] Cannot get the branch information from the git repository: 
Detecting the current branch failed: fatal: ref HEAD is not a symbolic ref

[INFO] Executing: /bin/sh -c cd /data/devel/jenkins/jobs/ImageJ-OPS/workspace &amp;&amp; git rev-parse --verify HEAD
[INFO] Working directory: /data/devel/jenkins/jobs/ImageJ-OPS/workspace
[INFO] Storing buildScmBranch: UNKNOWN
[INFO] 
[INFO] --- groovy-maven-plugin:1.5:execute (generate-sources) @ imagej-ops ---
[INFO] 
[INFO] --- build-helper-maven-plugin:1.9.1:add-source (add-source) @ imagej-ops ---
[INFO] Source directory: /data/devel/jenkins/jobs/ImageJ-OPS/workspace/target/generated-sources/from-template added.
[INFO] 
[INFO] --- maven-resources-plugin:2.6:resources (default-resources) @ imagej-ops ---
[INFO] Using 'UTF-8' encoding to copy filtered resources.
[INFO] skip non existing resourceDirectory /data/devel/jenkins/jobs/ImageJ-OPS/workspace/src/main/resources
[INFO] 
[INFO] --- maven-compiler-plugin:3.1:compile (default-compile) @ imagej-ops ---
[INFO] Changes detected - recompiling the module!
[INFO] Compiling 810 source files to /data/devel/jenkins/jobs/ImageJ-OPS/workspace/target/classes
[INFO] -------------------------------------------------------------
[WARNING] COMPILATION WARNING : 
[INFO] -------------------------------------------------------------
[WARNING] Note: Some input files use or override a deprecated API.
[WARNING] Note: Recompile with -Xlint:deprecation for details.
[WARNING] Note: Some input files use unchecked or unsafe operations.
[WARNING] Note: Recompile with -Xlint:unchecked for details.
[INFO] 4 warnings 
[INFO] -------------------------------------------------------------
[INFO] -------------------------------------------------------------
[ERROR] COMPILATION ERROR : 
[INFO] -------------------------------------------------------------
[ERROR] /data/devel/jenkins/jobs/ImageJ-OPS/workspace/src/main/java/net/imagej/ops/labeling/cca/DefaultCCA.java:[111,9] net.imagej.ops.labeling.cca.DefaultCCA.DefaultLabelIterator is not abstract and does not override abstract method remove() in java.util.Iterator
[INFO] 1 error
[INFO] -------------------------------------------------------------
[INFO] ------------------------------------------------------------------------
[INFO] BUILD FAILURE
[INFO] ------------------------------------------------------------------------
[INFO] Total time: 14.068s
[INFO] Finished at: Wed Jul 01 16:22:44 CDT 2015
[INFO] Final Memory: 36M/439M
[INFO] ------------------------------------------------------------------------
[ERROR] Failed to execute goal org.apache.maven.plugins:maven-compiler-plugin:3.1:compile (default-compile) on project imagej-ops: Compilation failure
[ERROR] /data/devel/jenkins/jobs/ImageJ-OPS/workspace/src/main/java/net/imagej/ops/labeling/cca/DefaultCCA.java:[111,9] net.imagej.ops.labeling.cca.DefaultCCA.DefaultLabelIterator is not abstract and does not override abstract method remove() in java.util.Iterator
[ERROR] -&gt; [Help 1]
[ERROR] 
[ERROR] To see the full stack trace of the errors, re-run Maven with the -e switch.
[ERROR] Re-run Maven using the -X switch to enable full debug logging.
[ERROR] 
[ERROR] For more information about the errors and possible solutions, please read the following articles:
[ERROR] [Help 1] <A HREF="http://cwiki.apache.org/confluence/display/MAVEN/MojoFailureException">http://cwiki.apache.org/confluence/display/MAVEN/MojoFailureException</A>
Build step 'Invoke top-level Maven targets' marked build as failure
Archiving artifacts
Build step 'Groovy Postbuild' marked build as failure
Recording test results
ERROR: Publisher hudson.tasks.junit.JUnitResultArchiver aborted due to exception
hudson.AbortException: No test report files were found. Configuration error?
	at hudson.tasks.junit.JUnitParser$ParseResultCallable.invoke(JUnitParser.java:116)
	at hudson.tasks.junit.JUnitParser$ParseResultCallable.invoke(JUnitParser.java:92)
	at hudson.FilePath.act(FilePath.java:989)
	at hudson.FilePath.act(FilePath.java:967)
	at hudson.tasks.junit.JUnitParser.parseResult(JUnitParser.java:89)
	at hudson.tasks.junit.JUnitResultArchiver.parse(JUnitResultArchiver.java:121)
	at hudson.tasks.junit.JUnitResultArchiver.perform(JUnitResultArchiver.java:138)
	at hudson.tasks.BuildStepCompatibilityLayer.perform(BuildStepCompatibilityLayer.java:74)
	at hudson.tasks.BuildStepMonitor$1.perform(BuildStepMonitor.java:20)
	at hudson.model.AbstractBuild$AbstractBuildExecution.perform(AbstractBuild.java:761)
	at hudson.model.AbstractBuild$AbstractBuildExecution.performAllBuildSteps(AbstractBuild.java:721)
	at hudson.model.Build$BuildExecution.post2(Build.java:183)
	at hudson.model.AbstractBuild$AbstractBuildExecution.post(AbstractBuild.java:670)
	at hudson.model.Run.execute(Run.java:1775)
	at hudson.model.FreeStyleBuild.run(FreeStyleBuild.java:43)
	at hudson.model.ResourceController.execute(ResourceController.java:89)
	at hudson.model.Executor.run(Executor.java:240)
Performance: Percentage of errors greater or equal than 0% sets the build as unstable
Performance: Percentage of errors greater or equal than 0% sets the build as failure



Performance: Recording JUnit reports '**/TEST-*.xml'

</PRE>
























<!--endarticle-->
    <HR>
    <P><UL>
        <!--threads-->
	<LI>Previous message: <A HREF="010875.html">[ImageJ-builds] Build failed in Jenkins: ImageJ-OPS #281
</A></li>
	<LI>Next message: <A HREF="010877.html">[ImageJ-builds] Jenkins build is back to normal : ImageJ-OPS #283
</A></li>
         <LI> <B>Messages sorted by:</B> 
              <a href="date.html#10876">[ date ]</a>
              <a href="thread.html#10876">[ thread ]</a>
              <a href="subject.html#10876">[ subject ]</a>
              <a href="author.html#10876">[ author ]</a>
         </LI>
       </UL>

<hr>
<a href="http://imagej.net/mailman/listinfo/imagej-builds">More information about the ImageJ-builds
mailing list</a><br>
</body></html>
