<!DOCTYPE HTML PUBLIC "-//W3C//DTD HTML 4.01 Transitional//EN">
<HTML>
 <HEAD>
   <TITLE> [ImageJ-builds] Build failed in Jenkins: ImageJ-Ops #598
   </TITLE>
   <LINK REL="Index" HREF="index.html" >
   <LINK REL="made" HREF="mailto:imagej-builds%40imagej.net?Subject=Re%3A%20%5BImageJ-builds%5D%20Build%20failed%20in%20Jenkins%3A%20ImageJ-Ops%20%23598&In-Reply-To=%3C736935639.48.1469025248730.JavaMail.jenkins%40dev%3E">
   <META NAME="robots" CONTENT="index,nofollow">
   <style type="text/css">
       pre {
           white-space: pre-wrap;       /* css-2.1, curent FF, Opera, Safari */
           }
   </style>
   <META http-equiv="Content-Type" content="text/html; charset=utf-8">
   <LINK REL="Previous"  HREF="012332.html">
   <LINK REL="Next"  HREF="012321.html">
 </HEAD>
 <BODY BGCOLOR="#ffffff">
   <H1>[ImageJ-builds] Build failed in Jenkins: ImageJ-Ops #598</H1>
    <B>jenkins at imagej.net</B> 
    <A HREF="mailto:imagej-builds%40imagej.net?Subject=Re%3A%20%5BImageJ-builds%5D%20Build%20failed%20in%20Jenkins%3A%20ImageJ-Ops%20%23598&In-Reply-To=%3C736935639.48.1469025248730.JavaMail.jenkins%40dev%3E"
       TITLE="[ImageJ-builds] Build failed in Jenkins: ImageJ-Ops #598">jenkins at imagej.net
       </A><BR>
    <I>Wed Jul 20 09:34:08 CDT 2016</I>
    <P><UL>
        <LI>Previous message: <A HREF="012332.html">[ImageJ-builds] Jenkins build is back to normal :	IterativeDeconv-Git-SVN-Mirror #1319
</A></li>
        <LI>Next message: <A HREF="012321.html">[ImageJ-builds] Jenkins build is back to normal : ImageJ-Ops #599
</A></li>
         <LI> <B>Messages sorted by:</B> 
              <a href="date.html#12320">[ date ]</a>
              <a href="thread.html#12320">[ thread ]</a>
              <a href="subject.html#12320">[ subject ]</a>
              <a href="author.html#12320">[ author ]</a>
         </LI>
       </UL>
    <HR>  
<!--beginarticle-->
<PRE>See &lt;<A HREF="http://jenkins.imagej.net/job/ImageJ-Ops/598/changes">http://jenkins.imagej.net/job/ImageJ-Ops/598/changes</A>&gt;

Changes:

[rhaase] removed unnessesary modulo operation

[rhaase] adapted the calculations in CentroidPolygon by copying from

[rhaase] Change the order of vertices in the triangles of meshes. This change

[rhaase] Added two tests for comparison of centroids derived from binary images

------------------------------------------
[...truncated 1102 lines...]
Performance: File TEST-net.imagej.ops.morphology.erode.ErosionTest.xml reported 0.0% of errors [FAILURE]. Build status is: FAILURE



TEST-net.imagej.ops.morphology.open.OpeningTest.xml has an average of: 63
Performance: File TEST-net.imagej.ops.morphology.open.OpeningTest.xml reported 0.0% of errors [FAILURE]. Build status is: FAILURE



TEST-net.imagej.ops.morphology.topHat.TopHatTest.xml has an average of: 93
Performance: File TEST-net.imagej.ops.morphology.topHat.TopHatTest.xml reported 0.0% of errors [FAILURE]. Build status is: FAILURE



TEST-net.imagej.ops.slice.SliceTest.xml has an average of: 73
Performance: File TEST-net.imagej.ops.slice.SliceTest.xml reported 0.0% of errors [FAILURE]. Build status is: FAILURE



TEST-net.imagej.ops.special.SpecialOpMatchingTest.xml has an average of: 24
Performance: File TEST-net.imagej.ops.special.SpecialOpMatchingTest.xml reported 0.0% of errors [FAILURE]. Build status is: FAILURE



TEST-net.imagej.ops.stats.MeanTest.xml has an average of: 31
Performance: File TEST-net.imagej.ops.stats.MeanTest.xml reported 0.0% of errors [FAILURE]. Build status is: FAILURE



TEST-net.imagej.ops.stats.StatisticsTest.xml has an average of: 40
Performance: File TEST-net.imagej.ops.stats.StatisticsTest.xml reported 0.0% of errors [FAILURE]. Build status is: FAILURE



TEST-net.imagej.ops.stats.StatsNamespaceTest.xml has an average of: 98
Performance: File TEST-net.imagej.ops.stats.StatsNamespaceTest.xml reported 0.0% of errors [FAILURE]. Build status is: FAILURE



TEST-net.imagej.ops.thread.ChunkerBenchmarkTest.xml has an average of: 0
Performance: File TEST-net.imagej.ops.thread.ChunkerBenchmarkTest.xml reported 0.0% of errors [FAILURE]. Build status is: FAILURE



TEST-net.imagej.ops.threshold.ComputeThresholdTest.xml has an average of: 29
Performance: File TEST-net.imagej.ops.threshold.ComputeThresholdTest.xml reported 0.0% of errors [FAILURE]. Build status is: FAILURE



TEST-net.imagej.ops.threshold.ThresholdNamespaceTest.xml has an average of: 47
Performance: File TEST-net.imagej.ops.threshold.ThresholdNamespaceTest.xml reported 0.0% of errors [FAILURE]. Build status is: FAILURE



TEST-net.imagej.ops.threshold.apply.ApplyManualThresholdTest.xml has an average of: 20
Performance: File TEST-net.imagej.ops.threshold.apply.ApplyManualThresholdTest.xml reported 0.0% of errors [FAILURE]. Build status is: FAILURE



TEST-net.imagej.ops.threshold.apply.LocalThresholdTest.xml has an average of: 54
Performance: File TEST-net.imagej.ops.threshold.apply.LocalThresholdTest.xml reported 0.0% of errors [FAILURE]. Build status is: FAILURE



TEST-net.imagej.ops.topology.TopologyNamespaceTest.xml has an average of: 33
Performance: File TEST-net.imagej.ops.topology.TopologyNamespaceTest.xml reported 0.0% of errors [FAILURE]. Build status is: FAILURE



TEST-net.imagej.ops.topology.eulerCharacteristic.EulerCharacteristic26NFloatingTest.xml has an average of: 25
Performance: File TEST-net.imagej.ops.topology.eulerCharacteristic.EulerCharacteristic26NFloatingTest.xml reported 0.0% of errors [FAILURE]. Build status is: FAILURE



TEST-net.imagej.ops.topology.eulerCharacteristic.EulerCharacteristic26NTest.xml has an average of: 27
Performance: File TEST-net.imagej.ops.topology.eulerCharacteristic.EulerCharacteristic26NTest.xml reported 0.0% of errors [FAILURE]. Build status is: FAILURE



TEST-net.imagej.ops.topology.eulerCharacteristic.EulerCorrectionTest.xml has an average of: 27
Performance: File TEST-net.imagej.ops.topology.eulerCharacteristic.EulerCorrectionTest.xml reported 0.0% of errors [FAILURE]. Build status is: FAILURE



TEST-net.imagej.ops.topology.eulerCharacteristic.OctantTest.xml has an average of: 0
Performance: File TEST-net.imagej.ops.topology.eulerCharacteristic.OctantTest.xml reported 0.0% of errors [FAILURE]. Build status is: FAILURE



TEST-net.imagej.ops.transform.TransformNamespaceTest.xml has an average of: 22
Performance: File TEST-net.imagej.ops.transform.TransformNamespaceTest.xml reported 0.0% of errors [FAILURE]. Build status is: FAILURE



TEST-net.imagej.ops.transform.addDimensionView.AddDimensionViewTest.xml has an average of: 21
Performance: File TEST-net.imagej.ops.transform.addDimensionView.AddDimensionViewTest.xml reported 0.0% of errors [FAILURE]. Build status is: FAILURE



TEST-net.imagej.ops.transform.collapseNumericView.CollapseNumericViewTest.xml has an average of: 31
Performance: File TEST-net.imagej.ops.transform.collapseNumericView.CollapseNumericViewTest.xml reported 0.0% of errors [FAILURE]. Build status is: FAILURE



TEST-net.imagej.ops.transform.collapseRealView.CollapseRealViewTest.xml has an average of: 23
Performance: File TEST-net.imagej.ops.transform.collapseRealView.CollapseRealViewTest.xml reported 0.0% of errors [FAILURE]. Build status is: FAILURE



TEST-net.imagej.ops.transform.collapseView.CollapseViewTest.xml has an average of: 22
Performance: File TEST-net.imagej.ops.transform.collapseView.CollapseViewTest.xml reported 0.0% of errors [FAILURE]. Build status is: FAILURE



TEST-net.imagej.ops.transform.crop.CropTest.xml has an average of: 23
Performance: File TEST-net.imagej.ops.transform.crop.CropTest.xml reported 0.0% of errors [FAILURE]. Build status is: FAILURE



TEST-net.imagej.ops.transform.dropSingleDimensionsView.DropSingletonDimensionsViewTest.xml has an average of: 22
Performance: File TEST-net.imagej.ops.transform.dropSingleDimensionsView.DropSingletonDimensionsViewTest.xml reported 0.0% of errors [FAILURE]. Build status is: FAILURE



TEST-net.imagej.ops.transform.extendBorderView.ExtendBorderViewTest.xml has an average of: 23
Performance: File TEST-net.imagej.ops.transform.extendBorderView.ExtendBorderViewTest.xml reported 0.0% of errors [FAILURE]. Build status is: FAILURE



TEST-net.imagej.ops.transform.extendMirrorDoubleView.ExtendMirrorDoubleViewTest.xml has an average of: 22
Performance: File TEST-net.imagej.ops.transform.extendMirrorDoubleView.ExtendMirrorDoubleViewTest.xml reported 0.0% of errors [FAILURE]. Build status is: FAILURE



TEST-net.imagej.ops.transform.extendMirrorSingleView.ExtendMirrorSingleViewTest.xml has an average of: 23
Performance: File TEST-net.imagej.ops.transform.extendMirrorSingleView.ExtendMirrorSingleViewTest.xml reported 0.0% of errors [FAILURE]. Build status is: FAILURE



TEST-net.imagej.ops.transform.extendPeriodicView.ExtendPeriodicViewTest.xml has an average of: 23
Performance: File TEST-net.imagej.ops.transform.extendPeriodicView.ExtendPeriodicViewTest.xml reported 0.0% of errors [FAILURE]. Build status is: FAILURE



TEST-net.imagej.ops.transform.extendRandomView.ExtendRandomViewTest.xml has an average of: 26
Performance: File TEST-net.imagej.ops.transform.extendRandomView.ExtendRandomViewTest.xml reported 0.0% of errors [FAILURE]. Build status is: FAILURE



TEST-net.imagej.ops.transform.extendValueView.ExtendValueViewTest.xml has an average of: 23
Performance: File TEST-net.imagej.ops.transform.extendValueView.ExtendValueViewTest.xml reported 0.0% of errors [FAILURE]. Build status is: FAILURE



TEST-net.imagej.ops.transform.extendView.ExtendViewTest.xml has an average of: 23
Performance: File TEST-net.imagej.ops.transform.extendView.ExtendViewTest.xml reported 0.0% of errors [FAILURE]. Build status is: FAILURE



TEST-net.imagej.ops.transform.extendZeroView.ExtendZeroViewTest.xml has an average of: 23
Performance: File TEST-net.imagej.ops.transform.extendZeroView.ExtendZeroViewTest.xml reported 0.0% of errors [FAILURE]. Build status is: FAILURE



TEST-net.imagej.ops.transform.flatIterableView.FlatIterableViewTest.xml has an average of: 23
Performance: File TEST-net.imagej.ops.transform.flatIterableView.FlatIterableViewTest.xml reported 0.0% of errors [FAILURE]. Build status is: FAILURE



TEST-net.imagej.ops.transform.hyperSliceView.HyperSliceViewTest.xml has an average of: 23
Performance: File TEST-net.imagej.ops.transform.hyperSliceView.HyperSliceViewTest.xml reported 0.0% of errors [FAILURE]. Build status is: FAILURE



TEST-net.imagej.ops.transform.interpolateView.InterpolateViewTest.xml has an average of: 20
Performance: File TEST-net.imagej.ops.transform.interpolateView.InterpolateViewTest.xml reported 0.0% of errors [FAILURE]. Build status is: FAILURE



TEST-net.imagej.ops.transform.intervalView.IntervalViewTest.xml has an average of: 24
Performance: File TEST-net.imagej.ops.transform.intervalView.IntervalViewTest.xml reported 0.0% of errors [FAILURE]. Build status is: FAILURE



TEST-net.imagej.ops.transform.invertAxisView.InvertAxisViewTest.xml has an average of: 22
Performance: File TEST-net.imagej.ops.transform.invertAxisView.InvertAxisViewTest.xml reported 0.0% of errors [FAILURE]. Build status is: FAILURE



TEST-net.imagej.ops.transform.offsetView.OffsetViewTest.xml has an average of: 24
Performance: File TEST-net.imagej.ops.transform.offsetView.OffsetViewTest.xml reported 0.0% of errors [FAILURE]. Build status is: FAILURE



TEST-net.imagej.ops.transform.permuteView.PermuteViewTest.xml has an average of: 24
Performance: File TEST-net.imagej.ops.transform.permuteView.PermuteViewTest.xml reported 0.0% of errors [FAILURE]. Build status is: FAILURE



TEST-net.imagej.ops.transform.project.ProjectTest.xml has an average of: 34
Performance: File TEST-net.imagej.ops.transform.project.ProjectTest.xml reported 0.0% of errors [FAILURE]. Build status is: FAILURE



TEST-net.imagej.ops.transform.rasterView.RasterViewTest.xml has an average of: 24
Performance: File TEST-net.imagej.ops.transform.rasterView.RasterViewTest.xml reported 0.0% of errors [FAILURE]. Build status is: FAILURE



TEST-net.imagej.ops.transform.rotateView.RotateViewTest.xml has an average of: 23
Performance: File TEST-net.imagej.ops.transform.rotateView.RotateViewTest.xml reported 0.0% of errors [FAILURE]. Build status is: FAILURE



TEST-net.imagej.ops.transform.scale.ScaleImgTest.xml has an average of: 31
Performance: File TEST-net.imagej.ops.transform.scale.ScaleImgTest.xml reported 0.0% of errors [FAILURE]. Build status is: FAILURE



TEST-net.imagej.ops.transform.shearView.ShearViewTest.xml has an average of: 22
Performance: File TEST-net.imagej.ops.transform.shearView.ShearViewTest.xml reported 0.0% of errors [FAILURE]. Build status is: FAILURE



TEST-net.imagej.ops.transform.stackView.StackViewTest.xml has an average of: 29
Performance: File TEST-net.imagej.ops.transform.stackView.StackViewTest.xml reported 0.0% of errors [FAILURE]. Build status is: FAILURE



TEST-net.imagej.ops.transform.subsampleView.SubsampleViewTest.xml has an average of: 23
Performance: File TEST-net.imagej.ops.transform.subsampleView.SubsampleViewTest.xml reported 0.0% of errors [FAILURE]. Build status is: FAILURE



TEST-net.imagej.ops.transform.translateView.TranslateViewTest.xml has an average of: 21
Performance: File TEST-net.imagej.ops.transform.translateView.TranslateViewTest.xml reported 0.0% of errors [FAILURE]. Build status is: FAILURE



TEST-net.imagej.ops.transform.unshearView.UnshearViewTest.xml has an average of: 24
Performance: File TEST-net.imagej.ops.transform.unshearView.UnshearViewTest.xml reported 0.0% of errors [FAILURE]. Build status is: FAILURE



TEST-net.imagej.ops.transform.zeroMinView.ZeroMinViewTest.xml has an average of: 22
Performance: File TEST-net.imagej.ops.transform.zeroMinView.ZeroMinViewTest.xml reported 0.0% of errors [FAILURE]. Build status is: FAILURE




</PRE>








<!--endarticle-->
    <HR>
    <P><UL>
        <!--threads-->
	<LI>Previous message: <A HREF="012332.html">[ImageJ-builds] Jenkins build is back to normal :	IterativeDeconv-Git-SVN-Mirror #1319
</A></li>
	<LI>Next message: <A HREF="012321.html">[ImageJ-builds] Jenkins build is back to normal : ImageJ-Ops #599
</A></li>
         <LI> <B>Messages sorted by:</B> 
              <a href="date.html#12320">[ date ]</a>
              <a href="thread.html#12320">[ thread ]</a>
              <a href="subject.html#12320">[ subject ]</a>
              <a href="author.html#12320">[ author ]</a>
         </LI>
       </UL>

<hr>
<a href="http://imagej.net/mailman/listinfo/imagej-builds">More information about the ImageJ-builds
mailing list</a><br>
</body></html>
