<!DOCTYPE HTML PUBLIC "-//W3C//DTD HTML 4.01 Transitional//EN">
<HTML>
 <HEAD>
   <TITLE> [ImageJ-builds] Build failed in Jenkins: ImageJ-legacy #86
   </TITLE>
   <LINK REL="Index" HREF="index.html" >
   <LINK REL="made" HREF="mailto:imagej-builds%40imagej.net?Subject=Re%3A%20%5BImageJ-builds%5D%20Build%20failed%20in%20Jenkins%3A%20ImageJ-legacy%20%2386&In-Reply-To=%3C1241342167.175.1402505669216.JavaMail.jenkins%40dev%3E">
   <META NAME="robots" CONTENT="index,nofollow">
   <style type="text/css">
       pre {
           white-space: pre-wrap;       /* css-2.1, curent FF, Opera, Safari */
           }
   </style>
   <META http-equiv="Content-Type" content="text/html; charset=us-ascii">
   <LINK REL="Previous"  HREF="004303.html">
   <LINK REL="Next"  HREF="004305.html">
 </HEAD>
 <BODY BGCOLOR="#ffffff">
   <H1>[ImageJ-builds] Build failed in Jenkins: ImageJ-legacy #86</H1>
    <B>jenkins at imagej.net</B> 
    <A HREF="mailto:imagej-builds%40imagej.net?Subject=Re%3A%20%5BImageJ-builds%5D%20Build%20failed%20in%20Jenkins%3A%20ImageJ-legacy%20%2386&In-Reply-To=%3C1241342167.175.1402505669216.JavaMail.jenkins%40dev%3E"
       TITLE="[ImageJ-builds] Build failed in Jenkins: ImageJ-legacy #86">jenkins at imagej.net
       </A><BR>
    <I>Wed Jun 11 11:54:29 CDT 2014</I>
    <P><UL>
        <LI>Previous message: <A HREF="004303.html">[ImageJ-builds] mail-watcher-plugin: Computer Windows marked online
</A></li>
        <LI>Next message: <A HREF="004305.html">[ImageJ-builds] Build failed in Jenkins: ImageJ-legacy #87
</A></li>
         <LI> <B>Messages sorted by:</B> 
              <a href="date.html#4304">[ date ]</a>
              <a href="thread.html#4304">[ thread ]</a>
              <a href="subject.html#4304">[ subject ]</a>
              <a href="author.html#4304">[ author ]</a>
         </LI>
       </UL>
    <HR>  
<!--beginarticle-->
<PRE>See &lt;<A HREF="http://jenkins.imagej.net/job/ImageJ-legacy/86/changes">http://jenkins.imagej.net/job/ImageJ-legacy/86/changes</A>&gt;

Changes:

[Mark Hiner] DefaultLegacyService: remove unused imports

[Mark Hiner] Ensure ImageJ is opened at preferred position

------------------------------------------
[...truncated 149 lines...]
	at org.scijava.Context.&lt;init&gt;(Context.java:179)
	at org.scijava.Context.&lt;init&gt;(Context.java:122)
	at org.scijava.Context.&lt;init&gt;(Context.java:110)
	at net.imagej.legacy.OverlayHarmonizerTest.beforeMethod(OverlayHarmonizerTest.java:88)

testCompositeRoi(net.imagej.legacy.OverlayHarmonizerTest)  Time elapsed: 0.056 sec  &lt;&lt;&lt; ERROR!
java.lang.IllegalArgumentException: Invalid service: net.imagej.legacy.DefaultLegacyService
	at net.imagej.legacy.DefaultLegacyService.initialize(DefaultLegacyService.java:322)
	at org.scijava.service.ServiceHelper.createServiceRecursively(ServiceHelper.java:310)
	at org.scijava.service.ServiceHelper.createExactService(ServiceHelper.java:244)
	at org.scijava.service.ServiceHelper.loadService(ServiceHelper.java:210)
	at org.scijava.service.ServiceHelper.loadService(ServiceHelper.java:173)
	at org.scijava.service.ServiceHelper.loadServices(ServiceHelper.java:145)
	at org.scijava.Context.&lt;init&gt;(Context.java:179)
	at org.scijava.Context.&lt;init&gt;(Context.java:122)
	at org.scijava.Context.&lt;init&gt;(Context.java:110)
	at net.imagej.legacy.OverlayHarmonizerTest.beforeMethod(OverlayHarmonizerTest.java:88)

testSetOverlays(net.imagej.legacy.OverlayHarmonizerTest)  Time elapsed: 0.056 sec  &lt;&lt;&lt; ERROR!
java.lang.IllegalArgumentException: Invalid service: net.imagej.legacy.DefaultLegacyService
	at net.imagej.legacy.DefaultLegacyService.initialize(DefaultLegacyService.java:322)
	at org.scijava.service.ServiceHelper.createServiceRecursively(ServiceHelper.java:310)
	at org.scijava.service.ServiceHelper.createExactService(ServiceHelper.java:244)
	at org.scijava.service.ServiceHelper.loadService(ServiceHelper.java:210)
	at org.scijava.service.ServiceHelper.loadService(ServiceHelper.java:173)
	at org.scijava.service.ServiceHelper.loadServices(ServiceHelper.java:145)
	at org.scijava.Context.&lt;init&gt;(Context.java:179)
	at org.scijava.Context.&lt;init&gt;(Context.java:122)
	at org.scijava.Context.&lt;init&gt;(Context.java:110)
	at net.imagej.legacy.OverlayHarmonizerTest.beforeMethod(OverlayHarmonizerTest.java:88)

testGetOverlays(net.imagej.legacy.OverlayHarmonizerTest)  Time elapsed: 0.06 sec  &lt;&lt;&lt; ERROR!
java.lang.IllegalArgumentException: Invalid service: net.imagej.legacy.DefaultLegacyService
	at net.imagej.legacy.DefaultLegacyService.initialize(DefaultLegacyService.java:322)
	at org.scijava.service.ServiceHelper.createServiceRecursively(ServiceHelper.java:310)
	at org.scijava.service.ServiceHelper.createExactService(ServiceHelper.java:244)
	at org.scijava.service.ServiceHelper.loadService(ServiceHelper.java:210)
	at org.scijava.service.ServiceHelper.loadService(ServiceHelper.java:173)
	at org.scijava.service.ServiceHelper.loadServices(ServiceHelper.java:145)
	at org.scijava.Context.&lt;init&gt;(Context.java:179)
	at org.scijava.Context.&lt;init&gt;(Context.java:122)
	at org.scijava.Context.&lt;init&gt;(Context.java:110)
	at net.imagej.legacy.OverlayHarmonizerTest.beforeMethod(OverlayHarmonizerTest.java:88)

testUpdateDisplay(net.imagej.legacy.OverlayHarmonizerTest)  Time elapsed: 0.062 sec  &lt;&lt;&lt; ERROR!
java.lang.IllegalArgumentException: Invalid service: net.imagej.legacy.DefaultLegacyService
	at net.imagej.legacy.DefaultLegacyService.initialize(DefaultLegacyService.java:322)
	at org.scijava.service.ServiceHelper.createServiceRecursively(ServiceHelper.java:310)
	at org.scijava.service.ServiceHelper.createExactService(ServiceHelper.java:244)
	at org.scijava.service.ServiceHelper.loadService(ServiceHelper.java:210)
	at org.scijava.service.ServiceHelper.loadService(ServiceHelper.java:173)
	at org.scijava.service.ServiceHelper.loadServices(ServiceHelper.java:145)
	at org.scijava.Context.&lt;init&gt;(Context.java:179)
	at org.scijava.Context.&lt;init&gt;(Context.java:122)
	at org.scijava.Context.&lt;init&gt;(Context.java:110)
	at net.imagej.legacy.OverlayHarmonizerTest.beforeMethod(OverlayHarmonizerTest.java:88)

Running net.imagej.legacy.LegacyServiceTest
[INFO] Found 350 plugins.
[INFO] Found 11 DataType plugins.
[INFO] Found 350 plugins.
[INFO] Found 11 DataType plugins.
Tests run: 2, Failures: 0, Errors: 2, Skipped: 0, Time elapsed: 0.099 sec &lt;&lt;&lt; FAILURE! - in net.imagej.legacy.LegacyServiceTest
testContext(net.imagej.legacy.LegacyServiceTest)  Time elapsed: 0.048 sec  &lt;&lt;&lt; ERROR!
java.lang.IllegalArgumentException: Invalid service: net.imagej.legacy.DefaultLegacyService
	at net.imagej.legacy.DefaultLegacyService.checkInstance(DefaultLegacyService.java:479)
	at net.imagej.legacy.DefaultLegacyService.initialize(DefaultLegacyService.java:306)
	at org.scijava.service.ServiceHelper.createServiceRecursively(ServiceHelper.java:310)
	at org.scijava.service.ServiceHelper.createExactService(ServiceHelper.java:244)
	at org.scijava.service.ServiceHelper.loadService(ServiceHelper.java:210)
	at org.scijava.service.ServiceHelper.loadService(ServiceHelper.java:173)
	at org.scijava.service.ServiceHelper.loadServices(ServiceHelper.java:145)
	at org.scijava.Context.&lt;init&gt;(Context.java:179)
	at org.scijava.Context.&lt;init&gt;(Context.java:122)
	at org.scijava.Context.&lt;init&gt;(Context.java:110)
	at net.imagej.legacy.LegacyServiceTest.testContext(LegacyServiceTest.java:76)
Caused by: java.lang.Throwable: Initialized here:
	at net.imagej.legacy.DefaultLegacyService.initialize(DefaultLegacyService.java:322)
	at org.scijava.service.ServiceHelper.createServiceRecursively(ServiceHelper.java:310)
	at org.scijava.service.ServiceHelper.createExactService(ServiceHelper.java:244)
	at org.scijava.service.ServiceHelper.loadService(ServiceHelper.java:210)
	at org.scijava.service.ServiceHelper.loadService(ServiceHelper.java:173)
	at org.scijava.service.ServiceHelper.loadServices(ServiceHelper.java:145)
	at org.scijava.Context.&lt;init&gt;(Context.java:179)
	at org.scijava.Context.&lt;init&gt;(Context.java:122)
	at org.scijava.Context.&lt;init&gt;(Context.java:110)
	at net.imagej.legacy.OverlayHarmonizerTest.beforeMethod(OverlayHarmonizerTest.java:88)
	at sun.reflect.NativeMethodAccessorImpl.invoke0(Native Method)
	at sun.reflect.NativeMethodAccessorImpl.invoke(NativeMethodAccessorImpl.java:39)
	at sun.reflect.DelegatingMethodAccessorImpl.invoke(DelegatingMethodAccessorImpl.java:25)
	at java.lang.reflect.Method.invoke(Method.java:597)
	at org.junit.runners.model.FrameworkMethod$1.runReflectiveCall(FrameworkMethod.java:47)
	at org.junit.internal.runners.model.ReflectiveCallable.run(ReflectiveCallable.java:12)
	at org.junit.runners.model.FrameworkMethod.invokeExplosively(FrameworkMethod.java:44)
	at org.junit.internal.runners.statements.RunBefores.evaluate(RunBefores.java:24)
	at org.junit.internal.runners.statements.RunAfters.evaluate(RunAfters.java:27)
	at org.junit.runners.ParentRunner.runLeaf(ParentRunner.java:271)
	at org.junit.runners.BlockJUnit4ClassRunner.runChild(BlockJUnit4ClassRunner.java:70)
	at org.junit.runners.BlockJUnit4ClassRunner.runChild(BlockJUnit4ClassRunner.java:50)
	at org.junit.runners.ParentRunner$3.run(ParentRunner.java:238)
	at org.junit.runners.ParentRunner$1.schedule(ParentRunner.java:63)
	at org.junit.runners.ParentRunner.runChildren(ParentRunner.java:236)
	at org.junit.runners.ParentRunner.access$000(ParentRunner.java:53)
	at org.junit.runners.ParentRunner$2.evaluate(ParentRunner.java:229)
	at org.junit.runners.ParentRunner.run(ParentRunner.java:309)
	at org.apache.maven.surefire.junit4.JUnit4Provider.execute(JUnit4Provider.java:264)
	at org.apache.maven.surefire.junit4.JUnit4Provider.executeTestSet(JUnit4Provider.java:153)
	at org.apache.maven.surefire.junit4.JUnit4Provider.invoke(JUnit4Provider.java:124)
	at org.apache.maven.surefire.booter.ForkedBooter.invokeProviderInSameClassLoader(ForkedBooter.java:200)
	at org.apache.maven.surefire.booter.ForkedBooter.runSuitesInProcess(ForkedBooter.java:153)
	at org.apache.maven.surefire.booter.ForkedBooter.main(ForkedBooter.java:103)

testContextWasDisposed(net.imagej.legacy.LegacyServiceTest)  Time elapsed: 0.051 sec  &lt;&lt;&lt; ERROR!
java.lang.IllegalArgumentException: Invalid service: net.imagej.legacy.DefaultLegacyService
	at net.imagej.legacy.DefaultLegacyService.checkInstance(DefaultLegacyService.java:479)
	at net.imagej.legacy.DefaultLegacyService.initialize(DefaultLegacyService.java:306)
	at org.scijava.service.ServiceHelper.createServiceRecursively(ServiceHelper.java:310)
	at org.scijava.service.ServiceHelper.createExactService(ServiceHelper.java:244)
	at org.scijava.service.ServiceHelper.loadService(ServiceHelper.java:210)
	at org.scijava.service.ServiceHelper.loadService(ServiceHelper.java:173)
	at org.scijava.service.ServiceHelper.loadServices(ServiceHelper.java:145)
	at org.scijava.Context.&lt;init&gt;(Context.java:179)
	at org.scijava.Context.&lt;init&gt;(Context.java:122)
	at org.scijava.Context.&lt;init&gt;(Context.java:110)
	at net.imagej.legacy.LegacyServiceTest.testContextWasDisposed(LegacyServiceTest.java:88)
Caused by: java.lang.Throwable: Initialized here:
	at net.imagej.legacy.DefaultLegacyService.initialize(DefaultLegacyService.java:322)
	at org.scijava.service.ServiceHelper.createServiceRecursively(ServiceHelper.java:310)
	at org.scijava.service.ServiceHelper.createExactService(ServiceHelper.java:244)
	at org.scijava.service.ServiceHelper.loadService(ServiceHelper.java:210)
	at org.scijava.service.ServiceHelper.loadService(ServiceHelper.java:173)
	at org.scijava.service.ServiceHelper.loadServices(ServiceHelper.java:145)
	at org.scijava.Context.&lt;init&gt;(Context.java:179)
	at org.scijava.Context.&lt;init&gt;(Context.java:122)
	at org.scijava.Context.&lt;init&gt;(Context.java:110)
	at net.imagej.legacy.OverlayHarmonizerTest.beforeMethod(OverlayHarmonizerTest.java:88)
	at sun.reflect.NativeMethodAccessorImpl.invoke0(Native Method)
	at sun.reflect.NativeMethodAccessorImpl.invoke(NativeMethodAccessorImpl.java:39)
	at sun.reflect.DelegatingMethodAccessorImpl.invoke(DelegatingMethodAccessorImpl.java:25)
	at java.lang.reflect.Method.invoke(Method.java:597)
	at org.junit.runners.model.FrameworkMethod$1.runReflectiveCall(FrameworkMethod.java:47)
	at org.junit.internal.runners.model.ReflectiveCallable.run(ReflectiveCallable.java:12)
	at org.junit.runners.model.FrameworkMethod.invokeExplosively(FrameworkMethod.java:44)
	at org.junit.internal.runners.statements.RunBefores.evaluate(RunBefores.java:24)
	at org.junit.internal.runners.statements.RunAfters.evaluate(RunAfters.java:27)
	at org.junit.runners.ParentRunner.runLeaf(ParentRunner.java:271)
	at org.junit.runners.BlockJUnit4ClassRunner.runChild(BlockJUnit4ClassRunner.java:70)
	at org.junit.runners.BlockJUnit4ClassRunner.runChild(BlockJUnit4ClassRunner.java:50)
	at org.junit.runners.ParentRunner$3.run(ParentRunner.java:238)
	at org.junit.runners.ParentRunner$1.schedule(ParentRunner.java:63)
	at org.junit.runners.ParentRunner.runChildren(ParentRunner.java:236)
	at org.junit.runners.ParentRunner.access$000(ParentRunner.java:53)
	at org.junit.runners.ParentRunner$2.evaluate(ParentRunner.java:229)
	at org.junit.runners.ParentRunner.run(ParentRunner.java:309)
	at org.apache.maven.surefire.junit4.JUnit4Provider.execute(JUnit4Provider.java:264)
	at org.apache.maven.surefire.junit4.JUnit4Provider.executeTestSet(JUnit4Provider.java:153)
	at org.apache.maven.surefire.junit4.JUnit4Provider.invoke(JUnit4Provider.java:124)
	at org.apache.maven.surefire.booter.ForkedBooter.invokeProviderInSameClassLoader(ForkedBooter.java:200)
	at org.apache.maven.surefire.booter.ForkedBooter.runSuitesInProcess(ForkedBooter.java:153)
	at org.apache.maven.surefire.booter.ForkedBooter.main(ForkedBooter.java:103)

Running net.imagej.legacy.SwitchToModernTest
Tests run: 1, Failures: 0, Errors: 0, Skipped: 1, Time elapsed: 0 sec - in net.imagej.legacy.SwitchToModernTest
Running net.imagej.legacy.LegacyImageMapTest
[INFO] Found 350 plugins.
[INFO] Found 11 DataType plugins.
Tests run: 3, Failures: 0, Errors: 0, Skipped: 0, Time elapsed: 0.085 sec - in net.imagej.legacy.LegacyImageMapTest
Running net.imagej.legacy.translate.MergedRgbVirtualStackTest
[INFO] Found 350 plugins.
[INFO] Found 11 DataType plugins.
Tests run: 1, Failures: 0, Errors: 0, Skipped: 0, Time elapsed: 0.035 sec - in net.imagej.legacy.translate.MergedRgbVirtualStackTest
Running net.imagej.legacy.translate.LegacyUtilsTest
Tests run: 2, Failures: 0, Errors: 0, Skipped: 0, Time elapsed: 0.003 sec - in net.imagej.legacy.translate.LegacyUtilsTest

Results :

Tests in error: 
  OverlayHarmonizerTest.beforeMethod:88 &#187; IllegalArgument Invalid service: net.i...
  OverlayHarmonizerTest.beforeMethod:88 &#187; IllegalArgument Invalid service: net.i...
  OverlayHarmonizerTest.beforeMethod:88 &#187; IllegalArgument Invalid service: net.i...
  OverlayHarmonizerTest.beforeMethod:88 &#187; IllegalArgument Invalid service: net.i...
  OverlayHarmonizerTest.beforeMethod:88 &#187; IllegalArgument Invalid service: net.i...
  OverlayHarmonizerTest.beforeMethod:88 &#187; IllegalArgument Invalid service: net.i...
  OverlayHarmonizerTest.beforeMethod:88 &#187; IllegalArgument Invalid service: net.i...
  OverlayHarmonizerTest.beforeMethod:88 &#187; IllegalArgument Invalid service: net.i...
  OverlayHarmonizerTest.beforeMethod:88 &#187; IllegalArgument Invalid service: net.i...
  OverlayHarmonizerTest.beforeMethod:88 &#187; IllegalArgument Invalid service: net.i...
  LegacyServiceTest.testContext:76 &#187; IllegalArgument Invalid service: net.imagej...
  LegacyServiceTest.testContextWasDisposed:88 &#187; IllegalArgument Invalid service:...

Tests run: 19, Failures: 0, Errors: 12, Skipped: 1

[INFO] ------------------------------------------------------------------------
[INFO] BUILD FAILURE
[INFO] ------------------------------------------------------------------------
[INFO] Total time: 7.747s
[INFO] Finished at: Wed Jun 11 11:54:28 CDT 2014
[INFO] Final Memory: 23M/360M
[INFO] ------------------------------------------------------------------------
[ERROR] Failed to execute goal org.apache.maven.plugins:maven-surefire-plugin:2.17:test (default-test) on project imagej-legacy: There are test failures.
[ERROR] 
[ERROR] Please refer to /data/devel/jenkins/jobs/ImageJ-legacy/workspace/target/surefire-reports for the individual test results.
[ERROR] -&gt; [Help 1]
[ERROR] 
[ERROR] To see the full stack trace of the errors, re-run Maven with the -e switch.
[ERROR] Re-run Maven using the -X switch to enable full debug logging.
[ERROR] 
[ERROR] For more information about the errors and possible solutions, please read the following articles:
[ERROR] [Help 1] <A HREF="http://cwiki.apache.org/confluence/display/MAVEN/MojoFailureException">http://cwiki.apache.org/confluence/display/MAVEN/MojoFailureException</A>
Build step 'Invoke top-level Maven targets' marked build as failure
Archiving artifacts
Build step 'Groovy Postbuild' marked build as failure
Recording test results
Performance: Percentage of errors greater or equal than 0% sets the build as unstable
Performance: Percentage of errors greater or equal than 0% sets the build as failure



Performance: Recording JUnit reports '**/TEST-*.xml'
TEST-net.imagej.legacy.LegacyImageMapTest.xml has an average of: 28
Performance: File TEST-net.imagej.legacy.LegacyImageMapTest.xml reported 0.0% of errors [SUCCESS]. Build status is: FAILURE



TEST-net.imagej.legacy.LegacyServiceTest.xml has an average of: 49
Performance: File TEST-net.imagej.legacy.LegacyServiceTest.xml reported 0.0% of errors [SUCCESS]. Build status is: FAILURE



TEST-net.imagej.legacy.OverlayHarmonizerTest.xml has an average of: 105
Performance: File TEST-net.imagej.legacy.OverlayHarmonizerTest.xml reported 0.0% of errors [SUCCESS]. Build status is: FAILURE



TEST-net.imagej.legacy.SwitchToModernTest.xml has an average of: 0
Performance: File TEST-net.imagej.legacy.SwitchToModernTest.xml reported 0.0% of errors [SUCCESS]. Build status is: FAILURE



TEST-net.imagej.legacy.translate.LegacyUtilsTest.xml has an average of: 1
Performance: File TEST-net.imagej.legacy.translate.LegacyUtilsTest.xml reported 0.0% of errors [SUCCESS]. Build status is: FAILURE



TEST-net.imagej.legacy.translate.MergedRgbVirtualStackTest.xml has an average of: 7
Performance: File TEST-net.imagej.legacy.translate.MergedRgbVirtualStackTest.xml reported 0.0% of errors [SUCCESS]. Build status is: FAILURE




</PRE>


<!--endarticle-->
    <HR>
    <P><UL>
        <!--threads-->
	<LI>Previous message: <A HREF="004303.html">[ImageJ-builds] mail-watcher-plugin: Computer Windows marked online
</A></li>
	<LI>Next message: <A HREF="004305.html">[ImageJ-builds] Build failed in Jenkins: ImageJ-legacy #87
</A></li>
         <LI> <B>Messages sorted by:</B> 
              <a href="date.html#4304">[ date ]</a>
              <a href="thread.html#4304">[ thread ]</a>
              <a href="subject.html#4304">[ subject ]</a>
              <a href="author.html#4304">[ author ]</a>
         </LI>
       </UL>

<hr>
<a href="http://imagej.net/mailman/listinfo/imagej-builds">More information about the ImageJ-builds
mailing list</a><br>
</body></html>
