<!DOCTYPE HTML PUBLIC "-//W3C//DTD HTML 4.01 Transitional//EN">
<HTML>
 <HEAD>
   <TITLE> [ImageJ-builds] Build failed in Jenkins: SciJava-common-windows #607
   </TITLE>
   <LINK REL="Index" HREF="index.html" >
   <LINK REL="made" HREF="mailto:imagej-builds%40imagej.net?Subject=Re%3A%20%5BImageJ-builds%5D%20Build%20failed%20in%20Jenkins%3A%20SciJava-common-windows%20%23607&In-Reply-To=%3C1001268964.188.1402716698665.JavaMail.jenkins%40dev%3E">
   <META NAME="robots" CONTENT="index,nofollow">
   <style type="text/css">
       pre {
           white-space: pre-wrap;       /* css-2.1, curent FF, Opera, Safari */
           }
   </style>
   <META http-equiv="Content-Type" content="text/html; charset=us-ascii">
   <LINK REL="Previous"  HREF="004316.html">
   <LINK REL="Next"  HREF="004318.html">
 </HEAD>
 <BODY BGCOLOR="#ffffff">
   <H1>[ImageJ-builds] Build failed in Jenkins: SciJava-common-windows #607</H1>
    <B>jenkins at imagej.net</B> 
    <A HREF="mailto:imagej-builds%40imagej.net?Subject=Re%3A%20%5BImageJ-builds%5D%20Build%20failed%20in%20Jenkins%3A%20SciJava-common-windows%20%23607&In-Reply-To=%3C1001268964.188.1402716698665.JavaMail.jenkins%40dev%3E"
       TITLE="[ImageJ-builds] Build failed in Jenkins: SciJava-common-windows #607">jenkins at imagej.net
       </A><BR>
    <I>Fri Jun 13 22:31:38 CDT 2014</I>
    <P><UL>
        <LI>Previous message: <A HREF="004316.html">[ImageJ-builds] Jenkins build is back to normal : SciJava-common	#738
</A></li>
        <LI>Next message: <A HREF="004318.html">[ImageJ-builds] Build failed in Jenkins: SciJava-common-windows #608
</A></li>
         <LI> <B>Messages sorted by:</B> 
              <a href="date.html#4317">[ date ]</a>
              <a href="thread.html#4317">[ thread ]</a>
              <a href="subject.html#4317">[ subject ]</a>
              <a href="author.html#4317">[ author ]</a>
         </LI>
       </UL>
    <HR>  
<!--beginarticle-->
<PRE>See &lt;<A HREF="http://jenkins.imagej.net/job/SciJava-common-windows/607/changes">http://jenkins.imagej.net/job/SciJava-common-windows/607/changes</A>&gt;

Changes:

[Curtis Rueden] Add a unit test for the DefaultScriptService

[Curtis Rueden] TestUtils: add method to create file in a sub-path

[Curtis Rueden] TestUtilsTest: use matching package

[Curtis Rueden] TestUtilsTest: fix javadoc link

[Curtis Rueden] TestUtilsTest: add a test for createPath method

[Curtis Rueden] Add a basic unit test for ScriptFinder

[Curtis Rueden] Fix failing ScriptFinderTest

[Curtis Rueden] ScriptService: allow menu prefix with a script dir

[Curtis Rueden] ScriptFinderTest: add a test for menu prefixes

[Curtis Rueden] ScriptFinder: fix section header

[Curtis Rueden] ScriptFinder: discover each script only once

[Curtis Rueden] ScriptFinderTest: add test for overlapping dirs

[Curtis Rueden] ScriptFinderTest: avoid emitting warnings

------------------------------------------
Started by upstream project &quot;SciJava-common&quot; build number 738
originally caused by:
 Started by an SCM change
Building remotely on Windows (windows) in workspace &lt;<A HREF="http://jenkins.imagej.net/job/SciJava-common-windows/ws/">http://jenkins.imagej.net/job/SciJava-common-windows/ws/</A>&gt;
Fetching changes from the remote Git repository
Fetching upstream changes from <A HREF="git://github.com/scijava/scijava-common">git://github.com/scijava/scijava-common</A>
Checking out Revision e0c9da6a07ff528be3f788a8d935dd445d1a5cf5 (origin/master)
[SciJava-common-windows] $ sh -xe C:\Users\VIRTUA~1\AppData\Local\Temp\hudson1959273358060672140.sh
+ git clean -dfx
Removing target/
+ PATH='/usr/src/fiji/java/win64/jdk1.6.0_24/bin:/usr/src/fiji/bin/apache-maven-3.0.4/bin:/usr/src/mingw-w64/sysroot/bin:/usr/bin:/usr/mingw/bin:/c/Windows/system32:/c/Windows:/c/Windows/System32/Wbem:/c/Windows/System32/WindowsPowerShell/v1.0/:/c/Program Files (x86)/CMake 2.8/bin:/c/Program Files/Microsoft Windows Performance Toolkit/:/c/Program Files (x86)/Git/cmd:/c/Program Files/Java/jdk1.6.0_31/bin'
+ /src/fiji/bin/maven.sh -U clean test
[INFO] Scanning for projects...
[INFO]                                                                         
[INFO] ------------------------------------------------------------------------
[INFO] Building SciJava Common 2.22.7-SNAPSHOT
[INFO] ------------------------------------------------------------------------
[INFO] 
[INFO] --- maven-clean-plugin:2.5:clean (default-clean) @ scijava-common ---
[INFO] 
[INFO] --- buildnumber-maven-plugin:1.2:create (default) @ scijava-common ---
[INFO] Checking for local modifications: skipped.
[INFO] Updating project files from SCM: skipped.
[INFO] Executing: cmd.exe /X /C &quot;git rev-parse --verify HEAD&quot;
[INFO] Working directory: &lt;<A HREF="http://jenkins.imagej.net/job/SciJava-common-windows/ws/">http://jenkins.imagej.net/job/SciJava-common-windows/ws/</A>&gt;
[INFO] Storing buildNumber: e0c9da6a07ff528be3f788a8d935dd445d1a5cf5 at timestamp: 1402716616875
[INFO] Executing: cmd.exe /X /C &quot;git rev-parse --verify HEAD&quot;
[INFO] Working directory: &lt;<A HREF="http://jenkins.imagej.net/job/SciJava-common-windows/ws/">http://jenkins.imagej.net/job/SciJava-common-windows/ws/</A>&gt;
[INFO] Storing buildScmBranch: UNKNOWN
[INFO] 
[INFO] --- maven-resources-plugin:2.6:resources (default-resources) @ scijava-common ---
[INFO] Using 'UTF-8' encoding to copy filtered resources.
[INFO] Copying 3 resources
[INFO] 
[INFO] --- maven-compiler-plugin:3.1:compile (default-compile) @ scijava-common ---
[INFO] Changes detected - recompiling the module!
[INFO] Compiling 423 source files to &lt;<A HREF="http://jenkins.imagej.net/job/SciJava-common-windows/ws/target\classes">http://jenkins.imagej.net/job/SciJava-common-windows/ws/target\classes</A>&gt;
[WARNING] Note: Some input files use unchecked or unsafe operations.
[WARNING] Note: Recompile with -Xlint:unchecked for details.
[INFO] 
[INFO] &gt;&gt;&gt; exec-maven-plugin:1.2.1:java (default) @ scijava-common &gt;&gt;&gt;
[INFO] 
[INFO] --- buildnumber-maven-plugin:1.2:create (default) @ scijava-common ---
[INFO] 
[INFO] &lt;&lt;&lt; exec-maven-plugin:1.2.1:java (default) @ scijava-common &lt;&lt;&lt;
[INFO] 
[INFO] --- exec-maven-plugin:1.2.1:java (default) @ scijava-common ---
[ECLIPSE HELPER] Indexing annotations...
[INFO] 
[INFO] --- maven-resources-plugin:2.6:testResources (default-testResources) @ scijava-common ---
[INFO] Using 'UTF-8' encoding to copy filtered resources.
[INFO] Copying 2 resources
[INFO] 
[INFO] --- maven-compiler-plugin:3.1:testCompile (default-testCompile) @ scijava-common ---
[INFO] Changes detected - recompiling the module!
[INFO] Compiling 46 source files to &lt;<A HREF="http://jenkins.imagej.net/job/SciJava-common-windows/ws/target\test-classes">http://jenkins.imagej.net/job/SciJava-common-windows/ws/target\test-classes</A>&gt;
[INFO] 
[INFO] --- maven-surefire-plugin:2.17:test (default-test) @ scijava-common ---
[INFO] Surefire report directory: &lt;<A HREF="http://jenkins.imagej.net/job/SciJava-common-windows/ws/target\surefire-reports">http://jenkins.imagej.net/job/SciJava-common-windows/ws/target\surefire-reports</A>&gt;

-------------------------------------------------------
 T E S T S
-------------------------------------------------------
Running org.scijava.annotations.DirectoryIndexerTest
[ECLIPSE HELPER] Indexing annotations...
Tests run: 2, Failures: 0, Errors: 0, Skipped: 1, Time elapsed: 0.234 sec - in org.scijava.annotations.DirectoryIndexerTest
Running org.scijava.annotations.EclipseHelperTest
[ECLIPSE HELPER] Indexing annotations...
[ECLIPSE HELPER] Indexing annotations...
Tests run: 2, Failures: 0, Errors: 0, Skipped: 0, Time elapsed: 0.043 sec - in org.scijava.annotations.EclipseHelperTest
Running org.scijava.annotations.LegacyTest
Tests run: 1, Failures: 0, Errors: 0, Skipped: 0, Time elapsed: 0.068 sec - in org.scijava.annotations.LegacyTest
Running org.scijava.app.DefaultStatusServiceTest
Tests run: 6, Failures: 0, Errors: 0, Skipped: 0, Time elapsed: 0.989 sec - in org.scijava.app.DefaultStatusServiceTest
Running org.scijava.command.CommandServiceTest
Tests run: 1, Failures: 0, Errors: 0, Skipped: 0, Time elapsed: 0.07 sec - in org.scijava.command.CommandServiceTest
Running org.scijava.ContextCreationTest
[WARNING] Invalid service: org.scijava.ContextCreationTest$OptionalMissingService
[WARNING] Invalid service: org.scijava.ContextCreationTest$MissingService
Tests run: 11, Failures: 0, Errors: 0, Skipped: 0, Time elapsed: 0.234 sec - in org.scijava.ContextCreationTest
Running org.scijava.ContextInjectionTest
Tests run: 7, Failures: 0, Errors: 0, Skipped: 0, Time elapsed: 0.313 sec - in org.scijava.ContextInjectionTest
Running org.scijava.display.DisplayTest
Tests run: 3, Failures: 0, Errors: 0, Skipped: 0, Time elapsed: 0.065 sec - in org.scijava.display.DisplayTest
Running org.scijava.event.EventServiceTest
Tests run: 1, Failures: 0, Errors: 0, Skipped: 0, Time elapsed: 0.229 sec - in org.scijava.event.EventServiceTest
Running org.scijava.log.LogServiceTest
Tests run: 1, Failures: 0, Errors: 0, Skipped: 0, Time elapsed: 0.002 sec - in org.scijava.log.LogServiceTest
Running org.scijava.menu.ShadowMenuTest
Tests run: 5, Failures: 0, Errors: 0, Skipped: 0, Time elapsed: 0.066 sec - in org.scijava.menu.ShadowMenuTest
Running org.scijava.object.ObjectIndexTest
Tests run: 11, Failures: 0, Errors: 0, Skipped: 0, Time elapsed: 0.019 sec - in org.scijava.object.ObjectIndexTest
Running org.scijava.object.SortedObjectIndexTest
Tests run: 2, Failures: 0, Errors: 0, Skipped: 0, Time elapsed: 0.003 sec - in org.scijava.object.SortedObjectIndexTest
Running org.scijava.options.OptionsTest
Tests run: 2, Failures: 0, Errors: 0, Skipped: 0, Time elapsed: 0.959 sec - in org.scijava.options.OptionsTest
Running org.scijava.plugin.PluginIndexTest
Tests run: 2, Failures: 0, Errors: 0, Skipped: 0, Time elapsed: 0.02 sec - in org.scijava.plugin.PluginIndexTest
Running org.scijava.script.ScriptEngineTest
Tests run: 2, Failures: 0, Errors: 0, Skipped: 0, Time elapsed: 0.115 sec - in org.scijava.script.ScriptEngineTest
Running org.scijava.script.ScriptFinderTest
Tests run: 3, Failures: 0, Errors: 0, Skipped: 0, Time elapsed: 0.208 sec - in org.scijava.script.ScriptFinderTest
Running org.scijava.script.ScriptServiceTest
Tests run: 1, Failures: 1, Errors: 0, Skipped: 0, Time elapsed: 0.078 sec &lt;&lt;&lt; FAILURE! - in org.scijava.script.ScriptServiceTest
testSystemProperty(org.scijava.script.ScriptServiceTest)  Time elapsed: 0.076 sec  &lt;&lt;&lt; FAILURE!
org.junit.ComparisonFailure: expected:&lt;...iJava-common-windows[/]scripts&gt; but was:&lt;...iJava-common-windows[\]scripts&gt;
	at org.junit.Assert.assertEquals(Assert.java:115)
	at org.junit.Assert.assertEquals(Assert.java:144)
	at org.scijava.script.ScriptServiceTest.testSystemProperty(ScriptServiceTest.java:68)

Running org.scijava.service.ServiceIndexTest
Tests run: 1, Failures: 0, Errors: 0, Skipped: 0, Time elapsed: 0 sec - in org.scijava.service.ServiceIndexTest
Running org.scijava.test.TestUtilsTest
Tests run: 3, Failures: 0, Errors: 0, Skipped: 0, Time elapsed: 0 sec - in org.scijava.test.TestUtilsTest
Running org.scijava.util.AppUtilsTest
Tests run: 1, Failures: 0, Errors: 0, Skipped: 0, Time elapsed: 0 sec - in org.scijava.util.AppUtilsTest
Running org.scijava.util.BoolArrayTest
Tests run: 22, Failures: 0, Errors: 0, Skipped: 0, Time elapsed: 0.073 sec - in org.scijava.util.BoolArrayTest
Running org.scijava.util.ByteArrayTest
Tests run: 22, Failures: 0, Errors: 0, Skipped: 0, Time elapsed: 0.001 sec - in org.scijava.util.ByteArrayTest
Running org.scijava.util.CharArrayTest
Tests run: 22, Failures: 0, Errors: 0, Skipped: 0, Time elapsed: 0.002 sec - in org.scijava.util.CharArrayTest
Running org.scijava.util.ClassUtilsTest
Tests run: 6, Failures: 0, Errors: 0, Skipped: 0, Time elapsed: 0.012 sec - in org.scijava.util.ClassUtilsTest
Running org.scijava.util.ColorRGBTest
Tests run: 12, Failures: 0, Errors: 0, Skipped: 0, Time elapsed: 0.012 sec - in org.scijava.util.ColorRGBTest
Running org.scijava.util.ConversionUtilsTest
Tests run: 22, Failures: 0, Errors: 0, Skipped: 0, Time elapsed: 0.094 sec - in org.scijava.util.ConversionUtilsTest
Running org.scijava.util.DoubleArrayTest
Tests run: 22, Failures: 0, Errors: 0, Skipped: 0, Time elapsed: 0.024 sec - in org.scijava.util.DoubleArrayTest
Running org.scijava.util.FileUtilsTest
Tests run: 8, Failures: 0, Errors: 0, Skipped: 0, Time elapsed: 0.091 sec - in org.scijava.util.FileUtilsTest
Running org.scijava.util.FloatArrayTest
Tests run: 22, Failures: 0, Errors: 0, Skipped: 0, Time elapsed: 0.03 sec - in org.scijava.util.FloatArrayTest
Running org.scijava.util.IntArrayTest
Tests run: 22, Failures: 0, Errors: 0, Skipped: 0, Time elapsed: 0.066 sec - in org.scijava.util.IntArrayTest
Running org.scijava.util.LongArrayTest
Tests run: 22, Failures: 0, Errors: 0, Skipped: 0, Time elapsed: 0.002 sec - in org.scijava.util.LongArrayTest
Running org.scijava.util.ObjectArrayTest
Tests run: 22, Failures: 0, Errors: 0, Skipped: 0, Time elapsed: 0.002 sec - in org.scijava.util.ObjectArrayTest
Running org.scijava.util.POMTest
Tests run: 1, Failures: 0, Errors: 0, Skipped: 0, Time elapsed: 0 sec - in org.scijava.util.POMTest
Running org.scijava.util.PrefsTest
Tests run: 2, Failures: 0, Errors: 0, Skipped: 0, Time elapsed: 0 sec - in org.scijava.util.PrefsTest
Running org.scijava.util.ProcessUtilsTest
Tests run: 2, Failures: 0, Errors: 0, Skipped: 2, Time elapsed: 0 sec - in org.scijava.util.ProcessUtilsTest
Running org.scijava.util.ShortArrayTest
Tests run: 22, Failures: 0, Errors: 0, Skipped: 0, Time elapsed: 0.097 sec - in org.scijava.util.ShortArrayTest
Running org.scijava.util.UnitUtilsTest
Tests run: 1, Failures: 0, Errors: 0, Skipped: 0, Time elapsed: 0.001 sec - in org.scijava.util.UnitUtilsTest

Results :

Failed tests: 
  ScriptServiceTest.testSystemProperty:68 expected:&lt;...iJava-common-windows[/]scripts&gt; but was:&lt;...iJava-common-windows[\]scripts&gt;

Tests run: 320, Failures: 1, Errors: 0, Skipped: 3

[INFO] ------------------------------------------------------------------------
[INFO] BUILD FAILURE
[INFO] ------------------------------------------------------------------------
[INFO] Total time: 24.626s
[INFO] Finished at: Fri Jun 13 22:30:38 CDT 2014
[INFO] Final Memory: 12M/56M
[INFO] ------------------------------------------------------------------------
[ERROR] Failed to execute goal org.apache.maven.plugins:maven-surefire-plugin:2.17:test (default-test) on project scijava-common: There are test failures.
[ERROR] 
[ERROR] Please refer to &lt;<A HREF="http://jenkins.imagej.net/job/SciJava-common-windows/ws/target\surefire-reports">http://jenkins.imagej.net/job/SciJava-common-windows/ws/target\surefire-reports</A>&gt; for the individual test results.
[ERROR] -&gt; [Help 1]
[ERROR] 
[ERROR] To see the full stack trace of the errors, re-run Maven with the -e switch.
[ERROR] Re-run Maven using the -X switch to enable full debug logging.
[ERROR] 
[ERROR] For more information about the errors and possible solutions, please read the following articles:
[ERROR] [Help 1] <A HREF="http://cwiki.apache.org/confluence/display/MAVEN/MojoFailureException">http://cwiki.apache.org/confluence/display/MAVEN/MojoFailureException</A>
Build step 'Execute shell' marked build as failure
Archiving artifacts
Recording test results

</PRE>


<!--endarticle-->
    <HR>
    <P><UL>
        <!--threads-->
	<LI>Previous message: <A HREF="004316.html">[ImageJ-builds] Jenkins build is back to normal : SciJava-common	#738
</A></li>
	<LI>Next message: <A HREF="004318.html">[ImageJ-builds] Build failed in Jenkins: SciJava-common-windows #608
</A></li>
         <LI> <B>Messages sorted by:</B> 
              <a href="date.html#4317">[ date ]</a>
              <a href="thread.html#4317">[ thread ]</a>
              <a href="subject.html#4317">[ subject ]</a>
              <a href="author.html#4317">[ author ]</a>
         </LI>
       </UL>

<hr>
<a href="http://imagej.net/mailman/listinfo/imagej-builds">More information about the ImageJ-builds
mailing list</a><br>
</body></html>
