<!DOCTYPE HTML PUBLIC "-//W3C//DTD HTML 4.01 Transitional//EN">
<HTML>
 <HEAD>
   <TITLE> [ImageJ-builds] Build failed in Jenkins: SciJava-common #737
   </TITLE>
   <LINK REL="Index" HREF="index.html" >
   <LINK REL="made" HREF="mailto:imagej-builds%40imagej.net?Subject=Re%3A%20%5BImageJ-builds%5D%20Build%20failed%20in%20Jenkins%3A%20SciJava-common%20%23737&In-Reply-To=%3C963971142.186.1402694079138.JavaMail.jenkins%40dev%3E">
   <META NAME="robots" CONTENT="index,nofollow">
   <style type="text/css">
       pre {
           white-space: pre-wrap;       /* css-2.1, curent FF, Opera, Safari */
           }
   </style>
   <META http-equiv="Content-Type" content="text/html; charset=us-ascii">
   <LINK REL="Previous"  HREF="004314.html">
   <LINK REL="Next"  HREF="004316.html">
 </HEAD>
 <BODY BGCOLOR="#ffffff">
   <H1>[ImageJ-builds] Build failed in Jenkins: SciJava-common #737</H1>
    <B>jenkins at imagej.net</B> 
    <A HREF="mailto:imagej-builds%40imagej.net?Subject=Re%3A%20%5BImageJ-builds%5D%20Build%20failed%20in%20Jenkins%3A%20SciJava-common%20%23737&In-Reply-To=%3C963971142.186.1402694079138.JavaMail.jenkins%40dev%3E"
       TITLE="[ImageJ-builds] Build failed in Jenkins: SciJava-common #737">jenkins at imagej.net
       </A><BR>
    <I>Fri Jun 13 16:14:39 CDT 2014</I>
    <P><UL>
        <LI>Previous message: <A HREF="004314.html">[ImageJ-builds] Jenkins build is back to normal : ImageJ-legacy #104
</A></li>
        <LI>Next message: <A HREF="004316.html">[ImageJ-builds] Jenkins build is back to normal : SciJava-common	#738
</A></li>
         <LI> <B>Messages sorted by:</B> 
              <a href="date.html#4315">[ date ]</a>
              <a href="thread.html#4315">[ thread ]</a>
              <a href="subject.html#4315">[ subject ]</a>
              <a href="author.html#4315">[ author ]</a>
         </LI>
       </UL>
    <HR>  
<!--beginarticle-->
<PRE>See &lt;<A HREF="http://jenkins.imagej.net/job/SciJava-common/737/changes">http://jenkins.imagej.net/job/SciJava-common/737/changes</A>&gt;

Changes:

[Curtis Rueden] Add a unit test for the DefaultScriptService

[Curtis Rueden] TestUtils: add method to create file in a sub-path

[Curtis Rueden] TestUtilsTest: use matching package

[Curtis Rueden] TestUtilsTest: fix javadoc link

[Curtis Rueden] TestUtilsTest: add a test for createPath method

[Curtis Rueden] Add a basic unit test for ScriptFinder

------------------------------------------
[...truncated 124 lines...]
Tests run: 1, Failures: 0, Errors: 0, Skipped: 0, Time elapsed: 0 sec - in org.scijava.util.AppUtilsTest
Running org.scijava.util.BoolArrayTest
Tests run: 22, Failures: 0, Errors: 0, Skipped: 0, Time elapsed: 0.008 sec - in org.scijava.util.BoolArrayTest
Running org.scijava.util.ColorRGBTest
Tests run: 12, Failures: 0, Errors: 0, Skipped: 0, Time elapsed: 0.007 sec - in org.scijava.util.ColorRGBTest
Running org.scijava.util.IntArrayTest
Tests run: 22, Failures: 0, Errors: 0, Skipped: 0, Time elapsed: 0.007 sec - in org.scijava.util.IntArrayTest
Running org.scijava.util.ShortArrayTest
Tests run: 22, Failures: 0, Errors: 0, Skipped: 0, Time elapsed: 0.007 sec - in org.scijava.util.ShortArrayTest
Running org.scijava.util.FileUtilsTest
Tests run: 8, Failures: 0, Errors: 0, Skipped: 0, Time elapsed: 0.012 sec - in org.scijava.util.FileUtilsTest
Running org.scijava.util.PrefsTest
Tests run: 2, Failures: 0, Errors: 0, Skipped: 0, Time elapsed: 0.005 sec - in org.scijava.util.PrefsTest
Running org.scijava.util.CharArrayTest
Tests run: 22, Failures: 0, Errors: 0, Skipped: 0, Time elapsed: 0.008 sec - in org.scijava.util.CharArrayTest
Running org.scijava.util.DoubleArrayTest
Tests run: 22, Failures: 0, Errors: 0, Skipped: 0, Time elapsed: 0.008 sec - in org.scijava.util.DoubleArrayTest
Running org.scijava.util.ProcessUtilsTest
Tests run: 2, Failures: 0, Errors: 0, Skipped: 0, Time elapsed: 0.103 sec - in org.scijava.util.ProcessUtilsTest
Running org.scijava.util.ByteArrayTest
Tests run: 22, Failures: 0, Errors: 0, Skipped: 0, Time elapsed: 0.008 sec - in org.scijava.util.ByteArrayTest
Running org.scijava.util.LongArrayTest
Tests run: 22, Failures: 0, Errors: 0, Skipped: 0, Time elapsed: 0.007 sec - in org.scijava.util.LongArrayTest
Running org.scijava.ContextInjectionTest
Tests run: 7, Failures: 0, Errors: 0, Skipped: 0, Time elapsed: 0.047 sec - in org.scijava.ContextInjectionTest

Results :

Failed tests: 
  ScriptFinderTest.testFindScripts:98-&gt;assertMenuPath:116 expected:&lt;Math &gt; [add]&gt; but was:&lt;Math &gt; [divide]&gt;

Tests run: 318, Failures: 1, Errors: 0, Skipped: 0

[INFO] ------------------------------------------------------------------------
[INFO] BUILD FAILURE
[INFO] ------------------------------------------------------------------------
[INFO] Total time: 8.255s
[INFO] Finished at: Fri Jun 13 16:14:38 CDT 2014
[INFO] Final Memory: 17M/360M
[INFO] ------------------------------------------------------------------------
[ERROR] Failed to execute goal org.apache.maven.plugins:maven-surefire-plugin:2.17:test (default-test) on project scijava-common: There are test failures.
[ERROR] 
[ERROR] Please refer to /data/devel/jenkins/jobs/SciJava-common/workspace/target/surefire-reports for the individual test results.
[ERROR] -&gt; [Help 1]
[ERROR] 
[ERROR] To see the full stack trace of the errors, re-run Maven with the -e switch.
[ERROR] Re-run Maven using the -X switch to enable full debug logging.
[ERROR] 
[ERROR] For more information about the errors and possible solutions, please read the following articles:
[ERROR] [Help 1] <A HREF="http://cwiki.apache.org/confluence/display/MAVEN/MojoFailureException">http://cwiki.apache.org/confluence/display/MAVEN/MojoFailureException</A>
Build step 'Invoke top-level Maven targets' marked build as failure
Archiving artifacts
Recording test results
Performance: Percentage of errors greater or equal than 0% sets the build as unstable
Performance: Percentage of errors greater or equal than 0% sets the build as failure



Performance: Recording JUnit reports '**/TEST-*.xml'
TEST-org.scijava.ContextCreationTest.xml has an average of: 36
Performance: File TEST-org.scijava.ContextCreationTest.xml reported 0.0% of errors [SUCCESS]. Build status is: FAILURE



TEST-org.scijava.ContextInjectionTest.xml has an average of: 6
Performance: File TEST-org.scijava.ContextInjectionTest.xml reported 0.0% of errors [SUCCESS]. Build status is: FAILURE



TEST-org.scijava.annotations.DirectoryIndexerTest.xml has an average of: 15
Performance: File TEST-org.scijava.annotations.DirectoryIndexerTest.xml reported 0.0% of errors [SUCCESS]. Build status is: FAILURE



TEST-org.scijava.annotations.EclipseHelperTest.xml has an average of: 6
Performance: File TEST-org.scijava.annotations.EclipseHelperTest.xml reported 0.0% of errors [SUCCESS]. Build status is: FAILURE



TEST-org.scijava.annotations.LegacyTest.xml has an average of: 27
Performance: File TEST-org.scijava.annotations.LegacyTest.xml reported 0.0% of errors [SUCCESS]. Build status is: FAILURE



TEST-org.scijava.app.DefaultStatusServiceTest.xml has an average of: 40
Performance: File TEST-org.scijava.app.DefaultStatusServiceTest.xml reported 0.0% of errors [SUCCESS]. Build status is: FAILURE



TEST-org.scijava.command.CommandServiceTest.xml has an average of: 20
Performance: File TEST-org.scijava.command.CommandServiceTest.xml reported 0.0% of errors [SUCCESS]. Build status is: FAILURE



TEST-org.scijava.display.DisplayTest.xml has an average of: 18
Performance: File TEST-org.scijava.display.DisplayTest.xml reported 0.0% of errors [SUCCESS]. Build status is: FAILURE



TEST-org.scijava.event.EventServiceTest.xml has an average of: 182
Performance: File TEST-org.scijava.event.EventServiceTest.xml reported 0.0% of errors [SUCCESS]. Build status is: FAILURE



TEST-org.scijava.log.LogServiceTest.xml has an average of: 0
Performance: File TEST-org.scijava.log.LogServiceTest.xml reported 0.0% of errors [SUCCESS]. Build status is: FAILURE



TEST-org.scijava.menu.ShadowMenuTest.xml has an average of: 22
Performance: File TEST-org.scijava.menu.ShadowMenuTest.xml reported 0.0% of errors [SUCCESS]. Build status is: FAILURE



TEST-org.scijava.object.ObjectIndexTest.xml has an average of: 0
Performance: File TEST-org.scijava.object.ObjectIndexTest.xml reported 0.0% of errors [SUCCESS]. Build status is: FAILURE



TEST-org.scijava.object.SortedObjectIndexTest.xml has an average of: 0
Performance: File TEST-org.scijava.object.SortedObjectIndexTest.xml reported 0.0% of errors [SUCCESS]. Build status is: FAILURE



TEST-org.scijava.options.OptionsTest.xml has an average of: 19
Performance: File TEST-org.scijava.options.OptionsTest.xml reported 0.0% of errors [SUCCESS]. Build status is: FAILURE



TEST-org.scijava.plugin.PluginIndexTest.xml has an average of: 9
Performance: File TEST-org.scijava.plugin.PluginIndexTest.xml reported 0.0% of errors [SUCCESS]. Build status is: FAILURE



TEST-org.scijava.script.ScriptEngineTest.xml has an average of: 15
Performance: File TEST-org.scijava.script.ScriptEngineTest.xml reported 0.0% of errors [SUCCESS]. Build status is: FAILURE



TEST-org.scijava.script.ScriptFinderTest.xml has an average of: 29
Performance: File TEST-org.scijava.script.ScriptFinderTest.xml reported 100.0% of errors [FAILURE]. Build status is: FAILURE



TEST-org.scijava.script.ScriptServiceTest.xml has an average of: 8
Performance: File TEST-org.scijava.script.ScriptServiceTest.xml reported 0.0% of errors [FAILURE]. Build status is: FAILURE



TEST-org.scijava.service.ServiceIndexTest.xml has an average of: 6
Performance: File TEST-org.scijava.service.ServiceIndexTest.xml reported 0.0% of errors [FAILURE]. Build status is: FAILURE



TEST-org.scijava.test.TestUtilsTest.xml has an average of: 0
Performance: File TEST-org.scijava.test.TestUtilsTest.xml reported 0.0% of errors [FAILURE]. Build status is: FAILURE



TEST-org.scijava.util.AppUtilsTest.xml has an average of: 0
Performance: File TEST-org.scijava.util.AppUtilsTest.xml reported 0.0% of errors [FAILURE]. Build status is: FAILURE



TEST-org.scijava.util.BoolArrayTest.xml has an average of: 0
Performance: File TEST-org.scijava.util.BoolArrayTest.xml reported 0.0% of errors [FAILURE]. Build status is: FAILURE



TEST-org.scijava.util.ByteArrayTest.xml has an average of: 0
Performance: File TEST-org.scijava.util.ByteArrayTest.xml reported 0.0% of errors [FAILURE]. Build status is: FAILURE



TEST-org.scijava.util.CharArrayTest.xml has an average of: 0
Performance: File TEST-org.scijava.util.CharArrayTest.xml reported 0.0% of errors [FAILURE]. Build status is: FAILURE



TEST-org.scijava.util.ClassUtilsTest.xml has an average of: 1
Performance: File TEST-org.scijava.util.ClassUtilsTest.xml reported 0.0% of errors [FAILURE]. Build status is: FAILURE



TEST-org.scijava.util.ColorRGBTest.xml has an average of: 0
Performance: File TEST-org.scijava.util.ColorRGBTest.xml reported 0.0% of errors [FAILURE]. Build status is: FAILURE



TEST-org.scijava.util.ConversionUtilsTest.xml has an average of: 0
Performance: File TEST-org.scijava.util.ConversionUtilsTest.xml reported 0.0% of errors [FAILURE]. Build status is: FAILURE



TEST-org.scijava.util.DoubleArrayTest.xml has an average of: 0
Performance: File TEST-org.scijava.util.DoubleArrayTest.xml reported 0.0% of errors [FAILURE]. Build status is: FAILURE



TEST-org.scijava.util.FileUtilsTest.xml has an average of: 1
Performance: File TEST-org.scijava.util.FileUtilsTest.xml reported 0.0% of errors [FAILURE]. Build status is: FAILURE



TEST-org.scijava.util.FloatArrayTest.xml has an average of: 0
Performance: File TEST-org.scijava.util.FloatArrayTest.xml reported 0.0% of errors [FAILURE]. Build status is: FAILURE



TEST-org.scijava.util.IntArrayTest.xml has an average of: 0
Performance: File TEST-org.scijava.util.IntArrayTest.xml reported 0.0% of errors [FAILURE]. Build status is: FAILURE



TEST-org.scijava.util.LongArrayTest.xml has an average of: 0
Performance: File TEST-org.scijava.util.LongArrayTest.xml reported 0.0% of errors [FAILURE]. Build status is: FAILURE



TEST-org.scijava.util.ObjectArrayTest.xml has an average of: 0
Performance: File TEST-org.scijava.util.ObjectArrayTest.xml reported 0.0% of errors [FAILURE]. Build status is: FAILURE



TEST-org.scijava.util.POMTest.xml has an average of: 0
Performance: File TEST-org.scijava.util.POMTest.xml reported 0.0% of errors [FAILURE]. Build status is: FAILURE



TEST-org.scijava.util.PrefsTest.xml has an average of: 2
Performance: File TEST-org.scijava.util.PrefsTest.xml reported 0.0% of errors [FAILURE]. Build status is: FAILURE



TEST-org.scijava.util.ProcessUtilsTest.xml has an average of: 51
Performance: File TEST-org.scijava.util.ProcessUtilsTest.xml reported 0.0% of errors [FAILURE]. Build status is: FAILURE



TEST-org.scijava.util.ShortArrayTest.xml has an average of: 0
Performance: File TEST-org.scijava.util.ShortArrayTest.xml reported 0.0% of errors [FAILURE]. Build status is: FAILURE



TEST-org.scijava.util.UnitUtilsTest.xml has an average of: 3
Performance: File TEST-org.scijava.util.UnitUtilsTest.xml reported 0.0% of errors [FAILURE]. Build status is: FAILURE




</PRE>


<!--endarticle-->
    <HR>
    <P><UL>
        <!--threads-->
	<LI>Previous message: <A HREF="004314.html">[ImageJ-builds] Jenkins build is back to normal : ImageJ-legacy #104
</A></li>
	<LI>Next message: <A HREF="004316.html">[ImageJ-builds] Jenkins build is back to normal : SciJava-common	#738
</A></li>
         <LI> <B>Messages sorted by:</B> 
              <a href="date.html#4315">[ date ]</a>
              <a href="thread.html#4315">[ thread ]</a>
              <a href="subject.html#4315">[ subject ]</a>
              <a href="author.html#4315">[ author ]</a>
         </LI>
       </UL>

<hr>
<a href="http://imagej.net/mailman/listinfo/imagej-builds">More information about the ImageJ-builds
mailing list</a><br>
</body></html>
