<!DOCTYPE HTML PUBLIC "-//W3C//DTD HTML 4.01 Transitional//EN">
<HTML>
 <HEAD>
   <TITLE> [ImageJ-builds] Build failed in Jenkins: ImageJ-launcher &#187; Windows #1167
   </TITLE>
   <LINK REL="Index" HREF="index.html" >
   <LINK REL="made" HREF="mailto:imagej-builds%40imagej.net?Subject=Re%3A%20%5BImageJ-builds%5D%20%3D%3Futf-8%3Fq%3FBuild_failed_in_Jenkins%3D3A_ImageJ-launc%3F%3D%0A%09%3D%3Futf-8%3Fq%3Fher_%3DC2%3DBB_Windows_%3D231167%3F%3D&In-Reply-To=%3C1261967452.1238.1403289977626.JavaMail.jenkins%40dev%3E">
   <META NAME="robots" CONTENT="index,nofollow">
   <style type="text/css">
       pre {
           white-space: pre-wrap;       /* css-2.1, curent FF, Opera, Safari */
           }
   </style>
   <META http-equiv="Content-Type" content="text/html; charset=us-ascii">
   <LINK REL="Previous"  HREF="005574.html">
   <LINK REL="Next"  HREF="005576.html">
 </HEAD>
 <BODY BGCOLOR="#ffffff">
   <H1>[ImageJ-builds] Build failed in Jenkins: ImageJ-launcher &#187; Windows #1167</H1>
    <B>jenkins at imagej.net</B> 
    <A HREF="mailto:imagej-builds%40imagej.net?Subject=Re%3A%20%5BImageJ-builds%5D%20%3D%3Futf-8%3Fq%3FBuild_failed_in_Jenkins%3D3A_ImageJ-launc%3F%3D%0A%09%3D%3Futf-8%3Fq%3Fher_%3DC2%3DBB_Windows_%3D231167%3F%3D&In-Reply-To=%3C1261967452.1238.1403289977626.JavaMail.jenkins%40dev%3E"
       TITLE="[ImageJ-builds] Build failed in Jenkins: ImageJ-launcher &#187; Windows #1167">jenkins at imagej.net
       </A><BR>
    <I>Fri Jun 20 13:46:17 CDT 2014</I>
    <P><UL>
        <LI>Previous message: <A HREF="005574.html">[ImageJ-builds] Jenkins build is back to normal :	Fiji-minimal-MacOSX #794
</A></li>
        <LI>Next message: <A HREF="005576.html">[ImageJ-builds] Jenkins build is back to normal : ImageJ-launcher &#187; Windows #1168
</A></li>
         <LI> <B>Messages sorted by:</B> 
              <a href="date.html#5575">[ date ]</a>
              <a href="thread.html#5575">[ thread ]</a>
              <a href="subject.html#5575">[ subject ]</a>
              <a href="author.html#5575">[ author ]</a>
         </LI>
       </UL>
    <HR>  
<!--beginarticle-->
<PRE>See &lt;<A HREF="http://jenkins.imagej.net/job/ImageJ-launcher/label=Windows/1167/changes">http://jenkins.imagej.net/job/ImageJ-launcher/label=Windows/1167/changes</A>&gt;

Changes:

[Johannes Schindelin] Bump to next development cycle

------------------------------------------
[...truncated 3658 lines...]
[DEBUG]   (f) session = <A HREF="http://imagej.net/mailman/listinfo/imagej-builds">org.apache.maven.execution.MavenSession at 3a15da7d</A>
[DEBUG]   (f) skip = false
[DEBUG] -- end configuration --
[INFO] 
[INFO] --- nar-maven-plugin:3.1.0:nar-gnu-make (default-nar-gnu-make) @ imagej-launcher ---
[DEBUG] Configuring mojo com.github.maven-nar:nar-maven-plugin:3.1.0:nar-gnu-make from plugin realm ClassRealm[plugin&gt;com.github.maven-nar:nar-maven-plugin:3.1.0, parent: sun.misc.Launcher$<A HREF="http://imagej.net/mailman/listinfo/imagej-builds">AppClassLoader at 1f7182c1</A>]
[DEBUG] Configuring mojo 'com.github.maven-nar:nar-maven-plugin:3.1.0:nar-gnu-make' with basic configurator --&gt;
[DEBUG]   (f) architecture = x86
[DEBUG]   (f) baseDir = &lt;<A HREF="http://jenkins.imagej.net/job/ImageJ-launcher/label=Windows/ws/">http://jenkins.imagej.net/job/ImageJ-launcher/label=Windows/ws/</A>&gt;
[DEBUG]   (f) classesDirectory = &lt;<A HREF="http://jenkins.imagej.net/job/ImageJ-launcher/label=Windows/ws/target\classes">http://jenkins.imagej.net/job/ImageJ-launcher/label=Windows/ws/target\classes</A>&gt;
[DEBUG]   (f) gnuMakeInstallSkip = false
[DEBUG]   (f) gnuSourceDirectory = &lt;<A HREF="http://jenkins.imagej.net/job/ImageJ-launcher/label=Windows/ws/src\gnu">http://jenkins.imagej.net/job/ImageJ-launcher/label=Windows/ws/src\gnu</A>&gt;
[DEBUG]   (f) gnuTargetDirectory = &lt;<A HREF="http://jenkins.imagej.net/job/ImageJ-launcher/label=Windows/ws/target\nar\gnu">http://jenkins.imagej.net/job/ImageJ-launcher/label=Windows/ws/target\nar\gnu</A>&gt;
[DEBUG]   (f) gnuUseOnWindows = false
[DEBUG]   (f) ignore = false
[DEBUG]   (f) layout = com.github.maven_nar.NarLayout21
[DEBUG]   (f) type = executable
[DEBUG]   (f) subSystem = gui
[DEBUG]   (f) libraries = [Library: type: executable]
[DEBUG]   (f) name = gcc
[DEBUG]   (f) options = [-m64, -mwindows]
[DEBUG]   (f) name = kernel32
[DEBUG]   (f) sysLibs = [<A HREF="http://imagej.net/mailman/listinfo/imagej-builds">com.github.maven_nar.SysLib at 1947e0ec</A>]
[DEBUG]   (f) linker = <A HREF="http://imagej.net/mailman/listinfo/imagej-builds">com.github.maven_nar.Linker at 3dffb2eb</A>
[DEBUG]   (f) mavenProject = MavenProject: net.imagej:imagej-launcher:3.1.3-SNAPSHOT @ &lt;<A HREF="http://jenkins.imagej.net/job/ImageJ-launcher/label=Windows/ws/pom.xml">http://jenkins.imagej.net/job/ImageJ-launcher/label=Windows/ws/pom.xml</A>&gt;
[DEBUG]   (f) os = Windows
[DEBUG]   (f) outputDirectory = &lt;<A HREF="http://jenkins.imagej.net/job/ImageJ-launcher/label=Windows/ws/target">http://jenkins.imagej.net/job/ImageJ-launcher/label=Windows/ws/target</A>&gt;
[DEBUG]   (f) resourceBinDir = bin
[DEBUG]   (f) resourceIncludeDir = include
[DEBUG]   (f) resourceLibDir = lib
[DEBUG]   (f) skip = false
[DEBUG] -- end configuration --
[INFO] 
[INFO] --- nar-maven-plugin:3.1.0:nar-compile (default-nar-compile) @ imagej-launcher ---
[DEBUG] Configuring mojo com.github.maven-nar:nar-maven-plugin:3.1.0:nar-compile from plugin realm ClassRealm[plugin&gt;com.github.maven-nar:nar-maven-plugin:3.1.0, parent: sun.misc.Launcher$<A HREF="http://imagej.net/mailman/listinfo/imagej-builds">AppClassLoader at 1f7182c1</A>]
[DEBUG] Configuring mojo 'com.github.maven-nar:nar-maven-plugin:3.1.0:nar-compile' with basic configurator --&gt;
[DEBUG]   (f) architecture = x86
[DEBUG]   (f) baseDir = &lt;<A HREF="http://jenkins.imagej.net/job/ImageJ-launcher/label=Windows/ws/">http://jenkins.imagej.net/job/ImageJ-launcher/label=Windows/ws/</A>&gt;
[DEBUG]   (f) name = gcc
[DEBUG]   (f) includes = [**/*.c]
[DEBUG]   (f) options = [-DLAUNCHER_VERSION=&quot;3.1.3-SNAPSHOT&quot;, -DBUILD_NUMBER=&quot;98338b625347c33778629d14247256105bb4a669&quot;, -I/include, -I/include/win32, null, -m64, -mwindows, null]
[DEBUG]   (s) c = <A HREF="http://imagej.net/mailman/listinfo/imagej-builds">com.github.maven_nar.C at 2eced18</A>
[DEBUG]   (f) classesDirectory = &lt;<A HREF="http://jenkins.imagej.net/job/ImageJ-launcher/label=Windows/ws/target\classes">http://jenkins.imagej.net/job/ImageJ-launcher/label=Windows/ws/target\classes</A>&gt;
[DEBUG]   (f) failOnError = true
[DEBUG]   (f) ignore = false
[DEBUG]   (f) layout = com.github.maven_nar.NarLayout21
[DEBUG]   (f) type = executable
[DEBUG]   (f) subSystem = gui
[DEBUG]   (f) libraries = [Library: type: executable]
[DEBUG]   (f) libtool = false
[DEBUG]   (f) name = gcc
[DEBUG]   (f) options = [-m64, -mwindows]
[DEBUG]   (f) name = kernel32
[DEBUG]   (f) sysLibs = [<A HREF="http://imagej.net/mailman/listinfo/imagej-builds">com.github.maven_nar.SysLib at 10c1c428</A>]
[DEBUG]   (f) linker = <A HREF="http://imagej.net/mailman/listinfo/imagej-builds">com.github.maven_nar.Linker at 213526b0</A>
[DEBUG]   (f) localRepository =        id: local
      url: <A HREF="file:///C:/Users/VirtualBox/.m2/repository/">file:///C:/Users/VirtualBox/.m2/repository/</A>
   layout: none

[DEBUG]   (f) mavenProject = MavenProject: net.imagej:imagej-launcher:3.1.3-SNAPSHOT @ &lt;<A HREF="http://jenkins.imagej.net/job/ImageJ-launcher/label=Windows/ws/pom.xml">http://jenkins.imagej.net/job/ImageJ-launcher/label=Windows/ws/pom.xml</A>&gt;
[DEBUG]   (f) onlySpecifiedCompilers = false
[DEBUG]   (f) os = Windows
[DEBUG]   (f) outputDirectory = &lt;<A HREF="http://jenkins.imagej.net/job/ImageJ-launcher/label=Windows/ws/target">http://jenkins.imagej.net/job/ImageJ-launcher/label=Windows/ws/target</A>&gt;
[DEBUG]   (f) remoteArtifactRepositories = [       id: imagej-mirror
      url: <A HREF="http://maven.imagej.net/content/groups/public">http://maven.imagej.net/content/groups/public</A>
   layout: default
snapshots: [enabled =&gt; false, update =&gt; daily]
 releases: [enabled =&gt; true, update =&gt; daily]
]
[DEBUG]   (f) runtime = dynamic
[DEBUG]   (f) session = <A HREF="http://imagej.net/mailman/listinfo/imagej-builds">org.apache.maven.execution.MavenSession at 3a15da7d</A>
[DEBUG]   (f) skip = false
[DEBUG] -- end configuration --
[INFO] Preparing Nar dependencies
[DEBUG] Dependencies contained 0 NAR artifacts.
[DEBUG] Download for NarDependencies {
[DEBUG] }
[INFO] Unpacking 0 dependencies to &lt;<A HREF="http://jenkins.imagej.net/job/ImageJ-launcher/label=Windows/ws/target\nar">http://jenkins.imagej.net/job/ImageJ-launcher/label=Windows/ws/target\nar</A>&gt;
[DEBUG] Added to sourceDirectory: &lt;<A HREF="http://jenkins.imagej.net/job/ImageJ-launcher/label=Windows/ws/src\main">http://jenkins.imagej.net/job/ImageJ-launcher/label=Windows/ws/src\main</A>&gt;
[DEBUG] Added to sourceDirectory: &lt;<A HREF="http://jenkins.imagej.net/job/ImageJ-launcher/label=Windows/ws/src\main\java">http://jenkins.imagej.net/job/ImageJ-launcher/label=Windows/ws/src\main\java</A>&gt;
[DEBUG] Added to sourceDirectory: &lt;<A HREF="http://jenkins.imagej.net/job/ImageJ-launcher/label=Windows/ws/src\main">http://jenkins.imagej.net/job/ImageJ-launcher/label=Windows/ws/src\main</A>&gt;
[DEBUG] Added to sourceDirectory: &lt;<A HREF="http://jenkins.imagej.net/job/ImageJ-launcher/label=Windows/ws/src\main\java">http://jenkins.imagej.net/job/ImageJ-launcher/label=Windows/ws/src\main\java</A>&gt;
[DEBUG] Added to sourceDirectory: &lt;<A HREF="http://jenkins.imagej.net/job/ImageJ-launcher/label=Windows/ws/src\main">http://jenkins.imagej.net/job/ImageJ-launcher/label=Windows/ws/src\main</A>&gt;
[DEBUG] Added to sourceDirectory: &lt;<A HREF="http://jenkins.imagej.net/job/ImageJ-launcher/label=Windows/ws/src\main\java">http://jenkins.imagej.net/job/ImageJ-launcher/label=Windows/ws/src\main\java</A>&gt;
[INFO] Compiling 10 native files
[DEBUG] Creating Library Library: type: executable
[DEBUG] getProperty(x86-Windows-gcc, maxCores, 0) = 0
[DEBUG] Using com.github.maven_nar.NarLayout21
[DEBUG] getExactProperty(x86-Windows-gcc, output, imagej-launcher) = imagej-launcher
[DEBUG] NAR - output: '&lt;<A HREF="http://jenkins.imagej.net/job/ImageJ-launcher/label=Windows/ws/target\nar\imagej-launcher-3.1.3-SNAPSHOT-x86-Windows-gcc-executable\bin\x86-Windows-gcc\imagej-launcher">http://jenkins.imagej.net/job/ImageJ-launcher/label=Windows/ws/target\nar\imagej-launcher-3.1.3-SNAPSHOT-x86-Windows-gcc-executable\bin\x86-Windows-gcc\imagej-launcher</A>'&gt;
[DEBUG] getProperty(x86-Windows-gcc, failOnError, true) = true
[DEBUG] getProperty(x86-Windows-gcc, libtool, false) = false
[DEBUG] getProperty(x86-Windows-gcc, runtime, dynamic) = dynamic
[DEBUG] Added to sourceDirectory: &lt;<A HREF="http://jenkins.imagej.net/job/ImageJ-launcher/label=Windows/ws/src\main">http://jenkins.imagej.net/job/ImageJ-launcher/label=Windows/ws/src\main</A>&gt;
[DEBUG] Added to sourceDirectory: &lt;<A HREF="http://jenkins.imagej.net/job/ImageJ-launcher/label=Windows/ws/src\main\java">http://jenkins.imagej.net/job/ImageJ-launcher/label=Windows/ws/src\main\java</A>&gt;
[DEBUG] Project base dir set to: &lt;<A HREF="http://jenkins.imagej.net/job/ImageJ-launcher/label=Windows/ws/">http://jenkins.imagej.net/job/ImageJ-launcher/label=Windows/ws/</A>&gt;
[DEBUG] Added to sourceDirectory: &lt;<A HREF="http://jenkins.imagej.net/job/ImageJ-launcher/label=Windows/ws/src\main">http://jenkins.imagej.net/job/ImageJ-launcher/label=Windows/ws/src\main</A>&gt;
[DEBUG] Added to sourceDirectory: &lt;<A HREF="http://jenkins.imagej.net/job/ImageJ-launcher/label=Windows/ws/src\main\java">http://jenkins.imagej.net/job/ImageJ-launcher/label=Windows/ws/src\main\java</A>&gt;
[DEBUG] Checking for existence of c source directory: &lt;<A HREF="http://jenkins.imagej.net/job/ImageJ-launcher/label=Windows/ws/src\main">http://jenkins.imagej.net/job/ImageJ-launcher/label=Windows/ws/src\main</A>&gt;
[DEBUG] Checking for existence of c source directory: &lt;<A HREF="http://jenkins.imagej.net/job/ImageJ-launcher/label=Windows/ws/src\main\java">http://jenkins.imagej.net/job/ImageJ-launcher/label=Windows/ws/src\main\java</A>&gt;
[DEBUG] Dependencies contained 0 NAR artifacts.
[DEBUG] getProperty(x86-Windows-gcc, javaHome, C:\msysgit\src\fiji\java\win64\jdk1.6.0_24) = C:\msysgit\src\fiji\java\win64\jdk1.6.0_24
[DEBUG] Adding reference: ant.ComponentHelper
[DEBUG] ConditionalFileSet: Setup scanner in dir &lt;<A HREF="http://jenkins.imagej.net/job/ImageJ-launcher/label=Windows/ws/src\main">http://jenkins.imagej.net/job/ImageJ-launcher/label=Windows/ws/src\main</A>&gt; with patternSet{ includes: [**/*.c] excludes: [] }
[DEBUG] ConditionalFileSet: Setup scanner in dir &lt;<A HREF="http://jenkins.imagej.net/job/ImageJ-launcher/label=Windows/ws/src\main\java">http://jenkins.imagej.net/job/ImageJ-launcher/label=Windows/ws/src\main\java</A>&gt; with patternSet{ includes: [**/*.c] excludes: [] }
[INFO] 10 total files to be compiled.
[INFO] 10 total files to be compiled.
[INFO] Found 1 processors available
[INFO] Found 1 processors available
[INFO] 
Starting Core 0 with 10 source files...
[INFO] 
Starting Core 0 with 10 source files...

0 / 10 files compiled...
[DEBUG] gcc '&quot;-DLAUNCHER_VERSION=\&quot;3.1.3-SNAPSHOT\&quot;&quot;' '&quot;-DBUILD_NUMBER=\&quot;98338b625347c33778629d14247256105bb4a669\&quot;&quot;' -I/include -I/include/win32 -m64 -mwindows -c -mwindows -I&lt;<A HREF="http://jenkins.imagej.net/job/ImageJ-launcher/label=Windows/ws/src\main\include">http://jenkins.imagej.net/job/ImageJ-launcher/label=Windows/ws/src\main\include</A>&gt; &lt;<A HREF="http://jenkins.imagej.net/job/ImageJ-launcher/label=Windows/ws/src\main\c\ImageJ.c">http://jenkins.imagej.net/job/ImageJ-launcher/label=Windows/ws/src\main\c\ImageJ.c</A>&gt; &lt;<A HREF="http://jenkins.imagej.net/job/ImageJ-launcher/label=Windows/ws/src\main\c\common.c">http://jenkins.imagej.net/job/ImageJ-launcher/label=Windows/ws/src\main\c\common.c</A>&gt; &lt;<A HREF="http://jenkins.imagej.net/job/ImageJ-launcher/label=Windows/ws/src\main\c\config.c">http://jenkins.imagej.net/job/ImageJ-launcher/label=Windows/ws/src\main\c\config.c</A>&gt; &lt;<A HREF="http://jenkins.imagej.net/job/ImageJ-launcher/label=Windows/ws/src\main\c\exe-ico.c">http://jenkins.imagej.net/job/ImageJ-launcher/label=Windows/ws/src\main\c\exe-ico.c</A>&gt; &lt;<A HREF="http://jenkins.imagej.net/job/ImageJ-launcher/label=Windows/ws/src\main\c\file-funcs.c">http://jenkins.imagej.net/job/ImageJ-launcher/label=Windows/ws/src\main\c\file-funcs.c</A>&gt; &lt;<A HREF="http://jenkins.imagej.net/job/ImageJ-launcher/label=Windows/ws/src\main\c\java.c">http://jenkins.imagej.net/job/ImageJ-launcher/label=Windows/ws/src\main\c\java.c</A>&gt; &lt;<A HREF="http://jenkins.imagej.net/job/ImageJ-launcher/label=Windows/ws/src\main\c\platform.c">http://jenkins.imagej.net/job/ImageJ-launcher/label=Windows/ws/src\main\c\platform.c</A>&gt; &lt;<A HREF="http://jenkins.imagej.net/job/ImageJ-launcher/label=Windows/ws/src\main\c\splash.c">http://jenkins.imagej.net/job/ImageJ-launcher/label=Windows/ws/src\main\c\splash.c</A>&gt; &lt;<A HREF="http://jenkins.imagej.net/job/ImageJ-launcher/label=Windows/ws/src\main\c\string-funcs.c">http://jenkins.imagej.net/job/ImageJ-launcher/label=Windows/ws/src\main\c\string-funcs.c</A>&gt; &lt;<A HREF="http://jenkins.imagej.net/job/ImageJ-launcher/label=Windows/ws/src\main\c\xalloc.c">http://jenkins.imagej.net/job/ImageJ-launcher/label=Windows/ws/src\main\c\xalloc.c</A>&gt;
[DEBUG] Execute:Java13CommandLauncher: Executing 'gcc' with arguments:
'&quot;-DLAUNCHER_VERSION=\&quot;3.1.3-SNAPSHOT\&quot;&quot;'
'&quot;-DBUILD_NUMBER=\&quot;98338b625347c33778629d14247256105bb4a669\&quot;&quot;'
'-I/include'
'-I/include/win32'
'-m64'
'-mwindows'
'-c'
'-mwindows'
'-I&lt;<A HREF="http://jenkins.imagej.net/job/ImageJ-launcher/label=Windows/ws/src\main\include">http://jenkins.imagej.net/job/ImageJ-launcher/label=Windows/ws/src\main\include</A>'&gt;
'&lt;<A HREF="http://jenkins.imagej.net/job/ImageJ-launcher/label=Windows/ws/src\main\c\ImageJ.c">http://jenkins.imagej.net/job/ImageJ-launcher/label=Windows/ws/src\main\c\ImageJ.c</A>'&gt;
'&lt;<A HREF="http://jenkins.imagej.net/job/ImageJ-launcher/label=Windows/ws/src\main\c\common.c">http://jenkins.imagej.net/job/ImageJ-launcher/label=Windows/ws/src\main\c\common.c</A>'&gt;
'&lt;<A HREF="http://jenkins.imagej.net/job/ImageJ-launcher/label=Windows/ws/src\main\c\config.c">http://jenkins.imagej.net/job/ImageJ-launcher/label=Windows/ws/src\main\c\config.c</A>'&gt;
'&lt;<A HREF="http://jenkins.imagej.net/job/ImageJ-launcher/label=Windows/ws/src\main\c\exe-ico.c">http://jenkins.imagej.net/job/ImageJ-launcher/label=Windows/ws/src\main\c\exe-ico.c</A>'&gt;
'&lt;<A HREF="http://jenkins.imagej.net/job/ImageJ-launcher/label=Windows/ws/src\main\c\file-funcs.c">http://jenkins.imagej.net/job/ImageJ-launcher/label=Windows/ws/src\main\c\file-funcs.c</A>'&gt;
'&lt;<A HREF="http://jenkins.imagej.net/job/ImageJ-launcher/label=Windows/ws/src\main\c\java.c">http://jenkins.imagej.net/job/ImageJ-launcher/label=Windows/ws/src\main\c\java.c</A>'&gt;
'&lt;<A HREF="http://jenkins.imagej.net/job/ImageJ-launcher/label=Windows/ws/src\main\c\platform.c">http://jenkins.imagej.net/job/ImageJ-launcher/label=Windows/ws/src\main\c\platform.c</A>'&gt;
'&lt;<A HREF="http://jenkins.imagej.net/job/ImageJ-launcher/label=Windows/ws/src\main\c\splash.c">http://jenkins.imagej.net/job/ImageJ-launcher/label=Windows/ws/src\main\c\splash.c</A>'&gt;
'&lt;<A HREF="http://jenkins.imagej.net/job/ImageJ-launcher/label=Windows/ws/src\main\c\string-funcs.c">http://jenkins.imagej.net/job/ImageJ-launcher/label=Windows/ws/src\main\c\string-funcs.c</A>'&gt;
'&lt;<A HREF="http://jenkins.imagej.net/job/ImageJ-launcher/label=Windows/ws/src\main\c\xalloc.c">http://jenkins.imagej.net/job/ImageJ-launcher/label=Windows/ws/src\main\c\xalloc.c</A>'&gt;

The ' characters around the executable and arguments are
not part of the command.
[ERROR] &lt;<A HREF="http://jenkins.imagej.net/job/ImageJ-launcher/label=Windows/ws/src\main\c\ImageJ.c">http://jenkins.imagej.net/job/ImageJ-launcher/label=Windows/ws/src\main\c\ImageJ.c</A>&gt;:1: sorry, unimplemented: 64-bit mode not compiled in
[ERROR] &lt;<A HREF="http://jenkins.imagej.net/job/ImageJ-launcher/label=Windows/ws/src\main\c\ImageJ.c">http://jenkins.imagej.net/job/ImageJ-launcher/label=Windows/ws/src\main\c\ImageJ.c</A>&gt;:68:17: error: jni.h: No such file or directory
[ERROR] &lt;<A HREF="http://jenkins.imagej.net/job/ImageJ-launcher/label=Windows/ws/src\main\c\ImageJ.c">http://jenkins.imagej.net/job/ImageJ-launcher/label=Windows/ws/src\main\c\ImageJ.c</A>&gt;:220: error: expected ')' before '*' token
[ERROR] &lt;<A HREF="http://jenkins.imagej.net/job/ImageJ-launcher/label=Windows/ws/src\main\c\ImageJ.c">http://jenkins.imagej.net/job/ImageJ-launcher/label=Windows/ws/src\main\c\ImageJ.c</A>&gt;:358: error: expected ')' before '*' token
[ERROR] &lt;<A HREF="http://jenkins.imagej.net/job/ImageJ-launcher/label=Windows/ws/src\main\c\ImageJ.c">http://jenkins.imagej.net/job/ImageJ-launcher/label=Windows/ws/src\main\c\ImageJ.c</A>&gt;:397: error: expected '=', ',', ';', 'asm' or '__attribute__' before '*' token
[ERROR] &lt;<A HREF="http://jenkins.imagej.net/job/ImageJ-launcher/label=Windows/ws/src\main\c\ImageJ.c">http://jenkins.imagej.net/job/ImageJ-launcher/label=Windows/ws/src\main\c\ImageJ.c</A>&gt;:409: error: expected '=', ',', ';', 'asm' or '__attribute__' before 'prepare_ij_options'
[ERROR] &lt;<A HREF="http://jenkins.imagej.net/job/ImageJ-launcher/label=Windows/ws/src\main\c\ImageJ.c">http://jenkins.imagej.net/job/ImageJ-launcher/label=Windows/ws/src\main\c\ImageJ.c</A>&gt;: In function 'find_closing_quote':
[WARNING] &lt;<A HREF="http://jenkins.imagej.net/job/ImageJ-launcher/label=Windows/ws/src\main\c\ImageJ.c">http://jenkins.imagej.net/job/ImageJ-launcher/label=Windows/ws/src\main\c\ImageJ.c</A>&gt;:490: warning: incompatible implicit declaration of built-in function 'fprintf'
[ERROR] &lt;<A HREF="http://jenkins.imagej.net/job/ImageJ-launcher/label=Windows/ws/src\main\c\ImageJ.c">http://jenkins.imagej.net/job/ImageJ-launcher/label=Windows/ws/src\main\c\ImageJ.c</A>&gt;:490: error: 'stderr' undeclared (first use in this function)
[ERROR] &lt;<A HREF="http://jenkins.imagej.net/job/ImageJ-launcher/label=Windows/ws/src\main\c\ImageJ.c">http://jenkins.imagej.net/job/ImageJ-launcher/label=Windows/ws/src\main\c\ImageJ.c</A>&gt;:490: error: (Each undeclared identifier is reported only once
[ERROR] &lt;<A HREF="http://jenkins.imagej.net/job/ImageJ-launcher/label=Windows/ws/src\main\c\ImageJ.c">http://jenkins.imagej.net/job/ImageJ-launcher/label=Windows/ws/src\main\c\ImageJ.c</A>&gt;:490: error: for each function it appears in.)
[ERROR] &lt;<A HREF="http://jenkins.imagej.net/job/ImageJ-launcher/label=Windows/ws/src\main\c\ImageJ.c">http://jenkins.imagej.net/job/ImageJ-launcher/label=Windows/ws/src\main\c\ImageJ.c</A>&gt;: In function 'show_commandline':
[WARNING] &lt;<A HREF="http://jenkins.imagej.net/job/ImageJ-launcher/label=Windows/ws/src\main\c\ImageJ.c">http://jenkins.imagej.net/job/ImageJ-launcher/label=Windows/ws/src\main\c\ImageJ.c</A>&gt;:644: warning: incompatible implicit declaration of built-in function 'printf'
[ERROR] &lt;<A HREF="http://jenkins.imagej.net/job/ImageJ-launcher/label=Windows/ws/src\main\c\ImageJ.c">http://jenkins.imagej.net/job/ImageJ-launcher/label=Windows/ws/src\main\c\ImageJ.c</A>&gt;:656: error: 'stdout' undeclared (first use in this function)
[ERROR] &lt;<A HREF="http://jenkins.imagej.net/job/ImageJ-launcher/label=Windows/ws/src\main\c\ImageJ.c">http://jenkins.imagej.net/job/ImageJ-launcher/label=Windows/ws/src\main\c\ImageJ.c</A>&gt;: In function 'handle_one_option2':
[WARNING] &lt;<A HREF="http://jenkins.imagej.net/job/ImageJ-launcher/label=Windows/ws/src\main\c\ImageJ.c">http://jenkins.imagej.net/job/ImageJ-launcher/label=Windows/ws/src\main\c\ImageJ.c</A>&gt;:1348: warning: incompatible implicit declaration of built-in function 'printf'
[WARNING] &lt;<A HREF="http://jenkins.imagej.net/job/ImageJ-launcher/label=Windows/ws/src\main\c\ImageJ.c">http://jenkins.imagej.net/job/ImageJ-launcher/label=Windows/ws/src\main\c\ImageJ.c</A>&gt;:1494: warning: incompatible implicit declaration of built-in function 'printf'
[WARNING] &lt;<A HREF="http://jenkins.imagej.net/job/ImageJ-launcher/label=Windows/ws/src\main\c\ImageJ.c">http://jenkins.imagej.net/job/ImageJ-launcher/label=Windows/ws/src\main\c\ImageJ.c</A>&gt;:1499: warning: incompatible implicit declaration of built-in function 'printf'
[ERROR] &lt;<A HREF="http://jenkins.imagej.net/job/ImageJ-launcher/label=Windows/ws/src\main\c\ImageJ.c">http://jenkins.imagej.net/job/ImageJ-launcher/label=Windows/ws/src\main\c\ImageJ.c</A>&gt;: In function 'write_legacy_config':
[ERROR] &lt;<A HREF="http://jenkins.imagej.net/job/ImageJ-launcher/label=Windows/ws/src\main\c\ImageJ.c">http://jenkins.imagej.net/job/ImageJ-launcher/label=Windows/ws/src\main\c\ImageJ.c</A>&gt;:1999: error: 'FILE' undeclared (first use in this function)
[ERROR] &lt;<A HREF="http://jenkins.imagej.net/job/ImageJ-launcher/label=Windows/ws/src\main\c\ImageJ.c">http://jenkins.imagej.net/job/ImageJ-launcher/label=Windows/ws/src\main\c\ImageJ.c</A>&gt;:1999: error: 'f' undeclared (first use in this function)
[WARNING] &lt;<A HREF="http://jenkins.imagej.net/job/ImageJ-launcher/label=Windows/ws/src\main\c\ImageJ.c">http://jenkins.imagej.net/job/ImageJ-launcher/label=Windows/ws/src\main\c\ImageJ.c</A>&gt;:2004: warning: incompatible implicit declaration of built-in function 'fprintf'
[ERROR] &lt;<A HREF="http://jenkins.imagej.net/job/ImageJ-launcher/label=Windows/ws/src\main\c\ImageJ.c">http://jenkins.imagej.net/job/ImageJ-launcher/label=Windows/ws/src\main\c\ImageJ.c</A>&gt;: In function 'write_desktop_file':
[ERROR] &lt;<A HREF="http://jenkins.imagej.net/job/ImageJ-launcher/label=Windows/ws/src\main\c\ImageJ.c">http://jenkins.imagej.net/job/ImageJ-launcher/label=Windows/ws/src\main\c\ImageJ.c</A>&gt;:2030: error: 'FILE' undeclared (first use in this function)
[ERROR] &lt;<A HREF="http://jenkins.imagej.net/job/ImageJ-launcher/label=Windows/ws/src\main\c\ImageJ.c">http://jenkins.imagej.net/job/ImageJ-launcher/label=Windows/ws/src\main\c\ImageJ.c</A>&gt;:2030: error: 'f' undeclared (first use in this function)
[WARNING] &lt;<A HREF="http://jenkins.imagej.net/job/ImageJ-launcher/label=Windows/ws/src\main\c\ImageJ.c">http://jenkins.imagej.net/job/ImageJ-launcher/label=Windows/ws/src\main\c\ImageJ.c</A>&gt;:2038: warning: incompatible implicit declaration of built-in function 'fprintf'
[ERROR] &lt;<A HREF="http://jenkins.imagej.net/job/ImageJ-launcher/label=Windows/ws/src\main\c\ImageJ.c">http://jenkins.imagej.net/job/ImageJ-launcher/label=Windows/ws/src\main\c\ImageJ.c</A>&gt;: In function 'start_ij':
[ERROR] &lt;<A HREF="http://jenkins.imagej.net/job/ImageJ-launcher/label=Windows/ws/src\main\c\ImageJ.c">http://jenkins.imagej.net/job/ImageJ-launcher/label=Windows/ws/src\main\c\ImageJ.c</A>&gt;:2147: error: 'JavaVM' undeclared (first use in this function)
[ERROR] &lt;<A HREF="http://jenkins.imagej.net/job/ImageJ-launcher/label=Windows/ws/src\main\c\ImageJ.c">http://jenkins.imagej.net/job/ImageJ-launcher/label=Windows/ws/src\main\c\ImageJ.c</A>&gt;:2147: error: 'vm' undeclared (first use in this function)
[ERROR] &lt;<A HREF="http://jenkins.imagej.net/job/ImageJ-launcher/label=Windows/ws/src\main\c\ImageJ.c">http://jenkins.imagej.net/job/ImageJ-launcher/label=Windows/ws/src\main\c\ImageJ.c</A>&gt;:2148: error: 'JavaVMInitArgs' undeclared (first use in this function)
[ERROR] &lt;<A HREF="http://jenkins.imagej.net/job/ImageJ-launcher/label=Windows/ws/src\main\c\ImageJ.c">http://jenkins.imagej.net/job/ImageJ-launcher/label=Windows/ws/src\main\c\ImageJ.c</A>&gt;:2148: error: expected ';' before 'args'
[ERROR] &lt;<A HREF="http://jenkins.imagej.net/job/ImageJ-launcher/label=Windows/ws/src\main\c\ImageJ.c">http://jenkins.imagej.net/job/ImageJ-launcher/label=Windows/ws/src\main\c\ImageJ.c</A>&gt;:2149: error: 'JNIEnv' undeclared (first use in this function)
[ERROR] &lt;<A HREF="http://jenkins.imagej.net/job/ImageJ-launcher/label=Windows/ws/src\main\c\ImageJ.c">http://jenkins.imagej.net/job/ImageJ-launcher/label=Windows/ws/src\main\c\ImageJ.c</A>&gt;:2149: error: 'env' undeclared (first use in this function)
[ERROR] &lt;<A HREF="http://jenkins.imagej.net/job/ImageJ-launcher/label=Windows/ws/src\main\c\ImageJ.c">http://jenkins.imagej.net/job/ImageJ-launcher/label=Windows/ws/src\main\c\ImageJ.c</A>&gt;:2153: error: 'args' undeclared (first use in this function)
[ERROR] &lt;<A HREF="http://jenkins.imagej.net/job/ImageJ-launcher/label=Windows/ws/src\main\c\ImageJ.c">http://jenkins.imagej.net/job/ImageJ-launcher/label=Windows/ws/src\main\c\ImageJ.c</A>&gt;:2155: error: 'JNI_VERSION_1_4' undeclared (first use in this function)
[ERROR] &lt;<A HREF="http://jenkins.imagej.net/job/ImageJ-launcher/label=Windows/ws/src\main\c\ImageJ.c">http://jenkins.imagej.net/job/ImageJ-launcher/label=Windows/ws/src\main\c\ImageJ.c</A>&gt;:2158: error: 'JNI_FALSE' undeclared (first use in this function)
[WARNING] &lt;<A HREF="http://jenkins.imagej.net/job/ImageJ-launcher/label=Windows/ws/src\main\c\ImageJ.c">http://jenkins.imagej.net/job/ImageJ-launcher/label=Windows/ws/src\main\c\ImageJ.c</A>&gt;:2165: warning: incompatible implicit declaration of built-in function 'fprintf'
[ERROR] &lt;<A HREF="http://jenkins.imagej.net/job/ImageJ-launcher/label=Windows/ws/src\main\c\ImageJ.c">http://jenkins.imagej.net/job/ImageJ-launcher/label=Windows/ws/src\main\c\ImageJ.c</A>&gt;:2165: error: 'stderr' undeclared (first use in this function)
[ERROR] &lt;<A HREF="http://jenkins.imagej.net/job/ImageJ-launcher/label=Windows/ws/src\main\c\ImageJ.c">http://jenkins.imagej.net/job/ImageJ-launcher/label=Windows/ws/src\main\c\ImageJ.c</A>&gt;:2170: error: 'JNI_ENOMEM' undeclared (first use in this function)
[WARNING] &lt;<A HREF="http://jenkins.imagej.net/job/ImageJ-launcher/label=Windows/ws/src\main\c\ImageJ.c">http://jenkins.imagej.net/job/ImageJ-launcher/label=Windows/ws/src\main\c\ImageJ.c</A>&gt;:2177: warning: incompatible implicit declaration of built-in function 'fprintf'
[ERROR] &lt;<A HREF="http://jenkins.imagej.net/job/ImageJ-launcher/label=Windows/ws/src\main\c\ImageJ.c">http://jenkins.imagej.net/job/ImageJ-launcher/label=Windows/ws/src\main\c\ImageJ.c</A>&gt;:2208: error: 'jclass' undeclared (first use in this function)
[ERROR] &lt;<A HREF="http://jenkins.imagej.net/job/ImageJ-launcher/label=Windows/ws/src\main\c\ImageJ.c">http://jenkins.imagej.net/job/ImageJ-launcher/label=Windows/ws/src\main\c\ImageJ.c</A>&gt;:2208: error: expected ';' before 'instance'
[ERROR] &lt;<A HREF="http://jenkins.imagej.net/job/ImageJ-launcher/label=Windows/ws/src\main\c\ImageJ.c">http://jenkins.imagej.net/job/ImageJ-launcher/label=Windows/ws/src\main\c\ImageJ.c</A>&gt;:2209: error: 'jmethodID' undeclared (first use in this function)
[ERROR] &lt;<A HREF="http://jenkins.imagej.net/job/ImageJ-launcher/label=Windows/ws/src\main\c\ImageJ.c">http://jenkins.imagej.net/job/ImageJ-launcher/label=Windows/ws/src\main\c\ImageJ.c</A>&gt;:2209: error: expected ';' before 'method'
[ERROR] &lt;<A HREF="http://jenkins.imagej.net/job/ImageJ-launcher/label=Windows/ws/src\main\c\ImageJ.c">http://jenkins.imagej.net/job/ImageJ-launcher/label=Windows/ws/src\main\c\ImageJ.c</A>&gt;:2210: error: 'jobjectArray' undeclared (first use in this function)
[ERROR] &lt;<A HREF="http://jenkins.imagej.net/job/ImageJ-launcher/label=Windows/ws/src\main\c\ImageJ.c">http://jenkins.imagej.net/job/ImageJ-launcher/label=Windows/ws/src\main\c\ImageJ.c</A>&gt;:2210: error: expected ';' before 'args'
[ERROR] &lt;<A HREF="http://jenkins.imagej.net/job/ImageJ-launcher/label=Windows/ws/src\main\c\ImageJ.c">http://jenkins.imagej.net/job/ImageJ-launcher/label=Windows/ws/src\main\c\ImageJ.c</A>&gt;:2217: error: 'instance' undeclared (first use in this function)
[ERROR] &lt;<A HREF="http://jenkins.imagej.net/job/ImageJ-launcher/label=Windows/ws/src\main\c\ImageJ.c">http://jenkins.imagej.net/job/ImageJ-launcher/label=Windows/ws/src\main\c\ImageJ.c</A>&gt;:2228: error: 'method' undeclared (first use in this function)
[ERROR] &lt;<A HREF="http://jenkins.imagej.net/job/ImageJ-launcher/label=Windows/ws/src\main\c\ImageJ.c">http://jenkins.imagej.net/job/ImageJ-launcher/label=Windows/ws/src\main\c\ImageJ.c</A>&gt;:2237: error: 'jvalue' undeclared (first use in this function)
[ERROR] &lt;<A HREF="http://jenkins.imagej.net/job/ImageJ-launcher/label=Windows/ws/src\main\c\ImageJ.c">http://jenkins.imagej.net/job/ImageJ-launcher/label=Windows/ws/src\main\c\ImageJ.c</A>&gt;:2237: error: expected expression before ')' token
[WARNING] &lt;<A HREF="http://jenkins.imagej.net/job/ImageJ-launcher/label=Windows/ws/src\main\c\ImageJ.c">http://jenkins.imagej.net/job/ImageJ-launcher/label=Windows/ws/src\main\c\ImageJ.c</A>&gt;:2324: warning: incompatible implicit declaration of built-in function 'sprintf'
[ERROR] &lt;<A HREF="http://jenkins.imagej.net/job/ImageJ-launcher/label=Windows/ws/src\main\c\common.c">http://jenkins.imagej.net/job/ImageJ-launcher/label=Windows/ws/src\main\c\common.c</A>&gt;:1: sorry, unimplemented: 64-bit mode not compiled in
[ERROR] &lt;<A HREF="http://jenkins.imagej.net/job/ImageJ-launcher/label=Windows/ws/src\main\c\config.c">http://jenkins.imagej.net/job/ImageJ-launcher/label=Windows/ws/src\main\c\config.c</A>&gt;:1: sorry, unimplemented: 64-bit mode not compiled in
[ERROR] &lt;<A HREF="http://jenkins.imagej.net/job/ImageJ-launcher/label=Windows/ws/src\main\c\exe-ico.c">http://jenkins.imagej.net/job/ImageJ-launcher/label=Windows/ws/src\main\c\exe-ico.c</A>&gt;:1: sorry, unimplemented: 64-bit mode not compiled in
[ERROR] &lt;<A HREF="http://jenkins.imagej.net/job/ImageJ-launcher/label=Windows/ws/src\main\c\file-funcs.c">http://jenkins.imagej.net/job/ImageJ-launcher/label=Windows/ws/src\main\c\file-funcs.c</A>&gt;:1: sorry, unimplemented: 64-bit mode not compiled in
[ERROR] &lt;<A HREF="http://jenkins.imagej.net/job/ImageJ-launcher/label=Windows/ws/src\main\c\java.c">http://jenkins.imagej.net/job/ImageJ-launcher/label=Windows/ws/src\main\c\java.c</A>&gt;:1: sorry, unimplemented: 64-bit mode not compiled in
[ERROR] &lt;<A HREF="http://jenkins.imagej.net/job/ImageJ-launcher/label=Windows/ws/src\main\c\platform.c">http://jenkins.imagej.net/job/ImageJ-launcher/label=Windows/ws/src\main\c\platform.c</A>&gt;:1: sorry, unimplemented: 64-bit mode not compiled in
[ERROR] &lt;<A HREF="http://jenkins.imagej.net/job/ImageJ-launcher/label=Windows/ws/src\main\c\splash.c">http://jenkins.imagej.net/job/ImageJ-launcher/label=Windows/ws/src\main\c\splash.c</A>&gt;:1: sorry, unimplemented: 64-bit mode not compiled in
[ERROR] &lt;<A HREF="http://jenkins.imagej.net/job/ImageJ-launcher/label=Windows/ws/src\main\c\string-funcs.c">http://jenkins.imagej.net/job/ImageJ-launcher/label=Windows/ws/src\main\c\string-funcs.c</A>&gt;:1: sorry, unimplemented: 64-bit mode not compiled in
[ERROR] &lt;<A HREF="http://jenkins.imagej.net/job/ImageJ-launcher/label=Windows/ws/src\main\c\xalloc.c">http://jenkins.imagej.net/job/ImageJ-launcher/label=Windows/ws/src\main\c\xalloc.c</A>&gt;:1: sorry, unimplemented: 64-bit mode not compiled in

                                                                    
[INFO] 10 files were compiled.
[INFO] 10 files were compiled.
[INFO] ------------------------------------------------------------------------
[INFO] BUILD FAILURE
[INFO] ------------------------------------------------------------------------
[INFO] Total time: 20.097s
[INFO] Finished at: Fri Jun 20 13:45:50 CDT 2014
[INFO] Final Memory: 13M/56M
[INFO] ------------------------------------------------------------------------
[ERROR] Failed to execute goal com.github.maven-nar:nar-maven-plugin:3.1.0:nar-compile (default-nar-compile) on project imagej-launcher: NAR: Compile failed: gcc failed with return code 1 -&gt; [Help 1]
org.apache.maven.lifecycle.LifecycleExecutionException: Failed to execute goal com.github.maven-nar:nar-maven-plugin:3.1.0:nar-compile (default-nar-compile) on project imagej-launcher: NAR: Compile failed
	at org.apache.maven.lifecycle.internal.MojoExecutor.execute(MojoExecutor.java:217)
	at org.apache.maven.lifecycle.internal.MojoExecutor.execute(MojoExecutor.java:153)
	at org.apache.maven.lifecycle.internal.MojoExecutor.execute(MojoExecutor.java:145)
	at org.apache.maven.lifecycle.internal.LifecycleModuleBuilder.buildProject(LifecycleModuleBuilder.java:84)
	at org.apache.maven.lifecycle.internal.LifecycleModuleBuilder.buildProject(LifecycleModuleBuilder.java:59)
	at org.apache.maven.lifecycle.internal.LifecycleStarter.singleThreadedBuild(LifecycleStarter.java:183)
	at org.apache.maven.lifecycle.internal.LifecycleStarter.execute(LifecycleStarter.java:161)
	at org.apache.maven.DefaultMaven.doExecute(DefaultMaven.java:320)
	at org.apache.maven.DefaultMaven.execute(DefaultMaven.java:156)
	at org.apache.maven.cli.MavenCli.execute(MavenCli.java:537)
	at org.apache.maven.cli.MavenCli.doMain(MavenCli.java:196)
	at org.apache.maven.cli.MavenCli.main(MavenCli.java:141)
	at sun.reflect.NativeMethodAccessorImpl.invoke0(Native Method)
	at sun.reflect.NativeMethodAccessorImpl.invoke(NativeMethodAccessorImpl.java:39)
	at sun.reflect.DelegatingMethodAccessorImpl.invoke(DelegatingMethodAccessorImpl.java:25)
	at java.lang.reflect.Method.invoke(Method.java:597)
	at org.codehaus.plexus.classworlds.launcher.Launcher.launchEnhanced(Launcher.java:290)
	at org.codehaus.plexus.classworlds.launcher.Launcher.launch(Launcher.java:230)
	at org.codehaus.plexus.classworlds.launcher.Launcher.mainWithExitCode(Launcher.java:409)
	at org.codehaus.plexus.classworlds.launcher.Launcher.main(Launcher.java:352)
Caused by: org.apache.maven.plugin.MojoExecutionException: NAR: Compile failed
	at com.github.maven_nar.NarCompileMojo.createLibrary(NarCompileMojo.java:437)
	at com.github.maven_nar.NarCompileMojo.narExecute(NarCompileMojo.java:107)
	at com.github.maven_nar.AbstractNarMojo.execute(AbstractNarMojo.java:329)
	at org.apache.maven.plugin.DefaultBuildPluginManager.executeMojo(DefaultBuildPluginManager.java:101)
	at org.apache.maven.lifecycle.internal.MojoExecutor.execute(MojoExecutor.java:209)
	... 19 more
Caused by: gcc failed with return code 1
	at com.github.maven_nar.cpptasks.compiler.CommandLineCompiler.compile(CommandLineCompiler.java:219)
	at com.github.maven_nar.cpptasks.compiler.CommandLineCompilerConfiguration.compile(CommandLineCompilerConfiguration.java:145)
	at com.github.maven_nar.cpptasks.CCTask$Core.run(CCTask.java:1010)
[ERROR] 
[ERROR] 
[ERROR] For more information about the errors and possible solutions, please read the following articles:
[ERROR] [Help 1] <A HREF="http://cwiki.apache.org/confluence/display/MAVEN/MojoExecutionException">http://cwiki.apache.org/confluence/display/MAVEN/MojoExecutionException</A>
Build step 'Execute shell' marked build as failure
Archiving artifacts

</PRE>


<!--endarticle-->
    <HR>
    <P><UL>
        <!--threads-->
	<LI>Previous message: <A HREF="005574.html">[ImageJ-builds] Jenkins build is back to normal :	Fiji-minimal-MacOSX #794
</A></li>
	<LI>Next message: <A HREF="005576.html">[ImageJ-builds] Jenkins build is back to normal : ImageJ-launcher &#187; Windows #1168
</A></li>
         <LI> <B>Messages sorted by:</B> 
              <a href="date.html#5575">[ date ]</a>
              <a href="thread.html#5575">[ thread ]</a>
              <a href="subject.html#5575">[ subject ]</a>
              <a href="author.html#5575">[ author ]</a>
         </LI>
       </UL>

<hr>
<a href="http://imagej.net/mailman/listinfo/imagej-builds">More information about the ImageJ-builds
mailing list</a><br>
</body></html>
