<!DOCTYPE HTML PUBLIC "-//W3C//DTD HTML 4.01 Transitional//EN">
<HTML>
 <HEAD>
   <TITLE> [ImageJ-builds] Build failed in Jenkins: ImageJ-Ops #388
   </TITLE>
   <LINK REL="Index" HREF="index.html" >
   <LINK REL="made" HREF="mailto:imagej-builds%40imagej.net?Subject=Re%3A%20%5BImageJ-builds%5D%20Build%20failed%20in%20Jenkins%3A%20ImageJ-Ops%20%23388&In-Reply-To=%3C1945179829.546.1444073248524.JavaMail.jenkins%40dev%3E">
   <META NAME="robots" CONTENT="index,nofollow">
   <style type="text/css">
       pre {
           white-space: pre-wrap;       /* css-2.1, curent FF, Opera, Safari */
           }
   </style>
   <META http-equiv="Content-Type" content="text/html; charset=us-ascii">
   <LINK REL="Previous"  HREF="011515.html">
   <LINK REL="Next"  HREF="011522.html">
 </HEAD>
 <BODY BGCOLOR="#ffffff">
   <H1>[ImageJ-builds] Build failed in Jenkins: ImageJ-Ops #388</H1>
    <B>jenkins at imagej.net</B> 
    <A HREF="mailto:imagej-builds%40imagej.net?Subject=Re%3A%20%5BImageJ-builds%5D%20Build%20failed%20in%20Jenkins%3A%20ImageJ-Ops%20%23388&In-Reply-To=%3C1945179829.546.1444073248524.JavaMail.jenkins%40dev%3E"
       TITLE="[ImageJ-builds] Build failed in Jenkins: ImageJ-Ops #388">jenkins at imagej.net
       </A><BR>
    <I>Mon Oct  5 14:27:28 CDT 2015</I>
    <P><UL>
        <LI>Previous message: <A HREF="011515.html">[ImageJ-builds] Jenkins build is back to normal :	Reconstruct_Reader #17
</A></li>
        <LI>Next message: <A HREF="011522.html">[ImageJ-builds] Jenkins build is back to normal : ImageJ-Ops #389
</A></li>
         <LI> <B>Messages sorted by:</B> 
              <a href="date.html#11521">[ date ]</a>
              <a href="thread.html#11521">[ thread ]</a>
              <a href="subject.html#11521">[ subject ]</a>
              <a href="author.html#11521">[ author ]</a>
         </LI>
       </UL>
    <HR>  
<!--beginarticle-->
<PRE>See &lt;<A HREF="http://jenkins.imagej.net/job/ImageJ-Ops/388/changes">http://jenkins.imagej.net/job/ImageJ-Ops/388/changes</A>&gt;

Changes:

[Curtis Rueden] Make sure namespaces are in alphabetical order

[Curtis Rueden] Order methods alphabetically and make lower-case

[Curtis Rueden] Order namespace methods alphabetically

[Curtis Rueden] Fix whitespace of tamura namespace

------------------------------------------
[...truncated 1042 lines...]
[ERROR] location: class net.imagej.ops.Ops
[ERROR] /data/devel/jenkins-maven/workspace/ImageJ-Ops/target/generated-sources/from-template/net/imagej/ops/math/NumericTypeBinaryMath.java:[82,62] cannot find symbol
[ERROR] symbol:   class Math
[ERROR] location: class net.imagej.ops.Ops
[ERROR] /data/devel/jenkins-maven/workspace/ImageJ-Ops/target/generated-sources/from-template/net/imagej/ops/math/NumericTypeBinaryMath.java:[109,62] cannot find symbol
[ERROR] symbol:   class Math
[ERROR] location: class net.imagej.ops.Ops
[ERROR] /data/devel/jenkins-maven/workspace/ImageJ-Ops/target/generated-sources/from-template/net/imagej/ops/math/NumericTypeBinaryMath.java:[136,62] cannot find symbol
[ERROR] symbol:   class Math
[ERROR] location: class net.imagej.ops.Ops
[ERROR] /data/devel/jenkins-maven/workspace/ImageJ-Ops/src/main/java/net/imagej/ops/image/crop/CropImgPlus.java:[56,12] cannot find symbol
[ERROR] symbol:   class Image
[ERROR] location: class net.imagej.ops.Ops
[ERROR] /data/devel/jenkins-maven/workspace/ImageJ-Ops/src/main/java/net/imagej/ops/math/RealMath.java:[62,56] cannot find symbol
[ERROR] symbol:   class Math
[ERROR] location: class net.imagej.ops.Ops
[ERROR] /data/devel/jenkins-maven/workspace/ImageJ-Ops/src/main/java/net/imagej/ops/math/RealMath.java:[77,56] cannot find symbol
[ERROR] symbol:   class Math
[ERROR] location: class net.imagej.ops.Ops
[ERROR] /data/devel/jenkins-maven/workspace/ImageJ-Ops/src/main/java/net/imagej/ops/math/RealMath.java:[95,64] cannot find symbol
[ERROR] symbol:   class Math
[ERROR] location: class net.imagej.ops.Ops
[ERROR] /data/devel/jenkins-maven/workspace/ImageJ-Ops/src/main/java/net/imagej/ops/math/RealMath.java:[113,64] cannot find symbol
[ERROR] symbol:   class Math
[ERROR] location: class net.imagej.ops.Ops
[ERROR] /data/devel/jenkins-maven/workspace/ImageJ-Ops/src/main/java/net/imagej/ops/math/RealMath.java:[128,64] cannot find symbol
[ERROR] symbol:   class Math
[ERROR] location: class net.imagej.ops.Ops
[ERROR] /data/devel/jenkins-maven/workspace/ImageJ-Ops/src/main/java/net/imagej/ops/math/RealMath.java:[146,64] cannot find symbol
[ERROR] symbol:   class Math
[ERROR] location: class net.imagej.ops.Ops
[ERROR] /data/devel/jenkins-maven/workspace/ImageJ-Ops/src/main/java/net/imagej/ops/math/RealMath.java:[163,64] cannot find symbol
[ERROR] symbol:   class Math
[ERROR] location: class net.imagej.ops.Ops
[ERROR] /data/devel/jenkins-maven/workspace/ImageJ-Ops/src/main/java/net/imagej/ops/math/RealMath.java:[179,64] cannot find symbol
[ERROR] symbol:   class Math
[ERROR] location: class net.imagej.ops.Ops
[ERROR] /data/devel/jenkins-maven/workspace/ImageJ-Ops/src/main/java/net/imagej/ops/math/RealMath.java:[277,64] cannot find symbol
[ERROR] symbol:   class Math
[ERROR] location: class net.imagej.ops.Ops
[ERROR] /data/devel/jenkins-maven/workspace/ImageJ-Ops/src/main/java/net/imagej/ops/math/RealMath.java:[210,64] cannot find symbol
[ERROR] symbol:   class Math
[ERROR] location: class net.imagej.ops.Ops
[ERROR] /data/devel/jenkins-maven/workspace/ImageJ-Ops/src/main/java/net/imagej/ops/math/RealMath.java:[227,64] cannot find symbol
[ERROR] symbol:   class Math
[ERROR] location: class net.imagej.ops.Ops
[ERROR] /data/devel/jenkins-maven/workspace/ImageJ-Ops/src/main/java/net/imagej/ops/math/RealMath.java:[260,64] cannot find symbol
[ERROR] symbol:   class Math
[ERROR] location: class net.imagej.ops.Ops
[ERROR] /data/devel/jenkins-maven/workspace/ImageJ-Ops/src/main/java/net/imagej/ops/math/RealMath.java:[292,64] cannot find symbol
[ERROR] symbol:   class Math
[ERROR] location: class net.imagej.ops.Ops
[ERROR] /data/devel/jenkins-maven/workspace/ImageJ-Ops/src/main/java/net/imagej/ops/math/RealMath.java:[309,64] cannot find symbol
[ERROR] symbol:   class Math
[ERROR] location: class net.imagej.ops.Ops
[ERROR] /data/devel/jenkins-maven/workspace/ImageJ-Ops/src/main/java/net/imagej/ops/math/RealMath.java:[324,64] cannot find symbol
[ERROR] symbol:   class Math
[ERROR] location: class net.imagej.ops.Ops
[ERROR] /data/devel/jenkins-maven/workspace/ImageJ-Ops/src/main/java/net/imagej/ops/math/RealMath.java:[340,64] cannot find symbol
[ERROR] symbol:   class Math
[ERROR] location: class net.imagej.ops.Ops
[ERROR] /data/devel/jenkins-maven/workspace/ImageJ-Ops/src/main/java/net/imagej/ops/math/RealMath.java:[355,64] cannot find symbol
[ERROR] symbol:   class Math
[ERROR] location: class net.imagej.ops.Ops
[ERROR] /data/devel/jenkins-maven/workspace/ImageJ-Ops/src/main/java/net/imagej/ops/math/RealMath.java:[370,56] cannot find symbol
[ERROR] symbol:   class Math
[ERROR] location: class net.imagej.ops.Ops
[ERROR] /data/devel/jenkins-maven/workspace/ImageJ-Ops/src/main/java/net/imagej/ops/math/RealMath.java:[385,64] cannot find symbol
[ERROR] symbol:   class Math
[ERROR] location: class net.imagej.ops.Ops
[ERROR] /data/devel/jenkins-maven/workspace/ImageJ-Ops/src/main/java/net/imagej/ops/math/RealMath.java:[400,56] cannot find symbol
[ERROR] symbol:   class Math
[ERROR] location: class net.imagej.ops.Ops
[ERROR] /data/devel/jenkins-maven/workspace/ImageJ-Ops/src/main/java/net/imagej/ops/math/RealMath.java:[415,64] cannot find symbol
[ERROR] symbol:   class Math
[ERROR] location: class net.imagej.ops.Ops
[ERROR] /data/devel/jenkins-maven/workspace/ImageJ-Ops/src/main/java/net/imagej/ops/math/RealMath.java:[430,56] cannot find symbol
[ERROR] symbol:   class Math
[ERROR] location: class net.imagej.ops.Ops
[ERROR] /data/devel/jenkins-maven/workspace/ImageJ-Ops/src/main/java/net/imagej/ops/math/RealMath.java:[445,64] cannot find symbol
[ERROR] symbol:   class Math
[ERROR] location: class net.imagej.ops.Ops
[ERROR] /data/devel/jenkins-maven/workspace/ImageJ-Ops/src/main/java/net/imagej/ops/math/RealMath.java:[460,64] cannot find symbol
[ERROR] symbol:   class Math
[ERROR] location: class net.imagej.ops.Ops
[ERROR] /data/devel/jenkins-maven/workspace/ImageJ-Ops/src/main/java/net/imagej/ops/math/RealMath.java:[475,64] cannot find symbol
[ERROR] symbol:   class Math
[ERROR] location: class net.imagej.ops.Ops
[ERROR] /data/devel/jenkins-maven/workspace/ImageJ-Ops/src/main/java/net/imagej/ops/math/RealMath.java:[500,56] cannot find symbol
[ERROR] symbol:   class Math
[ERROR] location: class net.imagej.ops.Ops
[ERROR] /data/devel/jenkins-maven/workspace/ImageJ-Ops/src/main/java/net/imagej/ops/math/RealMath.java:[515,64] cannot find symbol
[ERROR] symbol:   class Math
[ERROR] location: class net.imagej.ops.Ops
[ERROR] /data/devel/jenkins-maven/workspace/ImageJ-Ops/src/main/java/net/imagej/ops/math/RealMath.java:[530,64] cannot find symbol
[ERROR] symbol:   class Math
[ERROR] location: class net.imagej.ops.Ops
[ERROR] /data/devel/jenkins-maven/workspace/ImageJ-Ops/src/main/java/net/imagej/ops/math/RealMath.java:[545,64] cannot find symbol
[ERROR] symbol:   class Math
[ERROR] location: class net.imagej.ops.Ops
[ERROR] /data/devel/jenkins-maven/workspace/ImageJ-Ops/src/main/java/net/imagej/ops/math/RealMath.java:[567,64] cannot find symbol
[ERROR] symbol:   class Math
[ERROR] location: class net.imagej.ops.Ops
[ERROR] /data/devel/jenkins-maven/workspace/ImageJ-Ops/src/main/java/net/imagej/ops/math/RealMath.java:[587,56] cannot find symbol
[ERROR] symbol:   class Math
[ERROR] location: class net.imagej.ops.Ops
[ERROR] /data/devel/jenkins-maven/workspace/ImageJ-Ops/src/main/java/net/imagej/ops/math/RealMath.java:[602,64] cannot find symbol
[ERROR] symbol:   class Math
[ERROR] location: class net.imagej.ops.Ops
[ERROR] /data/devel/jenkins-maven/workspace/ImageJ-Ops/src/main/java/net/imagej/ops/math/RealMath.java:[617,64] cannot find symbol
[ERROR] symbol:   class Math
[ERROR] location: class net.imagej.ops.Ops
[ERROR] /data/devel/jenkins-maven/workspace/ImageJ-Ops/src/main/java/net/imagej/ops/math/RealMath.java:[633,64] cannot find symbol
[ERROR] symbol:   class Math
[ERROR] location: class net.imagej.ops.Ops
[ERROR] /data/devel/jenkins-maven/workspace/ImageJ-Ops/src/main/java/net/imagej/ops/math/RealMath.java:[649,64] cannot find symbol
[ERROR] symbol:   class Math
[ERROR] location: class net.imagej.ops.Ops
[ERROR] /data/devel/jenkins-maven/workspace/ImageJ-Ops/src/main/java/net/imagej/ops/math/RealMath.java:[671,64] cannot find symbol
[ERROR] symbol:   class Math
[ERROR] location: class net.imagej.ops.Ops
[ERROR] /data/devel/jenkins-maven/workspace/ImageJ-Ops/src/main/java/net/imagej/ops/math/RealMath.java:[691,64] cannot find symbol
[ERROR] symbol:   class Math
[ERROR] location: class net.imagej.ops.Ops
[ERROR] /data/devel/jenkins-maven/workspace/ImageJ-Ops/src/main/java/net/imagej/ops/math/RealMath.java:[709,64] cannot find symbol
[ERROR] symbol:   class Math
[ERROR] location: class net.imagej.ops.Ops
[ERROR] /data/devel/jenkins-maven/workspace/ImageJ-Ops/src/main/java/net/imagej/ops/math/RealMath.java:[724,64] cannot find symbol
[ERROR] symbol:   class Math
[ERROR] location: class net.imagej.ops.Ops
[ERROR] /data/devel/jenkins-maven/workspace/ImageJ-Ops/src/main/java/net/imagej/ops/math/RealMath.java:[739,64] cannot find symbol
[ERROR] symbol:   class Math
[ERROR] location: class net.imagej.ops.Ops
[ERROR] /data/devel/jenkins-maven/workspace/ImageJ-Ops/src/main/java/net/imagej/ops/math/RealMath.java:[757,64] cannot find symbol
[ERROR] symbol:   class Math
[ERROR] location: class net.imagej.ops.Ops
[ERROR] /data/devel/jenkins-maven/workspace/ImageJ-Ops/src/main/java/net/imagej/ops/math/RealMath.java:[777,64] cannot find symbol
[ERROR] symbol:   class Math
[ERROR] location: class net.imagej.ops.Ops
[ERROR] /data/devel/jenkins-maven/workspace/ImageJ-Ops/src/main/java/net/imagej/ops/math/RealMath.java:[806,64] cannot find symbol
[ERROR] symbol:   class Math
[ERROR] location: class net.imagej.ops.Ops
[ERROR] /data/devel/jenkins-maven/workspace/ImageJ-Ops/src/main/java/net/imagej/ops/math/RealMath.java:[836,64] cannot find symbol
[ERROR] symbol:   class Math
[ERROR] location: class net.imagej.ops.Ops
[ERROR] /data/devel/jenkins-maven/workspace/ImageJ-Ops/src/main/java/net/imagej/ops/math/RealMath.java:[856,64] cannot find symbol
[ERROR] symbol:   class Math
[ERROR] location: class net.imagej.ops.Ops
[ERROR] /data/devel/jenkins-maven/workspace/ImageJ-Ops/src/main/java/net/imagej/ops/math/RealMath.java:[871,56] cannot find symbol
[ERROR] symbol:   class Math
[ERROR] location: class net.imagej.ops.Ops
[ERROR] -&gt; [Help 1]
[ERROR] 
[ERROR] To see the full stack trace of the errors, re-run Maven with the -e switch.
[ERROR] Re-run Maven using the -X switch to enable full debug logging.
[ERROR] 
[ERROR] For more information about the errors and possible solutions, please read the following articles:
[ERROR] [Help 1] <A HREF="http://cwiki.apache.org/confluence/display/MAVEN/MojoFailureException">http://cwiki.apache.org/confluence/display/MAVEN/MojoFailureException</A>
Build step 'Invoke top-level Maven targets' marked build as failure
Archiving artifacts
Build step 'Groovy Postbuild' marked build as failure
Recording test results
ERROR: Publisher 'Publish JUnit test result report' aborted due to exception: 
java.io.IOException: remote file operation failed: &lt;<A HREF="http://jenkins.imagej.net/job/ImageJ-Ops/ws/">http://jenkins.imagej.net/job/ImageJ-Ops/ws/</A>&gt; at <A HREF="http://imagej.net/mailman/listinfo/imagej-builds">hudson.remoting.Channel at 50b8b257</A>:maven: java.io.IOException: Remote call on maven failed
	at hudson.FilePath.act(FilePath.java:987)
	at hudson.FilePath.act(FilePath.java:969)
	at hudson.tasks.junit.JUnitParser.parseResult(JUnitParser.java:89)
	at hudson.tasks.junit.JUnitResultArchiver.parse(JUnitResultArchiver.java:121)
	at hudson.tasks.junit.JUnitResultArchiver.perform(JUnitResultArchiver.java:138)
	at hudson.tasks.BuildStepCompatibilityLayer.perform(BuildStepCompatibilityLayer.java:75)
	at hudson.tasks.BuildStepMonitor$1.perform(BuildStepMonitor.java:20)
	at hudson.model.AbstractBuild$AbstractBuildExecution.perform(AbstractBuild.java:779)
	at hudson.model.AbstractBuild$AbstractBuildExecution.performAllBuildSteps(AbstractBuild.java:726)
	at hudson.model.Build$BuildExecution.post2(Build.java:185)
	at hudson.model.AbstractBuild$AbstractBuildExecution.post(AbstractBuild.java:671)
	at hudson.model.Run.execute(Run.java:1766)
	at hudson.model.FreeStyleBuild.run(FreeStyleBuild.java:43)
	at hudson.model.ResourceController.execute(ResourceController.java:98)
	at hudson.model.Executor.run(Executor.java:381)
Caused by: java.io.IOException: Remote call on maven failed
	at hudson.remoting.Channel.call(Channel.java:761)
	at hudson.FilePath.act(FilePath.java:980)
	... 14 more
Caused by: java.lang.Error: Unable to load resource hudson/tasks/junit/Messages.properties
	at hudson.remoting.RemoteClassLoader.findResource(RemoteClassLoader.java:381)
	at java.lang.ClassLoader.getResource(ClassLoader.java:1147)
	at java.lang.Class.getResource(Class.java:2147)
	at org.jvnet.localizer.ResourceBundleHolder.get(ResourceBundleHolder.java:107)
	at org.jvnet.localizer.ResourceBundleHolder.get(ResourceBundleHolder.java:128)
	at org.jvnet.localizer.ResourceBundleHolder.get(ResourceBundleHolder.java:128)
	at org.jvnet.localizer.ResourceBundleHolder.format(ResourceBundleHolder.java:170)
	at hudson.tasks.junit.Messages.JUnitResultArchiver_NoTestReportFound(Messages.java:261)
	at hudson.tasks.junit.JUnitParser$ParseResultCallable.invoke(JUnitParser.java:116)
	at hudson.tasks.junit.JUnitParser$ParseResultCallable.invoke(JUnitParser.java:92)
	at hudson.FilePath$FileCallableWrapper.call(FilePath.java:2691)
	at hudson.remoting.UserRequest.perform(UserRequest.java:121)
	at hudson.remoting.UserRequest.perform(UserRequest.java:49)
	at hudson.remoting.Request$2.run(Request.java:325)
	at hudson.remoting.InterceptingExecutorService$1.call(InterceptingExecutorService.java:68)
	at java.util.concurrent.FutureTask.run(FutureTask.java:262)
	at java.util.concurrent.ThreadPoolExecutor.runWorker(ThreadPoolExecutor.java:1145)
	at java.util.concurrent.ThreadPoolExecutor$Worker.run(ThreadPoolExecutor.java:615)
	at java.lang.Thread.run(Thread.java:745)
	at ......remote call to maven(Native Method)
	at hudson.remoting.Channel.attachCallSiteStackTrace(Channel.java:1361)
	at hudson.remoting.UserResponse.retrieve(UserRequest.java:221)
	at hudson.remoting.Channel.call(Channel.java:753)
	... 15 more
Caused by: java.util.concurrent.ExecutionException: java.io.IOException: Failed to write to /var/lib/jenkins-maven/.jenkins/cache/jars/81/55D2FB270A08110B61AABA0080206D.jar
	at hudson.remoting.AsyncFutureImpl.get(AsyncFutureImpl.java:75)
	at hudson.remoting.FutureAdapter.get(FutureAdapter.java:55)
	at hudson.remoting.RemoteClassLoader.findResource(RemoteClassLoader.java:373)
	at java.lang.ClassLoader.getResource(ClassLoader.java:1147)
	at java.lang.Class.getResource(Class.java:2147)
	at org.jvnet.localizer.ResourceBundleHolder.get(ResourceBundleHolder.java:107)
	at org.jvnet.localizer.ResourceBundleHolder.get(ResourceBundleHolder.java:128)
	at org.jvnet.localizer.ResourceBundleHolder.get(ResourceBundleHolder.java:128)
	at org.jvnet.localizer.ResourceBundleHolder.format(ResourceBundleHolder.java:170)
	at hudson.tasks.junit.Messages.JUnitResultArchiver_NoTestReportFound(Messages.java:261)
	at hudson.tasks.junit.JUnitParser$ParseResultCallable.invoke(JUnitParser.java:116)
	at hudson.tasks.junit.JUnitParser$ParseResultCallable.invoke(JUnitParser.java:92)
	at hudson.FilePath$FileCallableWrapper.call(FilePath.java:2691)
	at hudson.remoting.UserRequest.perform(UserRequest.java:121)
	at hudson.remoting.UserRequest.perform(UserRequest.java:49)
	at hudson.remoting.Request$2.run(Request.java:325)
	at hudson.remoting.InterceptingExecutorService$1.call(InterceptingExecutorService.java:68)
	at java.util.concurrent.FutureTask.run(FutureTask.java:262)
	at java.util.concurrent.ThreadPoolExecutor.runWorker(ThreadPoolExecutor.java:1145)
	at java.util.concurrent.ThreadPoolExecutor$Worker.run(ThreadPoolExecutor.java:615)
	at java.lang.Thread.run(Thread.java:745)
Caused by: java.io.IOException: Failed to write to /var/lib/jenkins-maven/.jenkins/cache/jars/81/55D2FB270A08110B61AABA0080206D.jar
	at hudson.remoting.FileSystemJarCache.retrieve(FileSystemJarCache.java:85)
	at hudson.remoting.JarCacheSupport$1.run(JarCacheSupport.java:62)
	at java.util.concurrent.Executors$RunnableAdapter.call(Executors.java:471)
	at java.util.concurrent.FutureTask.run(FutureTask.java:262)
	at hudson.remoting.AtmostOneThreadExecutor$Worker.run(AtmostOneThreadExecutor.java:110)
	... 1 more
Caused by: java.io.IOException: No such file or directory
	at java.io.UnixFileSystem.createFileExclusively(Native Method)
	at java.io.File.createNewFile(File.java:1006)
	at java.io.File.createTempFile(File.java:1989)
	at hudson.remoting.FileSystemJarCache.retrieve(FileSystemJarCache.java:61)
	... 5 more
Performance: Percentage of errors greater or equal than 0% sets the build as unstable
Performance: Percentage of errors greater or equal than 0% sets the build as failure



Performance: Recording JUnit reports '**/TEST-*.xml'

</PRE>


<!--endarticle-->
    <HR>
    <P><UL>
        <!--threads-->
	<LI>Previous message: <A HREF="011515.html">[ImageJ-builds] Jenkins build is back to normal :	Reconstruct_Reader #17
</A></li>
	<LI>Next message: <A HREF="011522.html">[ImageJ-builds] Jenkins build is back to normal : ImageJ-Ops #389
</A></li>
         <LI> <B>Messages sorted by:</B> 
              <a href="date.html#11521">[ date ]</a>
              <a href="thread.html#11521">[ thread ]</a>
              <a href="subject.html#11521">[ subject ]</a>
              <a href="author.html#11521">[ author ]</a>
         </LI>
       </UL>

<hr>
<a href="http://imagej.net/mailman/listinfo/imagej-builds">More information about the ImageJ-builds
mailing list</a><br>
</body></html>
