<!DOCTYPE HTML PUBLIC "-//W3C//DTD HTML 4.01 Transitional//EN">
<HTML>
 <HEAD>
   <TITLE> [ImageJ-builds] Build failed in Jenkins: ImageJ1-unit-tests #282
   </TITLE>
   <LINK REL="Index" HREF="index.html" >
   <LINK REL="made" HREF="mailto:imagej-builds%40imagej.net?Subject=Re%3A%20%5BImageJ-builds%5D%20Build%20failed%20in%20Jenkins%3A%20ImageJ1-unit-tests%20%23282&In-Reply-To=%3C1683564446.15.1445976728152.JavaMail.jenkins%40dev%3E">
   <META NAME="robots" CONTENT="index,nofollow">
   <style type="text/css">
       pre {
           white-space: pre-wrap;       /* css-2.1, curent FF, Opera, Safari */
           }
   </style>
   <META http-equiv="Content-Type" content="text/html; charset=us-ascii">
   <LINK REL="Previous"  HREF="011551.html">
   <LINK REL="Next"  HREF="011555.html">
 </HEAD>
 <BODY BGCOLOR="#ffffff">
   <H1>[ImageJ-builds] Build failed in Jenkins: ImageJ1-unit-tests #282</H1>
    <B>jenkins at imagej.net</B> 
    <A HREF="mailto:imagej-builds%40imagej.net?Subject=Re%3A%20%5BImageJ-builds%5D%20Build%20failed%20in%20Jenkins%3A%20ImageJ1-unit-tests%20%23282&In-Reply-To=%3C1683564446.15.1445976728152.JavaMail.jenkins%40dev%3E"
       TITLE="[ImageJ-builds] Build failed in Jenkins: ImageJ1-unit-tests #282">jenkins at imagej.net
       </A><BR>
    <I>Tue Oct 27 15:12:08 CDT 2015</I>
    <P><UL>
        <LI>Previous message: <A HREF="011551.html">[ImageJ-builds] Build failed in Jenkins: ImageJ1-unit-tests #281
</A></li>
        <LI>Next message: <A HREF="011555.html">[ImageJ-builds] mail-watcher-plugin: Computer Windows marked offline
</A></li>
         <LI> <B>Messages sorted by:</B> 
              <a href="date.html#11552">[ date ]</a>
              <a href="thread.html#11552">[ thread ]</a>
              <a href="subject.html#11552">[ subject ]</a>
              <a href="author.html#11552">[ author ]</a>
         </LI>
       </UL>
    <HR>  
<!--beginarticle-->
<PRE>See &lt;<A HREF="http://jenkins.imagej.net/job/ImageJ1-unit-tests/282/changes">http://jenkins.imagej.net/job/ImageJ1-unit-tests/282/changes</A>&gt;

Changes:

[Curtis Rueden] POM: remove now-invalid comment

[Curtis Rueden] POM: remove superfluous groupId declaration

[Curtis Rueden] Fix compile errors with ImageJ 1.50d

------------------------------------------
[...truncated 81 lines...]

-------------------------------------------------------
 T E S T S
-------------------------------------------------------
Running ij.IJEventListenerTest
Tests run: 2, Failures: 0, Errors: 0, Skipped: 0, Time elapsed: 0.027 sec - in ij.IJEventListenerTest
Running ij.process.FloatProcessorTest
Tests run: 81, Failures: 0, Errors: 0, Skipped: 0, Time elapsed: 1.617 sec - in ij.process.FloatProcessorTest
Running ij.process.LUTTest
Tests run: 7, Failures: 0, Errors: 0, Skipped: 0, Time elapsed: 0.002 sec - in ij.process.LUTTest
Running ij.process.ByteProcessorTest
Tests run: 71, Failures: 0, Errors: 0, Skipped: 0, Time elapsed: 0.586 sec - in ij.process.ByteProcessorTest
Running ij.process.ShortProcessorTest
Tests run: 86, Failures: 0, Errors: 0, Skipped: 0, Time elapsed: 6.586 sec - in ij.process.ShortProcessorTest
Running ij.process.ColorProcessorTest
Tests run: 86, Failures: 0, Errors: 0, Skipped: 0, Time elapsed: 1.408 sec - in ij.process.ColorProcessorTest
Running ij.process.ImageProcessorTest
Tests run: 181, Failures: 0, Errors: 0, Skipped: 0, Time elapsed: 2.358 sec - in ij.process.ImageProcessorTest
Running ij.process.BinaryProcessorTest
Tests run: 5, Failures: 0, Errors: 0, Skipped: 0, Time elapsed: 0.109 sec - in ij.process.BinaryProcessorTest
Running ij.io.DirectoryChooserTest
Tests run: 3, Failures: 0, Errors: 0, Skipped: 0, Time elapsed: 0 sec - in ij.io.DirectoryChooserTest
Running ij.io.RandomAccessStreamTest
Tests run: 16, Failures: 0, Errors: 0, Skipped: 0, Time elapsed: 0.007 sec - in ij.io.RandomAccessStreamTest
Running ij.io.FileOpenerTest
Tests run: 8, Failures: 0, Errors: 1, Skipped: 0, Time elapsed: 0.637 sec &lt;&lt;&lt; FAILURE! - in ij.io.FileOpenerTest
testOpenBoolean(ij.io.FileOpenerTest)  Time elapsed: 0.007 sec  &lt;&lt;&lt; ERROR!
java.lang.ArrayIndexOutOfBoundsException: 1
	at ij.io.FileOpener.open(FileOpener.java:115)
	at ij.io.FileOpenerTest.testOpenBoolean(FileOpenerTest.java:182)

Running ij.io.BitBufferTest
Tests run: 2, Failures: 0, Errors: 0, Skipped: 0, Time elapsed: 0.001 sec - in ij.io.BitBufferTest
Running ij.io.ImageWriterTest
Tests run: 1, Failures: 0, Errors: 0, Skipped: 0, Time elapsed: 0.031 sec - in ij.io.ImageWriterTest
Running ij.io.FileInfoTest
Tests run: 5, Failures: 0, Errors: 0, Skipped: 0, Time elapsed: 0.003 sec - in ij.io.FileInfoTest
Running ij.io.ImageReaderTest
java.net.MalformedURLException: no protocol: ashdjjfj
java.net.UnknownHostException: fred.joe.john.edu
java.io.FileNotFoundException: <A HREF="http://www.google.com/ooglywooglygugglychoogly.tiff">http://www.google.com/ooglywooglygugglychoogly.tiff</A>
Tests run: 16, Failures: 1, Errors: 0, Skipped: 0, Time elapsed: 1.014 sec &lt;&lt;&lt; FAILURE! - in ij.io.ImageReaderTest
testReadPixelsFromInputStream(ij.io.ImageReaderTest)  Time elapsed: 0.758 sec  &lt;&lt;&lt; FAILURE!
java.lang.AssertionError: array lengths differed, expected.length=3 actual.length=1
	at org.junit.Assert.fail(Assert.java:88)
	at org.junit.internal.ComparisonCriteria.assertArraysAreSameLength(ComparisonCriteria.java:71)
	at org.junit.internal.ComparisonCriteria.arrayEquals(ComparisonCriteria.java:32)
	at org.junit.Assert.internalArrayEquals(Assert.java:473)
	at org.junit.Assert.assertArrayEquals(Assert.java:265)
	at org.junit.Assert.assertArrayEquals(Assert.java:280)
	at ij.Assert.assertArraysSame(Assert.java:118)
	at ij.io.ImageReaderTest$FormatTester.runTest(ImageReaderTest.java:143)
	at ij.io.ImageReaderTest.testReadPixelsFromInputStream(ImageReaderTest.java:235)

Running ij.CommandListenerTest
Tests run: 1, Failures: 0, Errors: 0, Skipped: 0, Time elapsed: 0 sec - in ij.CommandListenerTest
Running ij.ImagePlusTest
This command requires an area selection
This command requires an area selection
Unsupported format or not found
Tests run: 124, Failures: 5, Errors: 0, Skipped: 0, Time elapsed: 0.118 sec &lt;&lt;&lt; FAILURE! - in ij.ImagePlusTest
testCopyScale(ij.ImagePlusTest)  Time elapsed: 0.002 sec  &lt;&lt;&lt; FAILURE!
java.lang.AssertionError: expected:&lt;8&gt; but was:&lt;0&gt;
	at org.junit.Assert.fail(Assert.java:88)
	at org.junit.Assert.failNotEquals(Assert.java:743)
	at org.junit.Assert.assertEquals(Assert.java:118)
	at org.junit.Assert.assertEquals(Assert.java:144)
	at ij.measure.CalibrationTools.assertFieldsEqual(CalibrationTools.java:86)
	at ij.measure.CalibrationTools.assertCalibrationsEqual(CalibrationTools.java:78)
	at ij.ImagePlusTest.testCopyScale(ImagePlusTest.java:2689)

testGetCalibration(ij.ImagePlusTest)  Time elapsed: 0.001 sec  &lt;&lt;&lt; FAILURE!
java.lang.AssertionError: expected:&lt;8&gt; but was:&lt;0&gt;
	at org.junit.Assert.fail(Assert.java:88)
	at org.junit.Assert.failNotEquals(Assert.java:743)
	at org.junit.Assert.assertEquals(Assert.java:118)
	at org.junit.Assert.assertEquals(Assert.java:144)
	at ij.measure.CalibrationTools.assertFieldsEqual(CalibrationTools.java:86)
	at ij.measure.CalibrationTools.assertCalibrationsEqual(CalibrationTools.java:78)
	at ij.ImagePlusTest.testGetCalibration(ImagePlusTest.java:2742)

testGetLocationAsString(ij.ImagePlusTest)  Time elapsed: 0.004 sec  &lt;&lt;&lt; FAILURE!
org.junit.ComparisonFailure: expected:&lt;...c (265), theta= 325.[29]&gt; but was:&lt;...c (265), theta= 325.[47]&gt;
	at org.junit.Assert.assertEquals(Assert.java:115)
	at org.junit.Assert.assertEquals(Assert.java:144)
	at ij.ImagePlusTest.testGetLocationAsString(ImagePlusTest.java:2864)

testGetLocalCalibration(ij.ImagePlusTest)  Time elapsed: 0 sec  &lt;&lt;&lt; FAILURE!
java.lang.AssertionError: expected:&lt;8&gt; but was:&lt;0&gt;
	at org.junit.Assert.fail(Assert.java:88)
	at org.junit.Assert.failNotEquals(Assert.java:743)
	at org.junit.Assert.assertEquals(Assert.java:118)
	at org.junit.Assert.assertEquals(Assert.java:144)
	at ij.measure.CalibrationTools.assertFieldsEqual(CalibrationTools.java:86)
	at ij.measure.CalibrationTools.assertCalibrationsEqual(CalibrationTools.java:78)
	at ij.ImagePlusTest.testGetLocalCalibration(ImagePlusTest.java:2817)

testSetCalibration(ij.ImagePlusTest)  Time elapsed: 0 sec  &lt;&lt;&lt; FAILURE!
java.lang.AssertionError: expected:&lt;0&gt; but was:&lt;8&gt;
	at org.junit.Assert.fail(Assert.java:88)
	at org.junit.Assert.failNotEquals(Assert.java:743)
	at org.junit.Assert.assertEquals(Assert.java:118)
	at org.junit.Assert.assertEquals(Assert.java:144)
	at ij.measure.CalibrationTools.assertFieldsEqual(CalibrationTools.java:86)
	at ij.measure.CalibrationTools.assertCalibrationsEqual(CalibrationTools.java:78)
	at ij.ImagePlusTest.testSetCalibration(ImagePlusTest.java:2779)

Running ij.VirtualStackTest
Tests run: 22, Failures: 0, Errors: 0, Skipped: 0, Time elapsed: 0.031 sec - in ij.VirtualStackTest
Running ij.macro.SymbolTest
Tests run: 4, Failures: 0, Errors: 0, Skipped: 0, Time elapsed: 0.002 sec - in ij.macro.SymbolTest
Running ij.macro.ReturnExceptionTest
Tests run: 1, Failures: 0, Errors: 0, Skipped: 0, Time elapsed: 0 sec - in ij.macro.ReturnExceptionTest
Running ij.ImageListenerTest
Tests run: 1, Failures: 0, Errors: 0, Skipped: 0, Time elapsed: 0 sec - in ij.ImageListenerTest
Running ij.CompositeImageTest
Tests run: 29, Failures: 0, Errors: 0, Skipped: 0, Time elapsed: 0.055 sec - in ij.CompositeImageTest
Running ij.util.ToolsTest
Tests run: 13, Failures: 0, Errors: 0, Skipped: 0, Time elapsed: 0.01 sec - in ij.util.ToolsTest
Running ij.util.StringSorterTest
Tests run: 1, Failures: 0, Errors: 0, Skipped: 0, Time elapsed: 0.001 sec - in ij.util.StringSorterTest
Running ij.UndoTest
Tests run: 1, Failures: 0, Errors: 0, Skipped: 0, Time elapsed: 0 sec - in ij.UndoTest
Running ij.ExecuterTest
Tests run: 5, Failures: 0, Errors: 0, Skipped: 0, Time elapsed: 1.006 sec - in ij.ExecuterTest
Running ij.LookUpTableTest
Tests run: 8, Failures: 0, Errors: 0, Skipped: 0, Time elapsed: 0.013 sec - in ij.LookUpTableTest
Running ij.ImageStackTest
Tests run: 27, Failures: 0, Errors: 0, Skipped: 0, Time elapsed: 0.652 sec - in ij.ImageStackTest
Running ij.measure.MeasurementsTest
Tests run: 1, Failures: 0, Errors: 0, Skipped: 0, Time elapsed: 0.001 sec - in ij.measure.MeasurementsTest
Running ij.measure.CalibrationTest
Tests run: 35, Failures: 0, Errors: 0, Skipped: 0, Time elapsed: 0.052 sec - in ij.measure.CalibrationTest
Running ij.measure.ResultsTableTest
Tests run: 37, Failures: 4, Errors: 0, Skipped: 0, Time elapsed: 0.597 sec &lt;&lt;&lt; FAILURE! - in ij.measure.ResultsTableTest
testOpen(ij.measure.ResultsTableTest)  Time elapsed: 0.001 sec  &lt;&lt;&lt; FAILURE!
java.lang.AssertionError: null
	at org.junit.Assert.fail(Assert.java:86)
	at org.junit.Assert.fail(Assert.java:95)
	at ij.measure.ResultsTableTest.testOpen(ResultsTableTest.java:1441)

testSetDefaultHeadings(ij.measure.ResultsTableTest)  Time elapsed: 0 sec  &lt;&lt;&lt; FAILURE!
org.junit.ComparisonFailure: expected:&lt;[36]&gt; but was:&lt;[MinThr]&gt;
	at org.junit.Assert.assertEquals(Assert.java:115)
	at org.junit.Assert.assertEquals(Assert.java:144)
	at ij.measure.ResultsTableTest.testSetDefaultHeadings(ResultsTableTest.java:1116)

testConstants(ij.measure.ResultsTableTest)  Time elapsed: 0 sec  &lt;&lt;&lt; FAILURE!
java.lang.AssertionError: expected:&lt;35&gt; but was:&lt;37&gt;
	at org.junit.Assert.fail(Assert.java:88)
	at org.junit.Assert.failNotEquals(Assert.java:743)
	at org.junit.Assert.assertEquals(Assert.java:118)
	at org.junit.Assert.assertEquals(Assert.java:555)
	at org.junit.Assert.assertEquals(Assert.java:542)
	at ij.measure.ResultsTableTest.testConstants(ResultsTableTest.java:110)

testSetPrecision(ij.measure.ResultsTableTest)  Time elapsed: 0.001 sec  &lt;&lt;&lt; FAILURE!
org.junit.ComparisonFailure: expected:&lt;1	1[.0E1]&gt; but was:&lt;1	1[0.000]&gt;
	at org.junit.Assert.assertEquals(Assert.java:115)
	at org.junit.Assert.assertEquals(Assert.java:144)
	at ij.measure.ResultsTableTest.testSetPrecision(ResultsTableTest.java:1127)

Running ij.measure.CurveFitterTest
Tests run: 24, Failures: 0, Errors: 0, Skipped: 0, Time elapsed: 0.278 sec - in ij.measure.CurveFitterTest
Running ij.measure.SplineFitterTest
Tests run: 2, Failures: 0, Errors: 0, Skipped: 0, Time elapsed: 0 sec - in ij.measure.SplineFitterTest
Running ij.gui.ArrowTest
Tests run: 13, Failures: 0, Errors: 0, Skipped: 0, Time elapsed: 0.004 sec - in ij.gui.ArrowTest
Running ij.gui.ProgressBarTest
Tests run: 8, Failures: 0, Errors: 0, Skipped: 0, Time elapsed: 0.002 sec - in ij.gui.ProgressBarTest
Running ij.gui.OverlayTest
Tests run: 12, Failures: 0, Errors: 0, Skipped: 0, Time elapsed: 0.003 sec - in ij.gui.OverlayTest
Running ij.gui.LineTest
Tests run: 16, Failures: 0, Errors: 0, Skipped: 0, Time elapsed: 0.011 sec - in ij.gui.LineTest
Running ij.gui.TrimmedButtonTest
Tests run: 1, Failures: 0, Errors: 0, Skipped: 0, Time elapsed: 0 sec - in ij.gui.TrimmedButtonTest
Running ij.gui.RoiTest
Tests run: 52, Failures: 0, Errors: 0, Skipped: 0, Time elapsed: 0.1 sec - in ij.gui.RoiTest
Running ij.gui.WandTest
Tests run: 8, Failures: 0, Errors: 0, Skipped: 0, Time elapsed: 0.002 sec - in ij.gui.WandTest
Running ij.gui.ToolbarTest
Tests run: 1, Failures: 0, Errors: 0, Skipped: 0, Time elapsed: 0 sec - in ij.gui.ToolbarTest
Running ij.gui.TextRoiTest
Tests run: 12, Failures: 0, Errors: 0, Skipped: 0, Time elapsed: 0.004 sec - in ij.gui.TextRoiTest
Running ij.gui.PolygonRoiTest
Tests run: 24, Failures: 0, Errors: 0, Skipped: 0, Time elapsed: 0.019 sec - in ij.gui.PolygonRoiTest
Running ij.gui.ImageRoiTest
Tests run: 5, Failures: 0, Errors: 0, Skipped: 0, Time elapsed: 0.001 sec - in ij.gui.ImageRoiTest
Running ij.gui.ProfilePlotTest
Tests run: 6, Failures: 0, Errors: 0, Skipped: 0, Time elapsed: 0.002 sec - in ij.gui.ProfilePlotTest
Running ij.gui.FreehandRoiTest
Tests run: 1, Failures: 0, Errors: 0, Skipped: 0, Time elapsed: 0 sec - in ij.gui.FreehandRoiTest
Running ij.gui.ShapeRoiTest
Tests run: 22, Failures: 0, Errors: 0, Skipped: 0, Time elapsed: 0.145 sec - in ij.gui.ShapeRoiTest
Running ij.gui.OvalRoiTest
Tests run: 9, Failures: 0, Errors: 0, Skipped: 0, Time elapsed: 0.005 sec - in ij.gui.OvalRoiTest
Running ij.gui.PlotTest
Tests run: 20, Failures: 1, Errors: 0, Skipped: 0, Time elapsed: 0.05 sec &lt;&lt;&lt; FAILURE! - in ij.gui.PlotTest
testPublicConstants(ij.gui.PlotTest)  Time elapsed: 0 sec  &lt;&lt;&lt; FAILURE!
java.lang.AssertionError: expected:&lt;51&gt; but was:&lt;12339&gt;
	at org.junit.Assert.fail(Assert.java:88)
	at org.junit.Assert.failNotEquals(Assert.java:743)
	at org.junit.Assert.assertEquals(Assert.java:118)
	at org.junit.Assert.assertEquals(Assert.java:555)
	at org.junit.Assert.assertEquals(Assert.java:542)
	at ij.gui.PlotTest.testPublicConstants(PlotTest.java:82)

Running ij.gui.PointRoiTest
Tests run: 10, Failures: 0, Errors: 0, Skipped: 0, Time elapsed: 0.021 sec - in ij.gui.PointRoiTest

Results :

Failed tests: 
  ImageReaderTest.testReadPixelsFromInputStream:235 array lengths differed, expected.length=3 actual.length=1
  ImagePlusTest.testCopyScale:2689 expected:&lt;8&gt; but was:&lt;0&gt;
  ImagePlusTest.testGetCalibration:2742 expected:&lt;8&gt; but was:&lt;0&gt;
  ImagePlusTest.testGetLocationAsString:2864 expected:&lt;...c (265), theta= 325.[29]&gt; but was:&lt;...c (265), theta= 325.[47]&gt;
  ImagePlusTest.testGetLocalCalibration:2817 expected:&lt;8&gt; but was:&lt;0&gt;
  ImagePlusTest.testSetCalibration:2779 expected:&lt;0&gt; but was:&lt;8&gt;
  ResultsTableTest.testOpen:1441 null
  ResultsTableTest.testSetDefaultHeadings:1116 expected:&lt;[36]&gt; but was:&lt;[MinThr]&gt;
  ResultsTableTest.testConstants:110 expected:&lt;35&gt; but was:&lt;37&gt;
  ResultsTableTest.testSetPrecision:1127 expected:&lt;1	1[.0E1]&gt; but was:&lt;1	1[0.000]&gt;
  PlotTest.testPublicConstants:82 expected:&lt;51&gt; but was:&lt;12339&gt;

Tests in error: 
  FileOpenerTest.testOpenBoolean:182 &#187; ArrayIndexOutOfBounds 1

Tests run: 1126, Failures: 11, Errors: 1, Skipped: 0

[INFO] ------------------------------------------------------------------------
[INFO] BUILD FAILURE
[INFO] ------------------------------------------------------------------------
[INFO] Total time: 31.343s
[INFO] Finished at: Tue Oct 27 15:12:07 CDT 2015
[INFO] Final Memory: 19M/366M
[INFO] ------------------------------------------------------------------------
[ERROR] Failed to execute goal org.apache.maven.plugins:maven-surefire-plugin:2.17:test (default-test) on project ij1-tests: There are test failures.
[ERROR] 
[ERROR] Please refer to /data/devel/jenkins-maven/workspace/ImageJ1-unit-tests/target/surefire-reports for the individual test results.
[ERROR] -&gt; [Help 1]
[ERROR] 
[ERROR] To see the full stack trace of the errors, re-run Maven with the -e switch.
[ERROR] Re-run Maven using the -X switch to enable full debug logging.
[ERROR] 
[ERROR] For more information about the errors and possible solutions, please read the following articles:
[ERROR] [Help 1] <A HREF="http://cwiki.apache.org/confluence/display/MAVEN/MojoFailureException">http://cwiki.apache.org/confluence/display/MAVEN/MojoFailureException</A>
Build step 'Invoke top-level Maven targets' marked build as failure
Recording test results

</PRE>




<!--endarticle-->
    <HR>
    <P><UL>
        <!--threads-->
	<LI>Previous message: <A HREF="011551.html">[ImageJ-builds] Build failed in Jenkins: ImageJ1-unit-tests #281
</A></li>
	<LI>Next message: <A HREF="011555.html">[ImageJ-builds] mail-watcher-plugin: Computer Windows marked offline
</A></li>
         <LI> <B>Messages sorted by:</B> 
              <a href="date.html#11552">[ date ]</a>
              <a href="thread.html#11552">[ thread ]</a>
              <a href="subject.html#11552">[ subject ]</a>
              <a href="author.html#11552">[ author ]</a>
         </LI>
       </UL>

<hr>
<a href="http://imagej.net/mailman/listinfo/imagej-builds">More information about the ImageJ-builds
mailing list</a><br>
</body></html>
