<!DOCTYPE HTML PUBLIC "-//W3C//DTD HTML 4.01 Transitional//EN">
<HTML>
 <HEAD>
   <TITLE> [ImageJ-builds] Build failed in Jenkins: ImageJ1-unit-tests #35
   </TITLE>
   <LINK REL="Index" HREF="index.html" >
   <LINK REL="made" HREF="mailto:imagej-builds%40imagej.net?Subject=Re%3A%20%5BImageJ-builds%5D%20Build%20failed%20in%20Jenkins%3A%20ImageJ1-unit-tests%20%2335&In-Reply-To=%3C369285536.66.1340128330722.JavaMail.jenkins%40dev%3E">
   <META NAME="robots" CONTENT="index,nofollow">
   <style type="text/css">
       pre {
           white-space: pre-wrap;       /* css-2.1, curent FF, Opera, Safari */
           }
   </style>
   <META http-equiv="Content-Type" content="text/html; charset=us-ascii">
   <LINK REL="Previous"  HREF="000068.html">
   <LINK REL="Next"  HREF="000074.html">
 </HEAD>
 <BODY BGCOLOR="#ffffff">
   <H1>[ImageJ-builds] Build failed in Jenkins: ImageJ1-unit-tests #35</H1>
    <B>jenkins at imagej.net</B> 
    <A HREF="mailto:imagej-builds%40imagej.net?Subject=Re%3A%20%5BImageJ-builds%5D%20Build%20failed%20in%20Jenkins%3A%20ImageJ1-unit-tests%20%2335&In-Reply-To=%3C369285536.66.1340128330722.JavaMail.jenkins%40dev%3E"
       TITLE="[ImageJ-builds] Build failed in Jenkins: ImageJ1-unit-tests #35">jenkins at imagej.net
       </A><BR>
    <I>Tue Jun 19 12:52:10 CDT 2012</I>
    <P><UL>
        <LI>Previous message: <A HREF="000068.html">[ImageJ-builds] Build failed in Jenkins: ImageJ1-unit-tests #34
</A></li>
        <LI>Next message: <A HREF="000074.html">[ImageJ-builds] Build failed in Jenkins: ImageJ1-unit-tests #36
</A></li>
         <LI> <B>Messages sorted by:</B> 
              <a href="date.html#73">[ date ]</a>
              <a href="thread.html#73">[ thread ]</a>
              <a href="subject.html#73">[ subject ]</a>
              <a href="author.html#73">[ author ]</a>
         </LI>
       </UL>
    <HR>  
<!--beginarticle-->
<PRE>See &lt;<A HREF="http://jenkins.imagej.net/job/ImageJ1-unit-tests/35/changes">http://jenkins.imagej.net/job/ImageJ1-unit-tests/35/changes</A>&gt;

Changes:

[Wayne Rasband] Update unit tests for ImageJ v1.46q

------------------------------------------
Started by upstream project &quot;Synchronize-and-deploy-IJ1&quot; build number 1428
Building on master
Checkout:workspace / &lt;<A HREF="http://jenkins.imagej.net/job/ImageJ1-unit-tests/ws/">http://jenkins.imagej.net/job/ImageJ1-unit-tests/ws/</A>&gt; - <A HREF="http://imagej.net/mailman/listinfo/imagej-builds">hudson.remoting.LocalChannel at 1717113a</A>
Using strategy: Default
Last Built Revision: Revision f6e60b59908a0856e6e4a20f520294db6c5bc528 (origin/master)
Checkout:workspace / &lt;<A HREF="http://jenkins.imagej.net/job/ImageJ1-unit-tests/ws/">http://jenkins.imagej.net/job/ImageJ1-unit-tests/ws/</A>&gt; - <A HREF="http://imagej.net/mailman/listinfo/imagej-builds">hudson.remoting.LocalChannel at 1717113a</A>
GitAPI created
Fetching changes from the remote Git repository
Fetching upstream changes from <A HREF="git://github.com/imagej/ij1-tests">git://github.com/imagej/ij1-tests</A>
[workspace] $ git fetch -t <A HREF="git://github.com/imagej/ij1-tests">git://github.com/imagej/ij1-tests</A> +refs/heads/*:refs/remotes/origin/*
&gt;<i>From <A HREF="git://github.com/imagej/ij1-tests">git://github.com/imagej/ij1-tests</A>
</I>   f6e60b5..47826b5  master     -&gt; origin/master
[workspace] $ git ls-tree HEAD
Seen branch in repository origin/master
Commencing build of Revision 47826b5d07125fa427e4abc1113fe5af74aa5bca (origin/master)
GitAPI created
Checking out Revision 47826b5d07125fa427e4abc1113fe5af74aa5bca (origin/master)
[workspace] $ git checkout -f 47826b5d07125fa427e4abc1113fe5af74aa5bca
[workspace] $ git tag -a -f -m &quot;Hudson Build #35&quot; hudson-ImageJ1-unit-tests-35
Recording changes in branch origin/master
[workspace] $ git whatchanged --no-abbrev -M --pretty=raw f6e60b59908a0856e6e4a20f520294db6c5bc528..47826b5d07125fa427e4abc1113fe5af74aa5bca
[workspace] $ mvn clean test
[INFO] Scanning for projects...
[INFO] ------------------------------------------------------------------------
[INFO] Building ImageJ1 unit tests
[INFO]    task-segment: [clean, test]
[INFO] ------------------------------------------------------------------------
[INFO] [clean:clean {execution: default-clean}]
[INFO] Deleting /data/devel/jenkins/jobs/ImageJ1-unit-tests/workspace/target
[debug] execute contextualize
[INFO] [resources:resources {execution: default-resources}]
[INFO] Using 'UTF-8' encoding to copy filtered resources.
[INFO] skip non existing resourceDirectory /data/devel/jenkins/jobs/ImageJ1-unit-tests/workspace/src/main/resources
[INFO] snapshot loci:bio-formats:4.4-SNAPSHOT: checking for updates from imagej.releases
[INFO] snapshot loci:bio-formats:4.4-SNAPSHOT: checking for updates from imagej.snapshots
[INFO] snapshot loci:bio-formats:4.4-SNAPSHOT: checking for updates from loci.releases
[INFO] snapshot loci:bio-formats:4.4-SNAPSHOT: checking for updates from loci.snapshots
[INFO] snapshot loci:bio-formats:4.4-SNAPSHOT: checking for updates from imagej.thirdparty
[INFO] snapshot loci:bio-formats:4.4-SNAPSHOT: checking for updates from java.net
[INFO] snapshot loci:mdbtools-java:4.4-SNAPSHOT: checking for updates from imagej.releases
[INFO] snapshot loci:mdbtools-java:4.4-SNAPSHOT: checking for updates from imagej.snapshots
[INFO] snapshot loci:mdbtools-java:4.4-SNAPSHOT: checking for updates from loci.releases
[INFO] snapshot loci:mdbtools-java:4.4-SNAPSHOT: checking for updates from loci.snapshots
[INFO] snapshot loci:mdbtools-java:4.4-SNAPSHOT: checking for updates from imagej.thirdparty
[INFO] snapshot loci:mdbtools-java:4.4-SNAPSHOT: checking for updates from java.net
[INFO] snapshot loci:metakit:4.4-SNAPSHOT: checking for updates from imagej.releases
[INFO] snapshot loci:metakit:4.4-SNAPSHOT: checking for updates from imagej.snapshots
[INFO] snapshot loci:metakit:4.4-SNAPSHOT: checking for updates from loci.releases
[INFO] snapshot loci:metakit:4.4-SNAPSHOT: checking for updates from loci.snapshots
[INFO] snapshot loci:metakit:4.4-SNAPSHOT: checking for updates from imagej.thirdparty
[INFO] snapshot loci:metakit:4.4-SNAPSHOT: checking for updates from java.net
[INFO] snapshot loci:poi-loci:4.4-SNAPSHOT: checking for updates from imagej.releases
[INFO] snapshot loci:poi-loci:4.4-SNAPSHOT: checking for updates from imagej.snapshots
[INFO] snapshot loci:poi-loci:4.4-SNAPSHOT: checking for updates from loci.releases
[INFO] snapshot loci:poi-loci:4.4-SNAPSHOT: checking for updates from loci.snapshots
[INFO] snapshot loci:poi-loci:4.4-SNAPSHOT: checking for updates from imagej.thirdparty
[INFO] snapshot loci:poi-loci:4.4-SNAPSHOT: checking for updates from java.net
[INFO] [compiler:compile {execution: default-compile}]
[INFO] No sources to compile
[debug] execute contextualize
[INFO] [resources:testResources {execution: default-testResources}]
[INFO] Using 'UTF-8' encoding to copy filtered resources.
[INFO] Copying 28 resources
[INFO] [compiler:testCompile {execution: default-testCompile}]
[INFO] Compiling 85 source files to /data/devel/jenkins/jobs/ImageJ1-unit-tests/workspace/target/test-classes
[INFO] [surefire:test {execution: default-test}]
[INFO] Surefire report directory: /data/devel/jenkins/jobs/ImageJ1-unit-tests/workspace/target/surefire-reports

-------------------------------------------------------
 T E S T S
-------------------------------------------------------
Running ij.IJEventListenerTest
Tests run: 2, Failures: 0, Errors: 0, Skipped: 0, Time elapsed: 0.029 sec
Running ij.process.FloatProcessorTest
Tests run: 81, Failures: 0, Errors: 0, Skipped: 0, Time elapsed: 1.158 sec
Running ij.process.LUTTest
Tests run: 7, Failures: 0, Errors: 0, Skipped: 0, Time elapsed: 0.005 sec
Running ij.process.ByteProcessorTest
Tests run: 71, Failures: 0, Errors: 0, Skipped: 0, Time elapsed: 0.614 sec
Running ij.process.ShortProcessorTest
Tests run: 86, Failures: 0, Errors: 0, Skipped: 0, Time elapsed: 6.988 sec
Running ij.process.ColorProcessorTest
Tests run: 86, Failures: 0, Errors: 0, Skipped: 0, Time elapsed: 1.279 sec
Running ij.process.ImageProcessorTest
Tests run: 184, Failures: 0, Errors: 0, Skipped: 0, Time elapsed: 1.387 sec
Running ij.process.BinaryProcessorTest
Tests run: 5, Failures: 0, Errors: 0, Skipped: 0, Time elapsed: 0.131 sec
Running ij.io.DirectoryChooserTest
Tests run: 3, Failures: 0, Errors: 0, Skipped: 0, Time elapsed: 0 sec
Running ij.io.RandomAccessStreamTest
Tests run: 16, Failures: 0, Errors: 0, Skipped: 0, Time elapsed: 0.006 sec
Running ij.io.FileOpenerTest
Tests run: 8, Failures: 0, Errors: 0, Skipped: 0, Time elapsed: 0.526 sec
Running ij.io.BitBufferTest
Tests run: 2, Failures: 0, Errors: 0, Skipped: 0, Time elapsed: 0 sec
Running ij.io.ImageWriterTest
Tests run: 1, Failures: 0, Errors: 0, Skipped: 0, Time elapsed: 0.026 sec
Running ij.io.FileInfoTest
Tests run: 6, Failures: 0, Errors: 0, Skipped: 0, Time elapsed: 0.003 sec
Running ij.io.ImageReaderTest
java.net.MalformedURLException: no protocol: ashdjjfj
java.net.UnknownHostException: fred.joe.john.edu
java.io.FileNotFoundException: <A HREF="http://www.google.com/ooglywooglygugglychoogly.tiff">http://www.google.com/ooglywooglygugglychoogly.tiff</A>
Tests run: 16, Failures: 0, Errors: 0, Skipped: 0, Time elapsed: 1.443 sec
Running ij.CommandListenerTest
Tests run: 1, Failures: 0, Errors: 0, Skipped: 0, Time elapsed: 0 sec
Running ij.ImagePlusTest
The Cut and Copy commands require
an area selection, or no selection.
The Cut and Copy commands require
an area selection, or no selection.
Tests run: 125, Failures: 0, Errors: 0, Skipped: 0, Time elapsed: 0.09 sec
Running ij.VirtualStackTest
Tests run: 22, Failures: 0, Errors: 0, Skipped: 0, Time elapsed: 0.029 sec
Running ij.macro.SymbolTest
Tests run: 4, Failures: 0, Errors: 0, Skipped: 0, Time elapsed: 0.001 sec
Running ij.macro.ReturnExceptionTest
Tests run: 1, Failures: 0, Errors: 0, Skipped: 0, Time elapsed: 0 sec
Running ij.ImageListenerTest
Tests run: 1, Failures: 0, Errors: 0, Skipped: 0, Time elapsed: 0 sec
Running ij.CompositeImageTest
Tests run: 29, Failures: 0, Errors: 0, Skipped: 0, Time elapsed: 0.043 sec
Running ij.util.ToolsTest
Tests run: 13, Failures: 0, Errors: 0, Skipped: 0, Time elapsed: 0.002 sec
Running ij.util.StringSorterTest
Tests run: 1, Failures: 0, Errors: 0, Skipped: 0, Time elapsed: 0 sec
Running ij.UndoTest
Tests run: 1, Failures: 0, Errors: 0, Skipped: 0, Time elapsed: 0.001 sec
Running ij.ExecuterTest
Tests run: 6, Failures: 0, Errors: 0, Skipped: 0, Time elapsed: 1.003 sec
Running ij.LookUpTableTest
Tests run: 8, Failures: 0, Errors: 0, Skipped: 0, Time elapsed: 0.012 sec
Running ij.ImageStackTest
Tests run: 27, Failures: 0, Errors: 0, Skipped: 0, Time elapsed: 1.125 sec
Running ij.measure.MeasurementsTest
Tests run: 1, Failures: 0, Errors: 0, Skipped: 0, Time elapsed: 0.001 sec
Running ij.measure.CalibrationTest
Tests run: 35, Failures: 0, Errors: 0, Skipped: 0, Time elapsed: 0.053 sec
Running ij.measure.ResultsTableTest
Tests run: 37, Failures: 1, Errors: 0, Skipped: 0, Time elapsed: 0.664 sec &lt;&lt;&lt; FAILURE!
Running ij.measure.CurveFitterTest
Tests run: 24, Failures: 0, Errors: 0, Skipped: 0, Time elapsed: 0.325 sec
Running ij.measure.SplineFitterTest
Tests run: 2, Failures: 0, Errors: 0, Skipped: 0, Time elapsed: 0 sec
Running ij.gui.ArrowTest
Tests run: 13, Failures: 0, Errors: 0, Skipped: 0, Time elapsed: 0.003 sec
Running ij.gui.ProgressBarTest
Tests run: 8, Failures: 0, Errors: 0, Skipped: 0, Time elapsed: 0.002 sec
Running ij.gui.OverlayTest
Tests run: 12, Failures: 0, Errors: 0, Skipped: 0, Time elapsed: 0.003 sec
Running ij.gui.LineTest
Tests run: 16, Failures: 0, Errors: 0, Skipped: 0, Time elapsed: 0.009 sec
Running ij.gui.TrimmedButtonTest
Tests run: 1, Failures: 0, Errors: 0, Skipped: 0, Time elapsed: 0.001 sec
Running ij.gui.RoiTest
Tests run: 52, Failures: 0, Errors: 0, Skipped: 0, Time elapsed: 0.019 sec
Running ij.gui.WandTest
Tests run: 8, Failures: 0, Errors: 0, Skipped: 0, Time elapsed: 0.002 sec
Running ij.gui.ToolbarTest
Tests run: 1, Failures: 0, Errors: 0, Skipped: 0, Time elapsed: 0 sec
Running ij.gui.TextRoiTest
Tests run: 14, Failures: 0, Errors: 0, Skipped: 0, Time elapsed: 0.015 sec
Running ij.gui.PolygonRoiTest
Tests run: 24, Failures: 0, Errors: 0, Skipped: 0, Time elapsed: 0.014 sec
Running ij.gui.ImageRoiTest
Tests run: 5, Failures: 0, Errors: 0, Skipped: 0, Time elapsed: 0.001 sec
Running ij.gui.ProfilePlotTest
Tests run: 6, Failures: 0, Errors: 0, Skipped: 0, Time elapsed: 0.001 sec
Running ij.gui.FreehandRoiTest
Tests run: 1, Failures: 0, Errors: 0, Skipped: 0, Time elapsed: 0 sec
Running ij.gui.ShapeRoiTest
Tests run: 22, Failures: 0, Errors: 0, Skipped: 0, Time elapsed: 0.128 sec
Running ij.gui.OvalRoiTest
Tests run: 9, Failures: 0, Errors: 0, Skipped: 0, Time elapsed: 0.002 sec
Running ij.gui.PlotTest
Tests run: 20, Failures: 0, Errors: 0, Skipped: 0, Time elapsed: 0.709 sec
Running ij.gui.PointRoiTest
Tests run: 10, Failures: 0, Errors: 0, Skipped: 0, Time elapsed: 0.019 sec

Results :

Failed tests:   testSetValueIntIntDouble(ij.measure.ResultsTableTest)

Tests run: 1134, Failures: 1, Errors: 0, Skipped: 0

[INFO] ------------------------------------------------------------------------
[ERROR] BUILD FAILURE
[INFO] ------------------------------------------------------------------------
[INFO] There are test failures.

Please refer to /data/devel/jenkins/jobs/ImageJ1-unit-tests/workspace/target/surefire-reports for the individual test results.
[INFO] ------------------------------------------------------------------------
[INFO] For more information, run Maven with the -e switch
[INFO] ------------------------------------------------------------------------
[INFO] Total time: 26 seconds
[INFO] Finished at: Tue Jun 19 12:52:10 CDT 2012
[INFO] Final Memory: 25M/455M
[INFO] ------------------------------------------------------------------------
Build step 'Invoke top-level Maven targets' marked build as failure

</PRE>


<!--endarticle-->
    <HR>
    <P><UL>
        <!--threads-->
	<LI>Previous message: <A HREF="000068.html">[ImageJ-builds] Build failed in Jenkins: ImageJ1-unit-tests #34
</A></li>
	<LI>Next message: <A HREF="000074.html">[ImageJ-builds] Build failed in Jenkins: ImageJ1-unit-tests #36
</A></li>
         <LI> <B>Messages sorted by:</B> 
              <a href="date.html#73">[ date ]</a>
              <a href="thread.html#73">[ thread ]</a>
              <a href="subject.html#73">[ subject ]</a>
              <a href="author.html#73">[ author ]</a>
         </LI>
       </UL>

<hr>
<a href="http://imagej.net/mailman/listinfo/imagej-builds">More information about the ImageJ-builds
mailing list</a><br>
</body></html>
