<!DOCTYPE HTML PUBLIC "-//W3C//DTD HTML 4.01 Transitional//EN">
<HTML>
 <HEAD>
   <TITLE> [ImageJ-builds] Build failed in Jenkins: ImageJ #3259
   </TITLE>
   <LINK REL="Index" HREF="index.html" >
   <LINK REL="made" HREF="mailto:imagej-builds%40imagej.net?Subject=Re%3A%20%5BImageJ-builds%5D%20Build%20failed%20in%20Jenkins%3A%20ImageJ%20%233259&In-Reply-To=%3C1108464432.49.1339534005776.JavaMail.jenkins%40dev%3E">
   <META NAME="robots" CONTENT="index,nofollow">
   <style type="text/css">
       pre {
           white-space: pre-wrap;       /* css-2.1, curent FF, Opera, Safari */
           }
   </style>
   <META http-equiv="Content-Type" content="text/html; charset=us-ascii">
   <LINK REL="Previous"  HREF="000032.html">
   <LINK REL="Next"  HREF="000034.html">
 </HEAD>
 <BODY BGCOLOR="#ffffff">
   <H1>[ImageJ-builds] Build failed in Jenkins: ImageJ #3259</H1>
    <B>jenkins at imagej.net</B> 
    <A HREF="mailto:imagej-builds%40imagej.net?Subject=Re%3A%20%5BImageJ-builds%5D%20Build%20failed%20in%20Jenkins%3A%20ImageJ%20%233259&In-Reply-To=%3C1108464432.49.1339534005776.JavaMail.jenkins%40dev%3E"
       TITLE="[ImageJ-builds] Build failed in Jenkins: ImageJ #3259">jenkins at imagej.net
       </A><BR>
    <I>Tue Jun 12 15:46:45 CDT 2012</I>
    <P><UL>
        <LI>Previous message: <A HREF="000032.html">[ImageJ-builds] Build failed in Jenkins: ImageJ #3258
</A></li>
        <LI>Next message: <A HREF="000034.html">[ImageJ-builds] Jenkins build is back to normal : ImageJ #3260
</A></li>
         <LI> <B>Messages sorted by:</B> 
              <a href="date.html#33">[ date ]</a>
              <a href="thread.html#33">[ thread ]</a>
              <a href="subject.html#33">[ subject ]</a>
              <a href="author.html#33">[ author ]</a>
         </LI>
       </UL>
    <HR>  
<!--beginarticle-->
<PRE>See &lt;<A HREF="http://jenkins.imagej.net/job/ImageJ/3259/changes">http://jenkins.imagej.net/job/ImageJ/3259/changes</A>&gt;

Changes:

[Curtis Rueden] Move ui/app to toplevel folder

[Curtis Rueden] Move ui/platform-* to toplevel folder

[Curtis Rueden] Flatten AWT and Swing UI project structure

------------------------------------------
[...truncated 10520 lines...]
[INFO] Retrieving previous metadata from imagej.snapshots
[INFO] Uploading repository metadata for: 'artifact net.imagej:ij-platform-windows'
Jun 12, 2012 3:46:39 PM org.apache.commons.httpclient.auth.AuthChallengeProcessor selectAuthScheme
INFO: basic authentication scheme selected
[INFO] Retrieving previous metadata from imagej.snapshots
[INFO] Uploading repository metadata for: 'snapshot net.imagej:ij-platform-windows:2.0.0-SNAPSHOT'
Jun 12, 2012 3:46:39 PM org.apache.commons.httpclient.auth.AuthChallengeProcessor selectAuthScheme
INFO: basic authentication scheme selected
[INFO] Uploading project information for ij-platform-windows 2.0.0-20120612.204511-352
Jun 12, 2012 3:46:39 PM org.apache.commons.httpclient.auth.AuthChallengeProcessor selectAuthScheme
INFO: basic authentication scheme selected
[INFO] ------------------------------------------------------------------------
[INFO] Building ImageJ Utility Classes: Swing
[INFO]    task-segment: [clean, deploy]
[INFO] ------------------------------------------------------------------------
[INFO] [clean:clean {execution: default-clean}]
[INFO] [buildnumber:create {execution: default}]
[debug] execute contextualize
[INFO] [resources:resources {execution: default-resources}]
[INFO] Using 'UTF-8' encoding to copy filtered resources.
[INFO] skip non existing resourceDirectory /data/devel/jenkins/jobs/ImageJ/workspace/ui/swing/util/src/main/resources
[INFO] [compiler:compile {execution: default-compile}]
[INFO] Compiling 3 source files to /data/devel/jenkins/jobs/ImageJ/workspace/ui/swing/util/target/classes
[debug] execute contextualize
[INFO] [resources:testResources {execution: default-testResources}]
[INFO] Using 'UTF-8' encoding to copy filtered resources.
[INFO] skip non existing resourceDirectory /data/devel/jenkins/jobs/ImageJ/workspace/ui/swing/util/src/test/resources
[INFO] [compiler:testCompile {execution: default-testCompile}]
[INFO] Compiling 1 source file to /data/devel/jenkins/jobs/ImageJ/workspace/ui/swing/util/target/test-classes
[INFO] [surefire:test {execution: default-test}]
[INFO] Surefire report directory: /data/devel/jenkins/jobs/ImageJ/workspace/ui/swing/util/target/surefire-reports

-------------------------------------------------------
 T E S T S
-------------------------------------------------------

Results :

Tests run: 0, Failures: 0, Errors: 0, Skipped: 0

[INFO] [jar:jar {execution: default-jar}]
[INFO] Building jar: /data/devel/jenkins/jobs/ImageJ/workspace/ui/swing/util/target/ij-util-swing-2.0.0-SNAPSHOT.jar
[INFO] [install:install {execution: default-install}]
[INFO] Installing /data/devel/jenkins/jobs/ImageJ/workspace/ui/swing/util/target/ij-util-swing-2.0.0-SNAPSHOT.jar to /var/lib/jenkins/.m2/repository/net/imagej/ij-util-swing/2.0.0-SNAPSHOT/ij-util-swing-2.0.0-SNAPSHOT.jar
[INFO] [deploy:deploy {execution: default-deploy}]
[INFO] Retrieving previous build number from imagej.snapshots
[INFO] repository metadata for: 'snapshot net.imagej:ij-util-swing:2.0.0-SNAPSHOT' could not be found on repository: imagej.snapshots, so will be created
Uploading: <A HREF="http://maven.imagej.net/content/repositories/snapshots/net/imagej/ij-util-swing/2.0.0-SNAPSHOT/ij-util-swing-2.0.0-20120612.204511-1.jar">http://maven.imagej.net/content/repositories/snapshots/net/imagej/ij-util-swing/2.0.0-SNAPSHOT/ij-util-swing-2.0.0-20120612.204511-1.jar</A>
Jun 12, 2012 3:46:40 PM org.apache.commons.httpclient.auth.AuthChallengeProcessor selectAuthScheme
INFO: basic authentication scheme selected
4/9K
8/9K
9/9K
9K uploaded  (ij-util-swing-2.0.0-20120612.204511-1.jar)
[INFO] Retrieving previous metadata from imagej.snapshots
[INFO] repository metadata for: 'artifact net.imagej:ij-util-swing' could not be found on repository: imagej.snapshots, so will be created
[INFO] Uploading repository metadata for: 'artifact net.imagej:ij-util-swing'
Jun 12, 2012 3:46:41 PM org.apache.commons.httpclient.auth.AuthChallengeProcessor selectAuthScheme
INFO: basic authentication scheme selected
[INFO] Uploading project information for ij-util-swing 2.0.0-20120612.204511-1
Jun 12, 2012 3:46:41 PM org.apache.commons.httpclient.auth.AuthChallengeProcessor selectAuthScheme
INFO: basic authentication scheme selected
[INFO] Retrieving previous metadata from imagej.snapshots
[INFO] repository metadata for: 'snapshot net.imagej:ij-util-swing:2.0.0-SNAPSHOT' could not be found on repository: imagej.snapshots, so will be created
[INFO] Uploading repository metadata for: 'snapshot net.imagej:ij-util-swing:2.0.0-SNAPSHOT'
Jun 12, 2012 3:46:41 PM org.apache.commons.httpclient.auth.AuthChallengeProcessor selectAuthScheme
INFO: basic authentication scheme selected
[INFO] 
[INFO] 
[INFO] ------------------------------------------------------------------------
[INFO] Reactor Summary:
[INFO] ------------------------------------------------------------------------
[INFO] ImageJ Projects ....................................... SUCCESS [2.878s]
[INFO] ImageJ POM: Core ...................................... SUCCESS [0.430s]
[INFO] ImageJ Core Classes ................................... SUCCESS [3.600s]
[INFO] ImageJ Extensibility Framework ........................ SUCCESS [3.511s]
[INFO] ImageJ Data Model ..................................... SUCCESS [12.062s]
[INFO] ImageJ Core: Options .................................. SUCCESS [1.644s]
[INFO] ImageJ Platform Framework ............................. SUCCESS [1.509s]
[INFO] ImageJ Updater ........................................ SUCCESS [0.603s]
[INFO] ImageJ Updater Core ................................... SUCCESS [5.416s]
[INFO] ImageJ User Interface Framework ....................... SUCCESS [1.794s]
[INFO] ImageJ Core: I/O ...................................... SUCCESS [6.480s]
[INFO] ImageJ POM: User Interface ............................ SUCCESS [0.469s]
[INFO] ImageJ POM: AWT and Swing UIs ......................... SUCCESS [0.708s]
[INFO] ImageJ Utility Classes: AWT ........................... SUCCESS [1.344s]
[INFO] ImageJ Legacy Bridge .................................. SUCCESS [4.325s]
[INFO] ImageJ POM: Platform .................................. SUCCESS [0.317s]
[INFO] ImageJ Platform: Mac OS X ............................. SUCCESS [1.572s]
[INFO] ImageJ POM: Core Plugins .............................. SUCCESS [0.499s]
[INFO] ImageJ Core Plugins: Application ...................... SUCCESS [2.129s]
[INFO] ImageJ Core Plugins: Data ............................. SUCCESS [2.700s]
[INFO] ImageJ Core Plugins: Debug ............................ SUCCESS [2.012s]
[INFO] ImageJ Core Plugins: Display .......................... SUCCESS [1.956s]
[INFO] ImageJ Core Plugins: Miscellaneous .................... SUCCESS [1.230s]
[INFO] ImageJ Core Tools ..................................... SUCCESS [3.092s]
[INFO] ImageJ Updater support for uploading via SSH/SFTP ..... SUCCESS [1.978s]
[INFO] ImageJ POM: Swing UI .................................. SUCCESS [0.486s]
[INFO] ImageJ Extensibility Framework: Swing ................. SUCCESS [2.219s]
[INFO] ImageJ UI: Common AWT Classes ......................... SUCCESS [1.915s]
[INFO] ImageJ UI: Swing (base classes) ....................... SUCCESS [2.659s]
[INFO] ImageJ UI: Swing Plugins .............................. SUCCESS [2.145s]
[INFO] ImageJ UI: Swing (SDI) ................................ SUCCESS [1.742s]
[INFO] ImageJ UI: Swing Tools ................................ SUCCESS [2.357s]
[INFO] ImageJ Updater (Swing) ................................ SUCCESS [2.699s]
[INFO] ImageJ Application .................................... SUCCESS [9.166s]
[INFO] ImageJ Platform: Windows .............................. SUCCESS [1.391s]
[INFO] ImageJ Utility Classes: Swing ......................... SUCCESS [1.615s]
[INFO] ------------------------------------------------------------------------
[INFO] ------------------------------------------------------------------------
[INFO] BUILD SUCCESSFUL
[INFO] ------------------------------------------------------------------------
[INFO] Total time: 1 minute 36 seconds
[INFO] Finished at: Tue Jun 12 15:46:41 CDT 2012
[INFO] Final Memory: 132M/2053M
[INFO] ------------------------------------------------------------------------
[workspace] $ /bin/sh -xe /tmp/hudson2757298535123023298.sh
+ bash bin/gen-jar-with-deps.sh
[INFO] Scanning for projects...
[INFO] Searching repository for plugin with prefix: 'dependency'.
[INFO] ------------------------------------------------------------------------
[INFO] Building Maven Default Project
[INFO]    task-segment: [package, dependency:copy-dependencies]
[INFO] ------------------------------------------------------------------------
Downloading: <A HREF="http://repo1.maven.org/maven2/org/apache/maven/plugins/maven-surefire-plugin/2.10/maven-surefire-plugin-2.10.pom">http://repo1.maven.org/maven2/org/apache/maven/plugins/maven-surefire-plugin/2.10/maven-surefire-plugin-2.10.pom</A>
832/?
2381/?
6477/?
7083/?
10153/?
10782/?
       
Downloading: <A HREF="http://repo1.maven.org/maven2/org/apache/maven/surefire/surefire/2.10/surefire-2.10.pom">http://repo1.maven.org/maven2/org/apache/maven/surefire/surefire/2.10/surefire-2.10.pom</A>
847/?
2430/?
6028/?
9917/?
11923/?
       
Downloading: <A HREF="http://repo1.maven.org/maven2/org/apache/maven/plugins/maven-surefire-plugin/2.10/maven-surefire-plugin-2.10.jar">http://repo1.maven.org/maven2/org/apache/maven/plugins/maven-surefire-plugin/2.10/maven-surefire-plugin-2.10.jar</A>
784/?
1344/?
1858/?
2369/?
2881/?
3393/?
3904/?
4153/?
4664/?
5176/?
5688/?
6199/?
6711/?
7223/?
7737/?
8250/?
8762/?
9332/?
9684/?
10195/?
10705/?
11217/?
11729/?
12239/?
12750/?
13271/?
13790/?
14315/?
14850/?
15362/?
15873/?
16385/?
16897/?
17342/?
17853/?
17869/?
18380/?
18919/?
19262/?
19774/?
20285/?
20796/?
21307/?
21818/?
22329/?
22840/?
23352/?
23863/?
24374/?
24912/?
25444/?
26144/?
26656/?
27165/?
27677/?
28189/?
29769/?
30093/?
       
[INFO] ------------------------------------------------------------------------
[ERROR] BUILD ERROR
[INFO] ------------------------------------------------------------------------
[INFO] Cannot execute mojo: resources. It requires a project with an existing pom.xml, but the build is not using one.
[INFO] ------------------------------------------------------------------------
[INFO] For more information, run Maven with the -e switch
[INFO] ------------------------------------------------------------------------
[INFO] Total time: 2 seconds
[INFO] Finished at: Tue Jun 12 15:46:45 CDT 2012
[INFO] Final Memory: 8M/360M
[INFO] ------------------------------------------------------------------------
Build step 'Execute shell' marked build as failure
Archiving artifacts
Performance: No threshold configured for making the test unstable
Performance: No threshold configured for making the test failure
Performance: Recording JUnit reports '**/TEST-*.xml'
Performance: Parsing JUnit report file TEST-imagej.object.ObjectIndexTest.xml
Performance: Parsing JUnit report file TEST-imagej.util.ColorRGBTest.xml
Performance: Parsing JUnit report file TEST-imagej.util.FileUtilsTest.xml
Performance: Parsing JUnit report file TEST-imagej.util.UnitUtilsTest.xml
Performance: Parsing JUnit report file TEST-imagej.data.DatasetTest.xml
Performance: Parsing JUnit report file TEST-imagej.data.ExtentsTest.xml
Performance: Parsing JUnit report file TEST-imagej.data.PositionTest.xml
Performance: Parsing JUnit report file TEST-imagej.data.TestCursorSpeeds.xml
Performance: Parsing JUnit report file TEST-imagej.data.overlay.TestBinaryMaskOverlay.xml
Performance: Parsing JUnit report file TEST-imagej.ext.display.DisplayTest.xml
Performance: Parsing JUnit report file TEST-imagej.ext.menu.ShadowMenuTest.xml
Performance: Parsing JUnit report file TEST-imagej.legacy.LegacyImageMapTest.xml
Performance: Parsing JUnit report file TEST-imagej.legacy.OverlayHarmonizerTest.xml
Performance: Parsing JUnit report file TEST-imagej.legacy.translate.LegacyUtilsTest.xml
Performance: Parsing JUnit report file TEST-imagej.updater.core.UpdaterTest.xml
Performance: Parsing JUnit report file TEST-imagej.updater.UpdaterGUITest.xml
Performance: Parsing JUnit report file TEST-imagej.updater.UpdaterGUITest.xml
Performance: File TEST-imagej.object.ObjectIndexTest.xml reported 0.0% of errors [SUCCESS]. Build status is: FAILURE
Performance: File TEST-imagej.util.ColorRGBTest.xml reported 0.0% of errors [SUCCESS]. Build status is: FAILURE
Performance: File TEST-imagej.util.FileUtilsTest.xml reported 0.0% of errors [SUCCESS]. Build status is: FAILURE
Performance: File TEST-imagej.util.UnitUtilsTest.xml reported 0.0% of errors [SUCCESS]. Build status is: FAILURE
Performance: File TEST-imagej.data.DatasetTest.xml reported 0.0% of errors [SUCCESS]. Build status is: FAILURE
Performance: File TEST-imagej.data.ExtentsTest.xml reported 0.0% of errors [SUCCESS]. Build status is: FAILURE
Performance: File TEST-imagej.data.PositionTest.xml reported 0.0% of errors [SUCCESS]. Build status is: FAILURE
Performance: File TEST-imagej.data.TestCursorSpeeds.xml reported 0.0% of errors [SUCCESS]. Build status is: FAILURE
Performance: File TEST-imagej.data.overlay.TestBinaryMaskOverlay.xml reported 0.0% of errors [SUCCESS]. Build status is: FAILURE
Performance: File TEST-imagej.ext.display.DisplayTest.xml reported 0.0% of errors [SUCCESS]. Build status is: FAILURE
Performance: File TEST-imagej.ext.menu.ShadowMenuTest.xml reported 0.0% of errors [SUCCESS]. Build status is: FAILURE
Performance: File TEST-imagej.legacy.LegacyImageMapTest.xml reported 0.0% of errors [SUCCESS]. Build status is: FAILURE
Performance: File TEST-imagej.legacy.OverlayHarmonizerTest.xml reported 0.0% of errors [SUCCESS]. Build status is: FAILURE
Performance: File TEST-imagej.legacy.translate.LegacyUtilsTest.xml reported 0.0% of errors [SUCCESS]. Build status is: FAILURE
Performance: File TEST-imagej.updater.core.UpdaterTest.xml reported 0.0% of errors [SUCCESS]. Build status is: FAILURE
Performance: File TEST-imagej.updater.UpdaterGUITest.xml reported 0.0% of errors [SUCCESS]. Build status is: FAILURE
Performance: File TEST-imagej.updater.UpdaterGUITest.xml reported 0.0% of errors [SUCCESS]. Build status is: FAILURE

</PRE>








<!--endarticle-->
    <HR>
    <P><UL>
        <!--threads-->
	<LI>Previous message: <A HREF="000032.html">[ImageJ-builds] Build failed in Jenkins: ImageJ #3258
</A></li>
	<LI>Next message: <A HREF="000034.html">[ImageJ-builds] Jenkins build is back to normal : ImageJ #3260
</A></li>
         <LI> <B>Messages sorted by:</B> 
              <a href="date.html#33">[ date ]</a>
              <a href="thread.html#33">[ thread ]</a>
              <a href="subject.html#33">[ subject ]</a>
              <a href="author.html#33">[ author ]</a>
         </LI>
       </UL>

<hr>
<a href="http://imagej.net/mailman/listinfo/imagej-builds">More information about the ImageJ-builds
mailing list</a><br>
</body></html>
