<!DOCTYPE HTML PUBLIC "-//W3C//DTD HTML 4.01 Transitional//EN">
<HTML>
 <HEAD>
   <TITLE> [ImageJ-builds] Build failed in Jenkins: ImageJ #3347
   </TITLE>
   <LINK REL="Index" HREF="index.html" >
   <LINK REL="made" HREF="mailto:imagej-builds%40imagej.net?Subject=Re%3A%20%5BImageJ-builds%5D%20Build%20failed%20in%20Jenkins%3A%20ImageJ%20%233347&In-Reply-To=%3C2094467586.74.1340815945489.JavaMail.jenkins%40dev%3E">
   <META NAME="robots" CONTENT="index,nofollow">
   <style type="text/css">
       pre {
           white-space: pre-wrap;       /* css-2.1, curent FF, Opera, Safari */
           }
   </style>
   <META http-equiv="Content-Type" content="text/html; charset=us-ascii">
   <LINK REL="Previous"  HREF="000088.html">
   <LINK REL="Next"  HREF="000090.html">
 </HEAD>
 <BODY BGCOLOR="#ffffff">
   <H1>[ImageJ-builds] Build failed in Jenkins: ImageJ #3347</H1>
    <B>jenkins at imagej.net</B> 
    <A HREF="mailto:imagej-builds%40imagej.net?Subject=Re%3A%20%5BImageJ-builds%5D%20Build%20failed%20in%20Jenkins%3A%20ImageJ%20%233347&In-Reply-To=%3C2094467586.74.1340815945489.JavaMail.jenkins%40dev%3E"
       TITLE="[ImageJ-builds] Build failed in Jenkins: ImageJ #3347">jenkins at imagej.net
       </A><BR>
    <I>Wed Jun 27 11:52:25 CDT 2012</I>
    <P><UL>
        <LI>Previous message: <A HREF="000088.html">[ImageJ-builds] Build failed in Jenkins: ImageJ #3346
</A></li>
        <LI>Next message: <A HREF="000090.html">[ImageJ-builds] Jenkins build is back to normal : ImageJ #3348
</A></li>
         <LI> <B>Messages sorted by:</B> 
              <a href="date.html#89">[ date ]</a>
              <a href="thread.html#89">[ thread ]</a>
              <a href="subject.html#89">[ subject ]</a>
              <a href="author.html#89">[ author ]</a>
         </LI>
       </UL>
    <HR>  
<!--beginarticle-->
<PRE>See &lt;<A HREF="http://jenkins.imagej.net/job/ImageJ/3347/changes">http://jenkins.imagej.net/job/ImageJ/3347/changes</A>&gt;

Changes:

[Curtis Rueden] Remove obsolete MenuEvent handler

[Curtis Rueden] Refactor management of display viewers

[Curtis Rueden] Push capture() method up into ImageDisplayViewer

------------------------------------------
[...truncated 2145 lines...]

Results :

Tests run: 0, Failures: 0, Errors: 0, Skipped: 0

[INFO] [jar:jar {execution: default-jar}]
[INFO] Building jar: /data/devel/jenkins/jobs/ImageJ/workspace/core/plugins/app/target/ij-plugins-app-2.0.0-SNAPSHOT.jar
[INFO] [install:install {execution: default-install}]
[INFO] Installing /data/devel/jenkins/jobs/ImageJ/workspace/core/plugins/app/target/ij-plugins-app-2.0.0-SNAPSHOT.jar to /var/lib/jenkins/.m2/repository/net/imagej/ij-plugins-app/2.0.0-SNAPSHOT/ij-plugins-app-2.0.0-SNAPSHOT.jar
[INFO] [deploy:deploy {execution: default-deploy}]
[INFO] Retrieving previous build number from imagej.snapshots
Uploading: <A HREF="http://maven.imagej.net/content/repositories/snapshots/net/imagej/ij-plugins-app/2.0.0-SNAPSHOT/ij-plugins-app-2.0.0-20120627.165138-460.jar">http://maven.imagej.net/content/repositories/snapshots/net/imagej/ij-plugins-app/2.0.0-SNAPSHOT/ij-plugins-app-2.0.0-20120627.165138-460.jar</A>
Jun 27, 2012 11:52:18 AM org.apache.commons.httpclient.auth.AuthChallengeProcessor selectAuthScheme
INFO: basic authentication scheme selected
4/20K
8/20K
12/20K
16/20K
20/20K
20/20K
20K uploaded  (ij-plugins-app-2.0.0-20120627.165138-460.jar)
[INFO] Retrieving previous metadata from imagej.snapshots
[INFO] Uploading repository metadata for: 'snapshot net.imagej:ij-plugins-app:2.0.0-SNAPSHOT'
Jun 27, 2012 11:52:18 AM org.apache.commons.httpclient.auth.AuthChallengeProcessor selectAuthScheme
INFO: basic authentication scheme selected
[INFO] Uploading project information for ij-plugins-app 2.0.0-20120627.165138-460
Jun 27, 2012 11:52:18 AM org.apache.commons.httpclient.auth.AuthChallengeProcessor selectAuthScheme
INFO: basic authentication scheme selected
[INFO] Retrieving previous metadata from imagej.snapshots
[INFO] Uploading repository metadata for: 'artifact net.imagej:ij-plugins-app'
Jun 27, 2012 11:52:19 AM org.apache.commons.httpclient.auth.AuthChallengeProcessor selectAuthScheme
INFO: basic authentication scheme selected
[INFO] ------------------------------------------------------------------------
[INFO] Building ImageJ Core Plugins: Data
[INFO]    task-segment: [clean, deploy]
[INFO] ------------------------------------------------------------------------
[INFO] [clean:clean {execution: default-clean}]
[INFO] Deleting /data/devel/jenkins/jobs/ImageJ/workspace/core/plugins/data/target
[INFO] [buildnumber:create {execution: default}]
[debug] execute contextualize
[INFO] [resources:resources {execution: default-resources}]
[INFO] Using 'UTF-8' encoding to copy filtered resources.
[INFO] Copying 3 resources
[INFO] [compiler:compile {execution: default-compile}]
[INFO] Compiling 84 source files to /data/devel/jenkins/jobs/ImageJ/workspace/core/plugins/data/target/classes
[debug] execute contextualize
[INFO] [resources:testResources {execution: default-testResources}]
[INFO] Using 'UTF-8' encoding to copy filtered resources.
[INFO] skip non existing resourceDirectory /data/devel/jenkins/jobs/ImageJ/workspace/core/plugins/data/src/test/resources
[INFO] [compiler:testCompile {execution: default-testCompile}]
[INFO] No sources to compile
[INFO] [surefire:test {execution: default-test}]
[INFO] No tests to run.
[INFO] Surefire report directory: /data/devel/jenkins/jobs/ImageJ/workspace/core/plugins/data/target/surefire-reports

-------------------------------------------------------
 T E S T S
-------------------------------------------------------

Results :

Tests run: 0, Failures: 0, Errors: 0, Skipped: 0

[INFO] [jar:jar {execution: default-jar}]
[INFO] Building jar: /data/devel/jenkins/jobs/ImageJ/workspace/core/plugins/data/target/ij-plugins-data-2.0.0-SNAPSHOT.jar
[INFO] [install:install {execution: default-install}]
[INFO] Installing /data/devel/jenkins/jobs/ImageJ/workspace/core/plugins/data/target/ij-plugins-data-2.0.0-SNAPSHOT.jar to /var/lib/jenkins/.m2/repository/net/imagej/ij-plugins-data/2.0.0-SNAPSHOT/ij-plugins-data-2.0.0-SNAPSHOT.jar
[INFO] [deploy:deploy {execution: default-deploy}]
[INFO] Retrieving previous build number from imagej.snapshots
Uploading: <A HREF="http://maven.imagej.net/content/repositories/snapshots/net/imagej/ij-plugins-data/2.0.0-SNAPSHOT/ij-plugins-data-2.0.0-20120627.165138-456.jar">http://maven.imagej.net/content/repositories/snapshots/net/imagej/ij-plugins-data/2.0.0-SNAPSHOT/ij-plugins-data-2.0.0-20120627.165138-456.jar</A>
Jun 27, 2012 11:52:21 AM org.apache.commons.httpclient.auth.AuthChallengeProcessor selectAuthScheme
INFO: basic authentication scheme selected
4/144K
8/144K
12/144K
16/144K
20/144K
24/144K
28/144K
32/144K
36/144K
40/144K
44/144K
48/144K
52/144K
56/144K
60/144K
64/144K
68/144K
72/144K
76/144K
80/144K
84/144K
88/144K
92/144K
96/144K
100/144K
104/144K
108/144K
112/144K
116/144K
120/144K
124/144K
128/144K
132/144K
136/144K
140/144K
144/144K
144/144K
144K uploaded  (ij-plugins-data-2.0.0-20120627.165138-456.jar)
[INFO] Retrieving previous metadata from imagej.snapshots
[INFO] Uploading repository metadata for: 'snapshot net.imagej:ij-plugins-data:2.0.0-SNAPSHOT'
Jun 27, 2012 11:52:21 AM org.apache.commons.httpclient.auth.AuthChallengeProcessor selectAuthScheme
INFO: basic authentication scheme selected
[INFO] Uploading project information for ij-plugins-data 2.0.0-20120627.165138-456
Jun 27, 2012 11:52:22 AM org.apache.commons.httpclient.auth.AuthChallengeProcessor selectAuthScheme
INFO: basic authentication scheme selected
[INFO] Retrieving previous metadata from imagej.snapshots
[INFO] Uploading repository metadata for: 'artifact net.imagej:ij-plugins-data'
Jun 27, 2012 11:52:22 AM org.apache.commons.httpclient.auth.AuthChallengeProcessor selectAuthScheme
INFO: basic authentication scheme selected
[INFO] ------------------------------------------------------------------------
[INFO] Building ImageJ Core Plugins: Debug
[INFO]    task-segment: [clean, deploy]
[INFO] ------------------------------------------------------------------------
[INFO] [clean:clean {execution: default-clean}]
[INFO] Deleting /data/devel/jenkins/jobs/ImageJ/workspace/core/plugins/debug/target
[INFO] [buildnumber:create {execution: default}]
[debug] execute contextualize
[INFO] [resources:resources {execution: default-resources}]
[INFO] Using 'UTF-8' encoding to copy filtered resources.
[INFO] Copying 1 resource
[INFO] [compiler:compile {execution: default-compile}]
[INFO] Compiling 9 source files to /data/devel/jenkins/jobs/ImageJ/workspace/core/plugins/debug/target/classes
[debug] execute contextualize
[INFO] [resources:testResources {execution: default-testResources}]
[INFO] Using 'UTF-8' encoding to copy filtered resources.
[INFO] skip non existing resourceDirectory /data/devel/jenkins/jobs/ImageJ/workspace/core/plugins/debug/src/test/resources
[INFO] [compiler:testCompile {execution: default-testCompile}]
[INFO] No sources to compile
[INFO] [surefire:test {execution: default-test}]
[INFO] No tests to run.
[INFO] Surefire report directory: /data/devel/jenkins/jobs/ImageJ/workspace/core/plugins/debug/target/surefire-reports

-------------------------------------------------------
 T E S T S
-------------------------------------------------------

Results :

Tests run: 0, Failures: 0, Errors: 0, Skipped: 0

[INFO] [jar:jar {execution: default-jar}]
[INFO] Building jar: /data/devel/jenkins/jobs/ImageJ/workspace/core/plugins/debug/target/ij-plugins-debug-2.0.0-SNAPSHOT.jar
[INFO] [install:install {execution: default-install}]
[INFO] Installing /data/devel/jenkins/jobs/ImageJ/workspace/core/plugins/debug/target/ij-plugins-debug-2.0.0-SNAPSHOT.jar to /var/lib/jenkins/.m2/repository/net/imagej/ij-plugins-debug/2.0.0-SNAPSHOT/ij-plugins-debug-2.0.0-SNAPSHOT.jar
[INFO] [deploy:deploy {execution: default-deploy}]
[INFO] Retrieving previous build number from imagej.snapshots
Uploading: <A HREF="http://maven.imagej.net/content/repositories/snapshots/net/imagej/ij-plugins-debug/2.0.0-SNAPSHOT/ij-plugins-debug-2.0.0-20120627.165138-456.jar">http://maven.imagej.net/content/repositories/snapshots/net/imagej/ij-plugins-debug/2.0.0-SNAPSHOT/ij-plugins-debug-2.0.0-20120627.165138-456.jar</A>
Jun 27, 2012 11:52:23 AM org.apache.commons.httpclient.auth.AuthChallengeProcessor selectAuthScheme
INFO: basic authentication scheme selected
4/17K
8/17K
12/17K
16/17K
17/17K
17K uploaded  (ij-plugins-debug-2.0.0-20120627.165138-456.jar)
[INFO] Retrieving previous metadata from imagej.snapshots
[INFO] Uploading repository metadata for: 'artifact net.imagej:ij-plugins-debug'
Jun 27, 2012 11:52:23 AM org.apache.commons.httpclient.auth.AuthChallengeProcessor selectAuthScheme
INFO: basic authentication scheme selected
[INFO] Retrieving previous metadata from imagej.snapshots
[INFO] Uploading repository metadata for: 'snapshot net.imagej:ij-plugins-debug:2.0.0-SNAPSHOT'
Jun 27, 2012 11:52:23 AM org.apache.commons.httpclient.auth.AuthChallengeProcessor selectAuthScheme
INFO: basic authentication scheme selected
[INFO] Uploading project information for ij-plugins-debug 2.0.0-20120627.165138-456
Jun 27, 2012 11:52:23 AM org.apache.commons.httpclient.auth.AuthChallengeProcessor selectAuthScheme
INFO: basic authentication scheme selected
[INFO] ------------------------------------------------------------------------
[INFO] Building ImageJ Core Plugins: Display
[INFO]    task-segment: [clean, deploy]
[INFO] ------------------------------------------------------------------------
[INFO] [clean:clean {execution: default-clean}]
[INFO] Deleting /data/devel/jenkins/jobs/ImageJ/workspace/core/plugins/display/target
[INFO] [buildnumber:create {execution: default}]
[debug] execute contextualize
[INFO] [resources:resources {execution: default-resources}]
[INFO] Using 'UTF-8' encoding to copy filtered resources.
[INFO] Copying 3 resources
[INFO] [compiler:compile {execution: default-compile}]
[INFO] Compiling 25 source files to /data/devel/jenkins/jobs/ImageJ/workspace/core/plugins/display/target/classes
[INFO] -------------------------------------------------------------
[ERROR] COMPILATION ERROR : 
[INFO] -------------------------------------------------------------
[ERROR] /data/devel/jenkins/jobs/ImageJ/workspace/core/plugins/display/src/main/java/imagej/core/plugins/axispos/KeyboardModifiersService.java:[53,0] annotated classes must have a public no-argument constructor
[INFO] 1 error
[INFO] -------------------------------------------------------------
[INFO] ------------------------------------------------------------------------
[ERROR] BUILD FAILURE
[INFO] ------------------------------------------------------------------------
[INFO] Compilation failure
/data/devel/jenkins/jobs/ImageJ/workspace/core/plugins/display/src/main/java/imagej/core/plugins/axispos/KeyboardModifiersService.java:[53,0] annotated classes must have a public no-argument constructor

[INFO] ------------------------------------------------------------------------
[INFO] For more information, run Maven with the -e switch
[INFO] ------------------------------------------------------------------------
[INFO] Total time: 52 seconds
[INFO] Finished at: Wed Jun 27 11:52:24 CDT 2012
[INFO] Final Memory: 122M/920M
[INFO] ------------------------------------------------------------------------
Build step 'Invoke top-level Maven targets' marked build as failure
Archiving artifacts
Performance: No threshold configured for making the test unstable
Performance: No threshold configured for making the test failure
Performance: Recording JUnit reports '**/TEST-*.xml'
Performance: Parsing JUnit report file TEST-imagej.ext.display.DisplayTest.xml
Performance: Parsing JUnit report file TEST-imagej.ext.menu.ShadowMenuTest.xml
Performance: Parsing JUnit report file TEST-imagej.object.ObjectIndexTest.xml
Performance: Parsing JUnit report file TEST-imagej.util.CheckSezpozTest.xml
Performance: Parsing JUnit report file TEST-imagej.util.ColorRGBTest.xml
Performance: Parsing JUnit report file TEST-imagej.util.FileUtilsTest.xml
Performance: Parsing JUnit report file TEST-imagej.util.PrefsTest.xml
Performance: Parsing JUnit report file TEST-imagej.util.UnitUtilsTest.xml
Performance: Parsing JUnit report file TEST-imagej.data.ExtentsTest.xml
Performance: Parsing JUnit report file TEST-imagej.ext.display.DisplayTest.xml
Performance: Parsing JUnit report file TEST-imagej.ext.menu.ShadowMenuTest.xml
Performance: Parsing JUnit report file TEST-imagej.legacy.LegacyImageMapTest.xml
Performance: Parsing JUnit report file TEST-imagej.legacy.OverlayHarmonizerTest.xml
Performance: Parsing JUnit report file TEST-imagej.legacy.translate.LegacyUtilsTest.xml
Performance: Parsing JUnit report file TEST-imagej.updater.core.UpdaterTest.xml
Performance: Parsing JUnit report file TEST-imagej.updater.UpdaterGUITest.xml
Performance: Parsing JUnit report file TEST-imagej.updater.UpdaterGUITest.xml
Performance: File TEST-imagej.ext.display.DisplayTest.xml reported 0.0% of errors [SUCCESS]. Build status is: FAILURE
Performance: File TEST-imagej.ext.menu.ShadowMenuTest.xml reported 0.0% of errors [SUCCESS]. Build status is: FAILURE
Performance: File TEST-imagej.object.ObjectIndexTest.xml reported 0.0% of errors [SUCCESS]. Build status is: FAILURE
Performance: File TEST-imagej.util.CheckSezpozTest.xml reported 0.0% of errors [SUCCESS]. Build status is: FAILURE
Performance: File TEST-imagej.util.ColorRGBTest.xml reported 0.0% of errors [SUCCESS]. Build status is: FAILURE
Performance: File TEST-imagej.util.FileUtilsTest.xml reported 0.0% of errors [SUCCESS]. Build status is: FAILURE
Performance: File TEST-imagej.util.PrefsTest.xml reported 0.0% of errors [SUCCESS]. Build status is: FAILURE
Performance: File TEST-imagej.util.UnitUtilsTest.xml reported 0.0% of errors [SUCCESS]. Build status is: FAILURE
Performance: File TEST-imagej.data.ExtentsTest.xml reported 0.0% of errors [SUCCESS]. Build status is: FAILURE
Performance: File TEST-imagej.ext.display.DisplayTest.xml reported 0.0% of errors [SUCCESS]. Build status is: FAILURE
Performance: File TEST-imagej.ext.menu.ShadowMenuTest.xml reported 0.0% of errors [SUCCESS]. Build status is: FAILURE
Performance: File TEST-imagej.legacy.LegacyImageMapTest.xml reported 0.0% of errors [SUCCESS]. Build status is: FAILURE
Performance: File TEST-imagej.legacy.OverlayHarmonizerTest.xml reported 0.0% of errors [SUCCESS]. Build status is: FAILURE
Performance: File TEST-imagej.legacy.translate.LegacyUtilsTest.xml reported 0.0% of errors [SUCCESS]. Build status is: FAILURE
Performance: File TEST-imagej.updater.core.UpdaterTest.xml reported 0.0% of errors [SUCCESS]. Build status is: FAILURE
Performance: File TEST-imagej.updater.UpdaterGUITest.xml reported 0.0% of errors [SUCCESS]. Build status is: FAILURE
Performance: File TEST-imagej.updater.UpdaterGUITest.xml reported 0.0% of errors [SUCCESS]. Build status is: FAILURE

</PRE>


<!--endarticle-->
    <HR>
    <P><UL>
        <!--threads-->
	<LI>Previous message: <A HREF="000088.html">[ImageJ-builds] Build failed in Jenkins: ImageJ #3346
</A></li>
	<LI>Next message: <A HREF="000090.html">[ImageJ-builds] Jenkins build is back to normal : ImageJ #3348
</A></li>
         <LI> <B>Messages sorted by:</B> 
              <a href="date.html#89">[ date ]</a>
              <a href="thread.html#89">[ thread ]</a>
              <a href="subject.html#89">[ subject ]</a>
              <a href="author.html#89">[ author ]</a>
         </LI>
       </UL>

<hr>
<a href="http://imagej.net/mailman/listinfo/imagej-builds">More information about the ImageJ-builds
mailing list</a><br>
</body></html>
