<!DOCTYPE HTML PUBLIC "-//W3C//DTD HTML 3.2//EN">
<HTML>
 <HEAD>
   <TITLE> [ImageJ-devel] Build failed in Jenkins: ImageJ-Launcher &#187; Windows #40
   </TITLE>
   <LINK REL="Index" HREF="index.html" >
   <LINK REL="made" HREF="mailto:imagej-devel%40imagej.net?Subject=Re%3A%20%5BImageJ-devel%5D%20%3D%3Futf-8%3Fq%3FBuild_failed_in_Jenkins%3D3A_ImageJ-Launch%3F%3D%0A%09%3D%3Futf-8%3Fq%3Fer_%3DC2%3DBB_Windows_%3D2340%3F%3D&In-Reply-To=%3C359018838.5.1333392590738.JavaMail.jenkins%40dev%3E">
   <META NAME="robots" CONTENT="index,nofollow">
   <META http-equiv="Content-Type" content="text/html; charset=us-ascii">
   <LINK REL="Previous"  HREF="000778.html">
   <LINK REL="Next"  HREF="000779.html">
 </HEAD>
 <BODY BGCOLOR="#ffffff">
   <H1>[ImageJ-devel] Build failed in Jenkins: ImageJ-Launcher &#187; Windows #40</H1>
    <B>jenkins at imagej.net</B> 
    <A HREF="mailto:imagej-devel%40imagej.net?Subject=Re%3A%20%5BImageJ-devel%5D%20%3D%3Futf-8%3Fq%3FBuild_failed_in_Jenkins%3D3A_ImageJ-Launch%3F%3D%0A%09%3D%3Futf-8%3Fq%3Fer_%3DC2%3DBB_Windows_%3D2340%3F%3D&In-Reply-To=%3C359018838.5.1333392590738.JavaMail.jenkins%40dev%3E"
       TITLE="[ImageJ-devel] Build failed in Jenkins: ImageJ-Launcher &#187; Windows #40">jenkins at imagej.net
       </A><BR>
    <I>Mon Apr  2 13:49:50 CDT 2012</I>
    <P><UL>
        <LI>Previous message: <A HREF="000778.html">[ImageJ-devel] Build failed in Jenkins: ImageJ-Launcher &#187; Windows #39
</A></li>
        <LI>Next message: <A HREF="000779.html">[ImageJ-devel] Build failed in Jenkins: ImageJ-Launcher &#187; master #40
</A></li>
         <LI> <B>Messages sorted by:</B> 
              <a href="date.html#780">[ date ]</a>
              <a href="thread.html#780">[ thread ]</a>
              <a href="subject.html#780">[ subject ]</a>
              <a href="author.html#780">[ author ]</a>
         </LI>
       </UL>
    <HR>  
<!--beginarticle-->
<PRE>See &lt;<A HREF="http://jenkins.imagej.net/job/ImageJ-Launcher/./label=Windows/40/">http://jenkins.imagej.net/job/ImageJ-Launcher/./label=Windows/40/</A>&gt;

------------------------------------------
Started by upstream project &quot;ImageJ-Launcher&quot; build number 40
Building remotely on Windows
Checkout:Windows / &lt;<A HREF="http://jenkins.imagej.net/job/ImageJ-Launcher/./label=Windows/ws/">http://jenkins.imagej.net/job/ImageJ-Launcher/./label=Windows/ws/</A>&gt; - <A HREF="http://imagej.net/mailman/listinfo/imagej-devel">hudson.remoting.Channel at 228186e2</A>:Windows
Using strategy: Default
Last Built Revision: Revision 818e1e15c3da0e3e38842db926fccf8c35ba410d (origin/master)
Checkout:Windows / c:\msysgit\workspace\ImageJ-Launcher\label\Windows - <A HREF="http://imagej.net/mailman/listinfo/imagej-devel">hudson.remoting.LocalChannel at 7bc9c14c</A>
GitAPI created
Fetching changes from the remote Git repository
Fetching upstream changes from <A HREF="git://github.com/imagej/imagej">git://github.com/imagej/imagej</A>
[Windows] $ git fetch -t <A HREF="git://github.com/imagej/imagej">git://github.com/imagej/imagej</A> +refs/heads/*:refs/remotes/origin/*
[Windows] $ git ls-tree HEAD
Commencing build of Revision 818e1e15c3da0e3e38842db926fccf8c35ba410d (origin/master)
GitAPI created
Checking out Revision 818e1e15c3da0e3e38842db926fccf8c35ba410d (origin/master)
[Windows] $ git checkout -f 818e1e15c3da0e3e38842db926fccf8c35ba410d
[Windows] $ git tag -a -f -m &quot;Hudson Build #40&quot; hudson-label=Windows-40
Recording changes in branch origin/master
[Windows] $ git whatchanged --no-abbrev -M --pretty=raw 818e1e15c3da0e3e38842db926fccf8c35ba410d..818e1e15c3da0e3e38842db926fccf8c35ba410d
[Windows] $ mvn.bat -f core/launcher/pom.xml -Dlabel=Windows
[INFO] Scanning for projects...
[WARNING] 
[WARNING] Some problems were encountered while building the effective model for net.imagej:ij-launcher:nar:2.0-SNAPSHOT
[WARNING] 'build.plugins.plugin.version' for org.apache.maven.plugins:maven-nar-plugin is missing. @ line 33, column 15
[WARNING] 
[WARNING] It is highly recommended to fix these problems because they threaten the stability of your build.
[WARNING] 
[WARNING] For this reason, future Maven versions might no longer support building such malformed projects.
[WARNING] 
[INFO]                                                                         
[INFO] ------------------------------------------------------------------------
[INFO] Building The ImageJ launcher 2.0-SNAPSHOT
[INFO] ------------------------------------------------------------------------
[INFO] 
[INFO] --- maven-nar-plugin:2.1-SNAPSHOT:nar-validate (default-nar-validate) @ ij-launcher ---
LOAD from sun.net.www.protocol.jar.JarURLConnection$<A HREF="http://imagej.net/mailman/listinfo/imagej-devel">JarURLInputStream at 54f5b2e4</A>
LOAD from MavenProject: net.imagej:ij-launcher:2.0-SNAPSHOT @ c:\msysgit\workspace\ImageJ-Launcher\label\Windows\core\launcher\pom.xml
java.io.FileNotFoundException: c:\msysgit\workspace\ImageJ-Launcher\label\Windows\core\launcher\aol.properties (The system cannot find the file specified)
	at java.io.FileInputStream.open(Native Method)
	at java.io.FileInputStream.&lt;init&gt;(FileInputStream.java:106)
	at java.io.FileInputStream.&lt;init&gt;(FileInputStream.java:66)
	at org.apache.maven.plugin.nar.NarProperties.&lt;init&gt;(NarProperties.java:34)
	at org.apache.maven.plugin.nar.NarProperties.getInstance(NarProperties.java:72)
	at org.apache.maven.plugin.nar.NarUtil.getLinkerName(NarUtil.java:97)
	at org.apache.maven.plugin.nar.NarUtil.getAOL(NarUtil.java:104)
	at org.apache.maven.plugin.nar.AbstractNarMojo.validate(AbstractNarMojo.java:156)
	at org.apache.maven.plugin.nar.AbstractNarMojo.execute(AbstractNarMojo.java:267)
	at org.apache.maven.plugin.DefaultBuildPluginManager.executeMojo(DefaultBuildPluginManager.java:101)
	at org.apache.maven.lifecycle.internal.MojoExecutor.execute(MojoExecutor.java:209)
	at org.apache.maven.lifecycle.internal.MojoExecutor.execute(MojoExecutor.java:153)
	at org.apache.maven.lifecycle.internal.MojoExecutor.execute(MojoExecutor.java:145)
	at org.apache.maven.lifecycle.internal.LifecycleModuleBuilder.buildProject(LifecycleModuleBuilder.java:84)
	at org.apache.maven.lifecycle.internal.LifecycleModuleBuilder.buildProject(LifecycleModuleBuilder.java:59)
	at org.apache.maven.lifecycle.internal.LifecycleStarter.singleThreadedBuild(LifecycleStarter.java:183)
	at org.apache.maven.lifecycle.internal.LifecycleStarter.execute(LifecycleStarter.java:161)
	at org.apache.maven.DefaultMaven.doExecute(DefaultMaven.java:320)
	at org.apache.maven.DefaultMaven.execute(DefaultMaven.java:156)
	at org.apache.maven.cli.MavenCli.execute(MavenCli.java:537)
	at org.apache.maven.cli.MavenCli.doMain(MavenCli.java:196)
	at org.apache.maven.cli.MavenCli.main(MavenCli.java:141)
	at sun.reflect.NativeMethodAccessorImpl.invoke0(Native Method)
	at sun.reflect.NativeMethodAccessorImpl.invoke(NativeMethodAccessorImpl.java:39)
	at sun.reflect.DelegatingMethodAccessorImpl.invoke(DelegatingMethodAccessorImpl.java:25)
	at java.lang.reflect.Method.invoke(Method.java:597)
	at org.codehaus.plexus.classworlds.launcher.Launcher.launchEnhanced(Launcher.java:290)
	at org.codehaus.plexus.classworlds.launcher.Launcher.launch(Launcher.java:230)
	at org.codehaus.plexus.classworlds.launcher.Launcher.mainWithExitCode(Launcher.java:409)
	at org.codehaus.plexus.classworlds.launcher.Launcher.main(Launcher.java:352)
[INFO] Using AOL: amd64-Windows-gcc
[INFO] 
[INFO] --- maven-nar-plugin:2.1-SNAPSHOT:nar-download (default-nar-download) @ ij-launcher ---
[INFO] 
[INFO] --- maven-nar-plugin:2.1-SNAPSHOT:nar-unpack (default-nar-unpack) @ ij-launcher ---
[INFO] 
[INFO] --- maven-nar-plugin:2.1-SNAPSHOT:nar-gnu-configure (default-nar-gnu-configure) @ ij-launcher ---
[INFO] 
[INFO] --- maven-nar-plugin:2.1-SNAPSHOT:nar-system-generate (default-nar-system-generate) @ ij-launcher ---
[INFO] 
[INFO] --- maven-resources-plugin:2.5:resources (default-resources) @ ij-launcher ---
[debug] execute contextualize
[INFO] Using 'UTF-8' encoding to copy filtered resources.
[INFO] skip non existing resourceDirectory c:\msysgit\workspace\ImageJ-Launcher\label\Windows\core\launcher\src\main\resources
[INFO] 
[INFO] --- maven-nar-plugin:2.1-SNAPSHOT:nar-resources (default-nar-resources) @ ij-launcher ---
[INFO] Copied 0 resources
[INFO] 
[INFO] --- maven-nar-plugin:2.1-SNAPSHOT:nar-gnu-resources (default-nar-gnu-resources) @ ij-launcher ---
[INFO] 
[INFO] --- maven-nar-plugin:2.1-SNAPSHOT:nar-vcproj (default-nar-vcproj) @ ij-launcher ---
[INFO] NAR: Skipping vcproj generation.  Run with -P windows-debug to enable this step.
[INFO] 
[INFO] --- maven-compiler-plugin:2.3.2:compile (default-compile) @ ij-launcher ---
[INFO] Nothing to compile - all classes are up to date
[INFO] 
[INFO] --- maven-nar-plugin:2.1-SNAPSHOT:nar-javah (default-nar-javah) @ ij-launcher ---
[INFO] 
[INFO] --- maven-nar-plugin:2.1-SNAPSHOT:nar-gnu-make (default-nar-gnu-make) @ ij-launcher ---
[INFO] 
[INFO] --- maven-nar-plugin:2.1-SNAPSHOT:nar-compile (default-nar-compile) @ ij-launcher ---
prefix: amd64.Windows.gcc.cpp.
prefix: amd64.Windows.gcc.cpp.
prefix: amd64.Windows.gcc.fortran.
prefix: amd64.Windows.gcc.fortran.
[INFO] Compiling 1 native files
java.lang.Exception: library: Library: type: executable
	at org.apache.maven.plugin.nar.NarCompileMojo.createLibrary(NarCompileMojo.java:145)
	at org.apache.maven.plugin.nar.NarCompileMojo.narExecute(NarCompileMojo.java:88)
	at org.apache.maven.plugin.nar.AbstractNarMojo.execute(AbstractNarMojo.java:268)
	at org.apache.maven.plugin.DefaultBuildPluginManager.executeMojo(DefaultBuildPluginManager.java:101)
	at org.apache.maven.lifecycle.internal.MojoExecutor.execute(MojoExecutor.java:209)
	at org.apache.maven.lifecycle.internal.MojoExecutor.execute(MojoExecutor.java:153)
	at org.apache.maven.lifecycle.internal.MojoExecutor.execute(MojoExecutor.java:145)
	at org.apache.maven.lifecycle.internal.LifecycleModuleBuilder.buildProject(LifecycleModuleBuilder.java:84)
	at org.apache.maven.lifecycle.internal.LifecycleModuleBuilder.buildProject(LifecycleModuleBuilder.java:59)
	at org.apache.maven.lifecycle.internal.LifecycleStarter.singleThreadedBuild(LifecycleStarter.java:183)
	at org.apache.maven.lifecycle.internal.LifecycleStarter.execute(LifecycleStarter.java:161)
	at org.apache.maven.DefaultMaven.doExecute(DefaultMaven.java:320)
	at org.apache.maven.DefaultMaven.execute(DefaultMaven.java:156)
	at org.apache.maven.cli.MavenCli.execute(MavenCli.java:537)
	at org.apache.maven.cli.MavenCli.doMain(MavenCli.java:196)
	at org.apache.maven.cli.MavenCli.main(MavenCli.java:141)
	at sun.reflect.NativeMethodAccessorImpl.invoke0(Native Method)
	at sun.reflect.NativeMethodAccessorImpl.invoke(NativeMethodAccessorImpl.java:39)
	at sun.reflect.DelegatingMethodAccessorImpl.invoke(DelegatingMethodAccessorImpl.java:25)
	at java.lang.reflect.Method.invoke(Method.java:597)
	at org.codehaus.plexus.classworlds.launcher.Launcher.launchEnhanced(Launcher.java:290)
	at org.codehaus.plexus.classworlds.launcher.Launcher.launch(Launcher.java:230)
	at org.codehaus.plexus.classworlds.launcher.Launcher.mainWithExitCode(Launcher.java:409)
	at org.codehaus.plexus.classworlds.launcher.Launcher.main(Launcher.java:352)
subsystem: gui
compiler: 
adding arg <A HREF="http://imagej.net/mailman/listinfo/imagej-devel">net.sf.antcontrib.cpptasks.types.CompilerArgument at aa0ebc2</A>
adding arg <A HREF="http://imagej.net/mailman/listinfo/imagej-devel">net.sf.antcontrib.cpptasks.types.CompilerArgument at 4ad61301</A>
adding arg <A HREF="http://imagej.net/mailman/listinfo/imagej-devel">net.sf.antcontrib.cpptasks.types.CompilerArgument at 2c79cd09</A>
adding arg <A HREF="http://imagej.net/mailman/listinfo/imagej-devel">net.sf.antcontrib.cpptasks.types.CompilerArgument at 708420ae</A>
adding arg <A HREF="http://imagej.net/mailman/listinfo/imagej-devel">net.sf.antcontrib.cpptasks.types.CompilerArgument at 727db937</A>
option set: null
options: null
compiler2:  -Ic:/fiji/java/win64/jdk1.6.0_24/include -Ic:/fiji/java/win64/jdk1.6.0_24/include/win32 -m64
compilerp2: 
[INFO] Linking...
[INFO] 
[INFO] --- maven-nar-plugin:2.1-SNAPSHOT:nar-gnu-process (default-nar-gnu-process) @ ij-launcher ---
[INFO] 
[INFO] --- maven-nar-plugin:2.1-SNAPSHOT:nar-testDownload (default-nar-testDownload) @ ij-launcher ---
[INFO] 
[INFO] --- maven-nar-plugin:2.1-SNAPSHOT:nar-testUnpack (default-nar-testUnpack) @ ij-launcher ---
[INFO] 
[INFO] --- maven-resources-plugin:2.5:testResources (default-testResources) @ ij-launcher ---
[debug] execute contextualize
[INFO] Using 'UTF-8' encoding to copy filtered resources.
[INFO] skip non existing resourceDirectory c:\msysgit\workspace\ImageJ-Launcher\label\Windows\core\launcher\src\test\resources
[INFO] 
[INFO] --- maven-compiler-plugin:2.3.2:testCompile (default-testCompile) @ ij-launcher ---
[INFO] No sources to compile
[INFO] 
[INFO] --- maven-nar-plugin:2.1-SNAPSHOT:nar-testCompile (default-nar-testCompile) @ ij-launcher ---
[INFO] 
[INFO] --- maven-surefire-plugin:2.9:test (default-test) @ ij-launcher ---
[INFO] Tests are skipped.
[INFO] 
[INFO] --- maven-nar-plugin:2.1-SNAPSHOT:nar-test (default-nar-test) @ ij-launcher ---
[INFO] 
[INFO] --- maven-nar-plugin:2.1-SNAPSHOT:nar-package (default-nar-package) @ ij-launcher ---
[INFO] Building zip: c:\msysgit\workspace\ImageJ-Launcher\label\Windows\core\launcher\target\ij-launcher-2.0-SNAPSHOT-amd64-Windows-gcc-executable.nar
[INFO] 
[INFO] --- maven-jar-plugin:2.3.1:jar (default-jar) @ ij-launcher ---
[INFO] Building jar: c:\msysgit\workspace\ImageJ-Launcher\label\Windows\core\launcher\target\ij-launcher-2.0-SNAPSHOT.jar
[INFO] 
[INFO] --- maven-nar-plugin:2.1-SNAPSHOT:nar-integration-test (default-nar-integration-test) @ ij-launcher ---
[INFO] No tests to run.
[INFO] 
[INFO] --- maven-install-plugin:2.3.1:install (default-install) @ ij-launcher ---
[INFO] Installing c:\msysgit\workspace\ImageJ-Launcher\label\Windows\core\launcher\target\ij-launcher-2.0-SNAPSHOT.jar to C:\Users\VirtualBox\.m2\repository\net\imagej\ij-launcher\2.0-SNAPSHOT\ij-launcher-2.0-SNAPSHOT.nar
[INFO] Installing c:\msysgit\workspace\ImageJ-Launcher\label\Windows\core\launcher\pom.xml to C:\Users\VirtualBox\.m2\repository\net\imagej\ij-launcher\2.0-SNAPSHOT\ij-launcher-2.0-SNAPSHOT.pom
[INFO] Installing c:\msysgit\workspace\ImageJ-Launcher\label\Windows\core\launcher\target\ij-launcher-2.0-SNAPSHOT-amd64-Windows-gcc-executable.nar to C:\Users\VirtualBox\.m2\repository\net\imagej\ij-launcher\2.0-SNAPSHOT\ij-launcher-2.0-SNAPSHOT-amd64-Windows-gcc-executable.nar
[INFO] ------------------------------------------------------------------------
[INFO] BUILD SUCCESS
[INFO] ------------------------------------------------------------------------
[INFO] Total time: 8.315s
[INFO] Finished at: Mon Apr 02 13:48:58 CDT 2012
[INFO] Final Memory: 8M/31M
[INFO] ------------------------------------------------------------------------
[Windows] $ sh -xe C:\Users\VIRTUA~1\AppData\Local\Temp\hudson2959864929686670285.sh
++ uname -s
+ UNAME=MINGW32_NT-6.1
C:\Users\VIRTUA~1\AppData\Local\Temp\hudson2959864929686670285.sh: line 18: syntax error near unexpected token `&amp;&amp;'
Archiving artifacts

</PRE>






<!--endarticle-->
    <HR>
    <P><UL>
        <!--threads-->
	<LI>Previous message: <A HREF="000778.html">[ImageJ-devel] Build failed in Jenkins: ImageJ-Launcher &#187; Windows #39
</A></li>
	<LI>Next message: <A HREF="000779.html">[ImageJ-devel] Build failed in Jenkins: ImageJ-Launcher &#187; master #40
</A></li>
         <LI> <B>Messages sorted by:</B> 
              <a href="date.html#780">[ date ]</a>
              <a href="thread.html#780">[ thread ]</a>
              <a href="subject.html#780">[ subject ]</a>
              <a href="author.html#780">[ author ]</a>
         </LI>
       </UL>

<hr>
<a href="http://imagej.net/mailman/listinfo/imagej-devel">More information about the ImageJ-devel
mailing list</a><br>
</body></html>
