<!DOCTYPE HTML PUBLIC "-//W3C//DTD HTML 3.2//EN">
<HTML>
 <HEAD>
   <TITLE> [ImageJ-devel] Build failed in Jenkins: ImgLib #667
   </TITLE>
   <LINK REL="Index" HREF="index.html" >
   <LINK REL="made" HREF="mailto:imagej-devel%40imagej.net?Subject=Re%3A%20%5BImageJ-devel%5D%20Build%20failed%20in%20Jenkins%3A%20ImgLib%20%23667&In-Reply-To=%3CCADN69y%3D0ZhsCWSBJ8Syf8k%3D1HSpM9eg03W5hOw13xL6%3D7NFRdw%40mail.gmail.com%3E">
   <META NAME="robots" CONTENT="index,nofollow">
   <META http-equiv="Content-Type" content="text/html; charset=us-ascii">
   <LINK REL="Previous"  HREF="000789.html">
   <LINK REL="Next"  HREF="000794.html">
 </HEAD>
 <BODY BGCOLOR="#ffffff">
   <H1>[ImageJ-devel] Build failed in Jenkins: ImgLib #667</H1>
    <B>Curtis Rueden</B> 
    <A HREF="mailto:imagej-devel%40imagej.net?Subject=Re%3A%20%5BImageJ-devel%5D%20Build%20failed%20in%20Jenkins%3A%20ImgLib%20%23667&In-Reply-To=%3CCADN69y%3D0ZhsCWSBJ8Syf8k%3D1HSpM9eg03W5hOw13xL6%3D7NFRdw%40mail.gmail.com%3E"
       TITLE="[ImageJ-devel] Build failed in Jenkins: ImgLib #667">ctrueden at wisc.edu
       </A><BR>
    <I>Tue Apr  3 15:08:57 CDT 2012</I>
    <P><UL>
        <LI>Previous message: <A HREF="000789.html">[ImageJ-devel] Build failed in Jenkins: ImgLib #667
</A></li>
        <LI>Next message: <A HREF="000794.html">[ImageJ-devel] [fiji-devel] Re: Build failed in Jenkins: ImgLib	#667
</A></li>
         <LI> <B>Messages sorted by:</B> 
              <a href="date.html#790">[ date ]</a>
              <a href="thread.html#790">[ thread ]</a>
              <a href="subject.html#790">[ subject ]</a>
              <a href="author.html#790">[ author ]</a>
         </LI>
       </UL>
    <HR>  
<!--beginarticle-->
<PRE>Hi everyone,

[INFO] Compilation failure
&gt;<i> AnisotropicDiffusion3DExample.java:[51,32] invalid inferred types for T;
</I>&gt;<i> inferred type does not conform to declared bound(s)
</I>&gt;<i> inferred: java.lang.Object
</I>&gt;<i> bound(s):
</I>&gt;<i> java.lang.Object,net.imglib2.type.numeric.RealType&lt;java.lang.Object&gt;,net.imglib2.type.NativeType&lt;java.lang.Object&gt;
</I>&gt;<i>
</I>
I have no idea how to fix this error message, though I have seen it a few
times before in ImageJ2. The problem comes up when a method has a T
parameter that cannot be resolved from the method arguments, but instead
must be passed forward some other way. In the case of ImageJ2, it comes up
a lot with the ImgOpener.openImg(String) method that has a T parameter in
the return type.

Here is an example of an ugly hack I recently did to avoid this issue:
    <A HREF="http://trac.imagej.net/changeset/5224">http://trac.imagej.net/changeset/5224</A>

But that is really bad, since I really do not want the IOService to have a
type parameter at all.

Does anyone more intimately familiar with generics know how to deal with
this situation in a better way?

Regards,
Curtis


On Tue, Apr 3, 2012 at 2:03 PM, &lt;<A HREF="http://imagej.net/mailman/listinfo/imagej-devel">jenkins at imagej.net</A>&gt; wrote:

&gt;<i> See &lt;<A HREF="http://jenkins.imagej.net/job/ImgLib/667/changes">http://jenkins.imagej.net/job/ImgLib/667/changes</A>&gt;
</I>&gt;<i>
</I>&gt;<i> Changes:
</I>&gt;<i>
</I>&gt;<i> [Jean-Yves Tinevez] Fix compilation error in Jenkis for the anisotropic
</I>&gt;<i> diffusion example
</I>&gt;<i>
</I>&gt;<i> ------------------------------------------
</I>&gt;<i> [...truncated 1867 lines...]
</I>&gt;<i> 72/161K
</I>&gt;<i> 76/161K
</I>&gt;<i> 80/161K
</I>&gt;<i> 84/161K
</I>&gt;<i> 88/161K
</I>&gt;<i> 92/161K
</I>&gt;<i> 96/161K
</I>&gt;<i> 100/161K
</I>&gt;<i> 104/161K
</I>&gt;<i> 108/161K
</I>&gt;<i> 112/161K
</I>&gt;<i> 116/161K
</I>&gt;<i> 120/161K
</I>&gt;<i> 124/161K
</I>&gt;<i> 128/161K
</I>&gt;<i> 132/161K
</I>&gt;<i> 136/161K
</I>&gt;<i> 140/161K
</I>&gt;<i> 144/161K
</I>&gt;<i> 148/161K
</I>&gt;<i> 152/161K
</I>&gt;<i> 156/161K
</I>&gt;<i> 160/161K
</I>&gt;<i> 161/161K
</I>&gt;<i> 161K uploaded  (imglib2-scripting-2.0-20120403.190159-275.jar)
</I>&gt;<i> [INFO] Retrieving previous metadata from imagej.snapshots
</I>&gt;<i> [INFO] Uploading repository metadata for: 'snapshot
</I>&gt;<i> net.imglib2:imglib2-scripting:2.0-SNAPSHOT'
</I>&gt;<i> Apr 3, 2012 2:03:27 PM
</I>&gt;<i> org.apache.commons.httpclient.auth.AuthChallengeProcessor selectAuthScheme
</I>&gt;<i> INFO: basic authentication scheme selected
</I>&gt;<i> [INFO] Retrieving previous metadata from imagej.snapshots
</I>&gt;<i> [INFO] Uploading repository metadata for: 'artifact
</I>&gt;<i> net.imglib2:imglib2-scripting'
</I>&gt;<i> Apr 3, 2012 2:03:27 PM
</I>&gt;<i> org.apache.commons.httpclient.auth.AuthChallengeProcessor selectAuthScheme
</I>&gt;<i> INFO: basic authentication scheme selected
</I>&gt;<i> [INFO] Uploading project information for imglib2-scripting
</I>&gt;<i> 2.0-20120403.190159-275
</I>&gt;<i> Apr 3, 2012 2:03:27 PM
</I>&gt;<i> org.apache.commons.httpclient.auth.AuthChallengeProcessor selectAuthScheme
</I>&gt;<i> INFO: basic authentication scheme selected
</I>&gt;<i> [INFO]
</I>&gt;<i> ------------------------------------------------------------------------
</I>&gt;<i> [INFO] Building ImgLib2 Tests
</I>&gt;<i> [INFO]    task-segment: [clean, deploy]
</I>&gt;<i> [INFO]
</I>&gt;<i> ------------------------------------------------------------------------
</I>&gt;<i> [INFO] [clean:clean {execution: default-clean}]
</I>&gt;<i> [INFO] Deleting
</I>&gt;<i> /data/devel/jenkins/jobs/ImgLib/workspace/imglib2/tests/target
</I>&gt;<i> [debug] execute contextualize
</I>&gt;<i> [INFO] [resources:resources {execution: default-resources}]
</I>&gt;<i> [INFO] Using 'UTF-8' encoding to copy filtered resources.
</I>&gt;<i> [INFO] skip non existing resourceDirectory
</I>&gt;<i> /data/devel/jenkins/jobs/ImgLib/workspace/imglib2/tests/src/main/resources
</I>&gt;<i> [INFO] [compiler:compile {execution: default-compile}]
</I>&gt;<i> [INFO] No sources to compile
</I>&gt;<i> [debug] execute contextualize
</I>&gt;<i> [INFO] [resources:testResources {execution: default-testResources}]
</I>&gt;<i> [INFO] Using 'UTF-8' encoding to copy filtered resources.
</I>&gt;<i> [INFO] skip non existing resourceDirectory
</I>&gt;<i> /data/devel/jenkins/jobs/ImgLib/workspace/imglib2/tests/src/test/resources
</I>&gt;<i> [INFO] [compiler:testCompile {execution: default-testCompile}]
</I>&gt;<i> [INFO] Compiling 23 source files to
</I>&gt;<i> /data/devel/jenkins/jobs/ImgLib/workspace/imglib2/tests/target/test-classes
</I>&gt;<i> [INFO] -------------------------------------------------------------
</I>&gt;<i> [ERROR] COMPILATION ERROR :
</I>&gt;<i> [INFO] -------------------------------------------------------------
</I>&gt;<i> [ERROR] AnisotropicDiffusion3DExample.java:[51,32] invalid inferred types
</I>&gt;<i> for T; inferred type does not conform to declared bound(s)
</I>&gt;<i> inferred: java.lang.Object
</I>&gt;<i> bound(s):
</I>&gt;<i> java.lang.Object,net.imglib2.type.numeric.RealType&lt;java.lang.Object&gt;,net.imglib2.type.NativeType&lt;java.lang.Object&gt;
</I>&gt;<i> [INFO] 1 error
</I>&gt;<i> [INFO] -------------------------------------------------------------
</I>&gt;<i> [INFO]
</I>&gt;<i> ------------------------------------------------------------------------
</I>&gt;<i> [ERROR] BUILD FAILURE
</I>&gt;<i> [INFO]
</I>&gt;<i> ------------------------------------------------------------------------
</I>&gt;<i> [INFO] Compilation failure
</I>&gt;<i> AnisotropicDiffusion3DExample.java:[51,32] invalid inferred types for T;
</I>&gt;<i> inferred type does not conform to declared bound(s)
</I>&gt;<i> inferred: java.lang.Object
</I>&gt;<i> bound(s):
</I>&gt;<i> java.lang.Object,net.imglib2.type.numeric.RealType&lt;java.lang.Object&gt;,net.imglib2.type.NativeType&lt;java.lang.Object&gt;
</I>&gt;<i>
</I>&gt;<i> [INFO]
</I>&gt;<i> ------------------------------------------------------------------------
</I>&gt;<i> [INFO] For more information, run Maven with the -e switch
</I>&gt;<i> [INFO]
</I>&gt;<i> ------------------------------------------------------------------------
</I>&gt;<i> [INFO] Total time: 1 minute 33 seconds
</I>&gt;<i> [INFO] Finished at: Tue Apr 03 14:03:28 CDT 2012
</I>&gt;<i> [INFO] Final Memory: 173M/950M
</I>&gt;<i> [INFO]
</I>&gt;<i> ------------------------------------------------------------------------
</I>&gt;<i> Archiving artifacts
</I>&gt;<i> Performance: No threshold configured for making the test unstable
</I>&gt;<i> Performance: No threshold configured for making the test failure
</I>&gt;<i> Performance: Recording JUnit reports '**/TEST-*.xml'
</I>&gt;<i> Performance: Parsing JUnit report file TEST-HistogramTest.xml
</I>&gt;<i> Performance: Parsing JUnit report file
</I>&gt;<i> TEST-tests.labeling.AllConnectedComponentsTest.xml
</I>&gt;<i> Performance: Parsing JUnit report file
</I>&gt;<i> TEST-tests.labeling.WatershedTest.xml
</I>&gt;<i> Performance: Parsing JUnit report file TEST-tests.BasicTest.xml
</I>&gt;<i> Performance: Parsing JUnit report file
</I>&gt;<i> TEST-tests.TestSortedGrayLevelIterator.xml
</I>&gt;<i> Performance: Parsing JUnit report file TEST-tests.labeling.LabelingTest.xml
</I>&gt;<i> Performance: Parsing JUnit report file TEST-SquareTest.xml
</I>&gt;<i> Performance: Parsing JUnit report file
</I>&gt;<i> TEST-imglib.ops.Rev2FunctionalIdeasTest.xml
</I>&gt;<i> Performance: Parsing JUnit report file TEST-script.imglib.test.TestPlot.xml
</I>&gt;<i> Performance: Parsing JUnit report file
</I>&gt;<i> TEST-net.imglib2.algorithm.kdtree.VolumetricSearchTest.xml
</I>&gt;<i> Performance: Parsing JUnit report file
</I>&gt;<i> TEST-tests.labeling.AllConnectedComponentsTest.xml
</I>&gt;<i> Performance: Parsing JUnit report file
</I>&gt;<i> TEST-tests.labeling.WatershedTest.xml
</I>&gt;<i> Performance: Parsing JUnit report file
</I>&gt;<i> TEST-net.imglib2.algorithm.region.BresenhamLineTest.xml
</I>&gt;<i> Performance: Parsing JUnit report file
</I>&gt;<i> TEST-net.imglib2.algorithm.region.localneighborhood.DomainCursorTest.xml
</I>&gt;<i> Performance: Parsing JUnit report file
</I>&gt;<i> TEST-net.imglib2.IterableIntervalSubsetTest.xml
</I>&gt;<i> Performance: Parsing JUnit report file TEST-net.imglib2.PointTest.xml
</I>&gt;<i> Performance: Parsing JUnit report file TEST-net.imglib2.RealPointTest.xml
</I>&gt;<i> Performance: Parsing JUnit report file
</I>&gt;<i> TEST-net.imglib2.TestAbstractRealLocalizable.xml
</I>&gt;<i> Performance: Parsing JUnit report file
</I>&gt;<i> TEST-net.imglib2.collection.RealPointSampleListTest.xml
</I>&gt;<i> Performance: Parsing JUnit report file
</I>&gt;<i> TEST-net.imglib2.img.cell.CellContainerFactoryTest.xml
</I>&gt;<i> Performance: Parsing JUnit report file
</I>&gt;<i> TEST-net.imglib2.img.cell.CellContainerTest.xml
</I>&gt;<i> Performance: Parsing JUnit report file
</I>&gt;<i> TEST-net.imglib2.img.cell.CellCursorTest.xml
</I>&gt;<i> Performance: Parsing JUnit report file
</I>&gt;<i> TEST-net.imglib2.img.cell.CellTest.xml
</I>&gt;<i> Performance: Parsing JUnit report file
</I>&gt;<i> TEST-net.imglib2.img.cell.CopyTest.xml
</I>&gt;<i> Performance: Parsing JUnit report file
</I>&gt;<i> TEST-net.imglib2.img.list.CopyTest.xml
</I>&gt;<i> Performance: Parsing JUnit report file
</I>&gt;<i> TEST-net.imglib2.img.planar.CopyTest.xml
</I>&gt;<i> Performance: Parsing JUnit report file
</I>&gt;<i> TEST-net.imglib2.img.transform.ImgTranslationAdapterTest.xml
</I>&gt;<i> Performance: Parsing JUnit report file
</I>&gt;<i> TEST-net.imglib2.nearestneighbor.KDTreeTest.xml
</I>&gt;<i> Performance: Parsing JUnit report file
</I>&gt;<i> TEST-net.imglib2.nearestneighbor.NearestNeighborSearchOnIterableRealIntervalTest.xml
</I>&gt;<i> Performance: Parsing JUnit report file
</I>&gt;<i> TEST-net.imglib2.outofbounds.OutOfBoundsMirrorDoubleBoundaryTest.xml
</I>&gt;<i> Performance: Parsing JUnit report file
</I>&gt;<i> TEST-net.imglib2.outofbounds.OutOfBoundsMirrorSingleBoundaryTest.xml
</I>&gt;<i> Performance: Parsing JUnit report file
</I>&gt;<i> TEST-net.imglib2.outofbounds.OutOfBoundsPeriodicTest.xml
</I>&gt;<i> Performance: Parsing JUnit report file
</I>&gt;<i> TEST-net.imglib2.position.transform.FloorOffsetTest.xml
</I>&gt;<i> Performance: Parsing JUnit report file
</I>&gt;<i> TEST-net.imglib2.roi.BinaryMaskRegionOfInterestTest.xml
</I>&gt;<i> Performance: Parsing JUnit report file
</I>&gt;<i> TEST-net.imglib2.roi.CompositeRegionOfInterestTest.xml
</I>&gt;<i> Performance: Parsing JUnit report file
</I>&gt;<i> TEST-net.imglib2.roi.EllipseRegionOfInterestTest.xml
</I>&gt;<i> Performance: Parsing JUnit report file
</I>&gt;<i> TEST-net.imglib2.roi.PolygonRegionOfInterestTest.xml
</I>&gt;<i> Performance: Parsing JUnit report file
</I>&gt;<i> TEST-net.imglib2.roi.RectangleRegionOfInterestTest.xml
</I>&gt;<i> Performance: Parsing JUnit report file
</I>&gt;<i> TEST-net.imglib2.sampler.special.TestConstantRandomAccessible.xml
</I>&gt;<i> Performance: Parsing JUnit report file
</I>&gt;<i> TEST-net.imglib2.sampler.special.TestConstantRealRandomAccessible.xml
</I>&gt;<i> Performance: Parsing JUnit report file
</I>&gt;<i> TEST-net.imglib2.util.ImgUtilTest.xml
</I>&gt;<i> Performance: Parsing JUnit report file
</I>&gt;<i> TEST-net.imglib2.util.KthElementTest.xml
</I>&gt;<i> Performance: Parsing JUnit report file
</I>&gt;<i> TEST-net.imglib2.util.PartitionTest.xml
</I>&gt;<i> Performance: Parsing JUnit report file
</I>&gt;<i> TEST-net.imglib2.view.RandomAccessTest.xml
</I>&gt;<i> Performance: Parsing JUnit report file
</I>&gt;<i> TEST-net.imglib2.view.RandomAccessibleIntervalCursorTest.xml
</I>&gt;<i> Performance: Parsing JUnit report file
</I>&gt;<i> TEST-net.imglib2.view.SequentializeTransformTest.xml
</I>&gt;<i> Performance: Parsing JUnit report file TEST-tests.BasicTest.xml
</I>&gt;<i> Performance: Parsing JUnit report file
</I>&gt;<i> TEST-tests.labeling.LabelingOutOfBoundsTest.xml
</I>&gt;<i> Performance: Parsing JUnit report file TEST-tests.labeling.LabelingTest.xml
</I>&gt;<i> Performance: Parsing JUnit report file
</I>&gt;<i> TEST-tests.roi.TestAbstractRegionOfInterest.xml
</I>&gt;<i> Performance: Parsing JUnit report file TEST-net.imglib2.img.ImgTest.xml
</I>&gt;<i> Performance: Parsing JUnit report file
</I>&gt;<i> TEST-net.imglib2.io.img.virtual.VirtualImgTest.xml
</I>&gt;<i> Performance: Parsing JUnit report file
</I>&gt;<i> TEST-net.imglib2.ops.example.Example10Test.xml
</I>&gt;<i> Performance: Parsing JUnit report file
</I>&gt;<i> TEST-net.imglib2.ops.example.Example11Test.xml
</I>&gt;<i> Performance: Parsing JUnit report file
</I>&gt;<i> TEST-net.imglib2.ops.example.Example12Test.xml
</I>&gt;<i> Performance: Parsing JUnit report file
</I>&gt;<i> TEST-net.imglib2.ops.example.Example1Test.xml
</I>&gt;<i> Performance: Parsing JUnit report file
</I>&gt;<i> TEST-net.imglib2.ops.example.Example2Test.xml
</I>&gt;<i> Performance: Parsing JUnit report file
</I>&gt;<i> TEST-net.imglib2.ops.example.Example3Test.xml
</I>&gt;<i> Performance: Parsing JUnit report file
</I>&gt;<i> TEST-net.imglib2.ops.example.Example4Test.xml
</I>&gt;<i> Performance: Parsing JUnit report file
</I>&gt;<i> TEST-net.imglib2.ops.example.Example5Test.xml
</I>&gt;<i> Performance: Parsing JUnit report file
</I>&gt;<i> TEST-net.imglib2.ops.example.Example6Test.xml
</I>&gt;<i> Performance: Parsing JUnit report file
</I>&gt;<i> TEST-net.imglib2.ops.example.Example7Test.xml
</I>&gt;<i> Performance: Parsing JUnit report file
</I>&gt;<i> TEST-net.imglib2.ops.example.Example8Test.xml
</I>&gt;<i> Performance: Parsing JUnit report file
</I>&gt;<i> TEST-net.imglib2.ops.example.Example9Test.xml
</I>&gt;<i> Performance: Parsing JUnit report file
</I>&gt;<i> TEST-net.imglib2.ops.operation.binary.bool.BinaryAndNotTest.xml
</I>&gt;<i> Performance: Parsing JUnit report file
</I>&gt;<i> TEST-net.imglib2.ops.operation.binary.bool.BinaryXorTest.xml
</I>&gt;<i> Performance: Parsing JUnit report file
</I>&gt;<i> TEST-net.imglib2.ops.operation.binary.complex.ComplexAddTest.xml
</I>&gt;<i> Performance: Parsing JUnit report file
</I>&gt;<i> TEST-net.imglib2.ops.operation.binary.complex.ComplexAvgTest.xml
</I>&gt;<i> Performance: Parsing JUnit report file
</I>&gt;<i> TEST-net.imglib2.ops.operation.binary.complex.ComplexCopyLeftTest.xml
</I>&gt;<i> Performance: Parsing JUnit report file
</I>&gt;<i> TEST-net.imglib2.ops.operation.binary.complex.ComplexCopyRightTest.xml
</I>&gt;<i> Performance: Parsing JUnit report file
</I>&gt;<i> TEST-net.imglib2.ops.operation.binary.complex.ComplexDifferenceTest.xml
</I>&gt;<i> Performance: Parsing JUnit report file
</I>&gt;<i> TEST-net.imglib2.ops.operation.binary.complex.ComplexDivideTest.xml
</I>&gt;<i> Performance: Parsing JUnit report file
</I>&gt;<i> TEST-net.imglib2.ops.operation.binary.complex.ComplexMultiplyTest.xml
</I>&gt;<i> Performance: Parsing JUnit report file
</I>&gt;<i> TEST-net.imglib2.ops.operation.binary.complex.ComplexPowerTest.xml
</I>&gt;<i> Performance: Parsing JUnit report file
</I>&gt;<i> TEST-net.imglib2.ops.operation.binary.complex.ComplexSubtractTest.xml
</I>&gt;<i> Performance: Parsing JUnit report file
</I>&gt;<i> TEST-net.imglib2.ops.operation.unary.complex.ComplexExpTest.xml
</I>&gt;<i> Performance: Parsing JUnit report file
</I>&gt;<i> TEST-net.imglib2.ops.operation.unary.complex.ComplexIntegerPowerTest.xml
</I>&gt;<i> Performance: Parsing JUnit report file
</I>&gt;<i> TEST-net.imglib2.ops.operation.unary.complex.ComplexLogTest.xml
</I>&gt;<i> Performance: Parsing JUnit report file
</I>&gt;<i> TEST-net.imglib2.ops.operation.unary.complex.ComplexReciprocalTest.xml
</I>&gt;<i> Performance: Parsing JUnit report file
</I>&gt;<i> TEST-script.imglib.test.TestExtend.xml
</I>&gt;<i> Performance: Parsing JUnit report file
</I>&gt;<i> TEST-script.imglib.test.TestIntegralImage.xml
</I>&gt;<i> Performance: Parsing JUnit report file
</I>&gt;<i> TEST-script.imglib.test.TestIntegralImagePerformance.xml
</I>&gt;<i> Performance: Parsing JUnit report file
</I>&gt;<i> TEST-script.imglib.test.TestReduce.xml
</I>&gt;<i> Performance: Parsing JUnit report file
</I>&gt;<i> TEST-script.imglib.test.TestTransformations.xml
</I>&gt;<i> Performance: File TEST-HistogramTest.xml reported 0.0% of errors
</I>&gt;<i> [SUCCESS]. Build status is: FAILURE
</I>&gt;<i> Performance: File TEST-tests.labeling.AllConnectedComponentsTest.xml
</I>&gt;<i> reported 0.0% of errors [SUCCESS]. Build status is: FAILURE
</I>&gt;<i> Performance: File TEST-tests.labeling.WatershedTest.xml reported 0.0% of
</I>&gt;<i> errors [SUCCESS]. Build status is: FAILURE
</I>&gt;<i> Performance: File TEST-tests.BasicTest.xml reported 0.0% of errors
</I>&gt;<i> [SUCCESS]. Build status is: FAILURE
</I>&gt;<i> Performance: File TEST-tests.TestSortedGrayLevelIterator.xml reported 0.0%
</I>&gt;<i> of errors [SUCCESS]. Build status is: FAILURE
</I>&gt;<i> Performance: File TEST-tests.labeling.LabelingTest.xml reported 0.0% of
</I>&gt;<i> errors [SUCCESS]. Build status is: FAILURE
</I>&gt;<i> Performance: File TEST-SquareTest.xml reported 0.0% of errors [SUCCESS].
</I>&gt;<i> Build status is: FAILURE
</I>&gt;<i> Performance: File TEST-imglib.ops.Rev2FunctionalIdeasTest.xml reported
</I>&gt;<i> 0.0% of errors [SUCCESS]. Build status is: FAILURE
</I>&gt;<i> Performance: File TEST-script.imglib.test.TestPlot.xml reported 0.0% of
</I>&gt;<i> errors [SUCCESS]. Build status is: FAILURE
</I>&gt;<i> Performance: File
</I>&gt;<i> TEST-net.imglib2.algorithm.kdtree.VolumetricSearchTest.xml reported 0.0% of
</I>&gt;<i> errors [SUCCESS]. Build status is: FAILURE
</I>&gt;<i> Performance: File TEST-tests.labeling.AllConnectedComponentsTest.xml
</I>&gt;<i> reported 0.0% of errors [SUCCESS]. Build status is: FAILURE
</I>&gt;<i> Performance: File TEST-tests.labeling.WatershedTest.xml reported 0.0% of
</I>&gt;<i> errors [SUCCESS]. Build status is: FAILURE
</I>&gt;<i> Performance: File TEST-net.imglib2.algorithm.region.BresenhamLineTest.xml
</I>&gt;<i> reported 0.0% of errors [SUCCESS]. Build status is: FAILURE
</I>&gt;<i> Performance: File
</I>&gt;<i> TEST-net.imglib2.algorithm.region.localneighborhood.DomainCursorTest.xml
</I>&gt;<i> reported 0.0% of errors [SUCCESS]. Build status is: FAILURE
</I>&gt;<i> Performance: File TEST-net.imglib2.IterableIntervalSubsetTest.xml reported
</I>&gt;<i> 0.0% of errors [SUCCESS]. Build status is: FAILURE
</I>&gt;<i> Performance: File TEST-net.imglib2.PointTest.xml reported 0.0% of errors
</I>&gt;<i> [SUCCESS]. Build status is: FAILURE
</I>&gt;<i> Performance: File TEST-net.imglib2.RealPointTest.xml reported 0.0% of
</I>&gt;<i> errors [SUCCESS]. Build status is: FAILURE
</I>&gt;<i> Performance: File TEST-net.imglib2.TestAbstractRealLocalizable.xml
</I>&gt;<i> reported 0.0% of errors [SUCCESS]. Build status is: FAILURE
</I>&gt;<i> Performance: File TEST-net.imglib2.collection.RealPointSampleListTest.xml
</I>&gt;<i> reported 0.0% of errors [SUCCESS]. Build status is: FAILURE
</I>&gt;<i> Performance: File TEST-net.imglib2.img.cell.CellContainerFactoryTest.xml
</I>&gt;<i> reported 0.0% of errors [SUCCESS]. Build status is: FAILURE
</I>&gt;<i> Performance: File TEST-net.imglib2.img.cell.CellContainerTest.xml reported
</I>&gt;<i> 0.0% of errors [SUCCESS]. Build status is: FAILURE
</I>&gt;<i> Performance: File TEST-net.imglib2.img.cell.CellCursorTest.xml reported
</I>&gt;<i> 0.0% of errors [SUCCESS]. Build status is: FAILURE
</I>&gt;<i> Performance: File TEST-net.imglib2.img.cell.CellTest.xml reported 0.0% of
</I>&gt;<i> errors [SUCCESS]. Build status is: FAILURE
</I>&gt;<i> Performance: File TEST-net.imglib2.img.cell.CopyTest.xml reported 0.0% of
</I>&gt;<i> errors [SUCCESS]. Build status is: FAILURE
</I>&gt;<i> Performance: File TEST-net.imglib2.img.list.CopyTest.xml reported 0.0% of
</I>&gt;<i> errors [SUCCESS]. Build status is: FAILURE
</I>&gt;<i> Performance: File TEST-net.imglib2.img.planar.CopyTest.xml reported 0.0%
</I>&gt;<i> of errors [SUCCESS]. Build status is: FAILURE
</I>&gt;<i> Performance: File
</I>&gt;<i> TEST-net.imglib2.img.transform.ImgTranslationAdapterTest.xml reported 0.0%
</I>&gt;<i> of errors [SUCCESS]. Build status is: FAILURE
</I>&gt;<i> Performance: File TEST-net.imglib2.nearestneighbor.KDTreeTest.xml reported
</I>&gt;<i> 0.0% of errors [SUCCESS]. Build status is: FAILURE
</I>&gt;<i> Performance: File
</I>&gt;<i> TEST-net.imglib2.nearestneighbor.NearestNeighborSearchOnIterableRealIntervalTest.xml
</I>&gt;<i> reported 0.0% of errors [SUCCESS]. Build status is: FAILURE
</I>&gt;<i> Performance: File
</I>&gt;<i> TEST-net.imglib2.outofbounds.OutOfBoundsMirrorDoubleBoundaryTest.xml
</I>&gt;<i> reported 0.0% of errors [SUCCESS]. Build status is: FAILURE
</I>&gt;<i> Performance: File
</I>&gt;<i> TEST-net.imglib2.outofbounds.OutOfBoundsMirrorSingleBoundaryTest.xml
</I>&gt;<i> reported 0.0% of errors [SUCCESS]. Build status is: FAILURE
</I>&gt;<i> Performance: File TEST-net.imglib2.outofbounds.OutOfBoundsPeriodicTest.xml
</I>&gt;<i> reported 0.0% of errors [SUCCESS]. Build status is: FAILURE
</I>&gt;<i> Performance: File TEST-net.imglib2.position.transform.FloorOffsetTest.xml
</I>&gt;<i> reported 0.0% of errors [SUCCESS]. Build status is: FAILURE
</I>&gt;<i> Performance: File TEST-net.imglib2.roi.BinaryMaskRegionOfInterestTest.xml
</I>&gt;<i> reported 0.0% of errors [SUCCESS]. Build status is: FAILURE
</I>&gt;<i> Performance: File TEST-net.imglib2.roi.CompositeRegionOfInterestTest.xml
</I>&gt;<i> reported 0.0% of errors [SUCCESS]. Build status is: FAILURE
</I>&gt;<i> Performance: File TEST-net.imglib2.roi.EllipseRegionOfInterestTest.xml
</I>&gt;<i> reported 0.0% of errors [SUCCESS]. Build status is: FAILURE
</I>&gt;<i> Performance: File TEST-net.imglib2.roi.PolygonRegionOfInterestTest.xml
</I>&gt;<i> reported 0.0% of errors [SUCCESS]. Build status is: FAILURE
</I>&gt;<i> Performance: File TEST-net.imglib2.roi.RectangleRegionOfInterestTest.xml
</I>&gt;<i> reported 0.0% of errors [SUCCESS]. Build status is: FAILURE
</I>&gt;<i> Performance: File
</I>&gt;<i> TEST-net.imglib2.sampler.special.TestConstantRandomAccessible.xml reported
</I>&gt;<i> 0.0% of errors [SUCCESS]. Build status is: FAILURE
</I>&gt;<i> Performance: File
</I>&gt;<i> TEST-net.imglib2.sampler.special.TestConstantRealRandomAccessible.xml
</I>&gt;<i> reported 0.0% of errors [SUCCESS]. Build status is: FAILURE
</I>&gt;<i> Performance: File TEST-net.imglib2.util.ImgUtilTest.xml reported 0.0% of
</I>&gt;<i> errors [SUCCESS]. Build status is: FAILURE
</I>&gt;<i> Performance: File TEST-net.imglib2.util.KthElementTest.xml reported 0.0%
</I>&gt;<i> of errors [SUCCESS]. Build status is: FAILURE
</I>&gt;<i> Performance: File TEST-net.imglib2.util.PartitionTest.xml reported 0.0% of
</I>&gt;<i> errors [SUCCESS]. Build status is: FAILURE
</I>&gt;<i> Performance: File TEST-net.imglib2.view.RandomAccessTest.xml reported 0.0%
</I>&gt;<i> of errors [SUCCESS]. Build status is: FAILURE
</I>&gt;<i> Performance: File
</I>&gt;<i> TEST-net.imglib2.view.RandomAccessibleIntervalCursorTest.xml reported 0.0%
</I>&gt;<i> of errors [SUCCESS]. Build status is: FAILURE
</I>&gt;<i> Performance: File TEST-net.imglib2.view.SequentializeTransformTest.xml
</I>&gt;<i> reported 0.0% of errors [SUCCESS]. Build status is: FAILURE
</I>&gt;<i> Performance: File TEST-tests.BasicTest.xml reported 0.0% of errors
</I>&gt;<i> [SUCCESS]. Build status is: FAILURE
</I>&gt;<i> Performance: File TEST-tests.labeling.LabelingOutOfBoundsTest.xml reported
</I>&gt;<i> 0.0% of errors [SUCCESS]. Build status is: FAILURE
</I>&gt;<i> Performance: File TEST-tests.labeling.LabelingTest.xml reported 0.0% of
</I>&gt;<i> errors [SUCCESS]. Build status is: FAILURE
</I>&gt;<i> Performance: File TEST-tests.roi.TestAbstractRegionOfInterest.xml reported
</I>&gt;<i> 0.0% of errors [SUCCESS]. Build status is: FAILURE
</I>&gt;<i> Performance: File TEST-net.imglib2.img.ImgTest.xml reported 0.0% of errors
</I>&gt;<i> [SUCCESS]. Build status is: FAILURE
</I>&gt;<i> Performance: File TEST-net.imglib2.io.img.virtual.VirtualImgTest.xml
</I>&gt;<i> reported 0.0% of errors [SUCCESS]. Build status is: FAILURE
</I>&gt;<i> Performance: File TEST-net.imglib2.ops.example.Example10Test.xml reported
</I>&gt;<i> 0.0% of errors [SUCCESS]. Build status is: FAILURE
</I>&gt;<i> Performance: File TEST-net.imglib2.ops.example.Example11Test.xml reported
</I>&gt;<i> 0.0% of errors [SUCCESS]. Build status is: FAILURE
</I>&gt;<i> Performance: File TEST-net.imglib2.ops.example.Example12Test.xml reported
</I>&gt;<i> 0.0% of errors [SUCCESS]. Build status is: FAILURE
</I>&gt;<i> Performance: File TEST-net.imglib2.ops.example.Example1Test.xml reported
</I>&gt;<i> 0.0% of errors [SUCCESS]. Build status is: FAILURE
</I>&gt;<i> Performance: File TEST-net.imglib2.ops.example.Example2Test.xml reported
</I>&gt;<i> 0.0% of errors [SUCCESS]. Build status is: FAILURE
</I>&gt;<i> Performance: File TEST-net.imglib2.ops.example.Example3Test.xml reported
</I>&gt;<i> 0.0% of errors [SUCCESS]. Build status is: FAILURE
</I>&gt;<i> Performance: File TEST-net.imglib2.ops.example.Example4Test.xml reported
</I>&gt;<i> 0.0% of errors [SUCCESS]. Build status is: FAILURE
</I>&gt;<i> Performance: File TEST-net.imglib2.ops.example.Example5Test.xml reported
</I>&gt;<i> 0.0% of errors [SUCCESS]. Build status is: FAILURE
</I>&gt;<i> Performance: File TEST-net.imglib2.ops.example.Example6Test.xml reported
</I>&gt;<i> 0.0% of errors [SUCCESS]. Build status is: FAILURE
</I>&gt;<i> Performance: File TEST-net.imglib2.ops.example.Example7Test.xml reported
</I>&gt;<i> 0.0% of errors [SUCCESS]. Build status is: FAILURE
</I>&gt;<i> Performance: File TEST-net.imglib2.ops.example.Example8Test.xml reported
</I>&gt;<i> 0.0% of errors [SUCCESS]. Build status is: FAILURE
</I>&gt;<i> Performance: File TEST-net.imglib2.ops.example.Example9Test.xml reported
</I>&gt;<i> 0.0% of errors [SUCCESS]. Build status is: FAILURE
</I>&gt;<i> Performance: File
</I>&gt;<i> TEST-net.imglib2.ops.operation.binary.bool.BinaryAndNotTest.xml reported
</I>&gt;<i> 0.0% of errors [SUCCESS]. Build status is: FAILURE
</I>&gt;<i> Performance: File
</I>&gt;<i> TEST-net.imglib2.ops.operation.binary.bool.BinaryXorTest.xml reported 0.0%
</I>&gt;<i> of errors [SUCCESS]. Build status is: FAILURE
</I>&gt;<i> Performance: File
</I>&gt;<i> TEST-net.imglib2.ops.operation.binary.complex.ComplexAddTest.xml reported
</I>&gt;<i> 0.0% of errors [SUCCESS]. Build status is: FAILURE
</I>&gt;<i> Performance: File
</I>&gt;<i> TEST-net.imglib2.ops.operation.binary.complex.ComplexAvgTest.xml reported
</I>&gt;<i> 0.0% of errors [SUCCESS]. Build status is: FAILURE
</I>&gt;<i> Performance: File
</I>&gt;<i> TEST-net.imglib2.ops.operation.binary.complex.ComplexCopyLeftTest.xml
</I>&gt;<i> reported 0.0% of errors [SUCCESS]. Build status is: FAILURE
</I>&gt;<i> Performance: File
</I>&gt;<i> TEST-net.imglib2.ops.operation.binary.complex.ComplexCopyRightTest.xml
</I>&gt;<i> reported 0.0% of errors [SUCCESS]. Build status is: FAILURE
</I>&gt;<i> Performance: File
</I>&gt;<i> TEST-net.imglib2.ops.operation.binary.complex.ComplexDifferenceTest.xml
</I>&gt;<i> reported 0.0% of errors [SUCCESS]. Build status is: FAILURE
</I>&gt;<i> Performance: File
</I>&gt;<i> TEST-net.imglib2.ops.operation.binary.complex.ComplexDivideTest.xml
</I>&gt;<i> reported 0.0% of errors [SUCCESS]. Build status is: FAILURE
</I>&gt;<i> Performance: File
</I>&gt;<i> TEST-net.imglib2.ops.operation.binary.complex.ComplexMultiplyTest.xml
</I>&gt;<i> reported 0.0% of errors [SUCCESS]. Build status is: FAILURE
</I>&gt;<i> Performance: File
</I>&gt;<i> TEST-net.imglib2.ops.operation.binary.complex.ComplexPowerTest.xml reported
</I>&gt;<i> 0.0% of errors [SUCCESS]. Build status is: FAILURE
</I>&gt;<i> Performance: File
</I>&gt;<i> TEST-net.imglib2.ops.operation.binary.complex.ComplexSubtractTest.xml
</I>&gt;<i> reported 0.0% of errors [SUCCESS]. Build status is: FAILURE
</I>&gt;<i> Performance: File
</I>&gt;<i> TEST-net.imglib2.ops.operation.unary.complex.ComplexExpTest.xml reported
</I>&gt;<i> 0.0% of errors [SUCCESS]. Build status is: FAILURE
</I>&gt;<i> Performance: File
</I>&gt;<i> TEST-net.imglib2.ops.operation.unary.complex.ComplexIntegerPowerTest.xml
</I>&gt;<i> reported 0.0% of errors [SUCCESS]. Build status is: FAILURE
</I>&gt;<i> Performance: File
</I>&gt;<i> TEST-net.imglib2.ops.operation.unary.complex.ComplexLogTest.xml reported
</I>&gt;<i> 0.0% of errors [SUCCESS]. Build status is: FAILURE
</I>&gt;<i> Performance: File
</I>&gt;<i> TEST-net.imglib2.ops.operation.unary.complex.ComplexReciprocalTest.xml
</I>&gt;<i> reported 0.0% of errors [SUCCESS]. Build status is: FAILURE
</I>&gt;<i> Performance: File TEST-script.imglib.test.TestExtend.xml reported 0.0% of
</I>&gt;<i> errors [SUCCESS]. Build status is: FAILURE
</I>&gt;<i> Performance: File TEST-script.imglib.test.TestIntegralImage.xml reported
</I>&gt;<i> 0.0% of errors [SUCCESS]. Build status is: FAILURE
</I>&gt;<i> Performance: File TEST-script.imglib.test.TestIntegralImagePerformance.xml
</I>&gt;<i> reported 0.0% of errors [SUCCESS]. Build status is: FAILURE
</I>&gt;<i> Performance: File TEST-script.imglib.test.TestReduce.xml reported 0.0% of
</I>&gt;<i> errors [SUCCESS]. Build status is: FAILURE
</I>&gt;<i> Performance: File TEST-script.imglib.test.TestTransformations.xml reported
</I>&gt;<i> 0.0% of errors [SUCCESS]. Build status is: FAILURE
</I>&gt;<i>
</I>-------------- next part --------------
An HTML attachment was scrubbed...
URL: &lt;<A HREF="http://imagej.net/pipermail/imagej-devel/attachments/20120403/6f16bd07/attachment-0001.html">http://imagej.net/pipermail/imagej-devel/attachments/20120403/6f16bd07/attachment-0001.html</A>&gt;
</PRE>



<!--endarticle-->
    <HR>
    <P><UL>
        <!--threads-->
	<LI>Previous message: <A HREF="000789.html">[ImageJ-devel] Build failed in Jenkins: ImgLib #667
</A></li>
	<LI>Next message: <A HREF="000794.html">[ImageJ-devel] [fiji-devel] Re: Build failed in Jenkins: ImgLib	#667
</A></li>
         <LI> <B>Messages sorted by:</B> 
              <a href="date.html#790">[ date ]</a>
              <a href="thread.html#790">[ thread ]</a>
              <a href="subject.html#790">[ subject ]</a>
              <a href="author.html#790">[ author ]</a>
         </LI>
       </UL>

<hr>
<a href="http://imagej.net/mailman/listinfo/imagej-devel">More information about the ImageJ-devel
mailing list</a><br>
</body></html>
