<!DOCTYPE HTML PUBLIC "-//W3C//DTD HTML 3.2//EN">
<HTML>
 <HEAD>
   <TITLE> [ImageJ-devel] Build failed in Jenkins: ImgLib #686
   </TITLE>
   <LINK REL="Index" HREF="index.html" >
   <LINK REL="made" HREF="mailto:imagej-devel%40imagej.net?Subject=Re%3A%20%5BImageJ-devel%5D%20Build%20failed%20in%20Jenkins%3A%20ImgLib%20%23686&In-Reply-To=%3CCADN69y%3DiaOPaPZemt_CV2830QuM%2BYpH3Haq8nHKjgsezF2yFXQ%40mail.gmail.com%3E">
   <META NAME="robots" CONTENT="index,nofollow">
   <META http-equiv="Content-Type" content="text/html; charset=us-ascii">
   <LINK REL="Previous"  HREF="000811.html">
   <LINK REL="Next"  HREF="000813.html">
 </HEAD>
 <BODY BGCOLOR="#ffffff">
   <H1>[ImageJ-devel] Build failed in Jenkins: ImgLib #686</H1>
    <B>Curtis Rueden</B> 
    <A HREF="mailto:imagej-devel%40imagej.net?Subject=Re%3A%20%5BImageJ-devel%5D%20Build%20failed%20in%20Jenkins%3A%20ImgLib%20%23686&In-Reply-To=%3CCADN69y%3DiaOPaPZemt_CV2830QuM%2BYpH3Haq8nHKjgsezF2yFXQ%40mail.gmail.com%3E"
       TITLE="[ImageJ-devel] Build failed in Jenkins: ImgLib #686">ctrueden at wisc.edu
       </A><BR>
    <I>Thu Apr  5 15:45:51 CDT 2012</I>
    <P><UL>
        <LI>Previous message: <A HREF="000811.html">[ImageJ-devel] Build failed in Jenkins: ImgLib #686
</A></li>
        <LI>Next message: <A HREF="000813.html">[ImageJ-devel] Jenkins build is back to normal : ImgLib #687
</A></li>
         <LI> <B>Messages sorted by:</B> 
              <a href="date.html#812">[ date ]</a>
              <a href="thread.html#812">[ thread ]</a>
              <a href="subject.html#812">[ subject ]</a>
              <a href="author.html#812">[ author ]</a>
         </LI>
       </UL>
    <HR>  
<!--beginarticle-->
<PRE>Hi everyone,


[ERROR] ImgSaver.java:[147,14] cannot find symbol
&gt;<i> symbol  : method guessImgLib(net.imglib2.meta.AxisType[],long[],long[])
</I>&gt;<i> location: class loci.formats.AxisGuesser
</I>&gt;<i>
</I>
Drat, I knew this was going to happen, but did not disable Jenkins in time.
I am in the process of fixing it. The issue is that we removed ImgLib2 I/O
support from SCIFIO, to avoid various complications of maintaining two
parallel codebases.

We will make another attempt to migrate the imglib2-io into scifio core
later this year, once we have sorted out the build issues.

Sorry for the noise!

-Curtis


On Thu, Apr 5, 2012 at 3:22 PM, &lt;<A HREF="http://imagej.net/mailman/listinfo/imagej-devel">jenkins at imagej.net</A>&gt; wrote:

&gt;<i> See &lt;<A HREF="http://jenkins.imagej.net/job/ImgLib/686/changes">http://jenkins.imagej.net/job/ImgLib/686/changes</A>&gt;
</I>&gt;<i>
</I>&gt;<i> Changes:
</I>&gt;<i>
</I>&gt;<i> [Stephan Preibisch] Benchmark computes median
</I>&gt;<i>
</I>&gt;<i> ------------------------------------------
</I>&gt;<i> [...truncated 1487 lines...]
</I>&gt;<i>  T E S T S
</I>&gt;<i> -------------------------------------------------------
</I>&gt;<i>
</I>&gt;<i> Results :
</I>&gt;<i>
</I>&gt;<i> Tests run: 0, Failures: 0, Errors: 0, Skipped: 0
</I>&gt;<i>
</I>&gt;<i> [INFO] [jar:jar {execution: default-jar}]
</I>&gt;<i> [INFO] Building jar:
</I>&gt;<i> /data/devel/jenkins/jobs/ImgLib/workspace/imglib2/examples/GameOfDeath2/target/GameOfDeath2-2.0.0-SNAPSHOT.jar
</I>&gt;<i> [INFO] [install:install {execution: default-install}]
</I>&gt;<i> [INFO] Installing
</I>&gt;<i> /data/devel/jenkins/jobs/ImgLib/workspace/imglib2/examples/GameOfDeath2/target/GameOfDeath2-2.0.0-SNAPSHOT.jar
</I>&gt;<i> to
</I>&gt;<i> /var/lib/jenkins/.m2/repository/net/imglib2/GameOfDeath2/2.0.0-SNAPSHOT/GameOfDeath2-2.0.0-SNAPSHOT.jar
</I>&gt;<i> [INFO] [deploy:deploy {execution: default-deploy}]
</I>&gt;<i> [INFO] Retrieving previous build number from imagej.snapshots
</I>&gt;<i> Uploading:
</I>&gt;<i> <A HREF="http://maven.imagej.net/content/repositories/snapshots/net/imglib2/GameOfDeath2/2.0.0-SNAPSHOT/GameOfDeath2-2.0.0-20120405.202152-19.jar">http://maven.imagej.net/content/repositories/snapshots/net/imglib2/GameOfDeath2/2.0.0-SNAPSHOT/GameOfDeath2-2.0.0-20120405.202152-19.jar</A>
</I>&gt;<i> Apr 5, 2012 3:22:51 PM
</I>&gt;<i> org.apache.commons.httpclient.auth.AuthChallengeProcessor selectAuthScheme
</I>&gt;<i> INFO: basic authentication scheme selected
</I>&gt;<i> 4/8K
</I>&gt;<i> 8/8K
</I>&gt;<i> 8/8K
</I>&gt;<i> 8K uploaded  (GameOfDeath2-2.0.0-20120405.202152-19.jar)
</I>&gt;<i> [INFO] Retrieving previous metadata from imagej.snapshots
</I>&gt;<i> [INFO] Uploading repository metadata for: 'artifact
</I>&gt;<i> net.imglib2:GameOfDeath2'
</I>&gt;<i> Apr 5, 2012 3:22:52 PM
</I>&gt;<i> org.apache.commons.httpclient.auth.AuthChallengeProcessor selectAuthScheme
</I>&gt;<i> INFO: basic authentication scheme selected
</I>&gt;<i> [INFO] Retrieving previous metadata from imagej.snapshots
</I>&gt;<i> [INFO] Uploading repository metadata for: 'snapshot
</I>&gt;<i> net.imglib2:GameOfDeath2:2.0.0-SNAPSHOT'
</I>&gt;<i> Apr 5, 2012 3:22:52 PM
</I>&gt;<i> org.apache.commons.httpclient.auth.AuthChallengeProcessor selectAuthScheme
</I>&gt;<i> INFO: basic authentication scheme selected
</I>&gt;<i> [INFO] Uploading project information for GameOfDeath2
</I>&gt;<i> 2.0.0-20120405.202152-19
</I>&gt;<i> Apr 5, 2012 3:22:52 PM
</I>&gt;<i> org.apache.commons.httpclient.auth.AuthChallengeProcessor selectAuthScheme
</I>&gt;<i> INFO: basic authentication scheme selected
</I>&gt;<i> [INFO]
</I>&gt;<i> ------------------------------------------------------------------------
</I>&gt;<i> [INFO] Building ImgLib2 I/O
</I>&gt;<i> [INFO]    task-segment: [clean, deploy]
</I>&gt;<i> [INFO]
</I>&gt;<i> ------------------------------------------------------------------------
</I>&gt;<i> [INFO] [clean:clean {execution: default-clean}]
</I>&gt;<i> [INFO] Deleting /data/devel/jenkins/jobs/ImgLib/workspace/imglib2/io/target
</I>&gt;<i> [debug] execute contextualize
</I>&gt;<i> [INFO] [resources:resources {execution: default-resources}]
</I>&gt;<i> [INFO] Using 'UTF-8' encoding to copy filtered resources.
</I>&gt;<i> [INFO] skip non existing resourceDirectory
</I>&gt;<i> /data/devel/jenkins/jobs/ImgLib/workspace/imglib2/io/src/main/resources
</I>&gt;<i> [INFO] [compiler:compile {execution: default-compile}]
</I>&gt;<i> [INFO] Compiling 10 source files to
</I>&gt;<i> /data/devel/jenkins/jobs/ImgLib/workspace/imglib2/io/target/classes
</I>&gt;<i> [INFO] -------------------------------------------------------------
</I>&gt;<i> [ERROR] COMPILATION ERROR :
</I>&gt;<i> [INFO] -------------------------------------------------------------
</I>&gt;<i> [ERROR] ImgSaver.java:[147,14] cannot find symbol
</I>&gt;<i> symbol  : method guessImgLib(net.imglib2.meta.AxisType[],long[],long[])
</I>&gt;<i> location: class loci.formats.AxisGuesser
</I>&gt;<i> [ERROR] ImgSaver.java:[453,25] cannot find symbol
</I>&gt;<i> symbol  : method guessImgLib(net.imglib2.meta.AxisType[],long[],long[])
</I>&gt;<i> location: class loci.formats.AxisGuesser
</I>&gt;<i> [INFO] 2 errors
</I>&gt;<i> [INFO] -------------------------------------------------------------
</I>&gt;<i> [INFO]
</I>&gt;<i> ------------------------------------------------------------------------
</I>&gt;<i> [ERROR] BUILD FAILURE
</I>&gt;<i> [INFO]
</I>&gt;<i> ------------------------------------------------------------------------
</I>&gt;<i> [INFO] Compilation failure
</I>&gt;<i>
</I>&gt;<i> ImgSaver.java:[147,14] cannot find symbol
</I>&gt;<i> symbol  : method guessImgLib(net.imglib2.meta.AxisType[],long[],long[])
</I>&gt;<i> location: class loci.formats.AxisGuesser
</I>&gt;<i> ImgSaver.java:[453,25] cannot find symbol
</I>&gt;<i> symbol  : method guessImgLib(net.imglib2.meta.AxisType[],long[],long[])
</I>&gt;<i> location: class loci.formats.AxisGuesser
</I>&gt;<i>
</I>&gt;<i> [INFO]
</I>&gt;<i> ------------------------------------------------------------------------
</I>&gt;<i> [INFO] For more information, run Maven with the -e switch
</I>&gt;<i> [INFO]
</I>&gt;<i> ------------------------------------------------------------------------
</I>&gt;<i> [INFO] Total time: 1 minute 5 seconds
</I>&gt;<i> [INFO] Finished at: Thu Apr 05 15:22:54 CDT 2012
</I>&gt;<i> [INFO] Final Memory: 140M/997M
</I>&gt;<i> [INFO]
</I>&gt;<i> ------------------------------------------------------------------------
</I>&gt;<i> Archiving artifacts
</I>&gt;<i> Performance: No threshold configured for making the test unstable
</I>&gt;<i> Performance: No threshold configured for making the test failure
</I>&gt;<i> Performance: Recording JUnit reports '**/TEST-*.xml'
</I>&gt;<i> Performance: Parsing JUnit report file TEST-HistogramTest.xml
</I>&gt;<i> Performance: Parsing JUnit report file
</I>&gt;<i> TEST-tests.labeling.AllConnectedComponentsTest.xml
</I>&gt;<i> Performance: Parsing JUnit report file
</I>&gt;<i> TEST-tests.labeling.WatershedTest.xml
</I>&gt;<i> Performance: Parsing JUnit report file TEST-tests.BasicTest.xml
</I>&gt;<i> Performance: Parsing JUnit report file
</I>&gt;<i> TEST-tests.TestSortedGrayLevelIterator.xml
</I>&gt;<i> Performance: Parsing JUnit report file TEST-tests.labeling.LabelingTest.xml
</I>&gt;<i> Performance: Parsing JUnit report file TEST-SquareTest.xml
</I>&gt;<i> Performance: Parsing JUnit report file
</I>&gt;<i> TEST-imglib.ops.Rev2FunctionalIdeasTest.xml
</I>&gt;<i> Performance: Parsing JUnit report file TEST-script.imglib.test.TestPlot.xml
</I>&gt;<i> Performance: Parsing JUnit report file
</I>&gt;<i> TEST-net.imglib2.algorithm.kdtree.VolumetricSearchTest.xml
</I>&gt;<i> Performance: Parsing JUnit report file
</I>&gt;<i> TEST-tests.labeling.AllConnectedComponentsTest.xml
</I>&gt;<i> Performance: Parsing JUnit report file
</I>&gt;<i> TEST-tests.labeling.WatershedTest.xml
</I>&gt;<i> Performance: Parsing JUnit report file
</I>&gt;<i> TEST-net.imglib2.algorithm.region.BresenhamLineTest.xml
</I>&gt;<i> Performance: Parsing JUnit report file
</I>&gt;<i> TEST-net.imglib2.algorithm.region.localneighborhood.DomainCursorTest.xml
</I>&gt;<i> Performance: Parsing JUnit report file
</I>&gt;<i> TEST-net.imglib2.IterableIntervalSubsetTest.xml
</I>&gt;<i> Performance: Parsing JUnit report file TEST-net.imglib2.PointTest.xml
</I>&gt;<i> Performance: Parsing JUnit report file TEST-net.imglib2.RealPointTest.xml
</I>&gt;<i> Performance: Parsing JUnit report file
</I>&gt;<i> TEST-net.imglib2.TestAbstractRealLocalizable.xml
</I>&gt;<i> Performance: Parsing JUnit report file
</I>&gt;<i> TEST-net.imglib2.collection.RealPointSampleListTest.xml
</I>&gt;<i> Performance: Parsing JUnit report file
</I>&gt;<i> TEST-net.imglib2.img.cell.CellContainerFactoryTest.xml
</I>&gt;<i> Performance: Parsing JUnit report file
</I>&gt;<i> TEST-net.imglib2.img.cell.CellContainerTest.xml
</I>&gt;<i> Performance: Parsing JUnit report file
</I>&gt;<i> TEST-net.imglib2.img.cell.CellCursorTest.xml
</I>&gt;<i> Performance: Parsing JUnit report file
</I>&gt;<i> TEST-net.imglib2.img.cell.CellTest.xml
</I>&gt;<i> Performance: Parsing JUnit report file
</I>&gt;<i> TEST-net.imglib2.img.cell.CopyTest.xml
</I>&gt;<i> Performance: Parsing JUnit report file
</I>&gt;<i> TEST-net.imglib2.img.list.CopyTest.xml
</I>&gt;<i> Performance: Parsing JUnit report file
</I>&gt;<i> TEST-net.imglib2.img.planar.CopyTest.xml
</I>&gt;<i> Performance: Parsing JUnit report file
</I>&gt;<i> TEST-net.imglib2.img.transform.ImgTranslationAdapterTest.xml
</I>&gt;<i> Performance: Parsing JUnit report file
</I>&gt;<i> TEST-net.imglib2.nearestneighbor.KDTreeTest.xml
</I>&gt;<i> Performance: Parsing JUnit report file
</I>&gt;<i> TEST-net.imglib2.nearestneighbor.NearestNeighborSearchOnIterableRealIntervalTest.xml
</I>&gt;<i> Performance: Parsing JUnit report file
</I>&gt;<i> TEST-net.imglib2.outofbounds.OutOfBoundsMirrorDoubleBoundaryTest.xml
</I>&gt;<i> Performance: Parsing JUnit report file
</I>&gt;<i> TEST-net.imglib2.outofbounds.OutOfBoundsMirrorSingleBoundaryTest.xml
</I>&gt;<i> Performance: Parsing JUnit report file
</I>&gt;<i> TEST-net.imglib2.outofbounds.OutOfBoundsPeriodicTest.xml
</I>&gt;<i> Performance: Parsing JUnit report file
</I>&gt;<i> TEST-net.imglib2.position.transform.FloorOffsetTest.xml
</I>&gt;<i> Performance: Parsing JUnit report file
</I>&gt;<i> TEST-net.imglib2.roi.BinaryMaskRegionOfInterestTest.xml
</I>&gt;<i> Performance: Parsing JUnit report file
</I>&gt;<i> TEST-net.imglib2.roi.CompositeRegionOfInterestTest.xml
</I>&gt;<i> Performance: Parsing JUnit report file
</I>&gt;<i> TEST-net.imglib2.roi.EllipseRegionOfInterestTest.xml
</I>&gt;<i> Performance: Parsing JUnit report file
</I>&gt;<i> TEST-net.imglib2.roi.PolygonRegionOfInterestTest.xml
</I>&gt;<i> Performance: Parsing JUnit report file
</I>&gt;<i> TEST-net.imglib2.roi.RectangleRegionOfInterestTest.xml
</I>&gt;<i> Performance: Parsing JUnit report file
</I>&gt;<i> TEST-net.imglib2.sampler.special.TestConstantRandomAccessible.xml
</I>&gt;<i> Performance: Parsing JUnit report file
</I>&gt;<i> TEST-net.imglib2.sampler.special.TestConstantRealRandomAccessible.xml
</I>&gt;<i> Performance: Parsing JUnit report file
</I>&gt;<i> TEST-net.imglib2.util.ImgUtilTest.xml
</I>&gt;<i> Performance: Parsing JUnit report file
</I>&gt;<i> TEST-net.imglib2.util.KthElementTest.xml
</I>&gt;<i> Performance: Parsing JUnit report file
</I>&gt;<i> TEST-net.imglib2.util.PartitionTest.xml
</I>&gt;<i> Performance: Parsing JUnit report file
</I>&gt;<i> TEST-net.imglib2.view.RandomAccessTest.xml
</I>&gt;<i> Performance: Parsing JUnit report file
</I>&gt;<i> TEST-net.imglib2.view.RandomAccessibleIntervalCursorTest.xml
</I>&gt;<i> Performance: Parsing JUnit report file
</I>&gt;<i> TEST-net.imglib2.view.SequentializeTransformTest.xml
</I>&gt;<i> Performance: Parsing JUnit report file TEST-tests.BasicTest.xml
</I>&gt;<i> Performance: Parsing JUnit report file
</I>&gt;<i> TEST-tests.labeling.LabelingOutOfBoundsTest.xml
</I>&gt;<i> Performance: Parsing JUnit report file TEST-tests.labeling.LabelingTest.xml
</I>&gt;<i> Performance: Parsing JUnit report file
</I>&gt;<i> TEST-tests.roi.TestAbstractRegionOfInterest.xml
</I>&gt;<i> Performance: Parsing JUnit report file TEST-net.imglib2.img.ImgTest.xml
</I>&gt;<i> Performance: Parsing JUnit report file
</I>&gt;<i> TEST-net.imglib2.ops.example.Example10Test.xml
</I>&gt;<i> Performance: Parsing JUnit report file
</I>&gt;<i> TEST-net.imglib2.ops.example.Example11Test.xml
</I>&gt;<i> Performance: Parsing JUnit report file
</I>&gt;<i> TEST-net.imglib2.ops.example.Example12Test.xml
</I>&gt;<i> Performance: Parsing JUnit report file
</I>&gt;<i> TEST-net.imglib2.ops.example.Example1Test.xml
</I>&gt;<i> Performance: Parsing JUnit report file
</I>&gt;<i> TEST-net.imglib2.ops.example.Example2Test.xml
</I>&gt;<i> Performance: Parsing JUnit report file
</I>&gt;<i> TEST-net.imglib2.ops.example.Example3Test.xml
</I>&gt;<i> Performance: Parsing JUnit report file
</I>&gt;<i> TEST-net.imglib2.ops.example.Example4Test.xml
</I>&gt;<i> Performance: Parsing JUnit report file
</I>&gt;<i> TEST-net.imglib2.ops.example.Example5Test.xml
</I>&gt;<i> Performance: Parsing JUnit report file
</I>&gt;<i> TEST-net.imglib2.ops.example.Example6Test.xml
</I>&gt;<i> Performance: Parsing JUnit report file
</I>&gt;<i> TEST-net.imglib2.ops.example.Example7Test.xml
</I>&gt;<i> Performance: Parsing JUnit report file
</I>&gt;<i> TEST-net.imglib2.ops.example.Example8Test.xml
</I>&gt;<i> Performance: Parsing JUnit report file
</I>&gt;<i> TEST-net.imglib2.ops.example.Example9Test.xml
</I>&gt;<i> Performance: Parsing JUnit report file
</I>&gt;<i> TEST-net.imglib2.ops.operation.binary.bool.BinaryAndNotTest.xml
</I>&gt;<i> Performance: Parsing JUnit report file
</I>&gt;<i> TEST-net.imglib2.ops.operation.binary.bool.BinaryXorTest.xml
</I>&gt;<i> Performance: Parsing JUnit report file
</I>&gt;<i> TEST-net.imglib2.ops.operation.binary.complex.ComplexAddTest.xml
</I>&gt;<i> Performance: Parsing JUnit report file
</I>&gt;<i> TEST-net.imglib2.ops.operation.binary.complex.ComplexAvgTest.xml
</I>&gt;<i> Performance: Parsing JUnit report file
</I>&gt;<i> TEST-net.imglib2.ops.operation.binary.complex.ComplexCopyLeftTest.xml
</I>&gt;<i> Performance: Parsing JUnit report file
</I>&gt;<i> TEST-net.imglib2.ops.operation.binary.complex.ComplexCopyRightTest.xml
</I>&gt;<i> Performance: Parsing JUnit report file
</I>&gt;<i> TEST-net.imglib2.ops.operation.binary.complex.ComplexDifferenceTest.xml
</I>&gt;<i> Performance: Parsing JUnit report file
</I>&gt;<i> TEST-net.imglib2.ops.operation.binary.complex.ComplexDivideTest.xml
</I>&gt;<i> Performance: Parsing JUnit report file
</I>&gt;<i> TEST-net.imglib2.ops.operation.binary.complex.ComplexMultiplyTest.xml
</I>&gt;<i> Performance: Parsing JUnit report file
</I>&gt;<i> TEST-net.imglib2.ops.operation.binary.complex.ComplexPowerTest.xml
</I>&gt;<i> Performance: Parsing JUnit report file
</I>&gt;<i> TEST-net.imglib2.ops.operation.binary.complex.ComplexSubtractTest.xml
</I>&gt;<i> Performance: Parsing JUnit report file
</I>&gt;<i> TEST-net.imglib2.ops.operation.unary.complex.ComplexExpTest.xml
</I>&gt;<i> Performance: Parsing JUnit report file
</I>&gt;<i> TEST-net.imglib2.ops.operation.unary.complex.ComplexIntegerPowerTest.xml
</I>&gt;<i> Performance: Parsing JUnit report file
</I>&gt;<i> TEST-net.imglib2.ops.operation.unary.complex.ComplexLogTest.xml
</I>&gt;<i> Performance: Parsing JUnit report file
</I>&gt;<i> TEST-net.imglib2.ops.operation.unary.complex.ComplexReciprocalTest.xml
</I>&gt;<i> Performance: Parsing JUnit report file
</I>&gt;<i> TEST-script.imglib.test.TestExtend.xml
</I>&gt;<i> Performance: Parsing JUnit report file
</I>&gt;<i> TEST-script.imglib.test.TestIntegralImage.xml
</I>&gt;<i> Performance: Parsing JUnit report file
</I>&gt;<i> TEST-script.imglib.test.TestIntegralImagePerformance.xml
</I>&gt;<i> Performance: Parsing JUnit report file
</I>&gt;<i> TEST-script.imglib.test.TestReduce.xml
</I>&gt;<i> Performance: Parsing JUnit report file
</I>&gt;<i> TEST-script.imglib.test.TestTransformations.xml
</I>&gt;<i> Performance: Parsing JUnit report file
</I>&gt;<i> TEST-net.imglib2.view.MixedTransformConcatenateTest.xml
</I>&gt;<i> Performance: Parsing JUnit report file
</I>&gt;<i> TEST-net.imglib2.view.SlicingTransformConcatenateTest.xml
</I>&gt;<i> Performance: Parsing JUnit report file
</I>&gt;<i> TEST-net.imglib2.view.TranslationTransformConcatenateTest.xml
</I>&gt;<i> Performance: File TEST-HistogramTest.xml reported 0.0% of errors
</I>&gt;<i> [SUCCESS]. Build status is: FAILURE
</I>&gt;<i> Performance: File TEST-tests.labeling.AllConnectedComponentsTest.xml
</I>&gt;<i> reported 0.0% of errors [SUCCESS]. Build status is: FAILURE
</I>&gt;<i> Performance: File TEST-tests.labeling.WatershedTest.xml reported 0.0% of
</I>&gt;<i> errors [SUCCESS]. Build status is: FAILURE
</I>&gt;<i> Performance: File TEST-tests.BasicTest.xml reported 0.0% of errors
</I>&gt;<i> [SUCCESS]. Build status is: FAILURE
</I>&gt;<i> Performance: File TEST-tests.TestSortedGrayLevelIterator.xml reported 0.0%
</I>&gt;<i> of errors [SUCCESS]. Build status is: FAILURE
</I>&gt;<i> Performance: File TEST-tests.labeling.LabelingTest.xml reported 0.0% of
</I>&gt;<i> errors [SUCCESS]. Build status is: FAILURE
</I>&gt;<i> Performance: File TEST-SquareTest.xml reported 0.0% of errors [SUCCESS].
</I>&gt;<i> Build status is: FAILURE
</I>&gt;<i> Performance: File TEST-imglib.ops.Rev2FunctionalIdeasTest.xml reported
</I>&gt;<i> 0.0% of errors [SUCCESS]. Build status is: FAILURE
</I>&gt;<i> Performance: File TEST-script.imglib.test.TestPlot.xml reported 0.0% of
</I>&gt;<i> errors [SUCCESS]. Build status is: FAILURE
</I>&gt;<i> Performance: File
</I>&gt;<i> TEST-net.imglib2.algorithm.kdtree.VolumetricSearchTest.xml reported 0.0% of
</I>&gt;<i> errors [SUCCESS]. Build status is: FAILURE
</I>&gt;<i> Performance: File TEST-tests.labeling.AllConnectedComponentsTest.xml
</I>&gt;<i> reported 0.0% of errors [SUCCESS]. Build status is: FAILURE
</I>&gt;<i> Performance: File TEST-tests.labeling.WatershedTest.xml reported 0.0% of
</I>&gt;<i> errors [SUCCESS]. Build status is: FAILURE
</I>&gt;<i> Performance: File TEST-net.imglib2.algorithm.region.BresenhamLineTest.xml
</I>&gt;<i> reported 0.0% of errors [SUCCESS]. Build status is: FAILURE
</I>&gt;<i> Performance: File
</I>&gt;<i> TEST-net.imglib2.algorithm.region.localneighborhood.DomainCursorTest.xml
</I>&gt;<i> reported 0.0% of errors [SUCCESS]. Build status is: FAILURE
</I>&gt;<i> Performance: File TEST-net.imglib2.IterableIntervalSubsetTest.xml reported
</I>&gt;<i> 0.0% of errors [SUCCESS]. Build status is: FAILURE
</I>&gt;<i> Performance: File TEST-net.imglib2.PointTest.xml reported 0.0% of errors
</I>&gt;<i> [SUCCESS]. Build status is: FAILURE
</I>&gt;<i> Performance: File TEST-net.imglib2.RealPointTest.xml reported 0.0% of
</I>&gt;<i> errors [SUCCESS]. Build status is: FAILURE
</I>&gt;<i> Performance: File TEST-net.imglib2.TestAbstractRealLocalizable.xml
</I>&gt;<i> reported 0.0% of errors [SUCCESS]. Build status is: FAILURE
</I>&gt;<i> Performance: File TEST-net.imglib2.collection.RealPointSampleListTest.xml
</I>&gt;<i> reported 0.0% of errors [SUCCESS]. Build status is: FAILURE
</I>&gt;<i> Performance: File TEST-net.imglib2.img.cell.CellContainerFactoryTest.xml
</I>&gt;<i> reported 0.0% of errors [SUCCESS]. Build status is: FAILURE
</I>&gt;<i> Performance: File TEST-net.imglib2.img.cell.CellContainerTest.xml reported
</I>&gt;<i> 0.0% of errors [SUCCESS]. Build status is: FAILURE
</I>&gt;<i> Performance: File TEST-net.imglib2.img.cell.CellCursorTest.xml reported
</I>&gt;<i> 0.0% of errors [SUCCESS]. Build status is: FAILURE
</I>&gt;<i> Performance: File TEST-net.imglib2.img.cell.CellTest.xml reported 0.0% of
</I>&gt;<i> errors [SUCCESS]. Build status is: FAILURE
</I>&gt;<i> Performance: File TEST-net.imglib2.img.cell.CopyTest.xml reported 0.0% of
</I>&gt;<i> errors [SUCCESS]. Build status is: FAILURE
</I>&gt;<i> Performance: File TEST-net.imglib2.img.list.CopyTest.xml reported 0.0% of
</I>&gt;<i> errors [SUCCESS]. Build status is: FAILURE
</I>&gt;<i> Performance: File TEST-net.imglib2.img.planar.CopyTest.xml reported 0.0%
</I>&gt;<i> of errors [SUCCESS]. Build status is: FAILURE
</I>&gt;<i> Performance: File
</I>&gt;<i> TEST-net.imglib2.img.transform.ImgTranslationAdapterTest.xml reported 0.0%
</I>&gt;<i> of errors [SUCCESS]. Build status is: FAILURE
</I>&gt;<i> Performance: File TEST-net.imglib2.nearestneighbor.KDTreeTest.xml reported
</I>&gt;<i> 0.0% of errors [SUCCESS]. Build status is: FAILURE
</I>&gt;<i> Performance: File
</I>&gt;<i> TEST-net.imglib2.nearestneighbor.NearestNeighborSearchOnIterableRealIntervalTest.xml
</I>&gt;<i> reported 0.0% of errors [SUCCESS]. Build status is: FAILURE
</I>&gt;<i> Performance: File
</I>&gt;<i> TEST-net.imglib2.outofbounds.OutOfBoundsMirrorDoubleBoundaryTest.xml
</I>&gt;<i> reported 0.0% of errors [SUCCESS]. Build status is: FAILURE
</I>&gt;<i> Performance: File
</I>&gt;<i> TEST-net.imglib2.outofbounds.OutOfBoundsMirrorSingleBoundaryTest.xml
</I>&gt;<i> reported 0.0% of errors [SUCCESS]. Build status is: FAILURE
</I>&gt;<i> Performance: File TEST-net.imglib2.outofbounds.OutOfBoundsPeriodicTest.xml
</I>&gt;<i> reported 0.0% of errors [SUCCESS]. Build status is: FAILURE
</I>&gt;<i> Performance: File TEST-net.imglib2.position.transform.FloorOffsetTest.xml
</I>&gt;<i> reported 0.0% of errors [SUCCESS]. Build status is: FAILURE
</I>&gt;<i> Performance: File TEST-net.imglib2.roi.BinaryMaskRegionOfInterestTest.xml
</I>&gt;<i> reported 0.0% of errors [SUCCESS]. Build status is: FAILURE
</I>&gt;<i> Performance: File TEST-net.imglib2.roi.CompositeRegionOfInterestTest.xml
</I>&gt;<i> reported 0.0% of errors [SUCCESS]. Build status is: FAILURE
</I>&gt;<i> Performance: File TEST-net.imglib2.roi.EllipseRegionOfInterestTest.xml
</I>&gt;<i> reported 0.0% of errors [SUCCESS]. Build status is: FAILURE
</I>&gt;<i> Performance: File TEST-net.imglib2.roi.PolygonRegionOfInterestTest.xml
</I>&gt;<i> reported 0.0% of errors [SUCCESS]. Build status is: FAILURE
</I>&gt;<i> Performance: File TEST-net.imglib2.roi.RectangleRegionOfInterestTest.xml
</I>&gt;<i> reported 0.0% of errors [SUCCESS]. Build status is: FAILURE
</I>&gt;<i> Performance: File
</I>&gt;<i> TEST-net.imglib2.sampler.special.TestConstantRandomAccessible.xml reported
</I>&gt;<i> 0.0% of errors [SUCCESS]. Build status is: FAILURE
</I>&gt;<i> Performance: File
</I>&gt;<i> TEST-net.imglib2.sampler.special.TestConstantRealRandomAccessible.xml
</I>&gt;<i> reported 0.0% of errors [SUCCESS]. Build status is: FAILURE
</I>&gt;<i> Performance: File TEST-net.imglib2.util.ImgUtilTest.xml reported 0.0% of
</I>&gt;<i> errors [SUCCESS]. Build status is: FAILURE
</I>&gt;<i> Performance: File TEST-net.imglib2.util.KthElementTest.xml reported 0.0%
</I>&gt;<i> of errors [SUCCESS]. Build status is: FAILURE
</I>&gt;<i> Performance: File TEST-net.imglib2.util.PartitionTest.xml reported 0.0% of
</I>&gt;<i> errors [SUCCESS]. Build status is: FAILURE
</I>&gt;<i> Performance: File TEST-net.imglib2.view.RandomAccessTest.xml reported 0.0%
</I>&gt;<i> of errors [SUCCESS]. Build status is: FAILURE
</I>&gt;<i> Performance: File
</I>&gt;<i> TEST-net.imglib2.view.RandomAccessibleIntervalCursorTest.xml reported 0.0%
</I>&gt;<i> of errors [SUCCESS]. Build status is: FAILURE
</I>&gt;<i> Performance: File TEST-net.imglib2.view.SequentializeTransformTest.xml
</I>&gt;<i> reported 0.0% of errors [SUCCESS]. Build status is: FAILURE
</I>&gt;<i> Performance: File TEST-tests.BasicTest.xml reported 0.0% of errors
</I>&gt;<i> [SUCCESS]. Build status is: FAILURE
</I>&gt;<i> Performance: File TEST-tests.labeling.LabelingOutOfBoundsTest.xml reported
</I>&gt;<i> 0.0% of errors [SUCCESS]. Build status is: FAILURE
</I>&gt;<i> Performance: File TEST-tests.labeling.LabelingTest.xml reported 0.0% of
</I>&gt;<i> errors [SUCCESS]. Build status is: FAILURE
</I>&gt;<i> Performance: File TEST-tests.roi.TestAbstractRegionOfInterest.xml reported
</I>&gt;<i> 0.0% of errors [SUCCESS]. Build status is: FAILURE
</I>&gt;<i> Performance: File TEST-net.imglib2.img.ImgTest.xml reported 0.0% of errors
</I>&gt;<i> [SUCCESS]. Build status is: FAILURE
</I>&gt;<i> Performance: File TEST-net.imglib2.ops.example.Example10Test.xml reported
</I>&gt;<i> 0.0% of errors [SUCCESS]. Build status is: FAILURE
</I>&gt;<i> Performance: File TEST-net.imglib2.ops.example.Example11Test.xml reported
</I>&gt;<i> 0.0% of errors [SUCCESS]. Build status is: FAILURE
</I>&gt;<i> Performance: File TEST-net.imglib2.ops.example.Example12Test.xml reported
</I>&gt;<i> 0.0% of errors [SUCCESS]. Build status is: FAILURE
</I>&gt;<i> Performance: File TEST-net.imglib2.ops.example.Example1Test.xml reported
</I>&gt;<i> 0.0% of errors [SUCCESS]. Build status is: FAILURE
</I>&gt;<i> Performance: File TEST-net.imglib2.ops.example.Example2Test.xml reported
</I>&gt;<i> 0.0% of errors [SUCCESS]. Build status is: FAILURE
</I>&gt;<i> Performance: File TEST-net.imglib2.ops.example.Example3Test.xml reported
</I>&gt;<i> 0.0% of errors [SUCCESS]. Build status is: FAILURE
</I>&gt;<i> Performance: File TEST-net.imglib2.ops.example.Example4Test.xml reported
</I>&gt;<i> 0.0% of errors [SUCCESS]. Build status is: FAILURE
</I>&gt;<i> Performance: File TEST-net.imglib2.ops.example.Example5Test.xml reported
</I>&gt;<i> 0.0% of errors [SUCCESS]. Build status is: FAILURE
</I>&gt;<i> Performance: File TEST-net.imglib2.ops.example.Example6Test.xml reported
</I>&gt;<i> 0.0% of errors [SUCCESS]. Build status is: FAILURE
</I>&gt;<i> Performance: File TEST-net.imglib2.ops.example.Example7Test.xml reported
</I>&gt;<i> 0.0% of errors [SUCCESS]. Build status is: FAILURE
</I>&gt;<i> Performance: File TEST-net.imglib2.ops.example.Example8Test.xml reported
</I>&gt;<i> 0.0% of errors [SUCCESS]. Build status is: FAILURE
</I>&gt;<i> Performance: File TEST-net.imglib2.ops.example.Example9Test.xml reported
</I>&gt;<i> 0.0% of errors [SUCCESS]. Build status is: FAILURE
</I>&gt;<i> Performance: File
</I>&gt;<i> TEST-net.imglib2.ops.operation.binary.bool.BinaryAndNotTest.xml reported
</I>&gt;<i> 0.0% of errors [SUCCESS]. Build status is: FAILURE
</I>&gt;<i> Performance: File
</I>&gt;<i> TEST-net.imglib2.ops.operation.binary.bool.BinaryXorTest.xml reported 0.0%
</I>&gt;<i> of errors [SUCCESS]. Build status is: FAILURE
</I>&gt;<i> Performance: File
</I>&gt;<i> TEST-net.imglib2.ops.operation.binary.complex.ComplexAddTest.xml reported
</I>&gt;<i> 0.0% of errors [SUCCESS]. Build status is: FAILURE
</I>&gt;<i> Performance: File
</I>&gt;<i> TEST-net.imglib2.ops.operation.binary.complex.ComplexAvgTest.xml reported
</I>&gt;<i> 0.0% of errors [SUCCESS]. Build status is: FAILURE
</I>&gt;<i> Performance: File
</I>&gt;<i> TEST-net.imglib2.ops.operation.binary.complex.ComplexCopyLeftTest.xml
</I>&gt;<i> reported 0.0% of errors [SUCCESS]. Build status is: FAILURE
</I>&gt;<i> Performance: File
</I>&gt;<i> TEST-net.imglib2.ops.operation.binary.complex.ComplexCopyRightTest.xml
</I>&gt;<i> reported 0.0% of errors [SUCCESS]. Build status is: FAILURE
</I>&gt;<i> Performance: File
</I>&gt;<i> TEST-net.imglib2.ops.operation.binary.complex.ComplexDifferenceTest.xml
</I>&gt;<i> reported 0.0% of errors [SUCCESS]. Build status is: FAILURE
</I>&gt;<i> Performance: File
</I>&gt;<i> TEST-net.imglib2.ops.operation.binary.complex.ComplexDivideTest.xml
</I>&gt;<i> reported 0.0% of errors [SUCCESS]. Build status is: FAILURE
</I>&gt;<i> Performance: File
</I>&gt;<i> TEST-net.imglib2.ops.operation.binary.complex.ComplexMultiplyTest.xml
</I>&gt;<i> reported 0.0% of errors [SUCCESS]. Build status is: FAILURE
</I>&gt;<i> Performance: File
</I>&gt;<i> TEST-net.imglib2.ops.operation.binary.complex.ComplexPowerTest.xml reported
</I>&gt;<i> 0.0% of errors [SUCCESS]. Build status is: FAILURE
</I>&gt;<i> Performance: File
</I>&gt;<i> TEST-net.imglib2.ops.operation.binary.complex.ComplexSubtractTest.xml
</I>&gt;<i> reported 0.0% of errors [SUCCESS]. Build status is: FAILURE
</I>&gt;<i> Performance: File
</I>&gt;<i> TEST-net.imglib2.ops.operation.unary.complex.ComplexExpTest.xml reported
</I>&gt;<i> 0.0% of errors [SUCCESS]. Build status is: FAILURE
</I>&gt;<i> Performance: File
</I>&gt;<i> TEST-net.imglib2.ops.operation.unary.complex.ComplexIntegerPowerTest.xml
</I>&gt;<i> reported 0.0% of errors [SUCCESS]. Build status is: FAILURE
</I>&gt;<i> Performance: File
</I>&gt;<i> TEST-net.imglib2.ops.operation.unary.complex.ComplexLogTest.xml reported
</I>&gt;<i> 0.0% of errors [SUCCESS]. Build status is: FAILURE
</I>&gt;<i> Performance: File
</I>&gt;<i> TEST-net.imglib2.ops.operation.unary.complex.ComplexReciprocalTest.xml
</I>&gt;<i> reported 0.0% of errors [SUCCESS]. Build status is: FAILURE
</I>&gt;<i> Performance: File TEST-script.imglib.test.TestExtend.xml reported 0.0% of
</I>&gt;<i> errors [SUCCESS]. Build status is: FAILURE
</I>&gt;<i> Performance: File TEST-script.imglib.test.TestIntegralImage.xml reported
</I>&gt;<i> 0.0% of errors [SUCCESS]. Build status is: FAILURE
</I>&gt;<i> Performance: File TEST-script.imglib.test.TestIntegralImagePerformance.xml
</I>&gt;<i> reported 0.0% of errors [SUCCESS]. Build status is: FAILURE
</I>&gt;<i> Performance: File TEST-script.imglib.test.TestReduce.xml reported 0.0% of
</I>&gt;<i> errors [SUCCESS]. Build status is: FAILURE
</I>&gt;<i> Performance: File TEST-script.imglib.test.TestTransformations.xml reported
</I>&gt;<i> 0.0% of errors [SUCCESS]. Build status is: FAILURE
</I>&gt;<i> Performance: File TEST-net.imglib2.view.MixedTransformConcatenateTest.xml
</I>&gt;<i> reported 0.0% of errors [SUCCESS]. Build status is: FAILURE
</I>&gt;<i> Performance: File
</I>&gt;<i> TEST-net.imglib2.view.SlicingTransformConcatenateTest.xml reported 0.0% of
</I>&gt;<i> errors [SUCCESS]. Build status is: FAILURE
</I>&gt;<i> Performance: File
</I>&gt;<i> TEST-net.imglib2.view.TranslationTransformConcatenateTest.xml reported 0.0%
</I>&gt;<i> of errors [SUCCESS]. Build status is: FAILURE
</I>&gt;<i>
</I>-------------- next part --------------
An HTML attachment was scrubbed...
URL: &lt;<A HREF="http://imagej.net/pipermail/imagej-devel/attachments/20120405/7e44155e/attachment-0001.html">http://imagej.net/pipermail/imagej-devel/attachments/20120405/7e44155e/attachment-0001.html</A>&gt;
</PRE>




<!--endarticle-->
    <HR>
    <P><UL>
        <!--threads-->
	<LI>Previous message: <A HREF="000811.html">[ImageJ-devel] Build failed in Jenkins: ImgLib #686
</A></li>
	<LI>Next message: <A HREF="000813.html">[ImageJ-devel] Jenkins build is back to normal : ImgLib #687
</A></li>
         <LI> <B>Messages sorted by:</B> 
              <a href="date.html#812">[ date ]</a>
              <a href="thread.html#812">[ thread ]</a>
              <a href="subject.html#812">[ subject ]</a>
              <a href="author.html#812">[ author ]</a>
         </LI>
       </UL>

<hr>
<a href="http://imagej.net/mailman/listinfo/imagej-devel">More information about the ImageJ-devel
mailing list</a><br>
</body></html>
