<!DOCTYPE HTML PUBLIC "-//W3C//DTD HTML 4.01 Transitional//EN">
<HTML>
 <HEAD>
   <TITLE> [ImageJ-devel] Build failed in Jenkins: ImageJ #2967
   </TITLE>
   <LINK REL="Index" HREF="index.html" >
   <LINK REL="made" HREF="mailto:imagej-devel%40imagej.net?Subject=Re%3A%20%5BImageJ-devel%5D%20Build%20failed%20in%20Jenkins%3A%20ImageJ%20%232967&In-Reply-To=%3C172608962.57.1333995772323.JavaMail.jenkins%40dev%3E">
   <META NAME="robots" CONTENT="index,nofollow">
   <style type="text/css">
       pre {
           white-space: pre-wrap;       /* css-2.1, curent FF, Opera, Safari */
           }
   </style>
   <META http-equiv="Content-Type" content="text/html; charset=us-ascii">
   <LINK REL="Previous"  HREF="000893.html">
   <LINK REL="Next"  HREF="000822.html">
 </HEAD>
 <BODY BGCOLOR="#ffffff">
   <H1>[ImageJ-devel] Build failed in Jenkins: ImageJ #2967</H1>
    <B>jenkins at imagej.net</B> 
    <A HREF="mailto:imagej-devel%40imagej.net?Subject=Re%3A%20%5BImageJ-devel%5D%20Build%20failed%20in%20Jenkins%3A%20ImageJ%20%232967&In-Reply-To=%3C172608962.57.1333995772323.JavaMail.jenkins%40dev%3E"
       TITLE="[ImageJ-devel] Build failed in Jenkins: ImageJ #2967">jenkins at imagej.net
       </A><BR>
    <I>Mon Apr  9 13:22:52 CDT 2012</I>
    <P><UL>
        <LI>Previous message: <A HREF="000893.html">[ImageJ-devel] Build failed in Jenkins: ImageJ1-unit-tests #19
</A></li>
        <LI>Next message: <A HREF="000822.html">[ImageJ-devel] Build failed in Jenkins: ImageJ #2968
</A></li>
         <LI> <B>Messages sorted by:</B> 
              <a href="date.html#820">[ date ]</a>
              <a href="thread.html#820">[ thread ]</a>
              <a href="subject.html#820">[ subject ]</a>
              <a href="author.html#820">[ author ]</a>
         </LI>
       </UL>
    <HR>  
<!--beginarticle-->
<PRE>See &lt;<A HREF="http://jenkins.imagej.net/job/ImageJ/2967/changes">http://jenkins.imagej.net/job/ImageJ/2967/changes</A>&gt;

Changes:

[Barry DeZonia] Conform classes to new Imglib OPS definitions

------------------------------------------
[...truncated 1936 lines...]
[ERROR] InplaceUnaryTransform.java:[70,30] wrong number of type arguments; required 2
[ERROR] ReorderAxes.java:[54,22] cannot find symbol
symbol  : class PointSetIterator
location: package net.imglib2.ops
[ERROR] ReorderAxes.java:[55,31] package net.imglib2.ops.pointset does not exist
[ERROR] RestructureUtils.java:[47,22] cannot find symbol
symbol  : class PointSetIterator
location: package net.imglib2.ops
[ERROR] RestructureUtils.java:[48,31] package net.imglib2.ops.pointset does not exist
[ERROR] AbstractAssignPlugin.java:[50,22] cannot find symbol
symbol  : class InputIteratorFactory
location: package net.imglib2.ops
[ERROR] AbstractAssignPlugin.java:[51,22] cannot find symbol
symbol  : class PointSetIterator
location: package net.imglib2.ops
[ERROR] AbstractAssignPlugin.java:[55,28] package net.imglib2.ops.input does not exist
[ERROR] AbstractAssignPlugin.java:[56,28] package net.imglib2.ops.input does not exist
[ERROR] AbstractAssignPlugin.java:[58,31] package net.imglib2.ops.pointset does not exist
[ERROR] AbstractAssignPlugin.java:[101,9] cannot find symbol
symbol  : class PointSetIterator
location: class imagej.core.plugins.assign.AbstractAssignPlugin&lt;I,O&gt;
[ERROR] RealImageCalculator.java:[55,22] cannot find symbol
symbol  : class InputIteratorFactory
location: package net.imglib2.ops
[ERROR] RealImageCalculator.java:[59,28] package net.imglib2.ops.input does not exist
[ERROR] InplaceUnaryTransform.java:[46,22] cannot find symbol
symbol  : class InputIteratorFactory
location: package net.imglib2.ops
[ERROR] InplaceUnaryTransform.java:[50,28] package net.imglib2.ops.input does not exist
[ERROR] InplaceUnaryTransform.java:[70,30] wrong number of type arguments; required 2
[ERROR] ReorderAxes.java:[54,22] cannot find symbol
symbol  : class PointSetIterator
location: package net.imglib2.ops
[ERROR] ReorderAxes.java:[55,31] package net.imglib2.ops.pointset does not exist
[ERROR] RestructureUtils.java:[47,22] cannot find symbol
symbol  : class PointSetIterator
location: package net.imglib2.ops
[ERROR] RestructureUtils.java:[48,31] package net.imglib2.ops.pointset does not exist
[ERROR] AbstractAssignPlugin.java:[222,13] cannot find symbol
symbol  : class HyperVolumePointSet
location: class imagej.core.plugins.assign.AbstractAssignPlugin&lt;I,O&gt;
[ERROR] AbstractAssignPlugin.java:[265,8] cannot find symbol
symbol  : class InputIteratorFactory
location: class imagej.core.plugins.assign.AbstractAssignPlugin&lt;I,O&gt;
[ERROR] AbstractAssignPlugin.java:[265,51] cannot find symbol
symbol  : class PointInputIteratorFactory
location: class imagej.core.plugins.assign.AbstractAssignPlugin&lt;I,O&gt;
[ERROR] AbstractAssignPlugin.java:[266,23] wrong number of type arguments; required 2
[ERROR] AbstractAssignPlugin.java:[267,22] wrong number of type arguments; required 2
[ERROR] RealImageCalculator.java:[267,8] cannot find symbol
symbol  : class InputIteratorFactory
location: class imagej.core.plugins.assign.RealImageCalculator&lt;T&gt;
[ERROR] RealImageCalculator.java:[267,51] cannot find symbol
symbol  : class PointInputIteratorFactory
location: class imagej.core.plugins.assign.RealImageCalculator&lt;T&gt;
[ERROR] RealImageCalculator.java:[268,23] wrong number of type arguments; required 2
[ERROR] RealImageCalculator.java:[269,22] wrong number of type arguments; required 2
[ERROR] InplaceUnaryTransform.java:[84,8] cannot find symbol
symbol  : class InputIteratorFactory
location: class imagej.core.plugins.assign.InplaceUnaryTransform&lt;I,O&gt;
[ERROR] InplaceUnaryTransform.java:[84,51] cannot find symbol
symbol  : class PointInputIteratorFactory
location: class imagej.core.plugins.assign.InplaceUnaryTransform&lt;I,O&gt;
[ERROR] InplaceUnaryTransform.java:[86,22] wrong number of type arguments; required 2
[ERROR] ReorderAxes.java:[222,8] cannot find symbol
symbol  : class HyperVolumePointSet
location: class imagej.core.plugins.restructure.ReorderAxes
[ERROR] ReorderAxes.java:[223,8] cannot find symbol
symbol  : class HyperVolumePointSet
location: class imagej.core.plugins.restructure.ReorderAxes
[ERROR] ReorderAxes.java:[225,8] cannot find symbol
symbol  : class PointSetIterator
location: class imagej.core.plugins.restructure.ReorderAxes
[ERROR] RestructureUtils.java:[137,8] cannot find symbol
symbol  : class HyperVolumePointSet
location: class imagej.core.plugins.restructure.RestructureUtils
[ERROR] RestructureUtils.java:[138,8] cannot find symbol
symbol  : class HyperVolumePointSet
location: class imagej.core.plugins.restructure.RestructureUtils
[ERROR] RestructureUtils.java:[139,8] cannot find symbol
symbol  : class HyperVolumePointSet
location: class imagej.core.plugins.restructure.RestructureUtils
[ERROR] RestructureUtils.java:[140,8] cannot find symbol
symbol  : class HyperVolumePointSet
location: class imagej.core.plugins.restructure.RestructureUtils
[ERROR] RestructureUtils.java:[141,8] cannot find symbol
symbol  : class PointSetIterator
location: class imagej.core.plugins.restructure.RestructureUtils
[ERROR] RestructureUtils.java:[142,8] cannot find symbol
symbol  : class PointSetIterator
location: class imagej.core.plugins.restructure.RestructureUtils
[INFO] 51 errors 
[INFO] -------------------------------------------------------------
[INFO] ------------------------------------------------------------------------
[ERROR] BUILD FAILURE
[INFO] ------------------------------------------------------------------------
[INFO] Compilation failure

AbstractAssignPlugin.java:[50,22] cannot find symbol
symbol  : class InputIteratorFactory
location: package net.imglib2.ops
AbstractAssignPlugin.java:[51,22] cannot find symbol
symbol  : class PointSetIterator
location: package net.imglib2.ops
AbstractAssignPlugin.java:[55,28] package net.imglib2.ops.input does not exist
AbstractAssignPlugin.java:[56,28] package net.imglib2.ops.input does not exist
AbstractAssignPlugin.java:[58,31] package net.imglib2.ops.pointset does not exist
AbstractAssignPlugin.java:[101,9] cannot find symbol
symbol  : class PointSetIterator
location: class imagej.core.plugins.assign.AbstractAssignPlugin&lt;I,O&gt;
RealImageCalculator.java:[55,22] cannot find symbol
symbol  : class InputIteratorFactory
location: package net.imglib2.ops
RealImageCalculator.java:[59,28] package net.imglib2.ops.input does not exist
InplaceUnaryTransform.java:[46,22] cannot find symbol
symbol  : class InputIteratorFactory
location: package net.imglib2.ops
InplaceUnaryTransform.java:[50,28] package net.imglib2.ops.input does not exist
InplaceUnaryTransform.java:[70,30] wrong number of type arguments; required 2
ReorderAxes.java:[54,22] cannot find symbol
symbol  : class PointSetIterator
location: package net.imglib2.ops
ReorderAxes.java:[55,31] package net.imglib2.ops.pointset does not exist
RestructureUtils.java:[47,22] cannot find symbol
symbol  : class PointSetIterator
location: package net.imglib2.ops
RestructureUtils.java:[48,31] package net.imglib2.ops.pointset does not exist
AbstractAssignPlugin.java:[50,22] cannot find symbol
symbol  : class InputIteratorFactory
location: package net.imglib2.ops
AbstractAssignPlugin.java:[51,22] cannot find symbol
symbol  : class PointSetIterator
location: package net.imglib2.ops
AbstractAssignPlugin.java:[55,28] package net.imglib2.ops.input does not exist
AbstractAssignPlugin.java:[56,28] package net.imglib2.ops.input does not exist
AbstractAssignPlugin.java:[58,31] package net.imglib2.ops.pointset does not exist
AbstractAssignPlugin.java:[101,9] cannot find symbol
symbol  : class PointSetIterator
location: class imagej.core.plugins.assign.AbstractAssignPlugin&lt;I,O&gt;
RealImageCalculator.java:[55,22] cannot find symbol
symbol  : class InputIteratorFactory
location: package net.imglib2.ops
RealImageCalculator.java:[59,28] package net.imglib2.ops.input does not exist
InplaceUnaryTransform.java:[46,22] cannot find symbol
symbol  : class InputIteratorFactory
location: package net.imglib2.ops
InplaceUnaryTransform.java:[50,28] package net.imglib2.ops.input does not exist
InplaceUnaryTransform.java:[70,30] wrong number of type arguments; required 2
ReorderAxes.java:[54,22] cannot find symbol
symbol  : class PointSetIterator
location: package net.imglib2.ops
ReorderAxes.java:[55,31] package net.imglib2.ops.pointset does not exist
RestructureUtils.java:[47,22] cannot find symbol
symbol  : class PointSetIterator
location: package net.imglib2.ops
RestructureUtils.java:[48,31] package net.imglib2.ops.pointset does not exist
AbstractAssignPlugin.java:[222,13] cannot find symbol
symbol  : class HyperVolumePointSet
location: class imagej.core.plugins.assign.AbstractAssignPlugin&lt;I,O&gt;
AbstractAssignPlugin.java:[265,8] cannot find symbol
symbol  : class InputIteratorFactory
location: class imagej.core.plugins.assign.AbstractAssignPlugin&lt;I,O&gt;
AbstractAssignPlugin.java:[265,51] cannot find symbol
symbol  : class PointInputIteratorFactory
location: class imagej.core.plugins.assign.AbstractAssignPlugin&lt;I,O&gt;
AbstractAssignPlugin.java:[266,23] wrong number of type arguments; required 2
AbstractAssignPlugin.java:[267,22] wrong number of type arguments; required 2
RealImageCalculator.java:[267,8] cannot find symbol
symbol  : class InputIteratorFactory
location: class imagej.core.plugins.assign.RealImageCalculator&lt;T&gt;
RealImageCalculator.java:[267,51] cannot find symbol
symbol  : class PointInputIteratorFactory
location: class imagej.core.plugins.assign.RealImageCalculator&lt;T&gt;
RealImageCalculator.java:[268,23] wrong number of type arguments; required 2
RealImageCalculator.java:[269,22] wrong number of type arguments; required 2
InplaceUnaryTransform.java:[84,8] cannot find symbol
symbol  : class InputIteratorFactory
location: class imagej.core.plugins.assign.InplaceUnaryTransform&lt;I,O&gt;
InplaceUnaryTransform.java:[84,51] cannot find symbol
symbol  : class PointInputIteratorFactory
location: class imagej.core.plugins.assign.InplaceUnaryTransform&lt;I,O&gt;
InplaceUnaryTransform.java:[86,22] wrong number of type arguments; required 2
ReorderAxes.java:[222,8] cannot find symbol
symbol  : class HyperVolumePointSet
location: class imagej.core.plugins.restructure.ReorderAxes
ReorderAxes.java:[223,8] cannot find symbol
symbol  : class HyperVolumePointSet
location: class imagej.core.plugins.restructure.ReorderAxes
ReorderAxes.java:[225,8] cannot find symbol
symbol  : class PointSetIterator
location: class imagej.core.plugins.restructure.ReorderAxes
RestructureUtils.java:[137,8] cannot find symbol
symbol  : class HyperVolumePointSet
location: class imagej.core.plugins.restructure.RestructureUtils
RestructureUtils.java:[138,8] cannot find symbol
symbol  : class HyperVolumePointSet
location: class imagej.core.plugins.restructure.RestructureUtils
RestructureUtils.java:[139,8] cannot find symbol
symbol  : class HyperVolumePointSet
location: class imagej.core.plugins.restructure.RestructureUtils
RestructureUtils.java:[140,8] cannot find symbol
symbol  : class HyperVolumePointSet
location: class imagej.core.plugins.restructure.RestructureUtils
RestructureUtils.java:[141,8] cannot find symbol
symbol  : class PointSetIterator
location: class imagej.core.plugins.restructure.RestructureUtils
RestructureUtils.java:[142,8] cannot find symbol
symbol  : class PointSetIterator
location: class imagej.core.plugins.restructure.RestructureUtils

[INFO] ------------------------------------------------------------------------
[INFO] For more information, run Maven with the -e switch
[INFO] ------------------------------------------------------------------------
[INFO] Total time: 1 minute 6 seconds
[INFO] Finished at: Mon Apr 09 13:22:51 CDT 2012
[INFO] Final Memory: 110M/993M
[INFO] ------------------------------------------------------------------------
Archiving artifacts
Performance: No threshold configured for making the test unstable
Performance: No threshold configured for making the test failure
Performance: Recording JUnit reports '**/TEST-*.xml'
Performance: Parsing JUnit report file TEST-imagej.object.ObjectIndexTest.xml
Performance: Parsing JUnit report file TEST-imagej.util.ColorRGBTest.xml
Performance: Parsing JUnit report file TEST-imagej.util.FileUtilsTest.xml
Performance: Parsing JUnit report file TEST-imagej.util.UnitUtilsTest.xml
Performance: Parsing JUnit report file TEST-imagej.data.DatasetTest.xml
Performance: Parsing JUnit report file TEST-imagej.data.ExtentsTest.xml
Performance: Parsing JUnit report file TEST-imagej.data.PositionTest.xml
Performance: Parsing JUnit report file TEST-imagej.data.TestCursorSpeeds.xml
Performance: Parsing JUnit report file TEST-imagej.data.overlay.TestBinaryMaskOverlay.xml
Performance: Parsing JUnit report file TEST-imagej.ext.menu.ShadowMenuTest.xml
Performance: Parsing JUnit report file TEST-imagej.legacy.LegacyImageMapTest.xml
Performance: Parsing JUnit report file TEST-imagej.legacy.OverlayHarmonizerTest.xml
Performance: Parsing JUnit report file TEST-imagej.legacy.translate.LegacyUtilsTest.xml
Performance: Parsing JUnit report file TEST-imagej.updater.core.UpdaterTest.xml
Performance: File TEST-imagej.object.ObjectIndexTest.xml reported 0.0% of errors [SUCCESS]. Build status is: FAILURE
Performance: File TEST-imagej.util.ColorRGBTest.xml reported 0.0% of errors [SUCCESS]. Build status is: FAILURE
Performance: File TEST-imagej.util.FileUtilsTest.xml reported 0.0% of errors [SUCCESS]. Build status is: FAILURE
Performance: File TEST-imagej.util.UnitUtilsTest.xml reported 0.0% of errors [SUCCESS]. Build status is: FAILURE
Performance: File TEST-imagej.data.DatasetTest.xml reported 0.0% of errors [SUCCESS]. Build status is: FAILURE
Performance: File TEST-imagej.data.ExtentsTest.xml reported 0.0% of errors [SUCCESS]. Build status is: FAILURE
Performance: File TEST-imagej.data.PositionTest.xml reported 0.0% of errors [SUCCESS]. Build status is: FAILURE
Performance: File TEST-imagej.data.TestCursorSpeeds.xml reported 0.0% of errors [SUCCESS]. Build status is: FAILURE
Performance: File TEST-imagej.data.overlay.TestBinaryMaskOverlay.xml reported 0.0% of errors [SUCCESS]. Build status is: FAILURE
Performance: File TEST-imagej.ext.menu.ShadowMenuTest.xml reported 0.0% of errors [SUCCESS]. Build status is: FAILURE
Performance: File TEST-imagej.legacy.LegacyImageMapTest.xml reported 0.0% of errors [SUCCESS]. Build status is: FAILURE
Performance: File TEST-imagej.legacy.OverlayHarmonizerTest.xml reported 0.0% of errors [SUCCESS]. Build status is: FAILURE
Performance: File TEST-imagej.legacy.translate.LegacyUtilsTest.xml reported 0.0% of errors [SUCCESS]. Build status is: FAILURE
Performance: File TEST-imagej.updater.core.UpdaterTest.xml reported 0.0% of errors [SUCCESS]. Build status is: FAILURE

</PRE>









<!--endarticle-->
    <HR>
    <P><UL>
        <!--threads-->
	<LI>Previous message: <A HREF="000893.html">[ImageJ-devel] Build failed in Jenkins: ImageJ1-unit-tests #19
</A></li>
	<LI>Next message: <A HREF="000822.html">[ImageJ-devel] Build failed in Jenkins: ImageJ #2968
</A></li>
         <LI> <B>Messages sorted by:</B> 
              <a href="date.html#820">[ date ]</a>
              <a href="thread.html#820">[ thread ]</a>
              <a href="subject.html#820">[ subject ]</a>
              <a href="author.html#820">[ author ]</a>
         </LI>
       </UL>

<hr>
<a href="http://imagej.net/mailman/listinfo/imagej-devel">More information about the ImageJ-devel
mailing list</a><br>
</body></html>
