<!DOCTYPE HTML PUBLIC "-//W3C//DTD HTML 4.01 Transitional//EN">
<HTML>
 <HEAD>
   <TITLE> [ImageJ-devel] Build failed in Jenkins: ImgLib #743
   </TITLE>
   <LINK REL="Index" HREF="index.html" >
   <LINK REL="made" HREF="mailto:imagej-devel%40imagej.net?Subject=Re%3A%20%5BImageJ-devel%5D%20Build%20failed%20in%20Jenkins%3A%20ImgLib%20%23743&In-Reply-To=%3C1972230776.85.1334843594145.JavaMail.jenkins%40dev%3E">
   <META NAME="robots" CONTENT="index,nofollow">
   <style type="text/css">
       pre {
           white-space: pre-wrap;       /* css-2.1, curent FF, Opera, Safari */
           }
   </style>
   <META http-equiv="Content-Type" content="text/html; charset=us-ascii">
   <LINK REL="Previous"  HREF="000886.html">
   <LINK REL="Next"  HREF="000876.html">
 </HEAD>
 <BODY BGCOLOR="#ffffff">
   <H1>[ImageJ-devel] Build failed in Jenkins: ImgLib #743</H1>
    <B>jenkins at imagej.net</B> 
    <A HREF="mailto:imagej-devel%40imagej.net?Subject=Re%3A%20%5BImageJ-devel%5D%20Build%20failed%20in%20Jenkins%3A%20ImgLib%20%23743&In-Reply-To=%3C1972230776.85.1334843594145.JavaMail.jenkins%40dev%3E"
       TITLE="[ImageJ-devel] Build failed in Jenkins: ImgLib #743">jenkins at imagej.net
       </A><BR>
    <I>Thu Apr 19 08:53:14 CDT 2012</I>
    <P><UL>
        <LI>Previous message: <A HREF="000886.html">[ImageJ-devel] Jenkins build is back to normal : ImgLib-daily #433
</A></li>
        <LI>Next message: <A HREF="000876.html">[ImageJ-devel] Jenkins build is back to normal : ImgLib #744
</A></li>
         <LI> <B>Messages sorted by:</B> 
              <a href="date.html#875">[ date ]</a>
              <a href="thread.html#875">[ thread ]</a>
              <a href="subject.html#875">[ subject ]</a>
              <a href="author.html#875">[ author ]</a>
         </LI>
       </UL>
    <HR>  
<!--beginarticle-->
<PRE>See &lt;<A HREF="http://jenkins.imagej.net/job/ImgLib/743/changes">http://jenkins.imagej.net/job/ImgLib/743/changes</A>&gt;

Changes:

[Tobias Pietzsch] fixed Positionable implementation of AffineRandomAccess (added missing methods) and fixed copy() (the copy must be at the same position).

------------------------------------------
[...truncated 1725 lines...]
204/300K
208/300K
212/300K
216/300K
220/300K
224/300K
228/300K
232/300K
236/300K
240/300K
244/300K
248/300K
252/300K
256/300K
260/300K
264/300K
268/300K
272/300K
276/300K
280/300K
284/300K
288/300K
292/300K
296/300K
300/300K
300/300K
300K uploaded  (imglib2-ops-2.0.0-20120419.135151-86.jar)
[INFO] Retrieving previous metadata from imagej.snapshots
[INFO] Uploading repository metadata for: 'snapshot net.imglib2:imglib2-ops:2.0.0-SNAPSHOT'
Apr 19, 2012 8:53:12 AM org.apache.commons.httpclient.auth.AuthChallengeProcessor selectAuthScheme
INFO: basic authentication scheme selected
[INFO] Uploading project information for imglib2-ops 2.0.0-20120419.135151-86
Apr 19, 2012 8:53:12 AM org.apache.commons.httpclient.auth.AuthChallengeProcessor selectAuthScheme
INFO: basic authentication scheme selected
[INFO] Retrieving previous metadata from imagej.snapshots
[INFO] Uploading repository metadata for: 'artifact net.imglib2:imglib2-ops'
Apr 19, 2012 8:53:12 AM org.apache.commons.httpclient.auth.AuthChallengeProcessor selectAuthScheme
INFO: basic authentication scheme selected
[INFO] ------------------------------------------------------------------------
[INFO] Building ImgLib2 Real Transform
[INFO]    task-segment: [clean, deploy]
[INFO] ------------------------------------------------------------------------
[INFO] [clean:clean {execution: default-clean}]
[INFO] Deleting /data/devel/jenkins/jobs/ImgLib/workspace/imglib2/realtransform/target
[debug] execute contextualize
[INFO] [resources:resources {execution: default-resources}]
[INFO] Using 'UTF-8' encoding to copy filtered resources.
[INFO] skip non existing resourceDirectory /data/devel/jenkins/jobs/ImgLib/workspace/imglib2/realtransform/src/main/resources
[INFO] [compiler:compile {execution: default-compile}]
[INFO] Compiling 15 source files to /data/devel/jenkins/jobs/ImgLib/workspace/imglib2/realtransform/target/classes
[INFO] -------------------------------------------------------------
[ERROR] COMPILATION ERROR : 
[INFO] -------------------------------------------------------------
[ERROR] AffineRandomAccessible.java:[72,3] RealTransformRandomAccess(net.imglib2.realtransform.RealTransformRandomAccessible&lt;T,R&gt;.RealTransformRandomAccess) has private access in net.imglib2.realtransform.RealTransformRandomAccessible.RealTransformRandomAccess
[INFO] 1 error
[INFO] -------------------------------------------------------------
[INFO] ------------------------------------------------------------------------
[ERROR] BUILD FAILURE
[INFO] ------------------------------------------------------------------------
[INFO] Compilation failure
AffineRandomAccessible.java:[72,3] RealTransformRandomAccess(net.imglib2.realtransform.RealTransformRandomAccessible&lt;T,R&gt;.RealTransformRandomAccess) has private access in net.imglib2.realtransform.RealTransformRandomAccessible.RealTransformRandomAccess

[INFO] ------------------------------------------------------------------------
[INFO] For more information, run Maven with the -e switch
[INFO] ------------------------------------------------------------------------
[INFO] Total time: 1 minute 25 seconds
[INFO] Finished at: Thu Apr 19 08:53:13 CDT 2012
[INFO] Final Memory: 156M/931M
[INFO] ------------------------------------------------------------------------
Archiving artifacts
Performance: No threshold configured for making the test unstable
Performance: No threshold configured for making the test failure
Performance: Recording JUnit reports '**/TEST-*.xml'
Performance: Parsing JUnit report file TEST-HistogramTest.xml
Performance: Parsing JUnit report file TEST-tests.labeling.AllConnectedComponentsTest.xml
Performance: Parsing JUnit report file TEST-tests.labeling.WatershedTest.xml
Performance: Parsing JUnit report file TEST-tests.BasicTest.xml
Performance: Parsing JUnit report file TEST-tests.TestSortedGrayLevelIterator.xml
Performance: Parsing JUnit report file TEST-tests.labeling.LabelingTest.xml
Performance: Parsing JUnit report file TEST-SquareTest.xml
Performance: Parsing JUnit report file TEST-imglib.ops.Rev2FunctionalIdeasTest.xml
Performance: Parsing JUnit report file TEST-script.imglib.test.TestPlot.xml
Performance: Parsing JUnit report file TEST-net.imglib2.algorithm.kdtree.VolumetricSearchTest.xml
Performance: Parsing JUnit report file TEST-tests.labeling.AllConnectedComponentsTest.xml
Performance: Parsing JUnit report file TEST-tests.labeling.WatershedTest.xml
Performance: Parsing JUnit report file TEST-net.imglib2.algorithm.region.BresenhamLineTest.xml
Performance: Parsing JUnit report file TEST-net.imglib2.algorithm.region.localneighborhood.DomainCursorTest.xml
Performance: Parsing JUnit report file TEST-net.imglib2.IterableIntervalSubsetTest.xml
Performance: Parsing JUnit report file TEST-net.imglib2.PointTest.xml
Performance: Parsing JUnit report file TEST-net.imglib2.RealPointTest.xml
Performance: Parsing JUnit report file TEST-net.imglib2.TestAbstractRealLocalizable.xml
Performance: Parsing JUnit report file TEST-net.imglib2.collection.RealPointSampleListTest.xml
Performance: Parsing JUnit report file TEST-net.imglib2.img.cell.CellContainerFactoryTest.xml
Performance: Parsing JUnit report file TEST-net.imglib2.img.cell.CellContainerTest.xml
Performance: Parsing JUnit report file TEST-net.imglib2.img.cell.CellCursorTest.xml
Performance: Parsing JUnit report file TEST-net.imglib2.img.cell.CellTest.xml
Performance: Parsing JUnit report file TEST-net.imglib2.img.cell.CopyTest.xml
Performance: Parsing JUnit report file TEST-net.imglib2.img.list.CopyTest.xml
Performance: Parsing JUnit report file TEST-net.imglib2.img.planar.CopyTest.xml
Performance: Parsing JUnit report file TEST-net.imglib2.img.transform.ImgTranslationAdapterTest.xml
Performance: Parsing JUnit report file TEST-net.imglib2.nearestneighbor.KDTreeTest.xml
Performance: Parsing JUnit report file TEST-net.imglib2.nearestneighbor.NearestNeighborSearchOnIterableRealIntervalTest.xml
Performance: Parsing JUnit report file TEST-net.imglib2.outofbounds.OutOfBoundsMirrorDoubleBoundaryTest.xml
Performance: Parsing JUnit report file TEST-net.imglib2.outofbounds.OutOfBoundsMirrorSingleBoundaryTest.xml
Performance: Parsing JUnit report file TEST-net.imglib2.outofbounds.OutOfBoundsPeriodicTest.xml
Performance: Parsing JUnit report file TEST-net.imglib2.position.transform.FloorOffsetTest.xml
Performance: Parsing JUnit report file TEST-net.imglib2.roi.BinaryMaskRegionOfInterestTest.xml
Performance: Parsing JUnit report file TEST-net.imglib2.roi.CompositeRegionOfInterestTest.xml
Performance: Parsing JUnit report file TEST-net.imglib2.roi.EllipseRegionOfInterestTest.xml
Performance: Parsing JUnit report file TEST-net.imglib2.roi.PolygonRegionOfInterestTest.xml
Performance: Parsing JUnit report file TEST-net.imglib2.roi.RectangleRegionOfInterestTest.xml
Performance: Parsing JUnit report file TEST-net.imglib2.sampler.special.TestConstantRandomAccessible.xml
Performance: Parsing JUnit report file TEST-net.imglib2.sampler.special.TestConstantRealRandomAccessible.xml
Performance: Parsing JUnit report file TEST-net.imglib2.util.ImgUtilTest.xml
Performance: Parsing JUnit report file TEST-net.imglib2.util.KthElementTest.xml
Performance: Parsing JUnit report file TEST-net.imglib2.util.PartitionTest.xml
Performance: Parsing JUnit report file TEST-net.imglib2.util.RealSumTest.xml
Performance: Parsing JUnit report file TEST-net.imglib2.view.RandomAccessTest.xml
Performance: Parsing JUnit report file TEST-net.imglib2.view.RandomAccessibleIntervalCursorTest.xml
Performance: Parsing JUnit report file TEST-net.imglib2.view.SequentializeTransformTest.xml
Performance: Parsing JUnit report file TEST-tests.BasicTest.xml
Performance: Parsing JUnit report file TEST-tests.labeling.LabelingOutOfBoundsTest.xml
Performance: Parsing JUnit report file TEST-tests.labeling.LabelingTest.xml
Performance: Parsing JUnit report file TEST-tests.roi.TestAbstractRegionOfInterest.xml
Performance: Parsing JUnit report file TEST-net.imglib2.img.ImgTest.xml
Performance: Parsing JUnit report file TEST-net.imglib2.io.img.virtual.VirtualImgTest.xml
Performance: Parsing JUnit report file TEST-net.imglib2.ops.example.Example10Test.xml
Performance: Parsing JUnit report file TEST-net.imglib2.ops.example.Example11Test.xml
Performance: Parsing JUnit report file TEST-net.imglib2.ops.example.Example12Test.xml
Performance: Parsing JUnit report file TEST-net.imglib2.ops.example.Example1Test.xml
Performance: Parsing JUnit report file TEST-net.imglib2.ops.example.Example2Test.xml
Performance: Parsing JUnit report file TEST-net.imglib2.ops.example.Example3Test.xml
Performance: Parsing JUnit report file TEST-net.imglib2.ops.example.Example4Test.xml
Performance: Parsing JUnit report file TEST-net.imglib2.ops.example.Example5Test.xml
Performance: Parsing JUnit report file TEST-net.imglib2.ops.example.Example6Test.xml
Performance: Parsing JUnit report file TEST-net.imglib2.ops.example.Example7Test.xml
Performance: Parsing JUnit report file TEST-net.imglib2.ops.example.Example8Test.xml
Performance: Parsing JUnit report file TEST-net.imglib2.ops.example.Example9Test.xml
Performance: Parsing JUnit report file TEST-net.imglib2.ops.operation.binary.bool.BinaryAndNotTest.xml
Performance: Parsing JUnit report file TEST-net.imglib2.ops.operation.binary.bool.BinaryXorTest.xml
Performance: Parsing JUnit report file TEST-net.imglib2.ops.operation.binary.complex.ComplexAddTest.xml
Performance: Parsing JUnit report file TEST-net.imglib2.ops.operation.binary.complex.ComplexAvgTest.xml
Performance: Parsing JUnit report file TEST-net.imglib2.ops.operation.binary.complex.ComplexCopyLeftTest.xml
Performance: Parsing JUnit report file TEST-net.imglib2.ops.operation.binary.complex.ComplexCopyRightTest.xml
Performance: Parsing JUnit report file TEST-net.imglib2.ops.operation.binary.complex.ComplexDifferenceTest.xml
Performance: Parsing JUnit report file TEST-net.imglib2.ops.operation.binary.complex.ComplexDivideTest.xml
Performance: Parsing JUnit report file TEST-net.imglib2.ops.operation.binary.complex.ComplexMultiplyTest.xml
Performance: Parsing JUnit report file TEST-net.imglib2.ops.operation.binary.complex.ComplexPowerTest.xml
Performance: Parsing JUnit report file TEST-net.imglib2.ops.operation.binary.complex.ComplexSubtractTest.xml
Performance: Parsing JUnit report file TEST-net.imglib2.ops.operation.unary.complex.ComplexExpTest.xml
Performance: Parsing JUnit report file TEST-net.imglib2.ops.operation.unary.complex.ComplexIntegerPowerTest.xml
Performance: Parsing JUnit report file TEST-net.imglib2.ops.operation.unary.complex.ComplexLogTest.xml
Performance: Parsing JUnit report file TEST-net.imglib2.ops.operation.unary.complex.ComplexReciprocalTest.xml
Performance: Parsing JUnit report file TEST-script.imglib.test.TestExtend.xml
Performance: Parsing JUnit report file TEST-script.imglib.test.TestIntegralImage.xml
Performance: Parsing JUnit report file TEST-script.imglib.test.TestIntegralImagePerformance.xml
Performance: Parsing JUnit report file TEST-script.imglib.test.TestReduce.xml
Performance: Parsing JUnit report file TEST-script.imglib.test.TestTransformations.xml
Performance: Parsing JUnit report file TEST-net.imglib2.view.MixedTransformConcatenateTest.xml
Performance: Parsing JUnit report file TEST-net.imglib2.view.SlicingTransformConcatenateTest.xml
Performance: Parsing JUnit report file TEST-net.imglib2.view.TranslationTransformConcatenateTest.xml
Performance: File TEST-HistogramTest.xml reported 0.0% of errors [SUCCESS]. Build status is: FAILURE
Performance: File TEST-tests.labeling.AllConnectedComponentsTest.xml reported 0.0% of errors [SUCCESS]. Build status is: FAILURE
Performance: File TEST-tests.labeling.WatershedTest.xml reported 0.0% of errors [SUCCESS]. Build status is: FAILURE
Performance: File TEST-tests.BasicTest.xml reported 0.0% of errors [SUCCESS]. Build status is: FAILURE
Performance: File TEST-tests.TestSortedGrayLevelIterator.xml reported 0.0% of errors [SUCCESS]. Build status is: FAILURE
Performance: File TEST-tests.labeling.LabelingTest.xml reported 0.0% of errors [SUCCESS]. Build status is: FAILURE
Performance: File TEST-SquareTest.xml reported 0.0% of errors [SUCCESS]. Build status is: FAILURE
Performance: File TEST-imglib.ops.Rev2FunctionalIdeasTest.xml reported 0.0% of errors [SUCCESS]. Build status is: FAILURE
Performance: File TEST-script.imglib.test.TestPlot.xml reported 0.0% of errors [SUCCESS]. Build status is: FAILURE
Performance: File TEST-net.imglib2.algorithm.kdtree.VolumetricSearchTest.xml reported 0.0% of errors [SUCCESS]. Build status is: FAILURE
Performance: File TEST-tests.labeling.AllConnectedComponentsTest.xml reported 0.0% of errors [SUCCESS]. Build status is: FAILURE
Performance: File TEST-tests.labeling.WatershedTest.xml reported 0.0% of errors [SUCCESS]. Build status is: FAILURE
Performance: File TEST-net.imglib2.algorithm.region.BresenhamLineTest.xml reported 0.0% of errors [SUCCESS]. Build status is: FAILURE
Performance: File TEST-net.imglib2.algorithm.region.localneighborhood.DomainCursorTest.xml reported 0.0% of errors [SUCCESS]. Build status is: FAILURE
Performance: File TEST-net.imglib2.IterableIntervalSubsetTest.xml reported 0.0% of errors [SUCCESS]. Build status is: FAILURE
Performance: File TEST-net.imglib2.PointTest.xml reported 0.0% of errors [SUCCESS]. Build status is: FAILURE
Performance: File TEST-net.imglib2.RealPointTest.xml reported 0.0% of errors [SUCCESS]. Build status is: FAILURE
Performance: File TEST-net.imglib2.TestAbstractRealLocalizable.xml reported 0.0% of errors [SUCCESS]. Build status is: FAILURE
Performance: File TEST-net.imglib2.collection.RealPointSampleListTest.xml reported 0.0% of errors [SUCCESS]. Build status is: FAILURE
Performance: File TEST-net.imglib2.img.cell.CellContainerFactoryTest.xml reported 0.0% of errors [SUCCESS]. Build status is: FAILURE
Performance: File TEST-net.imglib2.img.cell.CellContainerTest.xml reported 0.0% of errors [SUCCESS]. Build status is: FAILURE
Performance: File TEST-net.imglib2.img.cell.CellCursorTest.xml reported 0.0% of errors [SUCCESS]. Build status is: FAILURE
Performance: File TEST-net.imglib2.img.cell.CellTest.xml reported 0.0% of errors [SUCCESS]. Build status is: FAILURE
Performance: File TEST-net.imglib2.img.cell.CopyTest.xml reported 0.0% of errors [SUCCESS]. Build status is: FAILURE
Performance: File TEST-net.imglib2.img.list.CopyTest.xml reported 0.0% of errors [SUCCESS]. Build status is: FAILURE
Performance: File TEST-net.imglib2.img.planar.CopyTest.xml reported 0.0% of errors [SUCCESS]. Build status is: FAILURE
Performance: File TEST-net.imglib2.img.transform.ImgTranslationAdapterTest.xml reported 0.0% of errors [SUCCESS]. Build status is: FAILURE
Performance: File TEST-net.imglib2.nearestneighbor.KDTreeTest.xml reported 0.0% of errors [SUCCESS]. Build status is: FAILURE
Performance: File TEST-net.imglib2.nearestneighbor.NearestNeighborSearchOnIterableRealIntervalTest.xml reported 0.0% of errors [SUCCESS]. Build status is: FAILURE
Performance: File TEST-net.imglib2.outofbounds.OutOfBoundsMirrorDoubleBoundaryTest.xml reported 0.0% of errors [SUCCESS]. Build status is: FAILURE
Performance: File TEST-net.imglib2.outofbounds.OutOfBoundsMirrorSingleBoundaryTest.xml reported 0.0% of errors [SUCCESS]. Build status is: FAILURE
Performance: File TEST-net.imglib2.outofbounds.OutOfBoundsPeriodicTest.xml reported 0.0% of errors [SUCCESS]. Build status is: FAILURE
Performance: File TEST-net.imglib2.position.transform.FloorOffsetTest.xml reported 0.0% of errors [SUCCESS]. Build status is: FAILURE
Performance: File TEST-net.imglib2.roi.BinaryMaskRegionOfInterestTest.xml reported 0.0% of errors [SUCCESS]. Build status is: FAILURE
Performance: File TEST-net.imglib2.roi.CompositeRegionOfInterestTest.xml reported 0.0% of errors [SUCCESS]. Build status is: FAILURE
Performance: File TEST-net.imglib2.roi.EllipseRegionOfInterestTest.xml reported 0.0% of errors [SUCCESS]. Build status is: FAILURE
Performance: File TEST-net.imglib2.roi.PolygonRegionOfInterestTest.xml reported 0.0% of errors [SUCCESS]. Build status is: FAILURE
Performance: File TEST-net.imglib2.roi.RectangleRegionOfInterestTest.xml reported 0.0% of errors [SUCCESS]. Build status is: FAILURE
Performance: File TEST-net.imglib2.sampler.special.TestConstantRandomAccessible.xml reported 0.0% of errors [SUCCESS]. Build status is: FAILURE
Performance: File TEST-net.imglib2.sampler.special.TestConstantRealRandomAccessible.xml reported 0.0% of errors [SUCCESS]. Build status is: FAILURE
Performance: File TEST-net.imglib2.util.ImgUtilTest.xml reported 0.0% of errors [SUCCESS]. Build status is: FAILURE
Performance: File TEST-net.imglib2.util.KthElementTest.xml reported 0.0% of errors [SUCCESS]. Build status is: FAILURE
Performance: File TEST-net.imglib2.util.PartitionTest.xml reported 0.0% of errors [SUCCESS]. Build status is: FAILURE
Performance: File TEST-net.imglib2.util.RealSumTest.xml reported 0.0% of errors [SUCCESS]. Build status is: FAILURE
Performance: File TEST-net.imglib2.view.RandomAccessTest.xml reported 0.0% of errors [SUCCESS]. Build status is: FAILURE
Performance: File TEST-net.imglib2.view.RandomAccessibleIntervalCursorTest.xml reported 0.0% of errors [SUCCESS]. Build status is: FAILURE
Performance: File TEST-net.imglib2.view.SequentializeTransformTest.xml reported 0.0% of errors [SUCCESS]. Build status is: FAILURE
Performance: File TEST-tests.BasicTest.xml reported 0.0% of errors [SUCCESS]. Build status is: FAILURE
Performance: File TEST-tests.labeling.LabelingOutOfBoundsTest.xml reported 0.0% of errors [SUCCESS]. Build status is: FAILURE
Performance: File TEST-tests.labeling.LabelingTest.xml reported 0.0% of errors [SUCCESS]. Build status is: FAILURE
Performance: File TEST-tests.roi.TestAbstractRegionOfInterest.xml reported 0.0% of errors [SUCCESS]. Build status is: FAILURE
Performance: File TEST-net.imglib2.img.ImgTest.xml reported 0.0% of errors [SUCCESS]. Build status is: FAILURE
Performance: File TEST-net.imglib2.io.img.virtual.VirtualImgTest.xml reported 0.0% of errors [SUCCESS]. Build status is: FAILURE
Performance: File TEST-net.imglib2.ops.example.Example10Test.xml reported 0.0% of errors [SUCCESS]. Build status is: FAILURE
Performance: File TEST-net.imglib2.ops.example.Example11Test.xml reported 0.0% of errors [SUCCESS]. Build status is: FAILURE
Performance: File TEST-net.imglib2.ops.example.Example12Test.xml reported 0.0% of errors [SUCCESS]. Build status is: FAILURE
Performance: File TEST-net.imglib2.ops.example.Example1Test.xml reported 0.0% of errors [SUCCESS]. Build status is: FAILURE
Performance: File TEST-net.imglib2.ops.example.Example2Test.xml reported 0.0% of errors [SUCCESS]. Build status is: FAILURE
Performance: File TEST-net.imglib2.ops.example.Example3Test.xml reported 0.0% of errors [SUCCESS]. Build status is: FAILURE
Performance: File TEST-net.imglib2.ops.example.Example4Test.xml reported 0.0% of errors [SUCCESS]. Build status is: FAILURE
Performance: File TEST-net.imglib2.ops.example.Example5Test.xml reported 0.0% of errors [SUCCESS]. Build status is: FAILURE
Performance: File TEST-net.imglib2.ops.example.Example6Test.xml reported 0.0% of errors [SUCCESS]. Build status is: FAILURE
Performance: File TEST-net.imglib2.ops.example.Example7Test.xml reported 0.0% of errors [SUCCESS]. Build status is: FAILURE
Performance: File TEST-net.imglib2.ops.example.Example8Test.xml reported 0.0% of errors [SUCCESS]. Build status is: FAILURE
Performance: File TEST-net.imglib2.ops.example.Example9Test.xml reported 0.0% of errors [SUCCESS]. Build status is: FAILURE
Performance: File TEST-net.imglib2.ops.operation.binary.bool.BinaryAndNotTest.xml reported 0.0% of errors [SUCCESS]. Build status is: FAILURE
Performance: File TEST-net.imglib2.ops.operation.binary.bool.BinaryXorTest.xml reported 0.0% of errors [SUCCESS]. Build status is: FAILURE
Performance: File TEST-net.imglib2.ops.operation.binary.complex.ComplexAddTest.xml reported 0.0% of errors [SUCCESS]. Build status is: FAILURE
Performance: File TEST-net.imglib2.ops.operation.binary.complex.ComplexAvgTest.xml reported 0.0% of errors [SUCCESS]. Build status is: FAILURE
Performance: File TEST-net.imglib2.ops.operation.binary.complex.ComplexCopyLeftTest.xml reported 0.0% of errors [SUCCESS]. Build status is: FAILURE
Performance: File TEST-net.imglib2.ops.operation.binary.complex.ComplexCopyRightTest.xml reported 0.0% of errors [SUCCESS]. Build status is: FAILURE
Performance: File TEST-net.imglib2.ops.operation.binary.complex.ComplexDifferenceTest.xml reported 0.0% of errors [SUCCESS]. Build status is: FAILURE
Performance: File TEST-net.imglib2.ops.operation.binary.complex.ComplexDivideTest.xml reported 0.0% of errors [SUCCESS]. Build status is: FAILURE
Performance: File TEST-net.imglib2.ops.operation.binary.complex.ComplexMultiplyTest.xml reported 0.0% of errors [SUCCESS]. Build status is: FAILURE
Performance: File TEST-net.imglib2.ops.operation.binary.complex.ComplexPowerTest.xml reported 0.0% of errors [SUCCESS]. Build status is: FAILURE
Performance: File TEST-net.imglib2.ops.operation.binary.complex.ComplexSubtractTest.xml reported 0.0% of errors [SUCCESS]. Build status is: FAILURE
Performance: File TEST-net.imglib2.ops.operation.unary.complex.ComplexExpTest.xml reported 0.0% of errors [SUCCESS]. Build status is: FAILURE
Performance: File TEST-net.imglib2.ops.operation.unary.complex.ComplexIntegerPowerTest.xml reported 0.0% of errors [SUCCESS]. Build status is: FAILURE
Performance: File TEST-net.imglib2.ops.operation.unary.complex.ComplexLogTest.xml reported 0.0% of errors [SUCCESS]. Build status is: FAILURE
Performance: File TEST-net.imglib2.ops.operation.unary.complex.ComplexReciprocalTest.xml reported 0.0% of errors [SUCCESS]. Build status is: FAILURE
Performance: File TEST-script.imglib.test.TestExtend.xml reported 0.0% of errors [SUCCESS]. Build status is: FAILURE
Performance: File TEST-script.imglib.test.TestIntegralImage.xml reported 0.0% of errors [SUCCESS]. Build status is: FAILURE
Performance: File TEST-script.imglib.test.TestIntegralImagePerformance.xml reported 0.0% of errors [SUCCESS]. Build status is: FAILURE
Performance: File TEST-script.imglib.test.TestReduce.xml reported 0.0% of errors [SUCCESS]. Build status is: FAILURE
Performance: File TEST-script.imglib.test.TestTransformations.xml reported 0.0% of errors [SUCCESS]. Build status is: FAILURE
Performance: File TEST-net.imglib2.view.MixedTransformConcatenateTest.xml reported 0.0% of errors [SUCCESS]. Build status is: FAILURE
Performance: File TEST-net.imglib2.view.SlicingTransformConcatenateTest.xml reported 0.0% of errors [SUCCESS]. Build status is: FAILURE
Performance: File TEST-net.imglib2.view.TranslationTransformConcatenateTest.xml reported 0.0% of errors [SUCCESS]. Build status is: FAILURE

</PRE>








<!--endarticle-->
    <HR>
    <P><UL>
        <!--threads-->
	<LI>Previous message: <A HREF="000886.html">[ImageJ-devel] Jenkins build is back to normal : ImgLib-daily #433
</A></li>
	<LI>Next message: <A HREF="000876.html">[ImageJ-devel] Jenkins build is back to normal : ImgLib #744
</A></li>
         <LI> <B>Messages sorted by:</B> 
              <a href="date.html#875">[ date ]</a>
              <a href="thread.html#875">[ thread ]</a>
              <a href="subject.html#875">[ subject ]</a>
              <a href="author.html#875">[ author ]</a>
         </LI>
       </UL>

<hr>
<a href="http://imagej.net/mailman/listinfo/imagej-devel">More information about the ImageJ-devel
mailing list</a><br>
</body></html>
