<!DOCTYPE HTML PUBLIC "-//W3C//DTD HTML 4.01 Transitional//EN">
<HTML>
 <HEAD>
   <TITLE> [ImageJ-devel] Build failed in Jenkins: ImageJ1-unit-tests #17
   </TITLE>
   <LINK REL="Index" HREF="index.html" >
   <LINK REL="made" HREF="mailto:imagej-devel%40imagej.net?Subject=Re%3A%20%5BImageJ-devel%5D%20Build%20failed%20in%20Jenkins%3A%20ImageJ1-unit-tests%20%2317&In-Reply-To=%3C219467216.68.1334538729337.JavaMail.jenkins%40dev%3E">
   <META NAME="robots" CONTENT="index,nofollow">
   <style type="text/css">
       pre {
           white-space: pre-wrap;       /* css-2.1, curent FF, Opera, Safari */
           }
   </style>
   <META http-equiv="Content-Type" content="text/html; charset=us-ascii">
   <LINK REL="Previous"  HREF="000864.html">
   <LINK REL="Next"  HREF="000892.html">
 </HEAD>
 <BODY BGCOLOR="#ffffff">
   <H1>[ImageJ-devel] Build failed in Jenkins: ImageJ1-unit-tests #17</H1>
    <B>jenkins at imagej.net</B> 
    <A HREF="mailto:imagej-devel%40imagej.net?Subject=Re%3A%20%5BImageJ-devel%5D%20Build%20failed%20in%20Jenkins%3A%20ImageJ1-unit-tests%20%2317&In-Reply-To=%3C219467216.68.1334538729337.JavaMail.jenkins%40dev%3E"
       TITLE="[ImageJ-devel] Build failed in Jenkins: ImageJ1-unit-tests #17">jenkins at imagej.net
       </A><BR>
    <I>Sun Apr 15 20:12:09 CDT 2012</I>
    <P><UL>
        <LI>Previous message: <A HREF="000864.html">[ImageJ-devel] Build failed in Jenkins: ImageJ1-unit-tests #16
</A></li>
        <LI>Next message: <A HREF="000892.html">[ImageJ-devel] Build failed in Jenkins: ImageJ1-unit-tests #18
</A></li>
         <LI> <B>Messages sorted by:</B> 
              <a href="date.html#865">[ date ]</a>
              <a href="thread.html#865">[ thread ]</a>
              <a href="subject.html#865">[ subject ]</a>
              <a href="author.html#865">[ author ]</a>
         </LI>
       </UL>
    <HR>  
<!--beginarticle-->
<PRE>See &lt;<A HREF="http://jenkins.imagej.net/job/ImageJ1-unit-tests/17/">http://jenkins.imagej.net/job/ImageJ1-unit-tests/17/</A>&gt;

------------------------------------------
Started by upstream project &quot;Synchronize-and-deploy-IJ1&quot; build number 1409
Building on master
Checkout:workspace / &lt;<A HREF="http://jenkins.imagej.net/job/ImageJ1-unit-tests/ws/">http://jenkins.imagej.net/job/ImageJ1-unit-tests/ws/</A>&gt; - <A HREF="http://imagej.net/mailman/listinfo/imagej-devel">hudson.remoting.LocalChannel at 1752c491</A>
Using strategy: Default
Last Built Revision: Revision 4d6612968668dc9e0a096c340adc1e306f913b2d (origin/master)
Checkout:workspace / &lt;<A HREF="http://jenkins.imagej.net/job/ImageJ1-unit-tests/ws/">http://jenkins.imagej.net/job/ImageJ1-unit-tests/ws/</A>&gt; - <A HREF="http://imagej.net/mailman/listinfo/imagej-devel">hudson.remoting.LocalChannel at 1752c491</A>
GitAPI created
Fetching changes from the remote Git repository
Fetching upstream changes from <A HREF="git://github.com/imagej/ij1-tests">git://github.com/imagej/ij1-tests</A>
[workspace] $ git fetch -t <A HREF="git://github.com/imagej/ij1-tests">git://github.com/imagej/ij1-tests</A> +refs/heads/*:refs/remotes/origin/*
[workspace] $ git ls-tree HEAD
Seen branch in repository origin/master
Commencing build of Revision 4d6612968668dc9e0a096c340adc1e306f913b2d (origin/master)
GitAPI created
Checking out Revision 4d6612968668dc9e0a096c340adc1e306f913b2d (origin/master)
[workspace] $ git checkout -f 4d6612968668dc9e0a096c340adc1e306f913b2d
[workspace] $ git tag -a -f -m &quot;Hudson Build #17&quot; hudson-ImageJ1-unit-tests-17
Recording changes in branch origin/master
[workspace] $ git whatchanged --no-abbrev -M --pretty=raw 4d6612968668dc9e0a096c340adc1e306f913b2d..4d6612968668dc9e0a096c340adc1e306f913b2d
[workspace] $ mvn clean test
[INFO] Scanning for projects...
[INFO] ------------------------------------------------------------------------
[INFO] Building ImageJ1 unit tests
[INFO]    task-segment: [clean, test]
[INFO] ------------------------------------------------------------------------
[INFO] [clean:clean {execution: default-clean}]
[INFO] Deleting /data/devel/jenkins/jobs/ImageJ1-unit-tests/workspace/target
[debug] execute contextualize
[INFO] [resources:resources {execution: default-resources}]
[INFO] Using 'UTF-8' encoding to copy filtered resources.
[INFO] skip non existing resourceDirectory /data/devel/jenkins/jobs/ImageJ1-unit-tests/workspace/src/main/resources
[INFO] [compiler:compile {execution: default-compile}]
[INFO] No sources to compile
[debug] execute contextualize
[INFO] [resources:testResources {execution: default-testResources}]
[INFO] Using 'UTF-8' encoding to copy filtered resources.
[INFO] Copying 28 resources
[INFO] [compiler:testCompile {execution: default-testCompile}]
[INFO] Compiling 85 source files to /data/devel/jenkins/jobs/ImageJ1-unit-tests/workspace/target/test-classes
[INFO] [surefire:test {execution: default-test}]
[INFO] Surefire report directory: /data/devel/jenkins/jobs/ImageJ1-unit-tests/workspace/target/surefire-reports

-------------------------------------------------------
 T E S T S
-------------------------------------------------------
Running ij.IJEventListenerTest
Tests run: 2, Failures: 0, Errors: 0, Skipped: 0, Time elapsed: 0.029 sec
Running ij.process.FloatProcessorTest
Tests run: 81, Failures: 0, Errors: 0, Skipped: 0, Time elapsed: 0.835 sec
Running ij.process.LUTTest
Tests run: 7, Failures: 0, Errors: 0, Skipped: 0, Time elapsed: 0.004 sec
Running ij.process.ByteProcessorTest
Tests run: 71, Failures: 0, Errors: 0, Skipped: 0, Time elapsed: 0.6 sec
Running ij.process.ShortProcessorTest
Tests run: 86, Failures: 0, Errors: 0, Skipped: 0, Time elapsed: 6.476 sec
Running ij.process.ColorProcessorTest
Tests run: 86, Failures: 4, Errors: 0, Skipped: 0, Time elapsed: 1.296 sec &lt;&lt;&lt; FAILURE!
Running ij.process.ImageProcessorTest
Tests run: 184, Failures: 0, Errors: 0, Skipped: 0, Time elapsed: 1.328 sec
Running ij.process.BinaryProcessorTest
Tests run: 5, Failures: 0, Errors: 0, Skipped: 0, Time elapsed: 0.13 sec
Running ij.io.DirectoryChooserTest
Tests run: 3, Failures: 0, Errors: 0, Skipped: 0, Time elapsed: 0.001 sec
Running ij.io.RandomAccessStreamTest
Tests run: 16, Failures: 0, Errors: 0, Skipped: 0, Time elapsed: 0.008 sec
Running ij.io.FileOpenerTest
Tests run: 8, Failures: 0, Errors: 0, Skipped: 0, Time elapsed: 0.48 sec
Running ij.io.BitBufferTest
Tests run: 2, Failures: 0, Errors: 0, Skipped: 0, Time elapsed: 0 sec
Running ij.io.ImageWriterTest
Tests run: 1, Failures: 0, Errors: 0, Skipped: 0, Time elapsed: 0.034 sec
Running ij.io.FileInfoTest
Tests run: 6, Failures: 0, Errors: 0, Skipped: 0, Time elapsed: 0.003 sec
Running ij.io.ImageReaderTest
java.net.MalformedURLException: no protocol: ashdjjfj
java.net.UnknownHostException: fred.joe.john.edu
java.io.FileNotFoundException: <A HREF="http://www.google.com/ooglywooglygugglychoogly.tiff">http://www.google.com/ooglywooglygugglychoogly.tiff</A>
Tests run: 16, Failures: 1, Errors: 0, Skipped: 0, Time elapsed: 1.134 sec &lt;&lt;&lt; FAILURE!
Running ij.CommandListenerTest
Tests run: 1, Failures: 0, Errors: 0, Skipped: 0, Time elapsed: 0 sec
Running ij.ImagePlusTest
The Cut and Copy commands require
an area selection, or no selection.
The Cut and Copy commands require
an area selection, or no selection.
Tests run: 125, Failures: 2, Errors: 0, Skipped: 0, Time elapsed: 0.08 sec &lt;&lt;&lt; FAILURE!
Running ij.VirtualStackTest
Tests run: 22, Failures: 0, Errors: 0, Skipped: 0, Time elapsed: 0.031 sec
Running ij.macro.SymbolTest
Tests run: 4, Failures: 0, Errors: 0, Skipped: 0, Time elapsed: 0.001 sec
Running ij.macro.ReturnExceptionTest
Tests run: 1, Failures: 0, Errors: 0, Skipped: 0, Time elapsed: 0 sec
Running ij.ImageListenerTest
Tests run: 1, Failures: 0, Errors: 0, Skipped: 0, Time elapsed: 0 sec
Running ij.CompositeImageTest
Tests run: 29, Failures: 1, Errors: 0, Skipped: 0, Time elapsed: 0.041 sec &lt;&lt;&lt; FAILURE!
Running ij.util.ToolsTest
Tests run: 13, Failures: 0, Errors: 0, Skipped: 0, Time elapsed: 0.003 sec
Running ij.util.StringSorterTest
Tests run: 1, Failures: 0, Errors: 0, Skipped: 0, Time elapsed: 0.001 sec
Running ij.UndoTest
Tests run: 1, Failures: 0, Errors: 0, Skipped: 0, Time elapsed: 0.001 sec
Running ij.ExecuterTest
Tests run: 6, Failures: 0, Errors: 0, Skipped: 0, Time elapsed: 1.005 sec
Running ij.LookUpTableTest
Tests run: 8, Failures: 0, Errors: 0, Skipped: 0, Time elapsed: 0 sec
Running ij.ImageStackTest
Tests run: 27, Failures: 0, Errors: 0, Skipped: 0, Time elapsed: 1.018 sec
Running ij.measure.MeasurementsTest
Tests run: 1, Failures: 0, Errors: 0, Skipped: 0, Time elapsed: 0 sec
Running ij.measure.CalibrationTest
Tests run: 35, Failures: 2, Errors: 0, Skipped: 0, Time elapsed: 0.053 sec &lt;&lt;&lt; FAILURE!
Running ij.measure.ResultsTableTest
Tests run: 37, Failures: 0, Errors: 0, Skipped: 0, Time elapsed: 0.791 sec
Running ij.measure.CurveFitterTest
Tests run: 24, Failures: 10, Errors: 5, Skipped: 0, Time elapsed: 0.15 sec &lt;&lt;&lt; FAILURE!
Running ij.measure.SplineFitterTest
Tests run: 2, Failures: 0, Errors: 0, Skipped: 0, Time elapsed: 0.001 sec
Running ij.gui.ArrowTest
Tests run: 13, Failures: 0, Errors: 0, Skipped: 0, Time elapsed: 0.003 sec
Running ij.gui.ProgressBarTest
Tests run: 8, Failures: 0, Errors: 0, Skipped: 0, Time elapsed: 0.002 sec
Running ij.gui.OverlayTest
Tests run: 12, Failures: 0, Errors: 0, Skipped: 0, Time elapsed: 0.003 sec
Running ij.gui.LineTest
Tests run: 16, Failures: 1, Errors: 0, Skipped: 0, Time elapsed: 0.009 sec &lt;&lt;&lt; FAILURE!
Running ij.gui.TrimmedButtonTest
Tests run: 1, Failures: 0, Errors: 0, Skipped: 0, Time elapsed: 0 sec
Running ij.gui.RoiTest
Tests run: 53, Failures: 3, Errors: 0, Skipped: 0, Time elapsed: 0.022 sec &lt;&lt;&lt; FAILURE!
Running ij.gui.WandTest
Tests run: 8, Failures: 0, Errors: 0, Skipped: 0, Time elapsed: 0.002 sec
Running ij.gui.ToolbarTest
Tests run: 1, Failures: 0, Errors: 0, Skipped: 0, Time elapsed: 0 sec
Running ij.gui.TextRoiTest
Tests run: 14, Failures: 0, Errors: 0, Skipped: 0, Time elapsed: 0.005 sec
Running ij.gui.PolygonRoiTest
Tests run: 24, Failures: 2, Errors: 0, Skipped: 0, Time elapsed: 0.014 sec &lt;&lt;&lt; FAILURE!
Running ij.gui.ImageRoiTest
Tests run: 5, Failures: 0, Errors: 0, Skipped: 0, Time elapsed: 0.001 sec
Running ij.gui.ProfilePlotTest
Tests run: 6, Failures: 0, Errors: 0, Skipped: 0, Time elapsed: 0.002 sec
Running ij.gui.FreehandRoiTest
Tests run: 1, Failures: 0, Errors: 0, Skipped: 0, Time elapsed: 0.001 sec
Running ij.gui.ShapeRoiTest
Tests run: 22, Failures: 0, Errors: 0, Skipped: 0, Time elapsed: 0.127 sec
Running ij.gui.OvalRoiTest
Tests run: 9, Failures: 0, Errors: 0, Skipped: 0, Time elapsed: 0.003 sec
Running ij.gui.PlotTest
Tests run: 20, Failures: 0, Errors: 0, Skipped: 0, Time elapsed: 0.135 sec
Running ij.gui.PointRoiTest
Tests run: 10, Failures: 0, Errors: 3, Skipped: 0, Time elapsed: 0.022 sec &lt;&lt;&lt; FAILURE!

Results :

Failed tests:   testGetfIntInt(ij.process.ColorProcessorTest): expected:&lt;33.0&gt; but was:&lt;99.0&gt;
  testGetfInt(ij.process.ColorProcessorTest): expected:&lt;33.0&gt; but was:&lt;99.0&gt;
  testSetfIntIntFloat(ij.process.ColorProcessorTest): expected:&lt;33.0&gt; but was:&lt;99.0&gt;
  testSetfIntFloat(ij.process.ColorProcessorTest): expected:&lt;33.0&gt; but was:&lt;99.0&gt;
  testLzwUncompress(ij.io.ImageReaderTest): array lengths differed, expected.length=13 actual.length=0
  testToString(ij.ImagePlusTest): expected:&lt;imp[Arckle [2x1x1]]&gt; but was:&lt;imp[Arckle [(2x1x1x1x1)]]&gt;
  testGetFileInfo(ij.ImagePlusTest): expected:&lt;12&gt; but was:&lt;2&gt;
  testSetChannelLutLUT(ij.CompositeImageTest)
  testGetCValueInt(ij.measure.CalibrationTest): expected:&lt;-12.815510557964274&gt; but was:&lt;NaN&gt;
  testGetCValueDouble(ij.measure.CalibrationTest): expected:&lt;-12.815510557964274&gt; but was:&lt;NaN&gt;
  testConstants(ij.measure.CurveFitterTest): expected:&lt;y = a[*]x^b&gt; but was:&lt;y = a[]x^b&gt;
  testDoFitIntBoolean(ij.measure.CurveFitterTest): Assert.assertDoubleArraysEqual(double[],double[]) items differ at index 0: expected 2.0 and got 2.0011829468898386
  testFIntDoubleArrayDouble(ij.measure.CurveFitterTest)
  testGetResiduals(ij.measure.CurveFitterTest): expected:&lt;0.0&gt; but was:&lt;1.4006385803222656&gt;
  testGetSumResidualsSqr(ij.measure.CurveFitterTest): expected:&lt;1890.14122&gt; but was:&lt;26.43688259804273&gt;
  testGetSD(ij.measure.CurveFitterTest): expected:&lt;10.45104&gt; but was:&lt;10.444040599931316&gt;
  testGetRSquared(ij.measure.CurveFitterTest): expected:&lt;0.84155&gt; but was:&lt;0.9994373712474635&gt;
  testGetFitGoodness(ij.measure.CurveFitterTest): expected:&lt;-0.59996&gt; but was:&lt;0.9981068051417952&gt;
  testGetResultString(ij.measure.CurveFitterTest): expected:&lt;...d+(a-d)/(1+(x/c)^b)
  testGetFit(ij.measure.CurveFitterTest): expected:&lt;20&gt; but was:&lt;100&gt;
  testGetPolygon(ij.gui.LineTest): expected:&lt;1&gt; but was:&lt;2&gt;
  testIsDrawingTool(ij.gui.RoiTest)
  testGetFloatPolygon(ij.gui.RoiTest)
  testSetRoundRectArcSize(ij.gui.RoiTest)
  testDrawPixelsImageProcessor(ij.gui.PolygonRoiTest): expected:&lt;33&gt; but was:&lt;0&gt;
  testGetPolygon(ij.gui.PolygonRoiTest): expected:&lt;2&gt; but was:&lt;1&gt;

Tests in error: 
  testDoCustomFit(ij.measure.CurveFitterTest): 2
  testGetNumParams(ij.measure.CurveFitterTest): 3
  testFDoubleArrayDouble(ij.measure.CurveFitterTest): 2
  testGetName(ij.measure.CurveFitterTest): 2
  testGetFormula(ij.measure.CurveFitterTest): 2
  testPointRoiIntArrayIntArrayInt(ij.gui.PointRoiTest)
  testAddPointIntInt(ij.gui.PointRoiTest): 0
  testSubtractPointsRoi(ij.gui.PointRoiTest)

Tests run: 1135, Failures: 26, Errors: 8, Skipped: 0

[INFO] ------------------------------------------------------------------------
[ERROR] BUILD FAILURE
[INFO] ------------------------------------------------------------------------
[INFO] There are test failures.

Please refer to /data/devel/jenkins/jobs/ImageJ1-unit-tests/workspace/target/surefire-reports for the individual test results.
[INFO] ------------------------------------------------------------------------
[INFO] For more information, run Maven with the -e switch
[INFO] ------------------------------------------------------------------------
[INFO] Total time: 20 seconds
[INFO] Finished at: Sun Apr 15 20:12:09 CDT 2012
[INFO] Final Memory: 25M/456M
[INFO] ------------------------------------------------------------------------

</PRE>


<!--endarticle-->
    <HR>
    <P><UL>
        <!--threads-->
	<LI>Previous message: <A HREF="000864.html">[ImageJ-devel] Build failed in Jenkins: ImageJ1-unit-tests #16
</A></li>
	<LI>Next message: <A HREF="000892.html">[ImageJ-devel] Build failed in Jenkins: ImageJ1-unit-tests #18
</A></li>
         <LI> <B>Messages sorted by:</B> 
              <a href="date.html#865">[ date ]</a>
              <a href="thread.html#865">[ thread ]</a>
              <a href="subject.html#865">[ subject ]</a>
              <a href="author.html#865">[ author ]</a>
         </LI>
       </UL>

<hr>
<a href="http://imagej.net/mailman/listinfo/imagej-devel">More information about the ImageJ-devel
mailing list</a><br>
</body></html>
