<!DOCTYPE HTML PUBLIC "-//W3C//DTD HTML 4.01 Transitional//EN">
<HTML>
 <HEAD>
   <TITLE> [ImageJ-devel] Build failed in Jenkins: ImgLib-daily #441
   </TITLE>
   <LINK REL="Index" HREF="index.html" >
   <LINK REL="made" HREF="mailto:imagej-devel%40imagej.net?Subject=Re%3A%20%5BImageJ-devel%5D%20Build%20failed%20in%20Jenkins%3A%20ImgLib-daily%20%23441&In-Reply-To=%3C88149273.113.1335591328081.JavaMail.jenkins%40dev%3E">
   <META NAME="robots" CONTENT="index,nofollow">
   <style type="text/css">
       pre {
           white-space: pre-wrap;       /* css-2.1, curent FF, Opera, Safari */
           }
   </style>
   <META http-equiv="Content-Type" content="text/html; charset=us-ascii">
   <LINK REL="Previous"  HREF="000903.html">
   <LINK REL="Next"  HREF="000904.html">
 </HEAD>
 <BODY BGCOLOR="#ffffff">
   <H1>[ImageJ-devel] Build failed in Jenkins: ImgLib-daily #441</H1>
    <B>jenkins at imagej.net</B> 
    <A HREF="mailto:imagej-devel%40imagej.net?Subject=Re%3A%20%5BImageJ-devel%5D%20Build%20failed%20in%20Jenkins%3A%20ImgLib-daily%20%23441&In-Reply-To=%3C88149273.113.1335591328081.JavaMail.jenkins%40dev%3E"
       TITLE="[ImageJ-devel] Build failed in Jenkins: ImgLib-daily #441">jenkins at imagej.net
       </A><BR>
    <I>Sat Apr 28 00:35:28 CDT 2012</I>
    <P><UL>
        <LI>Previous message: <A HREF="000903.html">[ImageJ-devel] Jenkins build is back to normal : ImgLib #779
</A></li>
        <LI>Next message: <A HREF="000904.html">[ImageJ-devel] Jenkins build is back to normal : ImgLib-daily #442
</A></li>
         <LI> <B>Messages sorted by:</B> 
              <a href="date.html#902">[ date ]</a>
              <a href="thread.html#902">[ thread ]</a>
              <a href="subject.html#902">[ subject ]</a>
              <a href="author.html#902">[ author ]</a>
         </LI>
       </UL>
    <HR>  
<!--beginarticle-->
<PRE>See &lt;<A HREF="http://jenkins.imagej.net/job/ImgLib-daily/441/changes">http://jenkins.imagej.net/job/ImgLib-daily/441/changes</A>&gt;

Changes:

[Tobias Pietzsch] added benchmarks to compare XYProjector and XYRandomAccessibleProjector.

[Stephan Saalfeld] Refactored converters.

[Tobias Pietzsch] made ARGBScreenImage extend ArrayImg instead of keeping one.

[Tobias Pietzsch] added two static convenience methods to create Intervals.

[Tobias Pietzsch] removed unused parameter in AbstractOutOfBoundsValue constructor

[Tobias Pietzsch] fixed a bug in OutOfBoundsValue.

[Tobias Pietzsch] replaced looping move() implementations in AbstractOutOfBounds by a setPosition.

------------------------------------------
[...truncated 846 lines...]
[INFO] skip non existing resourceDirectory /data/devel/jenkins/jobs/ImgLib-daily/workspace/imglib2/core/src/test/resources
[INFO] [compiler:testCompile {execution: default-testCompile}]
[INFO] Compiling 44 source files to /data/devel/jenkins/jobs/ImgLib-daily/workspace/imglib2/core/target/test-classes
[INFO] [surefire:test {execution: default-test}]
[INFO] Surefire report directory: /data/devel/jenkins/jobs/ImgLib-daily/workspace/imglib2/core/target/surefire-reports

-------------------------------------------------------
 T E S T S
-------------------------------------------------------
Running tests.labeling.LabelingTest
Tests run: 16, Failures: 0, Errors: 1, Skipped: 0, Time elapsed: 1.086 sec &lt;&lt;&lt; FAILURE!
Running tests.labeling.LabelingOutOfBoundsTest
Tests run: 3, Failures: 0, Errors: 0, Skipped: 0, Time elapsed: 0 sec
Running tests.BasicTest
Tests run: 5, Failures: 0, Errors: 0, Skipped: 0, Time elapsed: 0.005 sec
Running tests.roi.TestAbstractRegionOfInterest
Tests run: 17, Failures: 0, Errors: 0, Skipped: 0, Time elapsed: 0.024 sec
Running net.imglib2.view.RandomAccessibleIntervalCursorTest
Tests run: 4, Failures: 0, Errors: 0, Skipped: 0, Time elapsed: 0.112 sec
Running net.imglib2.view.RandomAccessTest
Tests run: 2, Failures: 0, Errors: 0, Skipped: 0, Time elapsed: 0.103 sec
Running net.imglib2.view.SequentializeTransformTest
Tests run: 4, Failures: 0, Errors: 0, Skipped: 0, Time elapsed: 0.003 sec
Running net.imglib2.IterableIntervalSubsetTest
testcase 0 ( n=1 )
testing subset [ 1, 21 ] size=21
testing subset [ 22, 32 ] size=11
testing subset [ 33, 33 ] size=1
testing subset [ 34, 56 ] size=23
testing subset [ 57, 79 ] size=23
testing subset [ 80, 98 ] size=19
testing subset [ 99, 113 ] size=15
testing subset [ 114, 126 ] size=13
testing subset [ 127, 129 ] size=3
testcase 1 ( n=1 )
testing subset [ 1, 47 ] size=47
testing subset [ 48, 67 ] size=20
testing subset [ 68, 119 ] size=52
testing subset [ 120, 127 ] size=8
testing subset [ 128, 132 ] size=5
testing subset [ 133, 157 ] size=25
testing subset [ 158, 208 ] size=51
testing subset [ 209, 242 ] size=34
testing subset [ 243, 269 ] size=27
testing subset [ 270, 273 ] size=4
testing subset [ 274, 293 ] size=20
testcase 2 ( n=2 )
testing subset [ 1, 1879 ] size=1879
testing subset [ 1880, 2453 ] size=574
testing subset [ 2454, 3237 ] size=784
testing subset [ 3238, 4099 ] size=862
testing subset [ 4100, 4568 ] size=469
testing subset [ 4569, 4842 ] size=274
testing subset [ 4843, 6245 ] size=1403
testing subset [ 6246, 6468 ] size=223
testing subset [ 6469, 7438 ] size=970
testing subset [ 7439, 7833 ] size=395
testing subset [ 7834, 8851 ] size=1018
testing subset [ 8852, 10086 ] size=1235
testing subset [ 10087, 12179 ] size=2093
testing subset [ 12180, 14830 ] size=2651
testing subset [ 14831, 15534 ] size=704
testcase 3 ( n=2 )
testing subset [ 1, 4306 ] size=4306
testing subset [ 4307, 4666 ] size=360
testing subset [ 4667, 8462 ] size=3796
testing subset [ 8463, 10747 ] size=2285
testing subset [ 10748, 14244 ] size=3497
testing subset [ 14245, 16462 ] size=2218
testing subset [ 16463, 19484 ] size=3022
testing subset [ 19485, 23982 ] size=4498
testcase 4 ( n=3 )
testing subset [ 1, 1022 ] size=1022
testing subset [ 1023, 2084 ] size=1062
testing subset [ 2085, 2213 ] size=129
testing subset [ 2214, 3295 ] size=1082
testing subset [ 3296, 3577 ] size=282
testing subset [ 3578, 4765 ] size=1188
testing subset [ 4766, 5979 ] size=1214
testing subset [ 5980, 5980 ] size=1
testing subset [ 5981, 6432 ] size=452
testing subset [ 6433, 6528 ] size=96
testcase 5 ( n=3 )
testing subset [ 1, 17428 ] size=17428
testing subset [ 17429, 29934 ] size=12506
testing subset [ 29935, 52792 ] size=22858
testing subset [ 52793, 65318 ] size=12526
testing subset [ 65319, 87744 ] size=22426
testing subset [ 87745, 101504 ] size=13760
testing subset [ 101505, 115037 ] size=13533
testing subset [ 115038, 136661 ] size=21624
testcase 6 ( n=3 )
testing subset [ 1, 61755 ] size=61755
testing subset [ 61756, 98910 ] size=37155
testing subset [ 98911, 102833 ] size=3923
testing subset [ 102834, 120883 ] size=18050
testing subset [ 120884, 146525 ] size=25642
testing subset [ 146526, 188388 ] size=41863
testing subset [ 188389, 210389 ] size=22001
testing subset [ 210390, 264168 ] size=53779
testing subset [ 264169, 303800 ] size=39632
testing subset [ 303801, 343752 ] size=39952
testing subset [ 343753, 374947 ] size=31195
testing subset [ 374948, 427629 ] size=52682
testcase 7 ( n=4 )
testing subset [ 1, 82787 ] size=82787
testing subset [ 82788, 131556 ] size=48769
testing subset [ 131557, 172639 ] size=41083
testing subset [ 172640, 248841 ] size=76202
testing subset [ 248842, 330909 ] size=82068
testing subset [ 330910, 415622 ] size=84713
testing subset [ 415623, 494960 ] size=79338
testcase 8 ( n=4 )
testing subset [ 1, 7471 ] size=7471
testing subset [ 7472, 44839 ] size=37368
testing subset [ 44840, 73198 ] size=28359
testing subset [ 73199, 74198 ] size=1000
testing subset [ 74199, 106891 ] size=32693
testing subset [ 106892, 156865 ] size=49974
testing subset [ 156866, 170137 ] size=13272
testing subset [ 170138, 216653 ] size=46516
testing subset [ 216654, 227868 ] size=11215
testing subset [ 227869, 243261 ] size=15393
testing subset [ 243262, 286796 ] size=43535
testcase 9 ( n=5 )
testing subset [ 1, 26844 ] size=26844
testing subset [ 26845, 27063 ] size=219
testing subset [ 27064, 53566 ] size=26503
testing subset [ 53567, 68219 ] size=14653
testing subset [ 68220, 72763 ] size=4544
testing subset [ 72764, 74230 ] size=1467
testing subset [ 74231, 98051 ] size=23821
testing subset [ 98052, 124710 ] size=26659
testing subset [ 124711, 151764 ] size=27054
testcase 10 ( n=5 )
testing subset [ 1, 7723 ] size=7723
testing subset [ 7724, 89049 ] size=81326
testing subset [ 89050, 146786 ] size=57737
testing subset [ 146787, 156484 ] size=9698
testing subset [ 156485, 185817 ] size=29333
testing subset [ 185818, 248290 ] size=62473
testing subset [ 248291, 311965 ] size=63675
testing subset [ 311966, 367569 ] size=55604
testing subset [ 367570, 448176 ] size=80607
Tests run: 1, Failures: 0, Errors: 0, Skipped: 0, Time elapsed: 0.1 sec
Running net.imglib2.nearestneighbor.KDTreeTest
kdtree setup took: 13 ms.
comparison (kdtree &lt;-&gt; exhaustive) search took: 26 ms.
kdtree search took: 2 ms.
kdtree all together took: 15 ms.
exhaustive search took: 3 ms.
kdtree setup took: 2 ms.
comparison (kdtree &lt;-&gt; exhaustive) search took: 20 ms.
kdtree search took: 2 ms.
kdtree all together took: 4 ms.
exhaustive search took: 1 ms.
kdtree setup took: 3 ms.
comparison (kdtree &lt;-&gt; exhaustive) search took: 42 ms.
kdtree search took: 1 ms.
kdtree all together took: 4 ms.
exhaustive search took: 5 ms.
Tests run: 3, Failures: 0, Errors: 0, Skipped: 0, Time elapsed: 0.126 sec
Running net.imglib2.nearestneighbor.NearestNeighborSearchOnIterableRealIntervalTest
Tests run: 1, Failures: 0, Errors: 0, Skipped: 0, Time elapsed: 0.002 sec
Running net.imglib2.outofbounds.OutOfBoundsMirrorSingleBoundaryTest
Tests run: 4, Failures: 0, Errors: 4, Skipped: 0, Time elapsed: 0.065 sec &lt;&lt;&lt; FAILURE!
Running net.imglib2.outofbounds.OutOfBoundsMirrorDoubleBoundaryTest
Tests run: 4, Failures: 0, Errors: 4, Skipped: 0, Time elapsed: 0.044 sec &lt;&lt;&lt; FAILURE!
Running net.imglib2.outofbounds.OutOfBoundsPeriodicTest
Tests run: 4, Failures: 0, Errors: 0, Skipped: 0, Time elapsed: 0.001 sec
Running net.imglib2.img.planar.CopyTest
Tests run: 4, Failures: 0, Errors: 0, Skipped: 0, Time elapsed: 0.226 sec
Running net.imglib2.img.cell.CellCursorTest
Tests run: 7, Failures: 0, Errors: 0, Skipped: 0, Time elapsed: 0.077 sec
Running net.imglib2.img.cell.CopyTest
Tests run: 5, Failures: 0, Errors: 0, Skipped: 0, Time elapsed: 0.282 sec
Running net.imglib2.img.cell.CellContainerFactoryTest
Tests run: 6, Failures: 0, Errors: 0, Skipped: 0, Time elapsed: 0.004 sec
Running net.imglib2.img.cell.CellTest
Tests run: 9, Failures: 0, Errors: 0, Skipped: 0, Time elapsed: 0.067 sec
Running net.imglib2.img.cell.CellContainerTest
Tests run: 1, Failures: 0, Errors: 0, Skipped: 0, Time elapsed: 0.003 sec
Running net.imglib2.img.transform.ImgTranslationAdapterTest
Tests run: 40, Failures: 0, Errors: 0, Skipped: 0, Time elapsed: 0.026 sec
Running net.imglib2.img.list.CopyTest
Tests run: 4, Failures: 0, Errors: 0, Skipped: 0, Time elapsed: 0.27 sec
Running net.imglib2.TestAbstractRealLocalizable
Tests run: 5, Failures: 0, Errors: 0, Skipped: 0, Time elapsed: 0.003 sec
Running net.imglib2.collection.RealPointSampleListTest
Tests run: 3, Failures: 0, Errors: 0, Skipped: 0, Time elapsed: 0.076 sec
Running net.imglib2.roi.BinaryMaskRegionOfInterestTest
Tests run: 11, Failures: 0, Errors: 0, Skipped: 0, Time elapsed: 0.037 sec
Running net.imglib2.roi.CompositeRegionOfInterestTest
Tests run: 10, Failures: 0, Errors: 0, Skipped: 0, Time elapsed: 0.004 sec
Running net.imglib2.roi.RectangleRegionOfInterestTest
Tests run: 20, Failures: 0, Errors: 0, Skipped: 0, Time elapsed: 0.02 sec
Running net.imglib2.roi.EllipseRegionOfInterestTest
Tests run: 20, Failures: 0, Errors: 0, Skipped: 0, Time elapsed: 0.008 sec
Running net.imglib2.roi.PolygonRegionOfInterestTest
Tests run: 16, Failures: 0, Errors: 0, Skipped: 0, Time elapsed: 0.12 sec
Running net.imglib2.PointTest
Tests run: 25, Failures: 0, Errors: 0, Skipped: 0, Time elapsed: 0.009 sec
Running net.imglib2.position.transform.FloorOffsetTest
Tests run: 28, Failures: 0, Errors: 0, Skipped: 0, Time elapsed: 0.015 sec
Running net.imglib2.RealPointTest
Tests run: 31, Failures: 0, Errors: 0, Skipped: 0, Time elapsed: 0.01 sec
Running net.imglib2.util.ImgUtilTest
Tests run: 8, Failures: 0, Errors: 0, Skipped: 0, Time elapsed: 0.004 sec
Running net.imglib2.util.KthElementTest
Tests run: 18, Failures: 0, Errors: 0, Skipped: 0, Time elapsed: 0.008 sec
Running net.imglib2.util.PartitionTest
Tests run: 15, Failures: 0, Errors: 0, Skipped: 0, Time elapsed: 0.005 sec
Running net.imglib2.util.RealSumTest
Tests run: 6, Failures: 0, Errors: 0, Skipped: 0, Time elapsed: 0.966 sec
Running net.imglib2.sampler.special.TestConstantRandomAccessible
Tests run: 3, Failures: 0, Errors: 0, Skipped: 0, Time elapsed: 0.001 sec
Running net.imglib2.sampler.special.TestConstantRealRandomAccessible
Tests run: 3, Failures: 0, Errors: 0, Skipped: 0, Time elapsed: 0.001 sec

Results :

Tests in error: 
  testROIRandomAccess(tests.labeling.LabelingTest)
  fwd(net.imglib2.outofbounds.OutOfBoundsMirrorSingleBoundaryTest)
  setPosition(net.imglib2.outofbounds.OutOfBoundsMirrorSingleBoundaryTest)
  bck(net.imglib2.outofbounds.OutOfBoundsMirrorSingleBoundaryTest)
  move(net.imglib2.outofbounds.OutOfBoundsMirrorSingleBoundaryTest)
  fwd(net.imglib2.outofbounds.OutOfBoundsMirrorDoubleBoundaryTest)
  setPosition(net.imglib2.outofbounds.OutOfBoundsMirrorDoubleBoundaryTest)
  bck(net.imglib2.outofbounds.OutOfBoundsMirrorDoubleBoundaryTest)
  move(net.imglib2.outofbounds.OutOfBoundsMirrorDoubleBoundaryTest)

Tests run: 366, Failures: 0, Errors: 9, Skipped: 0

[INFO] ------------------------------------------------------------------------
[ERROR] BUILD FAILURE
[INFO] ------------------------------------------------------------------------
[INFO] There are test failures.

Please refer to /data/devel/jenkins/jobs/ImgLib-daily/workspace/imglib2/core/target/surefire-reports for the individual test results.
[INFO] ------------------------------------------------------------------------
[INFO] For more information, run Maven with the -e switch
[INFO] ------------------------------------------------------------------------
[INFO] Total time: 49 seconds
[INFO] Finished at: Sat Apr 28 00:35:24 CDT 2012
[INFO] Final Memory: 113M/975M
[INFO] ------------------------------------------------------------------------
Publishing Javadoc
Archiving artifacts

</PRE>



<!--endarticle-->
    <HR>
    <P><UL>
        <!--threads-->
	<LI>Previous message: <A HREF="000903.html">[ImageJ-devel] Jenkins build is back to normal : ImgLib #779
</A></li>
	<LI>Next message: <A HREF="000904.html">[ImageJ-devel] Jenkins build is back to normal : ImgLib-daily #442
</A></li>
         <LI> <B>Messages sorted by:</B> 
              <a href="date.html#902">[ date ]</a>
              <a href="thread.html#902">[ thread ]</a>
              <a href="subject.html#902">[ subject ]</a>
              <a href="author.html#902">[ author ]</a>
         </LI>
       </UL>

<hr>
<a href="http://imagej.net/mailman/listinfo/imagej-devel">More information about the ImageJ-devel
mailing list</a><br>
</body></html>
