<!DOCTYPE HTML PUBLIC "-//W3C//DTD HTML 4.01 Transitional//EN">
<HTML>
 <HEAD>
   <TITLE> [ImageJ-builds] Build failed in Jenkins: ImageJ1-daily-unit-tests	#299
   </TITLE>
   <LINK REL="Index" HREF="index.html" >
   <LINK REL="made" HREF="mailto:imagej-builds%40imagej.net?Subject=Re%3A%20%5BImageJ-builds%5D%20Build%20failed%20in%20Jenkins%3A%20ImageJ1-daily-unit-tests%0A%09%23299&In-Reply-To=%3C1395123404.1286.1404337542063.JavaMail.jenkins%40dev%3E">
   <META NAME="robots" CONTENT="index,nofollow">
   <style type="text/css">
       pre {
           white-space: pre-wrap;       /* css-2.1, curent FF, Opera, Safari */
           }
   </style>
   <META http-equiv="Content-Type" content="text/html; charset=us-ascii">
   <LINK REL="Previous"  HREF="005616.html">
   <LINK REL="Next"  HREF="005618.html">
 </HEAD>
 <BODY BGCOLOR="#ffffff">
   <H1>[ImageJ-builds] Build failed in Jenkins: ImageJ1-daily-unit-tests	#299</H1>
    <B>jenkins at imagej.net</B> 
    <A HREF="mailto:imagej-builds%40imagej.net?Subject=Re%3A%20%5BImageJ-builds%5D%20Build%20failed%20in%20Jenkins%3A%20ImageJ1-daily-unit-tests%0A%09%23299&In-Reply-To=%3C1395123404.1286.1404337542063.JavaMail.jenkins%40dev%3E"
       TITLE="[ImageJ-builds] Build failed in Jenkins: ImageJ1-daily-unit-tests	#299">jenkins at imagej.net
       </A><BR>
    <I>Wed Jul  2 16:45:41 CDT 2014</I>
    <P><UL>
        <LI>Previous message: <A HREF="005616.html">[ImageJ-builds] mail-watcher-plugin: Computer Windows marked online
</A></li>
        <LI>Next message: <A HREF="005618.html">[ImageJ-builds] mail-watcher-plugin: Computer Windows marked offline
</A></li>
         <LI> <B>Messages sorted by:</B> 
              <a href="date.html#5617">[ date ]</a>
              <a href="thread.html#5617">[ thread ]</a>
              <a href="subject.html#5617">[ subject ]</a>
              <a href="author.html#5617">[ author ]</a>
         </LI>
       </UL>
    <HR>  
<!--beginarticle-->
<PRE>See &lt;<A HREF="http://jenkins.imagej.net/job/ImageJ1-daily-unit-tests/299/changes">http://jenkins.imagej.net/job/ImageJ1-daily-unit-tests/299/changes</A>&gt;

Changes:

[Wayne Rasband] Update unit tests for ImageJ v1.49d2

------------------------------------------
[...truncated 875 lines...]
1456/1722 KB   
1460/1722 KB   
1464/1722 KB   
1468/1722 KB   
1472/1722 KB   
1476/1722 KB   
1480/1722 KB   
1484/1722 KB   
1488/1722 KB   
1492/1722 KB   
1496/1722 KB   
1500/1722 KB   
1504/1722 KB   
1508/1722 KB   
1512/1722 KB   
1516/1722 KB   
1520/1722 KB   
1524/1722 KB   
1528/1722 KB   
1532/1722 KB   
1536/1722 KB   
1540/1722 KB   
1544/1722 KB   
1548/1722 KB   
1552/1722 KB   
1556/1722 KB   
1560/1722 KB   
1564/1722 KB   
1568/1722 KB   
1572/1722 KB   
1576/1722 KB   
1580/1722 KB   
1584/1722 KB   
1588/1722 KB   
1592/1722 KB   
1596/1722 KB   
1600/1722 KB   
1604/1722 KB   
1608/1722 KB   
1612/1722 KB   
1616/1722 KB   
1620/1722 KB   
1624/1722 KB   
1628/1722 KB   
1632/1722 KB   
1636/1722 KB   
1640/1722 KB   
1644/1722 KB   
1648/1722 KB   
1652/1722 KB   
1656/1722 KB   
1660/1722 KB   
1664/1722 KB   
1668/1722 KB   
1672/1722 KB   
1676/1722 KB   
1680/1722 KB   
1684/1722 KB   
1688/1722 KB   
1692/1722 KB   
1696/1722 KB   
1700/1722 KB   
1704/1722 KB   
1708/1722 KB   
1712/1722 KB   
1716/1722 KB   
1720/1722 KB   
1722/1722 KB   
               
Downloaded: file:/data/devel/jenkins/jobs/ImageJ1-daily-unit-tests/workspace/my-maven-repo/releases/net/imagej/ij/1.47g26/ij-1.47g26.jar (1722 KB at 11955.4 KB/sec)
[INFO] 
[INFO] --- maven-clean-plugin:2.5:clean (default-clean) @ ij1-tests ---
[INFO] Deleting /data/devel/jenkins/jobs/ImageJ1-daily-unit-tests/workspace/target
[INFO] 
[INFO] --- buildnumber-maven-plugin:1.2:create (default) @ ij1-tests ---
[INFO] Checking for local modifications: skipped.
[INFO] Updating project files from SCM: skipped.
[INFO] Executing: /bin/sh -c cd /data/devel/jenkins/jobs/ImageJ1-daily-unit-tests/workspace &amp;&amp; git rev-parse --verify HEAD
[INFO] Working directory: /data/devel/jenkins/jobs/ImageJ1-daily-unit-tests/workspace
[INFO] Storing buildNumber: e966956499c24d6d13e7eee19174c5ed244a9d98 at timestamp: 1404337514401
[INFO] Executing: /bin/sh -c cd /data/devel/jenkins/jobs/ImageJ1-daily-unit-tests/workspace &amp;&amp; git rev-parse --verify HEAD
[INFO] Working directory: /data/devel/jenkins/jobs/ImageJ1-daily-unit-tests/workspace
[INFO] Storing buildScmBranch: UNKNOWN
[INFO] 
[INFO] --- imagej-maven-plugin:0.3.1:set-rootdir (set-rootdir) @ ij1-tests ---
[INFO] Setting rootdir: /data/devel/jenkins/jobs/ImageJ1-daily-unit-tests/workspace
[INFO] 
[INFO] --- maven-resources-plugin:2.5:resources (default-resources) @ ij1-tests ---
[debug] execute contextualize
[INFO] Using 'UTF-8' encoding to copy filtered resources.
[INFO] skip non existing resourceDirectory /data/devel/jenkins/jobs/ImageJ1-daily-unit-tests/workspace/src/main/resources
[INFO] 
[INFO] --- maven-compiler-plugin:2.5:compile (default-compile) @ ij1-tests ---
[INFO] No sources to compile
[INFO] 
[INFO] --- maven-resources-plugin:2.5:testResources (default-testResources) @ ij1-tests ---
[debug] execute contextualize
[INFO] Using 'UTF-8' encoding to copy filtered resources.
[INFO] Copying 28 resources
[INFO] 
[INFO] --- maven-compiler-plugin:2.5:testCompile (default-testCompile) @ ij1-tests ---
[INFO] Compiling 85 source files to /data/devel/jenkins/jobs/ImageJ1-daily-unit-tests/workspace/target/test-classes
[INFO] 
[INFO] --- maven-surefire-plugin:2.12:test (default-test) @ ij1-tests ---
[INFO] Surefire report directory: /data/devel/jenkins/jobs/ImageJ1-daily-unit-tests/workspace/target/surefire-reports

-------------------------------------------------------
 T E S T S
-------------------------------------------------------
Running ij.IJEventListenerTest
Tests run: 2, Failures: 0, Errors: 0, Skipped: 0, Time elapsed: 0.03 sec
Running ij.process.FloatProcessorTest
Tests run: 81, Failures: 0, Errors: 0, Skipped: 0, Time elapsed: 1.487 sec
Running ij.process.LUTTest
Tests run: 7, Failures: 0, Errors: 0, Skipped: 0, Time elapsed: 0.005 sec
Running ij.process.ByteProcessorTest
Tests run: 71, Failures: 0, Errors: 0, Skipped: 0, Time elapsed: 0.652 sec
Running ij.process.ShortProcessorTest
Tests run: 86, Failures: 0, Errors: 0, Skipped: 0, Time elapsed: 7.331 sec
Running ij.process.ColorProcessorTest
Tests run: 86, Failures: 0, Errors: 0, Skipped: 0, Time elapsed: 1.322 sec
Running ij.process.ImageProcessorTest
Tests run: 184, Failures: 1, Errors: 0, Skipped: 0, Time elapsed: 1.433 sec &lt;&lt;&lt; FAILURE!
Running ij.process.BinaryProcessorTest
Tests run: 5, Failures: 0, Errors: 0, Skipped: 0, Time elapsed: 0.122 sec
Running ij.io.DirectoryChooserTest
Tests run: 3, Failures: 0, Errors: 0, Skipped: 0, Time elapsed: 0.001 sec
Running ij.io.RandomAccessStreamTest
Tests run: 16, Failures: 0, Errors: 0, Skipped: 0, Time elapsed: 0.007 sec
Running ij.io.FileOpenerTest
Tests run: 8, Failures: 1, Errors: 0, Skipped: 0, Time elapsed: 0.545 sec &lt;&lt;&lt; FAILURE!
Running ij.io.BitBufferTest
Tests run: 2, Failures: 0, Errors: 0, Skipped: 0, Time elapsed: 0 sec
Running ij.io.ImageWriterTest
Tests run: 1, Failures: 0, Errors: 0, Skipped: 0, Time elapsed: 0.031 sec
Running ij.io.FileInfoTest
Tests run: 6, Failures: 0, Errors: 0, Skipped: 0, Time elapsed: 0.003 sec
Running ij.io.ImageReaderTest
SLF4J: Failed to load class &quot;org.slf4j.impl.StaticLoggerBinder&quot;.
SLF4J: Defaulting to no-operation (NOP) logger implementation
SLF4J: See <A HREF="http://www.slf4j.org/codes.html#StaticLoggerBinder">http://www.slf4j.org/codes.html#StaticLoggerBinder</A> for further details.
java.net.MalformedURLException: no protocol: ashdjjfj
java.net.UnknownHostException: fred.joe.john.edu
java.io.FileNotFoundException: <A HREF="http://www.google.com/ooglywooglygugglychoogly.tiff">http://www.google.com/ooglywooglygugglychoogly.tiff</A>
Tests run: 16, Failures: 0, Errors: 0, Skipped: 0, Time elapsed: 1.455 sec
Running ij.CommandListenerTest
Tests run: 1, Failures: 0, Errors: 0, Skipped: 0, Time elapsed: 0.001 sec
Running ij.ImagePlusTest
Tests run: 125, Failures: 2, Errors: 0, Skipped: 0, Time elapsed: 0.124 sec &lt;&lt;&lt; FAILURE!
Running ij.VirtualStackTest
Tests run: 22, Failures: 0, Errors: 0, Skipped: 0, Time elapsed: 0.033 sec
Running ij.macro.SymbolTest
Tests run: 4, Failures: 0, Errors: 0, Skipped: 0, Time elapsed: 0.001 sec
Running ij.macro.ReturnExceptionTest
Tests run: 1, Failures: 0, Errors: 0, Skipped: 0, Time elapsed: 0 sec
Running ij.ImageListenerTest
Tests run: 1, Failures: 0, Errors: 0, Skipped: 0, Time elapsed: 0 sec
Running ij.CompositeImageTest
Tests run: 29, Failures: 1, Errors: 0, Skipped: 0, Time elapsed: 0.049 sec &lt;&lt;&lt; FAILURE!
Running ij.util.ToolsTest
Tests run: 13, Failures: 3, Errors: 0, Skipped: 0, Time elapsed: 0.005 sec &lt;&lt;&lt; FAILURE!
Running ij.util.StringSorterTest
Tests run: 1, Failures: 0, Errors: 0, Skipped: 0, Time elapsed: 0 sec
Running ij.UndoTest
Tests run: 1, Failures: 0, Errors: 0, Skipped: 0, Time elapsed: 0 sec
Running ij.ExecuterTest
Tests run: 6, Failures: 0, Errors: 0, Skipped: 0, Time elapsed: 1.004 sec
Running ij.LookUpTableTest
Tests run: 8, Failures: 0, Errors: 0, Skipped: 0, Time elapsed: 0.012 sec
Running ij.ImageStackTest
Tests run: 27, Failures: 0, Errors: 0, Skipped: 0, Time elapsed: 1.073 sec
Running ij.measure.MeasurementsTest
Tests run: 1, Failures: 0, Errors: 0, Skipped: 0, Time elapsed: 0 sec
Running ij.measure.CalibrationTest
Tests run: 35, Failures: 0, Errors: 0, Skipped: 0, Time elapsed: 0.057 sec
Running ij.measure.ResultsTableTest
Tests run: 37, Failures: 0, Errors: 0, Skipped: 0, Time elapsed: 0.645 sec
Running ij.measure.CurveFitterTest
Tests run: 24, Failures: 0, Errors: 0, Skipped: 0, Time elapsed: 0.322 sec
Running ij.measure.SplineFitterTest
Tests run: 2, Failures: 0, Errors: 0, Skipped: 0, Time elapsed: 0.001 sec
Running ij.gui.ArrowTest
Tests run: 13, Failures: 0, Errors: 0, Skipped: 0, Time elapsed: 0.004 sec
Running ij.gui.ProgressBarTest
Tests run: 8, Failures: 0, Errors: 0, Skipped: 0, Time elapsed: 0.002 sec
Running ij.gui.OverlayTest
Tests run: 12, Failures: 0, Errors: 0, Skipped: 0, Time elapsed: 0.003 sec
Running ij.gui.LineTest
Tests run: 16, Failures: 0, Errors: 0, Skipped: 0, Time elapsed: 0.01 sec
Running ij.gui.TrimmedButtonTest
Tests run: 1, Failures: 0, Errors: 0, Skipped: 0, Time elapsed: 0 sec
Running ij.gui.RoiTest
Tests run: 52, Failures: 0, Errors: 0, Skipped: 0, Time elapsed: 0.022 sec
Running ij.gui.WandTest
Tests run: 8, Failures: 0, Errors: 0, Skipped: 0, Time elapsed: 0.003 sec
Running ij.gui.ToolbarTest
Tests run: 1, Failures: 0, Errors: 0, Skipped: 0, Time elapsed: 0.001 sec
Running ij.gui.TextRoiTest
Tests run: 12, Failures: 0, Errors: 0, Skipped: 0, Time elapsed: 0.003 sec
Running ij.gui.PolygonRoiTest
Tests run: 24, Failures: 1, Errors: 0, Skipped: 0, Time elapsed: 0.014 sec &lt;&lt;&lt; FAILURE!
Running ij.gui.ImageRoiTest
Tests run: 5, Failures: 0, Errors: 0, Skipped: 0, Time elapsed: 0.001 sec
Running ij.gui.ProfilePlotTest
Tests run: 6, Failures: 0, Errors: 0, Skipped: 0, Time elapsed: 0.001 sec
Running ij.gui.FreehandRoiTest
Tests run: 1, Failures: 0, Errors: 0, Skipped: 0, Time elapsed: 0 sec
Running ij.gui.ShapeRoiTest
Tests run: 22, Failures: 0, Errors: 0, Skipped: 0, Time elapsed: 0.152 sec
Running ij.gui.OvalRoiTest
Tests run: 9, Failures: 0, Errors: 0, Skipped: 0, Time elapsed: 0.003 sec
Running ij.gui.PlotTest
Tests run: 20, Failures: 0, Errors: 0, Skipped: 0, Time elapsed: 1.518 sec
Running ij.gui.PointRoiTest
Tests run: 10, Failures: 0, Errors: 0, Skipped: 0, Time elapsed: 0.021 sec

Results :

Failed tests:   testConvertToFloat(ij.process.ImageProcessorTest): expected:&lt;...unt=64000, mean=71.6[4940101852268, min=0.0, max=247.6666717529297] 148.83278391018192 72.21954665945063] 160.0 100.0&gt; but was:&lt;...unt=64000, mean=71.6[54640625, min=0.0, max=248.0] 148.8276150772684 72.22557495294814] 160.0 100.0&gt;
  testRevertToSaved(ij.io.FileOpenerTest): expected:&lt;6&gt; but was:&lt;77&gt;
  testCopy(ij.ImagePlusTest)
  testPaste(ij.ImagePlusTest): expected:&lt;0&gt; but was:&lt;255&gt;
  testUpdateImage(ij.CompositeImageTest): expected:&lt;13.0&gt; but was:&lt;0.0&gt;
  testGetDecimalPlaces(ij.util.ToolsTest): expected:&lt;-2&gt; but was:&lt;2&gt;
  testSplitString(ij.util.ToolsTest): array lengths differed, expected.length=0 actual.length=1
  testSplitStringString(ij.util.ToolsTest): array lengths differed, expected.length=0 actual.length=1
  testGetLength(ij.gui.PolygonRoiTest): expected:&lt;1385.80224&gt; but was:&lt;1398.212480184206&gt;

Tests run: 1132, Failures: 9, Errors: 0, Skipped: 0

[INFO] ------------------------------------------------------------------------
[INFO] BUILD FAILURE
[INFO] ------------------------------------------------------------------------
[INFO] Total time: 29.758s
[INFO] Finished at: Wed Jul 02 16:45:41 CDT 2014
[INFO] Final Memory: 18M/360M
[INFO] ------------------------------------------------------------------------
[ERROR] Failed to execute goal org.apache.maven.plugins:maven-surefire-plugin:2.12:test (default-test) on project ij1-tests: There are test failures.
[ERROR] 
[ERROR] Please refer to /data/devel/jenkins/jobs/ImageJ1-daily-unit-tests/workspace/target/surefire-reports for the individual test results.
[ERROR] -&gt; [Help 1]
[ERROR] 
[ERROR] To see the full stack trace of the errors, re-run Maven with the -e switch.
[ERROR] Re-run Maven using the -X switch to enable full debug logging.
[ERROR] 
[ERROR] For more information about the errors and possible solutions, please read the following articles:
[ERROR] [Help 1] <A HREF="http://cwiki.apache.org/confluence/display/MAVEN/MojoFailureException">http://cwiki.apache.org/confluence/display/MAVEN/MojoFailureException</A>
Build step 'Execute shell' marked build as failure
Recording test results

</PRE>


<!--endarticle-->
    <HR>
    <P><UL>
        <!--threads-->
	<LI>Previous message: <A HREF="005616.html">[ImageJ-builds] mail-watcher-plugin: Computer Windows marked online
</A></li>
	<LI>Next message: <A HREF="005618.html">[ImageJ-builds] mail-watcher-plugin: Computer Windows marked offline
</A></li>
         <LI> <B>Messages sorted by:</B> 
              <a href="date.html#5617">[ date ]</a>
              <a href="thread.html#5617">[ thread ]</a>
              <a href="subject.html#5617">[ subject ]</a>
              <a href="author.html#5617">[ author ]</a>
         </LI>
       </UL>

<hr>
<a href="http://imagej.net/mailman/listinfo/imagej-builds">More information about the ImageJ-builds
mailing list</a><br>
</body></html>
