<!DOCTYPE HTML PUBLIC "-//W3C//DTD HTML 4.01 Transitional//EN">
<HTML>
 <HEAD>
   <TITLE> [ImageJ-builds] Build failed in Jenkins: ImageJ-legacy #122
   </TITLE>
   <LINK REL="Index" HREF="index.html" >
   <LINK REL="made" HREF="mailto:imagej-builds%40imagej.net?Subject=Re%3A%20%5BImageJ-builds%5D%20Build%20failed%20in%20Jenkins%3A%20ImageJ-legacy%20%23122&In-Reply-To=%3C967778514.1279.1404238055095.JavaMail.jenkins%40dev%3E">
   <META NAME="robots" CONTENT="index,nofollow">
   <style type="text/css">
       pre {
           white-space: pre-wrap;       /* css-2.1, curent FF, Opera, Safari */
           }
   </style>
   <META http-equiv="Content-Type" content="text/html; charset=us-ascii">
   <LINK REL="Previous"  HREF="005609.html">
   <LINK REL="Next"  HREF="005611.html">
 </HEAD>
 <BODY BGCOLOR="#ffffff">
   <H1>[ImageJ-builds] Build failed in Jenkins: ImageJ-legacy #122</H1>
    <B>jenkins at imagej.net</B> 
    <A HREF="mailto:imagej-builds%40imagej.net?Subject=Re%3A%20%5BImageJ-builds%5D%20Build%20failed%20in%20Jenkins%3A%20ImageJ-legacy%20%23122&In-Reply-To=%3C967778514.1279.1404238055095.JavaMail.jenkins%40dev%3E"
       TITLE="[ImageJ-builds] Build failed in Jenkins: ImageJ-legacy #122">jenkins at imagej.net
       </A><BR>
    <I>Tue Jul  1 13:07:35 CDT 2014</I>
    <P><UL>
        <LI>Previous message: <A HREF="005609.html">[ImageJ-builds] Jenkins build is back to normal :	ImageJ-1.x-patcher #81
</A></li>
        <LI>Next message: <A HREF="005611.html">[ImageJ-builds] Build failed in Jenkins: ImageJ-legacy #123
</A></li>
         <LI> <B>Messages sorted by:</B> 
              <a href="date.html#5610">[ date ]</a>
              <a href="thread.html#5610">[ thread ]</a>
              <a href="subject.html#5610">[ subject ]</a>
              <a href="author.html#5610">[ author ]</a>
         </LI>
       </UL>
    <HR>  
<!--beginarticle-->
<PRE>See &lt;<A HREF="http://jenkins.imagej.net/job/ImageJ-legacy/122/changes">http://jenkins.imagej.net/job/ImageJ-legacy/122/changes</A>&gt;

Changes:

[Curtis Rueden] IJ1Helper: remove extra semicolon

[Curtis Rueden] IJ1Helper: improve and document the dispose method

[Curtis Rueden] DefaultLegacyHooks: do not override quit() anymore

[Curtis Rueden] IJ1Helper: tweak javadoc

[Curtis Rueden] IJ1Helper: record that we are currently disposing

[Johannes Schindelin] Bump to newest parent to get ij1-patcher &gt;= 0.10.0

[Johannes Schindelin] DefaultLegacyHooks: make closeAllWindows do more

[Johannes Schindelin] When shutting down IJ1, dispose the context too

[Johannes Schindelin] DefaultLegacyHooks: add a convenience constructor

[Johannes Schindelin] Add regression tests for shutdown behavior

[Johannes Schindelin] Add integration test to verify shutdown behavior

[Johannes Schindelin] ShutdownTest: make the tests work in Eclipse

[Johannes Schindelin] Make imagej-ui-swing non-optional

------------------------------------------
[...truncated 72 lines...]
212/412 KB   
216/412 KB   
220/412 KB   
224/412 KB   
228/412 KB   
232/412 KB   
236/412 KB   
240/412 KB   
244/412 KB   
248/412 KB   
252/412 KB   
256/412 KB   
260/412 KB   
264/412 KB   
268/412 KB   
272/412 KB   
276/412 KB   
280/412 KB   
284/412 KB   
288/412 KB   
292/412 KB   
296/412 KB   
300/412 KB   
304/412 KB   
308/412 KB   
312/412 KB   
316/412 KB   
320/412 KB   
324/412 KB   
328/412 KB   
332/412 KB   
336/412 KB   
340/412 KB   
344/412 KB   
348/412 KB   
352/412 KB   
356/412 KB   
360/412 KB   
364/412 KB   
368/412 KB   
372/412 KB   
376/412 KB   
380/412 KB   
384/412 KB   
388/412 KB   
392/412 KB   
396/412 KB   
400/412 KB   
404/412 KB   
408/412 KB   
412/412 KB   
             
Downloaded: <A HREF="http://maven.imagej.net/content/groups/public/net/imagej/imagej-ui-swing/0.4.8/imagej-ui-swing-0.4.8.jar">http://maven.imagej.net/content/groups/public/net/imagej/imagej-ui-swing/0.4.8/imagej-ui-swing-0.4.8.jar</A> (412 KB at 2312.3 KB/sec)
[INFO] 
[INFO] --- maven-clean-plugin:2.5:clean (default-clean) @ imagej-legacy ---
[INFO] 
[INFO] --- buildnumber-maven-plugin:1.2:create (default) @ imagej-legacy ---
[INFO] Checking for local modifications: skipped.
[INFO] Updating project files from SCM: skipped.
[INFO] Executing: /bin/sh -c cd /data/devel/jenkins/jobs/ImageJ-legacy/workspace &amp;&amp; git rev-parse --verify HEAD
[INFO] Working directory: /data/devel/jenkins/jobs/ImageJ-legacy/workspace
[INFO] Storing buildNumber: c441b81ac5b830ee8752038b3d9d86858b552634 at timestamp: 1404238044443
[INFO] Executing: /bin/sh -c cd /data/devel/jenkins/jobs/ImageJ-legacy/workspace &amp;&amp; git rev-parse --verify HEAD
[INFO] Working directory: /data/devel/jenkins/jobs/ImageJ-legacy/workspace
[INFO] Storing buildScmBranch: UNKNOWN
[INFO] 
[INFO] --- maven-resources-plugin:2.6:resources (default-resources) @ imagej-legacy ---
[INFO] Using 'UTF-8' encoding to copy filtered resources.
[INFO] Copying 29 resources
[INFO] 
[INFO] --- maven-compiler-plugin:3.1:compile (default-compile) @ imagej-legacy ---
[INFO] Changes detected - recompiling the module!
[INFO] Compiling 69 source files to /data/devel/jenkins/jobs/ImageJ-legacy/workspace/target/classes
[WARNING] Note: Some input files use or override a deprecated API.
[WARNING] Note: Recompile with -Xlint:deprecation for details.
[INFO] 
[INFO] --- maven-resources-plugin:2.6:testResources (default-testResources) @ imagej-legacy ---
[INFO] Using 'UTF-8' encoding to copy filtered resources.
[INFO] skip non existing resourceDirectory /data/devel/jenkins/jobs/ImageJ-legacy/workspace/src/test/resources
[INFO] 
[INFO] --- maven-compiler-plugin:3.1:testCompile (default-testCompile) @ imagej-legacy ---
[INFO] Changes detected - recompiling the module!
[INFO] Compiling 12 source files to /data/devel/jenkins/jobs/ImageJ-legacy/workspace/target/test-classes
[INFO] 
[INFO] --- maven-surefire-plugin:2.17:test (default-test) @ imagej-legacy ---
[INFO] Surefire report directory: /data/devel/jenkins/jobs/ImageJ-legacy/workspace/target/surefire-reports

-------------------------------------------------------
 T E S T S
-------------------------------------------------------
Running net.imagej.legacy.OverlayHarmonizerTest
[ECLIPSE HELPER] Indexing annotations...
[WARNING] Ignoring non-existent scripts directory: /data/devel/jenkins/jobs/ImageJ-legacy/workspace/scripts
[WARNING] Ignoring non-existent scripts directory: /data/devel/jenkins/jobs/ImageJ-legacy/workspace/scripts
[WARNING] Ignoring non-existent scripts directory: /data/devel/jenkins/jobs/ImageJ-legacy/workspace/scripts
[WARNING] ====&gt; Roi class = ij.gui.ShapeRoi
[WARNING] ====&gt; COMPOSITE: Roi[Composite, x=6, y=9, width=5, height=6]
[WARNING] Ignoring non-existent scripts directory: /data/devel/jenkins/jobs/ImageJ-legacy/workspace/scripts
[WARNING] ====&gt; Roi class = ij.gui.PolygonRoi
[WARNING] ====&gt; POLYGON: Roi[Polygon, x=0, y=0, width=5, height=5]
[WARNING] ====&gt; Roi class = ij.gui.PolygonRoi
[WARNING] ====&gt; POLYGON: Roi[Polygon, x=3, y=5, width=5, height=4]
[WARNING] ====&gt; Roi class = ij.gui.PolygonRoi
[WARNING] ====&gt; POLYGON: Roi[Polygon, x=1, y=2, width=5, height=62]
[WARNING] Ignoring non-existent scripts directory: /data/devel/jenkins/jobs/ImageJ-legacy/workspace/scripts
[WARNING] ====&gt; Roi class = ij.gui.PolygonRoi
[WARNING] ====&gt; FREEROI: Roi[Freehand, x=6, y=9, width=5, height=6]
[WARNING] Ignoring non-existent scripts directory: /data/devel/jenkins/jobs/ImageJ-legacy/workspace/scripts
[WARNING] Ignoring non-existent scripts directory: /data/devel/jenkins/jobs/ImageJ-legacy/workspace/scripts
[WARNING] ====&gt; Roi class = ij.gui.ShapeRoi
[WARNING] ====&gt; COMPOSITE: Roi[Composite, x=3, y=3, width=7, height=7]
[WARNING] Ignoring non-existent scripts directory: /data/devel/jenkins/jobs/ImageJ-legacy/workspace/scripts
[WARNING] Ignoring non-existent scripts directory: /data/devel/jenkins/jobs/ImageJ-legacy/workspace/scripts
[WARNING] ====&gt; Roi class = ij.gui.PolygonRoi
[WARNING] ====&gt; POLYGON: Roi[Polygon, x=0, y=0, width=5, height=5]
[WARNING] Ignoring non-existent scripts directory: /data/devel/jenkins/jobs/ImageJ-legacy/workspace/scripts
Tests run: 10, Failures: 0, Errors: 0, Skipped: 0, Time elapsed: 3.201 sec - in net.imagej.legacy.OverlayHarmonizerTest
Running net.imagej.legacy.LegacyServiceTest
[WARNING] Ignoring non-existent scripts directory: /data/devel/jenkins/jobs/ImageJ-legacy/workspace/scripts
[WARNING] Ignoring non-existent scripts directory: /data/devel/jenkins/jobs/ImageJ-legacy/workspace/scripts
Tests run: 2, Failures: 0, Errors: 0, Skipped: 0, Time elapsed: 0.138 sec - in net.imagej.legacy.LegacyServiceTest
Running net.imagej.legacy.SwitchToModernTest
Tests run: 1, Failures: 0, Errors: 0, Skipped: 1, Time elapsed: 0 sec - in net.imagej.legacy.SwitchToModernTest
Running net.imagej.legacy.LegacyImageMapTest
Tests run: 3, Failures: 0, Errors: 0, Skipped: 0, Time elapsed: 0.036 sec - in net.imagej.legacy.LegacyImageMapTest
Running net.imagej.legacy.ShutdownTest
[WARNING] Ignoring non-existent scripts directory: /data/devel/jenkins/jobs/ImageJ-legacy/workspace/scripts
[WARNING] Ignoring non-existent scripts directory: /data/devel/jenkins/jobs/ImageJ-legacy/workspace/scripts
[WARNING] Ignoring non-existent scripts directory: /data/devel/jenkins/jobs/ImageJ-legacy/workspace/scripts
Tests run: 3, Failures: 3, Errors: 0, Skipped: 0, Time elapsed: 0.318 sec &lt;&lt;&lt; FAILURE! - in net.imagej.legacy.ShutdownTest
testLegacyUIDispose(net.imagej.legacy.ShutdownTest)  Time elapsed: 0.162 sec  &lt;&lt;&lt; FAILURE!
java.lang.AssertionError: null
	at org.junit.Assert.fail(Assert.java:86)
	at org.junit.Assert.assertTrue(Assert.java:41)
	at org.junit.Assert.assertNotNull(Assert.java:621)
	at org.junit.Assert.assertNotNull(Assert.java:631)
	at net.imagej.legacy.ShutdownTest.testLegacyUIDispose(ShutdownTest.java:167)

testLegacyServiceDispose(net.imagej.legacy.ShutdownTest)  Time elapsed: 0.067 sec  &lt;&lt;&lt; FAILURE!
java.lang.AssertionError: null
	at org.junit.Assert.fail(Assert.java:86)
	at org.junit.Assert.assertTrue(Assert.java:41)
	at org.junit.Assert.assertNotNull(Assert.java:621)
	at org.junit.Assert.assertNotNull(Assert.java:631)
	at net.imagej.legacy.ShutdownTest.testLegacyServiceDispose(ShutdownTest.java:148)

testImageJ1Quit(net.imagej.legacy.ShutdownTest)  Time elapsed: 0.089 sec  &lt;&lt;&lt; FAILURE!
java.lang.AssertionError: null
	at org.junit.Assert.fail(Assert.java:86)
	at org.junit.Assert.assertTrue(Assert.java:41)
	at org.junit.Assert.assertNotNull(Assert.java:621)
	at org.junit.Assert.assertNotNull(Assert.java:631)
	at net.imagej.legacy.ShutdownTest.testImageJ1Quit(ShutdownTest.java:101)

Running net.imagej.legacy.MacroTest
[WARNING] Ignoring non-existent scripts directory: /data/devel/jenkins/jobs/ImageJ-legacy/workspace/scripts
Compiling 1 file in /tmp/java494010384915808012
[WARNING] Ignoring non-existent scripts directory: /data/devel/jenkins/jobs/ImageJ-legacy/workspace/scripts
Tests run: 2, Failures: 0, Errors: 0, Skipped: 0, Time elapsed: 1.248 sec - in net.imagej.legacy.MacroTest
Running net.imagej.legacy.LegacyOpenerTest
[WARNING] Ignoring non-existent scripts directory: /data/devel/jenkins/jobs/ImageJ-legacy/workspace/scripts
[WARNING] Ignoring unsupported output: nResults [java.lang.Integer]
Tests run: 1, Failures: 0, Errors: 0, Skipped: 0, Time elapsed: 1.036 sec - in net.imagej.legacy.LegacyOpenerTest
Running net.imagej.legacy.translate.MergedRgbVirtualStackTest
Tests run: 1, Failures: 0, Errors: 0, Skipped: 0, Time elapsed: 0.046 sec - in net.imagej.legacy.translate.MergedRgbVirtualStackTest
Running net.imagej.legacy.translate.LegacyUtilsTest
Tests run: 2, Failures: 0, Errors: 0, Skipped: 0, Time elapsed: 0 sec - in net.imagej.legacy.translate.LegacyUtilsTest

Results :

Failed tests: 
  ShutdownTest.testLegacyUIDispose:167 null
  ShutdownTest.testLegacyServiceDispose:148 null
  ShutdownTest.testImageJ1Quit:101 null

Tests run: 25, Failures: 3, Errors: 0, Skipped: 1

[INFO] ------------------------------------------------------------------------
[INFO] BUILD FAILURE
[INFO] ------------------------------------------------------------------------
[INFO] Total time: 12.910s
[INFO] Finished at: Tue Jul 01 13:07:34 CDT 2014
[INFO] Final Memory: 20M/360M
[INFO] ------------------------------------------------------------------------
[ERROR] Failed to execute goal org.apache.maven.plugins:maven-surefire-plugin:2.17:test (default-test) on project imagej-legacy: There are test failures.
[ERROR] 
[ERROR] Please refer to /data/devel/jenkins/jobs/ImageJ-legacy/workspace/target/surefire-reports for the individual test results.
[ERROR] -&gt; [Help 1]
[ERROR] 
[ERROR] To see the full stack trace of the errors, re-run Maven with the -e switch.
[ERROR] Re-run Maven using the -X switch to enable full debug logging.
[ERROR] 
[ERROR] For more information about the errors and possible solutions, please read the following articles:
[ERROR] [Help 1] <A HREF="http://cwiki.apache.org/confluence/display/MAVEN/MojoFailureException">http://cwiki.apache.org/confluence/display/MAVEN/MojoFailureException</A>
Build step 'Invoke top-level Maven targets' marked build as failure
Archiving artifacts
Build step 'Groovy Postbuild' marked build as failure
Recording test results
Performance: Percentage of errors greater or equal than 0% sets the build as unstable
Performance: Percentage of errors greater or equal than 0% sets the build as failure



Performance: Recording JUnit reports '**/TEST-*.xml'
TEST-net.imagej.legacy.LegacyImageMapTest.xml has an average of: 11
Performance: File TEST-net.imagej.legacy.LegacyImageMapTest.xml reported 0.0% of errors [SUCCESS]. Build status is: FAILURE



TEST-net.imagej.legacy.LegacyOpenerTest.xml has an average of: 1036
Performance: File TEST-net.imagej.legacy.LegacyOpenerTest.xml reported 0.0% of errors [SUCCESS]. Build status is: FAILURE



TEST-net.imagej.legacy.LegacyServiceTest.xml has an average of: 68
Performance: File TEST-net.imagej.legacy.LegacyServiceTest.xml reported 0.0% of errors [SUCCESS]. Build status is: FAILURE



TEST-net.imagej.legacy.MacroTest.xml has an average of: 623
Performance: File TEST-net.imagej.legacy.MacroTest.xml reported 0.0% of errors [SUCCESS]. Build status is: FAILURE



TEST-net.imagej.legacy.OverlayHarmonizerTest.xml has an average of: 218
Performance: File TEST-net.imagej.legacy.OverlayHarmonizerTest.xml reported 0.0% of errors [SUCCESS]. Build status is: FAILURE



TEST-net.imagej.legacy.ShutdownTest.xml has an average of: 106
Performance: File TEST-net.imagej.legacy.ShutdownTest.xml reported 100.0% of errors [FAILURE]. Build status is: FAILURE



TEST-net.imagej.legacy.SwitchToModernTest.xml has an average of: 0
Performance: File TEST-net.imagej.legacy.SwitchToModernTest.xml reported 0.0% of errors [FAILURE]. Build status is: FAILURE



TEST-net.imagej.legacy.translate.LegacyUtilsTest.xml has an average of: 0
Performance: File TEST-net.imagej.legacy.translate.LegacyUtilsTest.xml reported 0.0% of errors [FAILURE]. Build status is: FAILURE



TEST-net.imagej.legacy.translate.MergedRgbVirtualStackTest.xml has an average of: 4
Performance: File TEST-net.imagej.legacy.translate.MergedRgbVirtualStackTest.xml reported 0.0% of errors [FAILURE]. Build status is: FAILURE




</PRE>


<!--endarticle-->
    <HR>
    <P><UL>
        <!--threads-->
	<LI>Previous message: <A HREF="005609.html">[ImageJ-builds] Jenkins build is back to normal :	ImageJ-1.x-patcher #81
</A></li>
	<LI>Next message: <A HREF="005611.html">[ImageJ-builds] Build failed in Jenkins: ImageJ-legacy #123
</A></li>
         <LI> <B>Messages sorted by:</B> 
              <a href="date.html#5610">[ date ]</a>
              <a href="thread.html#5610">[ thread ]</a>
              <a href="subject.html#5610">[ subject ]</a>
              <a href="author.html#5610">[ author ]</a>
         </LI>
       </UL>

<hr>
<a href="http://imagej.net/mailman/listinfo/imagej-builds">More information about the ImageJ-builds
mailing list</a><br>
</body></html>
