<!DOCTYPE HTML PUBLIC "-//W3C//DTD HTML 4.01 Transitional//EN">
<HTML>
 <HEAD>
   <TITLE> [ImageJ-builds] Build failed in Jenkins: SciJava-common-windows #638
   </TITLE>
   <LINK REL="Index" HREF="index.html" >
   <LINK REL="made" HREF="mailto:imagej-builds%40imagej.net?Subject=Re%3A%20%5BImageJ-builds%5D%20Build%20failed%20in%20Jenkins%3A%20SciJava-common-windows%20%23638&In-Reply-To=%3C24168296.1418.1406304668538.JavaMail.jenkins%40dev%3E">
   <META NAME="robots" CONTENT="index,nofollow">
   <style type="text/css">
       pre {
           white-space: pre-wrap;       /* css-2.1, curent FF, Opera, Safari */
           }
   </style>
   <META http-equiv="Content-Type" content="text/html; charset=us-ascii">
   <LINK REL="Previous"  HREF="005726.html">
   <LINK REL="Next"  HREF="005728.html">
 </HEAD>
 <BODY BGCOLOR="#ffffff">
   <H1>[ImageJ-builds] Build failed in Jenkins: SciJava-common-windows #638</H1>
    <B>jenkins at imagej.net</B> 
    <A HREF="mailto:imagej-builds%40imagej.net?Subject=Re%3A%20%5BImageJ-builds%5D%20Build%20failed%20in%20Jenkins%3A%20SciJava-common-windows%20%23638&In-Reply-To=%3C24168296.1418.1406304668538.JavaMail.jenkins%40dev%3E"
       TITLE="[ImageJ-builds] Build failed in Jenkins: SciJava-common-windows #638">jenkins at imagej.net
       </A><BR>
    <I>Fri Jul 25 11:11:08 CDT 2014</I>
    <P><UL>
        <LI>Previous message: <A HREF="005726.html">[ImageJ-builds] Jenkins build is back to normal : SciJava-common	#768
</A></li>
        <LI>Next message: <A HREF="005728.html">[ImageJ-builds] Jenkins build is back to normal :	SciJava-common-windows #639
</A></li>
         <LI> <B>Messages sorted by:</B> 
              <a href="date.html#5727">[ date ]</a>
              <a href="thread.html#5727">[ thread ]</a>
              <a href="subject.html#5727">[ subject ]</a>
              <a href="author.html#5727">[ author ]</a>
         </LI>
       </UL>
    <HR>  
<!--beginarticle-->
<PRE>See &lt;<A HREF="http://jenkins.imagej.net/job/SciJava-common-windows/638/changes">http://jenkins.imagej.net/job/SciJava-common-windows/638/changes</A>&gt;

Changes:

[Mark Hiner] Refactor Prefs to PrefService

[Mark Hiner] Update Prefs usage to PrefService

[Mark Hiner] ModuleService: add save/load item methods

[Mark Hiner] Mark saveValue and loadValue deprecated

[Mark Hiner] Refactor for ModuleService saving and loading

[Mark Hiner] AbstractPrefService: account for priority

[Mark Hiner] Clean up code

[Mark Hiner] DefaultPrefService: add TODO

[Mark Hiner] Deprecate Prefs

[Mark Hiner] PrefService: remove setStaticBehavior method

[Mark Hiner] PrefService: remove Preferences imports

[Mark Hiner] Rename preferences to prefs package

[Mark Hiner] DefaultPrefService: fix javadoc

[Mark Hiner] DefaultPrefService: do not reference Prefs class

[Mark Hiner] Add down-the-middle unit tests for PrefService

[Mark Hiner] AbstractPrefService: suppress warnings

------------------------------------------
[...truncated 81 lines...]
[WARNING] Invalid service: org.scijava.ContextCreationTest$OptionalMissingService
[ERROR] No compatible service: org.scijava.ContextCreationTest$MissingService
[ERROR] No compatible service: org.scijava.ContextCreationTest$MissingService
[ERROR] No compatible service: org.scijava.ContextCreationTest$OptionalMissingService
[WARNING] Invalid service: org.scijava.ContextCreationTest$MissingService
Tests run: 14, Failures: 0, Errors: 0, Skipped: 0, Time elapsed: 0.519 sec - in org.scijava.ContextCreationTest
Running org.scijava.ContextInjectionTest
Tests run: 7, Failures: 0, Errors: 0, Skipped: 0, Time elapsed: 0.303 sec - in org.scijava.ContextInjectionTest
Running org.scijava.display.DisplayTest
Tests run: 3, Failures: 0, Errors: 0, Skipped: 0, Time elapsed: 0.077 sec - in org.scijava.display.DisplayTest
Running org.scijava.event.EventServiceTest
Tests run: 2, Failures: 0, Errors: 0, Skipped: 0, Time elapsed: 0.752 sec - in org.scijava.event.EventServiceTest
Running org.scijava.log.LogServiceTest
Tests run: 1, Failures: 0, Errors: 0, Skipped: 0, Time elapsed: 0 sec - in org.scijava.log.LogServiceTest
Running org.scijava.menu.ShadowMenuTest
Tests run: 5, Failures: 0, Errors: 0, Skipped: 0, Time elapsed: 0.059 sec - in org.scijava.menu.ShadowMenuTest
Running org.scijava.module.ModuleServiceTest
Tests run: 1, Failures: 0, Errors: 0, Skipped: 0, Time elapsed: 0.019 sec - in org.scijava.module.ModuleServiceTest
Running org.scijava.object.ObjectIndexTest
Tests run: 11, Failures: 0, Errors: 0, Skipped: 0, Time elapsed: 0.014 sec - in org.scijava.object.ObjectIndexTest
Running org.scijava.object.SortedObjectIndexTest
Tests run: 2, Failures: 0, Errors: 0, Skipped: 0, Time elapsed: 0.003 sec - in org.scijava.object.SortedObjectIndexTest
Running org.scijava.options.OptionsTest
Tests run: 2, Failures: 0, Errors: 0, Skipped: 0, Time elapsed: 0.162 sec - in org.scijava.options.OptionsTest
Running org.scijava.plugin.PluginIndexTest
Tests run: 2, Failures: 0, Errors: 0, Skipped: 0, Time elapsed: 0.028 sec - in org.scijava.plugin.PluginIndexTest
Running org.scijava.prefs.PrefServiceTest
Tests run: 6, Failures: 0, Errors: 0, Skipped: 0, Time elapsed: 0.317 sec - in org.scijava.prefs.PrefServiceTest
Running org.scijava.script.ScriptEngineTest
Tests run: 2, Failures: 0, Errors: 0, Skipped: 0, Time elapsed: 0.1 sec - in org.scijava.script.ScriptEngineTest
Running org.scijava.script.ScriptFinderTest
Tests run: 3, Failures: 0, Errors: 0, Skipped: 0, Time elapsed: 0.129 sec - in org.scijava.script.ScriptFinderTest
Running org.scijava.script.ScriptInfoTest
java.io.FileNotFoundException: hello.bsizes (The system cannot find the file specified)
	at java.io.FileInputStream.open(Native Method)
	at java.io.FileInputStream.&lt;init&gt;(FileInputStream.java:106)
	at org.scijava.util.FileUtils.readFile(FileUtils.java:148)
	at org.scijava.script.ScriptInfo.getVersion(ScriptInfo.java:299)
	at org.scijava.usage.UsageStats.&lt;init&gt;(UsageStats.java:75)
	at org.scijava.usage.DefaultUsageService.getUsage(DefaultUsageService.java:92)
	at org.scijava.usage.DefaultUsageService.increment(DefaultUsageService.java:98)
	at org.scijava.usage.DefaultUsageService.onEvent(DefaultUsageService.java:108)
	at sun.reflect.NativeMethodAccessorImpl.invoke0(Native Method)
	at sun.reflect.NativeMethodAccessorImpl.invoke(NativeMethodAccessorImpl.java:39)
	at sun.reflect.DelegatingMethodAccessorImpl.invoke(DelegatingMethodAccessorImpl.java:25)
	at java.lang.reflect.Method.invoke(Method.java:597)
	at org.scijava.event.DefaultEventService$ProxySubscriber.onEvent(DefaultEventService.java:259)
	at org.scijava.event.DefaultEventService$ProxySubscriber.onEvent(DefaultEventService.java:233)
	at org.bushe.swing.event.ThreadSafeEventService.publish(ThreadSafeEventService.java:971)
	at org.scijava.event.DefaultEventBus.access$101(DefaultEventBus.java:56)
	at org.scijava.event.DefaultEventBus$1.run(DefaultEventBus.java:197)
	at org.scijava.thread.DefaultThreadService$1.run(DefaultThreadService.java:147)
	at java.awt.event.InvocationEvent.dispatch(InvocationEvent.java:199)
	at java.awt.EventQueue.dispatchEventImpl(EventQueue.java:642)
	at java.awt.EventQueue.access$000(EventQueue.java:85)
	at java.awt.EventQueue$1.run(EventQueue.java:603)
	at java.awt.EventQueue$1.run(EventQueue.java:601)
	at java.security.AccessController.doPrivileged(Native Method)
	at java.security.AccessControlContext$1.doIntersectionPrivilege(AccessControlContext.java:87)
	at java.awt.EventQueue.dispatchEvent(EventQueue.java:612)
	at java.awt.EventDispatchThread.pumpOneEventForFilters(EventDispatchThread.java:269)
	at java.awt.EventDispatchThread.pumpEventsForFilter(EventDispatchThread.java:184)
	at java.awt.EventDispatchThread.pumpEventsForHierarchy(EventDispatchThread.java:174)
	at java.awt.EventDispatchThread.pumpEvents(EventDispatchThread.java:169)
	at java.awt.EventDispatchThread.pumpEvents(EventDispatchThread.java:161)
	at java.awt.EventDispatchThread.run(EventDispatchThread.java:122)
[WARNING] Ignoring unsupported output: result [java.lang.Integer]
Tests run: 2, Failures: 0, Errors: 0, Skipped: 0, Time elapsed: 0.093 sec - in org.scijava.script.ScriptInfoTest
Running org.scijava.script.ScriptServiceTest
Tests run: 1, Failures: 0, Errors: 0, Skipped: 0, Time elapsed: 0.032 sec - in org.scijava.script.ScriptServiceTest
Running org.scijava.service.ServiceIndexTest
Tests run: 1, Failures: 0, Errors: 0, Skipped: 0, Time elapsed: 0 sec - in org.scijava.service.ServiceIndexTest
Running org.scijava.test.TestUtilsTest
Tests run: 3, Failures: 0, Errors: 0, Skipped: 0, Time elapsed: 0 sec - in org.scijava.test.TestUtilsTest
Running org.scijava.thread.ThreadServiceTest
Tests run: 7, Failures: 0, Errors: 0, Skipped: 0, Time elapsed: 0.454 sec - in org.scijava.thread.ThreadServiceTest
Running org.scijava.usage.ModuleUsageTest
Tests run: 1, Failures: 0, Errors: 0, Skipped: 0, Time elapsed: 0.077 sec - in org.scijava.usage.ModuleUsageTest
Running org.scijava.usage.UsageServiceTest
Tests run: 1, Failures: 0, Errors: 0, Skipped: 0, Time elapsed: 0.001 sec - in org.scijava.usage.UsageServiceTest
Running org.scijava.util.AppUtilsTest
Tests run: 1, Failures: 0, Errors: 0, Skipped: 0, Time elapsed: 0.002 sec - in org.scijava.util.AppUtilsTest
Running org.scijava.util.BoolArrayTest
Tests run: 22, Failures: 0, Errors: 0, Skipped: 0, Time elapsed: 0.026 sec - in org.scijava.util.BoolArrayTest
Running org.scijava.util.ByteArrayTest
Tests run: 22, Failures: 0, Errors: 0, Skipped: 0, Time elapsed: 0.019 sec - in org.scijava.util.ByteArrayTest
Running org.scijava.util.CharArrayTest
Tests run: 22, Failures: 0, Errors: 0, Skipped: 0, Time elapsed: 0.005 sec - in org.scijava.util.CharArrayTest
Running org.scijava.util.ClassUtilsTest
Tests run: 4, Failures: 0, Errors: 0, Skipped: 0, Time elapsed: 0.014 sec - in org.scijava.util.ClassUtilsTest
Running org.scijava.util.ColorRGBTest
Tests run: 12, Failures: 0, Errors: 0, Skipped: 0, Time elapsed: 0.013 sec - in org.scijava.util.ColorRGBTest
Running org.scijava.util.ConversionUtilsTest
Tests run: 20, Failures: 0, Errors: 0, Skipped: 0, Time elapsed: 0.041 sec - in org.scijava.util.ConversionUtilsTest
Running org.scijava.util.DigestUtilsTest
Tests run: 15, Failures: 0, Errors: 0, Skipped: 0, Time elapsed: 0.016 sec - in org.scijava.util.DigestUtilsTest
Running org.scijava.util.DoubleArrayTest
Tests run: 22, Failures: 0, Errors: 0, Skipped: 0, Time elapsed: 0.027 sec - in org.scijava.util.DoubleArrayTest
Running org.scijava.util.FileUtilsTest
Tests run: 8, Failures: 0, Errors: 0, Skipped: 0, Time elapsed: 0.035 sec - in org.scijava.util.FileUtilsTest
Running org.scijava.util.FloatArrayTest
Tests run: 22, Failures: 0, Errors: 0, Skipped: 0, Time elapsed: 0.018 sec - in org.scijava.util.FloatArrayTest
Running org.scijava.util.GenericUtilsTest
Tests run: 4, Failures: 0, Errors: 0, Skipped: 0, Time elapsed: 0.008 sec - in org.scijava.util.GenericUtilsTest
Running org.scijava.util.IntArrayTest
Tests run: 22, Failures: 0, Errors: 0, Skipped: 0, Time elapsed: 0.02 sec - in org.scijava.util.IntArrayTest
Running org.scijava.util.LongArrayTest
Tests run: 22, Failures: 0, Errors: 0, Skipped: 0, Time elapsed: 0.018 sec - in org.scijava.util.LongArrayTest
Running org.scijava.util.ObjectArrayTest
Tests run: 22, Failures: 0, Errors: 0, Skipped: 0, Time elapsed: 0.017 sec - in org.scijava.util.ObjectArrayTest
Running org.scijava.util.POMTest
Tests run: 1, Failures: 0, Errors: 0, Skipped: 0, Time elapsed: 0.003 sec - in org.scijava.util.POMTest
Running org.scijava.util.PrefsTest
Jul 25, 2014 11:11:04 AM java.util.prefs.WindowsPreferences &lt;init&gt;
WARNING: Could not create windows registry node Software\JavaSoft\Prefs\java at root 0x80000002. Windows RegCreateKeyEx(...) returned error code 5.
Jul 25, 2014 11:11:04 AM java.util.prefs.WindowsPreferences WindowsRegOpenKey1
WARNING: Trying to recreate Windows registry node Software\JavaSoft\Prefs\java at root 0x80000002.
Jul 25, 2014 11:11:04 AM java.util.prefs.WindowsPreferences openKey
WARNING: Could not open windows registry node Software\JavaSoft\Prefs\java at root 0x80000002. Windows RegOpenKey(...) returned error code 2.
Jul 25, 2014 11:11:04 AM java.util.prefs.WindowsPreferences WindowsRegOpenKey1
WARNING: Trying to recreate Windows registry node Software\JavaSoft\Prefs\java\lang at root 0x80000002.
Jul 25, 2014 11:11:04 AM java.util.prefs.WindowsPreferences openKey
WARNING: Could not open windows registry node Software\JavaSoft\Prefs\java\lang at root 0x80000002. Windows RegOpenKey(...) returned error code 2.
Jul 25, 2014 11:11:04 AM java.util.prefs.WindowsPreferences WindowsRegOpenKey1
WARNING: Trying to recreate Windows registry node Software\JavaSoft\Prefs\java\lang\/Map/Key at root 0x80000002.
Jul 25, 2014 11:11:04 AM java.util.prefs.WindowsPreferences openKey
WARNING: Could not open windows registry node Software\JavaSoft\Prefs\java\lang\/Map/Key at root 0x80000002. Windows RegOpenKey(...) returned error code 2.
Jul 25, 2014 11:11:04 AM java.util.prefs.WindowsPreferences WindowsRegOpenKey1
WARNING: Trying to recreate Windows registry node Software\JavaSoft\Prefs\java\lang\/Map/Key at root 0x80000002.
Jul 25, 2014 11:11:04 AM java.util.prefs.WindowsPreferences openKey
WARNING: Could not open windows registry node Software\JavaSoft\Prefs\java\lang\/Map/Key at root 0x80000002. Windows RegOpenKey(...) returned error code 2.
Jul 25, 2014 11:11:04 AM java.util.prefs.WindowsPreferences WindowsRegOpenKey1
WARNING: Trying to recreate Windows registry node Software\JavaSoft\Prefs\java\lang\/Map/Key at root 0x80000002.
Jul 25, 2014 11:11:04 AM java.util.prefs.WindowsPreferences openKey
WARNING: Could not open windows registry node Software\JavaSoft\Prefs\java\lang\/Map/Key at root 0x80000002. Windows RegOpenKey(...) returned error code 2.
Jul 25, 2014 11:11:04 AM java.util.prefs.WindowsPreferences WindowsRegOpenKey1
WARNING: Trying to recreate Windows registry node Software\JavaSoft\Prefs\java\lang\/Map/Key at root 0x80000002.
Jul 25, 2014 11:11:04 AM java.util.prefs.WindowsPreferences openKey
WARNING: Could not open windows registry node Software\JavaSoft\Prefs\java\lang\/Map/Key at root 0x80000002. Windows RegOpenKey(...) returned error code 2.
Jul 25, 2014 11:11:04 AM java.util.prefs.WindowsPreferences WindowsRegOpenKey1
WARNING: Trying to recreate Windows registry node Software\JavaSoft\Prefs\java\lang\/Map/Key at root 0x80000002.
Jul 25, 2014 11:11:04 AM java.util.prefs.WindowsPreferences openKey
WARNING: Could not open windows registry node Software\JavaSoft\Prefs\java\lang\/Map/Key at root 0x80000002. Windows RegOpenKey(...) returned error code 2.
Jul 25, 2014 11:11:04 AM java.util.prefs.WindowsPreferences WindowsRegOpenKey1
WARNING: Trying to recreate Windows registry node Software\JavaSoft\Prefs\java\lang\/Map/Key at root 0x80000002.
Jul 25, 2014 11:11:04 AM java.util.prefs.WindowsPreferences openKey
WARNING: Could not open windows registry node Software\JavaSoft\Prefs\java\lang\/Map/Key at root 0x80000002. Windows RegOpenKey(...) returned error code 2.
java.util.prefs.BackingStoreException: Could not open windowsregistry node Software\JavaSoft\Prefs\java\lang\/Map/Key at root 0x80000002.
	at java.util.prefs.WindowsPreferences.keysSpi(WindowsPreferences.java:670)
	at java.util.prefs.AbstractPreferences.keys(AbstractPreferences.java:669)
	at org.scijava.prefs.DefaultPrefService.getMap(DefaultPrefService.java:428)
	at org.scijava.prefs.DefaultPrefService.getMap(DefaultPrefService.java:317)
	at org.scijava.util.Prefs.getMap(Prefs.java:252)
	at org.scijava.util.PrefsTest.testMap(PrefsTest.java:64)
	at sun.reflect.NativeMethodAccessorImpl.invoke0(Native Method)
	at sun.reflect.NativeMethodAccessorImpl.invoke(NativeMethodAccessorImpl.java:39)
	at sun.reflect.DelegatingMethodAccessorImpl.invoke(DelegatingMethodAccessorImpl.java:25)
	at java.lang.reflect.Method.invoke(Method.java:597)
	at org.junit.runners.model.FrameworkMethod$1.runReflectiveCall(FrameworkMethod.java:47)
	at org.junit.internal.runners.model.ReflectiveCallable.run(ReflectiveCallable.java:12)
	at org.junit.runners.model.FrameworkMethod.invokeExplosively(FrameworkMethod.java:44)
	at org.junit.internal.runners.statements.InvokeMethod.evaluate(InvokeMethod.java:17)
	at org.junit.runners.ParentRunner.runLeaf(ParentRunner.java:271)
	at org.junit.runners.BlockJUnit4ClassRunner.runChild(BlockJUnit4ClassRunner.java:70)
	at org.junit.runners.BlockJUnit4ClassRunner.runChild(BlockJUnit4ClassRunner.java:50)
	at org.junit.runners.ParentRunner$3.run(ParentRunner.java:238)
	at org.junit.runners.ParentRunner$1.schedule(ParentRunner.java:63)
	at org.junit.runners.ParentRunner.runChildren(ParentRunner.java:236)
	at org.junit.runners.ParentRunner.access$000(ParentRunner.java:53)
	at org.junit.runners.ParentRunner$2.evaluate(ParentRunner.java:229)
	at org.junit.runners.ParentRunner.run(ParentRunner.java:309)
	at org.apache.maven.surefire.junit4.JUnit4Provider.execute(JUnit4Provider.java:264)
	at org.apache.maven.surefire.junit4.JUnit4Provider.executeTestSet(JUnit4Provider.java:153)
	at org.apache.maven.surefire.junit4.JUnit4Provider.invoke(JUnit4Provider.java:124)
	at org.apache.maven.surefire.booter.ForkedBooter.invokeProviderInSameClassLoader(ForkedBooter.java:200)
	at org.apache.maven.surefire.booter.ForkedBooter.runSuitesInProcess(ForkedBooter.java:153)
	at org.apache.maven.surefire.booter.ForkedBooter.main(ForkedBooter.java:103)
Jul 25, 2014 11:11:04 AM java.util.prefs.WindowsPreferences WindowsRegOpenKey1
WARNING: Trying to recreate Windows registry node Software\JavaSoft\Prefs\java\lang at root 0x80000002.
Jul 25, 2014 11:11:04 AM java.util.prefs.WindowsPreferences openKey
WARNING: Could not open windows registry node Software\JavaSoft\Prefs\java\lang at root 0x80000002. Windows RegOpenKey(...) returned error code 2.
Jul 25, 2014 11:11:04 AM java.util.prefs.WindowsPreferences WindowsRegOpenKey1
WARNING: Trying to recreate Windows registry node Software\JavaSoft\Prefs\java\lang\/Recent/Files at root 0x80000002.
Jul 25, 2014 11:11:04 AM java.util.prefs.WindowsPreferences openKey
WARNING: Could not open windows registry node Software\JavaSoft\Prefs\java\lang\/Recent/Files at root 0x80000002. Windows RegOpenKey(...) returned error code 2.
Jul 25, 2014 11:11:04 AM java.util.prefs.WindowsPreferences WindowsRegOpenKey1
WARNING: Trying to recreate Windows registry node Software\JavaSoft\Prefs\java\lang\/Recent/Files at root 0x80000002.
Jul 25, 2014 11:11:04 AM java.util.prefs.WindowsPreferences openKey
WARNING: Could not open windows registry node Software\JavaSoft\Prefs\java\lang\/Recent/Files at root 0x80000002. Windows RegOpenKey(...) returned error code 2.
Jul 25, 2014 11:11:04 AM java.util.prefs.WindowsPreferences WindowsRegOpenKey1
WARNING: Trying to recreate Windows registry node Software\JavaSoft\Prefs\java\lang\/Recent/Files at root 0x80000002.
Jul 25, 2014 11:11:04 AM java.util.prefs.WindowsPreferences openKey
WARNING: Could not open windows registry node Software\JavaSoft\Prefs\java\lang\/Recent/Files at root 0x80000002. Windows RegOpenKey(...) returned error code 2.
Jul 25, 2014 11:11:04 AM java.util.prefs.WindowsPreferences WindowsRegOpenKey1
WARNING: Trying to recreate Windows registry node Software\JavaSoft\Prefs\java\lang\/Recent/Files at root 0x80000002.
Jul 25, 2014 11:11:04 AM java.util.prefs.WindowsPreferences openKey
WARNING: Could not open windows registry node Software\JavaSoft\Prefs\java\lang\/Recent/Files at root 0x80000002. Windows RegOpenKey(...) returned error code 2.
Tests run: 2, Failures: 2, Errors: 0, Skipped: 0, Time elapsed: 1.777 sec &lt;&lt;&lt; FAILURE! - in org.scijava.util.PrefsTest
testMap(org.scijava.util.PrefsTest)  Time elapsed: 1.767 sec  &lt;&lt;&lt; FAILURE!
java.lang.AssertionError: expected:&lt;{3=D, 2=C, 1=B, 0=A, 5=f}&gt; but was:&lt;{}&gt;
	at org.junit.Assert.fail(Assert.java:88)
	at org.junit.Assert.failNotEquals(Assert.java:743)
	at org.junit.Assert.assertEquals(Assert.java:118)
	at org.junit.Assert.assertEquals(Assert.java:144)
	at org.scijava.util.PrefsTest.testMap(PrefsTest.java:65)

testList(org.scijava.util.PrefsTest)  Time elapsed: 0.008 sec  &lt;&lt;&lt; FAILURE!
java.lang.AssertionError: expected:&lt;[some/path1, some/path2, some/path3]&gt; but was:&lt;[]&gt;
	at org.junit.Assert.fail(Assert.java:88)
	at org.junit.Assert.failNotEquals(Assert.java:743)
	at org.junit.Assert.assertEquals(Assert.java:118)
	at org.junit.Assert.assertEquals(Assert.java:144)
	at org.scijava.util.PrefsTest.testList(PrefsTest.java:78)

Running org.scijava.util.ProcessUtilsTest
Tests run: 2, Failures: 0, Errors: 0, Skipped: 2, Time elapsed: 0.001 sec - in org.scijava.util.ProcessUtilsTest
Running org.scijava.util.ShortArrayTest
Tests run: 22, Failures: 0, Errors: 0, Skipped: 0, Time elapsed: 0.063 sec - in org.scijava.util.ShortArrayTest
Running org.scijava.util.UnitUtilsTest
Tests run: 1, Failures: 0, Errors: 0, Skipped: 0, Time elapsed: 0 sec - in org.scijava.util.UnitUtilsTest

Results :

Failed tests: 
  PrefsTest.testMap:65 expected:&lt;{3=D, 2=C, 1=B, 0=A, 5=f}&gt; but was:&lt;{}&gt;
  PrefsTest.testList:78 expected:&lt;[some/path1, some/path2, some/path3]&gt; but was:&lt;[]&gt;

Tests run: 357, Failures: 2, Errors: 0, Skipped: 3

[INFO] ------------------------------------------------------------------------
[INFO] BUILD FAILURE
[INFO] ------------------------------------------------------------------------
[INFO] Total time: 33.419s
[INFO] Finished at: Fri Jul 25 11:11:05 CDT 2014
[INFO] Final Memory: 13M/58M
[INFO] ------------------------------------------------------------------------
[ERROR] Failed to execute goal org.apache.maven.plugins:maven-surefire-plugin:2.17:test (default-test) on project scijava-common: There are test failures.
[ERROR] 
[ERROR] Please refer to &lt;<A HREF="http://jenkins.imagej.net/job/SciJava-common-windows/ws/target\surefire-reports">http://jenkins.imagej.net/job/SciJava-common-windows/ws/target\surefire-reports</A>&gt; for the individual test results.
[ERROR] -&gt; [Help 1]
[ERROR] 
[ERROR] To see the full stack trace of the errors, re-run Maven with the -e switch.
[ERROR] Re-run Maven using the -X switch to enable full debug logging.
[ERROR] 
[ERROR] For more information about the errors and possible solutions, please read the following articles:
[ERROR] [Help 1] <A HREF="http://cwiki.apache.org/confluence/display/MAVEN/MojoFailureException">http://cwiki.apache.org/confluence/display/MAVEN/MojoFailureException</A>
Build step 'Execute shell' marked build as failure
Archiving artifacts
Recording test results

</PRE>


<!--endarticle-->
    <HR>
    <P><UL>
        <!--threads-->
	<LI>Previous message: <A HREF="005726.html">[ImageJ-builds] Jenkins build is back to normal : SciJava-common	#768
</A></li>
	<LI>Next message: <A HREF="005728.html">[ImageJ-builds] Jenkins build is back to normal :	SciJava-common-windows #639
</A></li>
         <LI> <B>Messages sorted by:</B> 
              <a href="date.html#5727">[ date ]</a>
              <a href="thread.html#5727">[ thread ]</a>
              <a href="subject.html#5727">[ subject ]</a>
              <a href="author.html#5727">[ author ]</a>
         </LI>
       </UL>

<hr>
<a href="http://imagej.net/mailman/listinfo/imagej-builds">More information about the ImageJ-builds
mailing list</a><br>
</body></html>
