<!DOCTYPE HTML PUBLIC "-//W3C//DTD HTML 4.01 Transitional//EN">
<HTML>
 <HEAD>
   <TITLE> [ImageJ-devel] [fiji-devel] Fwd: Build failed in Jenkins:	ImgLib #2279
   </TITLE>
   <LINK REL="Index" HREF="index.html" >
   <LINK REL="made" HREF="mailto:imagej-devel%40imagej.net?Subject=Re%3A%20%5BImageJ-devel%5D%20%5Bfiji-devel%5D%20Fwd%3A%20Build%20failed%20in%20Jenkins%3A%0A%09ImgLib%20%232279&In-Reply-To=%3CCADN69ymp0m3-%3DdPgZPScP5Cgd6i23R9Qa-cZu7jacoL2Ew7_cg%40mail.gmail.com%3E">
   <META NAME="robots" CONTENT="index,nofollow">
   <style type="text/css">
       pre {
           white-space: pre-wrap;       /* css-2.1, curent FF, Opera, Safari */
           }
   </style>
   <META http-equiv="Content-Type" content="text/html; charset=us-ascii">
   <LINK REL="Previous"  HREF="001872.html">
   <LINK REL="Next"  HREF="001875.html">
 </HEAD>
 <BODY BGCOLOR="#ffffff">
   <H1>[ImageJ-devel] [fiji-devel] Fwd: Build failed in Jenkins:	ImgLib #2279</H1>
    <B>Curtis Rueden</B> 
    <A HREF="mailto:imagej-devel%40imagej.net?Subject=Re%3A%20%5BImageJ-devel%5D%20%5Bfiji-devel%5D%20Fwd%3A%20Build%20failed%20in%20Jenkins%3A%0A%09ImgLib%20%232279&In-Reply-To=%3CCADN69ymp0m3-%3DdPgZPScP5Cgd6i23R9Qa-cZu7jacoL2Ew7_cg%40mail.gmail.com%3E"
       TITLE="[ImageJ-devel] [fiji-devel] Fwd: Build failed in Jenkins:	ImgLib #2279">ctrueden at wisc.edu
       </A><BR>
    <I>Thu Dec 19 16:36:42 CST 2013</I>
    <P><UL>
        <LI>Previous message: <A HREF="001872.html">[ImageJ-devel] Fwd: Build failed in Jenkins: ImgLib #2279
</A></li>
        <LI>Next message: <A HREF="001875.html">[ImageJ-devel] [fiji-devel] Fwd: Build failed in Jenkins:	ImgLib #2279
</A></li>
         <LI> <B>Messages sorted by:</B> 
              <a href="date.html#1873">[ date ]</a>
              <a href="thread.html#1873">[ thread ]</a>
              <a href="subject.html#1873">[ subject ]</a>
              <a href="author.html#1873">[ author ]</a>
         </LI>
       </UL>
    <HR>  
<!--beginarticle-->
<PRE>Hi Steffi and everyone,

&gt;<i> Although I reverted my commit it still does not compile. Does this
</I>&gt;<i> make sense? I am sure it is my fault but I have still no idea why this
</I>&gt;<i> would happen.
</I>
For the record, the problem (which is now fixed) was due to a reboot of the
ImageJ Maven development server. My fault, not Steffi's.

For details, see:
<A HREF="https://github.com/imglib/imglib/commit/e989540e844538258577d95dd24fa615a1e7c238">https://github.com/imglib/imglib/commit/e989540e844538258577d95dd24fa615a1e7c238</A>
<A HREF="https://github.com/imglib/imglib/commit/ce27291ce50eb888c2606916daebcfed56e329ad#commitcomment-4894654">https://github.com/imglib/imglib/commit/ce27291ce50eb888c2606916daebcfed56e329ad#commitcomment-4894654</A>

Regards,
Curtis


On Wed, Dec 18, 2013 at 5:54 AM, Stephan Preibisch &lt;<A HREF="http://imagej.net/mailman/listinfo/imagej-devel">stephan.preibisch at gmx.de</A>
&gt;<i> wrote:
</I>
&gt;<i> Ok, now I need help :) Although I reverted my commit it still does not
</I>&gt;<i> compile. Does this make sense? I am sure it is my fault but I have still no
</I>&gt;<i> idea why this would happen.
</I>&gt;<i>
</I>&gt;<i> It should be the exactly same state as before, or?
</I>&gt;<i>
</I>&gt;<i> Thanks a lot,
</I>&gt;<i> Steffi
</I>&gt;<i>
</I>&gt;<i> On Dec 18, 2013, at 12:49 , <A HREF="http://imagej.net/mailman/listinfo/imagej-devel">jenkins at imagej.net</A> wrote:
</I>&gt;<i>
</I>&gt;<i> See &lt;<A HREF="http://jenkins.imagej.net/job/ImgLib/2279/changes">http://jenkins.imagej.net/job/ImgLib/2279/changes</A>&gt;
</I>&gt;<i>
</I>&gt;<i> Changes:
</I>&gt;<i>
</I>&gt;<i> [Stephan Preibisch] For some reason this fails to compile on jenkins,
</I>&gt;<i> reverting it
</I>&gt;<i>
</I>&gt;<i> ------------------------------------------
</I>&gt;<i> [...truncated 371 lines...]
</I>&gt;<i> Performance: File TEST-net.imglib2.img.cell.CopyTest.xml reported 0.0% of
</I>&gt;<i> errors [SUCCESS]. Build status is: FAILURE
</I>&gt;<i> Performance: File TEST-net.imglib2.img.list.CopyTest.xml reported 0.0% of
</I>&gt;<i> errors [SUCCESS]. Build status is: FAILURE
</I>&gt;<i> Performance: File TEST-net.imglib2.img.planar.CopyTest.xml reported 0.0%
</I>&gt;<i> of errors [SUCCESS]. Build status is: FAILURE
</I>&gt;<i> Performance: File TEST-net.imglib2.img.sparse.NtreeTest.xml reported 0.0%
</I>&gt;<i> of errors [SUCCESS]. Build status is: FAILURE
</I>&gt;<i> Performance: File
</I>&gt;<i> TEST-net.imglib2.img.transform.ImgTranslationAdapterTest.xml reported 0.0%
</I>&gt;<i> of errors [SUCCESS]. Build status is: FAILURE
</I>&gt;<i> Performance: File TEST-net.imglib2.nearestneighbor.KDTreeTest.xml reported
</I>&gt;<i> 0.0% of errors [SUCCESS]. Build status is: FAILURE
</I>&gt;<i> Performance: File
</I>&gt;<i> TEST-net.imglib2.nearestneighbor.NearestNeighborSearchOnIterableRealIntervalTest.xml
</I>&gt;<i> reported 0.0% of errors [SUCCESS]. Build status is: FAILURE
</I>&gt;<i> Performance: File TEST-net.imglib2.outofbounds.OutOfBoundsBorderTest.xml
</I>&gt;<i> reported 0.0% of errors [SUCCESS]. Build status is: FAILURE
</I>&gt;<i> Performance: File
</I>&gt;<i> TEST-net.imglib2.outofbounds.OutOfBoundsMirrorDoubleBoundaryTest.xml
</I>&gt;<i> reported 0.0% of errors [SUCCESS]. Build status is: FAILURE
</I>&gt;<i> Performance: File
</I>&gt;<i> TEST-net.imglib2.outofbounds.OutOfBoundsMirrorSingleBoundaryTest.xml
</I>&gt;<i> reported 0.0% of errors [SUCCESS]. Build status is: FAILURE
</I>&gt;<i> Performance: File TEST-net.imglib2.outofbounds.OutOfBoundsPeriodicTest.xml
</I>&gt;<i> reported 0.0% of errors [SUCCESS]. Build status is: FAILURE
</I>&gt;<i> Performance: File TEST-net.imglib2.position.transform.FloorOffsetTest.xml
</I>&gt;<i> reported 0.0% of errors [SUCCESS]. Build status is: FAILURE
</I>&gt;<i> Performance: File
</I>&gt;<i> TEST-net.imglib2.roi.AbstractIterableRegionOfInterestTest.xml reported 0.0%
</I>&gt;<i> of errors [SUCCESS]. Build status is: FAILURE
</I>&gt;<i> Performance: File TEST-net.imglib2.roi.BinaryMaskRegionOfInterestTest.xml
</I>&gt;<i> reported 0.0% of errors [SUCCESS]. Build status is: FAILURE
</I>&gt;<i> Performance: File TEST-net.imglib2.roi.CompositeRegionOfInterestTest.xml
</I>&gt;<i> reported 0.0% of errors [SUCCESS]. Build status is: FAILURE
</I>&gt;<i> Performance: File TEST-net.imglib2.roi.EllipseRegionOfInterestTest.xml
</I>&gt;<i> reported 0.0% of errors [SUCCESS]. Build status is: FAILURE
</I>&gt;<i> Performance: File TEST-net.imglib2.roi.GeneralPathRegionOfInterestTest.xml
</I>&gt;<i> reported 0.0% of errors [SUCCESS]. Build status is: FAILURE
</I>&gt;<i> Performance: File TEST-net.imglib2.roi.PolygonRegionOfInterestTest.xml
</I>&gt;<i> reported 0.0% of errors [SUCCESS]. Build status is: FAILURE
</I>&gt;<i> Performance: File TEST-net.imglib2.roi.RectangleRegionOfInterestTest.xml
</I>&gt;<i> reported 0.0% of errors [SUCCESS]. Build status is: FAILURE
</I>&gt;<i> Performance: File
</I>&gt;<i> TEST-net.imglib2.sampler.special.TestConstantRandomAccessible.xml reported
</I>&gt;<i> 0.0% of errors [SUCCESS]. Build status is: FAILURE
</I>&gt;<i> Performance: File
</I>&gt;<i> TEST-net.imglib2.sampler.special.TestConstantRealRandomAccessible.xml
</I>&gt;<i> reported 0.0% of errors [SUCCESS]. Build status is: FAILURE
</I>&gt;<i> Performance: File TEST-net.imglib2.util.ImgUtilTest.xml reported 0.0% of
</I>&gt;<i> errors [SUCCESS]. Build status is: FAILURE
</I>&gt;<i> Performance: File TEST-net.imglib2.util.KthElementTest.xml reported 0.0%
</I>&gt;<i> of errors [SUCCESS]. Build status is: FAILURE
</I>&gt;<i> Performance: File TEST-net.imglib2.util.LinAlgHelpersTest.xml reported
</I>&gt;<i> 0.0% of errors [SUCCESS]. Build status is: FAILURE
</I>&gt;<i> Performance: File TEST-net.imglib2.util.PartitionTest.xml reported 0.0% of
</I>&gt;<i> errors [SUCCESS]. Build status is: FAILURE
</I>&gt;<i> Performance: File TEST-net.imglib2.util.RealSumTest.xml reported 0.0% of
</I>&gt;<i> errors [SUCCESS]. Build status is: FAILURE
</I>&gt;<i> Performance: File TEST-net.imglib2.view.RandomAccessTest.xml reported 0.0%
</I>&gt;<i> of errors [SUCCESS]. Build status is: FAILURE
</I>&gt;<i> Performance: File
</I>&gt;<i> TEST-net.imglib2.view.RandomAccessibleIntervalCursorTest.xml reported 0.0%
</I>&gt;<i> of errors [SUCCESS]. Build status is: FAILURE
</I>&gt;<i> Performance: File TEST-net.imglib2.view.SequentializeTransformTest.xml
</I>&gt;<i> reported 0.0% of errors [SUCCESS]. Build status is: FAILURE
</I>&gt;<i> Performance: File TEST-tests.BasicTest.xml reported 0.0% of errors
</I>&gt;<i> [SUCCESS]. Build status is: FAILURE
</I>&gt;<i> Performance: File TEST-tests.labeling.LabelingOutOfBoundsTest.xml reported
</I>&gt;<i> 0.0% of errors [SUCCESS]. Build status is: FAILURE
</I>&gt;<i> Performance: File TEST-tests.labeling.LabelingTest.xml reported 0.0% of
</I>&gt;<i> errors [SUCCESS]. Build status is: FAILURE
</I>&gt;<i> Performance: File TEST-tests.labeling.SparseLabelingTest.xml reported 0.0%
</I>&gt;<i> of errors [SUCCESS]. Build status is: FAILURE
</I>&gt;<i> Performance: File TEST-tests.roi.TestAbstractRegionOfInterest.xml reported
</I>&gt;<i> 0.0% of errors [SUCCESS]. Build status is: FAILURE
</I>&gt;<i> Performance: File TEST-net.imglib2.img.ImagePlusAdapterTest.xml reported
</I>&gt;<i> 0.0% of errors [SUCCESS]. Build status is: FAILURE
</I>&gt;<i> Performance: File TEST-net.imglib2.img.ImgTest.xml reported 0.0% of errors
</I>&gt;<i> [SUCCESS]. Build status is: FAILURE
</I>&gt;<i> Performance: File TEST-HistogramTest.xml reported 0.0% of errors
</I>&gt;<i> [SUCCESS]. Build status is: FAILURE
</I>&gt;<i> Performance: File TEST-tests.labeling.AllConnectedComponentsTest.xml
</I>&gt;<i> reported 0.0% of errors [SUCCESS]. Build status is: FAILURE
</I>&gt;<i> Performance: File TEST-tests.labeling.WatershedTest.xml reported 0.0% of
</I>&gt;<i> errors [SUCCESS]. Build status is: FAILURE
</I>&gt;<i> Performance: File TEST-tests.BasicTest.xml reported 0.0% of errors
</I>&gt;<i> [SUCCESS]. Build status is: FAILURE
</I>&gt;<i> Performance: File TEST-tests.TestSortedGrayLevelIterator.xml reported 0.0%
</I>&gt;<i> of errors [SUCCESS]. Build status is: FAILURE
</I>&gt;<i> Performance: File TEST-tests.labeling.LabelingTest.xml reported 0.0% of
</I>&gt;<i> errors [SUCCESS]. Build status is: FAILURE
</I>&gt;<i> Performance: File TEST-imglib.ops.Rev2FunctionalIdeasTest.xml reported
</I>&gt;<i> 0.0% of errors [SUCCESS]. Build status is: FAILURE
</I>&gt;<i> Performance: File TEST-script.imglib.test.TestPlot.xml reported 0.0% of
</I>&gt;<i> errors [SUCCESS]. Build status is: FAILURE
</I>&gt;<i> Performance: File
</I>&gt;<i> TEST-net.imglib2.algorithm.kdtree.VolumetricSearchTest.xml reported 0.0% of
</I>&gt;<i> errors [SUCCESS]. Build status is: FAILURE
</I>&gt;<i> Performance: File TEST-tests.labeling.AllConnectedComponentsTest.xml
</I>&gt;<i> reported 0.0% of errors [SUCCESS]. Build status is: FAILURE
</I>&gt;<i> Performance: File TEST-tests.labeling.WatershedTest.xml reported 0.0% of
</I>&gt;<i> errors [SUCCESS]. Build status is: FAILURE
</I>&gt;<i> Performance: File TEST-net.imglib2.algorithm.fft.FFTTest.xml reported 0.0%
</I>&gt;<i> of errors [SUCCESS]. Build status is: FAILURE
</I>&gt;<i> Performance: File
</I>&gt;<i> TEST-net.imglib2.algorithm.localization.EllipticGaussianOrthoTest.xml
</I>&gt;<i> reported 0.0% of errors [SUCCESS]. Build status is: FAILURE
</I>&gt;<i> Performance: File TEST-net.imglib2.algorithm.localization.GaussianTest.xml
</I>&gt;<i> reported 0.0% of errors [SUCCESS]. Build status is: FAILURE
</I>&gt;<i> Performance: File
</I>&gt;<i> TEST-net.imglib2.algorithm.localization.MLEllipticGaussianEstimatorTest.xml
</I>&gt;<i> reported 0.0% of errors [SUCCESS]. Build status is: FAILURE
</I>&gt;<i> Performance: File
</I>&gt;<i> TEST-net.imglib2.algorithm.localization.MLGaussianEstimatorTest.xml
</I>&gt;<i> reported 0.0% of errors [SUCCESS]. Build status is: FAILURE
</I>&gt;<i> Performance: File
</I>&gt;<i> TEST-net.imglib2.algorithm.localization.PeakFitterTest.xml reported 0.0% of
</I>&gt;<i> errors [SUCCESS]. Build status is: FAILURE
</I>&gt;<i> Performance: File TEST-net.imglib2.algorithm.region.BresenhamLineTest.xml
</I>&gt;<i> reported 0.0% of errors [SUCCESS]. Build status is: FAILURE
</I>&gt;<i> Performance: File TEST-net.imglib2.BinningTest.xml reported 0.0% of errors
</I>&gt;<i> [SUCCESS]. Build status is: FAILURE
</I>&gt;<i> Performance: File TEST-net.imglib2.IterableIntervalSubsetTest.xml reported
</I>&gt;<i> 0.0% of errors [SUCCESS]. Build status is: FAILURE
</I>&gt;<i> Performance: File TEST-net.imglib2.PointTest.xml reported 0.0% of errors
</I>&gt;<i> [SUCCESS]. Build status is: FAILURE
</I>&gt;<i> Performance: File TEST-net.imglib2.RealPointTest.xml reported 0.0% of
</I>&gt;<i> errors [SUCCESS]. Build status is: FAILURE
</I>&gt;<i> Performance: File TEST-net.imglib2.TestAbstractRealLocalizable.xml
</I>&gt;<i> reported 0.0% of errors [SUCCESS]. Build status is: FAILURE
</I>&gt;<i> Performance: File TEST-net.imglib2.collection.RealPointSampleListTest.xml
</I>&gt;<i> reported 0.0% of errors [SUCCESS]. Build status is: FAILURE
</I>&gt;<i> Performance: File TEST-net.imglib2.img.cell.CellContainerFactoryTest.xml
</I>&gt;<i> reported 0.0% of errors [SUCCESS]. Build status is: FAILURE
</I>&gt;<i> Performance: File TEST-net.imglib2.img.cell.CellContainerTest.xml reported
</I>&gt;<i> 0.0% of errors [SUCCESS]. Build status is: FAILURE
</I>&gt;<i> Performance: File TEST-net.imglib2.img.cell.CellCursorTest.xml reported
</I>&gt;<i> 0.0% of errors [SUCCESS]. Build status is: FAILURE
</I>&gt;<i> Performance: File TEST-net.imglib2.img.cell.CellTest.xml reported 0.0% of
</I>&gt;<i> errors [SUCCESS]. Build status is: FAILURE
</I>&gt;<i> Performance: File TEST-net.imglib2.img.cell.CopyTest.xml reported 0.0% of
</I>&gt;<i> errors [SUCCESS]. Build status is: FAILURE
</I>&gt;<i> Performance: File TEST-net.imglib2.img.list.CopyTest.xml reported 0.0% of
</I>&gt;<i> errors [SUCCESS]. Build status is: FAILURE
</I>&gt;<i> Performance: File TEST-net.imglib2.img.planar.CopyTest.xml reported 0.0%
</I>&gt;<i> of errors [SUCCESS]. Build status is: FAILURE
</I>&gt;<i> Performance: File TEST-net.imglib2.img.sparse.NtreeTest.xml reported 0.0%
</I>&gt;<i> of errors [SUCCESS]. Build status is: FAILURE
</I>&gt;<i> Performance: File
</I>&gt;<i> TEST-net.imglib2.img.transform.ImgTranslationAdapterTest.xml reported 0.0%
</I>&gt;<i> of errors [SUCCESS]. Build status is: FAILURE
</I>&gt;<i> Performance: File TEST-net.imglib2.nearestneighbor.KDTreeTest.xml reported
</I>&gt;<i> 0.0% of errors [SUCCESS]. Build status is: FAILURE
</I>&gt;<i> Performance: File
</I>&gt;<i> TEST-net.imglib2.nearestneighbor.NearestNeighborSearchOnIterableRealIntervalTest.xml
</I>&gt;<i> reported 0.0% of errors [SUCCESS]. Build status is: FAILURE
</I>&gt;<i> Performance: File TEST-net.imglib2.outofbounds.OutOfBoundsBorderTest.xml
</I>&gt;<i> reported 0.0% of errors [SUCCESS]. Build status is: FAILURE
</I>&gt;<i> Performance: File
</I>&gt;<i> TEST-net.imglib2.outofbounds.OutOfBoundsMirrorDoubleBoundaryTest.xml
</I>&gt;<i> reported 0.0% of errors [SUCCESS]. Build status is: FAILURE
</I>&gt;<i> Performance: File
</I>&gt;<i> TEST-net.imglib2.outofbounds.OutOfBoundsMirrorSingleBoundaryTest.xml
</I>&gt;<i> reported 0.0% of errors [SUCCESS]. Build status is: FAILURE
</I>&gt;<i> Performance: File TEST-net.imglib2.outofbounds.OutOfBoundsPeriodicTest.xml
</I>&gt;<i> reported 0.0% of errors [SUCCESS]. Build status is: FAILURE
</I>&gt;<i> Performance: File TEST-net.imglib2.position.transform.FloorOffsetTest.xml
</I>&gt;<i> reported 0.0% of errors [SUCCESS]. Build status is: FAILURE
</I>&gt;<i> Performance: File
</I>&gt;<i> TEST-net.imglib2.roi.AbstractIterableRegionOfInterestTest.xml reported 0.0%
</I>&gt;<i> of errors [SUCCESS]. Build status is: FAILURE
</I>&gt;<i> Performance: File TEST-net.imglib2.roi.BinaryMaskRegionOfInterestTest.xml
</I>&gt;<i> reported 0.0% of errors [SUCCESS]. Build status is: FAILURE
</I>&gt;<i> Performance: File TEST-net.imglib2.roi.CompositeRegionOfInterestTest.xml
</I>&gt;<i> reported 0.0% of errors [SUCCESS]. Build status is: FAILURE
</I>&gt;<i> Performance: File TEST-net.imglib2.roi.EllipseRegionOfInterestTest.xml
</I>&gt;<i> reported 0.0% of errors [SUCCESS]. Build status is: FAILURE
</I>&gt;<i> Performance: File TEST-net.imglib2.roi.GeneralPathRegionOfInterestTest.xml
</I>&gt;<i> reported 0.0% of errors [SUCCESS]. Build status is: FAILURE
</I>&gt;<i> Performance: File TEST-net.imglib2.roi.PolygonRegionOfInterestTest.xml
</I>&gt;<i> reported 0.0% of errors [SUCCESS]. Build status is: FAILURE
</I>&gt;<i> Performance: File TEST-net.imglib2.roi.RectangleRegionOfInterestTest.xml
</I>&gt;<i> reported 0.0% of errors [SUCCESS]. Build status is: FAILURE
</I>&gt;<i> Performance: File
</I>&gt;<i> TEST-net.imglib2.sampler.special.TestConstantRandomAccessible.xml reported
</I>&gt;<i> 0.0% of errors [SUCCESS]. Build status is: FAILURE
</I>&gt;<i> Performance: File
</I>&gt;<i> TEST-net.imglib2.sampler.special.TestConstantRealRandomAccessible.xml
</I>&gt;<i> reported 0.0% of errors [SUCCESS]. Build status is: FAILURE
</I>&gt;<i> Performance: File TEST-net.imglib2.util.ImgUtilTest.xml reported 0.0% of
</I>&gt;<i> errors [SUCCESS]. Build status is: FAILURE
</I>&gt;<i> Performance: File TEST-net.imglib2.util.KthElementTest.xml reported 0.0%
</I>&gt;<i> of errors [SUCCESS]. Build status is: FAILURE
</I>&gt;<i> Performance: File TEST-net.imglib2.util.LinAlgHelpersTest.xml reported
</I>&gt;<i> 0.0% of errors [SUCCESS]. Build status is: FAILURE
</I>&gt;<i> Performance: File TEST-net.imglib2.util.PartitionTest.xml reported 0.0% of
</I>&gt;<i> errors [SUCCESS]. Build status is: FAILURE
</I>&gt;<i> Performance: File TEST-net.imglib2.util.RealSumTest.xml reported 0.0% of
</I>&gt;<i> errors [SUCCESS]. Build status is: FAILURE
</I>&gt;<i> Performance: File TEST-net.imglib2.view.HyperSliceImgPlusTest.xml reported
</I>&gt;<i> 0.0% of errors [SUCCESS]. Build status is: FAILURE
</I>&gt;<i> Performance: File TEST-net.imglib2.view.RandomAccessTest.xml reported 0.0%
</I>&gt;<i> of errors [SUCCESS]. Build status is: FAILURE
</I>&gt;<i> Performance: File
</I>&gt;<i> TEST-net.imglib2.view.RandomAccessibleIntervalCursorTest.xml reported 0.0%
</I>&gt;<i> of errors [SUCCESS]. Build status is: FAILURE
</I>&gt;<i> Performance: File TEST-net.imglib2.view.SequentializeTransformTest.xml
</I>&gt;<i> reported 0.0% of errors [SUCCESS]. Build status is: FAILURE
</I>&gt;<i> Performance: File TEST-tests.BasicTest.xml reported 0.0% of errors
</I>&gt;<i> [SUCCESS]. Build status is: FAILURE
</I>&gt;<i> Performance: File TEST-tests.labeling.LabelingOutOfBoundsTest.xml reported
</I>&gt;<i> 0.0% of errors [SUCCESS]. Build status is: FAILURE
</I>&gt;<i> Performance: File TEST-tests.labeling.LabelingTest.xml reported 0.0% of
</I>&gt;<i> errors [SUCCESS]. Build status is: FAILURE
</I>&gt;<i> Performance: File TEST-tests.labeling.SparseLabelingTest.xml reported 0.0%
</I>&gt;<i> of errors [SUCCESS]. Build status is: FAILURE
</I>&gt;<i> Performance: File TEST-tests.roi.TestAbstractRegionOfInterest.xml reported
</I>&gt;<i> 0.0% of errors [SUCCESS]. Build status is: FAILURE
</I>&gt;<i> Performance: File TEST-net.imglib2.img.ImagePlusAdapterTest.xml reported
</I>&gt;<i> 0.0% of errors [SUCCESS]. Build status is: FAILURE
</I>&gt;<i> Performance: File TEST-net.imglib2.img.ImgTest.xml reported 0.0% of errors
</I>&gt;<i> [SUCCESS]. Build status is: FAILURE
</I>&gt;<i> Performance: File TEST-net.imglib2.io.img.virtual.VirtualImgTest.xml
</I>&gt;<i> reported 0.0% of errors [SUCCESS]. Build status is: FAILURE
</I>&gt;<i> Performance: File TEST-net.imglib2.ops.example.Example10Test.xml reported
</I>&gt;<i> 0.0% of errors [SUCCESS]. Build status is: FAILURE
</I>&gt;<i> Performance: File TEST-net.imglib2.ops.example.Example11Test.xml reported
</I>&gt;<i> 0.0% of errors [SUCCESS]. Build status is: FAILURE
</I>&gt;<i> Performance: File TEST-net.imglib2.ops.example.Example12Test.xml reported
</I>&gt;<i> 0.0% of errors [SUCCESS]. Build status is: FAILURE
</I>&gt;<i> Performance: File TEST-net.imglib2.ops.example.Example1Test.xml reported
</I>&gt;<i> 0.0% of errors [SUCCESS]. Build status is: FAILURE
</I>&gt;<i> Performance: File TEST-net.imglib2.ops.example.Example2Test.xml reported
</I>&gt;<i> 0.0% of errors [SUCCESS]. Build status is: FAILURE
</I>&gt;<i> Performance: File TEST-net.imglib2.ops.example.Example3Test.xml reported
</I>&gt;<i> 0.0% of errors [SUCCESS]. Build status is: FAILURE
</I>&gt;<i> Performance: File TEST-net.imglib2.ops.example.Example4Test.xml reported
</I>&gt;<i> 0.0% of errors [SUCCESS]. Build status is: FAILURE
</I>&gt;<i> Performance: File TEST-net.imglib2.ops.example.Example5Test.xml reported
</I>&gt;<i> 0.0% of errors [SUCCESS]. Build status is: FAILURE
</I>&gt;<i> Performance: File TEST-net.imglib2.ops.example.Example6Test.xml reported
</I>&gt;<i> 0.0% of errors [SUCCESS]. Build status is: FAILURE
</I>&gt;<i> Performance: File TEST-net.imglib2.ops.example.Example7Test.xml reported
</I>&gt;<i> 0.0% of errors [SUCCESS]. Build status is: FAILURE
</I>&gt;<i> Performance: File TEST-net.imglib2.ops.example.Example8Test.xml reported
</I>&gt;<i> 0.0% of errors [SUCCESS]. Build status is: FAILURE
</I>&gt;<i> Performance: File TEST-net.imglib2.ops.example.Example9Test.xml reported
</I>&gt;<i> 0.0% of errors [SUCCESS]. Build status is: FAILURE
</I>&gt;<i> Performance: File
</I>&gt;<i> TEST-net.imglib2.ops.operation.binary.bool.BinaryAndNotTest.xml reported
</I>&gt;<i> 0.0% of errors [SUCCESS]. Build status is: FAILURE
</I>&gt;<i> Performance: File
</I>&gt;<i> TEST-net.imglib2.ops.operation.binary.bool.BinaryXorTest.xml reported 0.0%
</I>&gt;<i> of errors [SUCCESS]. Build status is: FAILURE
</I>&gt;<i> Performance: File
</I>&gt;<i> TEST-net.imglib2.ops.operation.binary.complex.ComplexAddTest.xml reported
</I>&gt;<i> 0.0% of errors [SUCCESS]. Build status is: FAILURE
</I>&gt;<i> Performance: File
</I>&gt;<i> TEST-net.imglib2.ops.operation.binary.complex.ComplexAvgTest.xml reported
</I>&gt;<i> 0.0% of errors [SUCCESS]. Build status is: FAILURE
</I>&gt;<i> Performance: File
</I>&gt;<i> TEST-net.imglib2.ops.operation.binary.complex.ComplexCopyLeftTest.xml
</I>&gt;<i> reported 0.0% of errors [SUCCESS]. Build status is: FAILURE
</I>&gt;<i> Performance: File
</I>&gt;<i> TEST-net.imglib2.ops.operation.binary.complex.ComplexCopyRightTest.xml
</I>&gt;<i> reported 0.0% of errors [SUCCESS]. Build status is: FAILURE
</I>&gt;<i> Performance: File
</I>&gt;<i> TEST-net.imglib2.ops.operation.binary.complex.ComplexDifferenceTest.xml
</I>&gt;<i> reported 0.0% of errors [SUCCESS]. Build status is: FAILURE
</I>&gt;<i> Performance: File
</I>&gt;<i> TEST-net.imglib2.ops.operation.binary.complex.ComplexDivideTest.xml
</I>&gt;<i> reported 0.0% of errors [SUCCESS]. Build status is: FAILURE
</I>&gt;<i> Performance: File
</I>&gt;<i> TEST-net.imglib2.ops.operation.binary.complex.ComplexMultiplyTest.xml
</I>&gt;<i> reported 0.0% of errors [SUCCESS]. Build status is: FAILURE
</I>&gt;<i> Performance: File
</I>&gt;<i> TEST-net.imglib2.ops.operation.binary.complex.ComplexPowerTest.xml reported
</I>&gt;<i> 0.0% of errors [SUCCESS]. Build status is: FAILURE
</I>&gt;<i> Performance: File
</I>&gt;<i> TEST-net.imglib2.ops.operation.binary.complex.ComplexSubtractTest.xml
</I>&gt;<i> reported 0.0% of errors [SUCCESS]. Build status is: FAILURE
</I>&gt;<i> Performance: File
</I>&gt;<i> TEST-net.imglib2.ops.operation.randomaccessibleinterval.unary.regiongrowing.CCATest.xml
</I>&gt;<i> reported 0.0% of errors [SUCCESS]. Build status is: FAILURE
</I>&gt;<i> Performance: File
</I>&gt;<i> TEST-net.imglib2.ops.operation.unary.complex.ComplexExpTest.xml reported
</I>&gt;<i> 0.0% of errors [SUCCESS]. Build status is: FAILURE
</I>&gt;<i> Performance: File
</I>&gt;<i> TEST-net.imglib2.ops.operation.unary.complex.ComplexIntegerPowerTest.xml
</I>&gt;<i> reported 0.0% of errors [SUCCESS]. Build status is: FAILURE
</I>&gt;<i> Performance: File
</I>&gt;<i> TEST-net.imglib2.ops.operation.unary.complex.ComplexLogTest.xml reported
</I>&gt;<i> 0.0% of errors [SUCCESS]. Build status is: FAILURE
</I>&gt;<i> Performance: File
</I>&gt;<i> TEST-net.imglib2.ops.operation.unary.complex.ComplexReciprocalTest.xml
</I>&gt;<i> reported 0.0% of errors [SUCCESS]. Build status is: FAILURE
</I>&gt;<i> Performance: File
</I>&gt;<i> TEST-net.imglib2.ops.pointset.ConditionalPointSetIteratorTest.xml reported
</I>&gt;<i> 0.0% of errors [SUCCESS]. Build status is: FAILURE
</I>&gt;<i> Performance: File
</I>&gt;<i> TEST-net.imglib2.ops.pointset.ConditionalPointSetTest.xml reported 0.0% of
</I>&gt;<i> errors [SUCCESS]. Build status is: FAILURE
</I>&gt;<i> Performance: File
</I>&gt;<i> TEST-net.imglib2.ops.pointset.GeneralPointSetIteratorTest.xml reported 0.0%
</I>&gt;<i> of errors [SUCCESS]. Build status is: FAILURE
</I>&gt;<i> Performance: File TEST-net.imglib2.ops.pointset.GeneralPointSetTest.xml
</I>&gt;<i> reported 0.0% of errors [SUCCESS]. Build status is: FAILURE
</I>&gt;<i> Performance: File
</I>&gt;<i> TEST-net.imglib2.ops.pointset.HyperVolumePointSetIteratorTest.xml reported
</I>&gt;<i> 0.0% of errors [SUCCESS]. Build status is: FAILURE
</I>&gt;<i> Performance: File
</I>&gt;<i> TEST-net.imglib2.ops.pointset.HyperVolumePointSetTest.xml reported 0.0% of
</I>&gt;<i> errors [SUCCESS]. Build status is: FAILURE
</I>&gt;<i> Performance: File
</I>&gt;<i> TEST-net.imglib2.ops.pointset.IterableIntervalPointSetIteratorTest.xml
</I>&gt;<i> reported 0.0% of errors [SUCCESS]. Build status is: FAILURE
</I>&gt;<i> Performance: File
</I>&gt;<i> TEST-net.imglib2.ops.pointset.IterableIntervalPointSetTest.xml reported
</I>&gt;<i> 0.0% of errors [SUCCESS]. Build status is: FAILURE
</I>&gt;<i> Performance: File
</I>&gt;<i> TEST-net.imglib2.ops.pointset.OnePointSetIteratorTest.xml reported 0.0% of
</I>&gt;<i> errors [SUCCESS]. Build status is: FAILURE
</I>&gt;<i> Performance: File TEST-net.imglib2.ops.pointset.OnePointSetTest.xml
</I>&gt;<i> reported 0.0% of errors [SUCCESS]. Build status is: FAILURE
</I>&gt;<i> Performance: File
</I>&gt;<i> TEST-net.imglib2.ops.pointset.PointSetComplementIteratorTest.xml reported
</I>&gt;<i> 0.0% of errors [SUCCESS]. Build status is: FAILURE
</I>&gt;<i> Performance: File TEST-net.imglib2.ops.pointset.PointSetComplementTest.xml
</I>&gt;<i> reported 0.0% of errors [SUCCESS]. Build status is: FAILURE
</I>&gt;<i> Performance: File
</I>&gt;<i> TEST-net.imglib2.ops.pointset.PointSetDifferenceIteratorTest.xml reported
</I>&gt;<i> 0.0% of errors [SUCCESS]. Build status is: FAILURE
</I>&gt;<i> Performance: File TEST-net.imglib2.ops.pointset.PointSetDifferenceTest.xml
</I>&gt;<i> reported 0.0% of errors [SUCCESS]. Build status is: FAILURE
</I>&gt;<i> Performance: File
</I>&gt;<i> TEST-net.imglib2.ops.pointset.PointSetIntersectionIteratorTest.xml reported
</I>&gt;<i> 0.0% of errors [SUCCESS]. Build status is: FAILURE
</I>&gt;<i> Performance: File
</I>&gt;<i> TEST-net.imglib2.ops.pointset.PointSetIntersectionTest.xml reported 0.0% of
</I>&gt;<i> errors [SUCCESS]. Build status is: FAILURE
</I>&gt;<i> Performance: File
</I>&gt;<i> TEST-net.imglib2.ops.pointset.PointSetRegionOfInterestTest.xml reported
</I>&gt;<i> 0.0% of errors [SUCCESS]. Build status is: FAILURE
</I>&gt;<i> Performance: File
</I>&gt;<i> TEST-net.imglib2.ops.pointset.PointSetUnionIteratorTest.xml reported 0.0%
</I>&gt;<i> of errors [SUCCESS]. Build status is: FAILURE
</I>&gt;<i> Performance: File TEST-net.imglib2.ops.pointset.PointSetUnionTest.xml
</I>&gt;<i> reported 0.0% of errors [SUCCESS]. Build status is: FAILURE
</I>&gt;<i> Performance: File
</I>&gt;<i> TEST-net.imglib2.ops.pointset.RoiPointSetIteratorTest.xml reported 0.0% of
</I>&gt;<i> errors [SUCCESS]. Build status is: FAILURE
</I>&gt;<i> Performance: File TEST-net.imglib2.ops.pointset.RoiPointSetTest.xml
</I>&gt;<i> reported 0.0% of errors [SUCCESS]. Build status is: FAILURE
</I>&gt;<i> Performance: File
</I>&gt;<i> TEST-net.imglib2.ops.pointset.TextSpecifiedPointSetIteratorTest.xml
</I>&gt;<i> reported 0.0% of errors [SUCCESS]. Build status is: FAILURE
</I>&gt;<i> Performance: File
</I>&gt;<i> TEST-net.imglib2.ops.pointset.TextSpecifiedPointSetTest.xml reported 0.0%
</I>&gt;<i> of errors [SUCCESS]. Build status is: FAILURE
</I>&gt;<i> Performance: File TEST-script.imglib.test.TestBufferedImageImg.xml
</I>&gt;<i> reported 0.0% of errors [SUCCESS]. Build status is: FAILURE
</I>&gt;<i> Performance: File TEST-script.imglib.test.TestExtend.xml reported 0.0% of
</I>&gt;<i> errors [SUCCESS]. Build status is: FAILURE
</I>&gt;<i> Performance: File TEST-script.imglib.test.TestIntegralImage.xml reported
</I>&gt;<i> 0.0% of errors [SUCCESS]. Build status is: FAILURE
</I>&gt;<i> Performance: File TEST-script.imglib.test.TestIntegralImagePerformance.xml
</I>&gt;<i> reported 0.0% of errors [SUCCESS]. Build status is: FAILURE
</I>&gt;<i> Performance: File TEST-script.imglib.test.TestReduce.xml reported 0.0% of
</I>&gt;<i> errors [SUCCESS]. Build status is: FAILURE
</I>&gt;<i> Performance: File TEST-script.imglib.test.TestTransformations.xml reported
</I>&gt;<i> 0.0% of errors [SUCCESS]. Build status is: FAILURE
</I>&gt;<i> Performance: File TEST-net.imglib2.view.MixedTransformConcatenateTest.xml
</I>&gt;<i> reported 0.0% of errors [SUCCESS]. Build status is: FAILURE
</I>&gt;<i> Performance: File
</I>&gt;<i> TEST-net.imglib2.view.SlicingTransformConcatenateTest.xml reported 0.0% of
</I>&gt;<i> errors [SUCCESS]. Build status is: FAILURE
</I>&gt;<i> Performance: File
</I>&gt;<i> TEST-net.imglib2.view.TranslationTransformConcatenateTest.xml reported 0.0%
</I>&gt;<i> of errors [SUCCESS]. Build status is: FAILURE
</I>&gt;<i> Performance: File TEST-net.imglib2.io.img.virtual.VirtualImgTest.xml
</I>&gt;<i> reported 0.0% of errors [SUCCESS]. Build status is: FAILURE
</I>&gt;<i> Performance: File TEST-net.imglib2.meta.AxesTest.xml reported 0.0% of
</I>&gt;<i> errors [SUCCESS]. Build status is: FAILURE
</I>&gt;<i> Performance: File
</I>&gt;<i> TEST-net.imglib2.meta.DefaultCalibratedRealIntervalTest.xml reported 0.0%
</I>&gt;<i> of errors [SUCCESS]. Build status is: FAILURE
</I>&gt;<i> Performance: File TEST-net.imglib2.meta.DefaultCalibratedSpaceTest.xml
</I>&gt;<i> reported 0.0% of errors [SUCCESS]. Build status is: FAILURE
</I>&gt;<i> Performance: File TEST-net.imglib2.meta.DefaultNamedTest.xml reported 0.0%
</I>&gt;<i> of errors [SUCCESS]. Build status is: FAILURE
</I>&gt;<i> Performance: File TEST-net.imglib2.meta.DefaultSourcedTest.xml reported
</I>&gt;<i> 0.0% of errors [SUCCESS]. Build status is: FAILURE
</I>&gt;<i> Performance: File TEST-net.imglib2.meta.DefaultTypedAxisTest.xml reported
</I>&gt;<i> 0.0% of errors [SUCCESS]. Build status is: FAILURE
</I>&gt;<i> Performance: File TEST-net.imglib2.meta.DefaultTypedSpaceTest.xml reported
</I>&gt;<i> 0.0% of errors [SUCCESS]. Build status is: FAILURE
</I>&gt;<i> Performance: File TEST-net.imglib2.meta.ImgPlusTest.xml reported 0.0% of
</I>&gt;<i> errors [SUCCESS]. Build status is: FAILURE
</I>&gt;<i> Performance: File TEST-net.imglib2.meta.IntervalUtilsTest.xml reported
</I>&gt;<i> 0.0% of errors [SUCCESS]. Build status is: FAILURE
</I>&gt;<i> Performance: File TEST-net.imglib2.meta.SpaceUtilsTest.xml reported 0.0%
</I>&gt;<i> of errors [SUCCESS]. Build status is: FAILURE
</I>&gt;<i> Performance: File TEST-net.imglib2.meta.axis.DefaultLinearAxisTest.xml
</I>&gt;<i> reported 0.0% of errors [SUCCESS]. Build status is: FAILURE
</I>&gt;<i> Performance: File TEST-net.imglib2.meta.axis.ExponentialAxisTest.xml
</I>&gt;<i> reported 0.0% of errors [SUCCESS]. Build status is: FAILURE
</I>&gt;<i> Performance: File
</I>&gt;<i> TEST-net.imglib2.meta.axis.ExponentialRecoveryAxisTest.xml reported 0.0% of
</I>&gt;<i> errors [SUCCESS]. Build status is: FAILURE
</I>&gt;<i> Performance: File TEST-net.imglib2.meta.axis.GammaVariateAxisTest.xml
</I>&gt;<i> reported 0.0% of errors [SUCCESS]. Build status is: FAILURE
</I>&gt;<i> Performance: File TEST-net.imglib2.meta.axis.GaussianAxisTest.xml reported
</I>&gt;<i> 0.0% of errors [SUCCESS]. Build status is: FAILURE
</I>&gt;<i> Performance: File TEST-net.imglib2.meta.axis.IdentityAxisTest.xml reported
</I>&gt;<i> 0.0% of errors [SUCCESS]. Build status is: FAILURE
</I>&gt;<i> Performance: File TEST-net.imglib2.meta.axis.InverseRodbardAxisTest.xml
</I>&gt;<i> reported 0.0% of errors [SUCCESS]. Build status is: FAILURE
</I>&gt;<i> Performance: File TEST-net.imglib2.meta.axis.LogLinearAxisTest.xml
</I>&gt;<i> reported 0.0% of errors [SUCCESS]. Build status is: FAILURE
</I>&gt;<i> Performance: File TEST-net.imglib2.meta.axis.PolynomialAxisTest.xml
</I>&gt;<i> reported 0.0% of errors [SUCCESS]. Build status is: FAILURE
</I>&gt;<i> Performance: File TEST-net.imglib2.meta.axis.PowerAxisTest.xml reported
</I>&gt;<i> 0.0% of errors [SUCCESS]. Build status is: FAILURE
</I>&gt;<i> Performance: File TEST-net.imglib2.meta.axis.RodbardAxisTest.xml reported
</I>&gt;<i> 0.0% of errors [SUCCESS]. Build status is: FAILURE
</I>&gt;<i> Performance: File TEST-net.imglib2.meta.units.DefaultUnitServiceTest.xml
</I>&gt;<i> reported 0.0% of errors [SUCCESS]. Build status is: FAILURE
</I>&gt;<i> Performance: File TEST-net.imglib2.meta.view.HyperSliceImgPlusTest.xml
</I>&gt;<i> reported 0.0% of errors [SUCCESS]. Build status is: FAILURE
</I>&gt;<i> Performance: File TEST-net.imglib2.ops.example.Example10Test.xml reported
</I>&gt;<i> 0.0% of errors [SUCCESS]. Build status is: FAILURE
</I>&gt;<i> Performance: File TEST-net.imglib2.ops.example.Example11Test.xml reported
</I>&gt;<i> 0.0% of errors [SUCCESS]. Build status is: FAILURE
</I>&gt;<i> Performance: File TEST-net.imglib2.ops.example.Example12Test.xml reported
</I>&gt;<i> 0.0% of errors [SUCCESS]. Build status is: FAILURE
</I>&gt;<i> Performance: File TEST-net.imglib2.ops.example.Example1Test.xml reported
</I>&gt;<i> 0.0% of errors [SUCCESS]. Build status is: FAILURE
</I>&gt;<i> Performance: File TEST-net.imglib2.ops.example.Example2Test.xml reported
</I>&gt;<i> 0.0% of errors [SUCCESS]. Build status is: FAILURE
</I>&gt;<i> Performance: File TEST-net.imglib2.ops.example.Example3Test.xml reported
</I>&gt;<i> 0.0% of errors [SUCCESS]. Build status is: FAILURE
</I>&gt;<i> Performance: File TEST-net.imglib2.ops.example.Example4Test.xml reported
</I>&gt;<i> 0.0% of errors [SUCCESS]. Build status is: FAILURE
</I>&gt;<i> Performance: File TEST-net.imglib2.ops.example.Example5Test.xml reported
</I>&gt;<i> 0.0% of errors [SUCCESS]. Build status is: FAILURE
</I>&gt;<i> Performance: File TEST-net.imglib2.ops.example.Example6Test.xml reported
</I>&gt;<i> 0.0% of errors [SUCCESS]. Build status is: FAILURE
</I>&gt;<i> Performance: File TEST-net.imglib2.ops.example.Example7Test.xml reported
</I>&gt;<i> 0.0% of errors [SUCCESS]. Build status is: FAILURE
</I>&gt;<i> Performance: File TEST-net.imglib2.ops.example.Example8Test.xml reported
</I>&gt;<i> 0.0% of errors [SUCCESS]. Build status is: FAILURE
</I>&gt;<i> Performance: File TEST-net.imglib2.ops.example.Example9Test.xml reported
</I>&gt;<i> 0.0% of errors [SUCCESS]. Build status is: FAILURE
</I>&gt;<i> Performance: File
</I>&gt;<i> TEST-net.imglib2.ops.operation.binary.bool.BinaryAndNotTest.xml reported
</I>&gt;<i> 0.0% of errors [SUCCESS]. Build status is: FAILURE
</I>&gt;<i> Performance: File
</I>&gt;<i> TEST-net.imglib2.ops.operation.binary.bool.BinaryXorTest.xml reported 0.0%
</I>&gt;<i> of errors [SUCCESS]. Build status is: FAILURE
</I>&gt;<i> Performance: File
</I>&gt;<i> TEST-net.imglib2.ops.operation.binary.complex.ComplexAddTest.xml reported
</I>&gt;<i> 0.0% of errors [SUCCESS]. Build status is: FAILURE
</I>&gt;<i> Performance: File
</I>&gt;<i> TEST-net.imglib2.ops.operation.binary.complex.ComplexAvgTest.xml reported
</I>&gt;<i> 0.0% of errors [SUCCESS]. Build status is: FAILURE
</I>&gt;<i> Performance: File
</I>&gt;<i> TEST-net.imglib2.ops.operation.binary.complex.ComplexCopyLeftTest.xml
</I>&gt;<i> reported 0.0% of errors [SUCCESS]. Build status is: FAILURE
</I>&gt;<i> Performance: File
</I>&gt;<i> TEST-net.imglib2.ops.operation.binary.complex.ComplexCopyRightTest.xml
</I>&gt;<i> reported 0.0% of errors [SUCCESS]. Build status is: FAILURE
</I>&gt;<i> Performance: File
</I>&gt;<i> TEST-net.imglib2.ops.operation.binary.complex.ComplexDifferenceTest.xml
</I>&gt;<i> reported 0.0% of errors [SUCCESS]. Build status is: FAILURE
</I>&gt;<i> Performance: File
</I>&gt;<i> TEST-net.imglib2.ops.operation.binary.complex.ComplexDivideTest.xml
</I>&gt;<i> reported 0.0% of errors [SUCCESS]. Build status is: FAILURE
</I>&gt;<i> Performance: File
</I>&gt;<i> TEST-net.imglib2.ops.operation.binary.complex.ComplexMultiplyTest.xml
</I>&gt;<i> reported 0.0% of errors [SUCCESS]. Build status is: FAILURE
</I>&gt;<i> Performance: File
</I>&gt;<i> TEST-net.imglib2.ops.operation.binary.complex.ComplexPowerTest.xml reported
</I>&gt;<i> 0.0% of errors [SUCCESS]. Build status is: FAILURE
</I>&gt;<i> Performance: File
</I>&gt;<i> TEST-net.imglib2.ops.operation.binary.complex.ComplexSubtractTest.xml
</I>&gt;<i> reported 0.0% of errors [SUCCESS]. Build status is: FAILURE
</I>&gt;<i> Performance: File
</I>&gt;<i> TEST-net.imglib2.ops.operation.randomaccessibleinterval.unary.regiongrowing.CCATest.xml
</I>&gt;<i> reported 0.0% of errors [SUCCESS]. Build status is: FAILURE
</I>&gt;<i> Performance: File
</I>&gt;<i> TEST-net.imglib2.ops.operation.unary.complex.ComplexExpTest.xml reported
</I>&gt;<i> 0.0% of errors [SUCCESS]. Build status is: FAILURE
</I>&gt;<i> Performance: File
</I>&gt;<i> TEST-net.imglib2.ops.operation.unary.complex.ComplexIntegerPowerTest.xml
</I>&gt;<i> reported 0.0% of errors [SUCCESS]. Build status is: FAILURE
</I>&gt;<i> Performance: File
</I>&gt;<i> TEST-net.imglib2.ops.operation.unary.complex.ComplexLogTest.xml reported
</I>&gt;<i> 0.0% of errors [SUCCESS]. Build status is: FAILURE
</I>&gt;<i> Performance: File
</I>&gt;<i> TEST-net.imglib2.ops.operation.unary.complex.ComplexReciprocalTest.xml
</I>&gt;<i> reported 0.0% of errors [SUCCESS]. Build status is: FAILURE
</I>&gt;<i> Performance: File
</I>&gt;<i> TEST-net.imglib2.ops.pointset.ConditionalPointSetIteratorTest.xml reported
</I>&gt;<i> 0.0% of errors [SUCCESS]. Build status is: FAILURE
</I>&gt;<i> Performance: File
</I>&gt;<i> TEST-net.imglib2.ops.pointset.ConditionalPointSetTest.xml reported 0.0% of
</I>&gt;<i> errors [SUCCESS]. Build status is: FAILURE
</I>&gt;<i> Performance: File
</I>&gt;<i> TEST-net.imglib2.ops.pointset.GeneralPointSetIteratorTest.xml reported 0.0%
</I>&gt;<i> of errors [SUCCESS]. Build status is: FAILURE
</I>&gt;<i> Performance: File TEST-net.imglib2.ops.pointset.GeneralPointSetTest.xml
</I>&gt;<i> reported 0.0% of errors [SUCCESS]. Build status is: FAILURE
</I>&gt;<i> Performance: File
</I>&gt;<i> TEST-net.imglib2.ops.pointset.HyperVolumePointSetIteratorTest.xml reported
</I>&gt;<i> 0.0% of errors [SUCCESS]. Build status is: FAILURE
</I>&gt;<i> Performance: File
</I>&gt;<i> TEST-net.imglib2.ops.pointset.HyperVolumePointSetTest.xml reported 0.0% of
</I>&gt;<i> errors [SUCCESS]. Build status is: FAILURE
</I>&gt;<i> Performance: File
</I>&gt;<i> TEST-net.imglib2.ops.pointset.IterableIntervalPointSetIteratorTest.xml
</I>&gt;<i> reported 0.0% of errors [SUCCESS]. Build status is: FAILURE
</I>&gt;<i> Performance: File
</I>&gt;<i> TEST-net.imglib2.ops.pointset.IterableIntervalPointSetTest.xml reported
</I>&gt;<i> 0.0% of errors [SUCCESS]. Build status is: FAILURE
</I>&gt;<i> Performance: File
</I>&gt;<i> TEST-net.imglib2.ops.pointset.OnePointSetIteratorTest.xml reported 0.0% of
</I>&gt;<i> errors [SUCCESS]. Build status is: FAILURE
</I>&gt;<i> Performance: File TEST-net.imglib2.ops.pointset.OnePointSetTest.xml
</I>&gt;<i> reported 0.0% of errors [SUCCESS]. Build status is: FAILURE
</I>&gt;<i> Performance: File
</I>&gt;<i> TEST-net.imglib2.ops.pointset.PointSetComplementIteratorTest.xml reported
</I>&gt;<i> 0.0% of errors [SUCCESS]. Build status is: FAILURE
</I>&gt;<i> Performance: File TEST-net.imglib2.ops.pointset.PointSetComplementTest.xml
</I>&gt;<i> reported 0.0% of errors [SUCCESS]. Build status is: FAILURE
</I>&gt;<i> Performance: File
</I>&gt;<i> TEST-net.imglib2.ops.pointset.PointSetDifferenceIteratorTest.xml reported
</I>&gt;<i> 0.0% of errors [SUCCESS]. Build status is: FAILURE
</I>&gt;<i> Performance: File TEST-net.imglib2.ops.pointset.PointSetDifferenceTest.xml
</I>&gt;<i> reported 0.0% of errors [SUCCESS]. Build status is: FAILURE
</I>&gt;<i> Performance: File
</I>&gt;<i> TEST-net.imglib2.ops.pointset.PointSetIntersectionIteratorTest.xml reported
</I>&gt;<i> 0.0% of errors [SUCCESS]. Build status is: FAILURE
</I>&gt;<i> Performance: File
</I>&gt;<i> TEST-net.imglib2.ops.pointset.PointSetIntersectionTest.xml reported 0.0% of
</I>&gt;<i> errors [SUCCESS]. Build status is: FAILURE
</I>&gt;<i> Performance: File
</I>&gt;<i> TEST-net.imglib2.ops.pointset.PointSetRegionOfInterestTest.xml reported
</I>&gt;<i> 0.0% of errors [SUCCESS]. Build status is: FAILURE
</I>&gt;<i> Performance: File
</I>&gt;<i> TEST-net.imglib2.ops.pointset.PointSetUnionIteratorTest.xml reported 0.0%
</I>&gt;<i> of errors [SUCCESS]. Build status is: FAILURE
</I>&gt;<i> Performance: File TEST-net.imglib2.ops.pointset.PointSetUnionTest.xml
</I>&gt;<i> reported 0.0% of errors [SUCCESS]. Build status is: FAILURE
</I>&gt;<i> Performance: File
</I>&gt;<i> TEST-net.imglib2.ops.pointset.RoiPointSetIteratorTest.xml reported 0.0% of
</I>&gt;<i> errors [SUCCESS]. Build status is: FAILURE
</I>&gt;<i> Performance: File TEST-net.imglib2.ops.pointset.RoiPointSetTest.xml
</I>&gt;<i> reported 0.0% of errors [SUCCESS]. Build status is: FAILURE
</I>&gt;<i> Performance: File
</I>&gt;<i> TEST-net.imglib2.ops.pointset.TextSpecifiedPointSetIteratorTest.xml
</I>&gt;<i> reported 0.0% of errors [SUCCESS]. Build status is: FAILURE
</I>&gt;<i> Performance: File
</I>&gt;<i> TEST-net.imglib2.ops.pointset.TextSpecifiedPointSetTest.xml reported 0.0%
</I>&gt;<i> of errors [SUCCESS]. Build status is: FAILURE
</I>&gt;<i> Performance: File
</I>&gt;<i> TEST-net.imglib2.realtransform.InvertibleRealTransformSequenceTest.xml
</I>&gt;<i> reported 0.0% of errors [SUCCESS]. Build status is: FAILURE
</I>&gt;<i> Performance: File
</I>&gt;<i> TEST-net.imglib2.realtransform.RealTransformSequenceTest.xml reported 0.0%
</I>&gt;<i> of errors [SUCCESS]. Build status is: FAILURE
</I>&gt;<i> Performance: File TEST-script.imglib.test.TestBufferedImageImg.xml
</I>&gt;<i> reported 0.0% of errors [SUCCESS]. Build status is: FAILURE
</I>&gt;<i> Performance: File TEST-script.imglib.test.TestExtend.xml reported 0.0% of
</I>&gt;<i> errors [SUCCESS]. Build status is: FAILURE
</I>&gt;<i> Performance: File TEST-script.imglib.test.TestIntegralImage.xml reported
</I>&gt;<i> 0.0% of errors [SUCCESS]. Build status is: FAILURE
</I>&gt;<i> Performance: File TEST-script.imglib.test.TestIntegralImagePerformance.xml
</I>&gt;<i> reported 0.0% of errors [SUCCESS]. Build status is: FAILURE
</I>&gt;<i> Performance: File TEST-script.imglib.test.TestReduce.xml reported 0.0% of
</I>&gt;<i> errors [SUCCESS]. Build status is: FAILURE
</I>&gt;<i> Performance: File TEST-script.imglib.test.TestTransformations.xml reported
</I>&gt;<i> 0.0% of errors [SUCCESS]. Build status is: FAILURE
</I>&gt;<i> Performance: File TEST-net.imglib2.view.MixedTransformConcatenateTest.xml
</I>&gt;<i> reported 0.0% of errors [SUCCESS]. Build status is: FAILURE
</I>&gt;<i> Performance: File
</I>&gt;<i> TEST-net.imglib2.view.SlicingTransformConcatenateTest.xml reported 0.0% of
</I>&gt;<i> errors [SUCCESS]. Build status is: FAILURE
</I>&gt;<i> Performance: File
</I>&gt;<i> TEST-net.imglib2.view.TranslationTransformConcatenateTest.xml reported 0.0%
</I>&gt;<i> of errors [SUCCESS]. Build status is: FAILURE
</I>&gt;<i> Failed to send e-mail to squareys because no e-mail address is known, and
</I>&gt;<i> no default e-mail domain is configured
</I>&gt;<i>
</I>&gt;<i>
</I>&gt;<i> ---
</I>&gt;<i>
</I>&gt;<i> Dr. Stephan Preibisch
</I>&gt;<i> HFSP Fellow
</I>&gt;<i> Robert H. Singer / Eugene Myers lab
</I>&gt;<i>
</I>&gt;<i> Albert Einstein College of Medicine / HHMI Janelia Farm / MPI-CBG
</I>&gt;<i>
</I>&gt;<i> email: <A HREF="http://imagej.net/mailman/listinfo/imagej-devel">stephan.preibisch at einstein.yu.edu</A> / <A HREF="http://imagej.net/mailman/listinfo/imagej-devel">preibischs at janelia.hhmi.org</A> /
</I>&gt;<i> <A HREF="http://imagej.net/mailman/listinfo/imagej-devel">preibisch at mpi-cbg.de</A>
</I>&gt;<i> web: <A HREF="http://www.preibisch.net/">http://www.preibisch.net/</A> &lt;<A HREF="http://fly.mpi-cbg.de/preibisch">http://fly.mpi-cbg.de/preibisch</A>&gt;
</I>&gt;<i>
</I>&gt;<i>
</I>&gt;<i>  ---
</I>&gt;<i>
</I>&gt;<i> Dr. Stephan Preibisch
</I>&gt;<i> HFSP Fellow
</I>&gt;<i> Robert H. Singer / Eugene Myers lab
</I>&gt;<i>
</I>&gt;<i> Albert Einstein College of Medicine / HHMI Janelia Farm / MPI-CBG
</I>&gt;<i>
</I>&gt;<i> email: <A HREF="http://imagej.net/mailman/listinfo/imagej-devel">stephan.preibisch at einstein.yu.edu</A> / <A HREF="http://imagej.net/mailman/listinfo/imagej-devel">preibischs at janelia.hhmi.org</A> /
</I>&gt;<i> <A HREF="http://imagej.net/mailman/listinfo/imagej-devel">preibisch at mpi-cbg.de</A>
</I>&gt;<i> web: <A HREF="http://www.preibisch.net/">http://www.preibisch.net/</A> &lt;<A HREF="http://fly.mpi-cbg.de/preibisch">http://fly.mpi-cbg.de/preibisch</A>&gt;
</I>&gt;<i>
</I>&gt;<i>  --
</I>&gt;<i> --
</I>&gt;<i> Please avoid top-posting, and please make sure to reply-to-all!
</I>&gt;<i>
</I>&gt;<i> Mailing list web interface: <A HREF="http://groups.google.com/group/fiji-devel">http://groups.google.com/group/fiji-devel</A>
</I>&gt;<i>
</I>&gt;<i> ---
</I>&gt;<i> You received this message because you are subscribed to the Google Groups
</I>&gt;<i> &quot;Fiji-devel&quot; group.
</I>&gt;<i> To unsubscribe from this group and stop receiving emails from it, send an
</I>&gt;<i> email to <A HREF="http://imagej.net/mailman/listinfo/imagej-devel">fiji-devel+unsubscribe at googlegroups.com.</A>
</I>&gt;<i> For more options, visit <A HREF="https://groups.google.com/groups/opt_out.">https://groups.google.com/groups/opt_out.</A>
</I>&gt;<i>
</I>-------------- next part --------------
An HTML attachment was scrubbed...
URL: &lt;<A HREF="http://imagej.net/pipermail/imagej-devel/attachments/20131219/0a703231/attachment-0001.html">http://imagej.net/pipermail/imagej-devel/attachments/20131219/0a703231/attachment-0001.html</A>&gt;
</PRE>




<!--endarticle-->
    <HR>
    <P><UL>
        <!--threads-->
	<LI>Previous message: <A HREF="001872.html">[ImageJ-devel] Fwd: Build failed in Jenkins: ImgLib #2279
</A></li>
	<LI>Next message: <A HREF="001875.html">[ImageJ-devel] [fiji-devel] Fwd: Build failed in Jenkins:	ImgLib #2279
</A></li>
         <LI> <B>Messages sorted by:</B> 
              <a href="date.html#1873">[ date ]</a>
              <a href="thread.html#1873">[ thread ]</a>
              <a href="subject.html#1873">[ subject ]</a>
              <a href="author.html#1873">[ author ]</a>
         </LI>
       </UL>

<hr>
<a href="http://imagej.net/mailman/listinfo/imagej-devel">More information about the ImageJ-devel
mailing list</a><br>
</body></html>
