<!DOCTYPE HTML PUBLIC "-//W3C//DTD HTML 4.01 Transitional//EN">
<HTML>
 <HEAD>
   <TITLE> [ImageJ-devel] Fwd: Build failed in Jenkins: ImgLib #2279
   </TITLE>
   <LINK REL="Index" HREF="index.html" >
   <LINK REL="made" HREF="mailto:imagej-devel%40imagej.net?Subject=Re%3A%20%5BImageJ-devel%5D%20Fwd%3A%20Build%20failed%20in%20Jenkins%3A%20ImgLib%20%232279&In-Reply-To=%3CFA5ECD51-D964-4C65-B6B0-38CB3F058D18%40gmx.de%3E">
   <META NAME="robots" CONTENT="index,nofollow">
   <style type="text/css">
       pre {
           white-space: pre-wrap;       /* css-2.1, curent FF, Opera, Safari */
           }
   </style>
   <META http-equiv="Content-Type" content="text/html; charset=us-ascii">
   <LINK REL="Previous"  HREF="001871.html">
   <LINK REL="Next"  HREF="001873.html">
 </HEAD>
 <BODY BGCOLOR="#ffffff">
   <H1>[ImageJ-devel] Fwd: Build failed in Jenkins: ImgLib #2279</H1>
    <B>Stephan Preibisch</B> 
    <A HREF="mailto:imagej-devel%40imagej.net?Subject=Re%3A%20%5BImageJ-devel%5D%20Fwd%3A%20Build%20failed%20in%20Jenkins%3A%20ImgLib%20%232279&In-Reply-To=%3CFA5ECD51-D964-4C65-B6B0-38CB3F058D18%40gmx.de%3E"
       TITLE="[ImageJ-devel] Fwd: Build failed in Jenkins: ImgLib #2279">stephan.preibisch at gmx.de
       </A><BR>
    <I>Wed Dec 18 05:54:33 CST 2013</I>
    <P><UL>
        <LI>Previous message: <A HREF="001871.html">[ImageJ-devel] ImgLib2 repository moved to its own organization
</A></li>
        <LI>Next message: <A HREF="001873.html">[ImageJ-devel] [fiji-devel] Fwd: Build failed in Jenkins:	ImgLib #2279
</A></li>
         <LI> <B>Messages sorted by:</B> 
              <a href="date.html#1872">[ date ]</a>
              <a href="thread.html#1872">[ thread ]</a>
              <a href="subject.html#1872">[ subject ]</a>
              <a href="author.html#1872">[ author ]</a>
         </LI>
       </UL>
    <HR>  
<!--beginarticle-->
<PRE>Ok, now I need help :) Although I reverted my commit it still does not compile. Does this make sense? I am sure it is my fault but I have still no idea why this would happen. 

It should be the exactly same state as before, or?

Thanks a lot,
Steffi

&gt;<i> On Dec 18, 2013, at 12:49 , <A HREF="http://imagej.net/mailman/listinfo/imagej-devel">jenkins at imagej.net</A> wrote:
</I>&gt;<i> 
</I>&gt;&gt;<i> See &lt;<A HREF="http://jenkins.imagej.net/job/ImgLib/2279/changes">http://jenkins.imagej.net/job/ImgLib/2279/changes</A>&gt;
</I>&gt;&gt;<i> 
</I>&gt;&gt;<i> Changes:
</I>&gt;&gt;<i> 
</I>&gt;&gt;<i> [Stephan Preibisch] For some reason this fails to compile on jenkins, reverting it
</I>&gt;&gt;<i> 
</I>&gt;&gt;<i> ------------------------------------------
</I>&gt;&gt;<i> [...truncated 371 lines...]
</I>&gt;&gt;<i> Performance: File TEST-net.imglib2.img.cell.CopyTest.xml reported 0.0% of errors [SUCCESS]. Build status is: FAILURE
</I>&gt;&gt;<i> Performance: File TEST-net.imglib2.img.list.CopyTest.xml reported 0.0% of errors [SUCCESS]. Build status is: FAILURE
</I>&gt;&gt;<i> Performance: File TEST-net.imglib2.img.planar.CopyTest.xml reported 0.0% of errors [SUCCESS]. Build status is: FAILURE
</I>&gt;&gt;<i> Performance: File TEST-net.imglib2.img.sparse.NtreeTest.xml reported 0.0% of errors [SUCCESS]. Build status is: FAILURE
</I>&gt;&gt;<i> Performance: File TEST-net.imglib2.img.transform.ImgTranslationAdapterTest.xml reported 0.0% of errors [SUCCESS]. Build status is: FAILURE
</I>&gt;&gt;<i> Performance: File TEST-net.imglib2.nearestneighbor.KDTreeTest.xml reported 0.0% of errors [SUCCESS]. Build status is: FAILURE
</I>&gt;&gt;<i> Performance: File TEST-net.imglib2.nearestneighbor.NearestNeighborSearchOnIterableRealIntervalTest.xml reported 0.0% of errors [SUCCESS]. Build status is: FAILURE
</I>&gt;&gt;<i> Performance: File TEST-net.imglib2.outofbounds.OutOfBoundsBorderTest.xml reported 0.0% of errors [SUCCESS]. Build status is: FAILURE
</I>&gt;&gt;<i> Performance: File TEST-net.imglib2.outofbounds.OutOfBoundsMirrorDoubleBoundaryTest.xml reported 0.0% of errors [SUCCESS]. Build status is: FAILURE
</I>&gt;&gt;<i> Performance: File TEST-net.imglib2.outofbounds.OutOfBoundsMirrorSingleBoundaryTest.xml reported 0.0% of errors [SUCCESS]. Build status is: FAILURE
</I>&gt;&gt;<i> Performance: File TEST-net.imglib2.outofbounds.OutOfBoundsPeriodicTest.xml reported 0.0% of errors [SUCCESS]. Build status is: FAILURE
</I>&gt;&gt;<i> Performance: File TEST-net.imglib2.position.transform.FloorOffsetTest.xml reported 0.0% of errors [SUCCESS]. Build status is: FAILURE
</I>&gt;&gt;<i> Performance: File TEST-net.imglib2.roi.AbstractIterableRegionOfInterestTest.xml reported 0.0% of errors [SUCCESS]. Build status is: FAILURE
</I>&gt;&gt;<i> Performance: File TEST-net.imglib2.roi.BinaryMaskRegionOfInterestTest.xml reported 0.0% of errors [SUCCESS]. Build status is: FAILURE
</I>&gt;&gt;<i> Performance: File TEST-net.imglib2.roi.CompositeRegionOfInterestTest.xml reported 0.0% of errors [SUCCESS]. Build status is: FAILURE
</I>&gt;&gt;<i> Performance: File TEST-net.imglib2.roi.EllipseRegionOfInterestTest.xml reported 0.0% of errors [SUCCESS]. Build status is: FAILURE
</I>&gt;&gt;<i> Performance: File TEST-net.imglib2.roi.GeneralPathRegionOfInterestTest.xml reported 0.0% of errors [SUCCESS]. Build status is: FAILURE
</I>&gt;&gt;<i> Performance: File TEST-net.imglib2.roi.PolygonRegionOfInterestTest.xml reported 0.0% of errors [SUCCESS]. Build status is: FAILURE
</I>&gt;&gt;<i> Performance: File TEST-net.imglib2.roi.RectangleRegionOfInterestTest.xml reported 0.0% of errors [SUCCESS]. Build status is: FAILURE
</I>&gt;&gt;<i> Performance: File TEST-net.imglib2.sampler.special.TestConstantRandomAccessible.xml reported 0.0% of errors [SUCCESS]. Build status is: FAILURE
</I>&gt;&gt;<i> Performance: File TEST-net.imglib2.sampler.special.TestConstantRealRandomAccessible.xml reported 0.0% of errors [SUCCESS]. Build status is: FAILURE
</I>&gt;&gt;<i> Performance: File TEST-net.imglib2.util.ImgUtilTest.xml reported 0.0% of errors [SUCCESS]. Build status is: FAILURE
</I>&gt;&gt;<i> Performance: File TEST-net.imglib2.util.KthElementTest.xml reported 0.0% of errors [SUCCESS]. Build status is: FAILURE
</I>&gt;&gt;<i> Performance: File TEST-net.imglib2.util.LinAlgHelpersTest.xml reported 0.0% of errors [SUCCESS]. Build status is: FAILURE
</I>&gt;&gt;<i> Performance: File TEST-net.imglib2.util.PartitionTest.xml reported 0.0% of errors [SUCCESS]. Build status is: FAILURE
</I>&gt;&gt;<i> Performance: File TEST-net.imglib2.util.RealSumTest.xml reported 0.0% of errors [SUCCESS]. Build status is: FAILURE
</I>&gt;&gt;<i> Performance: File TEST-net.imglib2.view.RandomAccessTest.xml reported 0.0% of errors [SUCCESS]. Build status is: FAILURE
</I>&gt;&gt;<i> Performance: File TEST-net.imglib2.view.RandomAccessibleIntervalCursorTest.xml reported 0.0% of errors [SUCCESS]. Build status is: FAILURE
</I>&gt;&gt;<i> Performance: File TEST-net.imglib2.view.SequentializeTransformTest.xml reported 0.0% of errors [SUCCESS]. Build status is: FAILURE
</I>&gt;&gt;<i> Performance: File TEST-tests.BasicTest.xml reported 0.0% of errors [SUCCESS]. Build status is: FAILURE
</I>&gt;&gt;<i> Performance: File TEST-tests.labeling.LabelingOutOfBoundsTest.xml reported 0.0% of errors [SUCCESS]. Build status is: FAILURE
</I>&gt;&gt;<i> Performance: File TEST-tests.labeling.LabelingTest.xml reported 0.0% of errors [SUCCESS]. Build status is: FAILURE
</I>&gt;&gt;<i> Performance: File TEST-tests.labeling.SparseLabelingTest.xml reported 0.0% of errors [SUCCESS]. Build status is: FAILURE
</I>&gt;&gt;<i> Performance: File TEST-tests.roi.TestAbstractRegionOfInterest.xml reported 0.0% of errors [SUCCESS]. Build status is: FAILURE
</I>&gt;&gt;<i> Performance: File TEST-net.imglib2.img.ImagePlusAdapterTest.xml reported 0.0% of errors [SUCCESS]. Build status is: FAILURE
</I>&gt;&gt;<i> Performance: File TEST-net.imglib2.img.ImgTest.xml reported 0.0% of errors [SUCCESS]. Build status is: FAILURE
</I>&gt;&gt;<i> Performance: File TEST-HistogramTest.xml reported 0.0% of errors [SUCCESS]. Build status is: FAILURE
</I>&gt;&gt;<i> Performance: File TEST-tests.labeling.AllConnectedComponentsTest.xml reported 0.0% of errors [SUCCESS]. Build status is: FAILURE
</I>&gt;&gt;<i> Performance: File TEST-tests.labeling.WatershedTest.xml reported 0.0% of errors [SUCCESS]. Build status is: FAILURE
</I>&gt;&gt;<i> Performance: File TEST-tests.BasicTest.xml reported 0.0% of errors [SUCCESS]. Build status is: FAILURE
</I>&gt;&gt;<i> Performance: File TEST-tests.TestSortedGrayLevelIterator.xml reported 0.0% of errors [SUCCESS]. Build status is: FAILURE
</I>&gt;&gt;<i> Performance: File TEST-tests.labeling.LabelingTest.xml reported 0.0% of errors [SUCCESS]. Build status is: FAILURE
</I>&gt;&gt;<i> Performance: File TEST-imglib.ops.Rev2FunctionalIdeasTest.xml reported 0.0% of errors [SUCCESS]. Build status is: FAILURE
</I>&gt;&gt;<i> Performance: File TEST-script.imglib.test.TestPlot.xml reported 0.0% of errors [SUCCESS]. Build status is: FAILURE
</I>&gt;&gt;<i> Performance: File TEST-net.imglib2.algorithm.kdtree.VolumetricSearchTest.xml reported 0.0% of errors [SUCCESS]. Build status is: FAILURE
</I>&gt;&gt;<i> Performance: File TEST-tests.labeling.AllConnectedComponentsTest.xml reported 0.0% of errors [SUCCESS]. Build status is: FAILURE
</I>&gt;&gt;<i> Performance: File TEST-tests.labeling.WatershedTest.xml reported 0.0% of errors [SUCCESS]. Build status is: FAILURE
</I>&gt;&gt;<i> Performance: File TEST-net.imglib2.algorithm.fft.FFTTest.xml reported 0.0% of errors [SUCCESS]. Build status is: FAILURE
</I>&gt;&gt;<i> Performance: File TEST-net.imglib2.algorithm.localization.EllipticGaussianOrthoTest.xml reported 0.0% of errors [SUCCESS]. Build status is: FAILURE
</I>&gt;&gt;<i> Performance: File TEST-net.imglib2.algorithm.localization.GaussianTest.xml reported 0.0% of errors [SUCCESS]. Build status is: FAILURE
</I>&gt;&gt;<i> Performance: File TEST-net.imglib2.algorithm.localization.MLEllipticGaussianEstimatorTest.xml reported 0.0% of errors [SUCCESS]. Build status is: FAILURE
</I>&gt;&gt;<i> Performance: File TEST-net.imglib2.algorithm.localization.MLGaussianEstimatorTest.xml reported 0.0% of errors [SUCCESS]. Build status is: FAILURE
</I>&gt;&gt;<i> Performance: File TEST-net.imglib2.algorithm.localization.PeakFitterTest.xml reported 0.0% of errors [SUCCESS]. Build status is: FAILURE
</I>&gt;&gt;<i> Performance: File TEST-net.imglib2.algorithm.region.BresenhamLineTest.xml reported 0.0% of errors [SUCCESS]. Build status is: FAILURE
</I>&gt;&gt;<i> Performance: File TEST-net.imglib2.BinningTest.xml reported 0.0% of errors [SUCCESS]. Build status is: FAILURE
</I>&gt;&gt;<i> Performance: File TEST-net.imglib2.IterableIntervalSubsetTest.xml reported 0.0% of errors [SUCCESS]. Build status is: FAILURE
</I>&gt;&gt;<i> Performance: File TEST-net.imglib2.PointTest.xml reported 0.0% of errors [SUCCESS]. Build status is: FAILURE
</I>&gt;&gt;<i> Performance: File TEST-net.imglib2.RealPointTest.xml reported 0.0% of errors [SUCCESS]. Build status is: FAILURE
</I>&gt;&gt;<i> Performance: File TEST-net.imglib2.TestAbstractRealLocalizable.xml reported 0.0% of errors [SUCCESS]. Build status is: FAILURE
</I>&gt;&gt;<i> Performance: File TEST-net.imglib2.collection.RealPointSampleListTest.xml reported 0.0% of errors [SUCCESS]. Build status is: FAILURE
</I>&gt;&gt;<i> Performance: File TEST-net.imglib2.img.cell.CellContainerFactoryTest.xml reported 0.0% of errors [SUCCESS]. Build status is: FAILURE
</I>&gt;&gt;<i> Performance: File TEST-net.imglib2.img.cell.CellContainerTest.xml reported 0.0% of errors [SUCCESS]. Build status is: FAILURE
</I>&gt;&gt;<i> Performance: File TEST-net.imglib2.img.cell.CellCursorTest.xml reported 0.0% of errors [SUCCESS]. Build status is: FAILURE
</I>&gt;&gt;<i> Performance: File TEST-net.imglib2.img.cell.CellTest.xml reported 0.0% of errors [SUCCESS]. Build status is: FAILURE
</I>&gt;&gt;<i> Performance: File TEST-net.imglib2.img.cell.CopyTest.xml reported 0.0% of errors [SUCCESS]. Build status is: FAILURE
</I>&gt;&gt;<i> Performance: File TEST-net.imglib2.img.list.CopyTest.xml reported 0.0% of errors [SUCCESS]. Build status is: FAILURE
</I>&gt;&gt;<i> Performance: File TEST-net.imglib2.img.planar.CopyTest.xml reported 0.0% of errors [SUCCESS]. Build status is: FAILURE
</I>&gt;&gt;<i> Performance: File TEST-net.imglib2.img.sparse.NtreeTest.xml reported 0.0% of errors [SUCCESS]. Build status is: FAILURE
</I>&gt;&gt;<i> Performance: File TEST-net.imglib2.img.transform.ImgTranslationAdapterTest.xml reported 0.0% of errors [SUCCESS]. Build status is: FAILURE
</I>&gt;&gt;<i> Performance: File TEST-net.imglib2.nearestneighbor.KDTreeTest.xml reported 0.0% of errors [SUCCESS]. Build status is: FAILURE
</I>&gt;&gt;<i> Performance: File TEST-net.imglib2.nearestneighbor.NearestNeighborSearchOnIterableRealIntervalTest.xml reported 0.0% of errors [SUCCESS]. Build status is: FAILURE
</I>&gt;&gt;<i> Performance: File TEST-net.imglib2.outofbounds.OutOfBoundsBorderTest.xml reported 0.0% of errors [SUCCESS]. Build status is: FAILURE
</I>&gt;&gt;<i> Performance: File TEST-net.imglib2.outofbounds.OutOfBoundsMirrorDoubleBoundaryTest.xml reported 0.0% of errors [SUCCESS]. Build status is: FAILURE
</I>&gt;&gt;<i> Performance: File TEST-net.imglib2.outofbounds.OutOfBoundsMirrorSingleBoundaryTest.xml reported 0.0% of errors [SUCCESS]. Build status is: FAILURE
</I>&gt;&gt;<i> Performance: File TEST-net.imglib2.outofbounds.OutOfBoundsPeriodicTest.xml reported 0.0% of errors [SUCCESS]. Build status is: FAILURE
</I>&gt;&gt;<i> Performance: File TEST-net.imglib2.position.transform.FloorOffsetTest.xml reported 0.0% of errors [SUCCESS]. Build status is: FAILURE
</I>&gt;&gt;<i> Performance: File TEST-net.imglib2.roi.AbstractIterableRegionOfInterestTest.xml reported 0.0% of errors [SUCCESS]. Build status is: FAILURE
</I>&gt;&gt;<i> Performance: File TEST-net.imglib2.roi.BinaryMaskRegionOfInterestTest.xml reported 0.0% of errors [SUCCESS]. Build status is: FAILURE
</I>&gt;&gt;<i> Performance: File TEST-net.imglib2.roi.CompositeRegionOfInterestTest.xml reported 0.0% of errors [SUCCESS]. Build status is: FAILURE
</I>&gt;&gt;<i> Performance: File TEST-net.imglib2.roi.EllipseRegionOfInterestTest.xml reported 0.0% of errors [SUCCESS]. Build status is: FAILURE
</I>&gt;&gt;<i> Performance: File TEST-net.imglib2.roi.GeneralPathRegionOfInterestTest.xml reported 0.0% of errors [SUCCESS]. Build status is: FAILURE
</I>&gt;&gt;<i> Performance: File TEST-net.imglib2.roi.PolygonRegionOfInterestTest.xml reported 0.0% of errors [SUCCESS]. Build status is: FAILURE
</I>&gt;&gt;<i> Performance: File TEST-net.imglib2.roi.RectangleRegionOfInterestTest.xml reported 0.0% of errors [SUCCESS]. Build status is: FAILURE
</I>&gt;&gt;<i> Performance: File TEST-net.imglib2.sampler.special.TestConstantRandomAccessible.xml reported 0.0% of errors [SUCCESS]. Build status is: FAILURE
</I>&gt;&gt;<i> Performance: File TEST-net.imglib2.sampler.special.TestConstantRealRandomAccessible.xml reported 0.0% of errors [SUCCESS]. Build status is: FAILURE
</I>&gt;&gt;<i> Performance: File TEST-net.imglib2.util.ImgUtilTest.xml reported 0.0% of errors [SUCCESS]. Build status is: FAILURE
</I>&gt;&gt;<i> Performance: File TEST-net.imglib2.util.KthElementTest.xml reported 0.0% of errors [SUCCESS]. Build status is: FAILURE
</I>&gt;&gt;<i> Performance: File TEST-net.imglib2.util.LinAlgHelpersTest.xml reported 0.0% of errors [SUCCESS]. Build status is: FAILURE
</I>&gt;&gt;<i> Performance: File TEST-net.imglib2.util.PartitionTest.xml reported 0.0% of errors [SUCCESS]. Build status is: FAILURE
</I>&gt;&gt;<i> Performance: File TEST-net.imglib2.util.RealSumTest.xml reported 0.0% of errors [SUCCESS]. Build status is: FAILURE
</I>&gt;&gt;<i> Performance: File TEST-net.imglib2.view.HyperSliceImgPlusTest.xml reported 0.0% of errors [SUCCESS]. Build status is: FAILURE
</I>&gt;&gt;<i> Performance: File TEST-net.imglib2.view.RandomAccessTest.xml reported 0.0% of errors [SUCCESS]. Build status is: FAILURE
</I>&gt;&gt;<i> Performance: File TEST-net.imglib2.view.RandomAccessibleIntervalCursorTest.xml reported 0.0% of errors [SUCCESS]. Build status is: FAILURE
</I>&gt;&gt;<i> Performance: File TEST-net.imglib2.view.SequentializeTransformTest.xml reported 0.0% of errors [SUCCESS]. Build status is: FAILURE
</I>&gt;&gt;<i> Performance: File TEST-tests.BasicTest.xml reported 0.0% of errors [SUCCESS]. Build status is: FAILURE
</I>&gt;&gt;<i> Performance: File TEST-tests.labeling.LabelingOutOfBoundsTest.xml reported 0.0% of errors [SUCCESS]. Build status is: FAILURE
</I>&gt;&gt;<i> Performance: File TEST-tests.labeling.LabelingTest.xml reported 0.0% of errors [SUCCESS]. Build status is: FAILURE
</I>&gt;&gt;<i> Performance: File TEST-tests.labeling.SparseLabelingTest.xml reported 0.0% of errors [SUCCESS]. Build status is: FAILURE
</I>&gt;&gt;<i> Performance: File TEST-tests.roi.TestAbstractRegionOfInterest.xml reported 0.0% of errors [SUCCESS]. Build status is: FAILURE
</I>&gt;&gt;<i> Performance: File TEST-net.imglib2.img.ImagePlusAdapterTest.xml reported 0.0% of errors [SUCCESS]. Build status is: FAILURE
</I>&gt;&gt;<i> Performance: File TEST-net.imglib2.img.ImgTest.xml reported 0.0% of errors [SUCCESS]. Build status is: FAILURE
</I>&gt;&gt;<i> Performance: File TEST-net.imglib2.io.img.virtual.VirtualImgTest.xml reported 0.0% of errors [SUCCESS]. Build status is: FAILURE
</I>&gt;&gt;<i> Performance: File TEST-net.imglib2.ops.example.Example10Test.xml reported 0.0% of errors [SUCCESS]. Build status is: FAILURE
</I>&gt;&gt;<i> Performance: File TEST-net.imglib2.ops.example.Example11Test.xml reported 0.0% of errors [SUCCESS]. Build status is: FAILURE
</I>&gt;&gt;<i> Performance: File TEST-net.imglib2.ops.example.Example12Test.xml reported 0.0% of errors [SUCCESS]. Build status is: FAILURE
</I>&gt;&gt;<i> Performance: File TEST-net.imglib2.ops.example.Example1Test.xml reported 0.0% of errors [SUCCESS]. Build status is: FAILURE
</I>&gt;&gt;<i> Performance: File TEST-net.imglib2.ops.example.Example2Test.xml reported 0.0% of errors [SUCCESS]. Build status is: FAILURE
</I>&gt;&gt;<i> Performance: File TEST-net.imglib2.ops.example.Example3Test.xml reported 0.0% of errors [SUCCESS]. Build status is: FAILURE
</I>&gt;&gt;<i> Performance: File TEST-net.imglib2.ops.example.Example4Test.xml reported 0.0% of errors [SUCCESS]. Build status is: FAILURE
</I>&gt;&gt;<i> Performance: File TEST-net.imglib2.ops.example.Example5Test.xml reported 0.0% of errors [SUCCESS]. Build status is: FAILURE
</I>&gt;&gt;<i> Performance: File TEST-net.imglib2.ops.example.Example6Test.xml reported 0.0% of errors [SUCCESS]. Build status is: FAILURE
</I>&gt;&gt;<i> Performance: File TEST-net.imglib2.ops.example.Example7Test.xml reported 0.0% of errors [SUCCESS]. Build status is: FAILURE
</I>&gt;&gt;<i> Performance: File TEST-net.imglib2.ops.example.Example8Test.xml reported 0.0% of errors [SUCCESS]. Build status is: FAILURE
</I>&gt;&gt;<i> Performance: File TEST-net.imglib2.ops.example.Example9Test.xml reported 0.0% of errors [SUCCESS]. Build status is: FAILURE
</I>&gt;&gt;<i> Performance: File TEST-net.imglib2.ops.operation.binary.bool.BinaryAndNotTest.xml reported 0.0% of errors [SUCCESS]. Build status is: FAILURE
</I>&gt;&gt;<i> Performance: File TEST-net.imglib2.ops.operation.binary.bool.BinaryXorTest.xml reported 0.0% of errors [SUCCESS]. Build status is: FAILURE
</I>&gt;&gt;<i> Performance: File TEST-net.imglib2.ops.operation.binary.complex.ComplexAddTest.xml reported 0.0% of errors [SUCCESS]. Build status is: FAILURE
</I>&gt;&gt;<i> Performance: File TEST-net.imglib2.ops.operation.binary.complex.ComplexAvgTest.xml reported 0.0% of errors [SUCCESS]. Build status is: FAILURE
</I>&gt;&gt;<i> Performance: File TEST-net.imglib2.ops.operation.binary.complex.ComplexCopyLeftTest.xml reported 0.0% of errors [SUCCESS]. Build status is: FAILURE
</I>&gt;&gt;<i> Performance: File TEST-net.imglib2.ops.operation.binary.complex.ComplexCopyRightTest.xml reported 0.0% of errors [SUCCESS]. Build status is: FAILURE
</I>&gt;&gt;<i> Performance: File TEST-net.imglib2.ops.operation.binary.complex.ComplexDifferenceTest.xml reported 0.0% of errors [SUCCESS]. Build status is: FAILURE
</I>&gt;&gt;<i> Performance: File TEST-net.imglib2.ops.operation.binary.complex.ComplexDivideTest.xml reported 0.0% of errors [SUCCESS]. Build status is: FAILURE
</I>&gt;&gt;<i> Performance: File TEST-net.imglib2.ops.operation.binary.complex.ComplexMultiplyTest.xml reported 0.0% of errors [SUCCESS]. Build status is: FAILURE
</I>&gt;&gt;<i> Performance: File TEST-net.imglib2.ops.operation.binary.complex.ComplexPowerTest.xml reported 0.0% of errors [SUCCESS]. Build status is: FAILURE
</I>&gt;&gt;<i> Performance: File TEST-net.imglib2.ops.operation.binary.complex.ComplexSubtractTest.xml reported 0.0% of errors [SUCCESS]. Build status is: FAILURE
</I>&gt;&gt;<i> Performance: File TEST-net.imglib2.ops.operation.randomaccessibleinterval.unary.regiongrowing.CCATest.xml reported 0.0% of errors [SUCCESS]. Build status is: FAILURE
</I>&gt;&gt;<i> Performance: File TEST-net.imglib2.ops.operation.unary.complex.ComplexExpTest.xml reported 0.0% of errors [SUCCESS]. Build status is: FAILURE
</I>&gt;&gt;<i> Performance: File TEST-net.imglib2.ops.operation.unary.complex.ComplexIntegerPowerTest.xml reported 0.0% of errors [SUCCESS]. Build status is: FAILURE
</I>&gt;&gt;<i> Performance: File TEST-net.imglib2.ops.operation.unary.complex.ComplexLogTest.xml reported 0.0% of errors [SUCCESS]. Build status is: FAILURE
</I>&gt;&gt;<i> Performance: File TEST-net.imglib2.ops.operation.unary.complex.ComplexReciprocalTest.xml reported 0.0% of errors [SUCCESS]. Build status is: FAILURE
</I>&gt;&gt;<i> Performance: File TEST-net.imglib2.ops.pointset.ConditionalPointSetIteratorTest.xml reported 0.0% of errors [SUCCESS]. Build status is: FAILURE
</I>&gt;&gt;<i> Performance: File TEST-net.imglib2.ops.pointset.ConditionalPointSetTest.xml reported 0.0% of errors [SUCCESS]. Build status is: FAILURE
</I>&gt;&gt;<i> Performance: File TEST-net.imglib2.ops.pointset.GeneralPointSetIteratorTest.xml reported 0.0% of errors [SUCCESS]. Build status is: FAILURE
</I>&gt;&gt;<i> Performance: File TEST-net.imglib2.ops.pointset.GeneralPointSetTest.xml reported 0.0% of errors [SUCCESS]. Build status is: FAILURE
</I>&gt;&gt;<i> Performance: File TEST-net.imglib2.ops.pointset.HyperVolumePointSetIteratorTest.xml reported 0.0% of errors [SUCCESS]. Build status is: FAILURE
</I>&gt;&gt;<i> Performance: File TEST-net.imglib2.ops.pointset.HyperVolumePointSetTest.xml reported 0.0% of errors [SUCCESS]. Build status is: FAILURE
</I>&gt;&gt;<i> Performance: File TEST-net.imglib2.ops.pointset.IterableIntervalPointSetIteratorTest.xml reported 0.0% of errors [SUCCESS]. Build status is: FAILURE
</I>&gt;&gt;<i> Performance: File TEST-net.imglib2.ops.pointset.IterableIntervalPointSetTest.xml reported 0.0% of errors [SUCCESS]. Build status is: FAILURE
</I>&gt;&gt;<i> Performance: File TEST-net.imglib2.ops.pointset.OnePointSetIteratorTest.xml reported 0.0% of errors [SUCCESS]. Build status is: FAILURE
</I>&gt;&gt;<i> Performance: File TEST-net.imglib2.ops.pointset.OnePointSetTest.xml reported 0.0% of errors [SUCCESS]. Build status is: FAILURE
</I>&gt;&gt;<i> Performance: File TEST-net.imglib2.ops.pointset.PointSetComplementIteratorTest.xml reported 0.0% of errors [SUCCESS]. Build status is: FAILURE
</I>&gt;&gt;<i> Performance: File TEST-net.imglib2.ops.pointset.PointSetComplementTest.xml reported 0.0% of errors [SUCCESS]. Build status is: FAILURE
</I>&gt;&gt;<i> Performance: File TEST-net.imglib2.ops.pointset.PointSetDifferenceIteratorTest.xml reported 0.0% of errors [SUCCESS]. Build status is: FAILURE
</I>&gt;&gt;<i> Performance: File TEST-net.imglib2.ops.pointset.PointSetDifferenceTest.xml reported 0.0% of errors [SUCCESS]. Build status is: FAILURE
</I>&gt;&gt;<i> Performance: File TEST-net.imglib2.ops.pointset.PointSetIntersectionIteratorTest.xml reported 0.0% of errors [SUCCESS]. Build status is: FAILURE
</I>&gt;&gt;<i> Performance: File TEST-net.imglib2.ops.pointset.PointSetIntersectionTest.xml reported 0.0% of errors [SUCCESS]. Build status is: FAILURE
</I>&gt;&gt;<i> Performance: File TEST-net.imglib2.ops.pointset.PointSetRegionOfInterestTest.xml reported 0.0% of errors [SUCCESS]. Build status is: FAILURE
</I>&gt;&gt;<i> Performance: File TEST-net.imglib2.ops.pointset.PointSetUnionIteratorTest.xml reported 0.0% of errors [SUCCESS]. Build status is: FAILURE
</I>&gt;&gt;<i> Performance: File TEST-net.imglib2.ops.pointset.PointSetUnionTest.xml reported 0.0% of errors [SUCCESS]. Build status is: FAILURE
</I>&gt;&gt;<i> Performance: File TEST-net.imglib2.ops.pointset.RoiPointSetIteratorTest.xml reported 0.0% of errors [SUCCESS]. Build status is: FAILURE
</I>&gt;&gt;<i> Performance: File TEST-net.imglib2.ops.pointset.RoiPointSetTest.xml reported 0.0% of errors [SUCCESS]. Build status is: FAILURE
</I>&gt;&gt;<i> Performance: File TEST-net.imglib2.ops.pointset.TextSpecifiedPointSetIteratorTest.xml reported 0.0% of errors [SUCCESS]. Build status is: FAILURE
</I>&gt;&gt;<i> Performance: File TEST-net.imglib2.ops.pointset.TextSpecifiedPointSetTest.xml reported 0.0% of errors [SUCCESS]. Build status is: FAILURE
</I>&gt;&gt;<i> Performance: File TEST-script.imglib.test.TestBufferedImageImg.xml reported 0.0% of errors [SUCCESS]. Build status is: FAILURE
</I>&gt;&gt;<i> Performance: File TEST-script.imglib.test.TestExtend.xml reported 0.0% of errors [SUCCESS]. Build status is: FAILURE
</I>&gt;&gt;<i> Performance: File TEST-script.imglib.test.TestIntegralImage.xml reported 0.0% of errors [SUCCESS]. Build status is: FAILURE
</I>&gt;&gt;<i> Performance: File TEST-script.imglib.test.TestIntegralImagePerformance.xml reported 0.0% of errors [SUCCESS]. Build status is: FAILURE
</I>&gt;&gt;<i> Performance: File TEST-script.imglib.test.TestReduce.xml reported 0.0% of errors [SUCCESS]. Build status is: FAILURE
</I>&gt;&gt;<i> Performance: File TEST-script.imglib.test.TestTransformations.xml reported 0.0% of errors [SUCCESS]. Build status is: FAILURE
</I>&gt;&gt;<i> Performance: File TEST-net.imglib2.view.MixedTransformConcatenateTest.xml reported 0.0% of errors [SUCCESS]. Build status is: FAILURE
</I>&gt;&gt;<i> Performance: File TEST-net.imglib2.view.SlicingTransformConcatenateTest.xml reported 0.0% of errors [SUCCESS]. Build status is: FAILURE
</I>&gt;&gt;<i> Performance: File TEST-net.imglib2.view.TranslationTransformConcatenateTest.xml reported 0.0% of errors [SUCCESS]. Build status is: FAILURE
</I>&gt;&gt;<i> Performance: File TEST-net.imglib2.io.img.virtual.VirtualImgTest.xml reported 0.0% of errors [SUCCESS]. Build status is: FAILURE
</I>&gt;&gt;<i> Performance: File TEST-net.imglib2.meta.AxesTest.xml reported 0.0% of errors [SUCCESS]. Build status is: FAILURE
</I>&gt;&gt;<i> Performance: File TEST-net.imglib2.meta.DefaultCalibratedRealIntervalTest.xml reported 0.0% of errors [SUCCESS]. Build status is: FAILURE
</I>&gt;&gt;<i> Performance: File TEST-net.imglib2.meta.DefaultCalibratedSpaceTest.xml reported 0.0% of errors [SUCCESS]. Build status is: FAILURE
</I>&gt;&gt;<i> Performance: File TEST-net.imglib2.meta.DefaultNamedTest.xml reported 0.0% of errors [SUCCESS]. Build status is: FAILURE
</I>&gt;&gt;<i> Performance: File TEST-net.imglib2.meta.DefaultSourcedTest.xml reported 0.0% of errors [SUCCESS]. Build status is: FAILURE
</I>&gt;&gt;<i> Performance: File TEST-net.imglib2.meta.DefaultTypedAxisTest.xml reported 0.0% of errors [SUCCESS]. Build status is: FAILURE
</I>&gt;&gt;<i> Performance: File TEST-net.imglib2.meta.DefaultTypedSpaceTest.xml reported 0.0% of errors [SUCCESS]. Build status is: FAILURE
</I>&gt;&gt;<i> Performance: File TEST-net.imglib2.meta.ImgPlusTest.xml reported 0.0% of errors [SUCCESS]. Build status is: FAILURE
</I>&gt;&gt;<i> Performance: File TEST-net.imglib2.meta.IntervalUtilsTest.xml reported 0.0% of errors [SUCCESS]. Build status is: FAILURE
</I>&gt;&gt;<i> Performance: File TEST-net.imglib2.meta.SpaceUtilsTest.xml reported 0.0% of errors [SUCCESS]. Build status is: FAILURE
</I>&gt;&gt;<i> Performance: File TEST-net.imglib2.meta.axis.DefaultLinearAxisTest.xml reported 0.0% of errors [SUCCESS]. Build status is: FAILURE
</I>&gt;&gt;<i> Performance: File TEST-net.imglib2.meta.axis.ExponentialAxisTest.xml reported 0.0% of errors [SUCCESS]. Build status is: FAILURE
</I>&gt;&gt;<i> Performance: File TEST-net.imglib2.meta.axis.ExponentialRecoveryAxisTest.xml reported 0.0% of errors [SUCCESS]. Build status is: FAILURE
</I>&gt;&gt;<i> Performance: File TEST-net.imglib2.meta.axis.GammaVariateAxisTest.xml reported 0.0% of errors [SUCCESS]. Build status is: FAILURE
</I>&gt;&gt;<i> Performance: File TEST-net.imglib2.meta.axis.GaussianAxisTest.xml reported 0.0% of errors [SUCCESS]. Build status is: FAILURE
</I>&gt;&gt;<i> Performance: File TEST-net.imglib2.meta.axis.IdentityAxisTest.xml reported 0.0% of errors [SUCCESS]. Build status is: FAILURE
</I>&gt;&gt;<i> Performance: File TEST-net.imglib2.meta.axis.InverseRodbardAxisTest.xml reported 0.0% of errors [SUCCESS]. Build status is: FAILURE
</I>&gt;&gt;<i> Performance: File TEST-net.imglib2.meta.axis.LogLinearAxisTest.xml reported 0.0% of errors [SUCCESS]. Build status is: FAILURE
</I>&gt;&gt;<i> Performance: File TEST-net.imglib2.meta.axis.PolynomialAxisTest.xml reported 0.0% of errors [SUCCESS]. Build status is: FAILURE
</I>&gt;&gt;<i> Performance: File TEST-net.imglib2.meta.axis.PowerAxisTest.xml reported 0.0% of errors [SUCCESS]. Build status is: FAILURE
</I>&gt;&gt;<i> Performance: File TEST-net.imglib2.meta.axis.RodbardAxisTest.xml reported 0.0% of errors [SUCCESS]. Build status is: FAILURE
</I>&gt;&gt;<i> Performance: File TEST-net.imglib2.meta.units.DefaultUnitServiceTest.xml reported 0.0% of errors [SUCCESS]. Build status is: FAILURE
</I>&gt;&gt;<i> Performance: File TEST-net.imglib2.meta.view.HyperSliceImgPlusTest.xml reported 0.0% of errors [SUCCESS]. Build status is: FAILURE
</I>&gt;&gt;<i> Performance: File TEST-net.imglib2.ops.example.Example10Test.xml reported 0.0% of errors [SUCCESS]. Build status is: FAILURE
</I>&gt;&gt;<i> Performance: File TEST-net.imglib2.ops.example.Example11Test.xml reported 0.0% of errors [SUCCESS]. Build status is: FAILURE
</I>&gt;&gt;<i> Performance: File TEST-net.imglib2.ops.example.Example12Test.xml reported 0.0% of errors [SUCCESS]. Build status is: FAILURE
</I>&gt;&gt;<i> Performance: File TEST-net.imglib2.ops.example.Example1Test.xml reported 0.0% of errors [SUCCESS]. Build status is: FAILURE
</I>&gt;&gt;<i> Performance: File TEST-net.imglib2.ops.example.Example2Test.xml reported 0.0% of errors [SUCCESS]. Build status is: FAILURE
</I>&gt;&gt;<i> Performance: File TEST-net.imglib2.ops.example.Example3Test.xml reported 0.0% of errors [SUCCESS]. Build status is: FAILURE
</I>&gt;&gt;<i> Performance: File TEST-net.imglib2.ops.example.Example4Test.xml reported 0.0% of errors [SUCCESS]. Build status is: FAILURE
</I>&gt;&gt;<i> Performance: File TEST-net.imglib2.ops.example.Example5Test.xml reported 0.0% of errors [SUCCESS]. Build status is: FAILURE
</I>&gt;&gt;<i> Performance: File TEST-net.imglib2.ops.example.Example6Test.xml reported 0.0% of errors [SUCCESS]. Build status is: FAILURE
</I>&gt;&gt;<i> Performance: File TEST-net.imglib2.ops.example.Example7Test.xml reported 0.0% of errors [SUCCESS]. Build status is: FAILURE
</I>&gt;&gt;<i> Performance: File TEST-net.imglib2.ops.example.Example8Test.xml reported 0.0% of errors [SUCCESS]. Build status is: FAILURE
</I>&gt;&gt;<i> Performance: File TEST-net.imglib2.ops.example.Example9Test.xml reported 0.0% of errors [SUCCESS]. Build status is: FAILURE
</I>&gt;&gt;<i> Performance: File TEST-net.imglib2.ops.operation.binary.bool.BinaryAndNotTest.xml reported 0.0% of errors [SUCCESS]. Build status is: FAILURE
</I>&gt;&gt;<i> Performance: File TEST-net.imglib2.ops.operation.binary.bool.BinaryXorTest.xml reported 0.0% of errors [SUCCESS]. Build status is: FAILURE
</I>&gt;&gt;<i> Performance: File TEST-net.imglib2.ops.operation.binary.complex.ComplexAddTest.xml reported 0.0% of errors [SUCCESS]. Build status is: FAILURE
</I>&gt;&gt;<i> Performance: File TEST-net.imglib2.ops.operation.binary.complex.ComplexAvgTest.xml reported 0.0% of errors [SUCCESS]. Build status is: FAILURE
</I>&gt;&gt;<i> Performance: File TEST-net.imglib2.ops.operation.binary.complex.ComplexCopyLeftTest.xml reported 0.0% of errors [SUCCESS]. Build status is: FAILURE
</I>&gt;&gt;<i> Performance: File TEST-net.imglib2.ops.operation.binary.complex.ComplexCopyRightTest.xml reported 0.0% of errors [SUCCESS]. Build status is: FAILURE
</I>&gt;&gt;<i> Performance: File TEST-net.imglib2.ops.operation.binary.complex.ComplexDifferenceTest.xml reported 0.0% of errors [SUCCESS]. Build status is: FAILURE
</I>&gt;&gt;<i> Performance: File TEST-net.imglib2.ops.operation.binary.complex.ComplexDivideTest.xml reported 0.0% of errors [SUCCESS]. Build status is: FAILURE
</I>&gt;&gt;<i> Performance: File TEST-net.imglib2.ops.operation.binary.complex.ComplexMultiplyTest.xml reported 0.0% of errors [SUCCESS]. Build status is: FAILURE
</I>&gt;&gt;<i> Performance: File TEST-net.imglib2.ops.operation.binary.complex.ComplexPowerTest.xml reported 0.0% of errors [SUCCESS]. Build status is: FAILURE
</I>&gt;&gt;<i> Performance: File TEST-net.imglib2.ops.operation.binary.complex.ComplexSubtractTest.xml reported 0.0% of errors [SUCCESS]. Build status is: FAILURE
</I>&gt;&gt;<i> Performance: File TEST-net.imglib2.ops.operation.randomaccessibleinterval.unary.regiongrowing.CCATest.xml reported 0.0% of errors [SUCCESS]. Build status is: FAILURE
</I>&gt;&gt;<i> Performance: File TEST-net.imglib2.ops.operation.unary.complex.ComplexExpTest.xml reported 0.0% of errors [SUCCESS]. Build status is: FAILURE
</I>&gt;&gt;<i> Performance: File TEST-net.imglib2.ops.operation.unary.complex.ComplexIntegerPowerTest.xml reported 0.0% of errors [SUCCESS]. Build status is: FAILURE
</I>&gt;&gt;<i> Performance: File TEST-net.imglib2.ops.operation.unary.complex.ComplexLogTest.xml reported 0.0% of errors [SUCCESS]. Build status is: FAILURE
</I>&gt;&gt;<i> Performance: File TEST-net.imglib2.ops.operation.unary.complex.ComplexReciprocalTest.xml reported 0.0% of errors [SUCCESS]. Build status is: FAILURE
</I>&gt;&gt;<i> Performance: File TEST-net.imglib2.ops.pointset.ConditionalPointSetIteratorTest.xml reported 0.0% of errors [SUCCESS]. Build status is: FAILURE
</I>&gt;&gt;<i> Performance: File TEST-net.imglib2.ops.pointset.ConditionalPointSetTest.xml reported 0.0% of errors [SUCCESS]. Build status is: FAILURE
</I>&gt;&gt;<i> Performance: File TEST-net.imglib2.ops.pointset.GeneralPointSetIteratorTest.xml reported 0.0% of errors [SUCCESS]. Build status is: FAILURE
</I>&gt;&gt;<i> Performance: File TEST-net.imglib2.ops.pointset.GeneralPointSetTest.xml reported 0.0% of errors [SUCCESS]. Build status is: FAILURE
</I>&gt;&gt;<i> Performance: File TEST-net.imglib2.ops.pointset.HyperVolumePointSetIteratorTest.xml reported 0.0% of errors [SUCCESS]. Build status is: FAILURE
</I>&gt;&gt;<i> Performance: File TEST-net.imglib2.ops.pointset.HyperVolumePointSetTest.xml reported 0.0% of errors [SUCCESS]. Build status is: FAILURE
</I>&gt;&gt;<i> Performance: File TEST-net.imglib2.ops.pointset.IterableIntervalPointSetIteratorTest.xml reported 0.0% of errors [SUCCESS]. Build status is: FAILURE
</I>&gt;&gt;<i> Performance: File TEST-net.imglib2.ops.pointset.IterableIntervalPointSetTest.xml reported 0.0% of errors [SUCCESS]. Build status is: FAILURE
</I>&gt;&gt;<i> Performance: File TEST-net.imglib2.ops.pointset.OnePointSetIteratorTest.xml reported 0.0% of errors [SUCCESS]. Build status is: FAILURE
</I>&gt;&gt;<i> Performance: File TEST-net.imglib2.ops.pointset.OnePointSetTest.xml reported 0.0% of errors [SUCCESS]. Build status is: FAILURE
</I>&gt;&gt;<i> Performance: File TEST-net.imglib2.ops.pointset.PointSetComplementIteratorTest.xml reported 0.0% of errors [SUCCESS]. Build status is: FAILURE
</I>&gt;&gt;<i> Performance: File TEST-net.imglib2.ops.pointset.PointSetComplementTest.xml reported 0.0% of errors [SUCCESS]. Build status is: FAILURE
</I>&gt;&gt;<i> Performance: File TEST-net.imglib2.ops.pointset.PointSetDifferenceIteratorTest.xml reported 0.0% of errors [SUCCESS]. Build status is: FAILURE
</I>&gt;&gt;<i> Performance: File TEST-net.imglib2.ops.pointset.PointSetDifferenceTest.xml reported 0.0% of errors [SUCCESS]. Build status is: FAILURE
</I>&gt;&gt;<i> Performance: File TEST-net.imglib2.ops.pointset.PointSetIntersectionIteratorTest.xml reported 0.0% of errors [SUCCESS]. Build status is: FAILURE
</I>&gt;&gt;<i> Performance: File TEST-net.imglib2.ops.pointset.PointSetIntersectionTest.xml reported 0.0% of errors [SUCCESS]. Build status is: FAILURE
</I>&gt;&gt;<i> Performance: File TEST-net.imglib2.ops.pointset.PointSetRegionOfInterestTest.xml reported 0.0% of errors [SUCCESS]. Build status is: FAILURE
</I>&gt;&gt;<i> Performance: File TEST-net.imglib2.ops.pointset.PointSetUnionIteratorTest.xml reported 0.0% of errors [SUCCESS]. Build status is: FAILURE
</I>&gt;&gt;<i> Performance: File TEST-net.imglib2.ops.pointset.PointSetUnionTest.xml reported 0.0% of errors [SUCCESS]. Build status is: FAILURE
</I>&gt;&gt;<i> Performance: File TEST-net.imglib2.ops.pointset.RoiPointSetIteratorTest.xml reported 0.0% of errors [SUCCESS]. Build status is: FAILURE
</I>&gt;&gt;<i> Performance: File TEST-net.imglib2.ops.pointset.RoiPointSetTest.xml reported 0.0% of errors [SUCCESS]. Build status is: FAILURE
</I>&gt;&gt;<i> Performance: File TEST-net.imglib2.ops.pointset.TextSpecifiedPointSetIteratorTest.xml reported 0.0% of errors [SUCCESS]. Build status is: FAILURE
</I>&gt;&gt;<i> Performance: File TEST-net.imglib2.ops.pointset.TextSpecifiedPointSetTest.xml reported 0.0% of errors [SUCCESS]. Build status is: FAILURE
</I>&gt;&gt;<i> Performance: File TEST-net.imglib2.realtransform.InvertibleRealTransformSequenceTest.xml reported 0.0% of errors [SUCCESS]. Build status is: FAILURE
</I>&gt;&gt;<i> Performance: File TEST-net.imglib2.realtransform.RealTransformSequenceTest.xml reported 0.0% of errors [SUCCESS]. Build status is: FAILURE
</I>&gt;&gt;<i> Performance: File TEST-script.imglib.test.TestBufferedImageImg.xml reported 0.0% of errors [SUCCESS]. Build status is: FAILURE
</I>&gt;&gt;<i> Performance: File TEST-script.imglib.test.TestExtend.xml reported 0.0% of errors [SUCCESS]. Build status is: FAILURE
</I>&gt;&gt;<i> Performance: File TEST-script.imglib.test.TestIntegralImage.xml reported 0.0% of errors [SUCCESS]. Build status is: FAILURE
</I>&gt;&gt;<i> Performance: File TEST-script.imglib.test.TestIntegralImagePerformance.xml reported 0.0% of errors [SUCCESS]. Build status is: FAILURE
</I>&gt;&gt;<i> Performance: File TEST-script.imglib.test.TestReduce.xml reported 0.0% of errors [SUCCESS]. Build status is: FAILURE
</I>&gt;&gt;<i> Performance: File TEST-script.imglib.test.TestTransformations.xml reported 0.0% of errors [SUCCESS]. Build status is: FAILURE
</I>&gt;&gt;<i> Performance: File TEST-net.imglib2.view.MixedTransformConcatenateTest.xml reported 0.0% of errors [SUCCESS]. Build status is: FAILURE
</I>&gt;&gt;<i> Performance: File TEST-net.imglib2.view.SlicingTransformConcatenateTest.xml reported 0.0% of errors [SUCCESS]. Build status is: FAILURE
</I>&gt;&gt;<i> Performance: File TEST-net.imglib2.view.TranslationTransformConcatenateTest.xml reported 0.0% of errors [SUCCESS]. Build status is: FAILURE
</I>&gt;&gt;<i> Failed to send e-mail to squareys because no e-mail address is known, and no default e-mail domain is configured
</I>&gt;<i> 
</I>&gt;<i> ---
</I>&gt;<i> 
</I>&gt;<i> Dr. Stephan Preibisch
</I>&gt;<i> HFSP Fellow
</I>&gt;<i> Robert H. Singer / Eugene Myers lab
</I>&gt;<i> 
</I>&gt;<i> Albert Einstein College of Medicine / HHMI Janelia Farm / MPI-CBG
</I>&gt;<i> 
</I>&gt;<i> email: <A HREF="http://imagej.net/mailman/listinfo/imagej-devel">stephan.preibisch at einstein.yu.edu</A> / <A HREF="http://imagej.net/mailman/listinfo/imagej-devel">preibischs at janelia.hhmi.org</A> / <A HREF="http://imagej.net/mailman/listinfo/imagej-devel">preibisch at mpi-cbg.de</A>
</I>&gt;<i> web: <A HREF="http://www.preibisch.net/">http://www.preibisch.net/</A>
</I>&gt;<i> 
</I>
---

Dr. Stephan Preibisch
HFSP Fellow
Robert H. Singer / Eugene Myers lab

Albert Einstein College of Medicine / HHMI Janelia Farm / MPI-CBG

email: <A HREF="http://imagej.net/mailman/listinfo/imagej-devel">stephan.preibisch at einstein.yu.edu</A> / <A HREF="http://imagej.net/mailman/listinfo/imagej-devel">preibischs at janelia.hhmi.org</A> / <A HREF="http://imagej.net/mailman/listinfo/imagej-devel">preibisch at mpi-cbg.de</A>
web: <A HREF="http://www.preibisch.net/">http://www.preibisch.net/</A>

-------------- next part --------------
An HTML attachment was scrubbed...
URL: &lt;<A HREF="http://imagej.net/pipermail/imagej-devel/attachments/20131218/807a16e1/attachment-0001.html">http://imagej.net/pipermail/imagej-devel/attachments/20131218/807a16e1/attachment-0001.html</A>&gt;
</PRE>




<!--endarticle-->
    <HR>
    <P><UL>
        <!--threads-->
	<LI>Previous message: <A HREF="001871.html">[ImageJ-devel] ImgLib2 repository moved to its own organization
</A></li>
	<LI>Next message: <A HREF="001873.html">[ImageJ-devel] [fiji-devel] Fwd: Build failed in Jenkins:	ImgLib #2279
</A></li>
         <LI> <B>Messages sorted by:</B> 
              <a href="date.html#1872">[ date ]</a>
              <a href="thread.html#1872">[ thread ]</a>
              <a href="subject.html#1872">[ subject ]</a>
              <a href="author.html#1872">[ author ]</a>
         </LI>
       </UL>

<hr>
<a href="http://imagej.net/mailman/listinfo/imagej-devel">More information about the ImageJ-devel
mailing list</a><br>
</body></html>
