<!DOCTYPE HTML PUBLIC "-//W3C//DTD HTML 3.2//EN">
<HTML>
 <HEAD>
   <TITLE> [ImageJ-devel] Build failed in Jenkins: ImageJ #2891
   </TITLE>
   <LINK REL="Index" HREF="index.html" >
   <LINK REL="made" HREF="mailto:imagej-devel%40imagej.net?Subject=Re%3A%20%5BImageJ-devel%5D%20Build%20failed%20in%20Jenkins%3A%20ImageJ%20%232891&In-Reply-To=%3C1798914143.7.1332906657963.JavaMail.jenkins%40dev%3E">
   <META NAME="robots" CONTENT="index,nofollow">
   <META http-equiv="Content-Type" content="text/html; charset=us-ascii">
   <LINK REL="Previous"  HREF="000731.html">
   <LINK REL="Next"  HREF="000729.html">
 </HEAD>
 <BODY BGCOLOR="#ffffff">
   <H1>[ImageJ-devel] Build failed in Jenkins: ImageJ #2891</H1>
    <B>jenkins at loci.wisc.edu</B> 
    <A HREF="mailto:imagej-devel%40imagej.net?Subject=Re%3A%20%5BImageJ-devel%5D%20Build%20failed%20in%20Jenkins%3A%20ImageJ%20%232891&In-Reply-To=%3C1798914143.7.1332906657963.JavaMail.jenkins%40dev%3E"
       TITLE="[ImageJ-devel] Build failed in Jenkins: ImageJ #2891">jenkins at loci.wisc.edu
       </A><BR>
    <I>Tue Mar 27 22:50:57 CDT 2012</I>
    <P><UL>
        <LI>Previous message: <A HREF="000731.html">[ImageJ-devel] Jenkins build is back to normal :	Upload-IJ1-Into-Fiji #2
</A></li>
        <LI>Next message: <A HREF="000729.html">[ImageJ-devel] Build failed in Jenkins: ImageJ #2892
</A></li>
         <LI> <B>Messages sorted by:</B> 
              <a href="date.html#728">[ date ]</a>
              <a href="thread.html#728">[ thread ]</a>
              <a href="subject.html#728">[ subject ]</a>
              <a href="author.html#728">[ author ]</a>
         </LI>
       </UL>
    <HR>  
<!--beginarticle-->
<PRE>See &lt;<A HREF="http://jenkins.imagej.net/job/ImageJ/2891/changes">http://jenkins.imagej.net/job/ImageJ/2891/changes</A>&gt;

Changes:

[Curtis Rueden] Update zoomviewer copyright headers

[Curtis Rueden] Mavenize zoomviewer and move to extra subtree

[Curtis Rueden] Update more copyright headers

This update covers extra, sandbox, and the rest of the ui projects.

[Curtis Rueden] Tweak remove-headers script

[Curtis Rueden] Update license blurb for new files

[Curtis Rueden] Use latest version of scijava POM

This version changes nothing, but updates to the new groupId.

------------------------------------------
[...truncated 4028 lines...]
[INFO] Compiling 2 source files to /data/devel/jenkins/jobs/ImageJ/workspace/imagej/ui/platform-macosx/target/classes
[debug] execute contextualize
[INFO] [resources:testResources {execution: default-testResources}]
[INFO] Using 'UTF-8' encoding to copy filtered resources.
[INFO] skip non existing resourceDirectory /data/devel/jenkins/jobs/ImageJ/workspace/imagej/ui/platform-macosx/src/test/resources
[INFO] [compiler:testCompile {execution: default-testCompile}]
[INFO] No sources to compile
[INFO] [surefire:test {execution: default-test}]
[INFO] No tests to run.
[INFO] Surefire report directory: /data/devel/jenkins/jobs/ImageJ/workspace/imagej/ui/platform-macosx/target/surefire-reports

-------------------------------------------------------
 T E S T S
-------------------------------------------------------

Results :

Tests run: 0, Failures: 0, Errors: 0, Skipped: 0

[INFO] [jar:jar {execution: default-jar}]
[INFO] Building jar: /data/devel/jenkins/jobs/ImageJ/workspace/imagej/ui/platform-macosx/target/ij-platform-macosx-2.0-SNAPSHOT.jar
[INFO] [install:install {execution: default-install}]
[INFO] Installing /data/devel/jenkins/jobs/ImageJ/workspace/imagej/ui/platform-macosx/target/ij-platform-macosx-2.0-SNAPSHOT.jar to /var/lib/jenkins/.m2/repository/net/imagej/ij-platform-macosx/2.0-SNAPSHOT/ij-platform-macosx-2.0-SNAPSHOT.jar
[INFO] [deploy:deploy {execution: default-deploy}]
[INFO] Retrieving previous build number from imagej.snapshots
Uploading: <A HREF="http://maven.imagej.net/content/repositories/snapshots/net/imagej/ij-platform-macosx/2.0-SNAPSHOT/ij-platform-macosx-2.0-20120328.034954-553.jar">http://maven.imagej.net/content/repositories/snapshots/net/imagej/ij-platform-macosx/2.0-SNAPSHOT/ij-platform-macosx-2.0-20120328.034954-553.jar</A>
Mar 27, 2012 10:50:51 PM org.apache.commons.httpclient.auth.AuthChallengeProcessor selectAuthScheme
INFO: basic authentication scheme selected
4/6K
6/6K
6K uploaded  (ij-platform-macosx-2.0-20120328.034954-553.jar)
[INFO] Uploading project information for ij-platform-macosx 2.0-20120328.034954-553
Mar 27, 2012 10:50:51 PM org.apache.commons.httpclient.auth.AuthChallengeProcessor selectAuthScheme
INFO: basic authentication scheme selected
[INFO] Retrieving previous metadata from imagej.snapshots
[INFO] Uploading repository metadata for: 'artifact net.imagej:ij-platform-macosx'
Mar 27, 2012 10:50:51 PM org.apache.commons.httpclient.auth.AuthChallengeProcessor selectAuthScheme
INFO: basic authentication scheme selected
[INFO] Retrieving previous metadata from imagej.snapshots
[INFO] Uploading repository metadata for: 'snapshot net.imagej:ij-platform-macosx:2.0-SNAPSHOT'
Mar 27, 2012 10:50:52 PM org.apache.commons.httpclient.auth.AuthChallengeProcessor selectAuthScheme
INFO: basic authentication scheme selected
[INFO] ------------------------------------------------------------------------
[INFO] Building ImageJ POM: Swing UI
[INFO]    task-segment: [clean, deploy]
[INFO] ------------------------------------------------------------------------
[INFO] [clean:clean {execution: default-clean}]
[INFO] [site:attach-descriptor {execution: default-attach-descriptor}]
[INFO] [install:install {execution: default-install}]
[INFO] Installing /data/devel/jenkins/jobs/ImageJ/workspace/imagej/ui/awt-swing/swing/pom.xml to /var/lib/jenkins/.m2/repository/net/imagej/pom-ij-ui-swing/2.0-SNAPSHOT/pom-ij-ui-swing-2.0-SNAPSHOT.pom
[INFO] [deploy:deploy {execution: default-deploy}]
[INFO] Retrieving previous build number from imagej.snapshots
Uploading: <A HREF="http://maven.imagej.net/content/repositories/snapshots/net/imagej/pom-ij-ui-swing/2.0-SNAPSHOT/pom-ij-ui-swing-2.0-20120328.034954-376.pom">http://maven.imagej.net/content/repositories/snapshots/net/imagej/pom-ij-ui-swing/2.0-SNAPSHOT/pom-ij-ui-swing-2.0-20120328.034954-376.pom</A>
Mar 27, 2012 10:50:52 PM org.apache.commons.httpclient.auth.AuthChallengeProcessor selectAuthScheme
INFO: basic authentication scheme selected
1/1K
1K uploaded  (pom-ij-ui-swing-2.0-20120328.034954-376.pom)
[INFO] Retrieving previous metadata from imagej.snapshots
[INFO] Uploading repository metadata for: 'artifact net.imagej:pom-ij-ui-swing'
Mar 27, 2012 10:50:52 PM org.apache.commons.httpclient.auth.AuthChallengeProcessor selectAuthScheme
INFO: basic authentication scheme selected
[INFO] Retrieving previous metadata from imagej.snapshots
[INFO] Uploading repository metadata for: 'snapshot net.imagej:pom-ij-ui-swing:2.0-SNAPSHOT'
Mar 27, 2012 10:50:52 PM org.apache.commons.httpclient.auth.AuthChallengeProcessor selectAuthScheme
INFO: basic authentication scheme selected
[INFO] ------------------------------------------------------------------------
[INFO] Building ImageJ Extensibility Framework: Swing
[INFO]    task-segment: [clean, deploy]
[INFO] ------------------------------------------------------------------------
[INFO] [clean:clean {execution: default-clean}]
[INFO] Deleting /data/devel/jenkins/jobs/ImageJ/workspace/imagej/ui/awt-swing/swing/ext/target
[debug] execute contextualize
[INFO] [resources:resources {execution: default-resources}]
[INFO] Using 'UTF-8' encoding to copy filtered resources.
[INFO] skip non existing resourceDirectory /data/devel/jenkins/jobs/ImageJ/workspace/imagej/ui/awt-swing/swing/ext/src/main/resources
[WARNING] Overriding profile: 'null' (source: pom) with new instance from source: pom
[WARNING] Overriding profile: 'null' (source: pom) with new instance from source: pom
[WARNING] Overriding profile: 'null' (source: pom) with new instance from source: pom
[INFO] [compiler:compile {execution: default-compile}]
[INFO] Compiling 20 source files to /data/devel/jenkins/jobs/ImageJ/workspace/imagej/ui/awt-swing/swing/ext/target/classes
[debug] execute contextualize
[INFO] [resources:testResources {execution: default-testResources}]
[INFO] Using 'UTF-8' encoding to copy filtered resources.
[INFO] skip non existing resourceDirectory /data/devel/jenkins/jobs/ImageJ/workspace/imagej/ui/awt-swing/swing/ext/src/test/resources
[INFO] [compiler:testCompile {execution: default-testCompile}]
[INFO] No sources to compile
[INFO] [surefire:test {execution: default-test}]
[INFO] No tests to run.
[INFO] Surefire report directory: /data/devel/jenkins/jobs/ImageJ/workspace/imagej/ui/awt-swing/swing/ext/target/surefire-reports

-------------------------------------------------------
 T E S T S
-------------------------------------------------------

Results :

Tests run: 0, Failures: 0, Errors: 0, Skipped: 0

[INFO] [jar:jar {execution: default-jar}]
[INFO] Building jar: /data/devel/jenkins/jobs/ImageJ/workspace/imagej/ui/awt-swing/swing/ext/target/ij-ext-swing-2.0-SNAPSHOT.jar
[INFO] [install:install {execution: default-install}]
[INFO] Installing /data/devel/jenkins/jobs/ImageJ/workspace/imagej/ui/awt-swing/swing/ext/target/ij-ext-swing-2.0-SNAPSHOT.jar to /var/lib/jenkins/.m2/repository/net/imagej/ij-ext-swing/2.0-SNAPSHOT/ij-ext-swing-2.0-SNAPSHOT.jar
[INFO] [deploy:deploy {execution: default-deploy}]
[INFO] Retrieving previous build number from imagej.snapshots
Uploading: <A HREF="http://maven.imagej.net/content/repositories/snapshots/net/imagej/ij-ext-swing/2.0-SNAPSHOT/ij-ext-swing-2.0-20120328.034954-553.jar">http://maven.imagej.net/content/repositories/snapshots/net/imagej/ij-ext-swing/2.0-SNAPSHOT/ij-ext-swing-2.0-20120328.034954-553.jar</A>
Mar 27, 2012 10:50:53 PM org.apache.commons.httpclient.auth.AuthChallengeProcessor selectAuthScheme
INFO: basic authentication scheme selected
4/32K
8/32K
12/32K
16/32K
20/32K
24/32K
28/32K
32/32K
32/32K
32K uploaded  (ij-ext-swing-2.0-20120328.034954-553.jar)
[INFO] Uploading project information for ij-ext-swing 2.0-20120328.034954-553
Mar 27, 2012 10:50:54 PM org.apache.commons.httpclient.auth.AuthChallengeProcessor selectAuthScheme
INFO: basic authentication scheme selected
[INFO] Retrieving previous metadata from imagej.snapshots
[INFO] Uploading repository metadata for: 'artifact net.imagej:ij-ext-swing'
Mar 27, 2012 10:50:54 PM org.apache.commons.httpclient.auth.AuthChallengeProcessor selectAuthScheme
INFO: basic authentication scheme selected
[INFO] Retrieving previous metadata from imagej.snapshots
[INFO] Uploading repository metadata for: 'snapshot net.imagej:ij-ext-swing:2.0-SNAPSHOT'
Mar 27, 2012 10:50:54 PM org.apache.commons.httpclient.auth.AuthChallengeProcessor selectAuthScheme
INFO: basic authentication scheme selected
[INFO] ------------------------------------------------------------------------
[INFO] Building ImageJ UI: Common AWT Classes
[INFO]    task-segment: [clean, deploy]
[INFO] ------------------------------------------------------------------------
[INFO] [clean:clean {execution: default-clean}]
[INFO] Deleting /data/devel/jenkins/jobs/ImageJ/workspace/imagej/ui/awt-swing/common/target
[debug] execute contextualize
[INFO] [resources:resources {execution: default-resources}]
[INFO] Using 'UTF-8' encoding to copy filtered resources.
[INFO] skip non existing resourceDirectory /data/devel/jenkins/jobs/ImageJ/workspace/imagej/ui/awt-swing/common/src/main/resources
[INFO] [compiler:compile {execution: default-compile}]
[INFO] Compiling 6 source files to /data/devel/jenkins/jobs/ImageJ/workspace/imagej/ui/awt-swing/common/target/classes
[debug] execute contextualize
[INFO] [resources:testResources {execution: default-testResources}]
[INFO] Using 'UTF-8' encoding to copy filtered resources.
[INFO] skip non existing resourceDirectory /data/devel/jenkins/jobs/ImageJ/workspace/imagej/ui/awt-swing/common/src/test/resources
[INFO] [compiler:testCompile {execution: default-testCompile}]
[INFO] No sources to compile
[INFO] [surefire:test {execution: default-test}]
[INFO] No tests to run.
[INFO] Surefire report directory: /data/devel/jenkins/jobs/ImageJ/workspace/imagej/ui/awt-swing/common/target/surefire-reports

-------------------------------------------------------
 T E S T S
-------------------------------------------------------

Results :

Tests run: 0, Failures: 0, Errors: 0, Skipped: 0

[INFO] [jar:jar {execution: default-jar}]
[INFO] Building jar: /data/devel/jenkins/jobs/ImageJ/workspace/imagej/ui/awt-swing/common/target/ij-ui-common-awt-2.0-SNAPSHOT.jar
[INFO] [install:install {execution: default-install}]
[INFO] Installing /data/devel/jenkins/jobs/ImageJ/workspace/imagej/ui/awt-swing/common/target/ij-ui-common-awt-2.0-SNAPSHOT.jar to /var/lib/jenkins/.m2/repository/net/imagej/ij-ui-common-awt/2.0-SNAPSHOT/ij-ui-common-awt-2.0-SNAPSHOT.jar
[INFO] [deploy:deploy {execution: default-deploy}]
[INFO] Retrieving previous build number from imagej.snapshots
Uploading: <A HREF="http://maven.imagej.net/content/repositories/snapshots/net/imagej/ij-ui-common-awt/2.0-SNAPSHOT/ij-ui-common-awt-2.0-20120328.034954-553.jar">http://maven.imagej.net/content/repositories/snapshots/net/imagej/ij-ui-common-awt/2.0-SNAPSHOT/ij-ui-common-awt-2.0-20120328.034954-553.jar</A>
Mar 27, 2012 10:50:55 PM org.apache.commons.httpclient.auth.AuthChallengeProcessor selectAuthScheme
INFO: basic authentication scheme selected
4/15K
8/15K
12/15K
15/15K
15K uploaded  (ij-ui-common-awt-2.0-20120328.034954-553.jar)
[INFO] Retrieving previous metadata from imagej.snapshots
[INFO] Uploading repository metadata for: 'artifact net.imagej:ij-ui-common-awt'
Mar 27, 2012 10:50:56 PM org.apache.commons.httpclient.auth.AuthChallengeProcessor selectAuthScheme
INFO: basic authentication scheme selected
[INFO] Uploading project information for ij-ui-common-awt 2.0-20120328.034954-553
Mar 27, 2012 10:50:56 PM org.apache.commons.httpclient.auth.AuthChallengeProcessor selectAuthScheme
INFO: basic authentication scheme selected
[INFO] Retrieving previous metadata from imagej.snapshots
[INFO] Uploading repository metadata for: 'snapshot net.imagej:ij-ui-common-awt:2.0-SNAPSHOT'
Mar 27, 2012 10:50:56 PM org.apache.commons.httpclient.auth.AuthChallengeProcessor selectAuthScheme
INFO: basic authentication scheme selected
[INFO] ------------------------------------------------------------------------
[INFO] Building ImageJ UI: Swing (base classes)
[INFO]    task-segment: [clean, deploy]
[INFO] ------------------------------------------------------------------------
[INFO] [clean:clean {execution: default-clean}]
[INFO] Deleting /data/devel/jenkins/jobs/ImageJ/workspace/imagej/ui/awt-swing/swing/ui-base/target
[debug] execute contextualize
[INFO] [resources:resources {execution: default-resources}]
[INFO] Using 'UTF-8' encoding to copy filtered resources.
[INFO] Copying 1 resource
[INFO] [compiler:compile {execution: default-compile}]
[INFO] Compiling 24 source files to /data/devel/jenkins/jobs/ImageJ/workspace/imagej/ui/awt-swing/swing/ui-base/target/classes
[INFO] -------------------------------------------------------------
[ERROR] COMPILATION ERROR : 
[INFO] -------------------------------------------------------------
[ERROR] OverlayCreatedListener.java:[42,50] reached end of file while parsing
[ERROR] FigureCreatedEvent.java:[68,2] reached end of file while parsing
[INFO] 2 errors 
[INFO] -------------------------------------------------------------
[INFO] ------------------------------------------------------------------------
[ERROR] BUILD FAILURE
[INFO] ------------------------------------------------------------------------
[INFO] Compilation failure

OverlayCreatedListener.java:[42,50] reached end of file while parsing
FigureCreatedEvent.java:[68,2] reached end of file while parsing

[INFO] ------------------------------------------------------------------------
[INFO] For more information, run Maven with the -e switch
[INFO] ------------------------------------------------------------------------
[INFO] Total time: 1 minute 7 seconds
[INFO] Finished at: Tue Mar 27 22:50:57 CDT 2012
[INFO] Final Memory: 133M/953M
[INFO] ------------------------------------------------------------------------
Archiving artifacts
Performance: No threshold configured for making the test unstable
Performance: No threshold configured for making the test failure
Performance: Recording JUnit reports '**/TEST-*.xml'
Performance: Parsing JUnit report file TEST-imagej.object.ObjectIndexTest.xml
Performance: Parsing JUnit report file TEST-imagej.util.ColorRGBTest.xml
Performance: Parsing JUnit report file TEST-imagej.util.FileUtilsTest.xml
Performance: Parsing JUnit report file TEST-imagej.util.UnitUtilsTest.xml
Performance: Parsing JUnit report file TEST-imagej.data.DatasetTest.xml
Performance: Parsing JUnit report file TEST-imagej.data.ExtentsTest.xml
Performance: Parsing JUnit report file TEST-imagej.data.PositionTest.xml
Performance: Parsing JUnit report file TEST-imagej.data.TestCursorSpeeds.xml
Performance: Parsing JUnit report file TEST-imagej.data.overlay.TestBinaryMaskOverlay.xml
Performance: Parsing JUnit report file TEST-imagej.ext.menu.ShadowMenuTest.xml
Performance: Parsing JUnit report file TEST-imagej.legacy.LegacyImageMapTest.xml
Performance: Parsing JUnit report file TEST-imagej.legacy.OverlayHarmonizerTest.xml
Performance: Parsing JUnit report file TEST-imagej.legacy.translate.LegacyUtilsTest.xml
Performance: Parsing JUnit report file TEST-imagej.updater.core.UpdaterTest.xml
Performance: File TEST-imagej.object.ObjectIndexTest.xml reported 0.0% of errors [SUCCESS]. Build status is: FAILURE
Performance: File TEST-imagej.util.ColorRGBTest.xml reported 0.0% of errors [SUCCESS]. Build status is: FAILURE
Performance: File TEST-imagej.util.FileUtilsTest.xml reported 0.0% of errors [SUCCESS]. Build status is: FAILURE
Performance: File TEST-imagej.util.UnitUtilsTest.xml reported 0.0% of errors [SUCCESS]. Build status is: FAILURE
Performance: File TEST-imagej.data.DatasetTest.xml reported 0.0% of errors [SUCCESS]. Build status is: FAILURE
Performance: File TEST-imagej.data.ExtentsTest.xml reported 0.0% of errors [SUCCESS]. Build status is: FAILURE
Performance: File TEST-imagej.data.PositionTest.xml reported 0.0% of errors [SUCCESS]. Build status is: FAILURE
Performance: File TEST-imagej.data.TestCursorSpeeds.xml reported 0.0% of errors [SUCCESS]. Build status is: FAILURE
Performance: File TEST-imagej.data.overlay.TestBinaryMaskOverlay.xml reported 0.0% of errors [SUCCESS]. Build status is: FAILURE
Performance: File TEST-imagej.ext.menu.ShadowMenuTest.xml reported 0.0% of errors [SUCCESS]. Build status is: FAILURE
Performance: File TEST-imagej.legacy.LegacyImageMapTest.xml reported 0.0% of errors [SUCCESS]. Build status is: FAILURE
Performance: File TEST-imagej.legacy.OverlayHarmonizerTest.xml reported 0.0% of errors [SUCCESS]. Build status is: FAILURE
Performance: File TEST-imagej.legacy.translate.LegacyUtilsTest.xml reported 0.0% of errors [SUCCESS]. Build status is: FAILURE
Performance: File TEST-imagej.updater.core.UpdaterTest.xml reported 0.0% of errors [SUCCESS]. Build status is: FAILURE

</PRE>





<!--endarticle-->
    <HR>
    <P><UL>
        <!--threads-->
	<LI>Previous message: <A HREF="000731.html">[ImageJ-devel] Jenkins build is back to normal :	Upload-IJ1-Into-Fiji #2
</A></li>
	<LI>Next message: <A HREF="000729.html">[ImageJ-devel] Build failed in Jenkins: ImageJ #2892
</A></li>
         <LI> <B>Messages sorted by:</B> 
              <a href="date.html#728">[ date ]</a>
              <a href="thread.html#728">[ thread ]</a>
              <a href="subject.html#728">[ subject ]</a>
              <a href="author.html#728">[ author ]</a>
         </LI>
       </UL>

<hr>
<a href="http://imagej.net/mailman/listinfo/imagej-devel">More information about the ImageJ-devel
mailing list</a><br>
</body></html>
