<!DOCTYPE HTML PUBLIC "-//W3C//DTD HTML 3.2//EN">
<HTML>
 <HEAD>
   <TITLE> [ImageJ-devel] Build failed in Jenkins: ImgLib #645
   </TITLE>
   <LINK REL="Index" HREF="index.html" >
   <LINK REL="made" HREF="mailto:imagej-devel%40imagej.net?Subject=Re%3A%20%5BImageJ-devel%5D%20Build%20failed%20in%20Jenkins%3A%20ImgLib%20%23645&In-Reply-To=%3C243315343.16.1332763449539.JavaMail.jenkins%40dev%3E">
   <META NAME="robots" CONTENT="index,nofollow">
   <META http-equiv="Content-Type" content="text/html; charset=us-ascii">
   <LINK REL="Previous"  HREF="000712.html">
   <LINK REL="Next"  HREF="000719.html">
 </HEAD>
 <BODY BGCOLOR="#ffffff">
   <H1>[ImageJ-devel] Build failed in Jenkins: ImgLib #645</H1>
    <B>jenkins at loci.wisc.edu</B> 
    <A HREF="mailto:imagej-devel%40imagej.net?Subject=Re%3A%20%5BImageJ-devel%5D%20Build%20failed%20in%20Jenkins%3A%20ImgLib%20%23645&In-Reply-To=%3C243315343.16.1332763449539.JavaMail.jenkins%40dev%3E"
       TITLE="[ImageJ-devel] Build failed in Jenkins: ImgLib #645">jenkins at loci.wisc.edu
       </A><BR>
    <I>Mon Mar 26 07:04:09 CDT 2012</I>
    <P><UL>
        <LI>Previous message: <A HREF="000712.html">[ImageJ-devel] Jenkins build is back to normal :	Synchronize-with-ImageJ1 #1396
</A></li>
        <LI>Next message: <A HREF="000719.html">[ImageJ-devel] Jenkins build is back to normal : ImgLib #646
</A></li>
         <LI> <B>Messages sorted by:</B> 
              <a href="date.html#716">[ date ]</a>
              <a href="thread.html#716">[ thread ]</a>
              <a href="subject.html#716">[ subject ]</a>
              <a href="author.html#716">[ author ]</a>
         </LI>
       </UL>
    <HR>  
<!--beginarticle-->
<PRE>See &lt;<A HREF="http://jenkins.imagej.net/job/ImgLib/645/changes">http://jenkins.imagej.net/job/ImgLib/645/changes</A>&gt;

Changes:

[Jean-Yves Tinevez] imglib1: DevUtil: added function to generate Image from arrays

[Jean-Yves Tinevez] imglib1: DevUtil: added function to generate Image from arrays

[Jean-Yves Tinevez] Perona &amp; Malik Anisotropic diffusion

[Jean-Yves Tinevez] Test for Anisotropic diffusion

[Jean-Yves Tinevez] Special cursors using physical coordinates as bounds

[Jean-Yves Tinevez] Regional finder

[Jean-Yves Tinevez] Special cursors: remove tests from java file to allow compiling

[Jean-Yves Tinevez] Anisotropic diffusion: move test to test folder

[Jean-Yves Tinevez] Gaussian peak fitter: fit n-D gaussians on peaks

[Jean-Yves Tinevez] PickImagePeaks: add a flag to allow border peaks to be found

[Jean-Yves Tinevez] imglib2/algo: Test performance of various iteration methods

------------------------------------------
[...truncated 256 lines...]
[INFO] skip non existing resourceDirectory /data/devel/jenkins/jobs/ImgLib/workspace/imglib1/algorithms/src/test/resources
[INFO] [compiler:testCompile {execution: default-testCompile}]
[INFO] Compiling 6 source files to /data/devel/jenkins/jobs/ImgLib/workspace/imglib1/algorithms/target/test-classes
[INFO] -------------------------------------------------------------
[ERROR] COMPILATION ERROR : 
[INFO] -------------------------------------------------------------
[ERROR] GaussianFitTestDrive.java:[3,9] package ij does not exist
[ERROR] GaussianFitTestDrive.java:[4,13] package ij.gui does not exist
[ERROR] GaussianFitTestDrive.java:[5,13] package ij.gui does not exist
[ERROR] AnistotropicDiffusion_TestDrive.java:[3,9] package ij does not exist
[ERROR] AnistotropicDiffusion_TestDrive.java:[4,9] package ij does not exist
[ERROR] AnistotropicDiffusion_TestDrive.java:[11,41] package mpicbg.imglib.image.display.imagej does not exist
[ERROR] GaussianFitTestDrive.java:[62,4] package ij does not exist
[ERROR] GaussianFitTestDrive.java:[63,8] cannot find symbol
symbol  : class ImagePlus
location: class GaussianFitTestDrive
[ERROR] GaussianFitTestDrive.java:[63,58] package mpicbg.imglib.image.display.imagej does not exist
[ERROR] GaussianFitTestDrive.java:[68,8] cannot find symbol
symbol  : class Overlay
location: class GaussianFitTestDrive
[ERROR] GaussianFitTestDrive.java:[68,30] cannot find symbol
symbol  : class Overlay
location: class GaussianFitTestDrive
[ERROR] GaussianFitTestDrive.java:[128,22] cannot find symbol
symbol: class EllipseRoi
						overlay.add(new EllipseRoi(x1, y1, x2, y2, ar));
[ERROR] AnistotropicDiffusion_TestDrive.java:[20,4] package ij does not exist
[ERROR] AnistotropicDiffusion_TestDrive.java:[22,2] cannot find symbol
symbol  : class ImagePlus
location: class AnistotropicDiffusion_TestDrive
[ERROR] AnistotropicDiffusion_TestDrive.java:[22,18] cannot find symbol
symbol  : variable IJ
location: class AnistotropicDiffusion_TestDrive
[ERROR] AnistotropicDiffusion_TestDrive.java:[24,37] cannot find symbol
symbol  : variable ImageJFunctions
location: class AnistotropicDiffusion_TestDrive
[INFO] 16 errors 
[INFO] -------------------------------------------------------------
[INFO] ------------------------------------------------------------------------
[ERROR] BUILD FAILURE
[INFO] ------------------------------------------------------------------------
[INFO] Compilation failure

GaussianFitTestDrive.java:[3,9] package ij does not exist
GaussianFitTestDrive.java:[4,13] package ij.gui does not exist
GaussianFitTestDrive.java:[5,13] package ij.gui does not exist
AnistotropicDiffusion_TestDrive.java:[3,9] package ij does not exist
AnistotropicDiffusion_TestDrive.java:[4,9] package ij does not exist
AnistotropicDiffusion_TestDrive.java:[11,41] package mpicbg.imglib.image.display.imagej does not exist
GaussianFitTestDrive.java:[62,4] package ij does not exist
GaussianFitTestDrive.java:[63,8] cannot find symbol
symbol  : class ImagePlus
location: class GaussianFitTestDrive
GaussianFitTestDrive.java:[63,58] package mpicbg.imglib.image.display.imagej does not exist
GaussianFitTestDrive.java:[68,8] cannot find symbol
symbol  : class Overlay
location: class GaussianFitTestDrive
GaussianFitTestDrive.java:[68,30] cannot find symbol
symbol  : class Overlay
location: class GaussianFitTestDrive
GaussianFitTestDrive.java:[128,22] cannot find symbol
symbol: class EllipseRoi
						overlay.add(new EllipseRoi(x1, y1, x2, y2, ar));
AnistotropicDiffusion_TestDrive.java:[20,4] package ij does not exist
AnistotropicDiffusion_TestDrive.java:[22,2] cannot find symbol
symbol  : class ImagePlus
location: class AnistotropicDiffusion_TestDrive
AnistotropicDiffusion_TestDrive.java:[22,18] cannot find symbol
symbol  : variable IJ
location: class AnistotropicDiffusion_TestDrive
AnistotropicDiffusion_TestDrive.java:[24,37] cannot find symbol
symbol  : variable ImageJFunctions
location: class AnistotropicDiffusion_TestDrive

[INFO] ------------------------------------------------------------------------
[INFO] For more information, run Maven with the -e switch
[INFO] ------------------------------------------------------------------------
[INFO] Total time: 17 seconds
[INFO] Finished at: Mon Mar 26 07:04:06 CDT 2012
[INFO] Final Memory: 60M/1013M
[INFO] ------------------------------------------------------------------------
Archiving artifacts
Performance: No threshold configured for making the test unstable
Performance: No threshold configured for making the test failure
Performance: Recording JUnit reports '**/TEST-*.xml'
Performance: Parsing JUnit report file TEST-tests.BasicTest.xml
Performance: Parsing JUnit report file TEST-tests.TestSortedGrayLevelIterator.xml
Performance: Parsing JUnit report file TEST-tests.labeling.LabelingTest.xml
Performance: Parsing JUnit report file TEST-SquareTest.xml
Performance: Parsing JUnit report file TEST-imglib.ops.Rev2FunctionalIdeasTest.xml
Performance: Parsing JUnit report file TEST-script.imglib.test.TestPlot.xml
Performance: Parsing JUnit report file TEST-net.imglib2.algorithm.kdtree.VolumetricSearchTest.xml
Performance: Parsing JUnit report file TEST-tests.labeling.AllConnectedComponentsTest.xml
Performance: Parsing JUnit report file TEST-tests.labeling.WatershedTest.xml
Performance: Parsing JUnit report file TEST-net.imglib2.IterableIntervalSubsetTest.xml
Performance: Parsing JUnit report file TEST-net.imglib2.PointTest.xml
Performance: Parsing JUnit report file TEST-net.imglib2.RealPointTest.xml
Performance: Parsing JUnit report file TEST-net.imglib2.TestAbstractRealLocalizable.xml
Performance: Parsing JUnit report file TEST-net.imglib2.collection.RealPointSampleListTest.xml
Performance: Parsing JUnit report file TEST-net.imglib2.img.cell.CellContainerFactoryTest.xml
Performance: Parsing JUnit report file TEST-net.imglib2.img.cell.CellContainerTest.xml
Performance: Parsing JUnit report file TEST-net.imglib2.img.cell.CellCursorTest.xml
Performance: Parsing JUnit report file TEST-net.imglib2.img.cell.CellTest.xml
Performance: Parsing JUnit report file TEST-net.imglib2.img.cell.CopyTest.xml
Performance: Parsing JUnit report file TEST-net.imglib2.img.list.CopyTest.xml
Performance: Parsing JUnit report file TEST-net.imglib2.img.planar.CopyTest.xml
Performance: Parsing JUnit report file TEST-net.imglib2.img.transform.ImgTranslationAdapterTest.xml
Performance: Parsing JUnit report file TEST-net.imglib2.nearestneighbor.KDTreeTest.xml
Performance: Parsing JUnit report file TEST-net.imglib2.nearestneighbor.NearestNeighborSearchOnIterableRealIntervalTest.xml
Performance: Parsing JUnit report file TEST-net.imglib2.outofbounds.OutOfBoundsMirrorDoubleBoundaryTest.xml
Performance: Parsing JUnit report file TEST-net.imglib2.outofbounds.OutOfBoundsMirrorSingleBoundaryTest.xml
Performance: Parsing JUnit report file TEST-net.imglib2.outofbounds.OutOfBoundsPeriodicTest.xml
Performance: Parsing JUnit report file TEST-net.imglib2.position.transform.FloorOffsetTest.xml
Performance: Parsing JUnit report file TEST-net.imglib2.roi.BinaryMaskRegionOfInterestTest.xml
Performance: Parsing JUnit report file TEST-net.imglib2.roi.CompositeRegionOfInterestTest.xml
Performance: Parsing JUnit report file TEST-net.imglib2.roi.EllipseRegionOfInterestTest.xml
Performance: Parsing JUnit report file TEST-net.imglib2.roi.PolygonRegionOfInterestTest.xml
Performance: Parsing JUnit report file TEST-net.imglib2.roi.RectangleRegionOfInterestTest.xml
Performance: Parsing JUnit report file TEST-net.imglib2.sampler.special.TestConstantRandomAccessible.xml
Performance: Parsing JUnit report file TEST-net.imglib2.sampler.special.TestConstantRealRandomAccessible.xml
Performance: Parsing JUnit report file TEST-net.imglib2.util.ImgUtilTest.xml
Performance: Parsing JUnit report file TEST-net.imglib2.util.KthElementTest.xml
Performance: Parsing JUnit report file TEST-net.imglib2.util.PartitionTest.xml
Performance: Parsing JUnit report file TEST-net.imglib2.view.RandomAccessTest.xml
Performance: Parsing JUnit report file TEST-net.imglib2.view.RandomAccessibleIntervalCursorTest.xml
Performance: Parsing JUnit report file TEST-net.imglib2.view.SequentializeTransformTest.xml
Performance: Parsing JUnit report file TEST-tests.BasicTest.xml
Performance: Parsing JUnit report file TEST-tests.labeling.LabelingOutOfBoundsTest.xml
Performance: Parsing JUnit report file TEST-tests.labeling.LabelingTest.xml
Performance: Parsing JUnit report file TEST-tests.roi.TestAbstractRegionOfInterest.xml
Performance: Parsing JUnit report file TEST-net.imglib2.img.ImgTest.xml
Performance: Parsing JUnit report file TEST-net.imglib2.io.img.virtual.VirtualImgTest.xml
Performance: Parsing JUnit report file TEST-net.imglib2.ops.example.Example10Test.xml
Performance: Parsing JUnit report file TEST-net.imglib2.ops.example.Example11Test.xml
Performance: Parsing JUnit report file TEST-net.imglib2.ops.example.Example12Test.xml
Performance: Parsing JUnit report file TEST-net.imglib2.ops.example.Example1Test.xml
Performance: Parsing JUnit report file TEST-net.imglib2.ops.example.Example2Test.xml
Performance: Parsing JUnit report file TEST-net.imglib2.ops.example.Example3Test.xml
Performance: Parsing JUnit report file TEST-net.imglib2.ops.example.Example4Test.xml
Performance: Parsing JUnit report file TEST-net.imglib2.ops.example.Example5Test.xml
Performance: Parsing JUnit report file TEST-net.imglib2.ops.example.Example6Test.xml
Performance: Parsing JUnit report file TEST-net.imglib2.ops.example.Example7Test.xml
Performance: Parsing JUnit report file TEST-net.imglib2.ops.example.Example8Test.xml
Performance: Parsing JUnit report file TEST-net.imglib2.ops.example.Example9Test.xml
Performance: Parsing JUnit report file TEST-net.imglib2.ops.operation.binary.bool.BinaryAndNotTest.xml
Performance: Parsing JUnit report file TEST-net.imglib2.ops.operation.binary.bool.BinaryXorTest.xml
Performance: Parsing JUnit report file TEST-net.imglib2.ops.operation.binary.complex.ComplexAddTest.xml
Performance: Parsing JUnit report file TEST-net.imglib2.ops.operation.binary.complex.ComplexAvgTest.xml
Performance: Parsing JUnit report file TEST-net.imglib2.ops.operation.binary.complex.ComplexCopyLeftTest.xml
Performance: Parsing JUnit report file TEST-net.imglib2.ops.operation.binary.complex.ComplexCopyRightTest.xml
Performance: Parsing JUnit report file TEST-net.imglib2.ops.operation.binary.complex.ComplexDifferenceTest.xml
Performance: Parsing JUnit report file TEST-net.imglib2.ops.operation.binary.complex.ComplexDivideTest.xml
Performance: Parsing JUnit report file TEST-net.imglib2.ops.operation.binary.complex.ComplexMultiplyTest.xml
Performance: Parsing JUnit report file TEST-net.imglib2.ops.operation.binary.complex.ComplexPowerTest.xml
Performance: Parsing JUnit report file TEST-net.imglib2.ops.operation.binary.complex.ComplexSubtractTest.xml
Performance: Parsing JUnit report file TEST-net.imglib2.ops.operation.unary.complex.ComplexExpTest.xml
Performance: Parsing JUnit report file TEST-net.imglib2.ops.operation.unary.complex.ComplexIntegerPowerTest.xml
Performance: Parsing JUnit report file TEST-net.imglib2.ops.operation.unary.complex.ComplexLogTest.xml
Performance: Parsing JUnit report file TEST-net.imglib2.ops.operation.unary.complex.ComplexReciprocalTest.xml
Performance: Parsing JUnit report file TEST-script.imglib.test.TestExtend.xml
Performance: Parsing JUnit report file TEST-script.imglib.test.TestIntegralImage.xml
Performance: Parsing JUnit report file TEST-script.imglib.test.TestIntegralImagePerformance.xml
Performance: Parsing JUnit report file TEST-script.imglib.test.TestReduce.xml
Performance: Parsing JUnit report file TEST-script.imglib.test.TestTransformations.xml
Performance: Parsing JUnit report file TEST-net.imglib2.view.MixedTransformConcatenateTest.xml
Performance: Parsing JUnit report file TEST-net.imglib2.view.SlicingTransformConcatenateTest.xml
Performance: Parsing JUnit report file TEST-net.imglib2.view.TranslationTransformConcatenateTest.xml
Performance: File TEST-tests.BasicTest.xml reported 0.0% of errors [SUCCESS]. Build status is: FAILURE
Performance: File TEST-tests.TestSortedGrayLevelIterator.xml reported 0.0% of errors [SUCCESS]. Build status is: FAILURE
Performance: File TEST-tests.labeling.LabelingTest.xml reported 0.0% of errors [SUCCESS]. Build status is: FAILURE
Performance: File TEST-SquareTest.xml reported 0.0% of errors [SUCCESS]. Build status is: FAILURE
Performance: File TEST-imglib.ops.Rev2FunctionalIdeasTest.xml reported 0.0% of errors [SUCCESS]. Build status is: FAILURE
Performance: File TEST-script.imglib.test.TestPlot.xml reported 0.0% of errors [SUCCESS]. Build status is: FAILURE
Performance: File TEST-net.imglib2.algorithm.kdtree.VolumetricSearchTest.xml reported 0.0% of errors [SUCCESS]. Build status is: FAILURE
Performance: File TEST-tests.labeling.AllConnectedComponentsTest.xml reported 0.0% of errors [SUCCESS]. Build status is: FAILURE
Performance: File TEST-tests.labeling.WatershedTest.xml reported 0.0% of errors [SUCCESS]. Build status is: FAILURE
Performance: File TEST-net.imglib2.IterableIntervalSubsetTest.xml reported 0.0% of errors [SUCCESS]. Build status is: FAILURE
Performance: File TEST-net.imglib2.PointTest.xml reported 0.0% of errors [SUCCESS]. Build status is: FAILURE
Performance: File TEST-net.imglib2.RealPointTest.xml reported 0.0% of errors [SUCCESS]. Build status is: FAILURE
Performance: File TEST-net.imglib2.TestAbstractRealLocalizable.xml reported 0.0% of errors [SUCCESS]. Build status is: FAILURE
Performance: File TEST-net.imglib2.collection.RealPointSampleListTest.xml reported 0.0% of errors [SUCCESS]. Build status is: FAILURE
Performance: File TEST-net.imglib2.img.cell.CellContainerFactoryTest.xml reported 0.0% of errors [SUCCESS]. Build status is: FAILURE
Performance: File TEST-net.imglib2.img.cell.CellContainerTest.xml reported 0.0% of errors [SUCCESS]. Build status is: FAILURE
Performance: File TEST-net.imglib2.img.cell.CellCursorTest.xml reported 0.0% of errors [SUCCESS]. Build status is: FAILURE
Performance: File TEST-net.imglib2.img.cell.CellTest.xml reported 0.0% of errors [SUCCESS]. Build status is: FAILURE
Performance: File TEST-net.imglib2.img.cell.CopyTest.xml reported 0.0% of errors [SUCCESS]. Build status is: FAILURE
Performance: File TEST-net.imglib2.img.list.CopyTest.xml reported 0.0% of errors [SUCCESS]. Build status is: FAILURE
Performance: File TEST-net.imglib2.img.planar.CopyTest.xml reported 0.0% of errors [SUCCESS]. Build status is: FAILURE
Performance: File TEST-net.imglib2.img.transform.ImgTranslationAdapterTest.xml reported 0.0% of errors [SUCCESS]. Build status is: FAILURE
Performance: File TEST-net.imglib2.nearestneighbor.KDTreeTest.xml reported 0.0% of errors [SUCCESS]. Build status is: FAILURE
Performance: File TEST-net.imglib2.nearestneighbor.NearestNeighborSearchOnIterableRealIntervalTest.xml reported 0.0% of errors [SUCCESS]. Build status is: FAILURE
Performance: File TEST-net.imglib2.outofbounds.OutOfBoundsMirrorDoubleBoundaryTest.xml reported 0.0% of errors [SUCCESS]. Build status is: FAILURE
Performance: File TEST-net.imglib2.outofbounds.OutOfBoundsMirrorSingleBoundaryTest.xml reported 0.0% of errors [SUCCESS]. Build status is: FAILURE
Performance: File TEST-net.imglib2.outofbounds.OutOfBoundsPeriodicTest.xml reported 0.0% of errors [SUCCESS]. Build status is: FAILURE
Performance: File TEST-net.imglib2.position.transform.FloorOffsetTest.xml reported 0.0% of errors [SUCCESS]. Build status is: FAILURE
Performance: File TEST-net.imglib2.roi.BinaryMaskRegionOfInterestTest.xml reported 0.0% of errors [SUCCESS]. Build status is: FAILURE
Performance: File TEST-net.imglib2.roi.CompositeRegionOfInterestTest.xml reported 0.0% of errors [SUCCESS]. Build status is: FAILURE
Performance: File TEST-net.imglib2.roi.EllipseRegionOfInterestTest.xml reported 0.0% of errors [SUCCESS]. Build status is: FAILURE
Performance: File TEST-net.imglib2.roi.PolygonRegionOfInterestTest.xml reported 0.0% of errors [SUCCESS]. Build status is: FAILURE
Performance: File TEST-net.imglib2.roi.RectangleRegionOfInterestTest.xml reported 0.0% of errors [SUCCESS]. Build status is: FAILURE
Performance: File TEST-net.imglib2.sampler.special.TestConstantRandomAccessible.xml reported 0.0% of errors [SUCCESS]. Build status is: FAILURE
Performance: File TEST-net.imglib2.sampler.special.TestConstantRealRandomAccessible.xml reported 0.0% of errors [SUCCESS]. Build status is: FAILURE
Performance: File TEST-net.imglib2.util.ImgUtilTest.xml reported 0.0% of errors [SUCCESS]. Build status is: FAILURE
Performance: File TEST-net.imglib2.util.KthElementTest.xml reported 0.0% of errors [SUCCESS]. Build status is: FAILURE
Performance: File TEST-net.imglib2.util.PartitionTest.xml reported 0.0% of errors [SUCCESS]. Build status is: FAILURE
Performance: File TEST-net.imglib2.view.RandomAccessTest.xml reported 0.0% of errors [SUCCESS]. Build status is: FAILURE
Performance: File TEST-net.imglib2.view.RandomAccessibleIntervalCursorTest.xml reported 0.0% of errors [SUCCESS]. Build status is: FAILURE
Performance: File TEST-net.imglib2.view.SequentializeTransformTest.xml reported 0.0% of errors [SUCCESS]. Build status is: FAILURE
Performance: File TEST-tests.BasicTest.xml reported 0.0% of errors [SUCCESS]. Build status is: FAILURE
Performance: File TEST-tests.labeling.LabelingOutOfBoundsTest.xml reported 0.0% of errors [SUCCESS]. Build status is: FAILURE
Performance: File TEST-tests.labeling.LabelingTest.xml reported 0.0% of errors [SUCCESS]. Build status is: FAILURE
Performance: File TEST-tests.roi.TestAbstractRegionOfInterest.xml reported 0.0% of errors [SUCCESS]. Build status is: FAILURE
Performance: File TEST-net.imglib2.img.ImgTest.xml reported 0.0% of errors [SUCCESS]. Build status is: FAILURE
Performance: File TEST-net.imglib2.io.img.virtual.VirtualImgTest.xml reported 0.0% of errors [SUCCESS]. Build status is: FAILURE
Performance: File TEST-net.imglib2.ops.example.Example10Test.xml reported 0.0% of errors [SUCCESS]. Build status is: FAILURE
Performance: File TEST-net.imglib2.ops.example.Example11Test.xml reported 0.0% of errors [SUCCESS]. Build status is: FAILURE
Performance: File TEST-net.imglib2.ops.example.Example12Test.xml reported 0.0% of errors [SUCCESS]. Build status is: FAILURE
Performance: File TEST-net.imglib2.ops.example.Example1Test.xml reported 0.0% of errors [SUCCESS]. Build status is: FAILURE
Performance: File TEST-net.imglib2.ops.example.Example2Test.xml reported 0.0% of errors [SUCCESS]. Build status is: FAILURE
Performance: File TEST-net.imglib2.ops.example.Example3Test.xml reported 0.0% of errors [SUCCESS]. Build status is: FAILURE
Performance: File TEST-net.imglib2.ops.example.Example4Test.xml reported 0.0% of errors [SUCCESS]. Build status is: FAILURE
Performance: File TEST-net.imglib2.ops.example.Example5Test.xml reported 0.0% of errors [SUCCESS]. Build status is: FAILURE
Performance: File TEST-net.imglib2.ops.example.Example6Test.xml reported 0.0% of errors [SUCCESS]. Build status is: FAILURE
Performance: File TEST-net.imglib2.ops.example.Example7Test.xml reported 0.0% of errors [SUCCESS]. Build status is: FAILURE
Performance: File TEST-net.imglib2.ops.example.Example8Test.xml reported 0.0% of errors [SUCCESS]. Build status is: FAILURE
Performance: File TEST-net.imglib2.ops.example.Example9Test.xml reported 0.0% of errors [SUCCESS]. Build status is: FAILURE
Performance: File TEST-net.imglib2.ops.operation.binary.bool.BinaryAndNotTest.xml reported 0.0% of errors [SUCCESS]. Build status is: FAILURE
Performance: File TEST-net.imglib2.ops.operation.binary.bool.BinaryXorTest.xml reported 0.0% of errors [SUCCESS]. Build status is: FAILURE
Performance: File TEST-net.imglib2.ops.operation.binary.complex.ComplexAddTest.xml reported 0.0% of errors [SUCCESS]. Build status is: FAILURE
Performance: File TEST-net.imglib2.ops.operation.binary.complex.ComplexAvgTest.xml reported 0.0% of errors [SUCCESS]. Build status is: FAILURE
Performance: File TEST-net.imglib2.ops.operation.binary.complex.ComplexCopyLeftTest.xml reported 0.0% of errors [SUCCESS]. Build status is: FAILURE
Performance: File TEST-net.imglib2.ops.operation.binary.complex.ComplexCopyRightTest.xml reported 0.0% of errors [SUCCESS]. Build status is: FAILURE
Performance: File TEST-net.imglib2.ops.operation.binary.complex.ComplexDifferenceTest.xml reported 0.0% of errors [SUCCESS]. Build status is: FAILURE
Performance: File TEST-net.imglib2.ops.operation.binary.complex.ComplexDivideTest.xml reported 0.0% of errors [SUCCESS]. Build status is: FAILURE
Performance: File TEST-net.imglib2.ops.operation.binary.complex.ComplexMultiplyTest.xml reported 0.0% of errors [SUCCESS]. Build status is: FAILURE
Performance: File TEST-net.imglib2.ops.operation.binary.complex.ComplexPowerTest.xml reported 0.0% of errors [SUCCESS]. Build status is: FAILURE
Performance: File TEST-net.imglib2.ops.operation.binary.complex.ComplexSubtractTest.xml reported 0.0% of errors [SUCCESS]. Build status is: FAILURE
Performance: File TEST-net.imglib2.ops.operation.unary.complex.ComplexExpTest.xml reported 0.0% of errors [SUCCESS]. Build status is: FAILURE
Performance: File TEST-net.imglib2.ops.operation.unary.complex.ComplexIntegerPowerTest.xml reported 0.0% of errors [SUCCESS]. Build status is: FAILURE
Performance: File TEST-net.imglib2.ops.operation.unary.complex.ComplexLogTest.xml reported 0.0% of errors [SUCCESS]. Build status is: FAILURE
Performance: File TEST-net.imglib2.ops.operation.unary.complex.ComplexReciprocalTest.xml reported 0.0% of errors [SUCCESS]. Build status is: FAILURE
Performance: File TEST-script.imglib.test.TestExtend.xml reported 0.0% of errors [SUCCESS]. Build status is: FAILURE
Performance: File TEST-script.imglib.test.TestIntegralImage.xml reported 0.0% of errors [SUCCESS]. Build status is: FAILURE
Performance: File TEST-script.imglib.test.TestIntegralImagePerformance.xml reported 0.0% of errors [SUCCESS]. Build status is: FAILURE
Performance: File TEST-script.imglib.test.TestReduce.xml reported 0.0% of errors [SUCCESS]. Build status is: FAILURE
Performance: File TEST-script.imglib.test.TestTransformations.xml reported 0.0% of errors [SUCCESS]. Build status is: FAILURE
Performance: File TEST-net.imglib2.view.MixedTransformConcatenateTest.xml reported 0.0% of errors [SUCCESS]. Build status is: FAILURE
Performance: File TEST-net.imglib2.view.SlicingTransformConcatenateTest.xml reported 0.0% of errors [SUCCESS]. Build status is: FAILURE
Performance: File TEST-net.imglib2.view.TranslationTransformConcatenateTest.xml reported 0.0% of errors [SUCCESS]. Build status is: FAILURE

</PRE>






<!--endarticle-->
    <HR>
    <P><UL>
        <!--threads-->
	<LI>Previous message: <A HREF="000712.html">[ImageJ-devel] Jenkins build is back to normal :	Synchronize-with-ImageJ1 #1396
</A></li>
	<LI>Next message: <A HREF="000719.html">[ImageJ-devel] Jenkins build is back to normal : ImgLib #646
</A></li>
         <LI> <B>Messages sorted by:</B> 
              <a href="date.html#716">[ date ]</a>
              <a href="thread.html#716">[ thread ]</a>
              <a href="subject.html#716">[ subject ]</a>
              <a href="author.html#716">[ author ]</a>
         </LI>
       </UL>

<hr>
<a href="http://imagej.net/mailman/listinfo/imagej-devel">More information about the ImageJ-devel
mailing list</a><br>
</body></html>
