<!DOCTYPE HTML PUBLIC "-//W3C//DTD HTML 3.2//EN">
<HTML>
 <HEAD>
   <TITLE> [ImageJ-devel] Build failed in Jenkins: ImageJ #2903
   </TITLE>
   <LINK REL="Index" HREF="index.html" >
   <LINK REL="made" HREF="mailto:imagej-devel%40imagej.net?Subject=Re%3A%20%5BImageJ-devel%5D%20Build%20failed%20in%20Jenkins%3A%20ImageJ%20%232903&In-Reply-To=%3C1166955136.18.1333057434417.JavaMail.jenkins%40dev%3E">
   <META NAME="robots" CONTENT="index,nofollow">
   <META http-equiv="Content-Type" content="text/html; charset=us-ascii">
   <LINK REL="Previous"  HREF="000739.html">
   <LINK REL="Next"  HREF="000740.html">
 </HEAD>
 <BODY BGCOLOR="#ffffff">
   <H1>[ImageJ-devel] Build failed in Jenkins: ImageJ #2903</H1>
    <B>jenkins at loci.wisc.edu</B> 
    <A HREF="mailto:imagej-devel%40imagej.net?Subject=Re%3A%20%5BImageJ-devel%5D%20Build%20failed%20in%20Jenkins%3A%20ImageJ%20%232903&In-Reply-To=%3C1166955136.18.1333057434417.JavaMail.jenkins%40dev%3E"
       TITLE="[ImageJ-devel] Build failed in Jenkins: ImageJ #2903">jenkins at loci.wisc.edu
       </A><BR>
    <I>Thu Mar 29 16:43:54 CDT 2012</I>
    <P><UL>
        <LI>Previous message: <A HREF="000739.html">[ImageJ-devel] Jenkins build is back to normal : ImgLib #654
</A></li>
        <LI>Next message: <A HREF="000740.html">[ImageJ-devel] Build failed in Jenkins: ImageJ #2904
</A></li>
         <LI> <B>Messages sorted by:</B> 
              <a href="date.html#737">[ date ]</a>
              <a href="thread.html#737">[ thread ]</a>
              <a href="subject.html#737">[ subject ]</a>
              <a href="author.html#737">[ author ]</a>
         </LI>
       </UL>
    <HR>  
<!--beginarticle-->
<PRE>See &lt;<A HREF="http://jenkins.imagej.net/job/ImageJ/2903/changes">http://jenkins.imagej.net/job/ImageJ/2903/changes</A>&gt;

Changes:

[Mark Hiner] Added support for ImgSaver#isCompressible

The SaveAsImage plugin now takes advantage of ImgSaver#isCompressible to
check its ImgPlus for potential compression requirements (of unknown
Axes of size &gt; 2).

If compression will be required, which necessitates a change in the
ImgPlus structure, the user will be warned and provided a YES/NO dialog
option.

[Mark Hiner] SaveAs now Warns when overwriting

Previously a QUESTION type message was displayed to the user when
potentially overwriting an existing file. It now is a WARN type message.

[Mark Hiner] Added label to SaveAs dialog

The SaveAs... dialog box now says &quot;File to save&quot; instead of &quot;OutputFile&quot;
with no space.

[Mark Hiner] Save/Open Image display proper Error messages

When the Open and SaveAs plug-ins are handling errors, they now display
ERROR_MESSAGE type messages instead of the default type.

[Mark Hiner] Added initializer to SaveAsImage

To avoid persisting the Save paths in SaveAsImage plugin, we set the
File parameter to persist = false and instead use an initializer to
attempt to pull in the ImgPlus's source, if present.

[Mark Hiner] On errors, display dialog after logging

In case there is an exception during dialog display, we log first and
then display the errors received in the SaveAsImage plugin.

[Mark Hiner] Display errors on UI

OpenImage and SaveAsImage plug-ins now display caught error messages via
uiService.showDialog() when handling exceptions.

[Mark Hiner] Added AbstractImageHandler

AbstractImageHandler is a parent for OpenImage and SaveAsImage plug-ins.
It contains the StatusListener#statusUpdated() implementation that can
be shared between these and other plug-ins.

[Mark Hiner] Updated OpenImage plugin to use ome.scifio.img.*

Updated references from net.imglib2.io to ome.scifio.img for ImgOpener
and ImgIOException.

[Mark Hiner] Added StatusUpdates to SaveAsImage

The SaveAsImage plugin will now report status messages, following the
same conventions as the OpenImage plugin.

Note that SaveImage does not report statuses as it always delegates to
SaveAsImage.

------------------------------------------
[...truncated 354 lines...]
ignore - localizing cursor : elapsed time = 252
ignore - localizing cursor : elapsed time = 245
ignore - localizing cursor : elapsed time = 245
ignore - localizing cursor : elapsed time = 245
localizing cursor : elapsed time = 245
ignore - regular cursor : elapsed time = 318
ignore - regular cursor : elapsed time = 295
ignore - regular cursor : elapsed time = 296
ignore - regular cursor : elapsed time = 294
ignore - regular cursor : elapsed time = 326
regular cursor : elapsed time = 293
Tests run: 1, Failures: 0, Errors: 0, Skipped: 0, Time elapsed: 3.403 sec
Running imagej.data.DatasetTest
[INFO ] Created service: imagej.event.DefaultEventService
[INFO ] Created service: imagej.object.DefaultObjectService
[INFO ] Created service: imagej.data.DefaultDatasetService
[INFO ] Created service: imagej.event.DefaultEventService
[INFO ] Created service: imagej.object.DefaultObjectService
[INFO ] Created service: imagej.data.DefaultDatasetService
Tests run: 1, Failures: 0, Errors: 0, Skipped: 0, Time elapsed: 0.018 sec

Results :

Tests run: 46, Failures: 0, Errors: 0, Skipped: 0

[INFO] [jar:jar {execution: default-jar}]
[INFO] Building jar: /data/devel/jenkins/jobs/ImageJ/workspace/imagej/core/data/target/ij-data-2.0-SNAPSHOT.jar
[INFO] [install:install {execution: default-install}]
[INFO] Installing /data/devel/jenkins/jobs/ImageJ/workspace/imagej/core/data/target/ij-data-2.0-SNAPSHOT.jar to /var/lib/jenkins/.m2/repository/net/imagej/ij-data/2.0-SNAPSHOT/ij-data-2.0-SNAPSHOT.jar
[INFO] [deploy:deploy {execution: default-deploy}]
[INFO] Retrieving previous build number from imagej.snapshots
Uploading: <A HREF="http://maven.imagej.net/content/repositories/snapshots/net/imagej/ij-data/2.0-SNAPSHOT/ij-data-2.0-20120329.214333-588.jar">http://maven.imagej.net/content/repositories/snapshots/net/imagej/ij-data/2.0-SNAPSHOT/ij-data-2.0-20120329.214333-588.jar</A>
Mar 29, 2012 4:43:48 PM org.apache.commons.httpclient.auth.AuthChallengeProcessor selectAuthScheme
INFO: basic authentication scheme selected
4/103K
8/103K
12/103K
16/103K
20/103K
24/103K
28/103K
32/103K
36/103K
40/103K
44/103K
48/103K
52/103K
56/103K
60/103K
64/103K
68/103K
72/103K
76/103K
80/103K
84/103K
88/103K
92/103K
96/103K
100/103K
103/103K
103K uploaded  (ij-data-2.0-20120329.214333-588.jar)
[INFO] Retrieving previous metadata from imagej.snapshots
[INFO] Uploading repository metadata for: 'artifact net.imagej:ij-data'
Mar 29, 2012 4:43:49 PM org.apache.commons.httpclient.auth.AuthChallengeProcessor selectAuthScheme
INFO: basic authentication scheme selected
[INFO] Uploading project information for ij-data 2.0-20120329.214333-588
Mar 29, 2012 4:43:49 PM org.apache.commons.httpclient.auth.AuthChallengeProcessor selectAuthScheme
INFO: basic authentication scheme selected
[INFO] Retrieving previous metadata from imagej.snapshots
[INFO] Uploading repository metadata for: 'snapshot net.imagej:ij-data:2.0-SNAPSHOT'
Mar 29, 2012 4:43:49 PM org.apache.commons.httpclient.auth.AuthChallengeProcessor selectAuthScheme
INFO: basic authentication scheme selected
[INFO] ------------------------------------------------------------------------
[INFO] Building ImageJ Platform Framework
[INFO]    task-segment: [clean, deploy]
[INFO] ------------------------------------------------------------------------
[INFO] [clean:clean {execution: default-clean}]
[INFO] Deleting /data/devel/jenkins/jobs/ImageJ/workspace/imagej/core/platform/target
[debug] execute contextualize
[INFO] [resources:resources {execution: default-resources}]
[INFO] Using 'UTF-8' encoding to copy filtered resources.
[INFO] skip non existing resourceDirectory /data/devel/jenkins/jobs/ImageJ/workspace/imagej/core/platform/src/main/resources
[INFO] [compiler:compile {execution: default-compile}]
[INFO] Compiling 19 source files to /data/devel/jenkins/jobs/ImageJ/workspace/imagej/core/platform/target/classes
[debug] execute contextualize
[INFO] [resources:testResources {execution: default-testResources}]
[INFO] Using 'UTF-8' encoding to copy filtered resources.
[INFO] skip non existing resourceDirectory /data/devel/jenkins/jobs/ImageJ/workspace/imagej/core/platform/src/test/resources
[INFO] [compiler:testCompile {execution: default-testCompile}]
[INFO] No sources to compile
[INFO] [surefire:test {execution: default-test}]
[INFO] No tests to run.
[INFO] Surefire report directory: /data/devel/jenkins/jobs/ImageJ/workspace/imagej/core/platform/target/surefire-reports

-------------------------------------------------------
 T E S T S
-------------------------------------------------------

Results :

Tests run: 0, Failures: 0, Errors: 0, Skipped: 0

[INFO] [jar:jar {execution: default-jar}]
[INFO] Building jar: /data/devel/jenkins/jobs/ImageJ/workspace/imagej/core/platform/target/ij-platform-2.0-SNAPSHOT.jar
[INFO] [install:install {execution: default-install}]
[INFO] Installing /data/devel/jenkins/jobs/ImageJ/workspace/imagej/core/platform/target/ij-platform-2.0-SNAPSHOT.jar to /var/lib/jenkins/.m2/repository/net/imagej/ij-platform/2.0-SNAPSHOT/ij-platform-2.0-SNAPSHOT.jar
[INFO] [deploy:deploy {execution: default-deploy}]
[INFO] Retrieving previous build number from imagej.snapshots
Uploading: <A HREF="http://maven.imagej.net/content/repositories/snapshots/net/imagej/ij-platform/2.0-SNAPSHOT/ij-platform-2.0-20120329.214333-588.jar">http://maven.imagej.net/content/repositories/snapshots/net/imagej/ij-platform/2.0-SNAPSHOT/ij-platform-2.0-20120329.214333-588.jar</A>
Mar 29, 2012 4:43:50 PM org.apache.commons.httpclient.auth.AuthChallengeProcessor selectAuthScheme
INFO: basic authentication scheme selected
4/15K
8/15K
12/15K
15/15K
15K uploaded  (ij-platform-2.0-20120329.214333-588.jar)
[INFO] Retrieving previous metadata from imagej.snapshots
[INFO] Uploading repository metadata for: 'snapshot net.imagej:ij-platform:2.0-SNAPSHOT'
Mar 29, 2012 4:43:50 PM org.apache.commons.httpclient.auth.AuthChallengeProcessor selectAuthScheme
INFO: basic authentication scheme selected
[INFO] Retrieving previous metadata from imagej.snapshots
[INFO] Uploading repository metadata for: 'artifact net.imagej:ij-platform'
Mar 29, 2012 4:43:50 PM org.apache.commons.httpclient.auth.AuthChallengeProcessor selectAuthScheme
INFO: basic authentication scheme selected
[INFO] Uploading project information for ij-platform 2.0-20120329.214333-588
Mar 29, 2012 4:43:50 PM org.apache.commons.httpclient.auth.AuthChallengeProcessor selectAuthScheme
INFO: basic authentication scheme selected
[INFO] ------------------------------------------------------------------------
[INFO] Building ImageJ User Interface Framework
[INFO]    task-segment: [clean, deploy]
[INFO] ------------------------------------------------------------------------
[INFO] [clean:clean {execution: default-clean}]
[INFO] Deleting /data/devel/jenkins/jobs/ImageJ/workspace/imagej/core/ui/target
[debug] execute contextualize
[INFO] [resources:resources {execution: default-resources}]
[INFO] Using 'UTF-8' encoding to copy filtered resources.
[INFO] skip non existing resourceDirectory /data/devel/jenkins/jobs/ImageJ/workspace/imagej/core/ui/src/main/resources
[INFO] [compiler:compile {execution: default-compile}]
[INFO] Compiling 12 source files to /data/devel/jenkins/jobs/ImageJ/workspace/imagej/core/ui/target/classes
[debug] execute contextualize
[INFO] [resources:testResources {execution: default-testResources}]
[INFO] Using 'UTF-8' encoding to copy filtered resources.
[INFO] skip non existing resourceDirectory /data/devel/jenkins/jobs/ImageJ/workspace/imagej/core/ui/src/test/resources
[INFO] [compiler:testCompile {execution: default-testCompile}]
[INFO] No sources to compile
[INFO] [surefire:test {execution: default-test}]
[INFO] No tests to run.
[INFO] Surefire report directory: /data/devel/jenkins/jobs/ImageJ/workspace/imagej/core/ui/target/surefire-reports

-------------------------------------------------------
 T E S T S
-------------------------------------------------------

Results :

Tests run: 0, Failures: 0, Errors: 0, Skipped: 0

[INFO] [jar:jar {execution: default-jar}]
[INFO] Building jar: /data/devel/jenkins/jobs/ImageJ/workspace/imagej/core/ui/target/ij-ui-2.0-SNAPSHOT.jar
[INFO] [install:install {execution: default-install}]
[INFO] Installing /data/devel/jenkins/jobs/ImageJ/workspace/imagej/core/ui/target/ij-ui-2.0-SNAPSHOT.jar to /var/lib/jenkins/.m2/repository/net/imagej/ij-ui/2.0-SNAPSHOT/ij-ui-2.0-SNAPSHOT.jar
[INFO] [deploy:deploy {execution: default-deploy}]
[INFO] Retrieving previous build number from imagej.snapshots
Uploading: <A HREF="http://maven.imagej.net/content/repositories/snapshots/net/imagej/ij-ui/2.0-SNAPSHOT/ij-ui-2.0-20120329.214333-588.jar">http://maven.imagej.net/content/repositories/snapshots/net/imagej/ij-ui/2.0-SNAPSHOT/ij-ui-2.0-20120329.214333-588.jar</A>
Mar 29, 2012 4:43:52 PM org.apache.commons.httpclient.auth.AuthChallengeProcessor selectAuthScheme
INFO: basic authentication scheme selected
4/15K
8/15K
12/15K
15/15K
15K uploaded  (ij-ui-2.0-20120329.214333-588.jar)
[INFO] Retrieving previous metadata from imagej.snapshots
[INFO] Uploading repository metadata for: 'snapshot net.imagej:ij-ui:2.0-SNAPSHOT'
Mar 29, 2012 4:43:52 PM org.apache.commons.httpclient.auth.AuthChallengeProcessor selectAuthScheme
INFO: basic authentication scheme selected
[INFO] Uploading project information for ij-ui 2.0-20120329.214333-588
Mar 29, 2012 4:43:52 PM org.apache.commons.httpclient.auth.AuthChallengeProcessor selectAuthScheme
INFO: basic authentication scheme selected
[INFO] Retrieving previous metadata from imagej.snapshots
[INFO] Uploading repository metadata for: 'artifact net.imagej:ij-ui'
Mar 29, 2012 4:43:53 PM org.apache.commons.httpclient.auth.AuthChallengeProcessor selectAuthScheme
INFO: basic authentication scheme selected
[INFO] ------------------------------------------------------------------------
[INFO] Building ImageJ Core: I/O
[INFO]    task-segment: [clean, deploy]
[INFO] ------------------------------------------------------------------------
[INFO] [clean:clean {execution: default-clean}]
[INFO] Deleting /data/devel/jenkins/jobs/ImageJ/workspace/imagej/core/io/target
[debug] execute contextualize
[INFO] [resources:resources {execution: default-resources}]
[INFO] Using 'UTF-8' encoding to copy filtered resources.
[INFO] Copying 3 resources
[INFO] [compiler:compile {execution: default-compile}]
[INFO] Compiling 11 source files to /data/devel/jenkins/jobs/ImageJ/workspace/imagej/core/io/target/classes
[INFO] -------------------------------------------------------------
[ERROR] COMPILATION ERROR : 
[INFO] -------------------------------------------------------------
[ERROR] SaveAsImage.java:[113,21] cannot find symbol
symbol  : method isCompressible(net.imglib2.img.ImgPlus)
location: class ome.scifio.img.ImgSaver
[INFO] 1 error
[INFO] -------------------------------------------------------------
[INFO] ------------------------------------------------------------------------
[ERROR] BUILD FAILURE
[INFO] ------------------------------------------------------------------------
[INFO] Compilation failure
SaveAsImage.java:[113,21] cannot find symbol
symbol  : method isCompressible(net.imglib2.img.ImgPlus)
location: class ome.scifio.img.ImgSaver

[INFO] ------------------------------------------------------------------------
[INFO] For more information, run Maven with the -e switch
[INFO] ------------------------------------------------------------------------
[INFO] Total time: 25 seconds
[INFO] Finished at: Thu Mar 29 16:43:53 CDT 2012
[INFO] Final Memory: 85M/1470M
[INFO] ------------------------------------------------------------------------
Archiving artifacts
Performance: No threshold configured for making the test unstable
Performance: No threshold configured for making the test failure
Performance: Recording JUnit reports '**/TEST-*.xml'
Performance: Parsing JUnit report file TEST-imagej.object.ObjectIndexTest.xml
Performance: Parsing JUnit report file TEST-imagej.util.ColorRGBTest.xml
Performance: Parsing JUnit report file TEST-imagej.util.FileUtilsTest.xml
Performance: Parsing JUnit report file TEST-imagej.util.UnitUtilsTest.xml
Performance: Parsing JUnit report file TEST-imagej.data.DatasetTest.xml
Performance: Parsing JUnit report file TEST-imagej.data.ExtentsTest.xml
Performance: Parsing JUnit report file TEST-imagej.data.PositionTest.xml
Performance: Parsing JUnit report file TEST-imagej.data.TestCursorSpeeds.xml
Performance: Parsing JUnit report file TEST-imagej.data.overlay.TestBinaryMaskOverlay.xml
Performance: Parsing JUnit report file TEST-imagej.ext.menu.ShadowMenuTest.xml
Performance: Parsing JUnit report file TEST-imagej.legacy.LegacyImageMapTest.xml
Performance: Parsing JUnit report file TEST-imagej.legacy.OverlayHarmonizerTest.xml
Performance: Parsing JUnit report file TEST-imagej.legacy.translate.LegacyUtilsTest.xml
Performance: Parsing JUnit report file TEST-imagej.updater.core.UpdaterTest.xml
Performance: File TEST-imagej.object.ObjectIndexTest.xml reported 0.0% of errors [SUCCESS]. Build status is: FAILURE
Performance: File TEST-imagej.util.ColorRGBTest.xml reported 0.0% of errors [SUCCESS]. Build status is: FAILURE
Performance: File TEST-imagej.util.FileUtilsTest.xml reported 0.0% of errors [SUCCESS]. Build status is: FAILURE
Performance: File TEST-imagej.util.UnitUtilsTest.xml reported 0.0% of errors [SUCCESS]. Build status is: FAILURE
Performance: File TEST-imagej.data.DatasetTest.xml reported 0.0% of errors [SUCCESS]. Build status is: FAILURE
Performance: File TEST-imagej.data.ExtentsTest.xml reported 0.0% of errors [SUCCESS]. Build status is: FAILURE
Performance: File TEST-imagej.data.PositionTest.xml reported 0.0% of errors [SUCCESS]. Build status is: FAILURE
Performance: File TEST-imagej.data.TestCursorSpeeds.xml reported 0.0% of errors [SUCCESS]. Build status is: FAILURE
Performance: File TEST-imagej.data.overlay.TestBinaryMaskOverlay.xml reported 0.0% of errors [SUCCESS]. Build status is: FAILURE
Performance: File TEST-imagej.ext.menu.ShadowMenuTest.xml reported 0.0% of errors [SUCCESS]. Build status is: FAILURE
Performance: File TEST-imagej.legacy.LegacyImageMapTest.xml reported 0.0% of errors [SUCCESS]. Build status is: FAILURE
Performance: File TEST-imagej.legacy.OverlayHarmonizerTest.xml reported 0.0% of errors [SUCCESS]. Build status is: FAILURE
Performance: File TEST-imagej.legacy.translate.LegacyUtilsTest.xml reported 0.0% of errors [SUCCESS]. Build status is: FAILURE
Performance: File TEST-imagej.updater.core.UpdaterTest.xml reported 0.0% of errors [SUCCESS]. Build status is: FAILURE

</PRE>







<!--endarticle-->
    <HR>
    <P><UL>
        <!--threads-->
	<LI>Previous message: <A HREF="000739.html">[ImageJ-devel] Jenkins build is back to normal : ImgLib #654
</A></li>
	<LI>Next message: <A HREF="000740.html">[ImageJ-devel] Build failed in Jenkins: ImageJ #2904
</A></li>
         <LI> <B>Messages sorted by:</B> 
              <a href="date.html#737">[ date ]</a>
              <a href="thread.html#737">[ thread ]</a>
              <a href="subject.html#737">[ subject ]</a>
              <a href="author.html#737">[ author ]</a>
         </LI>
       </UL>

<hr>
<a href="http://imagej.net/mailman/listinfo/imagej-devel">More information about the ImageJ-devel
mailing list</a><br>
</body></html>
