<!DOCTYPE HTML PUBLIC "-//W3C//DTD HTML 3.2//EN">
<HTML>
 <HEAD>
   <TITLE> [ImageJ-devel] Build failed in Jenkins: ImageJ #2908
   </TITLE>
   <LINK REL="Index" HREF="index.html" >
   <LINK REL="made" HREF="mailto:imagej-devel%40imagej.net?Subject=Re%3A%20%5BImageJ-devel%5D%20Build%20failed%20in%20Jenkins%3A%20ImageJ%20%232908&In-Reply-To=%3C334422188.29.1333115594618.JavaMail.jenkins%40dev%3E">
   <META NAME="robots" CONTENT="index,nofollow">
   <META http-equiv="Content-Type" content="text/html; charset=us-ascii">
   <LINK REL="Previous"  HREF="000743.html">
   <LINK REL="Next"  HREF="000747.html">
 </HEAD>
 <BODY BGCOLOR="#ffffff">
   <H1>[ImageJ-devel] Build failed in Jenkins: ImageJ #2908</H1>
    <B>jenkins at loci.wisc.edu</B> 
    <A HREF="mailto:imagej-devel%40imagej.net?Subject=Re%3A%20%5BImageJ-devel%5D%20Build%20failed%20in%20Jenkins%3A%20ImageJ%20%232908&In-Reply-To=%3C334422188.29.1333115594618.JavaMail.jenkins%40dev%3E"
       TITLE="[ImageJ-devel] Build failed in Jenkins: ImageJ #2908">jenkins at loci.wisc.edu
       </A><BR>
    <I>Fri Mar 30 08:53:14 CDT 2012</I>
    <P><UL>
        <LI>Previous message: <A HREF="000743.html">[ImageJ-devel] Jenkins build is back to normal : ImageJ #2907
</A></li>
        <LI>Next message: <A HREF="000747.html">[ImageJ-devel] Build failed in Jenkins: ImageJ #2909
</A></li>
         <LI> <B>Messages sorted by:</B> 
              <a href="date.html#744">[ date ]</a>
              <a href="thread.html#744">[ thread ]</a>
              <a href="subject.html#744">[ subject ]</a>
              <a href="author.html#744">[ author ]</a>
         </LI>
       </UL>
    <HR>  
<!--beginarticle-->
<PRE>See &lt;<A HREF="http://jenkins.imagej.net/job/ImageJ/2908/changes">http://jenkins.imagej.net/job/ImageJ/2908/changes</A>&gt;

Changes:

[Barry DeZonia] Add a new about image

------------------------------------------
[...truncated 1124 lines...]
347/1091K
351/1091K
355/1091K
359/1091K
363/1091K
367/1091K
371/1091K
375/1091K
379/1091K
383/1091K
387/1091K
391/1091K
395/1091K
399/1091K
403/1091K
407/1091K
411/1091K
415/1091K
419/1091K
423/1091K
427/1091K
431/1091K
435/1091K
439/1091K
443/1091K
447/1091K
451/1091K
455/1091K
459/1091K
463/1091K
467/1091K
471/1091K
475/1091K
479/1091K
483/1091K
487/1091K
491/1091K
495/1091K
499/1091K
503/1091K
507/1091K
511/1091K
515/1091K
519/1091K
523/1091K
527/1091K
531/1091K
535/1091K
539/1091K
543/1091K
547/1091K
551/1091K
555/1091K
559/1091K
563/1091K
567/1091K
571/1091K
575/1091K
579/1091K
583/1091K
587/1091K
591/1091K
595/1091K
599/1091K
603/1091K
607/1091K
611/1091K
615/1091K
619/1091K
623/1091K
627/1091K
631/1091K
635/1091K
639/1091K
643/1091K
647/1091K
651/1091K
655/1091K
659/1091K
663/1091K
667/1091K
671/1091K
675/1091K
679/1091K
683/1091K
687/1091K
691/1091K
695/1091K
699/1091K
703/1091K
707/1091K
711/1091K
715/1091K
719/1091K
723/1091K
727/1091K
731/1091K
735/1091K
739/1091K
743/1091K
747/1091K
751/1091K
755/1091K
759/1091K
763/1091K
767/1091K
771/1091K
775/1091K
779/1091K
783/1091K
787/1091K
791/1091K
795/1091K
799/1091K
803/1091K
807/1091K
811/1091K
815/1091K
819/1091K
823/1091K
827/1091K
831/1091K
835/1091K
839/1091K
843/1091K
847/1091K
851/1091K
855/1091K
859/1091K
863/1091K
867/1091K
871/1091K
875/1091K
879/1091K
883/1091K
887/1091K
891/1091K
895/1091K
899/1091K
903/1091K
907/1091K
911/1091K
915/1091K
919/1091K
923/1091K
927/1091K
931/1091K
935/1091K
939/1091K
943/1091K
947/1091K
951/1091K
955/1091K
959/1091K
963/1091K
967/1091K
971/1091K
975/1091K
979/1091K
983/1091K
987/1091K
991/1091K
995/1091K
999/1091K
1003/1091K
1007/1091K
1011/1091K
1015/1091K
1019/1091K
1023/1091K
1027/1091K
1031/1091K
1035/1091K
1039/1091K
1043/1091K
1047/1091K
1051/1091K
1055/1091K
1059/1091K
1063/1091K
1067/1091K
1071/1091K
1075/1091K
1079/1091K
1083/1091K
1087/1091K
1091/1091K
1091/1091K
1091K downloaded  (jai_imageio-4.4-20120330.112206-98.jar)
Downloading: <A HREF="http://dev.loci.wisc.edu/maven2/snapshots/loci/lwf-stubs/4.4-SNAPSHOT/lwf-stubs-4.4-20120330.112316-98.jar">http://dev.loci.wisc.edu/maven2/snapshots/loci/lwf-stubs/4.4-SNAPSHOT/lwf-stubs-4.4-20120330.112316-98.jar</A>
2/2K
2K downloaded  (lwf-stubs-4.4-20120330.112316-98.jar)
[INFO] [compiler:compile {execution: default-compile}]
[INFO] Compiling 11 source files to /data/devel/jenkins/jobs/ImageJ/workspace/imagej/core/io/target/classes
[INFO] -------------------------------------------------------------
[ERROR] COMPILATION ERROR : 
[INFO] -------------------------------------------------------------
[ERROR] SaveAsImage.java:[114,18] cannot find symbol
symbol  : method isCompressible(net.imglib2.img.ImgPlus)
location: class ome.scifio.img.ImgSaver
[INFO] 1 error
[INFO] -------------------------------------------------------------
[INFO] ------------------------------------------------------------------------
[ERROR] BUILD FAILURE
[INFO] ------------------------------------------------------------------------
[INFO] Compilation failure
SaveAsImage.java:[114,18] cannot find symbol
symbol  : method isCompressible(net.imglib2.img.ImgPlus)
location: class ome.scifio.img.ImgSaver

[INFO] ------------------------------------------------------------------------
[INFO] For more information, run Maven with the -e switch
[INFO] ------------------------------------------------------------------------
[INFO] Total time: 42 seconds
[INFO] Finished at: Fri Mar 30 08:53:13 CDT 2012
[INFO] Final Memory: 88M/1469M
[INFO] ------------------------------------------------------------------------
Archiving artifacts
Performance: No threshold configured for making the test unstable
Performance: No threshold configured for making the test failure
Performance: Recording JUnit reports '**/TEST-*.xml'
Performance: Parsing JUnit report file TEST-imagej.object.ObjectIndexTest.xml
Performance: Parsing JUnit report file TEST-imagej.util.ColorRGBTest.xml
Performance: Parsing JUnit report file TEST-imagej.util.FileUtilsTest.xml
Performance: Parsing JUnit report file TEST-imagej.util.UnitUtilsTest.xml
Performance: Parsing JUnit report file TEST-imagej.data.DatasetTest.xml
Performance: Parsing JUnit report file TEST-imagej.data.ExtentsTest.xml
Performance: Parsing JUnit report file TEST-imagej.data.PositionTest.xml
Performance: Parsing JUnit report file TEST-imagej.data.TestCursorSpeeds.xml
Performance: Parsing JUnit report file TEST-imagej.data.overlay.TestBinaryMaskOverlay.xml
Performance: Parsing JUnit report file TEST-imagej.ext.menu.ShadowMenuTest.xml
Performance: Parsing JUnit report file TEST-imagej.legacy.LegacyImageMapTest.xml
Performance: Parsing JUnit report file TEST-imagej.legacy.OverlayHarmonizerTest.xml
Performance: Parsing JUnit report file TEST-imagej.legacy.translate.LegacyUtilsTest.xml
Performance: Parsing JUnit report file TEST-imagej.updater.core.UpdaterTest.xml
Performance: File TEST-imagej.object.ObjectIndexTest.xml reported 0.0% of errors [SUCCESS]. Build status is: FAILURE
Performance: File TEST-imagej.util.ColorRGBTest.xml reported 0.0% of errors [SUCCESS]. Build status is: FAILURE
Performance: File TEST-imagej.util.FileUtilsTest.xml reported 0.0% of errors [SUCCESS]. Build status is: FAILURE
Performance: File TEST-imagej.util.UnitUtilsTest.xml reported 0.0% of errors [SUCCESS]. Build status is: FAILURE
Performance: File TEST-imagej.data.DatasetTest.xml reported 0.0% of errors [SUCCESS]. Build status is: FAILURE
Performance: File TEST-imagej.data.ExtentsTest.xml reported 0.0% of errors [SUCCESS]. Build status is: FAILURE
Performance: File TEST-imagej.data.PositionTest.xml reported 0.0% of errors [SUCCESS]. Build status is: FAILURE
Performance: File TEST-imagej.data.TestCursorSpeeds.xml reported 0.0% of errors [SUCCESS]. Build status is: FAILURE
Performance: File TEST-imagej.data.overlay.TestBinaryMaskOverlay.xml reported 0.0% of errors [SUCCESS]. Build status is: FAILURE
Performance: File TEST-imagej.ext.menu.ShadowMenuTest.xml reported 0.0% of errors [SUCCESS]. Build status is: FAILURE
Performance: File TEST-imagej.legacy.LegacyImageMapTest.xml reported 0.0% of errors [SUCCESS]. Build status is: FAILURE
Performance: File TEST-imagej.legacy.OverlayHarmonizerTest.xml reported 0.0% of errors [SUCCESS]. Build status is: FAILURE
Performance: File TEST-imagej.legacy.translate.LegacyUtilsTest.xml reported 0.0% of errors [SUCCESS]. Build status is: FAILURE
Performance: File TEST-imagej.updater.core.UpdaterTest.xml reported 0.0% of errors [SUCCESS]. Build status is: FAILURE

</PRE>






<!--endarticle-->
    <HR>
    <P><UL>
        <!--threads-->
	<LI>Previous message: <A HREF="000743.html">[ImageJ-devel] Jenkins build is back to normal : ImageJ #2907
</A></li>
	<LI>Next message: <A HREF="000747.html">[ImageJ-devel] Build failed in Jenkins: ImageJ #2909
</A></li>
         <LI> <B>Messages sorted by:</B> 
              <a href="date.html#744">[ date ]</a>
              <a href="thread.html#744">[ thread ]</a>
              <a href="subject.html#744">[ subject ]</a>
              <a href="author.html#744">[ author ]</a>
         </LI>
       </UL>

<hr>
<a href="http://imagej.net/mailman/listinfo/imagej-devel">More information about the ImageJ-devel
mailing list</a><br>
</body></html>
