<!DOCTYPE HTML PUBLIC "-//W3C//DTD HTML 4.01 Transitional//EN">
<HTML>
 <HEAD>
   <TITLE> [ImageJ-builds] Build failed in Jenkins: ImageJ-launcher &#187; master #1000
   </TITLE>
   <LINK REL="Index" HREF="index.html" >
   <LINK REL="made" HREF="mailto:imagej-builds%40imagej.net?Subject=Re%3A%20%5BImageJ-builds%5D%20%3D%3Futf-8%3Fq%3FBuild_failed_in_Jenkins%3D3A_ImageJ-launc%3F%3D%0A%09%3D%3Futf-8%3Fq%3Fher_%3DC2%3DBB_master_%3D231000%3F%3D&In-Reply-To=%3C1691270776.34.1370316409508.JavaMail.jenkins%40dev%3E">
   <META NAME="robots" CONTENT="index,nofollow">
   <style type="text/css">
       pre {
           white-space: pre-wrap;       /* css-2.1, curent FF, Opera, Safari */
           }
   </style>
   <META http-equiv="Content-Type" content="text/html; charset=us-ascii">
   <LINK REL="Previous"  HREF="001973.html">
   <LINK REL="Next"  HREF="001967.html">
 </HEAD>
 <BODY BGCOLOR="#ffffff">
   <H1>[ImageJ-builds] Build failed in Jenkins: ImageJ-launcher &#187; master #1000</H1>
    <B>jenkins at imagej.net</B> 
    <A HREF="mailto:imagej-builds%40imagej.net?Subject=Re%3A%20%5BImageJ-builds%5D%20%3D%3Futf-8%3Fq%3FBuild_failed_in_Jenkins%3D3A_ImageJ-launc%3F%3D%0A%09%3D%3Futf-8%3Fq%3Fher_%3DC2%3DBB_master_%3D231000%3F%3D&In-Reply-To=%3C1691270776.34.1370316409508.JavaMail.jenkins%40dev%3E"
       TITLE="[ImageJ-builds] Build failed in Jenkins: ImageJ-launcher &#187; master #1000">jenkins at imagej.net
       </A><BR>
    <I>Mon Jun  3 22:26:49 CDT 2013</I>
    <P><UL>
        <LI>Previous message: <A HREF="001973.html">[ImageJ-builds] Build failed in Jenkins: ImageJ-launcher &#187; master #999
</A></li>
        <LI>Next message: <A HREF="001967.html">[ImageJ-builds] Build failed in Jenkins: ImageJ-launcher &#187; Windows #997
</A></li>
         <LI> <B>Messages sorted by:</B> 
              <a href="date.html#1976">[ date ]</a>
              <a href="thread.html#1976">[ thread ]</a>
              <a href="subject.html#1976">[ subject ]</a>
              <a href="author.html#1976">[ author ]</a>
         </LI>
       </UL>
    <HR>  
<!--beginarticle-->
<PRE>See &lt;<A HREF="http://jenkins.imagej.net/job/ImageJ-launcher/./label=master/1000/">http://jenkins.imagej.net/job/ImageJ-launcher/./label=master/1000/</A>&gt;

------------------------------------------
[...truncated 1335 lines...]
[DEBUG]       org.codehaus.plexus:plexus-utils:jar:1.5.15:runtime (removed - nearer found: 1.5.1)
[DEBUG]       classworlds:classworlds:jar:1.1:runtime (removed - nearer found: 1.1-alpha-2)
[DEBUG] Retrieving parent-POM: org.sonatype.spice:spice-parent:pom:12 for project: org.sonatype.plexus:plexus-sec-dispatcher:jar:1.3 from the repository.
[DEBUG] Retrieving parent-POM: org.sonatype.forge:forge-parent:pom:4 for project: org.sonatype.spice:spice-parent:pom:12 from the repository.
[DEBUG] Adding managed dependencies for org.sonatype.plexus:plexus-sec-dispatcher
[DEBUG]   org.codehaus.plexus:plexus-container-default:jar:1.0-beta-3.0.5:provided
[DEBUG]   org.codehaus.plexus:plexus-component-annotations:jar:1.0-beta-3.0.5:provided
[DEBUG]   org.codehaus.plexus:plexus-utils:jar:1.5.5
[DEBUG]   org.mortbay.jetty:jetty:jar:6.1.12
[DEBUG]   org.mortbay.jetty:jetty-client:jar:6.1.12
[DEBUG]   org.mortbay.jetty:jetty-util:jar:6.1.12
[DEBUG]   junit:junit:jar:4.5:test
[DEBUG]       org.sonatype.plexus:plexus-sec-dispatcher:jar:1.3:runtime (selected for runtime)
[DEBUG]         org.codehaus.plexus:plexus-utils:jar:1.5.5:runtime (removed - nearer found: 1.5.1)
[DEBUG] Adding managed dependencies for org.sonatype.plexus:plexus-cipher
[DEBUG]   org.codehaus.plexus:plexus-container-default:jar:1.0-beta-3.0.5:provided
[DEBUG]   org.codehaus.plexus:plexus-component-annotations:jar:1.0-beta-3.0.5:provided
[DEBUG]   org.codehaus.plexus:plexus-utils:jar:1.5.5
[DEBUG]   org.mortbay.jetty:jetty:jar:6.1.12
[DEBUG]   org.mortbay.jetty:jetty-client:jar:6.1.12
[DEBUG]   org.mortbay.jetty:jetty-util:jar:6.1.12
[DEBUG]   junit:junit:jar:4.5:test
[DEBUG]         org.sonatype.plexus:plexus-cipher:jar:1.4:runtime (selected for runtime)
[DEBUG]     org.apache.maven:maven-artifact:jar:2.2.1:runtime (removed - nearer found: 2.0.9)
[DEBUG]   org.apache.maven:maven-core:jar:2.2.1:runtime (selected for runtime)
[DEBUG]     org.apache.maven:maven-settings:jar:2.2.1:runtime (removed - nearer found: 2.0.9)
[DEBUG]     org.apache.maven.wagon:wagon-file:jar:1.0-beta-6:runtime (selected for runtime)
[DEBUG]       org.apache.maven.wagon:wagon-provider-api:jar:1.0-beta-6:runtime (removed - nearer found: 1.0-beta-2)
[DEBUG]     org.apache.maven:maven-plugin-parameter-documenter:jar:2.2.1:runtime (selected for runtime)
[DEBUG]       org.codehaus.plexus:plexus-utils:jar:1.5.15:runtime (removed - nearer found: 1.5.1)
[DEBUG]     org.apache.maven.wagon:wagon-http-lightweight:jar:1.0-beta-6:runtime (selected for runtime)
[DEBUG]       org.apache.maven.wagon:wagon-http-shared:jar:1.0-beta-6:runtime (selected for runtime)
[DEBUG]         nekohtml:xercesMinimal:jar:1.9.6.2:runtime (selected for runtime)
[DEBUG]         nekohtml:nekohtml:jar:1.9.6.2:runtime (selected for runtime)
[DEBUG]         org.apache.maven.wagon:wagon-provider-api:jar:1.0-beta-6:runtime (removed - nearer found: 1.0-beta-2)
[DEBUG]       org.apache.maven.wagon:wagon-provider-api:jar:1.0-beta-6:runtime (removed - nearer found: 1.0-beta-2)
[DEBUG]     org.apache.maven.wagon:wagon-http:jar:1.0-beta-6:runtime (selected for runtime)
[DEBUG]       org.apache.maven.wagon:wagon-provider-api:jar:1.0-beta-6:runtime (removed - nearer found: 1.0-beta-2)
[DEBUG]     org.apache.maven.wagon:wagon-webdav-jackrabbit:jar:1.0-beta-6:runtime (selected for runtime)
[DEBUG]       org.apache.jackrabbit:jackrabbit-webdav:jar:1.5.0:runtime (selected for runtime)
[DEBUG]         org.apache.jackrabbit:jackrabbit-jcr-commons:jar:1.5.0:runtime (selected for runtime)
[DEBUG]         org.slf4j:slf4j-api:jar:1.5.3:runtime (selected for runtime)
[DEBUG]         commons-httpclient:commons-httpclient:jar:3.0:runtime (selected for runtime)
[DEBUG]           commons-codec:commons-codec:jar:1.2:runtime (selected for runtime)
[DEBUG]       org.slf4j:slf4j-nop:jar:1.5.3:runtime (selected for runtime)
[DEBUG]       org.apache.maven.wagon:wagon-provider-api:jar:1.0-beta-6:runtime (removed - nearer found: 1.0-beta-2)
[DEBUG]     org.slf4j:slf4j-jdk14:jar:1.5.6:runtime (selected for runtime)
[DEBUG]       org.slf4j:slf4j-api:jar:1.5.3:runtime (removed - nearer found: 1.5.6)
[DEBUG]       org.slf4j:slf4j-api:jar:1.5.6:runtime (selected for runtime)
[DEBUG]     org.slf4j:jcl-over-slf4j:jar:1.5.6:runtime (selected for runtime)
[DEBUG]     org.apache.maven.reporting:maven-reporting-api:jar:2.2.1:runtime (selected for runtime)
[DEBUG]       org.apache.maven.doxia:doxia-sink-api:jar:1.1:runtime (selected for runtime)
[DEBUG]         org.apache.maven.doxia:doxia-logging-api:jar:1.1:runtime (selected for runtime)
[DEBUG]           org.codehaus.plexus:plexus-container-default:jar:1.0-alpha-30:runtime (removed - nearer found: 1.0-alpha-9-stable-1)
[DEBUG]       org.apache.maven.doxia:doxia-logging-api:jar:1.1:runtime (selected for runtime)
[DEBUG]         org.codehaus.plexus:plexus-container-default:jar:1.0-alpha-30:runtime (removed - nearer found: 1.0-alpha-9-stable-1)
[DEBUG]     org.apache.maven:maven-profile:jar:2.2.1:runtime (removed - nearer found: 2.0.9)
[DEBUG]     org.apache.maven:maven-model:jar:2.2.1:runtime (removed - nearer found: 2.0.9)
[DEBUG]     org.apache.maven:maven-artifact:jar:2.2.1:runtime (removed - nearer found: 2.0.9)
[DEBUG]     org.apache.maven.wagon:wagon-provider-api:jar:1.0-beta-2:runtime (removed - nearer found: 1.0-beta-6)
[DEBUG]     org.apache.maven.wagon:wagon-provider-api:jar:1.0-beta-6:runtime (selected for runtime)
[DEBUG]       org.codehaus.plexus:plexus-utils:jar:1.4.2:runtime (removed - nearer found: 1.5.1)
[DEBUG]     org.apache.maven:maven-repository-metadata:jar:2.0.9:runtime (removed - nearer found: 2.2.1)
[DEBUG]     org.apache.maven:maven-repository-metadata:jar:2.2.1:runtime (selected for runtime)
[DEBUG]       org.codehaus.plexus:plexus-utils:jar:1.5.15:runtime (removed - nearer found: 1.5.1)
[DEBUG]     org.apache.maven:maven-error-diagnostics:jar:2.2.1:runtime (selected for runtime)
[DEBUG]     org.apache.maven:maven-project:jar:2.2.1:runtime (removed - nearer found: 2.0.9)
[DEBUG]     commons-cli:commons-cli:jar:1.2:runtime (selected for runtime)
[DEBUG]     org.apache.maven:maven-plugin-api:jar:2.2.1:runtime (removed - nearer found: 2.0.9)
[DEBUG]     org.apache.maven.wagon:wagon-ssh-external:jar:1.0-beta-6:runtime (selected for runtime)
[DEBUG]       org.codehaus.plexus:plexus-utils:jar:1.4.2:runtime (removed - nearer found: 1.5.1)
[DEBUG]       org.apache.maven.wagon:wagon-ssh-common:jar:1.0-beta-6:runtime (selected for runtime)
[DEBUG]         org.codehaus.plexus:plexus-utils:jar:1.4.2:runtime (removed - nearer found: 1.5.1)
[DEBUG]         org.codehaus.plexus:plexus-interactivity-api:jar:1.0-alpha-6:runtime (selected for runtime)
[DEBUG]           org.codehaus.plexus:plexus-utils:jar:1.4:runtime (removed - nearer found: 1.5.1)
[DEBUG]     org.apache.maven:maven-plugin-descriptor:jar:2.2.1:runtime (selected for runtime)
[DEBUG]       org.apache.maven:maven-plugin-api:jar:2.2.1:runtime (removed - nearer found: 2.0.9)
[DEBUG]       org.apache.maven:maven-artifact:jar:2.2.1:runtime (removed - nearer found: 2.0.9)
[DEBUG]     org.codehaus.plexus:plexus-interactivity-api:jar:1.0-alpha-6:runtime (removed - nearer found: 1.0-alpha-4)
[DEBUG]     org.codehaus.plexus:plexus-interactivity-api:jar:1.0-alpha-4:runtime (selected for runtime)
[DEBUG]     org.apache.maven:maven-artifact-manager:jar:2.2.1:runtime (removed - nearer found: 2.0.9)
[DEBUG]     org.apache.maven:maven-monitor:jar:2.2.1:runtime (selected for runtime)
[DEBUG]     org.apache.maven.wagon:wagon-ssh:jar:1.0-beta-6:runtime (selected for runtime)
[DEBUG]       com.jcraft:jsch:jar:0.1.38:runtime (selected for runtime)
[DEBUG]       org.codehaus.plexus:plexus-utils:jar:1.4.2:runtime (removed - nearer found: 1.5.1)
[DEBUG]     org.codehaus.plexus:plexus-utils:jar:1.5.15:runtime (removed - nearer found: 1.5.1)
[DEBUG]     classworlds:classworlds:jar:1.1-alpha-2:runtime (removed - nearer found: 1.1)
[DEBUG]     classworlds:classworlds:jar:1.1:runtime (selected for runtime)
[DEBUG]     org.sonatype.plexus:plexus-sec-dispatcher:jar:1.3:runtime (selected for runtime)
[DEBUG]       org.codehaus.plexus:plexus-utils:jar:1.5.5:runtime (removed - nearer found: 1.5.1)
[DEBUG]       org.sonatype.plexus:plexus-cipher:jar:1.4:runtime (selected for runtime)
[DEBUG] Retrieving parent-POM: org.codehaus.plexus:plexus-containers:pom:1.5.4 for project: null:plexus-container-default:jar:null from the repository.
[DEBUG] Retrieving parent-POM: org.codehaus.plexus:plexus:pom:2.0.5 for project: null:plexus-containers:pom:1.5.4 from the repository.
[DEBUG] Adding managed dependencies for unknown:plexus-container-default
[DEBUG]   org.codehaus.plexus:plexus-container-default:jar:1.5.4
[DEBUG]   org.codehaus.plexus:plexus-component-annotations:jar:1.5.4
[DEBUG]   org.codehaus.plexus:plexus-component-metadata:jar:1.5.4
[DEBUG]   org.codehaus.plexus:plexus-classworlds:jar:2.2.2
[DEBUG]   org.codehaus.plexus:plexus-utils:jar:1.4.5
[DEBUG]   org.apache.xbean:xbean-reflect:jar:3.4
[DEBUG]   com.thoughtworks.qdox:qdox:jar:1.9.2
[DEBUG]   jdom:jdom:jar:1.0
[DEBUG]   org.apache.maven:maven-plugin-api:jar:2.0.9
[DEBUG]   org.apache.maven:maven-model:jar:2.0.9
[DEBUG]   org.apache.maven:maven-project:jar:2.0.9
[DEBUG]   com.google.collections:google-collections:jar:1.0
[DEBUG]   junit:junit:jar:3.8.2
[DEBUG]   org.codehaus.plexus:plexus-container-default:jar:1.0-alpha-9-stable-1:runtime (removed - nearer found: 1.5.4)
[DEBUG]   org.codehaus.plexus:plexus-container-default:jar:1.5.4:runtime (selected for runtime)
[DEBUG]     org.codehaus.plexus:plexus-utils:jar:1.4.5:runtime (removed - nearer found: 1.5.1)
[DEBUG] Retrieving parent-POM: org.codehaus.plexus:plexus:pom:2.0.3 for project: org.codehaus.plexus:plexus-classworlds:jar:2.2.2 from the repository.
[DEBUG]     org.codehaus.plexus:plexus-classworlds:jar:2.2.2:runtime (selected for runtime)
[DEBUG] Retrieving parent-POM: org.apache.xbean:xbean:pom:3.4 for project: null:xbean-reflect:bundle:null from the repository.
[DEBUG] Adding managed dependencies for unknown:xbean-reflect
[DEBUG]   ant:ant:jar:1.6.2
[DEBUG]   cglib:cglib-nodep:jar:2.1_2
[DEBUG]   commons-beanutils:commons-beanutils:jar:1.7.0
[DEBUG]   commons-logging:commons-logging:jar:1.0.3
[DEBUG]   groovy:groovy:jar:1.0-jsr-03
[DEBUG]   mx4j:mx4j:jar:3.0.1
[DEBUG]   org.springframework:spring-beans:jar:2.0.5
[DEBUG]   org.springframework:spring-context:jar:2.0.5
[DEBUG]   org.springframework:spring-web:jar:2.0.5
[DEBUG]   org.springframework:spring-jmx:jar:2.0.5
[DEBUG]   com.thoughtworks.qdox:qdox:jar:1.6.3
[DEBUG]     org.apache.xbean:xbean-reflect:jar:3.4:runtime (selected for runtime)
[DEBUG]       log4j:log4j:jar:1.2.12:runtime (selected for runtime)
[DEBUG]       commons-logging:commons-logging-api:jar:1.1:runtime (selected for runtime)
[DEBUG] Retrieving parent-POM: com.google:google:pom:1 for project: com.google.collections:google-collections:jar:1.0 from the repository.
[DEBUG]     com.google.collections:google-collections:jar:1.0:runtime (selected for runtime)
[DEBUG]     junit:junit:jar:3.8.2:runtime (selected for runtime)
[DEBUG] Retrieving parent-POM: org.codehaus.plexus:plexus-compiler:pom:1.8 for project: null:plexus-compiler-api:jar:null from the repository.
[DEBUG] Retrieving parent-POM: org.codehaus.plexus:plexus-components:pom:1.1.17 for project: null:plexus-compiler:pom:1.8 from the repository.
[DEBUG] Adding managed dependencies for unknown:plexus-compiler-api
[DEBUG]   org.codehaus.plexus:plexus-compiler-api:jar:1.8
[DEBUG]   org.codehaus.plexus:plexus-compiler-test:jar:1.8
[DEBUG]   org.codehaus.plexus:plexus-container-default:jar:1.0-alpha-9-stable-1
[DEBUG]   org.codehaus.plexus:plexus-utils:jar:1.5.5
[DEBUG]   junit:junit:jar:3.8.2:test
[DEBUG]   org.codehaus.plexus:plexus-compiler-api:jar:1.8:runtime (selected for runtime)
[DEBUG]     org.codehaus.plexus:plexus-utils:jar:1.5.5:runtime (removed - nearer found: 1.5.1)
[DEBUG] Retrieving parent-POM: org.codehaus.plexus:plexus:pom:2.0.6 for project: null:plexus-utils:jar:2.0.5 from the repository.
[DEBUG]   org.codehaus.plexus:plexus-utils:jar:1.5.1:runtime (removed - nearer found: 2.0.5)
[DEBUG]   org.codehaus.plexus:plexus-utils:jar:2.0.5:runtime (selected for runtime)
[DEBUG] Adding managed dependencies for unknown:plexus-archiver
[DEBUG]   org.codehaus.plexus:plexus-container-default:jar:1.0-alpha-9-stable-1
[DEBUG]   org.codehaus.plexus:plexus-utils:jar:1.5.5
[DEBUG]   junit:junit:jar:3.8.2:test
[DEBUG]   org.codehaus.plexus:plexus-archiver:jar:1.0:runtime (selected for runtime)
[DEBUG]     org.codehaus.plexus:plexus-container-default:jar:1.0-alpha-9-stable-1:runtime (removed - nearer found: 1.5.4)
[DEBUG] Adding managed dependencies for unknown:plexus-io
[DEBUG]   org.codehaus.plexus:plexus-container-default:jar:1.0-alpha-9-stable-1
[DEBUG]   org.codehaus.plexus:plexus-utils:jar:1.5.5
[DEBUG]   junit:junit:jar:3.8.2:test
[DEBUG]     org.codehaus.plexus:plexus-io:jar:1.0:runtime (selected for runtime)
[DEBUG]   net.sf.antcontrib:cpptasks-parallel:jar:1.1.1-scijava-1:runtime (selected for runtime)
[DEBUG] Retrieving parent-POM: org.apache.ant:ant-parent:pom:1.8.1 for project: org.apache.ant:ant:jar:1.8.1 from the repository.
[DEBUG]     org.apache.ant:ant:jar:1.8.1:runtime (selected for runtime)
[DEBUG]       org.apache.ant:ant-launcher:jar:1.8.1:runtime (selected for runtime)
[DEBUG]     xml-apis:xml-apis:jar:1.3.04:runtime (selected for runtime)
[DEBUG]     xerces:xercesImpl:jar:2.9.1:runtime (selected for runtime)
[DEBUG]   org.apache.bcel:bcel:jar:5.2:runtime (selected for runtime)
[DEBUG]     jakarta-regexp:jakarta-regexp:jar:1.4:runtime (selected for runtime)
[DEBUG]   org.apache.ant:ant:jar:1.8.1:runtime (selected for runtime)
[DEBUG]     org.apache.ant:ant-launcher:jar:1.8.1:runtime (selected for runtime)
[DEBUG] Retrieving parent-POM: org.apache.commons:commons-parent:pom:25 for project: commons-io:commons-io:jar:2.4 from the repository.
[DEBUG]   commons-io:commons-io:jar:2.4:runtime (selected for runtime)
[DEBUG]  The following artifacts were filtered out for plugin: org.apache.maven.plugins:nar-maven-plugin:3.0.0-scijava-1 because they're already in the core of Maven:

org.apache.maven:maven-plugin-api:jar:2.0.9:runtime
org.apache.maven:maven-project:jar:2.0.9:runtime
org.apache.maven:maven-artifact:jar:2.0.9:runtime
org.apache.maven:maven-model:jar:2.0.9:runtime
org.apache.maven:maven-toolchain:jar:2.2.1:runtime
org.apache.maven:maven-core:jar:2.2.1:runtime
org.codehaus.plexus:plexus-container-default:jar:1.5.4:runtime

These will use the artifact files already in the core ClassRealm instead, to allow them to be included in PluginDescriptor.getArtifacts().


[DEBUG] Looking up plugin component: org.apache.maven.artifact.handler.ArtifactHandler with hint: nar
[INFO] ------------------------------------------------------------------------
[INFO] Building ImageJ Launcher
[INFO]    task-segment: [install]
[INFO] ------------------------------------------------------------------------
[DEBUG] Error looking up lifecycle mapping to retrieve optional mojos. Lifecycle ID: default. Error: Component descriptor cannot be found in the component repository: org.apache.maven.lifecycle.mapping.LifecycleMappingnar.
org.codehaus.plexus.component.repository.exception.ComponentLookupException: Component descriptor cannot be found in the component repository: org.apache.maven.lifecycle.mapping.LifecycleMappingnar.
	at org.codehaus.plexus.DefaultPlexusContainer.lookup(DefaultPlexusContainer.java:323)
	at org.codehaus.plexus.DefaultPlexusContainer.lookup(DefaultPlexusContainer.java:440)
	at org.apache.maven.execution.MavenSession.lookup(MavenSession.java:138)
	at org.apache.maven.lifecycle.DefaultLifecycleExecutor.findOptionalMojosForLifecycle(DefaultLifecycleExecutor.java:1404)
	at org.apache.maven.lifecycle.DefaultLifecycleExecutor.bindLifecycleForPackaging(DefaultLifecycleExecutor.java:1294)
	at org.apache.maven.lifecycle.DefaultLifecycleExecutor.constructLifecycleMappings(DefaultLifecycleExecutor.java:1275)
	at org.apache.maven.lifecycle.DefaultLifecycleExecutor.executeGoal(DefaultLifecycleExecutor.java:534)
	at org.apache.maven.lifecycle.DefaultLifecycleExecutor.executeGoalAndHandleFailures(DefaultLifecycleExecutor.java:387)
	at org.apache.maven.lifecycle.DefaultLifecycleExecutor.executeTaskSegments(DefaultLifecycleExecutor.java:348)
	at org.apache.maven.lifecycle.DefaultLifecycleExecutor.execute(DefaultLifecycleExecutor.java:180)
	at org.apache.maven.DefaultMaven.doExecute(DefaultMaven.java:328)
	at org.apache.maven.DefaultMaven.execute(DefaultMaven.java:138)
	at org.apache.maven.cli.MavenCli.main(MavenCli.java:362)
	at org.apache.maven.cli.compat.CompatibleMain.main(CompatibleMain.java:60)
	at sun.reflect.NativeMethodAccessorImpl.invoke0(Native Method)
	at sun.reflect.NativeMethodAccessorImpl.invoke(NativeMethodAccessorImpl.java:39)
	at sun.reflect.DelegatingMethodAccessorImpl.invoke(DelegatingMethodAccessorImpl.java:25)
	at java.lang.reflect.Method.invoke(Method.java:597)
	at org.codehaus.classworlds.Launcher.launchEnhanced(Launcher.java:315)
	at org.codehaus.classworlds.Launcher.launch(Launcher.java:255)
	at org.codehaus.classworlds.Launcher.mainWithExitCode(Launcher.java:430)
	at org.codehaus.classworlds.Launcher.main(Launcher.java:375)
[DEBUG] maven-nar-plugin: resolved to version 2.1-20120403 from repository imagej.thirdparty
[DEBUG] Retrieving parent-POM: org.apache.maven.plugins:maven-plugins:pom:18 for project: null:maven-nar-plugin:maven-plugin:2.1-20120403 from the repository.
[DEBUG] Retrieving parent-POM: org.apache.maven.plugins:maven-plugins:pom:19 for project: null:maven-resources-plugin:maven-plugin:2.5 from the repository.
[DEBUG] Retrieving parent-POM: org.apache.maven:maven-parent:pom:19 for project: org.apache.maven.plugins:maven-plugins:pom:19 from the repository.
[DEBUG] Retrieving parent-POM: org.apache.maven.plugins:maven-plugins:pom:22 for project: null:maven-compiler-plugin:maven-plugin:2.5 from the repository.
[DEBUG] Retrieving parent-POM: org.apache.maven:maven-parent:pom:21 for project: org.apache.maven.plugins:maven-plugins:pom:22 from the repository.
[DEBUG] Retrieving parent-POM: org.apache:apache:pom:10 for project: org.apache.maven:maven-parent:pom:21 from the repository.
[INFO] ------------------------------------------------------------------------
[ERROR] BUILD FAILURE
[INFO] ------------------------------------------------------------------------
[INFO] Required goal not found: org.apache.maven.plugins:maven-nar-plugin:nar-process-libraries in org.apache.maven.plugins:maven-nar-plugin:2.1-20120403
[INFO] ------------------------------------------------------------------------
[DEBUG] Trace
org.apache.maven.BuildFailureException: Required goal not found: org.apache.maven.plugins:maven-nar-plugin:nar-process-libraries in org.apache.maven.plugins:maven-nar-plugin:2.1-20120403
	at org.apache.maven.lifecycle.DefaultLifecycleExecutor.getMojoDescriptor(DefaultLifecycleExecutor.java:1867)
	at org.apache.maven.lifecycle.DefaultLifecycleExecutor.bindLifecycleForPackaging(DefaultLifecycleExecutor.java:1311)
	at org.apache.maven.lifecycle.DefaultLifecycleExecutor.constructLifecycleMappings(DefaultLifecycleExecutor.java:1275)
	at org.apache.maven.lifecycle.DefaultLifecycleExecutor.executeGoal(DefaultLifecycleExecutor.java:534)
	at org.apache.maven.lifecycle.DefaultLifecycleExecutor.executeGoalAndHandleFailures(DefaultLifecycleExecutor.java:387)
	at org.apache.maven.lifecycle.DefaultLifecycleExecutor.executeTaskSegments(DefaultLifecycleExecutor.java:348)
	at org.apache.maven.lifecycle.DefaultLifecycleExecutor.execute(DefaultLifecycleExecutor.java:180)
	at org.apache.maven.DefaultMaven.doExecute(DefaultMaven.java:328)
	at org.apache.maven.DefaultMaven.execute(DefaultMaven.java:138)
	at org.apache.maven.cli.MavenCli.main(MavenCli.java:362)
	at org.apache.maven.cli.compat.CompatibleMain.main(CompatibleMain.java:60)
	at sun.reflect.NativeMethodAccessorImpl.invoke0(Native Method)
	at sun.reflect.NativeMethodAccessorImpl.invoke(NativeMethodAccessorImpl.java:39)
	at sun.reflect.DelegatingMethodAccessorImpl.invoke(DelegatingMethodAccessorImpl.java:25)
	at java.lang.reflect.Method.invoke(Method.java:597)
	at org.codehaus.classworlds.Launcher.launchEnhanced(Launcher.java:315)
	at org.codehaus.classworlds.Launcher.launch(Launcher.java:255)
	at org.codehaus.classworlds.Launcher.mainWithExitCode(Launcher.java:430)
	at org.codehaus.classworlds.Launcher.main(Launcher.java:375)
[INFO] ------------------------------------------------------------------------
[INFO] Total time: 2 seconds
[INFO] Finished at: Mon Jun 03 22:26:49 CDT 2013
[INFO] Final Memory: 26M/303M
[INFO] ------------------------------------------------------------------------
Build step 'Execute shell' marked build as failure
Archiving artifacts

</PRE>





<!--endarticle-->
    <HR>
    <P><UL>
        <!--threads-->
	<LI>Previous message: <A HREF="001973.html">[ImageJ-builds] Build failed in Jenkins: ImageJ-launcher &#187; master #999
</A></li>
	<LI>Next message: <A HREF="001967.html">[ImageJ-builds] Build failed in Jenkins: ImageJ-launcher &#187; Windows #997
</A></li>
         <LI> <B>Messages sorted by:</B> 
              <a href="date.html#1976">[ date ]</a>
              <a href="thread.html#1976">[ thread ]</a>
              <a href="subject.html#1976">[ subject ]</a>
              <a href="author.html#1976">[ author ]</a>
         </LI>
       </UL>

<hr>
<a href="http://imagej.net/mailman/listinfo/imagej-builds">More information about the ImageJ-builds
mailing list</a><br>
</body></html>
