<!DOCTYPE HTML PUBLIC "-//W3C//DTD HTML 4.01 Transitional//EN">
<HTML>
 <HEAD>
   <TITLE> [ImageJ-builds] Build failed in Jenkins: ImageJ #4571
   </TITLE>
   <LINK REL="Index" HREF="index.html" >
   <LINK REL="made" HREF="mailto:imagej-builds%40imagej.net?Subject=Re%3A%20%5BImageJ-builds%5D%20Build%20failed%20in%20Jenkins%3A%20ImageJ%20%234571&In-Reply-To=%3C229917844.20.1370298402264.JavaMail.jenkins%40dev%3E">
   <META NAME="robots" CONTENT="index,nofollow">
   <style type="text/css">
       pre {
           white-space: pre-wrap;       /* css-2.1, curent FF, Opera, Safari */
           }
   </style>
   <META http-equiv="Content-Type" content="text/html; charset=us-ascii">
   <LINK REL="Previous"  HREF="001961.html">
   <LINK REL="Next"  HREF="001963.html">
 </HEAD>
 <BODY BGCOLOR="#ffffff">
   <H1>[ImageJ-builds] Build failed in Jenkins: ImageJ #4571</H1>
    <B>jenkins at imagej.net</B> 
    <A HREF="mailto:imagej-builds%40imagej.net?Subject=Re%3A%20%5BImageJ-builds%5D%20Build%20failed%20in%20Jenkins%3A%20ImageJ%20%234571&In-Reply-To=%3C229917844.20.1370298402264.JavaMail.jenkins%40dev%3E"
       TITLE="[ImageJ-builds] Build failed in Jenkins: ImageJ #4571">jenkins at imagej.net
       </A><BR>
    <I>Mon Jun  3 17:26:42 CDT 2013</I>
    <P><UL>
        <LI>Previous message: <A HREF="001961.html">[ImageJ-builds] Build failed in Jenkins: ImageJ #4570
</A></li>
        <LI>Next message: <A HREF="001963.html">[ImageJ-builds] Jenkins build is back to normal : ImageJ #4572
</A></li>
         <LI> <B>Messages sorted by:</B> 
              <a href="date.html#1962">[ date ]</a>
              <a href="thread.html#1962">[ thread ]</a>
              <a href="subject.html#1962">[ subject ]</a>
              <a href="author.html#1962">[ author ]</a>
         </LI>
       </UL>
    <HR>  
<!--beginarticle-->
<PRE>See &lt;<A HREF="http://jenkins.imagej.net/job/ImageJ/4571/">http://jenkins.imagej.net/job/ImageJ/4571/</A>&gt;

------------------------------------------
[...truncated 1782 lines...]
[INFO] Downloading: <A HREF="file:///var/lib/jenkins/.m2/repository/org/apache/maven/shared/maven-common-artifact-filters/1.3/maven-common-artifact-filters-1.3.jar">file:///var/lib/jenkins/.m2/repository/org/apache/maven/shared/maven-common-artifact-filters/1.3/maven-common-artifact-filters-1.3.jar</A>
[INFO] Downloading: <A HREF="file:///var/lib/jenkins/.m2/repository/org/apache/maven/surefire/surefire-booter/2.10/surefire-booter-2.10.jar">file:///var/lib/jenkins/.m2/repository/org/apache/maven/surefire/surefire-booter/2.10/surefire-booter-2.10.jar</A>
[INFO] 30K downloaded  (maven-common-artifact-filters-1.3.jar)
[INFO] 33K downloaded  (surefire-booter-2.10.jar)
[INFO] Downloading: <A HREF="file:///var/lib/jenkins/.m2/repository/org/apache/maven/surefire/surefire-api/2.10/surefire-api-2.10.jar">file:///var/lib/jenkins/.m2/repository/org/apache/maven/surefire/surefire-api/2.10/surefire-api-2.10.jar</A>
[INFO] 157K downloaded  (surefire-api-2.10.jar)
[INFO] Downloading: <A HREF="file:///var/lib/jenkins/.m2/repository/org/apache/maven/surefire/maven-surefire-common/2.10/maven-surefire-common-2.10.jar">file:///var/lib/jenkins/.m2/repository/org/apache/maven/surefire/maven-surefire-common/2.10/maven-surefire-common-2.10.jar</A>
[INFO] 59K downloaded  (maven-surefire-common-2.10.jar)
[INFO] 219K downloaded  (plexus-utils-2.1.jar)
[INFO] [INFO] [surefire:test {execution: default-test}]
[INFO] [INFO] No tests to run.
[INFO] [INFO] Surefire report directory: /data/devel/jenkins/jobs/ImageJ/workspace/core/updater/target/it/ij-uploader-hobbes/target/surefire-reports
[INFO] Downloading: <A HREF="file:///var/lib/jenkins/.m2/repository/org/apache/maven/surefire/surefire-junit3/2.10/surefire-junit3-2.10.pom">file:///var/lib/jenkins/.m2/repository/org/apache/maven/surefire/surefire-junit3/2.10/surefire-junit3-2.10.pom</A>
[INFO] 1K downloaded  (surefire-junit3-2.10.pom)
[INFO] Downloading: <A HREF="file:///var/lib/jenkins/.m2/repository/org/apache/maven/surefire/surefire-providers/2.10/surefire-providers-2.10.pom">file:///var/lib/jenkins/.m2/repository/org/apache/maven/surefire/surefire-providers/2.10/surefire-providers-2.10.pom</A>
[INFO] 2K downloaded  (surefire-providers-2.10.pom)
[INFO] Downloading: <A HREF="file:///var/lib/jenkins/.m2/repository/org/apache/maven/surefire/surefire-junit3/2.10/surefire-junit3-2.10.jar">file:///var/lib/jenkins/.m2/repository/org/apache/maven/surefire/surefire-junit3/2.10/surefire-junit3-2.10.jar</A>
[INFO] 25K downloaded  (surefire-junit3-2.10.jar)
[INFO] 
[INFO] -------------------------------------------------------
[INFO]  T E S T S
[INFO] -------------------------------------------------------
[INFO] 
[INFO] Results :
[INFO] 
[INFO] Tests run: 0, Failures: 0, Errors: 0, Skipped: 0
[INFO] 
[INFO] Downloading: <A HREF="file:///var/lib/jenkins/.m2/repository/org/apache/maven/maven-project/2.0.7/maven-project-2.0.7.pom">file:///var/lib/jenkins/.m2/repository/org/apache/maven/maven-project/2.0.7/maven-project-2.0.7.pom</A>
[INFO] 2K downloaded  (maven-project-2.0.7.pom)
[INFO] Downloading: <A HREF="file:///var/lib/jenkins/.m2/repository/org/apache/maven/maven/2.0.7/maven-2.0.7.pom">file:///var/lib/jenkins/.m2/repository/org/apache/maven/maven/2.0.7/maven-2.0.7.pom</A>
[INFO] 10K downloaded  (maven-2.0.7.pom)
[INFO] Downloading: <A HREF="file:///var/lib/jenkins/.m2/repository/org/apache/maven/maven-settings/2.0.7/maven-settings-2.0.7.pom">file:///var/lib/jenkins/.m2/repository/org/apache/maven/maven-settings/2.0.7/maven-settings-2.0.7.pom</A>
[INFO] 1K downloaded  (maven-settings-2.0.7.pom)
[INFO] Downloading: <A HREF="file:///var/lib/jenkins/.m2/repository/org/apache/maven/maven-model/2.0.7/maven-model-2.0.7.pom">file:///var/lib/jenkins/.m2/repository/org/apache/maven/maven-model/2.0.7/maven-model-2.0.7.pom</A>
[INFO] 2K downloaded  (maven-model-2.0.7.pom)
[INFO] Downloading: <A HREF="file:///var/lib/jenkins/.m2/repository/org/apache/maven/maven-profile/2.0.7/maven-profile-2.0.7.pom">file:///var/lib/jenkins/.m2/repository/org/apache/maven/maven-profile/2.0.7/maven-profile-2.0.7.pom</A>
[INFO] 1K downloaded  (maven-profile-2.0.7.pom)
[INFO] Downloading: <A HREF="file:///var/lib/jenkins/.m2/repository/org/apache/maven/maven-artifact-manager/2.0.7/maven-artifact-manager-2.0.7.pom">file:///var/lib/jenkins/.m2/repository/org/apache/maven/maven-artifact-manager/2.0.7/maven-artifact-manager-2.0.7.pom</A>
[INFO] 2K downloaded  (maven-artifact-manager-2.0.7.pom)
[INFO] Downloading: <A HREF="file:///var/lib/jenkins/.m2/repository/org/apache/maven/maven-repository-metadata/2.0.7/maven-repository-metadata-2.0.7.pom">file:///var/lib/jenkins/.m2/repository/org/apache/maven/maven-repository-metadata/2.0.7/maven-repository-metadata-2.0.7.pom</A>
[INFO] 1K downloaded  (maven-repository-metadata-2.0.7.pom)
[INFO] Downloading: <A HREF="file:///var/lib/jenkins/.m2/repository/org/apache/maven/maven-artifact/2.0.7/maven-artifact-2.0.7.pom">file:///var/lib/jenkins/.m2/repository/org/apache/maven/maven-artifact/2.0.7/maven-artifact-2.0.7.pom</A>
[INFO] 1K downloaded  (maven-artifact-2.0.7.pom)
[INFO] Downloading: <A HREF="file:///var/lib/jenkins/.m2/repository/org/apache/maven/maven-plugin-registry/2.0.7/maven-plugin-registry-2.0.7.pom">file:///var/lib/jenkins/.m2/repository/org/apache/maven/maven-plugin-registry/2.0.7/maven-plugin-registry-2.0.7.pom</A>
[INFO] 1K downloaded  (maven-plugin-registry-2.0.7.pom)
[INFO] Downloading: <A HREF="file:///var/lib/jenkins/.m2/repository/org/apache/maven/maven-archiver/2.3/maven-archiver-2.3.pom">file:///var/lib/jenkins/.m2/repository/org/apache/maven/maven-archiver/2.3/maven-archiver-2.3.pom</A>
[INFO] 3K downloaded  (maven-archiver-2.3.pom)
[INFO] Downloading: <A HREF="file:///var/lib/jenkins/.m2/repository/org/apache/maven/shared/maven-shared-components/8/maven-shared-components-8.pom">file:///var/lib/jenkins/.m2/repository/org/apache/maven/shared/maven-shared-components/8/maven-shared-components-8.pom</A>
[INFO] 2K downloaded  (maven-shared-components-8.pom)
[INFO] Downloading: <A HREF="file:///var/lib/jenkins/.m2/repository/org/apache/maven/maven-model/2.0/maven-model-2.0.pom">file:///var/lib/jenkins/.m2/repository/org/apache/maven/maven-model/2.0/maven-model-2.0.pom</A>
[INFO] 2K downloaded  (maven-model-2.0.pom)
[INFO] Downloading: <A HREF="file:///var/lib/jenkins/.m2/repository/org/apache/maven/maven-project/2.0/maven-project-2.0.pom">file:///var/lib/jenkins/.m2/repository/org/apache/maven/maven-project/2.0/maven-project-2.0.pom</A>
[INFO] 1K downloaded  (maven-project-2.0.pom)
[INFO] Downloading: <A HREF="file:///var/lib/jenkins/.m2/repository/org/codehaus/plexus/plexus-archiver/1.0-alpha-9/plexus-archiver-1.0-alpha-9.pom">file:///var/lib/jenkins/.m2/repository/org/codehaus/plexus/plexus-archiver/1.0-alpha-9/plexus-archiver-1.0-alpha-9.pom</A>
[INFO] 1K downloaded  (plexus-archiver-1.0-alpha-9.pom)
[INFO] Downloading: <A HREF="file:///var/lib/jenkins/.m2/repository/org/codehaus/plexus/plexus-components/1.1.9/plexus-components-1.1.9.pom">file:///var/lib/jenkins/.m2/repository/org/codehaus/plexus/plexus-components/1.1.9/plexus-components-1.1.9.pom</A>
[INFO] 2K downloaded  (plexus-components-1.1.9.pom)
[INFO] Downloading: <A HREF="file:///var/lib/jenkins/.m2/repository/org/codehaus/plexus/plexus/1.0.10/plexus-1.0.10.pom">file:///var/lib/jenkins/.m2/repository/org/codehaus/plexus/plexus/1.0.10/plexus-1.0.10.pom</A>
[INFO] 8K downloaded  (plexus-1.0.10.pom)
[INFO] Downloading: <A HREF="file:///var/lib/jenkins/.m2/repository/org/codehaus/plexus/plexus-container-default/1.0-alpha-15/plexus-container-default-1.0-alpha-15.pom">file:///var/lib/jenkins/.m2/repository/org/codehaus/plexus/plexus-container-default/1.0-alpha-15/plexus-container-default-1.0-alpha-15.pom</A>
[INFO] 1K downloaded  (plexus-container-default-1.0-alpha-15.pom)
[INFO] Downloading: <A HREF="file:///var/lib/jenkins/.m2/repository/org/codehaus/plexus/plexus-containers/1.0-alpha-15/plexus-containers-1.0-alpha-15.pom">file:///var/lib/jenkins/.m2/repository/org/codehaus/plexus/plexus-containers/1.0-alpha-15/plexus-containers-1.0-alpha-15.pom</A>
[INFO] 1K downloaded  (plexus-containers-1.0-alpha-15.pom)
[INFO] Downloading: <A HREF="file:///var/lib/jenkins/.m2/repository/org/codehaus/plexus/plexus/1.0.9/plexus-1.0.9.pom">file:///var/lib/jenkins/.m2/repository/org/codehaus/plexus/plexus/1.0.9/plexus-1.0.9.pom</A>
[INFO] 7K downloaded  (plexus-1.0.9.pom)
[INFO] Downloading: <A HREF="file:///var/lib/jenkins/.m2/repository/org/codehaus/plexus/plexus-component-api/1.0-alpha-15/plexus-component-api-1.0-alpha-15.pom">file:///var/lib/jenkins/.m2/repository/org/codehaus/plexus/plexus-component-api/1.0-alpha-15/plexus-component-api-1.0-alpha-15.pom</A>
[INFO] 948b downloaded  (plexus-component-api-1.0-alpha-15.pom)
[INFO] Downloading: <A HREF="file:///var/lib/jenkins/.m2/repository/org/codehaus/plexus/plexus-classworlds/1.2-alpha-6/plexus-classworlds-1.2-alpha-6.pom">file:///var/lib/jenkins/.m2/repository/org/codehaus/plexus/plexus-classworlds/1.2-alpha-6/plexus-classworlds-1.2-alpha-6.pom</A>
[INFO] 2K downloaded  (plexus-classworlds-1.2-alpha-6.pom)
[INFO] Downloading: <A HREF="file:///var/lib/jenkins/.m2/repository/org/codehaus/plexus/plexus-io/1.0-alpha-1/plexus-io-1.0-alpha-1.pom">file:///var/lib/jenkins/.m2/repository/org/codehaus/plexus/plexus-io/1.0-alpha-1/plexus-io-1.0-alpha-1.pom</A>
[INFO] 1K downloaded  (plexus-io-1.0-alpha-1.pom)
[INFO] Downloading: <A HREF="file:///var/lib/jenkins/.m2/repository/org/codehaus/plexus/plexus-component-api/1.0-alpha-16/plexus-component-api-1.0-alpha-16.pom">file:///var/lib/jenkins/.m2/repository/org/codehaus/plexus/plexus-component-api/1.0-alpha-16/plexus-component-api-1.0-alpha-16.pom</A>
[INFO] 2K downloaded  (plexus-component-api-1.0-alpha-16.pom)
[INFO] Downloading: <A HREF="file:///var/lib/jenkins/.m2/repository/org/codehaus/plexus/plexus-containers/1.0-alpha-16/plexus-containers-1.0-alpha-16.pom">file:///var/lib/jenkins/.m2/repository/org/codehaus/plexus/plexus-containers/1.0-alpha-16/plexus-containers-1.0-alpha-16.pom</A>
[INFO] 1K downloaded  (plexus-containers-1.0-alpha-16.pom)
[INFO] Downloading: <A HREF="file:///var/lib/jenkins/.m2/repository/org/codehaus/plexus/plexus-utils/1.4.9/plexus-utils-1.4.9.pom">file:///var/lib/jenkins/.m2/repository/org/codehaus/plexus/plexus-utils/1.4.9/plexus-utils-1.4.9.pom</A>
[INFO] 2K downloaded  (plexus-utils-1.4.9.pom)
[INFO] Downloading: <A HREF="file:///var/lib/jenkins/.m2/repository/commons-lang/commons-lang/2.1/commons-lang-2.1.pom">file:///var/lib/jenkins/.m2/repository/commons-lang/commons-lang/2.1/commons-lang-2.1.pom</A>
[INFO] 9K downloaded  (commons-lang-2.1.pom)
[INFO] Downloading: <A HREF="file:///var/lib/jenkins/.m2/repository/org/codehaus/plexus/plexus-utils/1.4.9/plexus-utils-1.4.9.jar">file:///var/lib/jenkins/.m2/repository/org/codehaus/plexus/plexus-utils/1.4.9/plexus-utils-1.4.9.jar</A>
[INFO] Downloading: <A HREF="file:///var/lib/jenkins/.m2/repository/org/apache/maven/maven-archiver/2.3/maven-archiver-2.3.jar">file:///var/lib/jenkins/.m2/repository/org/apache/maven/maven-archiver/2.3/maven-archiver-2.3.jar</A>
[INFO] Downloading: <A HREF="file:///var/lib/jenkins/.m2/repository/commons-lang/commons-lang/2.1/commons-lang-2.1.jar">file:///var/lib/jenkins/.m2/repository/commons-lang/commons-lang/2.1/commons-lang-2.1.jar</A>
[INFO] 202K downloaded  (commons-lang-2.1.jar)
[INFO] 17K downloaded  (maven-archiver-2.3.jar)
[INFO] 199K downloaded  (plexus-utils-1.4.9.jar)
[INFO] Downloading: <A HREF="file:///var/lib/jenkins/.m2/repository/org/codehaus/plexus/plexus-archiver/1.0-alpha-9/plexus-archiver-1.0-alpha-9.jar">file:///var/lib/jenkins/.m2/repository/org/codehaus/plexus/plexus-archiver/1.0-alpha-9/plexus-archiver-1.0-alpha-9.jar</A>
[INFO] 153K downloaded  (plexus-archiver-1.0-alpha-9.jar)
[INFO] Downloading: <A HREF="file:///var/lib/jenkins/.m2/repository/org/codehaus/plexus/plexus-io/1.0-alpha-1/plexus-io-1.0-alpha-1.jar">file:///var/lib/jenkins/.m2/repository/org/codehaus/plexus/plexus-io/1.0-alpha-1/plexus-io-1.0-alpha-1.jar</A>
[INFO] 11K downloaded  (plexus-io-1.0-alpha-1.jar)
[INFO] [INFO] [jar:jar {execution: default-jar}]
[INFO] [INFO] Building jar: /data/devel/jenkins/jobs/ImageJ/workspace/core/updater/target/it/ij-uploader-hobbes/target/ij-updater-hobbes-1.0.0-SNAPSHOT.jar
[INFO] [INFO] ------------------------------------------------------------------------
[INFO] [INFO] BUILD SUCCESSFUL
[INFO] [INFO] ------------------------------------------------------------------------
[INFO] [INFO] Total time: 5 seconds
[INFO] [INFO] Finished at: Mon Jun 03 17:26:39 CDT 2013
[INFO] [INFO] Final Memory: 18M/360M
[INFO] [INFO] ------------------------------------------------------------------------
[INFO] run script verify.bsh.bsh
[INFO] Running post-build script: /data/devel/jenkins/jobs/ImageJ/workspace/core/updater/target/it/ij-uploader-hobbes/verify.bsh
[INFO] Finished post-build script: /data/devel/jenkins/jobs/ImageJ/workspace/core/updater/target/it/ij-uploader-hobbes/verify.bsh
[INFO] ..SUCCESS (6.2 s)
[INFO] -------------------------------------------------
[INFO] Build Summary:
[INFO]   Passed: 1, Failed: 0, Errors: 0, Skipped: 0
[INFO] -------------------------------------------------
[INFO] [install:install {execution: default-install}]
[INFO] Installing /data/devel/jenkins/jobs/ImageJ/workspace/core/updater/target/ij-updater-core-2.0.0-SNAPSHOT.jar to /var/lib/jenkins/.m2/repository/net/imagej/ij-updater-core/2.0.0-SNAPSHOT/ij-updater-core-2.0.0-SNAPSHOT.jar
[INFO] Installing /data/devel/jenkins/jobs/ImageJ/workspace/core/updater/target/ij-updater-core-2.0.0-SNAPSHOT-sources.jar to /var/lib/jenkins/.m2/repository/net/imagej/ij-updater-core/2.0.0-SNAPSHOT/ij-updater-core-2.0.0-SNAPSHOT-sources.jar
[INFO] Installing /data/devel/jenkins/jobs/ImageJ/workspace/core/updater/target/ij-updater-core-2.0.0-SNAPSHOT-tests.jar to /var/lib/jenkins/.m2/repository/net/imagej/ij-updater-core/2.0.0-SNAPSHOT/ij-updater-core-2.0.0-SNAPSHOT-tests.jar
[INFO] [imagej:copy-jars {execution: copy-jars}]
[INFO] Property 'imagej.app.directory' unset; Skipping copy-jars
[INFO] ------------------------------------------------------------------------
[INFO] Building ImageJ User Interface Framework
[INFO]    task-segment: [clean, install]
[INFO] ------------------------------------------------------------------------
[INFO] [clean:clean {execution: default-clean}]
[INFO] [imagej:set-rootdir {execution: set-rootdir}]
[INFO] [buildnumber:create {execution: default}]
[debug] execute contextualize
[INFO] [resources:resources {execution: default-resources}]
[INFO] Using 'UTF-8' encoding to copy filtered resources.
[INFO] skip non existing resourceDirectory /data/devel/jenkins/jobs/ImageJ/workspace/core/ui/src/main/resources
[INFO] [compiler:compile {execution: default-compile}]
[INFO] Compiling 44 source files to /data/devel/jenkins/jobs/ImageJ/workspace/core/ui/target/classes
[debug] execute contextualize
[INFO] [resources:testResources {execution: default-testResources}]
[INFO] Using 'UTF-8' encoding to copy filtered resources.
[INFO] skip non existing resourceDirectory /data/devel/jenkins/jobs/ImageJ/workspace/core/ui/src/test/resources
[INFO] [compiler:testCompile {execution: default-testCompile}]
[INFO] No sources to compile
[INFO] [surefire:test {execution: default-test}]
[INFO] No tests to run.
[INFO] Surefire report directory: /data/devel/jenkins/jobs/ImageJ/workspace/core/ui/target/surefire-reports

-------------------------------------------------------
 T E S T S
-------------------------------------------------------

Results :

Tests run: 0, Failures: 0, Errors: 0, Skipped: 0

[INFO] [jar:jar {execution: default-jar}]
[INFO] Building jar: /data/devel/jenkins/jobs/ImageJ/workspace/core/ui/target/ij-ui-2.0.0-SNAPSHOT.jar
[INFO] Preparing source:jar
[WARNING] Removing: jar from forked lifecycle, to prevent recursive invocation.
[INFO] [imagej:set-rootdir {execution: set-rootdir}]
[INFO] [buildnumber:create {execution: default}]
[INFO] [source:jar {execution: default}]
[INFO] Building jar: /data/devel/jenkins/jobs/ImageJ/workspace/core/ui/target/ij-ui-2.0.0-SNAPSHOT-sources.jar
[INFO] [jar:test-jar {execution: default}]
[WARNING] JAR will be empty - no content was marked for inclusion!
[INFO] Building jar: /data/devel/jenkins/jobs/ImageJ/workspace/core/ui/target/ij-ui-2.0.0-SNAPSHOT-tests.jar
[INFO] [install:install {execution: default-install}]
[INFO] Installing /data/devel/jenkins/jobs/ImageJ/workspace/core/ui/target/ij-ui-2.0.0-SNAPSHOT.jar to /var/lib/jenkins/.m2/repository/net/imagej/ij-ui/2.0.0-SNAPSHOT/ij-ui-2.0.0-SNAPSHOT.jar
[INFO] Installing /data/devel/jenkins/jobs/ImageJ/workspace/core/ui/target/ij-ui-2.0.0-SNAPSHOT-sources.jar to /var/lib/jenkins/.m2/repository/net/imagej/ij-ui/2.0.0-SNAPSHOT/ij-ui-2.0.0-SNAPSHOT-sources.jar
[INFO] Installing /data/devel/jenkins/jobs/ImageJ/workspace/core/ui/target/ij-ui-2.0.0-SNAPSHOT-tests.jar to /var/lib/jenkins/.m2/repository/net/imagej/ij-ui/2.0.0-SNAPSHOT/ij-ui-2.0.0-SNAPSHOT-tests.jar
[INFO] [imagej:copy-jars {execution: copy-jars}]
[INFO] Property 'imagej.app.directory' unset; Skipping copy-jars
[INFO] ------------------------------------------------------------------------
[INFO] Building ImageJ Core: I/O
[INFO]    task-segment: [clean, install]
[INFO] ------------------------------------------------------------------------
[INFO] [clean:clean {execution: default-clean}]
[INFO] [imagej:set-rootdir {execution: set-rootdir}]
[INFO] [buildnumber:create {execution: default}]
[debug] execute contextualize
[INFO] [resources:resources {execution: default-resources}]
[INFO] Using 'UTF-8' encoding to copy filtered resources.
[INFO] skip non existing resourceDirectory /data/devel/jenkins/jobs/ImageJ/workspace/core/io/src/main/resources
[INFO] snapshot net.imglib2:imglib2-io:2.0.0-SNAPSHOT: checking for updates from imagej.releases
[INFO] snapshot net.imglib2:imglib2-io:2.0.0-SNAPSHOT: checking for updates from imagej.snapshots
[INFO] snapshot net.imglib2:imglib2-io:2.0.0-SNAPSHOT: checking for updates from imagej.thirdparty
[INFO] snapshot net.imglib2:imglib2-io:2.0.0-SNAPSHOT: checking for updates from java.net
[INFO] snapshot loci:scifio-devel:4.5-SNAPSHOT: checking for updates from imagej.releases
[INFO] snapshot loci:scifio-devel:4.5-SNAPSHOT: checking for updates from imagej.snapshots
[INFO] snapshot loci:scifio-devel:4.5-SNAPSHOT: checking for updates from imagej.thirdparty
[INFO] snapshot loci:scifio-devel:4.5-SNAPSHOT: checking for updates from java.net
[INFO] snapshot loci:pom-scifio:4.5-SNAPSHOT: checking for updates from imagej.releases
[INFO] snapshot loci:pom-scifio:4.5-SNAPSHOT: checking for updates from imagej.snapshots
[INFO] snapshot loci:pom-scifio:4.5-SNAPSHOT: checking for updates from imagej.releases
[INFO] snapshot loci:pom-scifio:4.5-SNAPSHOT: checking for updates from imagej.snapshots
[INFO] snapshot loci:pom-scifio:4.5-SNAPSHOT: checking for updates from imagej.thirdparty
[INFO] snapshot loci:pom-scifio:4.5-SNAPSHOT: checking for updates from java.net
[INFO] [compiler:compile {execution: default-compile}]
[INFO] Compiling 9 source files to /data/devel/jenkins/jobs/ImageJ/workspace/core/io/target/classes
[INFO] -------------------------------------------------------------
[ERROR] COMPILATION ERROR : 
[INFO] -------------------------------------------------------------
[ERROR] /data/devel/jenkins/jobs/ImageJ/workspace/core/io/src/main/java/imagej/io/DefaultIOService.java:[159,13] addStatusListener(loci.common.StatusListener) in net.imglib2.io.ImgOpener cannot be applied to (imagej.io.StatusDispatcher)
[INFO] 1 error
[INFO] -------------------------------------------------------------
[INFO] ------------------------------------------------------------------------
[ERROR] BUILD FAILURE
[INFO] ------------------------------------------------------------------------
[INFO] Compilation failure
/data/devel/jenkins/jobs/ImageJ/workspace/core/io/src/main/java/imagej/io/DefaultIOService.java:[159,13] addStatusListener(loci.common.StatusListener) in net.imglib2.io.ImgOpener cannot be applied to (imagej.io.StatusDispatcher)

[INFO] ------------------------------------------------------------------------
[INFO] For more information, run Maven with the -e switch
[INFO] ------------------------------------------------------------------------
[INFO] Total time: 42 seconds
[INFO] Finished at: Mon Jun 03 17:26:41 CDT 2013
[INFO] Final Memory: 95M/1395M
[INFO] ------------------------------------------------------------------------
Build step 'Invoke top-level Maven targets' marked build as failure
Archiving artifacts
Build step 'Groovy Postbuild' marked build as failure
Recording test results
Performance: No threshold configured for making the test unstable
Performance: No threshold configured for making the test failure
Performance: Recording JUnit reports '**/TEST-*.xml'
Performance: Parsing JUnit report file TEST-imagej.command.CommandServiceTest.xml
Performance: Parsing JUnit report file TEST-imagej.display.DisplayTest.xml
Performance: Parsing JUnit report file TEST-imagej.menu.ShadowMenuTest.xml
Performance: Parsing JUnit report file TEST-imagej.script.JavascriptTest.xml
Performance: Parsing JUnit report file TEST-imagej.util.ColorRGBTest.xml
Performance: Parsing JUnit report file TEST-imagej.util.PrefsTest.xml
Performance: Parsing JUnit report file TEST-imagej.util.UnitUtilsTest.xml
Performance: Parsing JUnit report file TEST-imagej.data.DatasetTest.xml
Performance: Parsing JUnit report file TEST-imagej.data.ExtentsTest.xml
Performance: Parsing JUnit report file TEST-imagej.data.PositionTest.xml
Performance: Parsing JUnit report file TEST-imagej.data.TestCursorSpeeds.xml
Performance: Parsing JUnit report file TEST-imagej.data.display.ImageCanvasTest.xml
Performance: Parsing JUnit report file TEST-imagej.data.overlay.TestBinaryMaskOverlay.xml
Performance: Parsing JUnit report file TEST-imagej.data.table.DefaultResultsTableTest.xml
Performance: Parsing JUnit report file TEST-imagej.updater.core.CommandLineUpdaterTest.xml
Performance: Parsing JUnit report file TEST-imagej.updater.core.LocalhostUploaderTest.xml
Performance: Parsing JUnit report file TEST-imagej.updater.core.UpdaterTest.xml
Performance: Parsing JUnit report file TEST-imagej.updater.util.DependencyAnalyzerTest.xml
Performance: File TEST-imagej.command.CommandServiceTest.xml reported 0.0% of errors [SUCCESS]. Build status is: FAILURE
Performance: File TEST-imagej.display.DisplayTest.xml reported 0.0% of errors [SUCCESS]. Build status is: FAILURE
Performance: File TEST-imagej.menu.ShadowMenuTest.xml reported 0.0% of errors [SUCCESS]. Build status is: FAILURE
Performance: File TEST-imagej.script.JavascriptTest.xml reported 0.0% of errors [SUCCESS]. Build status is: FAILURE
Performance: File TEST-imagej.util.ColorRGBTest.xml reported 0.0% of errors [SUCCESS]. Build status is: FAILURE
Performance: File TEST-imagej.util.PrefsTest.xml reported 0.0% of errors [SUCCESS]. Build status is: FAILURE
Performance: File TEST-imagej.util.UnitUtilsTest.xml reported 0.0% of errors [SUCCESS]. Build status is: FAILURE
Performance: File TEST-imagej.data.DatasetTest.xml reported 0.0% of errors [SUCCESS]. Build status is: FAILURE
Performance: File TEST-imagej.data.ExtentsTest.xml reported 0.0% of errors [SUCCESS]. Build status is: FAILURE
Performance: File TEST-imagej.data.PositionTest.xml reported 0.0% of errors [SUCCESS]. Build status is: FAILURE
Performance: File TEST-imagej.data.TestCursorSpeeds.xml reported 0.0% of errors [SUCCESS]. Build status is: FAILURE
Performance: File TEST-imagej.data.display.ImageCanvasTest.xml reported 0.0% of errors [SUCCESS]. Build status is: FAILURE
Performance: File TEST-imagej.data.overlay.TestBinaryMaskOverlay.xml reported 0.0% of errors [SUCCESS]. Build status is: FAILURE
Performance: File TEST-imagej.data.table.DefaultResultsTableTest.xml reported 0.0% of errors [SUCCESS]. Build status is: FAILURE
Performance: File TEST-imagej.updater.core.CommandLineUpdaterTest.xml reported 0.0% of errors [SUCCESS]. Build status is: FAILURE
Performance: File TEST-imagej.updater.core.LocalhostUploaderTest.xml reported 0.0% of errors [SUCCESS]. Build status is: FAILURE
Performance: File TEST-imagej.updater.core.UpdaterTest.xml reported 0.0% of errors [SUCCESS]. Build status is: FAILURE
Performance: File TEST-imagej.updater.util.DependencyAnalyzerTest.xml reported 0.0% of errors [SUCCESS]. Build status is: FAILURE

</PRE>






<!--endarticle-->
    <HR>
    <P><UL>
        <!--threads-->
	<LI>Previous message: <A HREF="001961.html">[ImageJ-builds] Build failed in Jenkins: ImageJ #4570
</A></li>
	<LI>Next message: <A HREF="001963.html">[ImageJ-builds] Jenkins build is back to normal : ImageJ #4572
</A></li>
         <LI> <B>Messages sorted by:</B> 
              <a href="date.html#1962">[ date ]</a>
              <a href="thread.html#1962">[ thread ]</a>
              <a href="subject.html#1962">[ subject ]</a>
              <a href="author.html#1962">[ author ]</a>
         </LI>
       </UL>

<hr>
<a href="http://imagej.net/mailman/listinfo/imagej-builds">More information about the ImageJ-builds
mailing list</a><br>
</body></html>
