<!DOCTYPE HTML PUBLIC "-//W3C//DTD HTML 4.01 Transitional//EN">
<HTML>
 <HEAD>
   <TITLE> [ImageJ-builds] Build failed in Jenkins: ImageJ #4652
   </TITLE>
   <LINK REL="Index" HREF="index.html" >
   <LINK REL="made" HREF="mailto:imagej-builds%40imagej.net?Subject=Re%3A%20%5BImageJ-builds%5D%20Build%20failed%20in%20Jenkins%3A%20ImageJ%20%234652&In-Reply-To=%3C1575240375.62.1371582622198.JavaMail.jenkins%40dev%3E">
   <META NAME="robots" CONTENT="index,nofollow">
   <style type="text/css">
       pre {
           white-space: pre-wrap;       /* css-2.1, curent FF, Opera, Safari */
           }
   </style>
   <META http-equiv="Content-Type" content="text/html; charset=us-ascii">
   <LINK REL="Previous"  HREF="002048.html">
   <LINK REL="Next"  HREF="002056.html">
 </HEAD>
 <BODY BGCOLOR="#ffffff">
   <H1>[ImageJ-builds] Build failed in Jenkins: ImageJ #4652</H1>
    <B>jenkins at imagej.net</B> 
    <A HREF="mailto:imagej-builds%40imagej.net?Subject=Re%3A%20%5BImageJ-builds%5D%20Build%20failed%20in%20Jenkins%3A%20ImageJ%20%234652&In-Reply-To=%3C1575240375.62.1371582622198.JavaMail.jenkins%40dev%3E"
       TITLE="[ImageJ-builds] Build failed in Jenkins: ImageJ #4652">jenkins at imagej.net
       </A><BR>
    <I>Tue Jun 18 14:10:21 CDT 2013</I>
    <P><UL>
        <LI>Previous message: <A HREF="002048.html">[ImageJ-builds] mail-watcher-plugin: Computer Windows marked online
</A></li>
        <LI>Next message: <A HREF="002056.html">[ImageJ-builds] Build failed in Jenkins: ImageJ #4653
</A></li>
         <LI> <B>Messages sorted by:</B> 
              <a href="date.html#2055">[ date ]</a>
              <a href="thread.html#2055">[ thread ]</a>
              <a href="subject.html#2055">[ subject ]</a>
              <a href="author.html#2055">[ author ]</a>
         </LI>
       </UL>
    <HR>  
<!--beginarticle-->
<PRE>See &lt;<A HREF="http://jenkins.imagej.net/job/ImageJ/4652/changes">http://jenkins.imagej.net/job/ImageJ/4652/changes</A>&gt;

Changes:

[Johannes Schindelin] Fix (ij-legacy tests: make sure that a main class is found)

[Johannes Schindelin] Add a simple Java agent to identify when ImageJ 1.x classes are loaded

[Johannes Schindelin] LegacyJavaAgent: show only the relevant part of the stack trace

[Johannes Schindelin] LegacyJavaAgent: Add documentation to the premain() method

[Johannes Schindelin] LegacyJavaAgent: Add code to write out a minimal .jar file

[Johannes Schindelin] Add a Premain-Class: entry so that the ij-legacy agent can be started

[Johannes Schindelin] LegacyJavaAgent: Offer an API to switch the agent off

[Johannes Schindelin] ij-legacy: shut up the LegacyJavaAgent just before patching

[Johannes Schindelin] Add the preinit() method to DefaultLegacyService

[Johannes Schindelin] Use DefaultLegacyService's preinit() method to force IJ1 patching

[Johannes Schindelin] CodeHacker: provide better help when patching failed

[Johannes Schindelin] CodeHacker: do not hide warning on stderr

[Johannes Schindelin] LegacyJavaAgent: optionally overwrite the minimal agent .jar

[Johannes Schindelin] LegacyJavaAgent: add a usage

[Johannes Schindelin] LegacyJavaAgent: add the 'init' option

[Johannes Schindelin] CodeHacker: mention the agent option 'init'

[Johannes Schindelin] LegacyJavaAgent: add the 'noop' option

[Johannes Schindelin] LegacyJavaAgent: describe the default mode in the usage

[Johannes Schindelin] LegacyJavaAgent: in debug mode, rewrite the class

[Johannes Schindelin] LegacyJavaAgent: use Javassist instead

[Johannes Schindelin] LegacyJavaAgent: use exception with a more descriptive name

[Johannes Schindelin] LegacyJavaAgent: add 'report' mode

[Johannes Schindelin] ij-legacy: add configuration to run integration tests

[Johannes Schindelin] ij-legacy (integration test): let the ij-legacy.jar artifact be found

[Johannes Schindelin] LegacyJavaAgent: start writing the integration tests

[nikolaus.ehrenfeuchter] Updater (cmd-line): add the 'list-from-site' command

[nikolaus.ehrenfeuchter] Updater (cmd-line): minor style change (ws only)

[nikolaus.ehrenfeuchter] Updater (cmd-line): check argument list, provide usage message

[Johannes Schindelin] Revert a debug output

------------------------------------------
[...truncated 2637 lines...]
[INFO] Downloading: <A HREF="file:///var/lib/jenkins/.m2/repository/org/apache/maven/wagon/wagon-http-lightweight/1.0-beta-2/wagon-http-lightweight-1.0-beta-2.pom">file:///var/lib/jenkins/.m2/repository/org/apache/maven/wagon/wagon-http-lightweight/1.0-beta-2/wagon-http-lightweight-1.0-beta-2.pom</A>
[INFO] 1K downloaded  (wagon-http-lightweight-1.0-beta-2.pom)
[INFO] Downloading: <A HREF="file:///var/lib/jenkins/.m2/repository/org/apache/maven/wagon/wagon-http-shared/1.0-beta-2/wagon-http-shared-1.0-beta-2.pom">file:///var/lib/jenkins/.m2/repository/org/apache/maven/wagon/wagon-http-shared/1.0-beta-2/wagon-http-shared-1.0-beta-2.pom</A>
[INFO] 845b downloaded  (wagon-http-shared-1.0-beta-2.pom)
[INFO] Downloading: <A HREF="file:///var/lib/jenkins/.m2/repository/jtidy/jtidy/4aug2000r7-dev/jtidy-4aug2000r7-dev.pom">file:///var/lib/jenkins/.m2/repository/jtidy/jtidy/4aug2000r7-dev/jtidy-4aug2000r7-dev.pom</A>
[INFO] 1K downloaded  (jtidy-4aug2000r7-dev.pom)
[INFO] Downloading: <A HREF="file:///var/lib/jenkins/.m2/repository/xml-apis/xml-apis/1.0.b2/xml-apis-1.0.b2.pom">file:///var/lib/jenkins/.m2/repository/xml-apis/xml-apis/1.0.b2/xml-apis-1.0.b2.pom</A>
[INFO] 2K downloaded  (xml-apis-1.0.b2.pom)
[INFO] Downloading: <A HREF="file:///var/lib/jenkins/.m2/repository/org/apache/maven/maven-error-diagnostics/2.0.6/maven-error-diagnostics-2.0.6.pom">file:///var/lib/jenkins/.m2/repository/org/apache/maven/maven-error-diagnostics/2.0.6/maven-error-diagnostics-2.0.6.pom</A>
[INFO] 1K downloaded  (maven-error-diagnostics-2.0.6.pom)
[INFO] Downloading: <A HREF="file:///var/lib/jenkins/.m2/repository/commons-cli/commons-cli/1.0/commons-cli-1.0.pom">file:///var/lib/jenkins/.m2/repository/commons-cli/commons-cli/1.0/commons-cli-1.0.pom</A>
[INFO] 2K downloaded  (commons-cli-1.0.pom)
[INFO] Downloading: <A HREF="file:///var/lib/jenkins/.m2/repository/org/apache/maven/wagon/wagon-ssh-external/1.0-beta-2/wagon-ssh-external-1.0-beta-2.pom">file:///var/lib/jenkins/.m2/repository/org/apache/maven/wagon/wagon-ssh-external/1.0-beta-2/wagon-ssh-external-1.0-beta-2.pom</A>
[INFO] 1K downloaded  (wagon-ssh-external-1.0-beta-2.pom)
[INFO] Downloading: <A HREF="file:///var/lib/jenkins/.m2/repository/org/apache/maven/wagon/wagon-ssh-common/1.0-beta-2/wagon-ssh-common-1.0-beta-2.pom">file:///var/lib/jenkins/.m2/repository/org/apache/maven/wagon/wagon-ssh-common/1.0-beta-2/wagon-ssh-common-1.0-beta-2.pom</A>
[INFO] 851b downloaded  (wagon-ssh-common-1.0-beta-2.pom)
[INFO] Downloading: <A HREF="file:///var/lib/jenkins/.m2/repository/org/codehaus/plexus/plexus-interactivity-api/1.0-alpha-4/plexus-interactivity-api-1.0-alpha-4.pom">file:///var/lib/jenkins/.m2/repository/org/codehaus/plexus/plexus-interactivity-api/1.0-alpha-4/plexus-interactivity-api-1.0-alpha-4.pom</A>
[INFO] 6K downloaded  (plexus-interactivity-api-1.0-alpha-4.pom)
[INFO] Downloading: <A HREF="file:///var/lib/jenkins/.m2/repository/org/codehaus/plexus/plexus-container-default/1.0-alpha-7/plexus-container-default-1.0-alpha-7.pom">file:///var/lib/jenkins/.m2/repository/org/codehaus/plexus/plexus-container-default/1.0-alpha-7/plexus-container-default-1.0-alpha-7.pom</A>
[INFO] 1K downloaded  (plexus-container-default-1.0-alpha-7.pom)
[INFO] Downloading: <A HREF="file:///var/lib/jenkins/.m2/repository/plexus/plexus-containers/1.0.2/plexus-containers-1.0.2.pom">file:///var/lib/jenkins/.m2/repository/plexus/plexus-containers/1.0.2/plexus-containers-1.0.2.pom</A>
[INFO] 471b downloaded  (plexus-containers-1.0.2.pom)
[INFO] Downloading: <A HREF="file:///var/lib/jenkins/.m2/repository/plexus/plexus-root/1.0.3/plexus-root-1.0.3.pom">file:///var/lib/jenkins/.m2/repository/plexus/plexus-root/1.0.3/plexus-root-1.0.3.pom</A>
[INFO] 5K downloaded  (plexus-root-1.0.3.pom)
[INFO] Downloading: <A HREF="file:///var/lib/jenkins/.m2/repository/plexus/plexus-utils/1.0.2/plexus-utils-1.0.2.pom">file:///var/lib/jenkins/.m2/repository/plexus/plexus-utils/1.0.2/plexus-utils-1.0.2.pom</A>
[INFO] 740b downloaded  (plexus-utils-1.0.2.pom)
[INFO] Downloading: <A HREF="file:///var/lib/jenkins/.m2/repository/org/apache/maven/maven-plugin-descriptor/2.0.6/maven-plugin-descriptor-2.0.6.pom">file:///var/lib/jenkins/.m2/repository/org/apache/maven/maven-plugin-descriptor/2.0.6/maven-plugin-descriptor-2.0.6.pom</A>
[INFO] 1K downloaded  (maven-plugin-descriptor-2.0.6.pom)
[INFO] Downloading: <A HREF="file:///var/lib/jenkins/.m2/repository/org/apache/maven/maven-monitor/2.0.6/maven-monitor-2.0.6.pom">file:///var/lib/jenkins/.m2/repository/org/apache/maven/maven-monitor/2.0.6/maven-monitor-2.0.6.pom</A>
[INFO] 1K downloaded  (maven-monitor-2.0.6.pom)
[INFO] Downloading: <A HREF="file:///var/lib/jenkins/.m2/repository/org/apache/maven/wagon/wagon-ssh/1.0-beta-2/wagon-ssh-1.0-beta-2.pom">file:///var/lib/jenkins/.m2/repository/org/apache/maven/wagon/wagon-ssh/1.0-beta-2/wagon-ssh-1.0-beta-2.pom</A>
[INFO] 1K downloaded  (wagon-ssh-1.0-beta-2.pom)
[INFO] Downloading: <A HREF="file:///var/lib/jenkins/.m2/repository/com/jcraft/jsch/0.1.27/jsch-0.1.27.pom">file:///var/lib/jenkins/.m2/repository/com/jcraft/jsch/0.1.27/jsch-0.1.27.pom</A>
[INFO] 965b downloaded  (jsch-0.1.27.pom)
[INFO] Downloading: <A HREF="file:///var/lib/jenkins/.m2/repository/classworlds/classworlds/1.1/classworlds-1.1.pom">file:///var/lib/jenkins/.m2/repository/classworlds/classworlds/1.1/classworlds-1.1.pom</A>
[INFO] 3K downloaded  (classworlds-1.1.pom)
[INFO] Downloading: <A HREF="file:///var/lib/jenkins/.m2/repository/org/codehaus/plexus/plexus-interpolation/1.6/plexus-interpolation-1.6.pom">file:///var/lib/jenkins/.m2/repository/org/codehaus/plexus/plexus-interpolation/1.6/plexus-interpolation-1.6.pom</A>
[INFO] 2K downloaded  (plexus-interpolation-1.6.pom)
[INFO] Downloading: <A HREF="file:///var/lib/jenkins/.m2/repository/org/apache/maven/shared/maven-filtering/1.0-beta-2/maven-filtering-1.0-beta-2.jar">file:///var/lib/jenkins/.m2/repository/org/apache/maven/shared/maven-filtering/1.0-beta-2/maven-filtering-1.0-beta-2.jar</A>
[INFO] Downloading: <A HREF="file:///var/lib/jenkins/.m2/repository/org/codehaus/plexus/plexus-utils/1.5.6/plexus-utils-1.5.6.jar">file:///var/lib/jenkins/.m2/repository/org/codehaus/plexus/plexus-utils/1.5.6/plexus-utils-1.5.6.jar</A>
[INFO] 32K downloaded  (maven-filtering-1.0-beta-2.jar)
[INFO] 244K downloaded  (plexus-utils-1.5.6.jar)
[INFO] Downloading: <A HREF="file:///var/lib/jenkins/.m2/repository/org/codehaus/plexus/plexus-interpolation/1.6/plexus-interpolation-1.6.jar">file:///var/lib/jenkins/.m2/repository/org/codehaus/plexus/plexus-interpolation/1.6/plexus-interpolation-1.6.jar</A>
[INFO] 49K downloaded  (plexus-interpolation-1.6.jar)
[INFO] [INFO] [resources:resources {execution: default-resources}]
[INFO] [WARNING] Using platform encoding (UTF-8 actually) to copy filtered resources, i.e. build is platform dependent!
[INFO] [INFO] skip non existing resourceDirectory /data/devel/jenkins/jobs/ImageJ/workspace/core/legacy/target/it/agent/code-hacker/src/main/resources
[INFO] [INFO] snapshot net.imagej:ij-legacy:2.0.0-SNAPSHOT: checking for updates from local.central
[INFO] [INFO] snapshot net.imagej:pom-ij-core:2.0.0-SNAPSHOT: checking for updates from imagej.releases
[INFO] [INFO] snapshot net.imagej:pom-ij-core:2.0.0-SNAPSHOT: checking for updates from imagej.snapshots
[INFO] [INFO] snapshot net.imagej:pom-ij-core:2.0.0-SNAPSHOT: checking for updates from local.central
[INFO] [INFO] snapshot net.imagej:pom-ij-base:2.0.0-SNAPSHOT: checking for updates from imagej.releases
[INFO] [INFO] snapshot net.imagej:pom-ij-base:2.0.0-SNAPSHOT: checking for updates from imagej.snapshots
[INFO] [INFO] snapshot net.imagej:pom-ij-base:2.0.0-SNAPSHOT: checking for updates from local.central
[INFO] [INFO] snapshot net.imagej:ij-core:2.0.0-SNAPSHOT: checking for updates from local.central
[INFO] [INFO] snapshot net.imagej:ij-core:2.0.0-SNAPSHOT: checking for updates from imagej.releases
[INFO] [INFO] snapshot net.imagej:ij-core:2.0.0-SNAPSHOT: checking for updates from imagej.snapshots
[INFO] [INFO] snapshot net.imagej:ij-core:2.0.0-SNAPSHOT: checking for updates from imagej.thirdparty
[INFO] [INFO] snapshot net.imagej:ij-data:2.0.0-SNAPSHOT: checking for updates from local.central
[INFO] [INFO] snapshot net.imagej:ij-data:2.0.0-SNAPSHOT: checking for updates from imagej.releases
[INFO] [INFO] snapshot net.imagej:ij-data:2.0.0-SNAPSHOT: checking for updates from imagej.snapshots
[INFO] [INFO] snapshot net.imagej:ij-data:2.0.0-SNAPSHOT: checking for updates from imagej.thirdparty
[INFO] [INFO] snapshot net.imagej:ij-options:2.0.0-SNAPSHOT: checking for updates from local.central
[INFO] [INFO] snapshot net.imagej:ij-options:2.0.0-SNAPSHOT: checking for updates from imagej.releases
[INFO] [INFO] snapshot net.imagej:ij-options:2.0.0-SNAPSHOT: checking for updates from imagej.snapshots
[INFO] [INFO] snapshot net.imagej:ij-options:2.0.0-SNAPSHOT: checking for updates from imagej.thirdparty
[INFO] [INFO] snapshot net.imagej:ij-ui:2.0.0-SNAPSHOT: checking for updates from local.central
[INFO] [INFO] snapshot net.imagej:ij-ui:2.0.0-SNAPSHOT: checking for updates from imagej.releases
[INFO] [INFO] snapshot net.imagej:ij-ui:2.0.0-SNAPSHOT: checking for updates from imagej.snapshots
[INFO] [INFO] snapshot net.imagej:ij-ui:2.0.0-SNAPSHOT: checking for updates from imagej.thirdparty
[INFO] [INFO] snapshot net.imagej:ij-updater-core:2.0.0-SNAPSHOT: checking for updates from local.central
[INFO] [INFO] snapshot net.imagej:ij-updater-core:2.0.0-SNAPSHOT: checking for updates from imagej.releases
[INFO] [INFO] snapshot net.imagej:ij-updater-core:2.0.0-SNAPSHOT: checking for updates from imagej.snapshots
[INFO] [INFO] snapshot net.imagej:ij-updater-core:2.0.0-SNAPSHOT: checking for updates from imagej.thirdparty
[INFO] [INFO] snapshot net.imagej:ij-util-awt:2.0.0-SNAPSHOT: checking for updates from local.central
[INFO] [INFO] snapshot net.imagej:ij-util-awt:2.0.0-SNAPSHOT: checking for updates from imagej.releases
[INFO] [INFO] snapshot net.imagej:ij-util-awt:2.0.0-SNAPSHOT: checking for updates from imagej.snapshots
[INFO] [INFO] snapshot net.imagej:ij-util-awt:2.0.0-SNAPSHOT: checking for updates from imagej.thirdparty
[INFO] [INFO] snapshot net.imagej:pom-ij-ui-awt-swing:2.0.0-SNAPSHOT: checking for updates from imagej.releases
[INFO] [INFO] snapshot net.imagej:pom-ij-ui-awt-swing:2.0.0-SNAPSHOT: checking for updates from imagej.snapshots
[INFO] [INFO] snapshot net.imagej:pom-ij-ui-awt-swing:2.0.0-SNAPSHOT: checking for updates from local.central
[INFO] [INFO] snapshot net.imagej:pom-ij-ui-awt-swing:2.0.0-SNAPSHOT: checking for updates from imagej.thirdparty
[INFO] [INFO] snapshot net.imagej:pom-ij-ui:2.0.0-SNAPSHOT: checking for updates from imagej.releases
[INFO] [INFO] snapshot net.imagej:pom-ij-ui:2.0.0-SNAPSHOT: checking for updates from imagej.snapshots
[INFO] [INFO] snapshot net.imagej:pom-ij-ui:2.0.0-SNAPSHOT: checking for updates from local.central
[INFO] [INFO] snapshot net.imagej:pom-ij-ui:2.0.0-SNAPSHOT: checking for updates from imagej.thirdparty
[INFO] Downloading: <A HREF="file:///var/lib/jenkins/.m2/repository/junit/junit/4.8.1/junit-4.8.1.pom">file:///var/lib/jenkins/.m2/repository/junit/junit/4.8.1/junit-4.8.1.pom</A>
[INFO] 949b downloaded  (junit-4.8.1.pom)
[INFO] Downloading: <A HREF="file:///var/lib/jenkins/.m2/repository/org/apache/maven/maven-plugin-api/2.0/maven-plugin-api-2.0.pom">file:///var/lib/jenkins/.m2/repository/org/apache/maven/maven-plugin-api/2.0/maven-plugin-api-2.0.pom</A>
[INFO] 601b downloaded  (maven-plugin-api-2.0.pom)
[INFO] Downloading: <A HREF="file:///var/lib/jenkins/.m2/repository/org/apache/maven/maven/2.0/maven-2.0.pom">file:///var/lib/jenkins/.m2/repository/org/apache/maven/maven/2.0/maven-2.0.pom</A>
[INFO] 8K downloaded  (maven-2.0.pom)
[INFO] Downloading: <A HREF="file:///var/lib/jenkins/.m2/repository/org/codehaus/plexus/plexus-compiler-api/1.5.3/plexus-compiler-api-1.5.3.pom">file:///var/lib/jenkins/.m2/repository/org/codehaus/plexus/plexus-compiler-api/1.5.3/plexus-compiler-api-1.5.3.pom</A>
[INFO] 624b downloaded  (plexus-compiler-api-1.5.3.pom)
[INFO] Downloading: <A HREF="file:///var/lib/jenkins/.m2/repository/org/codehaus/plexus/plexus-compiler/1.5.3/plexus-compiler-1.5.3.pom">file:///var/lib/jenkins/.m2/repository/org/codehaus/plexus/plexus-compiler/1.5.3/plexus-compiler-1.5.3.pom</A>
[INFO] 1K downloaded  (plexus-compiler-1.5.3.pom)
[INFO] Downloading: <A HREF="file:///var/lib/jenkins/.m2/repository/org/codehaus/plexus/plexus-compiler-manager/1.5.3/plexus-compiler-manager-1.5.3.pom">file:///var/lib/jenkins/.m2/repository/org/codehaus/plexus/plexus-compiler-manager/1.5.3/plexus-compiler-manager-1.5.3.pom</A>
[INFO] 634b downloaded  (plexus-compiler-manager-1.5.3.pom)
[INFO] Downloading: <A HREF="file:///var/lib/jenkins/.m2/repository/org/codehaus/plexus/plexus-compiler-javac/1.5.3/plexus-compiler-javac-1.5.3.pom">file:///var/lib/jenkins/.m2/repository/org/codehaus/plexus/plexus-compiler-javac/1.5.3/plexus-compiler-javac-1.5.3.pom</A>
[INFO] 797b downloaded  (plexus-compiler-javac-1.5.3.pom)
[INFO] Downloading: <A HREF="file:///var/lib/jenkins/.m2/repository/org/codehaus/plexus/plexus-compilers/1.5.3/plexus-compilers-1.5.3.pom">file:///var/lib/jenkins/.m2/repository/org/codehaus/plexus/plexus-compilers/1.5.3/plexus-compilers-1.5.3.pom</A>
[INFO] 7K downloaded  (plexus-compilers-1.5.3.pom)
[INFO] Downloading: <A HREF="file:///var/lib/jenkins/.m2/repository/org/codehaus/plexus/plexus-utils/1.0.5/plexus-utils-1.0.5.pom">file:///var/lib/jenkins/.m2/repository/org/codehaus/plexus/plexus-utils/1.0.5/plexus-utils-1.0.5.pom</A>
[INFO] 918b downloaded  (plexus-utils-1.0.5.pom)
[INFO] Downloading: <A HREF="file:///var/lib/jenkins/.m2/repository/org/apache/maven/maven-artifact/2.0/maven-artifact-2.0.pom">file:///var/lib/jenkins/.m2/repository/org/apache/maven/maven-artifact/2.0/maven-artifact-2.0.pom</A>
[INFO] 723b downloaded  (maven-artifact-2.0.pom)
[INFO] Downloading: <A HREF="file:///var/lib/jenkins/.m2/repository/org/codehaus/plexus/plexus-utils/1.0.4/plexus-utils-1.0.4.jar">file:///var/lib/jenkins/.m2/repository/org/codehaus/plexus/plexus-utils/1.0.4/plexus-utils-1.0.4.jar</A>
[INFO] 159K downloaded  (plexus-utils-1.0.4.jar)
[INFO] Downloading: <A HREF="file:///var/lib/jenkins/.m2/repository/org/codehaus/plexus/plexus-compiler-api/1.5.3/plexus-compiler-api-1.5.3.jar">file:///var/lib/jenkins/.m2/repository/org/codehaus/plexus/plexus-compiler-api/1.5.3/plexus-compiler-api-1.5.3.jar</A>
[INFO] 19K downloaded  (plexus-compiler-api-1.5.3.jar)
[INFO] Downloading: <A HREF="file:///var/lib/jenkins/.m2/repository/org/codehaus/plexus/plexus-compiler-manager/1.5.3/plexus-compiler-manager-1.5.3.jar">file:///var/lib/jenkins/.m2/repository/org/codehaus/plexus/plexus-compiler-manager/1.5.3/plexus-compiler-manager-1.5.3.jar</A>
[INFO] 5K downloaded  (plexus-compiler-manager-1.5.3.jar)
[INFO] Downloading: <A HREF="file:///var/lib/jenkins/.m2/repository/org/codehaus/plexus/plexus-compiler-javac/1.5.3/plexus-compiler-javac-1.5.3.jar">file:///var/lib/jenkins/.m2/repository/org/codehaus/plexus/plexus-compiler-javac/1.5.3/plexus-compiler-javac-1.5.3.jar</A>
[INFO] 13K downloaded  (plexus-compiler-javac-1.5.3.jar)
[INFO] [INFO] [compiler:compile {execution: default-compile}]
[INFO] [INFO] No sources to compile
[INFO] [INFO] [resources:testResources {execution: default-testResources}]
[INFO] [WARNING] Using platform encoding (UTF-8 actually) to copy filtered resources, i.e. build is platform dependent!
[INFO] [INFO] skip non existing resourceDirectory /data/devel/jenkins/jobs/ImageJ/workspace/core/legacy/target/it/agent/code-hacker/src/test/resources
[INFO] Downloading: <A HREF="file:///var/lib/jenkins/.m2/repository/junit/junit/4.8.1/junit-4.8.1.jar">file:///var/lib/jenkins/.m2/repository/junit/junit/4.8.1/junit-4.8.1.jar</A>
[INFO] 231K downloaded  (junit-4.8.1.jar)
[INFO] [INFO] [compiler:testCompile {execution: default-testCompile}]
[INFO] [INFO] Compiling 1 source file to /data/devel/jenkins/jobs/ImageJ/workspace/core/legacy/target/it/agent/code-hacker/target/test-classes
[INFO] [INFO] ------------------------------------------------------------------------
[INFO] [ERROR] BUILD FAILURE
[INFO] [INFO] ------------------------------------------------------------------------
[INFO] [INFO] Compilation failure
[INFO] 
[INFO] /data/devel/jenkins/jobs/ImageJ/workspace/core/legacy/target/it/agent/code-hacker/src/test/java/imagej/legacy/CodeHackerTest.java:[38,7] static import declarations are not supported in -source 1.3
[INFO] (use -source 5 or higher to enable static import declarations)
[INFO] import static org.junit.Assert.assertTrue;
[INFO] 
[INFO] /data/devel/jenkins/jobs/ImageJ/workspace/core/legacy/target/it/agent/code-hacker/src/test/java/imagej/legacy/CodeHackerTest.java:[52,2] annotations are not supported in -source 1.3
[INFO] (use -source 5 or higher to enable annotations)
[INFO] 	@Test
[INFO] 
[INFO] 
[INFO] [INFO] ------------------------------------------------------------------------
[INFO] [INFO] Trace
[INFO] org.apache.maven.BuildFailureException: Compilation failure
[INFO] 	at org.apache.maven.lifecycle.DefaultLifecycleExecutor.executeGoals(DefaultLifecycleExecutor.java:715)
[INFO] 	at org.apache.maven.lifecycle.DefaultLifecycleExecutor.executeGoalWithLifecycle(DefaultLifecycleExecutor.java:556)
[INFO] 	at org.apache.maven.lifecycle.DefaultLifecycleExecutor.executeGoal(DefaultLifecycleExecutor.java:535)
[INFO] 	at org.apache.maven.lifecycle.DefaultLifecycleExecutor.executeGoalAndHandleFailures(DefaultLifecycleExecutor.java:387)
[INFO] 	at org.apache.maven.lifecycle.DefaultLifecycleExecutor.executeTaskSegments(DefaultLifecycleExecutor.java:348)
[INFO] 	at org.apache.maven.lifecycle.DefaultLifecycleExecutor.execute(DefaultLifecycleExecutor.java:180)
[INFO] 	at org.apache.maven.DefaultMaven.doExecute(DefaultMaven.java:328)
[INFO] 	at org.apache.maven.DefaultMaven.execute(DefaultMaven.java:138)
[INFO] 	at org.apache.maven.cli.MavenCli.main(MavenCli.java:362)
[INFO] 	at org.apache.maven.cli.compat.CompatibleMain.main(CompatibleMain.java:60)
[INFO] 	at sun.reflect.NativeMethodAccessorImpl.invoke0(Native Method)
[INFO] 	at sun.reflect.NativeMethodAccessorImpl.invoke(NativeMethodAccessorImpl.java:39)
[INFO] 	at sun.reflect.DelegatingMethodAccessorImpl.invoke(DelegatingMethodAccessorImpl.java:25)
[INFO] 	at java.lang.reflect.Method.invoke(Method.java:597)
[INFO] 	at org.codehaus.classworlds.Launcher.launchEnhanced(Launcher.java:315)
[INFO] 	at org.codehaus.classworlds.Launcher.launch(Launcher.java:255)
[INFO] 	at org.codehaus.classworlds.Launcher.mainWithExitCode(Launcher.java:430)
[INFO] 	at org.codehaus.classworlds.Launcher.main(Launcher.java:375)
[INFO] Caused by: org.apache.maven.plugin.CompilationFailureException: Compilation failure
[INFO] 	at org.apache.maven.plugin.AbstractCompilerMojo.execute(AbstractCompilerMojo.java:516)
[INFO] 	at org.apache.maven.plugin.TestCompilerMojo.execute(TestCompilerMojo.java:102)
[INFO] 	at org.apache.maven.plugin.DefaultPluginManager.executeMojo(DefaultPluginManager.java:490)
[INFO] 	at org.apache.maven.lifecycle.DefaultLifecycleExecutor.executeGoals(DefaultLifecycleExecutor.java:694)
[INFO] 	... 17 more
[INFO] [INFO] ------------------------------------------------------------------------
[INFO] [INFO] Total time: 7 seconds
[INFO] [INFO] Finished at: Tue Jun 18 14:10:20 CDT 2013
[INFO] [INFO] Final Memory: 20M/455M
[INFO] [INFO] ------------------------------------------------------------------------
[INFO] ..FAILED (7.7 s)
[INFO]   The build exited with code 1. See /data/devel/jenkins/jobs/ImageJ/workspace/core/legacy/target/it/agent/build.log for details.
[INFO] -------------------------------------------------
[INFO] Build Summary:
[INFO]   Passed: 0, Failed: 1, Errors: 0, Skipped: 0
[INFO] -------------------------------------------------
[ERROR] The following builds failed:
[ERROR] *  agent/pom.xml
[INFO] -------------------------------------------------
[INFO] ------------------------------------------------------------------------
[ERROR] BUILD FAILURE
[INFO] ------------------------------------------------------------------------
[INFO] 1 build failed. See console output above for details.
[INFO] ------------------------------------------------------------------------
[INFO] For more information, run Maven with the -e switch
[INFO] ------------------------------------------------------------------------
[INFO] Total time: 52 seconds
[INFO] Finished at: Tue Jun 18 14:10:20 CDT 2013
[INFO] Final Memory: 98M/1550M
[INFO] ------------------------------------------------------------------------
Build step 'Invoke top-level Maven targets' marked build as failure
Archiving artifacts
Build step 'Groovy Postbuild' marked build as failure
Recording test results
Performance: No threshold configured for making the test unstable
Performance: No threshold configured for making the test failure
Performance: Recording JUnit reports '**/TEST-*.xml'
Performance: Parsing JUnit report file TEST-imagej.command.CommandServiceTest.xml
Performance: Parsing JUnit report file TEST-imagej.display.DisplayTest.xml
Performance: Parsing JUnit report file TEST-imagej.menu.ShadowMenuTest.xml
Performance: Parsing JUnit report file TEST-imagej.script.JavascriptTest.xml
Performance: Parsing JUnit report file TEST-imagej.util.ColorRGBTest.xml
Performance: Parsing JUnit report file TEST-imagej.util.PrefsTest.xml
Performance: Parsing JUnit report file TEST-imagej.util.UnitUtilsTest.xml
Performance: Parsing JUnit report file TEST-imagej.data.DatasetTest.xml
Performance: Parsing JUnit report file TEST-imagej.data.ExtentsTest.xml
Performance: Parsing JUnit report file TEST-imagej.data.PositionTest.xml
Performance: Parsing JUnit report file TEST-imagej.data.TestCursorSpeeds.xml
Performance: Parsing JUnit report file TEST-imagej.data.autoscale.ConfidenceIntervalAutoscaleMethodTest.xml
Performance: Parsing JUnit report file TEST-imagej.data.display.ImageCanvasTest.xml
Performance: Parsing JUnit report file TEST-imagej.data.overlay.TestBinaryMaskOverlay.xml
Performance: Parsing JUnit report file TEST-imagej.data.table.DefaultResultsTableTest.xml
Performance: Parsing JUnit report file TEST-imagej.legacy.LegacyHeadlessTest.xml
Performance: Parsing JUnit report file TEST-imagej.legacy.LegacyImageMapTest.xml
Performance: Parsing JUnit report file TEST-imagej.legacy.LegacyServiceTest.xml
Performance: Parsing JUnit report file TEST-imagej.legacy.OverlayHarmonizerTest.xml
Performance: Parsing JUnit report file TEST-imagej.legacy.translate.LegacyUtilsTest.xml
Performance: Parsing JUnit report file TEST-imagej.legacy.translate.MergedRgbVirtualStackTest.xml
Performance: Parsing JUnit report file TEST-imagej.updater.core.CommandLineUpdaterTest.xml
Performance: Parsing JUnit report file TEST-imagej.updater.core.LocalhostUploaderTest.xml
Performance: Parsing JUnit report file TEST-imagej.updater.core.UpdaterTest.xml
Performance: Parsing JUnit report file TEST-imagej.updater.util.DependencyAnalyzerTest.xml
Performance: Parsing JUnit report file TEST-imagej.core.commands.upload.InteractiveUploadTest.xml
Performance: File TEST-imagej.command.CommandServiceTest.xml reported 0.0% of errors [SUCCESS]. Build status is: FAILURE
Performance: File TEST-imagej.display.DisplayTest.xml reported 0.0% of errors [SUCCESS]. Build status is: FAILURE
Performance: File TEST-imagej.menu.ShadowMenuTest.xml reported 0.0% of errors [SUCCESS]. Build status is: FAILURE
Performance: File TEST-imagej.script.JavascriptTest.xml reported 0.0% of errors [SUCCESS]. Build status is: FAILURE
Performance: File TEST-imagej.util.ColorRGBTest.xml reported 0.0% of errors [SUCCESS]. Build status is: FAILURE
Performance: File TEST-imagej.util.PrefsTest.xml reported 0.0% of errors [SUCCESS]. Build status is: FAILURE
Performance: File TEST-imagej.util.UnitUtilsTest.xml reported 0.0% of errors [SUCCESS]. Build status is: FAILURE
Performance: File TEST-imagej.data.DatasetTest.xml reported 0.0% of errors [SUCCESS]. Build status is: FAILURE
Performance: File TEST-imagej.data.ExtentsTest.xml reported 0.0% of errors [SUCCESS]. Build status is: FAILURE
Performance: File TEST-imagej.data.PositionTest.xml reported 0.0% of errors [SUCCESS]. Build status is: FAILURE
Performance: File TEST-imagej.data.TestCursorSpeeds.xml reported 0.0% of errors [SUCCESS]. Build status is: FAILURE
Performance: File TEST-imagej.data.autoscale.ConfidenceIntervalAutoscaleMethodTest.xml reported 0.0% of errors [SUCCESS]. Build status is: FAILURE
Performance: File TEST-imagej.data.display.ImageCanvasTest.xml reported 0.0% of errors [SUCCESS]. Build status is: FAILURE
Performance: File TEST-imagej.data.overlay.TestBinaryMaskOverlay.xml reported 0.0% of errors [SUCCESS]. Build status is: FAILURE
Performance: File TEST-imagej.data.table.DefaultResultsTableTest.xml reported 0.0% of errors [SUCCESS]. Build status is: FAILURE
Performance: File TEST-imagej.legacy.LegacyHeadlessTest.xml reported 0.0% of errors [SUCCESS]. Build status is: FAILURE
Performance: File TEST-imagej.legacy.LegacyImageMapTest.xml reported 0.0% of errors [SUCCESS]. Build status is: FAILURE
Performance: File TEST-imagej.legacy.LegacyServiceTest.xml reported 0.0% of errors [SUCCESS]. Build status is: FAILURE
Performance: File TEST-imagej.legacy.OverlayHarmonizerTest.xml reported 0.0% of errors [SUCCESS]. Build status is: FAILURE
Performance: File TEST-imagej.legacy.translate.LegacyUtilsTest.xml reported 0.0% of errors [SUCCESS]. Build status is: FAILURE
Performance: File TEST-imagej.legacy.translate.MergedRgbVirtualStackTest.xml reported 0.0% of errors [SUCCESS]. Build status is: FAILURE
Performance: File TEST-imagej.updater.core.CommandLineUpdaterTest.xml reported 0.0% of errors [SUCCESS]. Build status is: FAILURE
Performance: File TEST-imagej.updater.core.LocalhostUploaderTest.xml reported 0.0% of errors [SUCCESS]. Build status is: FAILURE
Performance: File TEST-imagej.updater.core.UpdaterTest.xml reported 0.0% of errors [SUCCESS]. Build status is: FAILURE
Performance: File TEST-imagej.updater.util.DependencyAnalyzerTest.xml reported 0.0% of errors [SUCCESS]. Build status is: FAILURE
Performance: File TEST-imagej.core.commands.upload.InteractiveUploadTest.xml reported 0.0% of errors [SUCCESS]. Build status is: FAILURE
Failed to send e-mail to nikolaus.ehrenfeuchter because no e-mail address is known, and no default e-mail domain is configured

</PRE>


<!--endarticle-->
    <HR>
    <P><UL>
        <!--threads-->
	<LI>Previous message: <A HREF="002048.html">[ImageJ-builds] mail-watcher-plugin: Computer Windows marked online
</A></li>
	<LI>Next message: <A HREF="002056.html">[ImageJ-builds] Build failed in Jenkins: ImageJ #4653
</A></li>
         <LI> <B>Messages sorted by:</B> 
              <a href="date.html#2055">[ date ]</a>
              <a href="thread.html#2055">[ thread ]</a>
              <a href="subject.html#2055">[ subject ]</a>
              <a href="author.html#2055">[ author ]</a>
         </LI>
       </UL>

<hr>
<a href="http://imagej.net/mailman/listinfo/imagej-builds">More information about the ImageJ-builds
mailing list</a><br>
</body></html>
