<!DOCTYPE HTML PUBLIC "-//W3C//DTD HTML 4.01 Transitional//EN">
<HTML>
 <HEAD>
   <TITLE> [ImageJ-builds] Build failed in Jenkins: ImageJ1-unit-tests #126
   </TITLE>
   <LINK REL="Index" HREF="index.html" >
   <LINK REL="made" HREF="mailto:imagej-builds%40imagej.net?Subject=Re%3A%20%5BImageJ-builds%5D%20Build%20failed%20in%20Jenkins%3A%20ImageJ1-unit-tests%20%23126&In-Reply-To=%3C1168240674.4.1370489770755.JavaMail.jenkins%40dev%3E">
   <META NAME="robots" CONTENT="index,nofollow">
   <style type="text/css">
       pre {
           white-space: pre-wrap;       /* css-2.1, curent FF, Opera, Safari */
           }
   </style>
   <META http-equiv="Content-Type" content="text/html; charset=us-ascii">
   <LINK REL="Previous"  HREF="001958.html">
   <LINK REL="Next"  HREF="002005.html">
 </HEAD>
 <BODY BGCOLOR="#ffffff">
   <H1>[ImageJ-builds] Build failed in Jenkins: ImageJ1-unit-tests #126</H1>
    <B>jenkins at imagej.net</B> 
    <A HREF="mailto:imagej-builds%40imagej.net?Subject=Re%3A%20%5BImageJ-builds%5D%20Build%20failed%20in%20Jenkins%3A%20ImageJ1-unit-tests%20%23126&In-Reply-To=%3C1168240674.4.1370489770755.JavaMail.jenkins%40dev%3E"
       TITLE="[ImageJ-builds] Build failed in Jenkins: ImageJ1-unit-tests #126">jenkins at imagej.net
       </A><BR>
    <I>Wed Jun  5 22:36:10 CDT 2013</I>
    <P><UL>
        <LI>Previous message: <A HREF="001958.html">[ImageJ-builds] Build failed in Jenkins: ImageJ1-unit-tests #125
</A></li>
        <LI>Next message: <A HREF="002005.html">[ImageJ-builds] Build failed in Jenkins: ImageJ1-unit-tests #127
</A></li>
         <LI> <B>Messages sorted by:</B> 
              <a href="date.html#2004">[ date ]</a>
              <a href="thread.html#2004">[ thread ]</a>
              <a href="subject.html#2004">[ subject ]</a>
              <a href="author.html#2004">[ author ]</a>
         </LI>
       </UL>
    <HR>  
<!--beginarticle-->
<PRE>See &lt;<A HREF="http://jenkins.imagej.net/job/ImageJ1-unit-tests/126/">http://jenkins.imagej.net/job/ImageJ1-unit-tests/126/</A>&gt;

------------------------------------------
Started by upstream project &quot;Synchronize-and-deploy-IJ1&quot; build number 1528
Building on master
Checkout:workspace / &lt;<A HREF="http://jenkins.imagej.net/job/ImageJ1-unit-tests/ws/">http://jenkins.imagej.net/job/ImageJ1-unit-tests/ws/</A>&gt; - <A HREF="http://imagej.net/mailman/listinfo/imagej-builds">hudson.remoting.LocalChannel at 30e06e9</A>
Using strategy: Default
Last Built Revision: Revision 7167e0e937b2a30642bea59ee737b90ecc8f5363 (origin/master)
Fetching changes from 1 remote Git repository
Fetching upstream changes from <A HREF="git://github.com/imagej/ij1-tests">git://github.com/imagej/ij1-tests</A>
Seen branch in repository origin/HEAD
Seen branch in repository origin/master
Commencing build of Revision 7167e0e937b2a30642bea59ee737b90ecc8f5363 (origin/master)
Checking out Revision 7167e0e937b2a30642bea59ee737b90ecc8f5363 (origin/master)
[workspace] $ mvn clean test
[INFO] Scanning for projects...
[INFO] ------------------------------------------------------------------------
[INFO] Building ImageJ1 unit tests
[INFO]    task-segment: [clean, test]
[INFO] ------------------------------------------------------------------------
[INFO] [clean:clean {execution: default-clean}]
[INFO] Deleting /data/devel/jenkins/jobs/ImageJ1-unit-tests/workspace/target
[debug] execute contextualize
[INFO] [resources:resources {execution: default-resources}]
[INFO] Using 'UTF-8' encoding to copy filtered resources.
[INFO] skip non existing resourceDirectory /data/devel/jenkins/jobs/ImageJ1-unit-tests/workspace/src/main/resources
[INFO] snapshot loci:bio-formats:4.4-SNAPSHOT: checking for updates from imagej.releases
[INFO] snapshot loci:bio-formats:4.4-SNAPSHOT: checking for updates from imagej.snapshots
[INFO] snapshot loci:bio-formats:4.4-SNAPSHOT: checking for updates from loci.releases
[INFO] snapshot loci:bio-formats:4.4-SNAPSHOT: checking for updates from loci.snapshots
[INFO] snapshot loci:bio-formats:4.4-SNAPSHOT: checking for updates from imagej.thirdparty
[INFO] snapshot loci:bio-formats:4.4-SNAPSHOT: checking for updates from java.net
[INFO] snapshot loci:pom-scifio:4.4-SNAPSHOT: checking for updates from imagej.releases
[INFO] snapshot loci:pom-scifio:4.4-SNAPSHOT: checking for updates from imagej.snapshots
[INFO] snapshot loci:pom-scifio:4.4-SNAPSHOT: checking for updates from loci.releases
[INFO] snapshot loci:pom-scifio:4.4-SNAPSHOT: checking for updates from loci.snapshots
[INFO] snapshot loci:pom-scifio:4.4-SNAPSHOT: checking for updates from imagej.thirdparty
[INFO] snapshot loci:pom-scifio:4.4-SNAPSHOT: checking for updates from java.net
[INFO] snapshot loci:loci-common:4.4-SNAPSHOT: checking for updates from imagej.releases
[INFO] snapshot loci:loci-common:4.4-SNAPSHOT: checking for updates from imagej.snapshots
[INFO] snapshot loci:loci-common:4.4-SNAPSHOT: checking for updates from loci.releases
[INFO] snapshot loci:loci-common:4.4-SNAPSHOT: checking for updates from loci.snapshots
[INFO] snapshot loci:loci-common:4.4-SNAPSHOT: checking for updates from imagej.thirdparty
[INFO] snapshot loci:loci-common:4.4-SNAPSHOT: checking for updates from java.net
[INFO] snapshot loci:mdbtools-java:4.4-SNAPSHOT: checking for updates from imagej.releases
[INFO] snapshot loci:mdbtools-java:4.4-SNAPSHOT: checking for updates from imagej.snapshots
[INFO] snapshot loci:mdbtools-java:4.4-SNAPSHOT: checking for updates from loci.releases
[INFO] snapshot loci:mdbtools-java:4.4-SNAPSHOT: checking for updates from loci.snapshots
[INFO] snapshot loci:mdbtools-java:4.4-SNAPSHOT: checking for updates from imagej.thirdparty
[INFO] snapshot loci:mdbtools-java:4.4-SNAPSHOT: checking for updates from java.net
[INFO] snapshot loci:metakit:4.4-SNAPSHOT: checking for updates from imagej.releases
[INFO] snapshot loci:metakit:4.4-SNAPSHOT: checking for updates from imagej.snapshots
[INFO] snapshot loci:metakit:4.4-SNAPSHOT: checking for updates from loci.releases
[INFO] snapshot loci:metakit:4.4-SNAPSHOT: checking for updates from loci.snapshots
[INFO] snapshot loci:metakit:4.4-SNAPSHOT: checking for updates from imagej.thirdparty
[INFO] snapshot loci:metakit:4.4-SNAPSHOT: checking for updates from java.net
[INFO] snapshot loci:ome-xml:4.4-SNAPSHOT: checking for updates from imagej.releases
[INFO] snapshot loci:ome-xml:4.4-SNAPSHOT: checking for updates from imagej.snapshots
[INFO] snapshot loci:ome-xml:4.4-SNAPSHOT: checking for updates from loci.releases
[INFO] snapshot loci:ome-xml:4.4-SNAPSHOT: checking for updates from loci.snapshots
[INFO] snapshot loci:ome-xml:4.4-SNAPSHOT: checking for updates from imagej.thirdparty
[INFO] snapshot loci:ome-xml:4.4-SNAPSHOT: checking for updates from java.net
[INFO] snapshot loci:poi-loci:4.4-SNAPSHOT: checking for updates from imagej.releases
[INFO] snapshot loci:poi-loci:4.4-SNAPSHOT: checking for updates from imagej.snapshots
[INFO] snapshot loci:poi-loci:4.4-SNAPSHOT: checking for updates from loci.releases
[INFO] snapshot loci:poi-loci:4.4-SNAPSHOT: checking for updates from loci.snapshots
[INFO] snapshot loci:poi-loci:4.4-SNAPSHOT: checking for updates from imagej.thirdparty
[INFO] snapshot loci:poi-loci:4.4-SNAPSHOT: checking for updates from java.net
[INFO] snapshot loci:scifio:4.4-SNAPSHOT: checking for updates from imagej.releases
[INFO] snapshot loci:scifio:4.4-SNAPSHOT: checking for updates from imagej.snapshots
[INFO] snapshot loci:scifio:4.4-SNAPSHOT: checking for updates from loci.releases
[INFO] snapshot loci:scifio:4.4-SNAPSHOT: checking for updates from loci.snapshots
[INFO] snapshot loci:scifio:4.4-SNAPSHOT: checking for updates from imagej.thirdparty
[INFO] snapshot loci:scifio:4.4-SNAPSHOT: checking for updates from java.net
[INFO] snapshot loci:jai_imageio:4.4-SNAPSHOT: checking for updates from imagej.releases
[INFO] snapshot loci:jai_imageio:4.4-SNAPSHOT: checking for updates from imagej.snapshots
[INFO] snapshot loci:jai_imageio:4.4-SNAPSHOT: checking for updates from loci.releases
[INFO] snapshot loci:jai_imageio:4.4-SNAPSHOT: checking for updates from loci.snapshots
[INFO] snapshot loci:jai_imageio:4.4-SNAPSHOT: checking for updates from imagej.thirdparty
[INFO] snapshot loci:jai_imageio:4.4-SNAPSHOT: checking for updates from java.net
[INFO] snapshot loci:lwf-stubs:4.4-SNAPSHOT: checking for updates from imagej.releases
[INFO] snapshot loci:lwf-stubs:4.4-SNAPSHOT: checking for updates from imagej.snapshots
[INFO] snapshot loci:lwf-stubs:4.4-SNAPSHOT: checking for updates from loci.releases
[INFO] snapshot loci:lwf-stubs:4.4-SNAPSHOT: checking for updates from loci.snapshots
[INFO] snapshot loci:lwf-stubs:4.4-SNAPSHOT: checking for updates from imagej.thirdparty
[INFO] snapshot loci:lwf-stubs:4.4-SNAPSHOT: checking for updates from java.net
[INFO] [compiler:compile {execution: default-compile}]
[INFO] No sources to compile
[debug] execute contextualize
[INFO] [resources:testResources {execution: default-testResources}]
[INFO] Using 'UTF-8' encoding to copy filtered resources.
[INFO] Copying 28 resources
[INFO] [compiler:testCompile {execution: default-testCompile}]
[INFO] Compiling 85 source files to /data/devel/jenkins/jobs/ImageJ1-unit-tests/workspace/target/test-classes
[INFO] [surefire:test {execution: default-test}]
[INFO] Surefire report directory: /data/devel/jenkins/jobs/ImageJ1-unit-tests/workspace/target/surefire-reports

-------------------------------------------------------
 T E S T S
-------------------------------------------------------
Running ij.IJEventListenerTest
Tests run: 2, Failures: 0, Errors: 0, Skipped: 0, Time elapsed: 0.059 sec
Running ij.process.FloatProcessorTest
Tests run: 81, Failures: 0, Errors: 0, Skipped: 0, Time elapsed: 2.06 sec
Running ij.process.LUTTest
Tests run: 7, Failures: 0, Errors: 0, Skipped: 0, Time elapsed: 0.007 sec
Running ij.process.ByteProcessorTest
Tests run: 71, Failures: 0, Errors: 0, Skipped: 0, Time elapsed: 0.892 sec
Running ij.process.ShortProcessorTest
Tests run: 86, Failures: 0, Errors: 0, Skipped: 0, Time elapsed: 9.78 sec
Running ij.process.ColorProcessorTest
Tests run: 86, Failures: 0, Errors: 0, Skipped: 0, Time elapsed: 1.785 sec
Running ij.process.ImageProcessorTest
Tests run: 184, Failures: 0, Errors: 0, Skipped: 0, Time elapsed: 1.725 sec
Running ij.process.BinaryProcessorTest
Tests run: 5, Failures: 0, Errors: 0, Skipped: 0, Time elapsed: 0.166 sec
Running ij.io.DirectoryChooserTest
Tests run: 3, Failures: 0, Errors: 0, Skipped: 0, Time elapsed: 0.002 sec
Running ij.io.RandomAccessStreamTest
Tests run: 16, Failures: 0, Errors: 0, Skipped: 0, Time elapsed: 0.019 sec
Running ij.io.FileOpenerTest
Tests run: 8, Failures: 0, Errors: 0, Skipped: 0, Time elapsed: 1.337 sec
Running ij.io.BitBufferTest
Tests run: 2, Failures: 0, Errors: 0, Skipped: 0, Time elapsed: 0.002 sec
Running ij.io.ImageWriterTest
Tests run: 1, Failures: 0, Errors: 0, Skipped: 0, Time elapsed: 0.04 sec
Running ij.io.FileInfoTest
Tests run: 6, Failures: 0, Errors: 0, Skipped: 0, Time elapsed: 0.006 sec
Running ij.io.ImageReaderTest
java.net.MalformedURLException: no protocol: ashdjjfj
java.net.UnknownHostException: fred.joe.john.edu
java.io.FileNotFoundException: <A HREF="http://www.google.com/ooglywooglygugglychoogly.tiff">http://www.google.com/ooglywooglygugglychoogly.tiff</A>
Tests run: 16, Failures: 0, Errors: 0, Skipped: 0, Time elapsed: 2.625 sec
Running ij.CommandListenerTest
Tests run: 1, Failures: 0, Errors: 0, Skipped: 0, Time elapsed: 0 sec
Running ij.ImagePlusTest
Unsupported format or not found
The Cut and Copy commands require
an area selection, or no selection.
The Cut and Copy commands require
an area selection, or no selection.
Tests run: 125, Failures: 1, Errors: 0, Skipped: 0, Time elapsed: 0.327 sec &lt;&lt;&lt; FAILURE!
Running ij.VirtualStackTest
Tests run: 22, Failures: 0, Errors: 0, Skipped: 0, Time elapsed: 0.042 sec
Running ij.macro.SymbolTest
Tests run: 4, Failures: 0, Errors: 0, Skipped: 0, Time elapsed: 0 sec
Running ij.macro.ReturnExceptionTest
Tests run: 1, Failures: 0, Errors: 0, Skipped: 0, Time elapsed: 0 sec
Running ij.ImageListenerTest
Tests run: 1, Failures: 0, Errors: 0, Skipped: 0, Time elapsed: 0 sec
Running ij.CompositeImageTest
Tests run: 29, Failures: 0, Errors: 0, Skipped: 0, Time elapsed: 0.072 sec
Running ij.util.ToolsTest
Tests run: 13, Failures: 0, Errors: 0, Skipped: 0, Time elapsed: 0.007 sec
Running ij.util.StringSorterTest
Tests run: 1, Failures: 0, Errors: 0, Skipped: 0, Time elapsed: 0.001 sec
Running ij.UndoTest
Tests run: 1, Failures: 0, Errors: 0, Skipped: 0, Time elapsed: 0 sec
Running ij.ExecuterTest
Tests run: 6, Failures: 0, Errors: 0, Skipped: 0, Time elapsed: 1.051 sec
Running ij.LookUpTableTest
Tests run: 8, Failures: 0, Errors: 0, Skipped: 0, Time elapsed: 0.046 sec
Running ij.ImageStackTest
Tests run: 27, Failures: 0, Errors: 0, Skipped: 0, Time elapsed: 2.566 sec
Running ij.measure.MeasurementsTest
Tests run: 1, Failures: 0, Errors: 0, Skipped: 0, Time elapsed: 0 sec
Running ij.measure.CalibrationTest
Tests run: 35, Failures: 0, Errors: 0, Skipped: 0, Time elapsed: 0.086 sec
Running ij.measure.ResultsTableTest
Tests run: 37, Failures: 0, Errors: 0, Skipped: 0, Time elapsed: 0.89 sec
Running ij.measure.CurveFitterTest
Tests run: 24, Failures: 0, Errors: 0, Skipped: 0, Time elapsed: 1.554 sec
Running ij.measure.SplineFitterTest
Tests run: 2, Failures: 0, Errors: 0, Skipped: 0, Time elapsed: 0 sec
Running ij.gui.ArrowTest
Tests run: 13, Failures: 0, Errors: 0, Skipped: 0, Time elapsed: 0.006 sec
Running ij.gui.ProgressBarTest
Tests run: 8, Failures: 0, Errors: 0, Skipped: 0, Time elapsed: 0.001 sec
Running ij.gui.OverlayTest
Tests run: 12, Failures: 0, Errors: 0, Skipped: 0, Time elapsed: 0.006 sec
Running ij.gui.LineTest
Tests run: 16, Failures: 0, Errors: 0, Skipped: 0, Time elapsed: 0.011 sec
Running ij.gui.TrimmedButtonTest
Tests run: 1, Failures: 0, Errors: 0, Skipped: 0, Time elapsed: 0 sec
Running ij.gui.RoiTest
Tests run: 52, Failures: 0, Errors: 0, Skipped: 0, Time elapsed: 0.027 sec
Running ij.gui.WandTest
Tests run: 8, Failures: 0, Errors: 0, Skipped: 0, Time elapsed: 0.005 sec
Running ij.gui.ToolbarTest
Tests run: 1, Failures: 0, Errors: 0, Skipped: 0, Time elapsed: 0.001 sec
Running ij.gui.TextRoiTest
Tests run: 14, Failures: 0, Errors: 0, Skipped: 0, Time elapsed: 0.006 sec
Running ij.gui.PolygonRoiTest
Tests run: 24, Failures: 0, Errors: 0, Skipped: 0, Time elapsed: 0.019 sec
Running ij.gui.ImageRoiTest
Tests run: 5, Failures: 0, Errors: 0, Skipped: 0, Time elapsed: 0.003 sec
Running ij.gui.ProfilePlotTest
Tests run: 6, Failures: 0, Errors: 0, Skipped: 0, Time elapsed: 0.001 sec
Running ij.gui.FreehandRoiTest
Tests run: 1, Failures: 0, Errors: 0, Skipped: 0, Time elapsed: 0.001 sec
Running ij.gui.ShapeRoiTest
Tests run: 22, Failures: 0, Errors: 0, Skipped: 0, Time elapsed: 0.293 sec
Running ij.gui.OvalRoiTest
Tests run: 9, Failures: 0, Errors: 0, Skipped: 0, Time elapsed: 0.006 sec
Running ij.gui.PlotTest
Tests run: 20, Failures: 0, Errors: 0, Skipped: 0, Time elapsed: 0.629 sec
Running ij.gui.PointRoiTest
Tests run: 10, Failures: 0, Errors: 0, Skipped: 0, Time elapsed: 0.036 sec

Results :

Failed tests:   testSaveAndRestoreRoi(ij.ImagePlusTest): expected:&lt;Roi[Rectangle, x=0, y=0, width=1, height=1]&gt; but was:&lt;Roi[Rectangle, x=0, y=0, width=2, height=5]&gt;

Tests run: 1134, Failures: 1, Errors: 0, Skipped: 0

[INFO] ------------------------------------------------------------------------
[ERROR] BUILD FAILURE
[INFO] ------------------------------------------------------------------------
[INFO] There are test failures.

Please refer to /data/devel/jenkins/jobs/ImageJ1-unit-tests/workspace/target/surefire-reports for the individual test results.
[INFO] ------------------------------------------------------------------------
[INFO] For more information, run Maven with the -e switch
[INFO] ------------------------------------------------------------------------
[INFO] Total time: 1 minute 2 seconds
[INFO] Finished at: Wed Jun 05 22:36:09 CDT 2013
[INFO] Final Memory: 37M/643M
[INFO] ------------------------------------------------------------------------
Build step 'Invoke top-level Maven targets' marked build as failure
Recording test results

</PRE>


<!--endarticle-->
    <HR>
    <P><UL>
        <!--threads-->
	<LI>Previous message: <A HREF="001958.html">[ImageJ-builds] Build failed in Jenkins: ImageJ1-unit-tests #125
</A></li>
	<LI>Next message: <A HREF="002005.html">[ImageJ-builds] Build failed in Jenkins: ImageJ1-unit-tests #127
</A></li>
         <LI> <B>Messages sorted by:</B> 
              <a href="date.html#2004">[ date ]</a>
              <a href="thread.html#2004">[ thread ]</a>
              <a href="subject.html#2004">[ subject ]</a>
              <a href="author.html#2004">[ author ]</a>
         </LI>
       </UL>

<hr>
<a href="http://imagej.net/mailman/listinfo/imagej-builds">More information about the ImageJ-builds
mailing list</a><br>
</body></html>
