<!DOCTYPE HTML PUBLIC "-//W3C//DTD HTML 4.01 Transitional//EN">
<HTML>
 <HEAD>
   <TITLE> [ImageJ-builds] Build failed in Jenkins: NAR-Maven-Plugin-windows	#105
   </TITLE>
   <LINK REL="Index" HREF="index.html" >
   <LINK REL="made" HREF="mailto:imagej-builds%40imagej.net?Subject=Re%3A%20%5BImageJ-builds%5D%20Build%20failed%20in%20Jenkins%3A%20NAR-Maven-Plugin-windows%0A%09%23105&In-Reply-To=%3C200686245.103.1459185188710.JavaMail.jenkins%40dev%3E">
   <META NAME="robots" CONTENT="index,nofollow">
   <style type="text/css">
       pre {
           white-space: pre-wrap;       /* css-2.1, curent FF, Opera, Safari */
           }
   </style>
   <META http-equiv="Content-Type" content="text/html; charset=us-ascii">
   <LINK REL="Previous"  HREF="012125.html">
   <LINK REL="Next"  HREF="012048.html">
 </HEAD>
 <BODY BGCOLOR="#ffffff">
   <H1>[ImageJ-builds] Build failed in Jenkins: NAR-Maven-Plugin-windows	#105</H1>
    <B>jenkins at imagej.net</B> 
    <A HREF="mailto:imagej-builds%40imagej.net?Subject=Re%3A%20%5BImageJ-builds%5D%20Build%20failed%20in%20Jenkins%3A%20NAR-Maven-Plugin-windows%0A%09%23105&In-Reply-To=%3C200686245.103.1459185188710.JavaMail.jenkins%40dev%3E"
       TITLE="[ImageJ-builds] Build failed in Jenkins: NAR-Maven-Plugin-windows	#105">jenkins at imagej.net
       </A><BR>
    <I>Mon Mar 28 12:13:08 CDT 2016</I>
    <P><UL>
        <LI>Previous message: <A HREF="012125.html">[ImageJ-builds] Build failed in Jenkins: NAR-Maven-Plugin-windows	#104
</A></li>
        <LI>Next message: <A HREF="012048.html">[ImageJ-builds] mail-watcher-plugin: Computer open.microscopy	marked online
</A></li>
         <LI> <B>Messages sorted by:</B> 
              <a href="date.html#12134">[ date ]</a>
              <a href="thread.html#12134">[ thread ]</a>
              <a href="subject.html#12134">[ subject ]</a>
              <a href="author.html#12134">[ author ]</a>
         </LI>
       </UL>
    <HR>  
<!--beginarticle-->
<PRE>See &lt;<A HREF="http://jenkins.imagej.net/job/NAR-Maven-Plugin-windows/105/changes">http://jenkins.imagej.net/job/NAR-Maven-Plugin-windows/105/changes</A>&gt;

Changes:

[gorf4673] Check the artifact specific unpack directory is empty

[gorf4673] Windows addition of delay during re attempting delete

[gorf4673] DRY Remove duplicate function provided by super

[gorf4673] Remove duplicate libraries from msvc linking, resolve incorrect path lookup

[gorf4673] Re-enable visitLibraries match check as warning

[gorf4673] Updates to VCProj for handling SystemPath and Includes

[gorf4673] Filters elements such as cr\lf that are problematic when used in defines

[gorf4673] Fix NPE for partial Windows Platform SDK install

[gorf4673] Remove /Fa compile option as it isn't multi host friendly

------------------------------------------
[...truncated 57 lines...]
[INFO] 
[INFO] --- maven-plugin-plugin:3.2:descriptor (default-descriptor) @ nar-maven-plugin ---
[INFO] Using 'UTF-8' encoding to read mojo metadata.
[INFO] Applying mojo extractor for language: java
[INFO] Mojo extractor for language: java found 0 mojo descriptors.
[INFO] Applying mojo extractor for language: bsh
[INFO] Mojo extractor for language: bsh found 0 mojo descriptors.
[INFO] Applying mojo extractor for language: java-annotations
[INFO] Mojo extractor for language: java-annotations found 0 mojo descriptors.
[INFO] 
[INFO] --- maven-remote-resources-plugin:1.5:process (default) @ nar-maven-plugin ---
[INFO] 
[INFO] --- maven-resources-plugin:2.6:resources (default-resources) @ nar-maven-plugin ---
[INFO] Using 'UTF-8' encoding to copy filtered resources.
[INFO] Copying 4 resources
[INFO] Copying 3 resources
[INFO] 
[INFO] --- maven-compiler-plugin:2.3.2:compile (default-compile) @ nar-maven-plugin ---
[INFO] Compiling 254 source files to &lt;<A HREF="http://jenkins.imagej.net/job/NAR-Maven-Plugin-windows/ws/target\classes">http://jenkins.imagej.net/job/NAR-Maven-Plugin-windows/ws/target\classes</A>&gt;
[INFO] 
[INFO] --- maven-plugin-plugin:3.2:descriptor (generate-descriptor) @ nar-maven-plugin ---
[INFO] Using 'UTF-8' encoding to read mojo metadata.
[INFO] Applying mojo extractor for language: java
[INFO] Mojo extractor for language: java found 0 mojo descriptors.
[INFO] Applying mojo extractor for language: bsh
[INFO] Mojo extractor for language: bsh found 0 mojo descriptors.
[INFO] Applying mojo extractor for language: java-annotations
[INFO] Mojo extractor for language: java-annotations found 23 mojo descriptors.
[INFO] 
[INFO] --- maven-resources-plugin:2.6:testResources (default-testResources) @ nar-maven-plugin ---
[INFO] Using 'UTF-8' encoding to copy filtered resources.
[INFO] Copying 4 resources
[INFO] Copying 3 resources
[INFO] 
[INFO] --- maven-compiler-plugin:2.3.2:testCompile (default-testCompile) @ nar-maven-plugin ---
[INFO] Compiling 44 source files to &lt;<A HREF="http://jenkins.imagej.net/job/NAR-Maven-Plugin-windows/ws/target\test-classes">http://jenkins.imagej.net/job/NAR-Maven-Plugin-windows/ws/target\test-classes</A>&gt;
[INFO] 
[INFO] --- maven-surefire-plugin:2.16:test (default-test) @ nar-maven-plugin ---
[INFO] Surefire report directory: &lt;<A HREF="http://jenkins.imagej.net/job/NAR-Maven-Plugin-windows/ws/target\surefire-reports">http://jenkins.imagej.net/job/NAR-Maven-Plugin-windows/ws/target\surefire-reports</A>&gt;

-------------------------------------------------------
 T E S T S
-------------------------------------------------------
Running com.github.maven_nar.cpptasks.borland.TestBorlandCCompiler
Tests run: 2, Failures: 0, Errors: 0, Skipped: 0, Time elapsed: 0.078 sec - in com.github.maven_nar.cpptasks.borland.TestBorlandCCompiler
Running com.github.maven_nar.cpptasks.compiler.TestAbstractCompiler
Tests run: 2, Failures: 0, Errors: 0, Skipped: 0, Time elapsed: 0.031 sec - in com.github.maven_nar.cpptasks.compiler.TestAbstractCompiler
Running com.github.maven_nar.cpptasks.compiler.TestAbstractLinker
Tests run: 2, Failures: 0, Errors: 0, Skipped: 0, Time elapsed: 0.015 sec - in com.github.maven_nar.cpptasks.compiler.TestAbstractLinker
Running com.github.maven_nar.cpptasks.compiler.TestAbstractProcessor
Tests run: 1, Failures: 0, Errors: 0, Skipped: 0, Time elapsed: 0 sec - in com.github.maven_nar.cpptasks.compiler.TestAbstractProcessor
Running com.github.maven_nar.cpptasks.compiler.TestCommandLineCompilerConfiguration
Tests run: 6, Failures: 0, Errors: 0, Skipped: 0, Time elapsed: 0.297 sec - in com.github.maven_nar.cpptasks.compiler.TestCommandLineCompilerConfiguration
Running com.github.maven_nar.cpptasks.compiler.TestLinkType
Tests run: 2, Failures: 0, Errors: 0, Skipped: 0, Time elapsed: 0 sec - in com.github.maven_nar.cpptasks.compiler.TestLinkType
Running com.github.maven_nar.cpptasks.gcc.TestAbstractArLibrarian
Tests run: 4, Failures: 0, Errors: 0, Skipped: 0, Time elapsed: 0.062 sec - in com.github.maven_nar.cpptasks.gcc.TestAbstractArLibrarian
Running com.github.maven_nar.cpptasks.gcc.TestAbstractLdLinker
Tests run: 10, Failures: 0, Errors: 0, Skipped: 0, Time elapsed: 0.156 sec - in com.github.maven_nar.cpptasks.gcc.TestAbstractLdLinker
Running com.github.maven_nar.cpptasks.gcc.TestGccCCompiler
Tests run: 16, Failures: 0, Errors: 0, Skipped: 0, Time elapsed: 0 sec - in com.github.maven_nar.cpptasks.gcc.TestGccCCompiler
Running com.github.maven_nar.cpptasks.gcc.TestGccLinker
Tests run: 4, Failures: 0, Errors: 0, Skipped: 0, Time elapsed: 0 sec - in com.github.maven_nar.cpptasks.gcc.TestGccLinker
Running com.github.maven_nar.cpptasks.hp.TestaCCCompiler
Tests run: 12, Failures: 0, Errors: 0, Skipped: 0, Time elapsed: 0.046 sec - in com.github.maven_nar.cpptasks.hp.TestaCCCompiler
Running com.github.maven_nar.cpptasks.ibm.TestVisualAgeCCompiler
Tests run: 7, Failures: 0, Errors: 0, Skipped: 0, Time elapsed: 0 sec - in com.github.maven_nar.cpptasks.ibm.TestVisualAgeCCompiler
Running com.github.maven_nar.cpptasks.msvc.TestInstalledMsvcLinker
Tests run: 2, Failures: 0, Errors: 0, Skipped: 0, Time elapsed: 0.704 sec - in com.github.maven_nar.cpptasks.msvc.TestInstalledMsvcLinker
Running com.github.maven_nar.cpptasks.msvc.TestMsvc2005CCompiler
Tests run: 1, Failures: 0, Errors: 0, Skipped: 0, Time elapsed: 0 sec - in com.github.maven_nar.cpptasks.msvc.TestMsvc2005CCompiler
Running com.github.maven_nar.cpptasks.msvc.TestMsvcCCompiler
Tests run: 1, Failures: 0, Errors: 0, Skipped: 0, Time elapsed: 0 sec - in com.github.maven_nar.cpptasks.msvc.TestMsvcCCompiler
Running com.github.maven_nar.cpptasks.msvc.TestMsvcLinker
Tests run: 2, Failures: 0, Errors: 0, Skipped: 0, Time elapsed: 0 sec - in com.github.maven_nar.cpptasks.msvc.TestMsvcLinker
Running com.github.maven_nar.cpptasks.parser.TestCParser
Tests run: 12, Failures: 0, Errors: 0, Skipped: 0, Time elapsed: 0.781 sec - in com.github.maven_nar.cpptasks.parser.TestCParser
Running com.github.maven_nar.cpptasks.parser.TestFortranParser
Tests run: 3, Failures: 0, Errors: 0, Skipped: 0, Time elapsed: 0 sec - in com.github.maven_nar.cpptasks.parser.TestFortranParser
Running com.github.maven_nar.cpptasks.sun.TestForteCCCompiler
Tests run: 14, Failures: 0, Errors: 0, Skipped: 0, Time elapsed: 0.016 sec - in com.github.maven_nar.cpptasks.sun.TestForteCCCompiler
Running com.github.maven_nar.cpptasks.TestAllClasses
Class: CompilerDef and: CompilerDef
Tests run: 231, Failures: 0, Errors: 0, Skipped: 0, Time elapsed: 4.032 sec - in com.github.maven_nar.cpptasks.TestAllClasses
Running com.github.maven_nar.cpptasks.TestCCTask
Tests run: 5, Failures: 0, Errors: 0, Skipped: 0, Time elapsed: 0.015 sec - in com.github.maven_nar.cpptasks.TestCCTask
Running com.github.maven_nar.cpptasks.TestCompilerDef
Class: CompilerDef and: CompilerDef
Tests run: 26, Failures: 0, Errors: 0, Skipped: 0, Time elapsed: 0 sec - in com.github.maven_nar.cpptasks.TestCompilerDef
Running com.github.maven_nar.cpptasks.TestCompilerEnum
Tests run: 2, Failures: 0, Errors: 0, Skipped: 0, Time elapsed: 0 sec - in com.github.maven_nar.cpptasks.TestCompilerEnum
Running com.github.maven_nar.cpptasks.TestCUtil
Tests run: 17, Failures: 0, Errors: 0, Skipped: 0, Time elapsed: 0 sec - in com.github.maven_nar.cpptasks.TestCUtil
Running com.github.maven_nar.cpptasks.TestDependencyTable
Tests run: 2, Failures: 0, Errors: 0, Skipped: 0, Time elapsed: 0.047 sec - in com.github.maven_nar.cpptasks.TestDependencyTable
Running com.github.maven_nar.cpptasks.TestLinkerDef
Tests run: 28, Failures: 0, Errors: 0, Skipped: 0, Time elapsed: 0 sec - in com.github.maven_nar.cpptasks.TestLinkerDef
Running com.github.maven_nar.cpptasks.TestLinkerEnum
Tests run: 1, Failures: 0, Errors: 0, Skipped: 0, Time elapsed: 0 sec - in com.github.maven_nar.cpptasks.TestLinkerEnum
Running com.github.maven_nar.cpptasks.TestOutputTypeEnum
Tests run: 1, Failures: 0, Errors: 0, Skipped: 0, Time elapsed: 0 sec - in com.github.maven_nar.cpptasks.TestOutputTypeEnum
Running com.github.maven_nar.cpptasks.TestTargetHistoryTable
Tests run: 3, Failures: 0, Errors: 0, Skipped: 0, Time elapsed: 0 sec - in com.github.maven_nar.cpptasks.TestTargetHistoryTable
Running com.github.maven_nar.cpptasks.TestTargetInfo
Tests run: 7, Failures: 0, Errors: 0, Skipped: 0, Time elapsed: 0 sec - in com.github.maven_nar.cpptasks.TestTargetInfo
Running com.github.maven_nar.cpptasks.trolltech.TestMetaObjectCompiler
Tests run: 2, Failures: 0, Errors: 0, Skipped: 0, Time elapsed: 0 sec - in com.github.maven_nar.cpptasks.trolltech.TestMetaObjectCompiler
Running com.github.maven_nar.cpptasks.trolltech.TestMetaObjectParser
Tests run: 2, Failures: 0, Errors: 0, Skipped: 0, Time elapsed: 0 sec - in com.github.maven_nar.cpptasks.trolltech.TestMetaObjectParser
Running com.github.maven_nar.cpptasks.types.TestDefineArgument
Tests run: 9, Failures: 0, Errors: 0, Skipped: 0, Time elapsed: 0 sec - in com.github.maven_nar.cpptasks.types.TestDefineArgument
Running com.github.maven_nar.cpptasks.types.TestLibrarySet
Tests run: 14, Failures: 0, Errors: 0, Skipped: 0, Time elapsed: 0.156 sec - in com.github.maven_nar.cpptasks.types.TestLibrarySet
Running com.github.maven_nar.test.TestLinkerVersion
Tests run: 1, Failures: 0, Errors: 0, Skipped: 0, Time elapsed: 0.109 sec - in com.github.maven_nar.test.TestLinkerVersion
Running com.github.maven_nar.test.TestNarFileLayout10
Tests run: 3, Failures: 0, Errors: 0, Skipped: 0, Time elapsed: 0 sec - in com.github.maven_nar.test.TestNarFileLayout10
Running com.github.maven_nar.test.TestNarLayout20
[debug] Using com.github.maven_nar.NarLayout20
Tests run: 4, Failures: 0, Errors: 0, Skipped: 0, Time elapsed: 0.016 sec - in com.github.maven_nar.test.TestNarLayout20
Running com.github.maven_nar.test.TestNarLayout21
[debug] Using com.github.maven_nar.NarLayout21
Tests run: 4, Failures: 0, Errors: 0, Skipped: 0, Time elapsed: 0 sec - in com.github.maven_nar.test.TestNarLayout21

Results :

Tests run: 465, Failures: 0, Errors: 0, Skipped: 0

[INFO] 
[INFO] --- maven-jar-plugin:2.4:jar (default-jar) @ nar-maven-plugin ---
[INFO] Building jar: &lt;<A HREF="http://jenkins.imagej.net/job/NAR-Maven-Plugin-windows/ws/target\nar-maven-plugin-3.4.1-SNAPSHOT.jar">http://jenkins.imagej.net/job/NAR-Maven-Plugin-windows/ws/target\nar-maven-plugin-3.4.1-SNAPSHOT.jar</A>&gt;
[INFO] 
[INFO] --- maven-plugin-plugin:3.2:addPluginArtifactMetadata (default-addPluginArtifactMetadata) @ nar-maven-plugin ---
[INFO] 
[INFO] --- maven-invoker-plugin:1.8:install (integration-test) @ nar-maven-plugin ---
[INFO] Installing &lt;<A HREF="http://jenkins.imagej.net/job/NAR-Maven-Plugin-windows/ws/pom.xml">http://jenkins.imagej.net/job/NAR-Maven-Plugin-windows/ws/pom.xml</A>&gt; to &lt;<A HREF="http://jenkins.imagej.net/job/NAR-Maven-Plugin-windows/ws/target\it-repo\com\github\maven-nar\nar-maven-plugin\3.4.1-SNAPSHOT\nar-maven-plugin-3.4.1-SNAPSHOT.pom">http://jenkins.imagej.net/job/NAR-Maven-Plugin-windows/ws/target\it-repo\com\github\maven-nar\nar-maven-plugin\3.4.1-SNAPSHOT\nar-maven-plugin-3.4.1-SNAPSHOT.pom</A>&gt;
[INFO] Installing &lt;<A HREF="http://jenkins.imagej.net/job/NAR-Maven-Plugin-windows/ws/target\nar-maven-plugin-3.4.1-SNAPSHOT.jar">http://jenkins.imagej.net/job/NAR-Maven-Plugin-windows/ws/target\nar-maven-plugin-3.4.1-SNAPSHOT.jar</A>&gt; to &lt;<A HREF="http://jenkins.imagej.net/job/NAR-Maven-Plugin-windows/ws/target\it-repo\com\github\maven-nar\nar-maven-plugin\3.4.1-SNAPSHOT\nar-maven-plugin-3.4.1-SNAPSHOT.jar">http://jenkins.imagej.net/job/NAR-Maven-Plugin-windows/ws/target\it-repo\com\github\maven-nar\nar-maven-plugin\3.4.1-SNAPSHOT\nar-maven-plugin-3.4.1-SNAPSHOT.jar</A>&gt;
[INFO] 
[INFO] --- maven-invoker-plugin:1.8:run (integration-test) @ nar-maven-plugin ---
[INFO] Building: it-parent\pom.xml
[INFO] ..SUCCESS (7.2 s)
[INFO] Building: it0003-jni\pom.xml
[INFO] ..FAILED (23.8 s)
[INFO]   The build exited with code 1. See &lt;<A HREF="http://jenkins.imagej.net/job/NAR-Maven-Plugin-windows/ws/target\it\it0003-jni\build.log">http://jenkins.imagej.net/job/NAR-Maven-Plugin-windows/ws/target\it\it0003-jni\build.log</A>&gt; for details.
[INFO] Building: it0007-lib-shared\pom.xml
[INFO] ..FAILED (12.9 s)
[INFO]   The build exited with code 1. See &lt;<A HREF="http://jenkins.imagej.net/job/NAR-Maven-Plugin-windows/ws/target\it\it0007-lib-shared\build.log">http://jenkins.imagej.net/job/NAR-Maven-Plugin-windows/ws/target\it\it0007-lib-shared\build.log</A>&gt; for details.
[INFO] Building: it0010-lib-static\pom.xml
[INFO] ..FAILED (12.7 s)
[INFO]   The build exited with code 1. See &lt;<A HREF="http://jenkins.imagej.net/job/NAR-Maven-Plugin-windows/ws/target\it\it0010-lib-static\build.log">http://jenkins.imagej.net/job/NAR-Maven-Plugin-windows/ws/target\it\it0010-lib-static\build.log</A>&gt; for details.
[INFO] Building: it0020-lib-3rdparty\pom.xml
[INFO] ..SUCCESS (21.1 s)
[INFO] Building: it0026-native-lib-loader\pom.xml
[INFO] ..FAILED (19.7 s)
[INFO]   The build exited with code 1. See &lt;<A HREF="http://jenkins.imagej.net/job/NAR-Maven-Plugin-windows/ws/target\it\it0026-native-lib-loader\build.log">http://jenkins.imagej.net/job/NAR-Maven-Plugin-windows/ws/target\it\it0026-native-lib-loader\build.log</A>&gt; for details.
[INFO] Building: it0001-executable\pom.xml
[INFO] ..FAILED (13.6 s)
[INFO]   The build exited with code 1. See &lt;<A HREF="http://jenkins.imagej.net/job/NAR-Maven-Plugin-windows/ws/target\it\it0001-executable\build.log">http://jenkins.imagej.net/job/NAR-Maven-Plugin-windows/ws/target\it\it0001-executable\build.log</A>&gt; for details.
[INFO] Building: it0002-executable-static\pom.xml
[INFO] ..FAILED (14.2 s)
[INFO]   The build exited with code 1. See &lt;<A HREF="http://jenkins.imagej.net/job/NAR-Maven-Plugin-windows/ws/target\it\it0002-executable-static\build.log">http://jenkins.imagej.net/job/NAR-Maven-Plugin-windows/ws/target\it\it0002-executable-static\build.log</A>&gt; for details.
[INFO] Building: it0004-java-dep-jni\pom.xml
[INFO] run script setup.bsh
[INFO] ..ERROR (0.2 s)
[INFO]   The pre-build script did not succeed. Null Pointer while evaluating: artifacts.length
[INFO] Building: it0005-jni-static\pom.xml
[INFO] ..FAILED (18.2 s)
[INFO]   The build exited with code 1. See &lt;<A HREF="http://jenkins.imagej.net/job/NAR-Maven-Plugin-windows/ws/target\it\it0005-jni-static\build.log">http://jenkins.imagej.net/job/NAR-Maven-Plugin-windows/ws/target\it\it0005-jni-static\build.log</A>&gt; for details.
[INFO] Building: it0006-jni-3rdparty\pom.xml
[INFO] ..SUCCESS (22.8 s)
[INFO] Building: it0008-executable-dep-lib-shared\pom.xml
[INFO] ..FAILED (6.6 s)
[INFO]   The build exited with code 1. See &lt;<A HREF="http://jenkins.imagej.net/job/NAR-Maven-Plugin-windows/ws/target\it\it0008-executable-dep-lib-shared\build.log">http://jenkins.imagej.net/job/NAR-Maven-Plugin-windows/ws/target\it\it0008-executable-dep-lib-shared\build.log</A>&gt; for details.
[INFO] Building: it0009-jni-dep-lib-shared\pom.xml
[INFO] ..FAILED (6.3 s)
[INFO]   The build exited with code 1. See &lt;<A HREF="http://jenkins.imagej.net/job/NAR-Maven-Plugin-windows/ws/target\it\it0009-jni-dep-lib-shared\build.log">http://jenkins.imagej.net/job/NAR-Maven-Plugin-windows/ws/target\it\it0009-jni-dep-lib-shared\build.log</A>&gt; for details.
[INFO] Building: it0011-executable-dep-lib-static\pom.xml
[INFO] ..FAILED (6.7 s)
[INFO]   The build exited with code 1. See &lt;<A HREF="http://jenkins.imagej.net/job/NAR-Maven-Plugin-windows/ws/target\it\it0011-executable-dep-lib-static\build.log">http://jenkins.imagej.net/job/NAR-Maven-Plugin-windows/ws/target\it\it0011-executable-dep-lib-static\build.log</A>&gt; for details.
[INFO] Building: it0012-jni-dep-lib-static\pom.xml
[INFO] ..FAILED (6.4 s)
[INFO]   The build exited with code 1. See &lt;<A HREF="http://jenkins.imagej.net/job/NAR-Maven-Plugin-windows/ws/target\it\it0012-jni-dep-lib-static\build.log">http://jenkins.imagej.net/job/NAR-Maven-Plugin-windows/ws/target\it\it0012-jni-dep-lib-static\build.log</A>&gt; for details.
[INFO] Building: it0014-multi-module\pom.xml
[INFO] ..FAILED (15.5 s)
[INFO]   The build exited with code 1. See &lt;<A HREF="http://jenkins.imagej.net/job/NAR-Maven-Plugin-windows/ws/target\it\it0014-multi-module\build.log">http://jenkins.imagej.net/job/NAR-Maven-Plugin-windows/ws/target\it\it0014-multi-module\build.log</A>&gt; for details.
[INFO] Building: it0015-cpp-executable\pom.xml
[INFO] ..FAILED (15.6 s)
[INFO]   The build exited with code 1. See &lt;<A HREF="http://jenkins.imagej.net/job/NAR-Maven-Plugin-windows/ws/target\it\it0015-cpp-executable\build.log">http://jenkins.imagej.net/job/NAR-Maven-Plugin-windows/ws/target\it\it0015-cpp-executable\build.log</A>&gt; for details.
[INFO] Building: it0016-layout\pom.xml
[INFO] ..FAILED (16.4 s)
[INFO]   The build exited with code 1. See &lt;<A HREF="http://jenkins.imagej.net/job/NAR-Maven-Plugin-windows/ws/target\it\it0016-layout\build.log">http://jenkins.imagej.net/job/NAR-Maven-Plugin-windows/ws/target\it\it0016-layout\build.log</A>&gt; for details.
[INFO] Building: it0019-compiler\pom.xml
[INFO] ..SUCCESS (14.2 s)
[INFO] Building: it0023-local-aol-properties\pom.xml
[INFO] ..FAILED (13.4 s)
[INFO]   The build exited with code 1. See &lt;<A HREF="http://jenkins.imagej.net/job/NAR-Maven-Plugin-windows/ws/target\it\it0023-local-aol-properties\build.log">http://jenkins.imagej.net/job/NAR-Maven-Plugin-windows/ws/target\it\it0023-local-aol-properties\build.log</A>&gt; for details.
[INFO] Building: it0024-namedout\pom.xml
[INFO] ..FAILED (19.8 s)
[INFO]   The build exited with code 1. See &lt;<A HREF="http://jenkins.imagej.net/job/NAR-Maven-Plugin-windows/ws/target\it\it0024-namedout\build.log">http://jenkins.imagej.net/job/NAR-Maven-Plugin-windows/ws/target\it\it0024-namedout\build.log</A>&gt; for details.
[INFO] Building: it0025-jar-dep-jni\pom.xml
[INFO] ..FAILED (8.5 s)
[INFO]   The build exited with code 1. See &lt;<A HREF="http://jenkins.imagej.net/job/NAR-Maven-Plugin-windows/ws/target\it\it0025-jar-dep-jni\build.log">http://jenkins.imagej.net/job/NAR-Maven-Plugin-windows/ws/target\it\it0025-jar-dep-jni\build.log</A>&gt; for details.
[INFO] Building: it0027-dep-jni-native-lib-loader\pom.xml
[INFO] ..FAILED (6.9 s)
[INFO]   The build exited with code 1. See &lt;<A HREF="http://jenkins.imagej.net/job/NAR-Maven-Plugin-windows/ws/target\it\it0027-dep-jni-native-lib-loader\build.log">http://jenkins.imagej.net/job/NAR-Maven-Plugin-windows/ws/target\it\it0027-dep-jni-native-lib-loader\build.log</A>&gt; for details.
[INFO] Building: it0028-scope\pom.xml
[INFO] ..FAILED (15.1 s)
[INFO]   The build exited with code 1. See &lt;<A HREF="http://jenkins.imagej.net/job/NAR-Maven-Plugin-windows/ws/target\it\it0028-scope\build.log">http://jenkins.imagej.net/job/NAR-Maven-Plugin-windows/ws/target\it\it0028-scope\build.log</A>&gt; for details.
[INFO] -------------------------------------------------
[INFO] Build Summary:
[INFO]   Passed: 4, Failed: 19, Errors: 1, Skipped: 0
[INFO] -------------------------------------------------
[ERROR] The following builds failed:
[ERROR] *  it0003-jni\pom.xml
[ERROR] *  it0007-lib-shared\pom.xml
[ERROR] *  it0010-lib-static\pom.xml
[ERROR] *  it0026-native-lib-loader\pom.xml
[ERROR] *  it0001-executable\pom.xml
[ERROR] *  it0002-executable-static\pom.xml
[ERROR] *  it0005-jni-static\pom.xml
[ERROR] *  it0008-executable-dep-lib-shared\pom.xml
[ERROR] *  it0009-jni-dep-lib-shared\pom.xml
[ERROR] *  it0011-executable-dep-lib-static\pom.xml
[ERROR] *  it0012-jni-dep-lib-static\pom.xml
[ERROR] *  it0014-multi-module\pom.xml
[ERROR] *  it0015-cpp-executable\pom.xml
[ERROR] *  it0016-layout\pom.xml
[ERROR] *  it0023-local-aol-properties\pom.xml
[ERROR] *  it0024-namedout\pom.xml
[ERROR] *  it0025-jar-dep-jni\pom.xml
[ERROR] *  it0027-dep-jni-native-lib-loader\pom.xml
[ERROR] *  it0028-scope\pom.xml
[INFO] -------------------------------------------------
[INFO] ------------------------------------------------------------------------
[INFO] BUILD FAILURE
[INFO] ------------------------------------------------------------------------
[INFO] Total time: 6:53.073s
[INFO] Finished at: Mon Mar 28 12:12:27 CDT 2016
[INFO] Final Memory: 37M/95M
[INFO] ------------------------------------------------------------------------
[ERROR] Failed to execute goal org.apache.maven.plugins:maven-invoker-plugin:1.8:run (integration-test) on project nar-maven-plugin: 19 builds failed. See console output above for details. -&gt; [Help 1]
[ERROR] 
[ERROR] To see the full stack trace of the errors, re-run Maven with the -e switch.
[ERROR] Re-run Maven using the -X switch to enable full debug logging.
[ERROR] 
[ERROR] For more information about the errors and possible solutions, please read the following articles:
[ERROR] [Help 1] <A HREF="http://cwiki.apache.org/confluence/display/MAVEN/MojoFailureException">http://cwiki.apache.org/confluence/display/MAVEN/MojoFailureException</A>
Java HotSpot(TM) 64-Bit Server VM warning: ignoring option MaxPermSize=256m; support was removed in 8.0
Build step 'Execute shell' marked build as failure

</PRE>

<!--endarticle-->
    <HR>
    <P><UL>
        <!--threads-->
	<LI>Previous message: <A HREF="012125.html">[ImageJ-builds] Build failed in Jenkins: NAR-Maven-Plugin-windows	#104
</A></li>
	<LI>Next message: <A HREF="012048.html">[ImageJ-builds] mail-watcher-plugin: Computer open.microscopy	marked online
</A></li>
         <LI> <B>Messages sorted by:</B> 
              <a href="date.html#12134">[ date ]</a>
              <a href="thread.html#12134">[ thread ]</a>
              <a href="subject.html#12134">[ subject ]</a>
              <a href="author.html#12134">[ author ]</a>
         </LI>
       </UL>

<hr>
<a href="http://imagej.net/mailman/listinfo/imagej-builds">More information about the ImageJ-builds
mailing list</a><br>
</body></html>
