<!DOCTYPE HTML PUBLIC "-//W3C//DTD HTML 4.01 Transitional//EN">
<HTML>
 <HEAD>
   <TITLE> [ImageJ-builds] Build failed in Jenkins: ImageJ #5396
   </TITLE>
   <LINK REL="Index" HREF="index.html" >
   <LINK REL="made" HREF="mailto:imagej-builds%40imagej.net?Subject=Re%3A%20%5BImageJ-builds%5D%20Build%20failed%20in%20Jenkins%3A%20ImageJ%20%235396&In-Reply-To=%3C1752858404.191.1389715810155.JavaMail.jenkins%40dev%3E">
   <META NAME="robots" CONTENT="index,nofollow">
   <style type="text/css">
       pre {
           white-space: pre-wrap;       /* css-2.1, curent FF, Opera, Safari */
           }
   </style>
   <META http-equiv="Content-Type" content="text/html; charset=us-ascii">
   <LINK REL="Previous"  HREF="002987.html">
   <LINK REL="Next"  HREF="002989.html">
 </HEAD>
 <BODY BGCOLOR="#ffffff">
   <H1>[ImageJ-builds] Build failed in Jenkins: ImageJ #5396</H1>
    <B>jenkins at imagej.net</B> 
    <A HREF="mailto:imagej-builds%40imagej.net?Subject=Re%3A%20%5BImageJ-builds%5D%20Build%20failed%20in%20Jenkins%3A%20ImageJ%20%235396&In-Reply-To=%3C1752858404.191.1389715810155.JavaMail.jenkins%40dev%3E"
       TITLE="[ImageJ-builds] Build failed in Jenkins: ImageJ #5396">jenkins at imagej.net
       </A><BR>
    <I>Tue Jan 14 10:10:10 CST 2014</I>
    <P><UL>
        <LI>Previous message: <A HREF="002987.html">[ImageJ-builds] Build failed in Jenkins: ImageJ #5395
</A></li>
        <LI>Next message: <A HREF="002989.html">[ImageJ-builds] Jenkins build is back to normal : ImageJ #5397
</A></li>
         <LI> <B>Messages sorted by:</B> 
              <a href="date.html#2988">[ date ]</a>
              <a href="thread.html#2988">[ thread ]</a>
              <a href="subject.html#2988">[ subject ]</a>
              <a href="author.html#2988">[ author ]</a>
         </LI>
       </UL>
    <HR>  
<!--beginarticle-->
<PRE>See &lt;<A HREF="http://jenkins.imagej.net/job/ImageJ/5396/">http://jenkins.imagej.net/job/ImageJ/5396/</A>&gt;

------------------------------------------
[...truncated 3796 lines...]
[debug] execute contextualize
[INFO] [resources:resources {execution: default-resources}]
[INFO] Using 'UTF-8' encoding to copy filtered resources.
[INFO] skip non existing resourceDirectory /data/devel/jenkins/jobs/ImageJ/workspace/plugins/uis/pivot/src/main/resources
[INFO] [compiler:compile {execution: default-compile}]
[INFO] Compiling 21 source files to /data/devel/jenkins/jobs/ImageJ/workspace/plugins/uis/pivot/target/classes
[debug] execute contextualize
[INFO] [resources:testResources {execution: default-testResources}]
[INFO] Using 'UTF-8' encoding to copy filtered resources.
[INFO] skip non existing resourceDirectory /data/devel/jenkins/jobs/ImageJ/workspace/plugins/uis/pivot/src/test/resources
[INFO] [compiler:testCompile {execution: default-testCompile}]
[INFO] No sources to compile
[INFO] [surefire:test {execution: default-test}]
[INFO] No tests to run.
[INFO] Surefire report directory: /data/devel/jenkins/jobs/ImageJ/workspace/plugins/uis/pivot/target/surefire-reports

-------------------------------------------------------
 T E S T S
-------------------------------------------------------
Picked up JAVA_TOOL_OPTIONS: -Dfile.encoding=UTF-8

Results :

Tests run: 0, Failures: 0, Errors: 0, Skipped: 0

[INFO] [jar:jar {execution: default-jar}]
[INFO] Building jar: /data/devel/jenkins/jobs/ImageJ/workspace/plugins/uis/pivot/target/ij-ui-pivot-2.0.0-SNAPSHOT.jar
[INFO] Preparing source:jar
[WARNING] Removing: jar from forked lifecycle, to prevent recursive invocation.
[INFO] [imagej:set-rootdir {execution: set-rootdir}]
[INFO] [buildnumber:create {execution: default}]
[INFO] [source:jar {execution: default}]
[INFO] Building jar: /data/devel/jenkins/jobs/ImageJ/workspace/plugins/uis/pivot/target/ij-ui-pivot-2.0.0-SNAPSHOT-sources.jar
[INFO] [jar:test-jar {execution: default}]
[WARNING] JAR will be empty - no content was marked for inclusion!
[INFO] Building jar: /data/devel/jenkins/jobs/ImageJ/workspace/plugins/uis/pivot/target/ij-ui-pivot-2.0.0-SNAPSHOT-tests.jar
[INFO] [install:install {execution: default-install}]
[INFO] Installing /data/devel/jenkins/jobs/ImageJ/workspace/plugins/uis/pivot/target/ij-ui-pivot-2.0.0-SNAPSHOT.jar to /var/lib/jenkins/.m2/repository/net/imagej/ij-ui-pivot/2.0.0-SNAPSHOT/ij-ui-pivot-2.0.0-SNAPSHOT.jar
[INFO] Installing /data/devel/jenkins/jobs/ImageJ/workspace/plugins/uis/pivot/target/ij-ui-pivot-2.0.0-SNAPSHOT-sources.jar to /var/lib/jenkins/.m2/repository/net/imagej/ij-ui-pivot/2.0.0-SNAPSHOT/ij-ui-pivot-2.0.0-SNAPSHOT-sources.jar
[INFO] Installing /data/devel/jenkins/jobs/ImageJ/workspace/plugins/uis/pivot/target/ij-ui-pivot-2.0.0-SNAPSHOT-tests.jar to /var/lib/jenkins/.m2/repository/net/imagej/ij-ui-pivot/2.0.0-SNAPSHOT/ij-ui-pivot-2.0.0-SNAPSHOT-tests.jar
[INFO] [imagej:copy-jars {execution: copy-jars}]
[INFO] ------------------------------------------------------------------------
[INFO] Building ImageJ UI: SWT
[INFO]    task-segment: [clean, install]
[INFO] ------------------------------------------------------------------------
[INFO] [clean:clean {execution: default-clean}]
[INFO] [imagej:set-rootdir {execution: set-rootdir}]
[INFO] [buildnumber:create {execution: default}]
[debug] execute contextualize
[INFO] [resources:resources {execution: default-resources}]
[INFO] Using 'UTF-8' encoding to copy filtered resources.
[INFO] skip non existing resourceDirectory /data/devel/jenkins/jobs/ImageJ/workspace/plugins/uis/swt/src/main/resources
[INFO] [compiler:compile {execution: default-compile}]
[INFO] Compiling 18 source files to /data/devel/jenkins/jobs/ImageJ/workspace/plugins/uis/swt/target/classes
[debug] execute contextualize
[INFO] [resources:testResources {execution: default-testResources}]
[INFO] Using 'UTF-8' encoding to copy filtered resources.
[INFO] skip non existing resourceDirectory /data/devel/jenkins/jobs/ImageJ/workspace/plugins/uis/swt/src/test/resources
[INFO] [compiler:testCompile {execution: default-testCompile}]
[INFO] No sources to compile
[INFO] [surefire:test {execution: default-test}]
[INFO] No tests to run.
[INFO] Surefire report directory: /data/devel/jenkins/jobs/ImageJ/workspace/plugins/uis/swt/target/surefire-reports

-------------------------------------------------------
 T E S T S
-------------------------------------------------------
Picked up JAVA_TOOL_OPTIONS: -Dfile.encoding=UTF-8

Results :

Tests run: 0, Failures: 0, Errors: 0, Skipped: 0

[INFO] [jar:jar {execution: default-jar}]
[INFO] Building jar: /data/devel/jenkins/jobs/ImageJ/workspace/plugins/uis/swt/target/ij-ui-swt-2.0.0-SNAPSHOT.jar
[INFO] Preparing source:jar
[WARNING] Removing: jar from forked lifecycle, to prevent recursive invocation.
[INFO] [imagej:set-rootdir {execution: set-rootdir}]
[INFO] [buildnumber:create {execution: default}]
[INFO] [source:jar {execution: default}]
[INFO] Building jar: /data/devel/jenkins/jobs/ImageJ/workspace/plugins/uis/swt/target/ij-ui-swt-2.0.0-SNAPSHOT-sources.jar
[INFO] [jar:test-jar {execution: default}]
[WARNING] JAR will be empty - no content was marked for inclusion!
[INFO] Building jar: /data/devel/jenkins/jobs/ImageJ/workspace/plugins/uis/swt/target/ij-ui-swt-2.0.0-SNAPSHOT-tests.jar
[INFO] [install:install {execution: default-install}]
[INFO] Installing /data/devel/jenkins/jobs/ImageJ/workspace/plugins/uis/swt/target/ij-ui-swt-2.0.0-SNAPSHOT.jar to /var/lib/jenkins/.m2/repository/net/imagej/ij-ui-swt/2.0.0-SNAPSHOT/ij-ui-swt-2.0.0-SNAPSHOT.jar
[INFO] Installing /data/devel/jenkins/jobs/ImageJ/workspace/plugins/uis/swt/target/ij-ui-swt-2.0.0-SNAPSHOT-sources.jar to /var/lib/jenkins/.m2/repository/net/imagej/ij-ui-swt/2.0.0-SNAPSHOT/ij-ui-swt-2.0.0-SNAPSHOT-sources.jar
[INFO] Installing /data/devel/jenkins/jobs/ImageJ/workspace/plugins/uis/swt/target/ij-ui-swt-2.0.0-SNAPSHOT-tests.jar to /var/lib/jenkins/.m2/repository/net/imagej/ij-ui-swt/2.0.0-SNAPSHOT/ij-ui-swt-2.0.0-SNAPSHOT-tests.jar
[INFO] [imagej:copy-jars {execution: copy-jars}]
[INFO] 
[INFO] 
[INFO] ------------------------------------------------------------------------
[INFO] Reactor Summary:
[INFO] ------------------------------------------------------------------------
[INFO] ImageJ Projects ....................................... SUCCESS [4.935s]
[INFO] ImageJ POM: Core ...................................... SUCCESS [0.047s]
[INFO] ImageJ Core Classes ................................... SUCCESS [5.417s]
[INFO] ImageJ Data Model ..................................... SUCCESS [7.836s]
[INFO] ImageJ Core Options ................................... SUCCESS [0.337s]
[INFO] ImageJ Updater ........................................ SUCCESS [3.833s]
[INFO] ImageJ User Interface Framework ....................... SUCCESS [0.616s]
[INFO] ImageJ POM: Plugins ................................... SUCCESS [0.058s]
[INFO] ImageJ Plugins: Tools ................................. SUCCESS [0.513s]
[INFO] ImageJ Plugins: Commands .............................. SUCCESS [1.441s]
[INFO] ImageJ POM: User Interface ............................ SUCCESS [0.075s]
[INFO] ImageJ POM: AWT and Swing UIs ......................... SUCCESS [0.044s]
[INFO] ImageJ Utility Classes: AWT ........................... SUCCESS [0.269s]
[INFO] ImageJ Legacy Bridge .................................. SUCCESS [8.729s]
[INFO] ImageJ POM: Scripting Languages ....................... SUCCESS [0.053s]
[INFO] Beanshell Scripting For ImageJ ........................ SUCCESS [0.761s]
[INFO] Clojure Scripting For ImageJ .......................... SUCCESS [1.550s]
[INFO] Minimal support for Maven projects .................... SUCCESS [0.498s]
[INFO] A script engine for Java .............................. SUCCESS [1.316s]
[INFO] JavaScript Scripting For ImageJ ....................... SUCCESS [0.684s]
[INFO] JRuby Scripting For ImageJ ............................ SUCCESS [2.108s]
[INFO] Jython Scripting For ImageJ ........................... SUCCESS [2.624s]
[INFO] ImageJ Plugins: Platforms ............................. SUCCESS [0.323s]
[INFO] ImageJ Plugins: Text Formats .......................... SUCCESS [0.602s]
[INFO] ImageJ POM: Uploaders ................................. SUCCESS [0.224s]
[INFO] ImageJ Updater support for uploading via SSH/SFTP ..... SUCCESS [0.801s]
[INFO] ImageJ Updater support for uploading via WebDAV ....... SUCCESS [0.617s]
[INFO] ImageJ UI: Common AWT Classes ......................... SUCCESS [0.364s]
[INFO] ImageJ POM: Swing UI .................................. SUCCESS [0.048s]
[INFO] ImageJ Utility Classes: Swing ......................... SUCCESS [0.367s]
[INFO] ImageJ POM: UIs ....................................... SUCCESS [0.048s]
[INFO] ImageJ UI: Swing ...................................... SUCCESS [0.999s]
[INFO] ImageJ UI: Swing Commands ............................. SUCCESS [0.503s]
[INFO] The Script Editor ..................................... SUCCESS [0.638s]
[INFO] ImageJ UI: Swing Tools ................................ SUCCESS [0.579s]
[INFO] ImageJ Updater (Swing) ................................ SUCCESS [0.546s]
[INFO] ImageJ Application .................................... SUCCESS [7.785s]
[INFO] ImageJ UI: AWT ........................................ SUCCESS [0.526s]
[INFO] ImageJ UI: Pivot ...................................... SUCCESS [0.473s]
[INFO] ImageJ UI: SWT ........................................ SUCCESS [0.501s]
[INFO] ------------------------------------------------------------------------
[INFO] ------------------------------------------------------------------------
[INFO] BUILD SUCCESSFUL
[INFO] ------------------------------------------------------------------------
[INFO] Total time: 1 minute 4 seconds
[INFO] Finished at: Tue Jan 14 10:10:07 CST 2014
[INFO] Final Memory: 107M/1033M
[INFO] ------------------------------------------------------------------------
Copied 2 artifacts from &quot;SciJava-scripts&quot; build number 2
[workspace] $ /bin/sh -xe /tmp/hudson3636894941062051236.sh
+ sh -x bin/incremental-deploy.sh
sh: 0: Can't open bin/incremental-deploy.sh
Build step 'Ex&#233;cuter un script shell' marked build as failure
Archiving artifacts
Build step 'Groovy Postbuild' marked build as failure
Enregistrement des r&#233;sultats des tests
Performance: No threshold configured for making the test unstable
Performance: No threshold configured for making the test failure
Performance: Recording JUnit reports '**/TEST-*.xml'
Performance: Parsing JUnit report file TEST-imagej.command.CommandServiceTest.xml
Performance: Parsing JUnit report file TEST-imagej.display.DisplayTest.xml
Performance: Parsing JUnit report file TEST-imagej.menu.ShadowMenuTest.xml
Performance: Parsing JUnit report file TEST-imagej.options.OptionsTest.xml
Performance: Parsing JUnit report file TEST-imagej.util.ColorRGBTest.xml
Performance: Parsing JUnit report file TEST-imagej.util.PrefsTest.xml
Performance: Parsing JUnit report file TEST-imagej.util.UnitUtilsTest.xml
Performance: Parsing JUnit report file TEST-imagej.data.DatasetTest.xml
Performance: Parsing JUnit report file TEST-imagej.data.ExtentsTest.xml
Performance: Parsing JUnit report file TEST-imagej.data.PositionTest.xml
Performance: Parsing JUnit report file TEST-imagej.data.TestCursorSpeeds.xml
Performance: Parsing JUnit report file TEST-imagej.data.TestImgPlusService.xml
Performance: Parsing JUnit report file TEST-imagej.data.autoscale.ConfidenceIntervalAutoscaleMethodTest.xml
Performance: Parsing JUnit report file TEST-imagej.data.display.ImageCanvasTest.xml
Performance: Parsing JUnit report file TEST-imagej.data.lut.LUTFinderTest.xml
Performance: Parsing JUnit report file TEST-imagej.data.overlay.TestBinaryMaskOverlay.xml
Performance: Parsing JUnit report file TEST-imagej.data.table.DefaultResultsTableTest.xml
Performance: Parsing JUnit report file TEST-imagej.data.types.BigComplexTest.xml
Performance: Parsing JUnit report file TEST-imagej.data.types.PreciseFixedComplexFloatTypeTest.xml
Performance: Parsing JUnit report file TEST-imagej.data.types.PreciseFixedFloatTypeTest.xml
Performance: Parsing JUnit report file TEST-imagej.legacy.CodeHackerIT-code-hacker.xml
Performance: Parsing JUnit report file TEST-imagej.legacy.LegacyJavaAgentIT-debug.xml
Performance: Parsing JUnit report file TEST-imagej.legacy.LegacyJavaAgentIT-pre-init.xml
Performance: Parsing JUnit report file TEST-imagej.legacy.ExtraPluginDirsTest.xml
Performance: Parsing JUnit report file TEST-imagej.legacy.HeadlessCompletenessTest.xml
Performance: Parsing JUnit report file TEST-imagej.legacy.LegacyHeadlessTest.xml
Performance: Parsing JUnit report file TEST-imagej.legacy.LegacyImageMapTest.xml
Performance: Parsing JUnit report file TEST-imagej.legacy.LegacyServiceTest.xml
Performance: Parsing JUnit report file TEST-imagej.legacy.OverlayHarmonizerTest.xml
Performance: Parsing JUnit report file TEST-imagej.legacy.translate.LegacyUtilsTest.xml
Performance: Parsing JUnit report file TEST-imagej.legacy.translate.MergedRgbVirtualStackTest.xml
Performance: Parsing JUnit report file TEST-imagej.updater.core.CommandLineUpdaterTest.xml
Performance: Parsing JUnit report file TEST-imagej.updater.core.CustomUploaderTest.xml
Performance: Parsing JUnit report file TEST-imagej.updater.core.LocalhostUploaderTest.xml
Performance: Parsing JUnit report file TEST-imagej.updater.core.UpdaterTest.xml
Performance: Parsing JUnit report file TEST-imagej.updater.util.DependencyAnalyzerTest.xml
Performance: Parsing JUnit report file TEST-imagej.build.minimaven.BasicTest.xml
Performance: Parsing JUnit report file TEST-imagej.plugins.commands.upload.InteractiveUploadTest.xml
Performance: Parsing JUnit report file TEST-imagej.plugins.scripting.beanshell.BeanshellTest.xml
Performance: Parsing JUnit report file TEST-imagej.plugins.scripting.clojure.ClojureTest.xml
Performance: Parsing JUnit report file TEST-imagej.plugins.scripting.java.JavaEngineTest.xml
Performance: Parsing JUnit report file TEST-imagej.plugins.scripting.javascript.JavaScriptTest.xml
Performance: Parsing JUnit report file TEST-imagej.plugins.scripting.jruby.JRubyTest.xml
Performance: Parsing JUnit report file TEST-imagej.plugins.scripting.jython.JythonTest.xml
Performance: Parsing JUnit report file TEST-imagej.updater.ssh.SSHUploaderITCase.xml
Performance: Parsing JUnit report file TEST-imagej.updater.webdav.WebDAVUpdaterITCase.xml
Performance: Parsing JUnit report file TEST-imagej.updater.webdav.NetrcParserTest.xml
Performance: Parsing JUnit report file TEST-imagej.updater.core.UpdaterGUITest.xml
Performance: File TEST-imagej.command.CommandServiceTest.xml reported 0.0% of errors [SUCCESS]. Build status is: FAILURE
Performance: File TEST-imagej.display.DisplayTest.xml reported 0.0% of errors [SUCCESS]. Build status is: FAILURE
Performance: File TEST-imagej.menu.ShadowMenuTest.xml reported 0.0% of errors [SUCCESS]. Build status is: FAILURE
Performance: File TEST-imagej.options.OptionsTest.xml reported 0.0% of errors [SUCCESS]. Build status is: FAILURE
Performance: File TEST-imagej.util.ColorRGBTest.xml reported 0.0% of errors [SUCCESS]. Build status is: FAILURE
Performance: File TEST-imagej.util.PrefsTest.xml reported 0.0% of errors [SUCCESS]. Build status is: FAILURE
Performance: File TEST-imagej.util.UnitUtilsTest.xml reported 0.0% of errors [SUCCESS]. Build status is: FAILURE
Performance: File TEST-imagej.data.DatasetTest.xml reported 0.0% of errors [SUCCESS]. Build status is: FAILURE
Performance: File TEST-imagej.data.ExtentsTest.xml reported 0.0% of errors [SUCCESS]. Build status is: FAILURE
Performance: File TEST-imagej.data.PositionTest.xml reported 0.0% of errors [SUCCESS]. Build status is: FAILURE
Performance: File TEST-imagej.data.TestCursorSpeeds.xml reported 0.0% of errors [SUCCESS]. Build status is: FAILURE
Performance: File TEST-imagej.data.TestImgPlusService.xml reported 0.0% of errors [SUCCESS]. Build status is: FAILURE
Performance: File TEST-imagej.data.autoscale.ConfidenceIntervalAutoscaleMethodTest.xml reported 0.0% of errors [SUCCESS]. Build status is: FAILURE
Performance: File TEST-imagej.data.display.ImageCanvasTest.xml reported 0.0% of errors [SUCCESS]. Build status is: FAILURE
Performance: File TEST-imagej.data.lut.LUTFinderTest.xml reported 0.0% of errors [SUCCESS]. Build status is: FAILURE
Performance: File TEST-imagej.data.overlay.TestBinaryMaskOverlay.xml reported 0.0% of errors [SUCCESS]. Build status is: FAILURE
Performance: File TEST-imagej.data.table.DefaultResultsTableTest.xml reported 0.0% of errors [SUCCESS]. Build status is: FAILURE
Performance: File TEST-imagej.data.types.BigComplexTest.xml reported 0.0% of errors [SUCCESS]. Build status is: FAILURE
Performance: File TEST-imagej.data.types.PreciseFixedComplexFloatTypeTest.xml reported 0.0% of errors [SUCCESS]. Build status is: FAILURE
Performance: File TEST-imagej.data.types.PreciseFixedFloatTypeTest.xml reported 0.0% of errors [SUCCESS]. Build status is: FAILURE
Performance: File TEST-imagej.legacy.CodeHackerIT-code-hacker.xml reported 0.0% of errors [SUCCESS]. Build status is: FAILURE
Performance: File TEST-imagej.legacy.LegacyJavaAgentIT-debug.xml reported 0.0% of errors [SUCCESS]. Build status is: FAILURE
Performance: File TEST-imagej.legacy.LegacyJavaAgentIT-pre-init.xml reported 0.0% of errors [SUCCESS]. Build status is: FAILURE
Performance: File TEST-imagej.legacy.ExtraPluginDirsTest.xml reported 0.0% of errors [SUCCESS]. Build status is: FAILURE
Performance: File TEST-imagej.legacy.HeadlessCompletenessTest.xml reported 0.0% of errors [SUCCESS]. Build status is: FAILURE
Performance: File TEST-imagej.legacy.LegacyHeadlessTest.xml reported 0.0% of errors [SUCCESS]. Build status is: FAILURE
Performance: File TEST-imagej.legacy.LegacyImageMapTest.xml reported 0.0% of errors [SUCCESS]. Build status is: FAILURE
Performance: File TEST-imagej.legacy.LegacyServiceTest.xml reported 0.0% of errors [SUCCESS]. Build status is: FAILURE
Performance: File TEST-imagej.legacy.OverlayHarmonizerTest.xml reported 0.0% of errors [SUCCESS]. Build status is: FAILURE
Performance: File TEST-imagej.legacy.translate.LegacyUtilsTest.xml reported 0.0% of errors [SUCCESS]. Build status is: FAILURE
Performance: File TEST-imagej.legacy.translate.MergedRgbVirtualStackTest.xml reported 0.0% of errors [SUCCESS]. Build status is: FAILURE
Performance: File TEST-imagej.updater.core.CommandLineUpdaterTest.xml reported 0.0% of errors [SUCCESS]. Build status is: FAILURE
Performance: File TEST-imagej.updater.core.CustomUploaderTest.xml reported 0.0% of errors [SUCCESS]. Build status is: FAILURE
Performance: File TEST-imagej.updater.core.LocalhostUploaderTest.xml reported 0.0% of errors [SUCCESS]. Build status is: FAILURE
Performance: File TEST-imagej.updater.core.UpdaterTest.xml reported 0.0% of errors [SUCCESS]. Build status is: FAILURE
Performance: File TEST-imagej.updater.util.DependencyAnalyzerTest.xml reported 0.0% of errors [SUCCESS]. Build status is: FAILURE
Performance: File TEST-imagej.build.minimaven.BasicTest.xml reported 0.0% of errors [SUCCESS]. Build status is: FAILURE
Performance: File TEST-imagej.plugins.commands.upload.InteractiveUploadTest.xml reported 0.0% of errors [SUCCESS]. Build status is: FAILURE
Performance: File TEST-imagej.plugins.scripting.beanshell.BeanshellTest.xml reported 0.0% of errors [SUCCESS]. Build status is: FAILURE
Performance: File TEST-imagej.plugins.scripting.clojure.ClojureTest.xml reported 0.0% of errors [SUCCESS]. Build status is: FAILURE
Performance: File TEST-imagej.plugins.scripting.java.JavaEngineTest.xml reported 0.0% of errors [SUCCESS]. Build status is: FAILURE
Performance: File TEST-imagej.plugins.scripting.javascript.JavaScriptTest.xml reported 0.0% of errors [SUCCESS]. Build status is: FAILURE
Performance: File TEST-imagej.plugins.scripting.jruby.JRubyTest.xml reported 0.0% of errors [SUCCESS]. Build status is: FAILURE
Performance: File TEST-imagej.plugins.scripting.jython.JythonTest.xml reported 0.0% of errors [SUCCESS]. Build status is: FAILURE
Performance: File TEST-imagej.updater.ssh.SSHUploaderITCase.xml reported 0.0% of errors [SUCCESS]. Build status is: FAILURE
Performance: File TEST-imagej.updater.webdav.WebDAVUpdaterITCase.xml reported 0.0% of errors [SUCCESS]. Build status is: FAILURE
Performance: File TEST-imagej.updater.webdav.NetrcParserTest.xml reported 0.0% of errors [SUCCESS]. Build status is: FAILURE
Performance: File TEST-imagej.updater.core.UpdaterGUITest.xml reported 0.0% of errors [SUCCESS]. Build status is: FAILURE

</PRE>





<!--endarticle-->
    <HR>
    <P><UL>
        <!--threads-->
	<LI>Previous message: <A HREF="002987.html">[ImageJ-builds] Build failed in Jenkins: ImageJ #5395
</A></li>
	<LI>Next message: <A HREF="002989.html">[ImageJ-builds] Jenkins build is back to normal : ImageJ #5397
</A></li>
         <LI> <B>Messages sorted by:</B> 
              <a href="date.html#2988">[ date ]</a>
              <a href="thread.html#2988">[ thread ]</a>
              <a href="subject.html#2988">[ subject ]</a>
              <a href="author.html#2988">[ author ]</a>
         </LI>
       </UL>

<hr>
<a href="http://imagej.net/mailman/listinfo/imagej-builds">More information about the ImageJ-builds
mailing list</a><br>
</body></html>
