<!DOCTYPE HTML PUBLIC "-//W3C//DTD HTML 4.01 Transitional//EN">
<HTML>
 <HEAD>
   <TITLE> [ImageJ-builds] Build failed in Jenkins: TrackMate #14
   </TITLE>
   <LINK REL="Index" HREF="index.html" >
   <LINK REL="made" HREF="mailto:imagej-builds%40imagej.net?Subject=Re%3A%20%5BImageJ-builds%5D%20Build%20failed%20in%20Jenkins%3A%20TrackMate%20%2314&In-Reply-To=%3C1665364979.171.1389627978186.JavaMail.jenkins%40dev%3E">
   <META NAME="robots" CONTENT="index,nofollow">
   <style type="text/css">
       pre {
           white-space: pre-wrap;       /* css-2.1, curent FF, Opera, Safari */
           }
   </style>
   <META http-equiv="Content-Type" content="text/html; charset=us-ascii">
   <LINK REL="Previous"  HREF="002967.html">
   <LINK REL="Next"  HREF="002969.html">
 </HEAD>
 <BODY BGCOLOR="#ffffff">
   <H1>[ImageJ-builds] Build failed in Jenkins: TrackMate #14</H1>
    <B>jenkins at imagej.net</B> 
    <A HREF="mailto:imagej-builds%40imagej.net?Subject=Re%3A%20%5BImageJ-builds%5D%20Build%20failed%20in%20Jenkins%3A%20TrackMate%20%2314&In-Reply-To=%3C1665364979.171.1389627978186.JavaMail.jenkins%40dev%3E"
       TITLE="[ImageJ-builds] Build failed in Jenkins: TrackMate #14">jenkins at imagej.net
       </A><BR>
    <I>Mon Jan 13 09:46:18 CST 2014</I>
    <P><UL>
        <LI>Previous message: <A HREF="002967.html">[ImageJ-builds] Build failed in Jenkins: TrackMate #13
</A></li>
        <LI>Next message: <A HREF="002969.html">[ImageJ-builds] Build failed in Jenkins: TrackMate #15
</A></li>
         <LI> <B>Messages sorted by:</B> 
              <a href="date.html#2968">[ date ]</a>
              <a href="thread.html#2968">[ thread ]</a>
              <a href="subject.html#2968">[ subject ]</a>
              <a href="author.html#2968">[ author ]</a>
         </LI>
       </UL>
    <HR>  
<!--beginarticle-->
<PRE>See &lt;<A HREF="http://jenkins.imagej.net/job/TrackMate/14/changes">http://jenkins.imagej.net/job/TrackMate/14/changes</A>&gt;

Changes:

[Jean-Yves Tinevez] Fix Jenkins complain about generic type.

------------------------------------------
Un changement dans la base de code a provoqu&#233; le lancement de ce job
Building on master
Checkout:workspace / &lt;<A HREF="http://jenkins.imagej.net/job/TrackMate/ws/">http://jenkins.imagej.net/job/TrackMate/ws/</A>&gt; - <A HREF="http://imagej.net/mailman/listinfo/imagej-builds">hudson.remoting.LocalChannel at 6059906f</A>
Using strategy: Default
Last Built Revision: Revision 27b8898ba7cd90c97b21fe8138a3595ed208b7c9 (origin/master)
Fetching changes from 1 remote Git repository
Fetching upstream changes from <A HREF="git://github.com/fiji/TrackMate">git://github.com/fiji/TrackMate</A>
Commencing build of Revision 5b45e90269810a97c33a7eb1085b61537875e596 (origin/master)
Checking out Revision 5b45e90269810a97c33a7eb1085b61537875e596 (origin/master)
[workspace] $ /bin/sh -xe /tmp/hudson5694053478087956014.sh
+ git clean -dfx
Removing target/
[workspace] $ /bin/sh -xe /tmp/hudson1459818612227246861.sh
+ mvn -DupdateReleaseInfo=true deploy
Picked up JAVA_TOOL_OPTIONS: -Dfile.encoding=UTF-8
[INFO] Scanning for projects...
[INFO] ------------------------------------------------------------------------
[INFO] Building plugins/TrackMate_.jar
[INFO]    task-segment: [deploy]
[INFO] ------------------------------------------------------------------------
[INFO] [buildnumber:create {execution: default}]
[INFO] Checking for local modifications: skipped.
[INFO] Updating project files from SCM: skipped.
[INFO] Executing: /bin/sh -c cd /data/devel/jenkins/jobs/TrackMate/workspace &amp;&amp; git rev-parse --verify HEAD
[INFO] Working directory: /data/devel/jenkins/jobs/TrackMate/workspace
[INFO] Storing buildNumber: 5b45e90269810a97c33a7eb1085b61537875e596 at timestamp: 1389627968953
[INFO] Executing: /bin/sh -c cd /data/devel/jenkins/jobs/TrackMate/workspace &amp;&amp; git rev-parse --verify HEAD
[INFO] Working directory: /data/devel/jenkins/jobs/TrackMate/workspace
[INFO] Storing buildScmBranch: UNKNOWN
[INFO] [imagej:set-rootdir {execution: set-rootdir}]
[INFO] Setting rootdir: /data/devel/jenkins/jobs/TrackMate/workspace
[debug] execute contextualize
[INFO] [resources:resources {execution: default-resources}]
[INFO] Using 'UTF-8' encoding to copy filtered resources.
[INFO] Copying 63 resources
[WARNING] Overriding profile: 'null' (source: pom) with new instance from source: pom
[WARNING] Overriding profile: 'null' (source: pom) with new instance from source: pom
[WARNING] Overriding profile: 'null' (source: pom) with new instance from source: pom
[INFO] [compiler:compile {execution: default-compile}]
[INFO] Compiling 243 source files to /data/devel/jenkins/jobs/TrackMate/workspace/target/classes
[debug] execute contextualize
[INFO] [resources:testResources {execution: default-testResources}]
[INFO] Using 'UTF-8' encoding to copy filtered resources.
[INFO] skip non existing resourceDirectory /data/devel/jenkins/jobs/TrackMate/workspace/src/test/resources
[INFO] [compiler:testCompile {execution: default-testCompile}]
[INFO] Compiling 47 source files to /data/devel/jenkins/jobs/TrackMate/workspace/target/test-classes
[INFO] -------------------------------------------------------------
[ERROR] COMPILATION ERROR : 
[INFO] -------------------------------------------------------------
[ERROR] /data/devel/jenkins/jobs/TrackMate/workspace/src/test/java/fiji/plugin/trackmate/interactivetests/NewLogDetectorTestDrive.java:[45,50] incompatible types; inferred type argument(s) java.lang.Object do not conform to bounds of type variable(s) T
found   : &lt;T&gt;net.imglib2.meta.ImgPlus&lt;T&gt;
required: net.imglib2.meta.ImgPlus
[INFO] 1 error
[INFO] -------------------------------------------------------------
[INFO] ------------------------------------------------------------------------
[ERROR] BUILD FAILURE
[INFO] ------------------------------------------------------------------------
[INFO] Compilation failure
/data/devel/jenkins/jobs/TrackMate/workspace/src/test/java/fiji/plugin/trackmate/interactivetests/NewLogDetectorTestDrive.java:[45,50] incompatible types; inferred type argument(s) java.lang.Object do not conform to bounds of type variable(s) T
found   : &lt;T&gt;net.imglib2.meta.ImgPlus&lt;T&gt;
required: net.imglib2.meta.ImgPlus

[INFO] ------------------------------------------------------------------------
[INFO] For more information, run Maven with the -e switch
[INFO] ------------------------------------------------------------------------
[INFO] Total time: 11 seconds
[INFO] Finished at: Mon Jan 13 09:46:17 CST 2014
[INFO] Final Memory: 79M/1022M
[INFO] ------------------------------------------------------------------------
Build step 'Ex&#233;cuter un script shell' marked build as failure
Archiving artifacts

</PRE>






<!--endarticle-->
    <HR>
    <P><UL>
        <!--threads-->
	<LI>Previous message: <A HREF="002967.html">[ImageJ-builds] Build failed in Jenkins: TrackMate #13
</A></li>
	<LI>Next message: <A HREF="002969.html">[ImageJ-builds] Build failed in Jenkins: TrackMate #15
</A></li>
         <LI> <B>Messages sorted by:</B> 
              <a href="date.html#2968">[ date ]</a>
              <a href="thread.html#2968">[ thread ]</a>
              <a href="subject.html#2968">[ subject ]</a>
              <a href="author.html#2968">[ author ]</a>
         </LI>
       </UL>

<hr>
<a href="http://imagej.net/mailman/listinfo/imagej-builds">More information about the ImageJ-builds
mailing list</a><br>
</body></html>
