<!DOCTYPE HTML PUBLIC "-//W3C//DTD HTML 4.01 Transitional//EN">
<HTML>
 <HEAD>
   <TITLE> [ImageJ-builds] Build failed in Jenkins: TrackMate #20
   </TITLE>
   <LINK REL="Index" HREF="index.html" >
   <LINK REL="made" HREF="mailto:imagej-builds%40imagej.net?Subject=Re%3A%20%5BImageJ-builds%5D%20Build%20failed%20in%20Jenkins%3A%20TrackMate%20%2320&In-Reply-To=%3C2124346844.222.1389950487026.JavaMail.jenkins%40dev%3E">
   <META NAME="robots" CONTENT="index,nofollow">
   <style type="text/css">
       pre {
           white-space: pre-wrap;       /* css-2.1, curent FF, Opera, Safari */
           }
   </style>
   <META http-equiv="Content-Type" content="text/html; charset=us-ascii">
   <LINK REL="Previous"  HREF="003005.html">
   <LINK REL="Next"  HREF="003017.html">
 </HEAD>
 <BODY BGCOLOR="#ffffff">
   <H1>[ImageJ-builds] Build failed in Jenkins: TrackMate #20</H1>
    <B>jenkins at imagej.net</B> 
    <A HREF="mailto:imagej-builds%40imagej.net?Subject=Re%3A%20%5BImageJ-builds%5D%20Build%20failed%20in%20Jenkins%3A%20TrackMate%20%2320&In-Reply-To=%3C2124346844.222.1389950487026.JavaMail.jenkins%40dev%3E"
       TITLE="[ImageJ-builds] Build failed in Jenkins: TrackMate #20">jenkins at imagej.net
       </A><BR>
    <I>Fri Jan 17 03:21:27 CST 2014</I>
    <P><UL>
        <LI>Previous message: <A HREF="003005.html">[ImageJ-builds] Build failed in Jenkins: TrackMate #19
</A></li>
        <LI>Next message: <A HREF="003017.html">[ImageJ-builds] Build failed in Jenkins: TrackMate #21
</A></li>
         <LI> <B>Messages sorted by:</B> 
              <a href="date.html#3016">[ date ]</a>
              <a href="thread.html#3016">[ thread ]</a>
              <a href="subject.html#3016">[ subject ]</a>
              <a href="author.html#3016">[ author ]</a>
         </LI>
       </UL>
    <HR>  
<!--beginarticle-->
<PRE>See &lt;<A HREF="http://jenkins.imagej.net/job/TrackMate/20/changes">http://jenkins.imagej.net/job/TrackMate/20/changes</A>&gt;

Changes:

[Jean-Yves Tinevez] WIP: use SciJava for views.

[Jean-Yves Tinevez] Fix the view discovery &amp; integration.

------------------------------------------
Un changement dans la base de code a provoqu&#233; le lancement de ce job
Building on master
Checkout:workspace / &lt;<A HREF="http://jenkins.imagej.net/job/TrackMate/ws/">http://jenkins.imagej.net/job/TrackMate/ws/</A>&gt; - <A HREF="http://imagej.net/mailman/listinfo/imagej-builds">hudson.remoting.LocalChannel at 6059906f</A>
Using strategy: Default
Last Built Revision: Revision f1c16a23115cce1392fb9077a4fa0af5512e4578 (origin/master)
Fetching changes from 1 remote Git repository
Fetching upstream changes from <A HREF="git://github.com/fiji/TrackMate">git://github.com/fiji/TrackMate</A>
Commencing build of Revision 1663c72931f9329172844488714b063180dbedc7 (origin/master)
Checking out Revision 1663c72931f9329172844488714b063180dbedc7 (origin/master)
[workspace] $ /bin/sh -xe /tmp/hudson3079874383324344341.sh
+ git clean -dfx
Removing target/
[workspace] $ /bin/sh -xe /tmp/hudson5290888924624894538.sh
+ mvn -DupdateReleaseInfo=true deploy
Picked up JAVA_TOOL_OPTIONS: -Dfile.encoding=UTF-8
[INFO] Scanning for projects...
[INFO] snapshot sc.fiji:pom-fiji:2.0.0-SNAPSHOT: checking for updates from imagej.releases
[INFO] snapshot sc.fiji:pom-fiji:2.0.0-SNAPSHOT: checking for updates from imagej.snapshots
[WARNING] *** CHECKSUM FAILED - Checksum failed on download: local = '85fc0d91b97de4068e050a9bbf5578eb71c7f782'; remote = 'e47962507fd31e0025b1288064323aa08ee9eab3' - RETRYING
[WARNING] *** CHECKSUM FAILED - Checksum failed on download: local = '85fc0d91b97de4068e050a9bbf5578eb71c7f782'; remote = 'e47962507fd31e0025b1288064323aa08ee9eab3' - IGNORING
[INFO] ------------------------------------------------------------------------
[INFO] Building plugins/TrackMate_.jar
[INFO]    task-segment: [deploy]
[INFO] ------------------------------------------------------------------------
[INFO] [buildnumber:create {execution: default}]
[INFO] Checking for local modifications: skipped.
[INFO] Updating project files from SCM: skipped.
[INFO] Executing: /bin/sh -c cd /data/devel/jenkins/jobs/TrackMate/workspace &amp;&amp; git rev-parse --verify HEAD
[INFO] Working directory: /data/devel/jenkins/jobs/TrackMate/workspace
[INFO] Storing buildNumber: 1663c72931f9329172844488714b063180dbedc7 at timestamp: 1389950475134
[INFO] Executing: /bin/sh -c cd /data/devel/jenkins/jobs/TrackMate/workspace &amp;&amp; git rev-parse --verify HEAD
[INFO] Working directory: /data/devel/jenkins/jobs/TrackMate/workspace
[INFO] Storing buildScmBranch: UNKNOWN
[INFO] [imagej:set-rootdir {execution: set-rootdir}]
[INFO] Setting rootdir: /data/devel/jenkins/jobs/TrackMate/workspace
[debug] execute contextualize
[INFO] [resources:resources {execution: default-resources}]
[INFO] Using 'UTF-8' encoding to copy filtered resources.
[INFO] Copying 63 resources
[INFO] snapshot sc.fiji:pom-fiji-plugins:2.0.0-SNAPSHOT: checking for updates from imagej.releases
[INFO] snapshot sc.fiji:pom-fiji-plugins:2.0.0-SNAPSHOT: checking for updates from imagej.snapshots
[WARNING] *** CHECKSUM FAILED - Checksum failed on download: local = '63ac20a635075bce7528f1a7373886f0c9c31db3'; remote = '7c6915aa7884acb7a4fef8daf10295eaf44b1b25' - RETRYING
[WARNING] *** CHECKSUM FAILED - Checksum failed on download: local = '63ac20a635075bce7528f1a7373886f0c9c31db3'; remote = '7c6915aa7884acb7a4fef8daf10295eaf44b1b25' - IGNORING
[INFO] snapshot sc.fiji:pom-fiji-plugins:2.0.0-SNAPSHOT: checking for updates from imagej.thirdparty
[WARNING] Overriding profile: 'null' (source: pom) with new instance from source: pom
[WARNING] Overriding profile: 'null' (source: pom) with new instance from source: pom
[WARNING] Overriding profile: 'null' (source: pom) with new instance from source: pom
[INFO] [compiler:compile {execution: default-compile}]
[INFO] Compiling 247 source files to /data/devel/jenkins/jobs/TrackMate/workspace/target/classes
[debug] execute contextualize
[INFO] [resources:testResources {execution: default-testResources}]
[INFO] Using 'UTF-8' encoding to copy filtered resources.
[INFO] skip non existing resourceDirectory /data/devel/jenkins/jobs/TrackMate/workspace/src/test/resources
[INFO] [compiler:testCompile {execution: default-testCompile}]
[INFO] Compiling 46 source files to /data/devel/jenkins/jobs/TrackMate/workspace/target/test-classes
[INFO] [surefire:test {execution: default-test}]
[INFO] Surefire report directory: /data/devel/jenkins/jobs/TrackMate/workspace/target/surefire-reports

-------------------------------------------------------
 T E S T S
-------------------------------------------------------
Picked up JAVA_TOOL_OPTIONS: -Dfile.encoding=UTF-8
Running fiji.plugin.trackmate.features.track.TrackDurationAnalyzerTest
Tests run: 4, Failures: 0, Errors: 0, Skipped: 0, Time elapsed: 0.225 sec
Running fiji.plugin.trackmate.features.track.TrackLocationAnalyzerTest
Tests run: 2, Failures: 0, Errors: 0, Skipped: 0, Time elapsed: 0.021 sec
Running fiji.plugin.trackmate.features.track.TrackBranchingAnalyzerTest
[43]
Tests run: 4, Failures: 0, Errors: 0, Skipped: 0, Time elapsed: 0.105 sec
Running fiji.plugin.trackmate.features.track.TrackSpeedStatisticsAnalyzerTest
Tests run: 5, Failures: 0, Errors: 0, Skipped: 0, Time elapsed: 0.045 sec
Running fiji.plugin.trackmate.features.track.TrackIndexAnalyzerTest
Tests run: 2, Failures: 0, Errors: 0, Skipped: 0, Time elapsed: 0.006 sec
Running fiji.plugin.trackmate.features.spot.RadiusEstimatorTest
Tests run: 1, Failures: 0, Errors: 0, Skipped: 0, Time elapsed: 0.318 sec
Running fiji.plugin.trackmate.features.spot.BlobDescriptiveStatisticsTest
Tests run: 1, Failures: 0, Errors: 0, Skipped: 0, Time elapsed: 0.008 sec
Running fiji.plugin.trackmate.features.edge.EdgeTimeAndLocationAnalyzerTest
Tests run: 2, Failures: 0, Errors: 0, Skipped: 0, Time elapsed: 0.018 sec
Running fiji.plugin.trackmate.features.edge.EdgeTargetAnalyzerTest
Tests run: 2, Failures: 0, Errors: 0, Skipped: 0, Time elapsed: 0.019 sec
Running fiji.plugin.trackmate.features.edge.EdgeVelocityAnalyzerTest
Tests run: 2, Failures: 0, Errors: 0, Skipped: 0, Time elapsed: 0.024 sec
Running fiji.plugin.trackmate.ModelTest
Tests run: 4, Failures: 0, Errors: 0, Skipped: 0, Time elapsed: 0.007 sec
Running fiji.plugin.trackmate.SpotCollectionTest
Tests run: 17, Failures: 0, Errors: 1, Skipped: 0, Time elapsed: 0.367 sec &lt;&lt;&lt; FAILURE!
Running fiji.plugin.trackmate.TrackModelTest
Tests run: 6, Failures: 0, Errors: 0, Skipped: 0, Time elapsed: 0.005 sec
Running fiji.plugin.trackmate.tracking.LAPTrackerTest
Tests run: 2, Failures: 0, Errors: 0, Skipped: 0, Time elapsed: 0.059 sec
Running fiji.plugin.trackmate.graph.RecursiveCumSumTest
Tests run: 1, Failures: 0, Errors: 0, Skipped: 0, Time elapsed: 0.004 sec
Running fiji.plugin.trackmate.graph.SortedDepthFirstIteratorTest
Tests run: 1, Failures: 0, Errors: 0, Skipped: 0, Time elapsed: 0.021 sec

Results :

Tests in error: 
  testIsVisible(fiji.plugin.trackmate.SpotCollectionTest)

Tests run: 56, Failures: 0, Errors: 1, Skipped: 0

[INFO] ------------------------------------------------------------------------
[ERROR] BUILD FAILURE
[INFO] ------------------------------------------------------------------------
[INFO] There are test failures.

Please refer to /data/devel/jenkins/jobs/TrackMate/workspace/target/surefire-reports for the individual test results.
[INFO] ------------------------------------------------------------------------
[INFO] For more information, run Maven with the -e switch
[INFO] ------------------------------------------------------------------------
[INFO] Total time: 13 seconds
[INFO] Finished at: Fri Jan 17 03:21:26 CST 2014
[INFO] Final Memory: 84M/1033M
[INFO] ------------------------------------------------------------------------
Build step 'Ex&#233;cuter un script shell' marked build as failure
Archiving artifacts

</PRE>













<!--endarticle-->
    <HR>
    <P><UL>
        <!--threads-->
	<LI>Previous message: <A HREF="003005.html">[ImageJ-builds] Build failed in Jenkins: TrackMate #19
</A></li>
	<LI>Next message: <A HREF="003017.html">[ImageJ-builds] Build failed in Jenkins: TrackMate #21
</A></li>
         <LI> <B>Messages sorted by:</B> 
              <a href="date.html#3016">[ date ]</a>
              <a href="thread.html#3016">[ thread ]</a>
              <a href="subject.html#3016">[ subject ]</a>
              <a href="author.html#3016">[ author ]</a>
         </LI>
       </UL>

<hr>
<a href="http://imagej.net/mailman/listinfo/imagej-builds">More information about the ImageJ-builds
mailing list</a><br>
</body></html>
