<!DOCTYPE HTML PUBLIC "-//W3C//DTD HTML 4.01 Transitional//EN">
<HTML>
 <HEAD>
   <TITLE> [ImageJ-builds] Build failed in Jenkins: TrackMate #21
   </TITLE>
   <LINK REL="Index" HREF="index.html" >
   <LINK REL="made" HREF="mailto:imagej-builds%40imagej.net?Subject=Re%3A%20%5BImageJ-builds%5D%20Build%20failed%20in%20Jenkins%3A%20TrackMate%20%2321&In-Reply-To=%3C951585407.223.1389962825104.JavaMail.jenkins%40dev%3E">
   <META NAME="robots" CONTENT="index,nofollow">
   <style type="text/css">
       pre {
           white-space: pre-wrap;       /* css-2.1, curent FF, Opera, Safari */
           }
   </style>
   <META http-equiv="Content-Type" content="text/html; charset=us-ascii">
   <LINK REL="Previous"  HREF="003016.html">
   <LINK REL="Next"  HREF="003019.html">
 </HEAD>
 <BODY BGCOLOR="#ffffff">
   <H1>[ImageJ-builds] Build failed in Jenkins: TrackMate #21</H1>
    <B>jenkins at imagej.net</B> 
    <A HREF="mailto:imagej-builds%40imagej.net?Subject=Re%3A%20%5BImageJ-builds%5D%20Build%20failed%20in%20Jenkins%3A%20TrackMate%20%2321&In-Reply-To=%3C951585407.223.1389962825104.JavaMail.jenkins%40dev%3E"
       TITLE="[ImageJ-builds] Build failed in Jenkins: TrackMate #21">jenkins at imagej.net
       </A><BR>
    <I>Fri Jan 17 06:47:05 CST 2014</I>
    <P><UL>
        <LI>Previous message: <A HREF="003016.html">[ImageJ-builds] Build failed in Jenkins: TrackMate #20
</A></li>
        <LI>Next message: <A HREF="003019.html">[ImageJ-builds] Jenkins build is back to normal : TrackMate #22
</A></li>
         <LI> <B>Messages sorted by:</B> 
              <a href="date.html#3017">[ date ]</a>
              <a href="thread.html#3017">[ thread ]</a>
              <a href="subject.html#3017">[ subject ]</a>
              <a href="author.html#3017">[ author ]</a>
         </LI>
       </UL>
    <HR>  
<!--beginarticle-->
<PRE>See &lt;<A HREF="http://jenkins.imagej.net/job/TrackMate/21/changes">http://jenkins.imagej.net/job/TrackMate/21/changes</A>&gt;

Changes:

[Jean-Yves Tinevez] User factories for actioms.

------------------------------------------
Un changement dans la base de code a provoqu&#233; le lancement de ce job
Building on master
Checkout:workspace / &lt;<A HREF="http://jenkins.imagej.net/job/TrackMate/ws/">http://jenkins.imagej.net/job/TrackMate/ws/</A>&gt; - <A HREF="http://imagej.net/mailman/listinfo/imagej-builds">hudson.remoting.LocalChannel at 6059906f</A>
Using strategy: Default
Last Built Revision: Revision 1663c72931f9329172844488714b063180dbedc7 (origin/master)
Fetching changes from 1 remote Git repository
Fetching upstream changes from <A HREF="git://github.com/fiji/TrackMate">git://github.com/fiji/TrackMate</A>
Commencing build of Revision ca471d12091f17a3e580df96e38984ffa4cccf5a (origin/master)
Checking out Revision ca471d12091f17a3e580df96e38984ffa4cccf5a (origin/master)
[workspace] $ /bin/sh -xe /tmp/hudson2028968437044214291.sh
+ git clean -dfx
Removing target/
[workspace] $ /bin/sh -xe /tmp/hudson6223560843387573474.sh
+ mvn -DupdateReleaseInfo=true deploy
Picked up JAVA_TOOL_OPTIONS: -Dfile.encoding=UTF-8
[INFO] Scanning for projects...
[INFO] ------------------------------------------------------------------------
[INFO] Building plugins/TrackMate_.jar
[INFO]    task-segment: [deploy]
[INFO] ------------------------------------------------------------------------
[INFO] [buildnumber:create {execution: default}]
[INFO] Checking for local modifications: skipped.
[INFO] Updating project files from SCM: skipped.
[INFO] Executing: /bin/sh -c cd /data/devel/jenkins/jobs/TrackMate/workspace &amp;&amp; git rev-parse --verify HEAD
[INFO] Working directory: /data/devel/jenkins/jobs/TrackMate/workspace
[INFO] Storing buildNumber: ca471d12091f17a3e580df96e38984ffa4cccf5a at timestamp: 1389962813283
[INFO] Executing: /bin/sh -c cd /data/devel/jenkins/jobs/TrackMate/workspace &amp;&amp; git rev-parse --verify HEAD
[INFO] Working directory: /data/devel/jenkins/jobs/TrackMate/workspace
[INFO] Storing buildScmBranch: UNKNOWN
[INFO] [imagej:set-rootdir {execution: set-rootdir}]
[INFO] Setting rootdir: /data/devel/jenkins/jobs/TrackMate/workspace
[debug] execute contextualize
[INFO] [resources:resources {execution: default-resources}]
[INFO] Using 'UTF-8' encoding to copy filtered resources.
[INFO] Copying 63 resources
[WARNING] Overriding profile: 'null' (source: pom) with new instance from source: pom
[WARNING] Overriding profile: 'null' (source: pom) with new instance from source: pom
[WARNING] Overriding profile: 'null' (source: pom) with new instance from source: pom
[INFO] [compiler:compile {execution: default-compile}]
[INFO] Compiling 248 source files to /data/devel/jenkins/jobs/TrackMate/workspace/target/classes
[debug] execute contextualize
[INFO] [resources:testResources {execution: default-testResources}]
[INFO] Using 'UTF-8' encoding to copy filtered resources.
[INFO] skip non existing resourceDirectory /data/devel/jenkins/jobs/TrackMate/workspace/src/test/resources
[INFO] [compiler:testCompile {execution: default-testCompile}]
[INFO] Compiling 46 source files to /data/devel/jenkins/jobs/TrackMate/workspace/target/test-classes
[INFO] [surefire:test {execution: default-test}]
[INFO] Surefire report directory: /data/devel/jenkins/jobs/TrackMate/workspace/target/surefire-reports

-------------------------------------------------------
 T E S T S
-------------------------------------------------------
Picked up JAVA_TOOL_OPTIONS: -Dfile.encoding=UTF-8
Running fiji.plugin.trackmate.features.track.TrackDurationAnalyzerTest
Tests run: 4, Failures: 0, Errors: 0, Skipped: 0, Time elapsed: 0.198 sec
Running fiji.plugin.trackmate.features.track.TrackLocationAnalyzerTest
Tests run: 2, Failures: 0, Errors: 0, Skipped: 0, Time elapsed: 0.022 sec
Running fiji.plugin.trackmate.features.track.TrackBranchingAnalyzerTest
[43]
Tests run: 4, Failures: 0, Errors: 0, Skipped: 0, Time elapsed: 0.11 sec
Running fiji.plugin.trackmate.features.track.TrackSpeedStatisticsAnalyzerTest
Tests run: 5, Failures: 0, Errors: 0, Skipped: 0, Time elapsed: 0.045 sec
Running fiji.plugin.trackmate.features.track.TrackIndexAnalyzerTest
Tests run: 2, Failures: 0, Errors: 0, Skipped: 0, Time elapsed: 0.006 sec
Running fiji.plugin.trackmate.features.spot.RadiusEstimatorTest
Tests run: 1, Failures: 0, Errors: 0, Skipped: 0, Time elapsed: 0.362 sec
Running fiji.plugin.trackmate.features.spot.BlobDescriptiveStatisticsTest
Tests run: 1, Failures: 0, Errors: 0, Skipped: 0, Time elapsed: 0.007 sec
Running fiji.plugin.trackmate.features.edge.EdgeTimeAndLocationAnalyzerTest
Tests run: 2, Failures: 0, Errors: 0, Skipped: 0, Time elapsed: 0.017 sec
Running fiji.plugin.trackmate.features.edge.EdgeTargetAnalyzerTest
Tests run: 2, Failures: 0, Errors: 0, Skipped: 0, Time elapsed: 0.017 sec
Running fiji.plugin.trackmate.features.edge.EdgeVelocityAnalyzerTest
Tests run: 2, Failures: 0, Errors: 0, Skipped: 0, Time elapsed: 0.019 sec
Running fiji.plugin.trackmate.ModelTest
Tests run: 4, Failures: 0, Errors: 0, Skipped: 0, Time elapsed: 0.007 sec
Running fiji.plugin.trackmate.SpotCollectionTest
Tests run: 17, Failures: 0, Errors: 1, Skipped: 0, Time elapsed: 0.352 sec &lt;&lt;&lt; FAILURE!
Running fiji.plugin.trackmate.TrackModelTest
Tests run: 6, Failures: 0, Errors: 0, Skipped: 0, Time elapsed: 0.006 sec
Running fiji.plugin.trackmate.tracking.LAPTrackerTest
Tests run: 2, Failures: 0, Errors: 0, Skipped: 0, Time elapsed: 0.048 sec
Running fiji.plugin.trackmate.graph.RecursiveCumSumTest
Tests run: 1, Failures: 0, Errors: 0, Skipped: 0, Time elapsed: 0.004 sec
Running fiji.plugin.trackmate.graph.SortedDepthFirstIteratorTest
Tests run: 1, Failures: 0, Errors: 0, Skipped: 0, Time elapsed: 0.021 sec

Results :

Tests in error: 
  testIsVisible(fiji.plugin.trackmate.SpotCollectionTest)

Tests run: 56, Failures: 0, Errors: 1, Skipped: 0

[INFO] ------------------------------------------------------------------------
[ERROR] BUILD FAILURE
[INFO] ------------------------------------------------------------------------
[INFO] There are test failures.

Please refer to /data/devel/jenkins/jobs/TrackMate/workspace/target/surefire-reports for the individual test results.
[INFO] ------------------------------------------------------------------------
[INFO] For more information, run Maven with the -e switch
[INFO] ------------------------------------------------------------------------
[INFO] Total time: 13 seconds
[INFO] Finished at: Fri Jan 17 06:47:04 CST 2014
[INFO] Final Memory: 85M/1033M
[INFO] ------------------------------------------------------------------------
Build step 'Ex&#233;cuter un script shell' marked build as failure
Archiving artifacts

</PRE>













<!--endarticle-->
    <HR>
    <P><UL>
        <!--threads-->
	<LI>Previous message: <A HREF="003016.html">[ImageJ-builds] Build failed in Jenkins: TrackMate #20
</A></li>
	<LI>Next message: <A HREF="003019.html">[ImageJ-builds] Jenkins build is back to normal : TrackMate #22
</A></li>
         <LI> <B>Messages sorted by:</B> 
              <a href="date.html#3017">[ date ]</a>
              <a href="thread.html#3017">[ thread ]</a>
              <a href="subject.html#3017">[ subject ]</a>
              <a href="author.html#3017">[ author ]</a>
         </LI>
       </UL>

<hr>
<a href="http://imagej.net/mailman/listinfo/imagej-builds">More information about the ImageJ-builds
mailing list</a><br>
</body></html>
