<!DOCTYPE HTML PUBLIC "-//W3C//DTD HTML 4.01 Transitional//EN">
<HTML>
 <HEAD>
   <TITLE> [ImageJ-builds] Build failed in Jenkins: ImageJ #3399
   </TITLE>
   <LINK REL="Index" HREF="index.html" >
   <LINK REL="made" HREF="mailto:imagej-builds%40imagej.net?Subject=Re%3A%20%5BImageJ-builds%5D%20Build%20failed%20in%20Jenkins%3A%20ImageJ%20%233399&In-Reply-To=%3C2126507078.26.1342196963929.JavaMail.jenkins%40dev%3E">
   <META NAME="robots" CONTENT="index,nofollow">
   <style type="text/css">
       pre {
           white-space: pre-wrap;       /* css-2.1, curent FF, Opera, Safari */
           }
   </style>
   <META http-equiv="Content-Type" content="text/html; charset=us-ascii">
   <LINK REL="Previous"  HREF="000253.html">
   <LINK REL="Next"  HREF="000254.html">
 </HEAD>
 <BODY BGCOLOR="#ffffff">
   <H1>[ImageJ-builds] Build failed in Jenkins: ImageJ #3399</H1>
    <B>jenkins at imagej.net</B> 
    <A HREF="mailto:imagej-builds%40imagej.net?Subject=Re%3A%20%5BImageJ-builds%5D%20Build%20failed%20in%20Jenkins%3A%20ImageJ%20%233399&In-Reply-To=%3C2126507078.26.1342196963929.JavaMail.jenkins%40dev%3E"
       TITLE="[ImageJ-builds] Build failed in Jenkins: ImageJ #3399">jenkins at imagej.net
       </A><BR>
    <I>Fri Jul 13 11:29:23 CDT 2012</I>
    <P><UL>
        <LI>Previous message: <A HREF="000253.html">[ImageJ-builds] Jenkins build is back to normal : fiji-windows-full	#98
</A></li>
        <LI>Next message: <A HREF="000254.html">[ImageJ-builds] Build failed in Jenkins: ImageJ1-unit-tests #43
</A></li>
         <LI> <B>Messages sorted by:</B> 
              <a href="date.html#252">[ date ]</a>
              <a href="thread.html#252">[ thread ]</a>
              <a href="subject.html#252">[ subject ]</a>
              <a href="author.html#252">[ author ]</a>
         </LI>
       </UL>
    <HR>  
<!--beginarticle-->
<PRE>See &lt;<A HREF="http://jenkins.imagej.net/job/ImageJ/3399/">http://jenkins.imagej.net/job/ImageJ/3399/</A>&gt;

------------------------------------------
[...truncated 3636 lines...]
Jul 13, 2012 11:29:15 AM org.apache.commons.httpclient.auth.AuthChallengeProcessor selectAuthScheme
INFO: basic authentication scheme selected
[INFO] ------------------------------------------------------------------------
[INFO] Building ImageJ UI: Swing Tools
[INFO]    task-segment: [clean, deploy]
[INFO] ------------------------------------------------------------------------
[INFO] [clean:clean {execution: default-clean}]
[INFO] Deleting /data/devel/jenkins/jobs/ImageJ/workspace/ui/swing/tools/target
[INFO] [buildnumber:create {execution: default}]
[debug] execute contextualize
[INFO] [resources:resources {execution: default-resources}]
[INFO] Using 'UTF-8' encoding to copy filtered resources.
[INFO] Copying 8 resources
[INFO] [compiler:compile {execution: default-compile}]
[INFO] Compiling 9 source files to /data/devel/jenkins/jobs/ImageJ/workspace/ui/swing/tools/target/classes
[debug] execute contextualize
[INFO] [resources:testResources {execution: default-testResources}]
[INFO] Using 'UTF-8' encoding to copy filtered resources.
[INFO] skip non existing resourceDirectory /data/devel/jenkins/jobs/ImageJ/workspace/ui/swing/tools/src/test/resources
[INFO] [compiler:testCompile {execution: default-testCompile}]
[INFO] No sources to compile
[INFO] [surefire:test {execution: default-test}]
[INFO] No tests to run.
[INFO] Surefire report directory: /data/devel/jenkins/jobs/ImageJ/workspace/ui/swing/tools/target/surefire-reports

-------------------------------------------------------
 T E S T S
-------------------------------------------------------

Results :

Tests run: 0, Failures: 0, Errors: 0, Skipped: 0

[INFO] [jar:jar {execution: default-jar}]
[INFO] Building jar: /data/devel/jenkins/jobs/ImageJ/workspace/ui/swing/tools/target/ij-ui-swing-tools-2.0.0-beta3.jar
[INFO] [install:install {execution: default-install}]
[INFO] Installing /data/devel/jenkins/jobs/ImageJ/workspace/ui/swing/tools/target/ij-ui-swing-tools-2.0.0-beta3.jar to /var/lib/jenkins/.m2/repository/net/imagej/ij-ui-swing-tools/2.0.0-beta3/ij-ui-swing-tools-2.0.0-beta3.jar
[INFO] [deploy:deploy {execution: default-deploy}]
Uploading: <A HREF="http://maven.imagej.net/content/repositories/releases/net/imagej/ij-ui-swing-tools/2.0.0-beta3/ij-ui-swing-tools-2.0.0-beta3.jar">http://maven.imagej.net/content/repositories/releases/net/imagej/ij-ui-swing-tools/2.0.0-beta3/ij-ui-swing-tools-2.0.0-beta3.jar</A>
Jul 13, 2012 11:29:16 AM org.apache.commons.httpclient.auth.AuthChallengeProcessor selectAuthScheme
INFO: basic authentication scheme selected
4/35K
8/35K
12/35K
16/35K
20/35K
24/35K
28/35K
32/35K
35/35K
35K uploaded  (ij-ui-swing-tools-2.0.0-beta3.jar)
[INFO] Uploading project information for ij-ui-swing-tools 2.0.0-beta3
Jul 13, 2012 11:29:17 AM org.apache.commons.httpclient.auth.AuthChallengeProcessor selectAuthScheme
INFO: basic authentication scheme selected
[INFO] Retrieving previous metadata from imagej.releases
[INFO] Uploading repository metadata for: 'artifact net.imagej:ij-ui-swing-tools'
Jul 13, 2012 11:29:17 AM org.apache.commons.httpclient.auth.AuthChallengeProcessor selectAuthScheme
INFO: basic authentication scheme selected
[INFO] ------------------------------------------------------------------------
[INFO] Building ImageJ Updater (Swing)
[INFO]    task-segment: [clean, deploy]
[INFO] ------------------------------------------------------------------------
[INFO] [clean:clean {execution: default-clean}]
[INFO] Deleting /data/devel/jenkins/jobs/ImageJ/workspace/ui/swing/updater/target
[INFO] [buildnumber:create {execution: default}]
[debug] execute contextualize
[INFO] [resources:resources {execution: default-resources}]
[INFO] Using 'UTF-8' encoding to copy filtered resources.
[INFO] skip non existing resourceDirectory /data/devel/jenkins/jobs/ImageJ/workspace/ui/swing/updater/src/main/resources
[INFO] [compiler:compile {execution: default-compile}]
[INFO] Compiling 11 source files to /data/devel/jenkins/jobs/ImageJ/workspace/ui/swing/updater/target/classes
[debug] execute contextualize
[INFO] [resources:testResources {execution: default-testResources}]
[INFO] Using 'UTF-8' encoding to copy filtered resources.
[INFO] skip non existing resourceDirectory /data/devel/jenkins/jobs/ImageJ/workspace/ui/swing/updater/src/test/resources
[INFO] [compiler:testCompile {execution: default-testCompile}]
[INFO] Compiling 1 source file to /data/devel/jenkins/jobs/ImageJ/workspace/ui/swing/updater/target/test-classes
[INFO] [surefire:test {execution: default-test}]
[INFO] Surefire report directory: /data/devel/jenkins/jobs/ImageJ/workspace/ui/swing/updater/target/surefire-reports

-------------------------------------------------------
 T E S T S
-------------------------------------------------------
Running imagej.updater.UpdaterGUITest
Tests run: 0, Failures: 0, Errors: 0, Skipped: 0, Time elapsed: 0 sec

Results :

Tests run: 0, Failures: 0, Errors: 0, Skipped: 0

[INFO] [jar:jar {execution: default-jar}]
[INFO] Building jar: /data/devel/jenkins/jobs/ImageJ/workspace/ui/swing/updater/target/ij-ui-swing-updater-2.0.0-beta3.jar
[INFO] [install:install {execution: default-install}]
[INFO] Installing /data/devel/jenkins/jobs/ImageJ/workspace/ui/swing/updater/target/ij-ui-swing-updater-2.0.0-beta3.jar to /var/lib/jenkins/.m2/repository/net/imagej/ij-ui-swing-updater/2.0.0-beta3/ij-ui-swing-updater-2.0.0-beta3.jar
[INFO] [deploy:deploy {execution: default-deploy}]
Uploading: <A HREF="http://maven.imagej.net/content/repositories/releases/net/imagej/ij-ui-swing-updater/2.0.0-beta3/ij-ui-swing-updater-2.0.0-beta3.jar">http://maven.imagej.net/content/repositories/releases/net/imagej/ij-ui-swing-updater/2.0.0-beta3/ij-ui-swing-updater-2.0.0-beta3.jar</A>
Jul 13, 2012 11:29:19 AM org.apache.commons.httpclient.auth.AuthChallengeProcessor selectAuthScheme
INFO: basic authentication scheme selected
4/88K
8/88K
12/88K
16/88K
20/88K
24/88K
28/88K
32/88K
36/88K
40/88K
44/88K
48/88K
52/88K
56/88K
60/88K
64/88K
68/88K
72/88K
76/88K
80/88K
84/88K
88/88K
88/88K
88K uploaded  (ij-ui-swing-updater-2.0.0-beta3.jar)
[INFO] Uploading project information for ij-ui-swing-updater 2.0.0-beta3
Jul 13, 2012 11:29:20 AM org.apache.commons.httpclient.auth.AuthChallengeProcessor selectAuthScheme
INFO: basic authentication scheme selected
[INFO] Retrieving previous metadata from imagej.releases
[INFO] Uploading repository metadata for: 'artifact net.imagej:ij-ui-swing-updater'
Jul 13, 2012 11:29:20 AM org.apache.commons.httpclient.auth.AuthChallengeProcessor selectAuthScheme
INFO: basic authentication scheme selected
[INFO] ------------------------------------------------------------------------
[INFO] Building ImageJ Application
[INFO]    task-segment: [clean, deploy]
[INFO] ------------------------------------------------------------------------
[INFO] [clean:clean {execution: default-clean}]
[INFO] Deleting /data/devel/jenkins/jobs/ImageJ/workspace/app/target
[INFO] [buildnumber:create {execution: default}]
[debug] execute contextualize
[INFO] [resources:resources {execution: default-resources}]
[INFO] Using 'UTF-8' encoding to copy filtered resources.
[INFO] skip non existing resourceDirectory /data/devel/jenkins/jobs/ImageJ/workspace/app/src/main/resources
[INFO] [compiler:compile {execution: default-compile}]
[INFO] Compiling 1 source file to /data/devel/jenkins/jobs/ImageJ/workspace/app/target/classes
[debug] execute contextualize
[INFO] [resources:testResources {execution: default-testResources}]
[INFO] Using 'UTF-8' encoding to copy filtered resources.
[INFO] skip non existing resourceDirectory /data/devel/jenkins/jobs/ImageJ/workspace/app/src/test/resources
[INFO] [compiler:testCompile {execution: default-testCompile}]
[INFO] Compiling 2 source files to /data/devel/jenkins/jobs/ImageJ/workspace/app/target/test-classes
[INFO] [surefire:test {execution: default-test}]
[INFO] Surefire report directory: /data/devel/jenkins/jobs/ImageJ/workspace/app/target/surefire-reports

-------------------------------------------------------
 T E S T S
-------------------------------------------------------

Results :

Tests run: 0, Failures: 0, Errors: 0, Skipped: 0

[INFO] [dependency:copy {execution: copy}]
[INFO] Configured Artifact: net.imagej:ij-launcher:2.0.0-beta3:nar
Downloading: <A HREF="http://maven.imagej.net/content/repositories/releases/net/imagej/ij-launcher/2.0.0-beta3/ij-launcher-2.0.0-beta3.nar">http://maven.imagej.net/content/repositories/releases/net/imagej/ij-launcher/2.0.0-beta3/ij-launcher-2.0.0-beta3.nar</A>
[INFO] Unable to find resource 'net.imagej:ij-launcher:nar:2.0.0-beta3' in repository imagej.releases (<A HREF="http://maven.imagej.net/content/repositories/releases">http://maven.imagej.net/content/repositories/releases</A>)
Downloading: <A HREF="http://maven.imagej.net/content/repositories/snapshots/net/imagej/ij-launcher/2.0.0-beta3/ij-launcher-2.0.0-beta3.nar">http://maven.imagej.net/content/repositories/snapshots/net/imagej/ij-launcher/2.0.0-beta3/ij-launcher-2.0.0-beta3.nar</A>
[INFO] Unable to find resource 'net.imagej:ij-launcher:nar:2.0.0-beta3' in repository imagej.snapshots (<A HREF="http://maven.imagej.net/content/repositories/snapshots">http://maven.imagej.net/content/repositories/snapshots</A>)
Downloading: <A HREF="http://dev.loci.wisc.edu/maven2/releases/net/imagej/ij-launcher/2.0.0-beta3/ij-launcher-2.0.0-beta3.nar">http://dev.loci.wisc.edu/maven2/releases/net/imagej/ij-launcher/2.0.0-beta3/ij-launcher-2.0.0-beta3.nar</A>
[INFO] Unable to find resource 'net.imagej:ij-launcher:nar:2.0.0-beta3' in repository loci.releases (<A HREF="http://dev.loci.wisc.edu/maven2/releases">http://dev.loci.wisc.edu/maven2/releases</A>)
Downloading: <A HREF="http://dev.loci.wisc.edu/maven2/snapshots/net/imagej/ij-launcher/2.0.0-beta3/ij-launcher-2.0.0-beta3.nar">http://dev.loci.wisc.edu/maven2/snapshots/net/imagej/ij-launcher/2.0.0-beta3/ij-launcher-2.0.0-beta3.nar</A>
[INFO] Unable to find resource 'net.imagej:ij-launcher:nar:2.0.0-beta3' in repository loci.snapshots (<A HREF="http://dev.loci.wisc.edu/maven2/snapshots">http://dev.loci.wisc.edu/maven2/snapshots</A>)
Downloading: <A HREF="http://maven.imagej.net/content/repositories/thirdparty/net/imagej/ij-launcher/2.0.0-beta3/ij-launcher-2.0.0-beta3.nar">http://maven.imagej.net/content/repositories/thirdparty/net/imagej/ij-launcher/2.0.0-beta3/ij-launcher-2.0.0-beta3.nar</A>
[INFO] Unable to find resource 'net.imagej:ij-launcher:nar:2.0.0-beta3' in repository imagej.thirdparty (<A HREF="http://maven.imagej.net/content/repositories/thirdparty">http://maven.imagej.net/content/repositories/thirdparty</A>)
Downloading: <A HREF="http://download.java.net/maven/2/net/imagej/ij-launcher/2.0.0-beta3/ij-launcher-2.0.0-beta3.nar">http://download.java.net/maven/2/net/imagej/ij-launcher/2.0.0-beta3/ij-launcher-2.0.0-beta3.nar</A>
[INFO] Unable to find resource 'net.imagej:ij-launcher:nar:2.0.0-beta3' in repository java.net (<A HREF="http://download.java.net/maven/2">http://download.java.net/maven/2</A>)
Downloading: <A HREF="http://repo1.maven.org/maven2/net/imagej/ij-launcher/2.0.0-beta3/ij-launcher-2.0.0-beta3.nar">http://repo1.maven.org/maven2/net/imagej/ij-launcher/2.0.0-beta3/ij-launcher-2.0.0-beta3.nar</A>
[INFO] Unable to find resource 'net.imagej:ij-launcher:nar:2.0.0-beta3' in repository central (<A HREF="http://repo1.maven.org/maven2">http://repo1.maven.org/maven2</A>)
[INFO] ------------------------------------------------------------------------
[ERROR] BUILD ERROR
[INFO] ------------------------------------------------------------------------
[INFO] Unable to find artifact.

Embedded error: Unable to download the artifact from any repository

Try downloading the file manually from the project website.

Then, install it using the command: 
    mvn install:install-file -DgroupId=net.imagej -DartifactId=ij-launcher -Dversion=2.0.0-beta3 -Dpackaging=nar -Dfile=/path/to/file

Alternatively, if you host your own repository you can deploy the file there: 
    mvn deploy:deploy-file -DgroupId=net.imagej -DartifactId=ij-launcher -Dversion=2.0.0-beta3 -Dpackaging=nar -Dfile=/path/to/file -Durl=[url] -DrepositoryId=[id]


  net.imagej:ij-launcher:nar:2.0.0-beta3

from the specified remote repositories:
  imagej.releases (<A HREF="http://maven.imagej.net/content/repositories/releases">http://maven.imagej.net/content/repositories/releases</A>),
  central (<A HREF="http://repo1.maven.org/maven2">http://repo1.maven.org/maven2</A>),
  loci.releases (<A HREF="http://dev.loci.wisc.edu/maven2/releases">http://dev.loci.wisc.edu/maven2/releases</A>),
  imagej.snapshots (<A HREF="http://maven.imagej.net/content/repositories/snapshots">http://maven.imagej.net/content/repositories/snapshots</A>),
  java.net (<A HREF="http://download.java.net/maven/2">http://download.java.net/maven/2</A>),
  loci.snapshots (<A HREF="http://dev.loci.wisc.edu/maven2/snapshots">http://dev.loci.wisc.edu/maven2/snapshots</A>),
  imagej.thirdparty (<A HREF="http://maven.imagej.net/content/repositories/thirdparty">http://maven.imagej.net/content/repositories/thirdparty</A>)


[INFO] ------------------------------------------------------------------------
[INFO] For more information, run Maven with the -e switch
[INFO] ------------------------------------------------------------------------
[INFO] Total time: 1 minute 13 seconds
[INFO] Finished at: Fri Jul 13 11:29:23 CDT 2012
[INFO] Final Memory: 140M/1749M
[INFO] ------------------------------------------------------------------------
Build step 'Invoke top-level Maven targets' marked build as failure
Archiving artifacts
Performance: No threshold configured for making the test unstable
Performance: No threshold configured for making the test failure
Performance: Recording JUnit reports '**/TEST-*.xml'
Performance: Parsing JUnit report file TEST-imagej.ext.display.DisplayTest.xml
Performance: Parsing JUnit report file TEST-imagej.ext.menu.ShadowMenuTest.xml
Performance: Parsing JUnit report file TEST-imagej.object.ObjectIndexTest.xml
Performance: Parsing JUnit report file TEST-imagej.util.CheckSezpozTest.xml
Performance: Parsing JUnit report file TEST-imagej.util.ColorRGBTest.xml
Performance: Parsing JUnit report file TEST-imagej.util.FileUtilsTest.xml
Performance: Parsing JUnit report file TEST-imagej.util.PrefsTest.xml
Performance: Parsing JUnit report file TEST-imagej.util.UnitUtilsTest.xml
Performance: Parsing JUnit report file TEST-imagej.data.ExtentsTest.xml
Performance: Parsing JUnit report file TEST-imagej.ext.display.DisplayTest.xml
Performance: Parsing JUnit report file TEST-imagej.ext.menu.ShadowMenuTest.xml
Performance: Parsing JUnit report file TEST-imagej.legacy.LegacyImageMapTest.xml
Performance: Parsing JUnit report file TEST-imagej.legacy.OverlayHarmonizerTest.xml
Performance: Parsing JUnit report file TEST-imagej.legacy.translate.LegacyUtilsTest.xml
Performance: Parsing JUnit report file TEST-imagej.updater.core.UpdaterTest.xml
Performance: Parsing JUnit report file TEST-imagej.updater.UpdaterGUITest.xml
Performance: Parsing JUnit report file TEST-imagej.updater.UpdaterGUITest.xml
Performance: File TEST-imagej.ext.display.DisplayTest.xml reported 0.0% of errors [SUCCESS]. Build status is: FAILURE
Performance: File TEST-imagej.ext.menu.ShadowMenuTest.xml reported 0.0% of errors [SUCCESS]. Build status is: FAILURE
Performance: File TEST-imagej.object.ObjectIndexTest.xml reported 0.0% of errors [SUCCESS]. Build status is: FAILURE
Performance: File TEST-imagej.util.CheckSezpozTest.xml reported 0.0% of errors [SUCCESS]. Build status is: FAILURE
Performance: File TEST-imagej.util.ColorRGBTest.xml reported 0.0% of errors [SUCCESS]. Build status is: FAILURE
Performance: File TEST-imagej.util.FileUtilsTest.xml reported 0.0% of errors [SUCCESS]. Build status is: FAILURE
Performance: File TEST-imagej.util.PrefsTest.xml reported 0.0% of errors [SUCCESS]. Build status is: FAILURE
Performance: File TEST-imagej.util.UnitUtilsTest.xml reported 0.0% of errors [SUCCESS]. Build status is: FAILURE
Performance: File TEST-imagej.data.ExtentsTest.xml reported 0.0% of errors [SUCCESS]. Build status is: FAILURE
Performance: File TEST-imagej.ext.display.DisplayTest.xml reported 0.0% of errors [SUCCESS]. Build status is: FAILURE
Performance: File TEST-imagej.ext.menu.ShadowMenuTest.xml reported 0.0% of errors [SUCCESS]. Build status is: FAILURE
Performance: File TEST-imagej.legacy.LegacyImageMapTest.xml reported 0.0% of errors [SUCCESS]. Build status is: FAILURE
Performance: File TEST-imagej.legacy.OverlayHarmonizerTest.xml reported 0.0% of errors [SUCCESS]. Build status is: FAILURE
Performance: File TEST-imagej.legacy.translate.LegacyUtilsTest.xml reported 0.0% of errors [SUCCESS]. Build status is: FAILURE
Performance: File TEST-imagej.updater.core.UpdaterTest.xml reported 0.0% of errors [SUCCESS]. Build status is: FAILURE
Performance: File TEST-imagej.updater.UpdaterGUITest.xml reported 0.0% of errors [SUCCESS]. Build status is: FAILURE
Performance: File TEST-imagej.updater.UpdaterGUITest.xml reported 0.0% of errors [SUCCESS]. Build status is: FAILURE

</PRE>



<!--endarticle-->
    <HR>
    <P><UL>
        <!--threads-->
	<LI>Previous message: <A HREF="000253.html">[ImageJ-builds] Jenkins build is back to normal : fiji-windows-full	#98
</A></li>
	<LI>Next message: <A HREF="000254.html">[ImageJ-builds] Build failed in Jenkins: ImageJ1-unit-tests #43
</A></li>
         <LI> <B>Messages sorted by:</B> 
              <a href="date.html#252">[ date ]</a>
              <a href="thread.html#252">[ thread ]</a>
              <a href="subject.html#252">[ subject ]</a>
              <a href="author.html#252">[ author ]</a>
         </LI>
       </UL>

<hr>
<a href="http://imagej.net/mailman/listinfo/imagej-builds">More information about the ImageJ-builds
mailing list</a><br>
</body></html>
