<!DOCTYPE HTML PUBLIC "-//W3C//DTD HTML 4.01 Transitional//EN">
<HTML>
 <HEAD>
   <TITLE> [ImageJ-builds] Build failed in Jenkins: ImageJ #3443
   </TITLE>
   <LINK REL="Index" HREF="index.html" >
   <LINK REL="made" HREF="mailto:imagej-builds%40imagej.net?Subject=Re%3A%20%5BImageJ-builds%5D%20Build%20failed%20in%20Jenkins%3A%20ImageJ%20%233443&In-Reply-To=%3C388690501.68.1343681826969.JavaMail.jenkins%40dev%3E">
   <META NAME="robots" CONTENT="index,nofollow">
   <style type="text/css">
       pre {
           white-space: pre-wrap;       /* css-2.1, curent FF, Opera, Safari */
           }
   </style>
   <META http-equiv="Content-Type" content="text/html; charset=us-ascii">
   <LINK REL="Previous"  HREF="000318.html">
   <LINK REL="Next"  HREF="000327.html">
 </HEAD>
 <BODY BGCOLOR="#ffffff">
   <H1>[ImageJ-builds] Build failed in Jenkins: ImageJ #3443</H1>
    <B>jenkins at imagej.net</B> 
    <A HREF="mailto:imagej-builds%40imagej.net?Subject=Re%3A%20%5BImageJ-builds%5D%20Build%20failed%20in%20Jenkins%3A%20ImageJ%20%233443&In-Reply-To=%3C388690501.68.1343681826969.JavaMail.jenkins%40dev%3E"
       TITLE="[ImageJ-builds] Build failed in Jenkins: ImageJ #3443">jenkins at imagej.net
       </A><BR>
    <I>Mon Jul 30 15:57:06 CDT 2012</I>
    <P><UL>
        <LI>Previous message: <A HREF="000318.html">[ImageJ-builds] Jenkins build is back to normal :	ImageJ-launcher-deploy #370
</A></li>
        <LI>Next message: <A HREF="000327.html">[ImageJ-builds] Jenkins build is back to normal : ImageJ #3444
</A></li>
         <LI> <B>Messages sorted by:</B> 
              <a href="date.html#326">[ date ]</a>
              <a href="thread.html#326">[ thread ]</a>
              <a href="subject.html#326">[ subject ]</a>
              <a href="author.html#326">[ author ]</a>
         </LI>
       </UL>
    <HR>  
<!--beginarticle-->
<PRE>See &lt;<A HREF="http://jenkins.imagej.net/job/ImageJ/3443/changes">http://jenkins.imagej.net/job/ImageJ/3443/changes</A>&gt;

Changes:

[Barry DeZonia] Make Display/ImagePlus name harmonization follow existing designs

------------------------------------------
[...truncated 1842 lines...]
[INFO] [buildnumber:create {execution: default}]
[INFO] [source:jar {execution: default}]
[INFO] [install:install {execution: default-install}]
[INFO] Installing /data/devel/jenkins/jobs/ImageJ/workspace/ui/pom.xml to /var/lib/jenkins/.m2/repository/net/imagej/pom-ij-ui/2.0.0-SNAPSHOT/pom-ij-ui-2.0.0-SNAPSHOT.pom
[INFO] [deploy:deploy {execution: default-deploy}]
[INFO] Retrieving previous build number from imagej.snapshots
Uploading: <A HREF="http://maven.imagej.net/content/repositories/snapshots/net/imagej/pom-ij-ui/2.0.0-SNAPSHOT/pom-ij-ui-2.0.0-20120730.205622-591.pom">http://maven.imagej.net/content/repositories/snapshots/net/imagej/pom-ij-ui/2.0.0-SNAPSHOT/pom-ij-ui-2.0.0-20120730.205622-591.pom</A>
Jul 30, 2012 3:57:01 PM org.apache.commons.httpclient.auth.AuthChallengeProcessor selectAuthScheme
INFO: basic authentication scheme selected
2/2K
2K uploaded  (pom-ij-ui-2.0.0-20120730.205622-591.pom)
[INFO] Retrieving previous metadata from imagej.snapshots
[INFO] Uploading repository metadata for: 'artifact net.imagej:pom-ij-ui'
Jul 30, 2012 3:57:01 PM org.apache.commons.httpclient.auth.AuthChallengeProcessor selectAuthScheme
INFO: basic authentication scheme selected
[INFO] Retrieving previous metadata from imagej.snapshots
[INFO] Uploading repository metadata for: 'snapshot net.imagej:pom-ij-ui:2.0.0-SNAPSHOT'
Jul 30, 2012 3:57:02 PM org.apache.commons.httpclient.auth.AuthChallengeProcessor selectAuthScheme
INFO: basic authentication scheme selected
[INFO] ------------------------------------------------------------------------
[INFO] Building ImageJ POM: AWT and Swing UIs
[INFO]    task-segment: [clean, deploy]
[INFO] ------------------------------------------------------------------------
[INFO] [clean:clean {execution: default-clean}]
[INFO] [buildnumber:create {execution: default}]
[INFO] [site:attach-descriptor {execution: default-attach-descriptor}]
[INFO] Preparing source:jar
[WARNING] Removing: jar from forked lifecycle, to prevent recursive invocation.
[INFO] [buildnumber:create {execution: default}]
[INFO] [source:jar {execution: default}]
[INFO] [install:install {execution: default-install}]
[INFO] Installing /data/devel/jenkins/jobs/ImageJ/workspace/ui/awt-swing/pom.xml to /var/lib/jenkins/.m2/repository/net/imagej/pom-ij-ui-awt-swing/2.0.0-SNAPSHOT/pom-ij-ui-awt-swing-2.0.0-SNAPSHOT.pom
[INFO] [deploy:deploy {execution: default-deploy}]
[INFO] Retrieving previous build number from imagej.snapshots
Uploading: <A HREF="http://maven.imagej.net/content/repositories/snapshots/net/imagej/pom-ij-ui-awt-swing/2.0.0-SNAPSHOT/pom-ij-ui-awt-swing-2.0.0-20120730.205622-591.pom">http://maven.imagej.net/content/repositories/snapshots/net/imagej/pom-ij-ui-awt-swing/2.0.0-SNAPSHOT/pom-ij-ui-awt-swing-2.0.0-20120730.205622-591.pom</A>
Jul 30, 2012 3:57:02 PM org.apache.commons.httpclient.auth.AuthChallengeProcessor selectAuthScheme
INFO: basic authentication scheme selected
1/1K
1K uploaded  (pom-ij-ui-awt-swing-2.0.0-20120730.205622-591.pom)
[INFO] Retrieving previous metadata from imagej.snapshots
[INFO] Uploading repository metadata for: 'snapshot net.imagej:pom-ij-ui-awt-swing:2.0.0-SNAPSHOT'
Jul 30, 2012 3:57:02 PM org.apache.commons.httpclient.auth.AuthChallengeProcessor selectAuthScheme
INFO: basic authentication scheme selected
[INFO] Retrieving previous metadata from imagej.snapshots
[INFO] Uploading repository metadata for: 'artifact net.imagej:pom-ij-ui-awt-swing'
Jul 30, 2012 3:57:02 PM org.apache.commons.httpclient.auth.AuthChallengeProcessor selectAuthScheme
INFO: basic authentication scheme selected
[INFO] ------------------------------------------------------------------------
[INFO] Building ImageJ Utility Classes: AWT
[INFO]    task-segment: [clean, deploy]
[INFO] ------------------------------------------------------------------------
[INFO] [clean:clean {execution: default-clean}]
[INFO] Deleting /data/devel/jenkins/jobs/ImageJ/workspace/ui/awt-swing/util/target
[INFO] [buildnumber:create {execution: default}]
[debug] execute contextualize
[INFO] [resources:resources {execution: default-resources}]
[INFO] Using 'UTF-8' encoding to copy filtered resources.
[INFO] skip non existing resourceDirectory /data/devel/jenkins/jobs/ImageJ/workspace/ui/awt-swing/util/src/main/resources
[INFO] [compiler:compile {execution: default-compile}]
[INFO] Compiling 3 source files to /data/devel/jenkins/jobs/ImageJ/workspace/ui/awt-swing/util/target/classes
[debug] execute contextualize
[INFO] [resources:testResources {execution: default-testResources}]
[INFO] Using 'UTF-8' encoding to copy filtered resources.
[INFO] skip non existing resourceDirectory /data/devel/jenkins/jobs/ImageJ/workspace/ui/awt-swing/util/src/test/resources
[INFO] [compiler:testCompile {execution: default-testCompile}]
[INFO] No sources to compile
[INFO] [surefire:test {execution: default-test}]
[INFO] No tests to run.
[INFO] Surefire report directory: /data/devel/jenkins/jobs/ImageJ/workspace/ui/awt-swing/util/target/surefire-reports

-------------------------------------------------------
 T E S T S
-------------------------------------------------------

Results :

Tests run: 0, Failures: 0, Errors: 0, Skipped: 0

[INFO] [jar:jar {execution: default-jar}]
[INFO] Building jar: /data/devel/jenkins/jobs/ImageJ/workspace/ui/awt-swing/util/target/ij-util-awt-2.0.0-SNAPSHOT.jar
[INFO] Preparing source:jar
[WARNING] Removing: jar from forked lifecycle, to prevent recursive invocation.
[INFO] [buildnumber:create {execution: default}]
[INFO] [source:jar {execution: default}]
[INFO] Building jar: /data/devel/jenkins/jobs/ImageJ/workspace/ui/awt-swing/util/target/ij-util-awt-2.0.0-SNAPSHOT-sources.jar
[INFO] [install:install {execution: default-install}]
[INFO] Installing /data/devel/jenkins/jobs/ImageJ/workspace/ui/awt-swing/util/target/ij-util-awt-2.0.0-SNAPSHOT.jar to /var/lib/jenkins/.m2/repository/net/imagej/ij-util-awt/2.0.0-SNAPSHOT/ij-util-awt-2.0.0-SNAPSHOT.jar
[INFO] Installing /data/devel/jenkins/jobs/ImageJ/workspace/ui/awt-swing/util/target/ij-util-awt-2.0.0-SNAPSHOT-sources.jar to /var/lib/jenkins/.m2/repository/net/imagej/ij-util-awt/2.0.0-SNAPSHOT/ij-util-awt-2.0.0-SNAPSHOT-sources.jar
[INFO] [deploy:deploy {execution: default-deploy}]
[INFO] Retrieving previous build number from imagej.snapshots
Uploading: <A HREF="http://maven.imagej.net/content/repositories/snapshots/net/imagej/ij-util-awt/2.0.0-SNAPSHOT/ij-util-awt-2.0.0-20120730.205622-591.jar">http://maven.imagej.net/content/repositories/snapshots/net/imagej/ij-util-awt/2.0.0-SNAPSHOT/ij-util-awt-2.0.0-20120730.205622-591.jar</A>
Jul 30, 2012 3:57:03 PM org.apache.commons.httpclient.auth.AuthChallengeProcessor selectAuthScheme
INFO: basic authentication scheme selected
4/5K
5/5K
5K uploaded  (ij-util-awt-2.0.0-20120730.205622-591.jar)
[INFO] Uploading project information for ij-util-awt 2.0.0-20120730.205622-591
Jul 30, 2012 3:57:03 PM org.apache.commons.httpclient.auth.AuthChallengeProcessor selectAuthScheme
INFO: basic authentication scheme selected
[INFO] Retrieving previous metadata from imagej.snapshots
[INFO] Uploading repository metadata for: 'artifact net.imagej:ij-util-awt'
Jul 30, 2012 3:57:04 PM org.apache.commons.httpclient.auth.AuthChallengeProcessor selectAuthScheme
INFO: basic authentication scheme selected
[INFO] Retrieving previous metadata from imagej.snapshots
[INFO] Uploading repository metadata for: 'snapshot net.imagej:ij-util-awt:2.0.0-SNAPSHOT'
Jul 30, 2012 3:57:04 PM org.apache.commons.httpclient.auth.AuthChallengeProcessor selectAuthScheme
INFO: basic authentication scheme selected
[INFO] Retrieving previous build number from imagej.snapshots
Uploading: <A HREF="http://maven.imagej.net/content/repositories/snapshots/net/imagej/ij-util-awt/2.0.0-SNAPSHOT/ij-util-awt-2.0.0-20120730.205622-591-sources.jar">http://maven.imagej.net/content/repositories/snapshots/net/imagej/ij-util-awt/2.0.0-SNAPSHOT/ij-util-awt-2.0.0-20120730.205622-591-sources.jar</A>
Jul 30, 2012 3:57:04 PM org.apache.commons.httpclient.auth.AuthChallengeProcessor selectAuthScheme
INFO: basic authentication scheme selected
4/5K
5/5K
5K uploaded  (ij-util-awt-2.0.0-20120730.205622-591-sources.jar)
[INFO] ------------------------------------------------------------------------
[INFO] Building ImageJ Legacy Bridge
[INFO]    task-segment: [clean, deploy]
[INFO] ------------------------------------------------------------------------
[INFO] [clean:clean {execution: default-clean}]
[INFO] Deleting /data/devel/jenkins/jobs/ImageJ/workspace/core/legacy/target
[INFO] [buildnumber:create {execution: default}]
[debug] execute contextualize
[INFO] [resources:resources {execution: default-resources}]
[INFO] Using 'UTF-8' encoding to copy filtered resources.
[INFO] Copying 2 resources
[INFO] artifact net.imagej:ij: checking for updates from imagej.releases
[INFO] artifact net.imagej:ij: checking for updates from imagej.snapshots
[INFO] artifact net.imagej:ij: checking for updates from loci.releases
[INFO] artifact net.imagej:ij: checking for updates from loci.snapshots
[INFO] artifact net.imagej:ij: checking for updates from imagej.thirdparty
[INFO] artifact net.imagej:ij: checking for updates from java.net
[INFO] artifact net.imagej:ij: checking for updates from central
[INFO] [compiler:compile {execution: default-compile}]
[INFO] Compiling 35 source files to /data/devel/jenkins/jobs/ImageJ/workspace/core/legacy/target/classes
[INFO] -------------------------------------------------------------
[ERROR] COMPILATION ERROR : 
[INFO] -------------------------------------------------------------
[ERROR] /data/devel/jenkins/jobs/ImageJ/workspace/core/legacy/src/main/java/imagej/legacy/translate/GrayDisplayCreator.java:[67,15] cannot find symbol
symbol  : class OverlayHarmonizer
location: class imagej.legacy.translate.GrayDisplayCreator
[ERROR] /data/devel/jenkins/jobs/ImageJ/workspace/core/legacy/src/main/java/imagej/legacy/translate/Harmonizer.java:[77,15] cannot find symbol
symbol  : class OverlayHarmonizer
location: class imagej.legacy.translate.Harmonizer
[ERROR] /data/devel/jenkins/jobs/ImageJ/workspace/core/legacy/src/main/java/imagej/legacy/translate/ColorDisplayCreator.java:[61,15] cannot find symbol
symbol  : class OverlayHarmonizer
location: class imagej.legacy.translate.ColorDisplayCreator
[ERROR] /data/devel/jenkins/jobs/ImageJ/workspace/core/legacy/src/main/java/imagej/legacy/translate/GrayDisplayCreator.java:[67,15] cannot find symbol
symbol  : class OverlayHarmonizer
location: class imagej.legacy.translate.GrayDisplayCreator
[ERROR] /data/devel/jenkins/jobs/ImageJ/workspace/core/legacy/src/main/java/imagej/legacy/translate/Harmonizer.java:[77,15] cannot find symbol
symbol  : class OverlayHarmonizer
location: class imagej.legacy.translate.Harmonizer
[ERROR] /data/devel/jenkins/jobs/ImageJ/workspace/core/legacy/src/main/java/imagej/legacy/translate/ColorDisplayCreator.java:[61,15] cannot find symbol
symbol  : class OverlayHarmonizer
location: class imagej.legacy.translate.ColorDisplayCreator
[ERROR] /data/devel/jenkins/jobs/ImageJ/workspace/core/legacy/src/main/java/imagej/legacy/translate/GrayDisplayCreator.java:[84,26] cannot find symbol
symbol  : class OverlayHarmonizer
location: class imagej.legacy.translate.GrayDisplayCreator
[ERROR] /data/devel/jenkins/jobs/ImageJ/workspace/core/legacy/src/main/java/imagej/legacy/translate/Harmonizer.java:[93,26] cannot find symbol
symbol  : class OverlayHarmonizer
location: class imagej.legacy.translate.Harmonizer
[ERROR] /data/devel/jenkins/jobs/ImageJ/workspace/core/legacy/src/main/java/imagej/legacy/translate/ColorDisplayCreator.java:[77,26] cannot find symbol
symbol  : class OverlayHarmonizer
location: class imagej.legacy.translate.ColorDisplayCreator
[INFO] 9 errors 
[INFO] -------------------------------------------------------------
[INFO] ------------------------------------------------------------------------
[ERROR] BUILD FAILURE
[INFO] ------------------------------------------------------------------------
[INFO] Compilation failure

/data/devel/jenkins/jobs/ImageJ/workspace/core/legacy/src/main/java/imagej/legacy/translate/GrayDisplayCreator.java:[67,15] cannot find symbol
symbol  : class OverlayHarmonizer
location: class imagej.legacy.translate.GrayDisplayCreator
/data/devel/jenkins/jobs/ImageJ/workspace/core/legacy/src/main/java/imagej/legacy/translate/Harmonizer.java:[77,15] cannot find symbol
symbol  : class OverlayHarmonizer
location: class imagej.legacy.translate.Harmonizer
/data/devel/jenkins/jobs/ImageJ/workspace/core/legacy/src/main/java/imagej/legacy/translate/ColorDisplayCreator.java:[61,15] cannot find symbol
symbol  : class OverlayHarmonizer
location: class imagej.legacy.translate.ColorDisplayCreator
/data/devel/jenkins/jobs/ImageJ/workspace/core/legacy/src/main/java/imagej/legacy/translate/GrayDisplayCreator.java:[67,15] cannot find symbol
symbol  : class OverlayHarmonizer
location: class imagej.legacy.translate.GrayDisplayCreator
/data/devel/jenkins/jobs/ImageJ/workspace/core/legacy/src/main/java/imagej/legacy/translate/Harmonizer.java:[77,15] cannot find symbol
symbol  : class OverlayHarmonizer
location: class imagej.legacy.translate.Harmonizer
/data/devel/jenkins/jobs/ImageJ/workspace/core/legacy/src/main/java/imagej/legacy/translate/ColorDisplayCreator.java:[61,15] cannot find symbol
symbol  : class OverlayHarmonizer
location: class imagej.legacy.translate.ColorDisplayCreator
/data/devel/jenkins/jobs/ImageJ/workspace/core/legacy/src/main/java/imagej/legacy/translate/GrayDisplayCreator.java:[84,26] cannot find symbol
symbol  : class OverlayHarmonizer
location: class imagej.legacy.translate.GrayDisplayCreator
/data/devel/jenkins/jobs/ImageJ/workspace/core/legacy/src/main/java/imagej/legacy/translate/Harmonizer.java:[93,26] cannot find symbol
symbol  : class OverlayHarmonizer
location: class imagej.legacy.translate.Harmonizer
/data/devel/jenkins/jobs/ImageJ/workspace/core/legacy/src/main/java/imagej/legacy/translate/ColorDisplayCreator.java:[77,26] cannot find symbol
symbol  : class OverlayHarmonizer
location: class imagej.legacy.translate.ColorDisplayCreator

[INFO] ------------------------------------------------------------------------
[INFO] For more information, run Maven with the -e switch
[INFO] ------------------------------------------------------------------------
[INFO] Total time: 50 seconds
[INFO] Finished at: Mon Jul 30 15:57:05 CDT 2012
[INFO] Final Memory: 72M/1395M
[INFO] ------------------------------------------------------------------------
Build step 'Invoke top-level Maven targets' marked build as failure
Archiving artifacts
Performance: No threshold configured for making the test unstable
Performance: No threshold configured for making the test failure
Performance: Recording JUnit reports '**/TEST-*.xml'
Performance: Parsing JUnit report file TEST-imagej.ext.display.DisplayTest.xml
Performance: Parsing JUnit report file TEST-imagej.ext.menu.ShadowMenuTest.xml
Performance: Parsing JUnit report file TEST-imagej.object.ObjectIndexTest.xml
Performance: Parsing JUnit report file TEST-imagej.util.CheckSezpozTest.xml
Performance: Parsing JUnit report file TEST-imagej.util.ColorRGBTest.xml
Performance: Parsing JUnit report file TEST-imagej.util.FileUtilsTest.xml
Performance: Parsing JUnit report file TEST-imagej.util.PrefsTest.xml
Performance: Parsing JUnit report file TEST-imagej.util.UnitUtilsTest.xml
Performance: Parsing JUnit report file TEST-imagej.data.DatasetTest.xml
Performance: Parsing JUnit report file TEST-imagej.data.ExtentsTest.xml
Performance: Parsing JUnit report file TEST-imagej.data.PositionTest.xml
Performance: Parsing JUnit report file TEST-imagej.data.TestCursorSpeeds.xml
Performance: Parsing JUnit report file TEST-imagej.data.display.ImageCanvasTest.xml
Performance: Parsing JUnit report file TEST-imagej.data.overlay.TestBinaryMaskOverlay.xml
Performance: Parsing JUnit report file TEST-imagej.ext.display.DisplayTest.xml
Performance: Parsing JUnit report file TEST-imagej.ext.menu.ShadowMenuTest.xml
Performance: Parsing JUnit report file TEST-imagej.updater.core.UpdaterTest.xml
Performance: Parsing JUnit report file TEST-imagej.updater.UpdaterGUITest.xml
Performance: Parsing JUnit report file TEST-imagej.updater.core.UpdaterGUITest.xml
Performance: File TEST-imagej.ext.display.DisplayTest.xml reported 0.0% of errors [SUCCESS]. Build status is: FAILURE
Performance: File TEST-imagej.ext.menu.ShadowMenuTest.xml reported 0.0% of errors [SUCCESS]. Build status is: FAILURE
Performance: File TEST-imagej.object.ObjectIndexTest.xml reported 0.0% of errors [SUCCESS]. Build status is: FAILURE
Performance: File TEST-imagej.util.CheckSezpozTest.xml reported 0.0% of errors [SUCCESS]. Build status is: FAILURE
Performance: File TEST-imagej.util.ColorRGBTest.xml reported 0.0% of errors [SUCCESS]. Build status is: FAILURE
Performance: File TEST-imagej.util.FileUtilsTest.xml reported 0.0% of errors [SUCCESS]. Build status is: FAILURE
Performance: File TEST-imagej.util.PrefsTest.xml reported 0.0% of errors [SUCCESS]. Build status is: FAILURE
Performance: File TEST-imagej.util.UnitUtilsTest.xml reported 0.0% of errors [SUCCESS]. Build status is: FAILURE
Performance: File TEST-imagej.data.DatasetTest.xml reported 0.0% of errors [SUCCESS]. Build status is: FAILURE
Performance: File TEST-imagej.data.ExtentsTest.xml reported 0.0% of errors [SUCCESS]. Build status is: FAILURE
Performance: File TEST-imagej.data.PositionTest.xml reported 0.0% of errors [SUCCESS]. Build status is: FAILURE
Performance: File TEST-imagej.data.TestCursorSpeeds.xml reported 0.0% of errors [SUCCESS]. Build status is: FAILURE
Performance: File TEST-imagej.data.display.ImageCanvasTest.xml reported 0.0% of errors [SUCCESS]. Build status is: FAILURE
Performance: File TEST-imagej.data.overlay.TestBinaryMaskOverlay.xml reported 0.0% of errors [SUCCESS]. Build status is: FAILURE
Performance: File TEST-imagej.ext.display.DisplayTest.xml reported 0.0% of errors [SUCCESS]. Build status is: FAILURE
Performance: File TEST-imagej.ext.menu.ShadowMenuTest.xml reported 0.0% of errors [SUCCESS]. Build status is: FAILURE
Performance: File TEST-imagej.updater.core.UpdaterTest.xml reported 0.0% of errors [SUCCESS]. Build status is: FAILURE
Performance: File TEST-imagej.updater.UpdaterGUITest.xml reported 0.0% of errors [SUCCESS]. Build status is: FAILURE
Performance: File TEST-imagej.updater.core.UpdaterGUITest.xml reported 0.0% of errors [SUCCESS]. Build status is: FAILURE

</PRE>





<!--endarticle-->
    <HR>
    <P><UL>
        <!--threads-->
	<LI>Previous message: <A HREF="000318.html">[ImageJ-builds] Jenkins build is back to normal :	ImageJ-launcher-deploy #370
</A></li>
	<LI>Next message: <A HREF="000327.html">[ImageJ-builds] Jenkins build is back to normal : ImageJ #3444
</A></li>
         <LI> <B>Messages sorted by:</B> 
              <a href="date.html#326">[ date ]</a>
              <a href="thread.html#326">[ thread ]</a>
              <a href="subject.html#326">[ subject ]</a>
              <a href="author.html#326">[ author ]</a>
         </LI>
       </UL>

<hr>
<a href="http://imagej.net/mailman/listinfo/imagej-builds">More information about the ImageJ-builds
mailing list</a><br>
</body></html>
